
==========================================================================
detailed place report_tns
--------------------------------------------------------------------------
tns 0.00

==========================================================================
detailed place report_wns
--------------------------------------------------------------------------
wns 0.00

==========================================================================
detailed place report_worst_slack
--------------------------------------------------------------------------
worst slack 1.51

==========================================================================
detailed place report_checks -path_delay min
--------------------------------------------------------------------------
Startpoint: f_init_s1[5]$_SDFF_PN0_
            (rising edge-triggered flip-flop clocked by core_clock)
Endpoint: f_init_s2[5]$_SDFF_PN0_
          (rising edge-triggered flip-flop clocked by core_clock)
Path Group: core_clock
Path Type: min

Fanout     Cap    Slew   Delay    Time   Description
-----------------------------------------------------------------------------
                  0.00    0.00    0.00   clock core_clock (rise edge)
                          0.00    0.00   clock network delay (ideal)
                  0.00    0.00    0.00 ^ f_init_s1[5]$_SDFF_PN0_/CLK (sky130_fd_sc_hd__dfxtp_1)
     1    0.00    0.04    0.28    0.28 ^ f_init_s1[5]$_SDFF_PN0_/Q (sky130_fd_sc_hd__dfxtp_1)
                                         f_init_s1[5] (net)
                  0.04    0.00    0.28 ^ _3942_/B (sky130_fd_sc_hd__and2_0)
     1    0.00    0.05    0.10    0.38 ^ _3942_/X (sky130_fd_sc_hd__and2_0)
                                         _0028_ (net)
                  0.05    0.00    0.38 ^ f_init_s2[5]$_SDFF_PN0_/D (sky130_fd_sc_hd__dfxtp_1)
                                  0.38   data arrival time

                  0.00    0.00    0.00   clock core_clock (rise edge)
                          0.00    0.00   clock network delay (ideal)
                          0.00    0.00   clock reconvergence pessimism
                                  0.00 ^ f_init_s2[5]$_SDFF_PN0_/CLK (sky130_fd_sc_hd__dfxtp_1)
                         -0.04   -0.04   library hold time
                                 -0.04   data required time
-----------------------------------------------------------------------------
                                 -0.04   data required time
                                 -0.38   data arrival time
-----------------------------------------------------------------------------
                                  0.42   slack (MET)



==========================================================================
detailed place report_checks -path_delay max
--------------------------------------------------------------------------
Startpoint: y1_s1[0]$_SDFF_PN0_
            (rising edge-triggered flip-flop clocked by core_clock)
Endpoint: interp_s2[11]$_SDFF_PP0_
          (rising edge-triggered flip-flop clocked by core_clock)
Path Group: core_clock
Path Type: max

Fanout     Cap    Slew   Delay    Time   Description
-----------------------------------------------------------------------------
                  0.00    0.00    0.00   clock core_clock (rise edge)
                          0.00    0.00   clock network delay (ideal)
                  0.00    0.00    0.00 ^ y1_s1[0]$_SDFF_PN0_/CLK (sky130_fd_sc_hd__dfxtp_1)
     1    0.00    0.04    0.28    0.28 ^ y1_s1[0]$_SDFF_PN0_/Q (sky130_fd_sc_hd__dfxtp_1)
                                         y1_s1[0] (net)
                  0.04    0.00    0.28 ^ _3554_/A (sky130_fd_sc_hd__inv_1)
     1    0.00    0.03    0.04    0.33 v _3554_/Y (sky130_fd_sc_hd__inv_1)
                                         _2371_ (net)
                  0.03    0.00    0.33 v _4764_/B (sky130_fd_sc_hd__ha_1)
     2    0.01    0.07    0.20    0.53 v _4764_/COUT (sky130_fd_sc_hd__ha_1)
                                         _1267_ (net)
                  0.07    0.00    0.53 v _4492_/CIN (sky130_fd_sc_hd__fa_1)
     2    0.02    0.15    0.47    1.00 v _4492_/COUT (sky130_fd_sc_hd__fa_1)
                                         _1268_ (net)
                  0.15    0.00    1.00 v _2685_/A (sky130_fd_sc_hd__nor2b_1)
     1    0.01    0.13    0.17    1.17 ^ _2685_/Y (sky130_fd_sc_hd__nor2b_1)
                                         _0127_ (net)
                  0.13    0.00    1.17 ^ _2686_/A2 (sky130_fd_sc_hd__o21ai_2)
     2    0.01    0.07    0.09    1.27 v _2686_/Y (sky130_fd_sc_hd__o21ai_2)
                                         _0128_ (net)
                  0.07    0.00    1.27 v _2687_/A2 (sky130_fd_sc_hd__a21boi_4)
     2    0.02    0.16    0.20    1.47 ^ _2687_/Y (sky130_fd_sc_hd__a21boi_4)
                                         _0129_ (net)
                  0.16    0.00    1.47 ^ _2688_/A2 (sky130_fd_sc_hd__o21ai_2)
     2    0.01    0.08    0.10    1.57 v _2688_/Y (sky130_fd_sc_hd__o21ai_2)
                                         _0130_ (net)
                  0.08    0.00    1.57 v _2689_/A2 (sky130_fd_sc_hd__a21boi_4)
     3    0.02    0.17    0.22    1.79 ^ _2689_/Y (sky130_fd_sc_hd__a21boi_4)
                                         _0131_ (net)
                  0.17    0.00    1.79 ^ _2690_/A2 (sky130_fd_sc_hd__o2111ai_2)
     2    0.01    0.13    0.15    1.93 v _2690_/Y (sky130_fd_sc_hd__o2111ai_2)
                                         _0132_ (net)
                  0.13    0.00    1.93 v _2694_/A (sky130_fd_sc_hd__nand3_2)
     4    0.01    0.09    0.13    2.06 ^ _2694_/Y (sky130_fd_sc_hd__nand3_2)
                                         _0136_ (net)
                  0.09    0.00    2.06 ^ _2746_/A1 (sky130_fd_sc_hd__a2111oi_0)
     1    0.00    0.09    0.10    2.16 v _2746_/Y (sky130_fd_sc_hd__a2111oi_0)
                                         _0180_ (net)
                  0.09    0.00    2.16 v _2751_/B (sky130_fd_sc_hd__or3_1)
     1    0.00    0.07    0.35    2.51 v _2751_/X (sky130_fd_sc_hd__or3_1)
                                         _0185_ (net)
                  0.07    0.00    2.51 v _2752_/A (sky130_fd_sc_hd__buf_1)
     8    0.03    0.16    0.20    2.71 v _2752_/X (sky130_fd_sc_hd__buf_1)
                                         _0186_ (net)
                  0.16    0.00    2.71 v _2766_/B (sky130_fd_sc_hd__and2_0)
     1    0.01    0.07    0.22    2.94 v _2766_/X (sky130_fd_sc_hd__and2_0)
                                         _1087_ (net)
                  0.07    0.00    2.94 v _4448_/B (sky130_fd_sc_hd__fa_1)
     1    0.01    0.09    0.54    3.47 ^ _4448_/SUM (sky130_fd_sc_hd__fa_1)
                                         _1089_ (net)
                  0.09    0.00    3.47 ^ _4453_/CIN (sky130_fd_sc_hd__fa_1)
     1    0.01    0.09    0.44    3.91 v _4453_/SUM (sky130_fd_sc_hd__fa_1)
                                         _1109_ (net)
                  0.09    0.00    3.91 v _4458_/CIN (sky130_fd_sc_hd__fa_1)
     1    0.00    0.07    0.50    4.41 ^ _4458_/SUM (sky130_fd_sc_hd__fa_1)
                                         _1131_ (net)
                  0.07    0.00    4.41 ^ _3231_/A (sky130_fd_sc_hd__inv_1)
     1    0.01    0.03    0.05    4.46 v _3231_/Y (sky130_fd_sc_hd__inv_1)
                                         _1149_ (net)
                  0.03    0.00    4.46 v _4463_/CIN (sky130_fd_sc_hd__fa_1)
     1    0.00    0.06    0.47    4.93 ^ _4463_/SUM (sky130_fd_sc_hd__fa_1)
                                         _1151_ (net)
                  0.06    0.00    4.93 ^ _3543_/A (sky130_fd_sc_hd__inv_1)
     1    0.01    0.04    0.05    4.99 v _3543_/Y (sky130_fd_sc_hd__inv_1)
                                         _2341_ (net)
                  0.04    0.00    4.99 v _4755_/B (sky130_fd_sc_hd__ha_1)
     2    0.00    0.05    0.18    5.17 v _4755_/COUT (sky130_fd_sc_hd__ha_1)
                                         _2342_ (net)
                  0.05    0.00    5.17 v _3454_/A (sky130_fd_sc_hd__or3_4)
     2    0.01    0.07    0.39    5.55 v _3454_/X (sky130_fd_sc_hd__or3_4)
                                         _0281_ (net)
                  0.07    0.00    5.55 v _3569_/C (sky130_fd_sc_hd__or3_1)
     1    0.00    0.07    0.31    5.87 v _3569_/X (sky130_fd_sc_hd__or3_1)
                                         _0301_ (net)
                  0.07    0.00    5.87 v _3570_/A2 (sky130_fd_sc_hd__a31oi_1)
     2    0.01    0.29    0.29    6.16 ^ _3570_/Y (sky130_fd_sc_hd__a31oi_1)
                                         _0302_ (net)
                  0.29    0.00    6.16 ^ _3571_/B (sky130_fd_sc_hd__xnor2_1)
     1    0.00    0.15    0.17    6.33 ^ _3571_/Y (sky130_fd_sc_hd__xnor2_1)
                                         _2426_ (net)
                  0.15    0.00    6.33 ^ _4784_/B (sky130_fd_sc_hd__ha_1)
     7    0.02    0.13    0.32    6.65 v _4784_/SUM (sky130_fd_sc_hd__ha_1)
                                         _2428_ (net)
                  0.13    0.00    6.65 v _3687_/B (sky130_fd_sc_hd__nand3_1)
     1    0.00    0.08    0.12    6.77 ^ _3687_/Y (sky130_fd_sc_hd__nand3_1)
                                         _0337_ (net)
                  0.08    0.00    6.77 ^ _3688_/B1 (sky130_fd_sc_hd__a21oi_1)
     2    0.01    0.08    0.05    6.83 v _3688_/Y (sky130_fd_sc_hd__a21oi_1)
                                         _0338_ (net)
                  0.08    0.00    6.83 v _3691_/B1 (sky130_fd_sc_hd__a2111oi_0)
     1    0.01    0.55    0.53    7.36 ^ _3691_/Y (sky130_fd_sc_hd__a2111oi_0)
                                         _0341_ (net)
                  0.55    0.00    7.36 ^ _3694_/A (sky130_fd_sc_hd__nor3_2)
     4    0.01    0.13    0.16    7.52 v _3694_/Y (sky130_fd_sc_hd__nor3_2)
                                         _0344_ (net)
                  0.13    0.00    7.52 v _3698_/A4 (sky130_fd_sc_hd__a41oi_2)
     1    0.01    0.20    0.27    7.79 ^ _3698_/Y (sky130_fd_sc_hd__a41oi_2)
                                         _0348_ (net)
                  0.20    0.00    7.79 ^ _3699_/B (sky130_fd_sc_hd__xor2_2)
     7    0.02    0.31    0.31    8.10 ^ _3699_/X (sky130_fd_sc_hd__xor2_2)
                                         _0349_ (net)
                  0.31    0.00    8.10 ^ _3700_/A (sky130_fd_sc_hd__buf_6)
    10    0.04    0.09    0.20    8.30 ^ _3700_/X (sky130_fd_sc_hd__buf_6)
                                         _0350_ (net)
                  0.09    0.00    8.30 ^ _3748_/A1 (sky130_fd_sc_hd__o21a_1)
     1    0.00    0.05    0.13    8.43 ^ _3748_/X (sky130_fd_sc_hd__o21a_1)
                                         _0059_ (net)
                  0.05    0.00    8.43 ^ interp_s2[11]$_SDFF_PP0_/D (sky130_fd_sc_hd__dfxtp_1)
                                  8.43   data arrival time

                  0.00   10.00   10.00   clock core_clock (rise edge)
                          0.00   10.00   clock network delay (ideal)
                          0.00   10.00   clock reconvergence pessimism
                                 10.00 ^ interp_s2[11]$_SDFF_PP0_/CLK (sky130_fd_sc_hd__dfxtp_1)
                         -0.06    9.94   library setup time
                                  9.94   data required time
-----------------------------------------------------------------------------
                                  9.94   data required time
                                 -8.43   data arrival time
-----------------------------------------------------------------------------
                                  1.51   slack (MET)



==========================================================================
detailed place report_checks -unconstrained
--------------------------------------------------------------------------
Startpoint: y1_s1[0]$_SDFF_PN0_
            (rising edge-triggered flip-flop clocked by core_clock)
Endpoint: interp_s2[11]$_SDFF_PP0_
          (rising edge-triggered flip-flop clocked by core_clock)
Path Group: core_clock
Path Type: max

Fanout     Cap    Slew   Delay    Time   Description
-----------------------------------------------------------------------------
                  0.00    0.00    0.00   clock core_clock (rise edge)
                          0.00    0.00   clock network delay (ideal)
                  0.00    0.00    0.00 ^ y1_s1[0]$_SDFF_PN0_/CLK (sky130_fd_sc_hd__dfxtp_1)
     1    0.00    0.04    0.28    0.28 ^ y1_s1[0]$_SDFF_PN0_/Q (sky130_fd_sc_hd__dfxtp_1)
                                         y1_s1[0] (net)
                  0.04    0.00    0.28 ^ _3554_/A (sky130_fd_sc_hd__inv_1)
     1    0.00    0.03    0.04    0.33 v _3554_/Y (sky130_fd_sc_hd__inv_1)
                                         _2371_ (net)
                  0.03    0.00    0.33 v _4764_/B (sky130_fd_sc_hd__ha_1)
     2    0.01    0.07    0.20    0.53 v _4764_/COUT (sky130_fd_sc_hd__ha_1)
                                         _1267_ (net)
                  0.07    0.00    0.53 v _4492_/CIN (sky130_fd_sc_hd__fa_1)
     2    0.02    0.15    0.47    1.00 v _4492_/COUT (sky130_fd_sc_hd__fa_1)
                                         _1268_ (net)
                  0.15    0.00    1.00 v _2685_/A (sky130_fd_sc_hd__nor2b_1)
     1    0.01    0.13    0.17    1.17 ^ _2685_/Y (sky130_fd_sc_hd__nor2b_1)
                                         _0127_ (net)
                  0.13    0.00    1.17 ^ _2686_/A2 (sky130_fd_sc_hd__o21ai_2)
     2    0.01    0.07    0.09    1.27 v _2686_/Y (sky130_fd_sc_hd__o21ai_2)
                                         _0128_ (net)
                  0.07    0.00    1.27 v _2687_/A2 (sky130_fd_sc_hd__a21boi_4)
     2    0.02    0.16    0.20    1.47 ^ _2687_/Y (sky130_fd_sc_hd__a21boi_4)
                                         _0129_ (net)
                  0.16    0.00    1.47 ^ _2688_/A2 (sky130_fd_sc_hd__o21ai_2)
     2    0.01    0.08    0.10    1.57 v _2688_/Y (sky130_fd_sc_hd__o21ai_2)
                                         _0130_ (net)
                  0.08    0.00    1.57 v _2689_/A2 (sky130_fd_sc_hd__a21boi_4)
     3    0.02    0.17    0.22    1.79 ^ _2689_/Y (sky130_fd_sc_hd__a21boi_4)
                                         _0131_ (net)
                  0.17    0.00    1.79 ^ _2690_/A2 (sky130_fd_sc_hd__o2111ai_2)
     2    0.01    0.13    0.15    1.93 v _2690_/Y (sky130_fd_sc_hd__o2111ai_2)
                                         _0132_ (net)
                  0.13    0.00    1.93 v _2694_/A (sky130_fd_sc_hd__nand3_2)
     4    0.01    0.09    0.13    2.06 ^ _2694_/Y (sky130_fd_sc_hd__nand3_2)
                                         _0136_ (net)
                  0.09    0.00    2.06 ^ _2746_/A1 (sky130_fd_sc_hd__a2111oi_0)
     1    0.00    0.09    0.10    2.16 v _2746_/Y (sky130_fd_sc_hd__a2111oi_0)
                                         _0180_ (net)
                  0.09    0.00    2.16 v _2751_/B (sky130_fd_sc_hd__or3_1)
     1    0.00    0.07    0.35    2.51 v _2751_/X (sky130_fd_sc_hd__or3_1)
                                         _0185_ (net)
                  0.07    0.00    2.51 v _2752_/A (sky130_fd_sc_hd__buf_1)
     8    0.03    0.16    0.20    2.71 v _2752_/X (sky130_fd_sc_hd__buf_1)
                                         _0186_ (net)
                  0.16    0.00    2.71 v _2766_/B (sky130_fd_sc_hd__and2_0)
     1    0.01    0.07    0.22    2.94 v _2766_/X (sky130_fd_sc_hd__and2_0)
                                         _1087_ (net)
                  0.07    0.00    2.94 v _4448_/B (sky130_fd_sc_hd__fa_1)
     1    0.01    0.09    0.54    3.47 ^ _4448_/SUM (sky130_fd_sc_hd__fa_1)
                                         _1089_ (net)
                  0.09    0.00    3.47 ^ _4453_/CIN (sky130_fd_sc_hd__fa_1)
     1    0.01    0.09    0.44    3.91 v _4453_/SUM (sky130_fd_sc_hd__fa_1)
                                         _1109_ (net)
                  0.09    0.00    3.91 v _4458_/CIN (sky130_fd_sc_hd__fa_1)
     1    0.00    0.07    0.50    4.41 ^ _4458_/SUM (sky130_fd_sc_hd__fa_1)
                                         _1131_ (net)
                  0.07    0.00    4.41 ^ _3231_/A (sky130_fd_sc_hd__inv_1)
     1    0.01    0.03    0.05    4.46 v _3231_/Y (sky130_fd_sc_hd__inv_1)
                                         _1149_ (net)
                  0.03    0.00    4.46 v _4463_/CIN (sky130_fd_sc_hd__fa_1)
     1    0.00    0.06    0.47    4.93 ^ _4463_/SUM (sky130_fd_sc_hd__fa_1)
                                         _1151_ (net)
                  0.06    0.00    4.93 ^ _3543_/A (sky130_fd_sc_hd__inv_1)
     1    0.01    0.04    0.05    4.99 v _3543_/Y (sky130_fd_sc_hd__inv_1)
                                         _2341_ (net)
                  0.04    0.00    4.99 v _4755_/B (sky130_fd_sc_hd__ha_1)
     2    0.00    0.05    0.18    5.17 v _4755_/COUT (sky130_fd_sc_hd__ha_1)
                                         _2342_ (net)
                  0.05    0.00    5.17 v _3454_/A (sky130_fd_sc_hd__or3_4)
     2    0.01    0.07    0.39    5.55 v _3454_/X (sky130_fd_sc_hd__or3_4)
                                         _0281_ (net)
                  0.07    0.00    5.55 v _3569_/C (sky130_fd_sc_hd__or3_1)
     1    0.00    0.07    0.31    5.87 v _3569_/X (sky130_fd_sc_hd__or3_1)
                                         _0301_ (net)
                  0.07    0.00    5.87 v _3570_/A2 (sky130_fd_sc_hd__a31oi_1)
     2    0.01    0.29    0.29    6.16 ^ _3570_/Y (sky130_fd_sc_hd__a31oi_1)
                                         _0302_ (net)
                  0.29    0.00    6.16 ^ _3571_/B (sky130_fd_sc_hd__xnor2_1)
     1    0.00    0.15    0.17    6.33 ^ _3571_/Y (sky130_fd_sc_hd__xnor2_1)
                                         _2426_ (net)
                  0.15    0.00    6.33 ^ _4784_/B (sky130_fd_sc_hd__ha_1)
     7    0.02    0.13    0.32    6.65 v _4784_/SUM (sky130_fd_sc_hd__ha_1)
                                         _2428_ (net)
                  0.13    0.00    6.65 v _3687_/B (sky130_fd_sc_hd__nand3_1)
     1    0.00    0.08    0.12    6.77 ^ _3687_/Y (sky130_fd_sc_hd__nand3_1)
                                         _0337_ (net)
                  0.08    0.00    6.77 ^ _3688_/B1 (sky130_fd_sc_hd__a21oi_1)
     2    0.01    0.08    0.05    6.83 v _3688_/Y (sky130_fd_sc_hd__a21oi_1)
                                         _0338_ (net)
                  0.08    0.00    6.83 v _3691_/B1 (sky130_fd_sc_hd__a2111oi_0)
     1    0.01    0.55    0.53    7.36 ^ _3691_/Y (sky130_fd_sc_hd__a2111oi_0)
                                         _0341_ (net)
                  0.55    0.00    7.36 ^ _3694_/A (sky130_fd_sc_hd__nor3_2)
     4    0.01    0.13    0.16    7.52 v _3694_/Y (sky130_fd_sc_hd__nor3_2)
                                         _0344_ (net)
                  0.13    0.00    7.52 v _3698_/A4 (sky130_fd_sc_hd__a41oi_2)
     1    0.01    0.20    0.27    7.79 ^ _3698_/Y (sky130_fd_sc_hd__a41oi_2)
                                         _0348_ (net)
                  0.20    0.00    7.79 ^ _3699_/B (sky130_fd_sc_hd__xor2_2)
     7    0.02    0.31    0.31    8.10 ^ _3699_/X (sky130_fd_sc_hd__xor2_2)
                                         _0349_ (net)
                  0.31    0.00    8.10 ^ _3700_/A (sky130_fd_sc_hd__buf_6)
    10    0.04    0.09    0.20    8.30 ^ _3700_/X (sky130_fd_sc_hd__buf_6)
                                         _0350_ (net)
                  0.09    0.00    8.30 ^ _3748_/A1 (sky130_fd_sc_hd__o21a_1)
     1    0.00    0.05    0.13    8.43 ^ _3748_/X (sky130_fd_sc_hd__o21a_1)
                                         _0059_ (net)
                  0.05    0.00    8.43 ^ interp_s2[11]$_SDFF_PP0_/D (sky130_fd_sc_hd__dfxtp_1)
                                  8.43   data arrival time

                  0.00   10.00   10.00   clock core_clock (rise edge)
                          0.00   10.00   clock network delay (ideal)
                          0.00   10.00   clock reconvergence pessimism
                                 10.00 ^ interp_s2[11]$_SDFF_PP0_/CLK (sky130_fd_sc_hd__dfxtp_1)
                         -0.06    9.94   library setup time
                                  9.94   data required time
-----------------------------------------------------------------------------
                                  9.94   data required time
                                 -8.43   data arrival time
-----------------------------------------------------------------------------
                                  1.51   slack (MET)



==========================================================================
detailed place report_check_types -max_slew -max_cap -max_fanout -violators
--------------------------------------------------------------------------

==========================================================================
detailed place max_slew_check_slack
--------------------------------------------------------------------------
0.4739919602870941

==========================================================================
detailed place max_slew_check_limit
--------------------------------------------------------------------------
1.5

==========================================================================
detailed place max_slew_check_slack_limit
--------------------------------------------------------------------------
0.3160

==========================================================================
detailed place max_fanout_check_slack
--------------------------------------------------------------------------
1.0000000150474662e+30

==========================================================================
detailed place max_fanout_check_limit
--------------------------------------------------------------------------
1.0000000150474662e+30

==========================================================================
detailed place max_capacitance_check_slack
--------------------------------------------------------------------------
0.014800513163208961

==========================================================================
detailed place max_capacitance_check_limit
--------------------------------------------------------------------------
0.021067000925540924

==========================================================================
detailed place max_capacitance_check_slack_limit
--------------------------------------------------------------------------
0.7025

==========================================================================
detailed place max_slew_violation_count
--------------------------------------------------------------------------
max slew violation count 0

==========================================================================
detailed place max_fanout_violation_count
--------------------------------------------------------------------------
max fanout violation count 0

==========================================================================
detailed place max_cap_violation_count
--------------------------------------------------------------------------
max cap violation count 0

==========================================================================
detailed place setup_violation_count
--------------------------------------------------------------------------
setup violation count 0

==========================================================================
detailed place hold_violation_count
--------------------------------------------------------------------------
hold violation count 0

==========================================================================
detailed place report_checks -path_delay max reg to reg
--------------------------------------------------------------------------
Startpoint: y1_s1[0]$_SDFF_PN0_
            (rising edge-triggered flip-flop clocked by core_clock)
Endpoint: interp_s2[11]$_SDFF_PP0_
          (rising edge-triggered flip-flop clocked by core_clock)
Path Group: core_clock
Path Type: max

  Delay    Time   Description
---------------------------------------------------------
   0.00    0.00   clock core_clock (rise edge)
   0.00    0.00   clock network delay (ideal)
   0.00    0.00 ^ y1_s1[0]$_SDFF_PN0_/CLK (sky130_fd_sc_hd__dfxtp_1)
   0.28    0.28 ^ y1_s1[0]$_SDFF_PN0_/Q (sky130_fd_sc_hd__dfxtp_1)
   0.04    0.33 v _3554_/Y (sky130_fd_sc_hd__inv_1)
   0.20    0.53 v _4764_/COUT (sky130_fd_sc_hd__ha_1)
   0.47    1.00 v _4492_/COUT (sky130_fd_sc_hd__fa_1)
   0.17    1.17 ^ _2685_/Y (sky130_fd_sc_hd__nor2b_1)
   0.09    1.27 v _2686_/Y (sky130_fd_sc_hd__o21ai_2)
   0.20    1.47 ^ _2687_/Y (sky130_fd_sc_hd__a21boi_4)
   0.10    1.57 v _2688_/Y (sky130_fd_sc_hd__o21ai_2)
   0.22    1.79 ^ _2689_/Y (sky130_fd_sc_hd__a21boi_4)
   0.15    1.93 v _2690_/Y (sky130_fd_sc_hd__o2111ai_2)
   0.13    2.06 ^ _2694_/Y (sky130_fd_sc_hd__nand3_2)
   0.10    2.16 v _2746_/Y (sky130_fd_sc_hd__a2111oi_0)
   0.35    2.51 v _2751_/X (sky130_fd_sc_hd__or3_1)
   0.20    2.71 v _2752_/X (sky130_fd_sc_hd__buf_1)
   0.22    2.94 v _2766_/X (sky130_fd_sc_hd__and2_0)
   0.54    3.47 ^ _4448_/SUM (sky130_fd_sc_hd__fa_1)
   0.44    3.91 v _4453_/SUM (sky130_fd_sc_hd__fa_1)
   0.50    4.41 ^ _4458_/SUM (sky130_fd_sc_hd__fa_1)
   0.05    4.46 v _3231_/Y (sky130_fd_sc_hd__inv_1)
   0.47    4.93 ^ _4463_/SUM (sky130_fd_sc_hd__fa_1)
   0.05    4.99 v _3543_/Y (sky130_fd_sc_hd__inv_1)
   0.18    5.17 v _4755_/COUT (sky130_fd_sc_hd__ha_1)
   0.39    5.55 v _3454_/X (sky130_fd_sc_hd__or3_4)
   0.31    5.87 v _3569_/X (sky130_fd_sc_hd__or3_1)
   0.29    6.16 ^ _3570_/Y (sky130_fd_sc_hd__a31oi_1)
   0.17    6.33 ^ _3571_/Y (sky130_fd_sc_hd__xnor2_1)
   0.32    6.65 v _4784_/SUM (sky130_fd_sc_hd__ha_1)
   0.12    6.77 ^ _3687_/Y (sky130_fd_sc_hd__nand3_1)
   0.05    6.83 v _3688_/Y (sky130_fd_sc_hd__a21oi_1)
   0.53    7.36 ^ _3691_/Y (sky130_fd_sc_hd__a2111oi_0)
   0.16    7.52 v _3694_/Y (sky130_fd_sc_hd__nor3_2)
   0.27    7.79 ^ _3698_/Y (sky130_fd_sc_hd__a41oi_2)
   0.31    8.10 ^ _3699_/X (sky130_fd_sc_hd__xor2_2)
   0.20    8.30 ^ _3700_/X (sky130_fd_sc_hd__buf_6)
   0.13    8.43 ^ _3748_/X (sky130_fd_sc_hd__o21a_1)
   0.00    8.43 ^ interp_s2[11]$_SDFF_PP0_/D (sky130_fd_sc_hd__dfxtp_1)
           8.43   data arrival time

  10.00   10.00   clock core_clock (rise edge)
   0.00   10.00   clock network delay (ideal)
   0.00   10.00   clock reconvergence pessimism
          10.00 ^ interp_s2[11]$_SDFF_PP0_/CLK (sky130_fd_sc_hd__dfxtp_1)
  -0.06    9.94   library setup time
           9.94   data required time
---------------------------------------------------------
           9.94   data required time
          -8.43   data arrival time
---------------------------------------------------------
           1.51   slack (MET)



==========================================================================
detailed place report_checks -path_delay min reg to reg
--------------------------------------------------------------------------
Startpoint: f_init_s1[5]$_SDFF_PN0_
            (rising edge-triggered flip-flop clocked by core_clock)
Endpoint: f_init_s2[5]$_SDFF_PN0_
          (rising edge-triggered flip-flop clocked by core_clock)
Path Group: core_clock
Path Type: min

  Delay    Time   Description
---------------------------------------------------------
   0.00    0.00   clock core_clock (rise edge)
   0.00    0.00   clock network delay (ideal)
   0.00    0.00 ^ f_init_s1[5]$_SDFF_PN0_/CLK (sky130_fd_sc_hd__dfxtp_1)
   0.28    0.28 ^ f_init_s1[5]$_SDFF_PN0_/Q (sky130_fd_sc_hd__dfxtp_1)
   0.10    0.38 ^ _3942_/X (sky130_fd_sc_hd__and2_0)
   0.00    0.38 ^ f_init_s2[5]$_SDFF_PN0_/D (sky130_fd_sc_hd__dfxtp_1)
           0.38   data arrival time

   0.00    0.00   clock core_clock (rise edge)
   0.00    0.00   clock network delay (ideal)
   0.00    0.00   clock reconvergence pessimism
           0.00 ^ f_init_s2[5]$_SDFF_PN0_/CLK (sky130_fd_sc_hd__dfxtp_1)
  -0.04   -0.04   library hold time
          -0.04   data required time
---------------------------------------------------------
          -0.04   data required time
          -0.38   data arrival time
---------------------------------------------------------
           0.42   slack (MET)



==========================================================================
detailed place critical path target clock latency max path
--------------------------------------------------------------------------
0.0000

==========================================================================
detailed place critical path target clock latency min path
--------------------------------------------------------------------------
0.0000

==========================================================================
detailed place critical path source clock latency min path
--------------------------------------------------------------------------
0.0000

==========================================================================
detailed place critical path delay
--------------------------------------------------------------------------
8.4335

==========================================================================
detailed place critical path slack
--------------------------------------------------------------------------
1.5054

==========================================================================
detailed place slack div critical path delay
--------------------------------------------------------------------------
17.850240

==========================================================================
detailed place report_power
--------------------------------------------------------------------------
Group                  Internal  Switching    Leakage      Total
                          Power      Power      Power      Power (Watts)
----------------------------------------------------------------
Sequential             6.05e-04   1.08e-04   1.02e-09   7.13e-04  11.2%
Combinational          2.50e-03   3.14e-03   8.31e-09   5.65e-03  88.8%
Clock                  0.00e+00   0.00e+00   0.00e+00   0.00e+00   0.0%
Macro                  0.00e+00   0.00e+00   0.00e+00   0.00e+00   0.0%
Pad                    0.00e+00   0.00e+00   0.00e+00   0.00e+00   0.0%
----------------------------------------------------------------
Total                  3.11e-03   3.25e-03   9.33e-09   6.36e-03 100.0%
                          48.9%      51.1%       0.0%
