
==========================================================================
global place report_tns
--------------------------------------------------------------------------
tns 0.00

==========================================================================
global place report_wns
--------------------------------------------------------------------------
wns 0.00

==========================================================================
global place report_worst_slack
--------------------------------------------------------------------------
worst slack 1.46

==========================================================================
global place report_checks -path_delay min
--------------------------------------------------------------------------
Startpoint: valid_s2$_SDFF_PN0_
            (rising edge-triggered flip-flop clocked by core_clock)
Endpoint: valid_s3$_SDFF_PN0_
          (rising edge-triggered flip-flop clocked by core_clock)
Path Group: core_clock
Path Type: min

Fanout     Cap    Slew   Delay    Time   Description
-----------------------------------------------------------------------------
                  0.00    0.00    0.00   clock core_clock (rise edge)
                          0.00    0.00   clock network delay (ideal)
                  0.00    0.00    0.00 ^ valid_s2$_SDFF_PN0_/CLK (sky130_fd_sc_hd__dfxtp_1)
     1    0.00    0.03    0.28    0.28 ^ valid_s2$_SDFF_PN0_/Q (sky130_fd_sc_hd__dfxtp_1)
                                         valid_s2 (net)
                  0.03    0.00    0.28 ^ _4084_/B (sky130_fd_sc_hd__and2_0)
     1    0.00    0.05    0.11    0.38 ^ _4084_/X (sky130_fd_sc_hd__and2_0)
                                         _0091_ (net)
                  0.05    0.00    0.38 ^ valid_s3$_SDFF_PN0_/D (sky130_fd_sc_hd__dfxtp_1)
                                  0.38   data arrival time

                  0.00    0.00    0.00   clock core_clock (rise edge)
                          0.00    0.00   clock network delay (ideal)
                          0.00    0.00   clock reconvergence pessimism
                                  0.00 ^ valid_s3$_SDFF_PN0_/CLK (sky130_fd_sc_hd__dfxtp_1)
                         -0.04   -0.04   library hold time
                                 -0.04   data required time
-----------------------------------------------------------------------------
                                 -0.04   data required time
                                 -0.38   data arrival time
-----------------------------------------------------------------------------
                                  0.42   slack (MET)



==========================================================================
global place report_checks -path_delay max
--------------------------------------------------------------------------
Startpoint: y1_s1[0]$_SDFF_PN0_
            (rising edge-triggered flip-flop clocked by core_clock)
Endpoint: interp_s2[12]$_SDFF_PP0_
          (rising edge-triggered flip-flop clocked by core_clock)
Path Group: core_clock
Path Type: max

Fanout     Cap    Slew   Delay    Time   Description
-----------------------------------------------------------------------------
                  0.00    0.00    0.00   clock core_clock (rise edge)
                          0.00    0.00   clock network delay (ideal)
                  0.00    0.00    0.00 ^ y1_s1[0]$_SDFF_PN0_/CLK (sky130_fd_sc_hd__dfxtp_1)
     1    0.01    0.06    0.30    0.30 ^ y1_s1[0]$_SDFF_PN0_/Q (sky130_fd_sc_hd__dfxtp_1)
                                         y1_s1[0] (net)
                  0.06    0.00    0.30 ^ _3554_/A (sky130_fd_sc_hd__inv_1)
     1    0.00    0.03    0.04    0.34 v _3554_/Y (sky130_fd_sc_hd__inv_1)
                                         _2371_ (net)
                  0.03    0.00    0.34 v _4764_/B (sky130_fd_sc_hd__ha_1)
     2    0.01    0.07    0.19    0.53 v _4764_/COUT (sky130_fd_sc_hd__ha_1)
                                         _1267_ (net)
                  0.07    0.00    0.53 v _4492_/CIN (sky130_fd_sc_hd__fa_1)
     2    0.02    0.15    0.47    1.01 v _4492_/COUT (sky130_fd_sc_hd__fa_1)
                                         _1268_ (net)
                  0.15    0.00    1.01 v _2685_/A (sky130_fd_sc_hd__nor2b_1)
     1    0.01    0.15    0.19    1.19 ^ _2685_/Y (sky130_fd_sc_hd__nor2b_1)
                                         _0127_ (net)
                  0.15    0.00    1.19 ^ _2686_/A2 (sky130_fd_sc_hd__o21ai_2)
     2    0.01    0.07    0.09    1.29 v _2686_/Y (sky130_fd_sc_hd__o21ai_2)
                                         _0128_ (net)
                  0.07    0.00    1.29 v _2687_/A2 (sky130_fd_sc_hd__a21boi_4)
     2    0.02    0.16    0.20    1.49 ^ _2687_/Y (sky130_fd_sc_hd__a21boi_4)
                                         _0129_ (net)
                  0.16    0.00    1.49 ^ _2688_/A2 (sky130_fd_sc_hd__o21ai_2)
     2    0.01    0.08    0.10    1.59 v _2688_/Y (sky130_fd_sc_hd__o21ai_2)
                                         _0130_ (net)
                  0.08    0.00    1.59 v _2689_/A2 (sky130_fd_sc_hd__a21boi_4)
     3    0.02    0.18    0.22    1.80 ^ _2689_/Y (sky130_fd_sc_hd__a21boi_4)
                                         _0131_ (net)
                  0.18    0.00    1.80 ^ _2786_/A2 (sky130_fd_sc_hd__o21ai_0)
     1    0.01    0.12    0.14    1.94 v _2786_/Y (sky130_fd_sc_hd__o21ai_0)
                                         _0202_ (net)
                  0.12    0.00    1.94 v _2787_/B (sky130_fd_sc_hd__nand2b_2)
     1    0.01    0.07    0.11    2.06 ^ _2787_/Y (sky130_fd_sc_hd__nand2b_2)
                                         _0203_ (net)
                  0.07    0.00    2.06 ^ _2788_/B (sky130_fd_sc_hd__xor2_2)
     8    0.03    0.35    0.31    2.37 ^ _2788_/X (sky130_fd_sc_hd__xor2_2)
                                         _0204_ (net)
                  0.35    0.00    2.37 ^ _3548_/B (sky130_fd_sc_hd__and2_0)
     1    0.01    0.10    0.20    2.58 ^ _3548_/X (sky130_fd_sc_hd__and2_0)
                                         _1258_ (net)
                  0.10    0.00    2.58 ^ _4490_/CIN (sky130_fd_sc_hd__fa_1)
     1    0.01    0.09    0.43    3.01 v _4490_/SUM (sky130_fd_sc_hd__fa_1)
                                         _1260_ (net)
                  0.09    0.00    3.01 v _4496_/CIN (sky130_fd_sc_hd__fa_1)
     1    0.00    0.07    0.50    3.51 ^ _4496_/SUM (sky130_fd_sc_hd__fa_1)
                                         _1285_ (net)
                  0.07    0.00    3.51 ^ _3242_/A (sky130_fd_sc_hd__inv_1)
     1    0.01    0.03    0.05    3.56 v _3242_/Y (sky130_fd_sc_hd__inv_1)
                                         _1305_ (net)
                  0.03    0.00    3.56 v _4501_/CIN (sky130_fd_sc_hd__fa_1)
     1    0.01    0.09    0.45    4.01 v _4501_/SUM (sky130_fd_sc_hd__fa_1)
                                         _1306_ (net)
                  0.09    0.00    4.01 v _4505_/CIN (sky130_fd_sc_hd__fa_1)
     1    0.00    0.06    0.50    4.51 ^ _4505_/SUM (sky130_fd_sc_hd__fa_1)
                                         _1324_ (net)
                  0.06    0.00    4.51 ^ _3558_/A (sky130_fd_sc_hd__inv_1)
     1    0.00    0.03    0.04    4.55 v _3558_/Y (sky130_fd_sc_hd__inv_1)
                                         _2388_ (net)
                  0.03    0.00    4.55 v _4770_/B (sky130_fd_sc_hd__ha_2)
     3    0.01    0.06    0.27    4.82 v _4770_/SUM (sky130_fd_sc_hd__ha_2)
                                         _2390_ (net)
                  0.06    0.00    4.82 v _2869_/B (sky130_fd_sc_hd__and2_4)
     2    0.01    0.04    0.17    4.99 v _2869_/X (sky130_fd_sc_hd__and2_4)
                                         _0219_ (net)
                  0.04    0.00    4.99 v _2870_/B2 (sky130_fd_sc_hd__a22oi_2)
     2    0.01    0.25    0.23    5.22 ^ _2870_/Y (sky130_fd_sc_hd__a22oi_2)
                                         _0220_ (net)
                  0.25    0.00    5.22 ^ _2875_/A (sky130_fd_sc_hd__nand2_2)
     4    0.01    0.09    0.12    5.34 v _2875_/Y (sky130_fd_sc_hd__nand2_2)
                                         _0225_ (net)
                  0.09    0.00    5.34 v _3584_/A2 (sky130_fd_sc_hd__o21ai_0)
     1    0.01    0.21    0.21    5.55 ^ _3584_/Y (sky130_fd_sc_hd__o21ai_0)
                                         _0310_ (net)
                  0.21    0.00    5.55 ^ _3585_/B (sky130_fd_sc_hd__nand2b_2)
     2    0.01    0.06    0.10    5.65 v _3585_/Y (sky130_fd_sc_hd__nand2b_2)
                                         _0311_ (net)
                  0.06    0.00    5.65 v _3588_/B (sky130_fd_sc_hd__xor2_1)
     1    0.01    0.07    0.16    5.81 v _3588_/X (sky130_fd_sc_hd__xor2_1)
                                         _2447_ (net)
                  0.07    0.00    5.81 v _4791_/B (sky130_fd_sc_hd__ha_1)
     3    0.01    0.09    0.32    6.12 v _4791_/SUM (sky130_fd_sc_hd__ha_1)
                                         _2449_ (net)
                  0.09    0.00    6.12 v _3682_/B_N (sky130_fd_sc_hd__nor2b_1)
     1    0.01    0.05    0.16    6.28 v _3682_/Y (sky130_fd_sc_hd__nor2b_1)
                                         _0332_ (net)
                  0.05    0.00    6.28 v _3683_/A2 (sky130_fd_sc_hd__o21ai_2)
     2    0.01    0.15    0.15    6.43 ^ _3683_/Y (sky130_fd_sc_hd__o21ai_2)
                                         _0333_ (net)
                  0.15    0.00    6.43 ^ _3684_/A2 (sky130_fd_sc_hd__a21boi_2)
     3    0.01    0.06    0.09    6.52 v _3684_/Y (sky130_fd_sc_hd__a21boi_2)
                                         _0334_ (net)
                  0.06    0.00    6.52 v _3685_/A2 (sky130_fd_sc_hd__o211ai_1)
     2    0.01    0.24    0.22    6.75 ^ _3685_/Y (sky130_fd_sc_hd__o211ai_1)
                                         _0335_ (net)
                  0.24    0.00    6.75 ^ _3688_/A1 (sky130_fd_sc_hd__a21oi_1)
     2    0.01    0.08    0.12    6.86 v _3688_/Y (sky130_fd_sc_hd__a21oi_1)
                                         _0338_ (net)
                  0.08    0.00    6.86 v _3691_/B1 (sky130_fd_sc_hd__a2111oi_0)
     1    0.01    0.59    0.56    7.42 ^ _3691_/Y (sky130_fd_sc_hd__a2111oi_0)
                                         _0341_ (net)
                  0.59    0.00    7.42 ^ _3694_/A (sky130_fd_sc_hd__nor3_2)
     4    0.02    0.14    0.16    7.59 v _3694_/Y (sky130_fd_sc_hd__nor3_2)
                                         _0344_ (net)
                  0.14    0.00    7.59 v _3698_/A4 (sky130_fd_sc_hd__a41oi_2)
     1    0.01    0.20    0.28    7.86 ^ _3698_/Y (sky130_fd_sc_hd__a41oi_2)
                                         _0348_ (net)
                  0.20    0.00    7.86 ^ _3699_/B (sky130_fd_sc_hd__xor2_2)
     7    0.02    0.31    0.31    8.17 ^ _3699_/X (sky130_fd_sc_hd__xor2_2)
                                         _0349_ (net)
                  0.31    0.00    8.17 ^ _3700_/A (sky130_fd_sc_hd__buf_6)
    10    0.03    0.08    0.19    8.36 ^ _3700_/X (sky130_fd_sc_hd__buf_6)
                                         _0350_ (net)
                  0.08    0.00    8.36 ^ _3750_/A1 (sky130_fd_sc_hd__o21a_1)
     1    0.00    0.04    0.12    8.48 ^ _3750_/X (sky130_fd_sc_hd__o21a_1)
                                         _0060_ (net)
                  0.04    0.00    8.48 ^ interp_s2[12]$_SDFF_PP0_/D (sky130_fd_sc_hd__dfxtp_1)
                                  8.48   data arrival time

                  0.00   10.00   10.00   clock core_clock (rise edge)
                          0.00   10.00   clock network delay (ideal)
                          0.00   10.00   clock reconvergence pessimism
                                 10.00 ^ interp_s2[12]$_SDFF_PP0_/CLK (sky130_fd_sc_hd__dfxtp_1)
                         -0.06    9.94   library setup time
                                  9.94   data required time
-----------------------------------------------------------------------------
                                  9.94   data required time
                                 -8.48   data arrival time
-----------------------------------------------------------------------------
                                  1.46   slack (MET)



==========================================================================
global place report_checks -unconstrained
--------------------------------------------------------------------------
Startpoint: y1_s1[0]$_SDFF_PN0_
            (rising edge-triggered flip-flop clocked by core_clock)
Endpoint: interp_s2[12]$_SDFF_PP0_
          (rising edge-triggered flip-flop clocked by core_clock)
Path Group: core_clock
Path Type: max

Fanout     Cap    Slew   Delay    Time   Description
-----------------------------------------------------------------------------
                  0.00    0.00    0.00   clock core_clock (rise edge)
                          0.00    0.00   clock network delay (ideal)
                  0.00    0.00    0.00 ^ y1_s1[0]$_SDFF_PN0_/CLK (sky130_fd_sc_hd__dfxtp_1)
     1    0.01    0.06    0.30    0.30 ^ y1_s1[0]$_SDFF_PN0_/Q (sky130_fd_sc_hd__dfxtp_1)
                                         y1_s1[0] (net)
                  0.06    0.00    0.30 ^ _3554_/A (sky130_fd_sc_hd__inv_1)
     1    0.00    0.03    0.04    0.34 v _3554_/Y (sky130_fd_sc_hd__inv_1)
                                         _2371_ (net)
                  0.03    0.00    0.34 v _4764_/B (sky130_fd_sc_hd__ha_1)
     2    0.01    0.07    0.19    0.53 v _4764_/COUT (sky130_fd_sc_hd__ha_1)
                                         _1267_ (net)
                  0.07    0.00    0.53 v _4492_/CIN (sky130_fd_sc_hd__fa_1)
     2    0.02    0.15    0.47    1.01 v _4492_/COUT (sky130_fd_sc_hd__fa_1)
                                         _1268_ (net)
                  0.15    0.00    1.01 v _2685_/A (sky130_fd_sc_hd__nor2b_1)
     1    0.01    0.15    0.19    1.19 ^ _2685_/Y (sky130_fd_sc_hd__nor2b_1)
                                         _0127_ (net)
                  0.15    0.00    1.19 ^ _2686_/A2 (sky130_fd_sc_hd__o21ai_2)
     2    0.01    0.07    0.09    1.29 v _2686_/Y (sky130_fd_sc_hd__o21ai_2)
                                         _0128_ (net)
                  0.07    0.00    1.29 v _2687_/A2 (sky130_fd_sc_hd__a21boi_4)
     2    0.02    0.16    0.20    1.49 ^ _2687_/Y (sky130_fd_sc_hd__a21boi_4)
                                         _0129_ (net)
                  0.16    0.00    1.49 ^ _2688_/A2 (sky130_fd_sc_hd__o21ai_2)
     2    0.01    0.08    0.10    1.59 v _2688_/Y (sky130_fd_sc_hd__o21ai_2)
                                         _0130_ (net)
                  0.08    0.00    1.59 v _2689_/A2 (sky130_fd_sc_hd__a21boi_4)
     3    0.02    0.18    0.22    1.80 ^ _2689_/Y (sky130_fd_sc_hd__a21boi_4)
                                         _0131_ (net)
                  0.18    0.00    1.80 ^ _2786_/A2 (sky130_fd_sc_hd__o21ai_0)
     1    0.01    0.12    0.14    1.94 v _2786_/Y (sky130_fd_sc_hd__o21ai_0)
                                         _0202_ (net)
                  0.12    0.00    1.94 v _2787_/B (sky130_fd_sc_hd__nand2b_2)
     1    0.01    0.07    0.11    2.06 ^ _2787_/Y (sky130_fd_sc_hd__nand2b_2)
                                         _0203_ (net)
                  0.07    0.00    2.06 ^ _2788_/B (sky130_fd_sc_hd__xor2_2)
     8    0.03    0.35    0.31    2.37 ^ _2788_/X (sky130_fd_sc_hd__xor2_2)
                                         _0204_ (net)
                  0.35    0.00    2.37 ^ _3548_/B (sky130_fd_sc_hd__and2_0)
     1    0.01    0.10    0.20    2.58 ^ _3548_/X (sky130_fd_sc_hd__and2_0)
                                         _1258_ (net)
                  0.10    0.00    2.58 ^ _4490_/CIN (sky130_fd_sc_hd__fa_1)
     1    0.01    0.09    0.43    3.01 v _4490_/SUM (sky130_fd_sc_hd__fa_1)
                                         _1260_ (net)
                  0.09    0.00    3.01 v _4496_/CIN (sky130_fd_sc_hd__fa_1)
     1    0.00    0.07    0.50    3.51 ^ _4496_/SUM (sky130_fd_sc_hd__fa_1)
                                         _1285_ (net)
                  0.07    0.00    3.51 ^ _3242_/A (sky130_fd_sc_hd__inv_1)
     1    0.01    0.03    0.05    3.56 v _3242_/Y (sky130_fd_sc_hd__inv_1)
                                         _1305_ (net)
                  0.03    0.00    3.56 v _4501_/CIN (sky130_fd_sc_hd__fa_1)
     1    0.01    0.09    0.45    4.01 v _4501_/SUM (sky130_fd_sc_hd__fa_1)
                                         _1306_ (net)
                  0.09    0.00    4.01 v _4505_/CIN (sky130_fd_sc_hd__fa_1)
     1    0.00    0.06    0.50    4.51 ^ _4505_/SUM (sky130_fd_sc_hd__fa_1)
                                         _1324_ (net)
                  0.06    0.00    4.51 ^ _3558_/A (sky130_fd_sc_hd__inv_1)
     1    0.00    0.03    0.04    4.55 v _3558_/Y (sky130_fd_sc_hd__inv_1)
                                         _2388_ (net)
                  0.03    0.00    4.55 v _4770_/B (sky130_fd_sc_hd__ha_2)
     3    0.01    0.06    0.27    4.82 v _4770_/SUM (sky130_fd_sc_hd__ha_2)
                                         _2390_ (net)
                  0.06    0.00    4.82 v _2869_/B (sky130_fd_sc_hd__and2_4)
     2    0.01    0.04    0.17    4.99 v _2869_/X (sky130_fd_sc_hd__and2_4)
                                         _0219_ (net)
                  0.04    0.00    4.99 v _2870_/B2 (sky130_fd_sc_hd__a22oi_2)
     2    0.01    0.25    0.23    5.22 ^ _2870_/Y (sky130_fd_sc_hd__a22oi_2)
                                         _0220_ (net)
                  0.25    0.00    5.22 ^ _2875_/A (sky130_fd_sc_hd__nand2_2)
     4    0.01    0.09    0.12    5.34 v _2875_/Y (sky130_fd_sc_hd__nand2_2)
                                         _0225_ (net)
                  0.09    0.00    5.34 v _3584_/A2 (sky130_fd_sc_hd__o21ai_0)
     1    0.01    0.21    0.21    5.55 ^ _3584_/Y (sky130_fd_sc_hd__o21ai_0)
                                         _0310_ (net)
                  0.21    0.00    5.55 ^ _3585_/B (sky130_fd_sc_hd__nand2b_2)
     2    0.01    0.06    0.10    5.65 v _3585_/Y (sky130_fd_sc_hd__nand2b_2)
                                         _0311_ (net)
                  0.06    0.00    5.65 v _3588_/B (sky130_fd_sc_hd__xor2_1)
     1    0.01    0.07    0.16    5.81 v _3588_/X (sky130_fd_sc_hd__xor2_1)
                                         _2447_ (net)
                  0.07    0.00    5.81 v _4791_/B (sky130_fd_sc_hd__ha_1)
     3    0.01    0.09    0.32    6.12 v _4791_/SUM (sky130_fd_sc_hd__ha_1)
                                         _2449_ (net)
                  0.09    0.00    6.12 v _3682_/B_N (sky130_fd_sc_hd__nor2b_1)
     1    0.01    0.05    0.16    6.28 v _3682_/Y (sky130_fd_sc_hd__nor2b_1)
                                         _0332_ (net)
                  0.05    0.00    6.28 v _3683_/A2 (sky130_fd_sc_hd__o21ai_2)
     2    0.01    0.15    0.15    6.43 ^ _3683_/Y (sky130_fd_sc_hd__o21ai_2)
                                         _0333_ (net)
                  0.15    0.00    6.43 ^ _3684_/A2 (sky130_fd_sc_hd__a21boi_2)
     3    0.01    0.06    0.09    6.52 v _3684_/Y (sky130_fd_sc_hd__a21boi_2)
                                         _0334_ (net)
                  0.06    0.00    6.52 v _3685_/A2 (sky130_fd_sc_hd__o211ai_1)
     2    0.01    0.24    0.22    6.75 ^ _3685_/Y (sky130_fd_sc_hd__o211ai_1)
                                         _0335_ (net)
                  0.24    0.00    6.75 ^ _3688_/A1 (sky130_fd_sc_hd__a21oi_1)
     2    0.01    0.08    0.12    6.86 v _3688_/Y (sky130_fd_sc_hd__a21oi_1)
                                         _0338_ (net)
                  0.08    0.00    6.86 v _3691_/B1 (sky130_fd_sc_hd__a2111oi_0)
     1    0.01    0.59    0.56    7.42 ^ _3691_/Y (sky130_fd_sc_hd__a2111oi_0)
                                         _0341_ (net)
                  0.59    0.00    7.42 ^ _3694_/A (sky130_fd_sc_hd__nor3_2)
     4    0.02    0.14    0.16    7.59 v _3694_/Y (sky130_fd_sc_hd__nor3_2)
                                         _0344_ (net)
                  0.14    0.00    7.59 v _3698_/A4 (sky130_fd_sc_hd__a41oi_2)
     1    0.01    0.20    0.28    7.86 ^ _3698_/Y (sky130_fd_sc_hd__a41oi_2)
                                         _0348_ (net)
                  0.20    0.00    7.86 ^ _3699_/B (sky130_fd_sc_hd__xor2_2)
     7    0.02    0.31    0.31    8.17 ^ _3699_/X (sky130_fd_sc_hd__xor2_2)
                                         _0349_ (net)
                  0.31    0.00    8.17 ^ _3700_/A (sky130_fd_sc_hd__buf_6)
    10    0.03    0.08    0.19    8.36 ^ _3700_/X (sky130_fd_sc_hd__buf_6)
                                         _0350_ (net)
                  0.08    0.00    8.36 ^ _3750_/A1 (sky130_fd_sc_hd__o21a_1)
     1    0.00    0.04    0.12    8.48 ^ _3750_/X (sky130_fd_sc_hd__o21a_1)
                                         _0060_ (net)
                  0.04    0.00    8.48 ^ interp_s2[12]$_SDFF_PP0_/D (sky130_fd_sc_hd__dfxtp_1)
                                  8.48   data arrival time

                  0.00   10.00   10.00   clock core_clock (rise edge)
                          0.00   10.00   clock network delay (ideal)
                          0.00   10.00   clock reconvergence pessimism
                                 10.00 ^ interp_s2[12]$_SDFF_PP0_/CLK (sky130_fd_sc_hd__dfxtp_1)
                         -0.06    9.94   library setup time
                                  9.94   data required time
-----------------------------------------------------------------------------
                                  9.94   data required time
                                 -8.48   data arrival time
-----------------------------------------------------------------------------
                                  1.46   slack (MET)



==========================================================================
global place report_power
--------------------------------------------------------------------------
Group                  Internal  Switching    Leakage      Total
                          Power      Power      Power      Power (Watts)
----------------------------------------------------------------
Sequential             6.05e-04   1.09e-04   1.02e-09   7.13e-04  11.3%
Combinational          2.51e-03   3.10e-03   8.27e-09   5.61e-03  88.7%
Clock                  0.00e+00   0.00e+00   0.00e+00   0.00e+00   0.0%
Macro                  0.00e+00   0.00e+00   0.00e+00   0.00e+00   0.0%
Pad                    0.00e+00   0.00e+00   0.00e+00   0.00e+00   0.0%
----------------------------------------------------------------
Total                  3.11e-03   3.21e-03   9.29e-09   6.32e-03 100.0%
                          49.2%      50.8%       0.0%
