
==========================================================================
cts final report_tns
--------------------------------------------------------------------------
tns 0.00

==========================================================================
cts final report_wns
--------------------------------------------------------------------------
wns 0.00

==========================================================================
cts final report_worst_slack
--------------------------------------------------------------------------
worst slack 1.40

==========================================================================
cts final report_clock_skew
--------------------------------------------------------------------------
Clock core_clock
   0.44 source latency y1_s1[4]$_SDFF_PN0_/CLK ^
  -0.45 target latency interp_s2[0]$_SDFF_PP0_/CLK ^
   0.00 CRPR
--------------
  -0.01 setup skew


==========================================================================
cts final report_checks -path_delay min
--------------------------------------------------------------------------
Startpoint: f_init_s1[7]$_SDFF_PN0_
            (rising edge-triggered flip-flop clocked by core_clock)
Endpoint: f_init_s2[7]$_SDFF_PN0_
          (rising edge-triggered flip-flop clocked by core_clock)
Path Group: core_clock
Path Type: min

Fanout     Cap    Slew   Delay    Time   Description
-----------------------------------------------------------------------------
                          0.00    0.00   clock core_clock (rise edge)
                          0.00    0.00   clock source latency
     1    0.05    0.00    0.00    0.00 ^ clk (in)
                                         clk (net)
                  0.00    0.00    0.00 ^ clkbuf_0_clk/A (sky130_fd_sc_hd__clkbuf_16)
    16    0.20    0.21    0.24    0.24 ^ clkbuf_0_clk/X (sky130_fd_sc_hd__clkbuf_16)
                                         clknet_0_clk (net)
                  0.21    0.00    0.24 ^ clkbuf_4_5_0_clk/A (sky130_fd_sc_hd__clkbuf_16)
     8    0.03    0.06    0.19    0.44 ^ clkbuf_4_5_0_clk/X (sky130_fd_sc_hd__clkbuf_16)
                                         clknet_4_5_0_clk (net)
                  0.06    0.00    0.44 ^ f_init_s1[7]$_SDFF_PN0_/CLK (sky130_fd_sc_hd__dfxtp_1)
     1    0.00    0.04    0.30    0.74 ^ f_init_s1[7]$_SDFF_PN0_/Q (sky130_fd_sc_hd__dfxtp_1)
                                         f_init_s1[7] (net)
                  0.04    0.00    0.74 ^ _3944_/B (sky130_fd_sc_hd__and2_0)
     1    0.00    0.05    0.10    0.84 ^ _3944_/X (sky130_fd_sc_hd__and2_0)
                                         _0030_ (net)
                  0.05    0.00    0.84 ^ f_init_s2[7]$_SDFF_PN0_/D (sky130_fd_sc_hd__dfxtp_1)
                                  0.84   data arrival time

                          0.00    0.00   clock core_clock (rise edge)
                          0.00    0.00   clock source latency
     1    0.05    0.00    0.00    0.00 ^ clk (in)
                                         clk (net)
                  0.00    0.00    0.00 ^ clkbuf_0_clk/A (sky130_fd_sc_hd__clkbuf_16)
    16    0.20    0.21    0.24    0.24 ^ clkbuf_0_clk/X (sky130_fd_sc_hd__clkbuf_16)
                                         clknet_0_clk (net)
                  0.21    0.00    0.24 ^ clkbuf_4_5_0_clk/A (sky130_fd_sc_hd__clkbuf_16)
     8    0.03    0.06    0.19    0.44 ^ clkbuf_4_5_0_clk/X (sky130_fd_sc_hd__clkbuf_16)
                                         clknet_4_5_0_clk (net)
                  0.06    0.00    0.44 ^ f_init_s2[7]$_SDFF_PN0_/CLK (sky130_fd_sc_hd__dfxtp_1)
                          0.00    0.44   clock reconvergence pessimism
                         -0.03    0.41   library hold time
                                  0.41   data required time
-----------------------------------------------------------------------------
                                  0.41   data required time
                                 -0.84   data arrival time
-----------------------------------------------------------------------------
                                  0.43   slack (MET)



==========================================================================
cts final report_checks -path_delay max
--------------------------------------------------------------------------
Startpoint: y0_s1[1]$_SDFF_PN0_
            (rising edge-triggered flip-flop clocked by core_clock)
Endpoint: interp_s2[15]$_SDFF_PP0_
          (rising edge-triggered flip-flop clocked by core_clock)
Path Group: core_clock
Path Type: max

Fanout     Cap    Slew   Delay    Time   Description
-----------------------------------------------------------------------------
                          0.00    0.00   clock core_clock (rise edge)
                          0.00    0.00   clock source latency
     1    0.05    0.00    0.00    0.00 ^ clk (in)
                                         clk (net)
                  0.00    0.00    0.00 ^ clkbuf_0_clk/A (sky130_fd_sc_hd__clkbuf_16)
    16    0.20    0.21    0.24    0.24 ^ clkbuf_0_clk/X (sky130_fd_sc_hd__clkbuf_16)
                                         clknet_0_clk (net)
                  0.21    0.00    0.24 ^ clkbuf_4_14_0_clk/A (sky130_fd_sc_hd__clkbuf_16)
     5    0.04    0.06    0.20    0.44 ^ clkbuf_4_14_0_clk/X (sky130_fd_sc_hd__clkbuf_16)
                                         clknet_4_14_0_clk (net)
                  0.06    0.00    0.44 ^ y0_s1[1]$_SDFF_PN0_/CLK (sky130_fd_sc_hd__dfxtp_1)
     3    0.02    0.15    0.39    0.83 ^ y0_s1[1]$_SDFF_PN0_/Q (sky130_fd_sc_hd__dfxtp_1)
                                         y0_s1[1] (net)
                  0.15    0.00    0.83 ^ _3414_/A (sky130_fd_sc_hd__clkinv_1)
     2    0.01    0.11    0.14    0.98 v _3414_/Y (sky130_fd_sc_hd__clkinv_1)
                                         _1381_ (net)
                  0.11    0.00    0.98 v _4733_/A (sky130_fd_sc_hd__ha_1)
     1    0.00    0.05    0.31    1.28 v _4733_/SUM (sky130_fd_sc_hd__ha_1)
                                         _2265_ (net)
                  0.05    0.00    1.28 v _2718_/B_N (sky130_fd_sc_hd__nor2b_1)
     1    0.00    0.04    0.13    1.41 v _2718_/Y (sky130_fd_sc_hd__nor2b_1)
                                         _0154_ (net)
                  0.04    0.00    1.41 v _2719_/A2 (sky130_fd_sc_hd__o21ai_1)
     2    0.01    0.22    0.21    1.62 ^ _2719_/Y (sky130_fd_sc_hd__o21ai_1)
                                         _0155_ (net)
                  0.22    0.00    1.62 ^ _2720_/A2 (sky130_fd_sc_hd__a21boi_2)
     2    0.01    0.08    0.12    1.74 v _2720_/Y (sky130_fd_sc_hd__a21boi_2)
                                         _0156_ (net)
                  0.08    0.00    1.74 v _2721_/A2 (sky130_fd_sc_hd__o21ai_1)
     2    0.01    0.21    0.20    1.94 ^ _2721_/Y (sky130_fd_sc_hd__o21ai_1)
                                         _0157_ (net)
                  0.21    0.00    1.94 ^ _2724_/A1 (sky130_fd_sc_hd__a21oi_2)
     3    0.02    0.09    0.13    2.06 v _2724_/Y (sky130_fd_sc_hd__a21oi_2)
                                         _0160_ (net)
                  0.09    0.00    2.06 v _2730_/A1 (sky130_fd_sc_hd__a211oi_2)
     3    0.01    0.31    0.32    2.38 ^ _2730_/Y (sky130_fd_sc_hd__a211oi_2)
                                         _0166_ (net)
                  0.31    0.00    2.38 ^ _2734_/A (sky130_fd_sc_hd__nor3_2)
     2    0.01    0.09    0.13    2.51 v _2734_/Y (sky130_fd_sc_hd__nor3_2)
                                         _0170_ (net)
                  0.09    0.00    2.51 v _2738_/A2 (sky130_fd_sc_hd__o31ai_2)
     2    0.01    0.35    0.36    2.87 ^ _2738_/Y (sky130_fd_sc_hd__o31ai_2)
                                         _0174_ (net)
                  0.35    0.00    2.87 ^ _2740_/C (sky130_fd_sc_hd__nand3b_1)
     8    0.03    0.28    0.31    3.18 v _2740_/Y (sky130_fd_sc_hd__nand3b_1)
                                         _0176_ (net)
                  0.28    0.00    3.18 v _3532_/B (sky130_fd_sc_hd__and3b_1)
     1    0.01    0.05    0.28    3.46 v _3532_/X (sky130_fd_sc_hd__and3b_1)
                                         _1088_ (net)
                  0.05    0.00    3.46 v _4448_/CIN (sky130_fd_sc_hd__fa_1)
     1    0.01    0.08    0.50    3.96 ^ _4448_/SUM (sky130_fd_sc_hd__fa_1)
                                         _1089_ (net)
                  0.08    0.00    3.96 ^ _4453_/CIN (sky130_fd_sc_hd__fa_1)
     1    0.01    0.09    0.43    4.38 v _4453_/SUM (sky130_fd_sc_hd__fa_1)
                                         _1109_ (net)
                  0.09    0.00    4.38 v _4458_/CIN (sky130_fd_sc_hd__fa_1)
     1    0.00    0.07    0.50    4.89 ^ _4458_/SUM (sky130_fd_sc_hd__fa_1)
                                         _1131_ (net)
                  0.07    0.00    4.89 ^ _3231_/A (sky130_fd_sc_hd__inv_1)
     1    0.01    0.03    0.05    4.94 v _3231_/Y (sky130_fd_sc_hd__inv_1)
                                         _1149_ (net)
                  0.03    0.00    4.94 v _4463_/CIN (sky130_fd_sc_hd__fa_1)
     1    0.00    0.06    0.47    5.41 ^ _4463_/SUM (sky130_fd_sc_hd__fa_1)
                                         _1151_ (net)
                  0.06    0.00    5.41 ^ _3543_/A (sky130_fd_sc_hd__inv_1)
     1    0.01    0.04    0.05    5.46 v _3543_/Y (sky130_fd_sc_hd__inv_1)
                                         _2341_ (net)
                  0.04    0.00    5.46 v _4755_/B (sky130_fd_sc_hd__ha_1)
     2    0.00    0.05    0.18    5.64 v _4755_/COUT (sky130_fd_sc_hd__ha_1)
                                         _2342_ (net)
                  0.05    0.00    5.64 v _3454_/A (sky130_fd_sc_hd__or3_4)
     2    0.01    0.07    0.39    6.03 v _3454_/X (sky130_fd_sc_hd__or3_4)
                                         _0281_ (net)
                  0.07    0.00    6.03 v _3569_/C (sky130_fd_sc_hd__or3_1)
     1    0.00    0.07    0.32    6.35 v _3569_/X (sky130_fd_sc_hd__or3_1)
                                         _0301_ (net)
                  0.07    0.00    6.35 v _3570_/A2 (sky130_fd_sc_hd__a31oi_1)
     2    0.01    0.29    0.29    6.64 ^ _3570_/Y (sky130_fd_sc_hd__a31oi_1)
                                         _0302_ (net)
                  0.29    0.00    6.64 ^ _3571_/B (sky130_fd_sc_hd__xnor2_1)
     1    0.01    0.16    0.17    6.81 ^ _3571_/Y (sky130_fd_sc_hd__xnor2_1)
                                         _2426_ (net)
                  0.16    0.00    6.81 ^ _4784_/B (sky130_fd_sc_hd__ha_1)
     7    0.02    0.13    0.33    7.14 v _4784_/SUM (sky130_fd_sc_hd__ha_1)
                                         _2428_ (net)
                  0.13    0.00    7.14 v _3687_/B (sky130_fd_sc_hd__nand3_1)
     1    0.00    0.08    0.13    7.27 ^ _3687_/Y (sky130_fd_sc_hd__nand3_1)
                                         _0337_ (net)
                  0.08    0.00    7.27 ^ _3688_/B1 (sky130_fd_sc_hd__a21oi_1)
     2    0.01    0.08    0.05    7.32 v _3688_/Y (sky130_fd_sc_hd__a21oi_1)
                                         _0338_ (net)
                  0.08    0.00    7.32 v _3691_/B1 (sky130_fd_sc_hd__a2111oi_0)
     1    0.01    0.58    0.55    7.87 ^ _3691_/Y (sky130_fd_sc_hd__a2111oi_0)
                                         _0341_ (net)
                  0.58    0.00    7.87 ^ _3694_/A (sky130_fd_sc_hd__nor3_2)
     4    0.02    0.14    0.17    8.04 v _3694_/Y (sky130_fd_sc_hd__nor3_2)
                                         _0344_ (net)
                  0.14    0.00    8.04 v _3698_/A4 (sky130_fd_sc_hd__a41oi_2)
     1    0.01    0.21    0.28    8.32 ^ _3698_/Y (sky130_fd_sc_hd__a41oi_2)
                                         _0348_ (net)
                  0.21    0.00    8.32 ^ _3699_/B (sky130_fd_sc_hd__xor2_2)
     7    0.03    0.34    0.33    8.65 ^ _3699_/X (sky130_fd_sc_hd__xor2_2)
                                         _0349_ (net)
                  0.34    0.00    8.65 ^ _3700_/A (sky130_fd_sc_hd__buf_6)
    10    0.04    0.09    0.20    8.85 ^ _3700_/X (sky130_fd_sc_hd__buf_6)
                                         _0350_ (net)
                  0.09    0.00    8.85 ^ _3766_/A1 (sky130_fd_sc_hd__o21a_1)
     1    0.00    0.05    0.13    8.98 ^ _3766_/X (sky130_fd_sc_hd__o21a_1)
                                         _0063_ (net)
                  0.05    0.00    8.98 ^ interp_s2[15]$_SDFF_PP0_/D (sky130_fd_sc_hd__dfxtp_1)
                                  8.98   data arrival time

                         10.00   10.00   clock core_clock (rise edge)
                          0.00   10.00   clock source latency
     1    0.05    0.00    0.00   10.00 ^ clk (in)
                                         clk (net)
                  0.00    0.00   10.00 ^ clkbuf_0_clk/A (sky130_fd_sc_hd__clkbuf_16)
    16    0.20    0.21    0.24   10.24 ^ clkbuf_0_clk/X (sky130_fd_sc_hd__clkbuf_16)
                                         clknet_0_clk (net)
                  0.21    0.00   10.24 ^ clkbuf_4_9_0_clk/A (sky130_fd_sc_hd__clkbuf_16)
     7    0.03    0.05    0.19   10.44 ^ clkbuf_4_9_0_clk/X (sky130_fd_sc_hd__clkbuf_16)
                                         clknet_4_9_0_clk (net)
                  0.05    0.00   10.44 ^ interp_s2[15]$_SDFF_PP0_/CLK (sky130_fd_sc_hd__dfxtp_1)
                          0.00   10.44   clock reconvergence pessimism
                         -0.05   10.38   library setup time
                                 10.38   data required time
-----------------------------------------------------------------------------
                                 10.38   data required time
                                 -8.98   data arrival time
-----------------------------------------------------------------------------
                                  1.40   slack (MET)



==========================================================================
cts final report_checks -unconstrained
--------------------------------------------------------------------------
Startpoint: y0_s1[1]$_SDFF_PN0_
            (rising edge-triggered flip-flop clocked by core_clock)
Endpoint: interp_s2[15]$_SDFF_PP0_
          (rising edge-triggered flip-flop clocked by core_clock)
Path Group: core_clock
Path Type: max

Fanout     Cap    Slew   Delay    Time   Description
-----------------------------------------------------------------------------
                          0.00    0.00   clock core_clock (rise edge)
                          0.00    0.00   clock source latency
     1    0.05    0.00    0.00    0.00 ^ clk (in)
                                         clk (net)
                  0.00    0.00    0.00 ^ clkbuf_0_clk/A (sky130_fd_sc_hd__clkbuf_16)
    16    0.20    0.21    0.24    0.24 ^ clkbuf_0_clk/X (sky130_fd_sc_hd__clkbuf_16)
                                         clknet_0_clk (net)
                  0.21    0.00    0.24 ^ clkbuf_4_14_0_clk/A (sky130_fd_sc_hd__clkbuf_16)
     5    0.04    0.06    0.20    0.44 ^ clkbuf_4_14_0_clk/X (sky130_fd_sc_hd__clkbuf_16)
                                         clknet_4_14_0_clk (net)
                  0.06    0.00    0.44 ^ y0_s1[1]$_SDFF_PN0_/CLK (sky130_fd_sc_hd__dfxtp_1)
     3    0.02    0.15    0.39    0.83 ^ y0_s1[1]$_SDFF_PN0_/Q (sky130_fd_sc_hd__dfxtp_1)
                                         y0_s1[1] (net)
                  0.15    0.00    0.83 ^ _3414_/A (sky130_fd_sc_hd__clkinv_1)
     2    0.01    0.11    0.14    0.98 v _3414_/Y (sky130_fd_sc_hd__clkinv_1)
                                         _1381_ (net)
                  0.11    0.00    0.98 v _4733_/A (sky130_fd_sc_hd__ha_1)
     1    0.00    0.05    0.31    1.28 v _4733_/SUM (sky130_fd_sc_hd__ha_1)
                                         _2265_ (net)
                  0.05    0.00    1.28 v _2718_/B_N (sky130_fd_sc_hd__nor2b_1)
     1    0.00    0.04    0.13    1.41 v _2718_/Y (sky130_fd_sc_hd__nor2b_1)
                                         _0154_ (net)
                  0.04    0.00    1.41 v _2719_/A2 (sky130_fd_sc_hd__o21ai_1)
     2    0.01    0.22    0.21    1.62 ^ _2719_/Y (sky130_fd_sc_hd__o21ai_1)
                                         _0155_ (net)
                  0.22    0.00    1.62 ^ _2720_/A2 (sky130_fd_sc_hd__a21boi_2)
     2    0.01    0.08    0.12    1.74 v _2720_/Y (sky130_fd_sc_hd__a21boi_2)
                                         _0156_ (net)
                  0.08    0.00    1.74 v _2721_/A2 (sky130_fd_sc_hd__o21ai_1)
     2    0.01    0.21    0.20    1.94 ^ _2721_/Y (sky130_fd_sc_hd__o21ai_1)
                                         _0157_ (net)
                  0.21    0.00    1.94 ^ _2724_/A1 (sky130_fd_sc_hd__a21oi_2)
     3    0.02    0.09    0.13    2.06 v _2724_/Y (sky130_fd_sc_hd__a21oi_2)
                                         _0160_ (net)
                  0.09    0.00    2.06 v _2730_/A1 (sky130_fd_sc_hd__a211oi_2)
     3    0.01    0.31    0.32    2.38 ^ _2730_/Y (sky130_fd_sc_hd__a211oi_2)
                                         _0166_ (net)
                  0.31    0.00    2.38 ^ _2734_/A (sky130_fd_sc_hd__nor3_2)
     2    0.01    0.09    0.13    2.51 v _2734_/Y (sky130_fd_sc_hd__nor3_2)
                                         _0170_ (net)
                  0.09    0.00    2.51 v _2738_/A2 (sky130_fd_sc_hd__o31ai_2)
     2    0.01    0.35    0.36    2.87 ^ _2738_/Y (sky130_fd_sc_hd__o31ai_2)
                                         _0174_ (net)
                  0.35    0.00    2.87 ^ _2740_/C (sky130_fd_sc_hd__nand3b_1)
     8    0.03    0.28    0.31    3.18 v _2740_/Y (sky130_fd_sc_hd__nand3b_1)
                                         _0176_ (net)
                  0.28    0.00    3.18 v _3532_/B (sky130_fd_sc_hd__and3b_1)
     1    0.01    0.05    0.28    3.46 v _3532_/X (sky130_fd_sc_hd__and3b_1)
                                         _1088_ (net)
                  0.05    0.00    3.46 v _4448_/CIN (sky130_fd_sc_hd__fa_1)
     1    0.01    0.08    0.50    3.96 ^ _4448_/SUM (sky130_fd_sc_hd__fa_1)
                                         _1089_ (net)
                  0.08    0.00    3.96 ^ _4453_/CIN (sky130_fd_sc_hd__fa_1)
     1    0.01    0.09    0.43    4.38 v _4453_/SUM (sky130_fd_sc_hd__fa_1)
                                         _1109_ (net)
                  0.09    0.00    4.38 v _4458_/CIN (sky130_fd_sc_hd__fa_1)
     1    0.00    0.07    0.50    4.89 ^ _4458_/SUM (sky130_fd_sc_hd__fa_1)
                                         _1131_ (net)
                  0.07    0.00    4.89 ^ _3231_/A (sky130_fd_sc_hd__inv_1)
     1    0.01    0.03    0.05    4.94 v _3231_/Y (sky130_fd_sc_hd__inv_1)
                                         _1149_ (net)
                  0.03    0.00    4.94 v _4463_/CIN (sky130_fd_sc_hd__fa_1)
     1    0.00    0.06    0.47    5.41 ^ _4463_/SUM (sky130_fd_sc_hd__fa_1)
                                         _1151_ (net)
                  0.06    0.00    5.41 ^ _3543_/A (sky130_fd_sc_hd__inv_1)
     1    0.01    0.04    0.05    5.46 v _3543_/Y (sky130_fd_sc_hd__inv_1)
                                         _2341_ (net)
                  0.04    0.00    5.46 v _4755_/B (sky130_fd_sc_hd__ha_1)
     2    0.00    0.05    0.18    5.64 v _4755_/COUT (sky130_fd_sc_hd__ha_1)
                                         _2342_ (net)
                  0.05    0.00    5.64 v _3454_/A (sky130_fd_sc_hd__or3_4)
     2    0.01    0.07    0.39    6.03 v _3454_/X (sky130_fd_sc_hd__or3_4)
                                         _0281_ (net)
                  0.07    0.00    6.03 v _3569_/C (sky130_fd_sc_hd__or3_1)
     1    0.00    0.07    0.32    6.35 v _3569_/X (sky130_fd_sc_hd__or3_1)
                                         _0301_ (net)
                  0.07    0.00    6.35 v _3570_/A2 (sky130_fd_sc_hd__a31oi_1)
     2    0.01    0.29    0.29    6.64 ^ _3570_/Y (sky130_fd_sc_hd__a31oi_1)
                                         _0302_ (net)
                  0.29    0.00    6.64 ^ _3571_/B (sky130_fd_sc_hd__xnor2_1)
     1    0.01    0.16    0.17    6.81 ^ _3571_/Y (sky130_fd_sc_hd__xnor2_1)
                                         _2426_ (net)
                  0.16    0.00    6.81 ^ _4784_/B (sky130_fd_sc_hd__ha_1)
     7    0.02    0.13    0.33    7.14 v _4784_/SUM (sky130_fd_sc_hd__ha_1)
                                         _2428_ (net)
                  0.13    0.00    7.14 v _3687_/B (sky130_fd_sc_hd__nand3_1)
     1    0.00    0.08    0.13    7.27 ^ _3687_/Y (sky130_fd_sc_hd__nand3_1)
                                         _0337_ (net)
                  0.08    0.00    7.27 ^ _3688_/B1 (sky130_fd_sc_hd__a21oi_1)
     2    0.01    0.08    0.05    7.32 v _3688_/Y (sky130_fd_sc_hd__a21oi_1)
                                         _0338_ (net)
                  0.08    0.00    7.32 v _3691_/B1 (sky130_fd_sc_hd__a2111oi_0)
     1    0.01    0.58    0.55    7.87 ^ _3691_/Y (sky130_fd_sc_hd__a2111oi_0)
                                         _0341_ (net)
                  0.58    0.00    7.87 ^ _3694_/A (sky130_fd_sc_hd__nor3_2)
     4    0.02    0.14    0.17    8.04 v _3694_/Y (sky130_fd_sc_hd__nor3_2)
                                         _0344_ (net)
                  0.14    0.00    8.04 v _3698_/A4 (sky130_fd_sc_hd__a41oi_2)
     1    0.01    0.21    0.28    8.32 ^ _3698_/Y (sky130_fd_sc_hd__a41oi_2)
                                         _0348_ (net)
                  0.21    0.00    8.32 ^ _3699_/B (sky130_fd_sc_hd__xor2_2)
     7    0.03    0.34    0.33    8.65 ^ _3699_/X (sky130_fd_sc_hd__xor2_2)
                                         _0349_ (net)
                  0.34    0.00    8.65 ^ _3700_/A (sky130_fd_sc_hd__buf_6)
    10    0.04    0.09    0.20    8.85 ^ _3700_/X (sky130_fd_sc_hd__buf_6)
                                         _0350_ (net)
                  0.09    0.00    8.85 ^ _3766_/A1 (sky130_fd_sc_hd__o21a_1)
     1    0.00    0.05    0.13    8.98 ^ _3766_/X (sky130_fd_sc_hd__o21a_1)
                                         _0063_ (net)
                  0.05    0.00    8.98 ^ interp_s2[15]$_SDFF_PP0_/D (sky130_fd_sc_hd__dfxtp_1)
                                  8.98   data arrival time

                         10.00   10.00   clock core_clock (rise edge)
                          0.00   10.00   clock source latency
     1    0.05    0.00    0.00   10.00 ^ clk (in)
                                         clk (net)
                  0.00    0.00   10.00 ^ clkbuf_0_clk/A (sky130_fd_sc_hd__clkbuf_16)
    16    0.20    0.21    0.24   10.24 ^ clkbuf_0_clk/X (sky130_fd_sc_hd__clkbuf_16)
                                         clknet_0_clk (net)
                  0.21    0.00   10.24 ^ clkbuf_4_9_0_clk/A (sky130_fd_sc_hd__clkbuf_16)
     7    0.03    0.05    0.19   10.44 ^ clkbuf_4_9_0_clk/X (sky130_fd_sc_hd__clkbuf_16)
                                         clknet_4_9_0_clk (net)
                  0.05    0.00   10.44 ^ interp_s2[15]$_SDFF_PP0_/CLK (sky130_fd_sc_hd__dfxtp_1)
                          0.00   10.44   clock reconvergence pessimism
                         -0.05   10.38   library setup time
                                 10.38   data required time
-----------------------------------------------------------------------------
                                 10.38   data required time
                                 -8.98   data arrival time
-----------------------------------------------------------------------------
                                  1.40   slack (MET)



==========================================================================
cts final report_check_types -max_slew -max_cap -max_fanout -violators
--------------------------------------------------------------------------

==========================================================================
cts final max_slew_check_slack
--------------------------------------------------------------------------
0.4739919602870941

==========================================================================
cts final max_slew_check_limit
--------------------------------------------------------------------------
1.5

==========================================================================
cts final max_slew_check_slack_limit
--------------------------------------------------------------------------
0.3160

==========================================================================
cts final max_fanout_check_slack
--------------------------------------------------------------------------
1.0000000150474662e+30

==========================================================================
cts final max_fanout_check_limit
--------------------------------------------------------------------------
1.0000000150474662e+30

==========================================================================
cts final max_capacitance_check_slack
--------------------------------------------------------------------------
0.014355785213410854

==========================================================================
cts final max_capacitance_check_limit
--------------------------------------------------------------------------
0.021067000925540924

==========================================================================
cts final max_capacitance_check_slack_limit
--------------------------------------------------------------------------
0.6814

==========================================================================
cts final max_slew_violation_count
--------------------------------------------------------------------------
max slew violation count 0

==========================================================================
cts final max_fanout_violation_count
--------------------------------------------------------------------------
max fanout violation count 0

==========================================================================
cts final max_cap_violation_count
--------------------------------------------------------------------------
max cap violation count 0

==========================================================================
cts final setup_violation_count
--------------------------------------------------------------------------
setup violation count 0

==========================================================================
cts final hold_violation_count
--------------------------------------------------------------------------
hold violation count 0

==========================================================================
cts final report_checks -path_delay max reg to reg
--------------------------------------------------------------------------
Startpoint: y0_s1[1]$_SDFF_PN0_
            (rising edge-triggered flip-flop clocked by core_clock)
Endpoint: interp_s2[15]$_SDFF_PP0_
          (rising edge-triggered flip-flop clocked by core_clock)
Path Group: core_clock
Path Type: max

  Delay    Time   Description
---------------------------------------------------------
   0.00    0.00   clock core_clock (rise edge)
   0.00    0.00   clock source latency
   0.00    0.00 ^ clk (in)
   0.24    0.24 ^ clkbuf_0_clk/X (sky130_fd_sc_hd__clkbuf_16)
   0.20    0.44 ^ clkbuf_4_14_0_clk/X (sky130_fd_sc_hd__clkbuf_16)
   0.00    0.44 ^ y0_s1[1]$_SDFF_PN0_/CLK (sky130_fd_sc_hd__dfxtp_1)
   0.39    0.83 ^ y0_s1[1]$_SDFF_PN0_/Q (sky130_fd_sc_hd__dfxtp_1)
   0.14    0.98 v _3414_/Y (sky130_fd_sc_hd__clkinv_1)
   0.31    1.28 v _4733_/SUM (sky130_fd_sc_hd__ha_1)
   0.13    1.41 v _2718_/Y (sky130_fd_sc_hd__nor2b_1)
   0.21    1.62 ^ _2719_/Y (sky130_fd_sc_hd__o21ai_1)
   0.12    1.74 v _2720_/Y (sky130_fd_sc_hd__a21boi_2)
   0.20    1.94 ^ _2721_/Y (sky130_fd_sc_hd__o21ai_1)
   0.13    2.06 v _2724_/Y (sky130_fd_sc_hd__a21oi_2)
   0.32    2.38 ^ _2730_/Y (sky130_fd_sc_hd__a211oi_2)
   0.13    2.51 v _2734_/Y (sky130_fd_sc_hd__nor3_2)
   0.36    2.87 ^ _2738_/Y (sky130_fd_sc_hd__o31ai_2)
   0.31    3.18 v _2740_/Y (sky130_fd_sc_hd__nand3b_1)
   0.28    3.46 v _3532_/X (sky130_fd_sc_hd__and3b_1)
   0.50    3.96 ^ _4448_/SUM (sky130_fd_sc_hd__fa_1)
   0.43    4.38 v _4453_/SUM (sky130_fd_sc_hd__fa_1)
   0.50    4.89 ^ _4458_/SUM (sky130_fd_sc_hd__fa_1)
   0.05    4.94 v _3231_/Y (sky130_fd_sc_hd__inv_1)
   0.47    5.41 ^ _4463_/SUM (sky130_fd_sc_hd__fa_1)
   0.05    5.46 v _3543_/Y (sky130_fd_sc_hd__inv_1)
   0.18    5.64 v _4755_/COUT (sky130_fd_sc_hd__ha_1)
   0.39    6.03 v _3454_/X (sky130_fd_sc_hd__or3_4)
   0.32    6.35 v _3569_/X (sky130_fd_sc_hd__or3_1)
   0.29    6.64 ^ _3570_/Y (sky130_fd_sc_hd__a31oi_1)
   0.17    6.81 ^ _3571_/Y (sky130_fd_sc_hd__xnor2_1)
   0.33    7.14 v _4784_/SUM (sky130_fd_sc_hd__ha_1)
   0.13    7.27 ^ _3687_/Y (sky130_fd_sc_hd__nand3_1)
   0.05    7.32 v _3688_/Y (sky130_fd_sc_hd__a21oi_1)
   0.55    7.87 ^ _3691_/Y (sky130_fd_sc_hd__a2111oi_0)
   0.17    8.04 v _3694_/Y (sky130_fd_sc_hd__nor3_2)
   0.28    8.32 ^ _3698_/Y (sky130_fd_sc_hd__a41oi_2)
   0.33    8.65 ^ _3699_/X (sky130_fd_sc_hd__xor2_2)
   0.20    8.85 ^ _3700_/X (sky130_fd_sc_hd__buf_6)
   0.13    8.98 ^ _3766_/X (sky130_fd_sc_hd__o21a_1)
   0.00    8.98 ^ interp_s2[15]$_SDFF_PP0_/D (sky130_fd_sc_hd__dfxtp_1)
           8.98   data arrival time

  10.00   10.00   clock core_clock (rise edge)
   0.00   10.00   clock source latency
   0.00   10.00 ^ clk (in)
   0.24   10.24 ^ clkbuf_0_clk/X (sky130_fd_sc_hd__clkbuf_16)
   0.19   10.44 ^ clkbuf_4_9_0_clk/X (sky130_fd_sc_hd__clkbuf_16)
   0.00   10.44 ^ interp_s2[15]$_SDFF_PP0_/CLK (sky130_fd_sc_hd__dfxtp_1)
   0.00   10.44   clock reconvergence pessimism
  -0.05   10.38   library setup time
          10.38   data required time
---------------------------------------------------------
          10.38   data required time
          -8.98   data arrival time
---------------------------------------------------------
           1.40   slack (MET)



==========================================================================
cts final report_checks -path_delay min reg to reg
--------------------------------------------------------------------------
Startpoint: f_init_s1[7]$_SDFF_PN0_
            (rising edge-triggered flip-flop clocked by core_clock)
Endpoint: f_init_s2[7]$_SDFF_PN0_
          (rising edge-triggered flip-flop clocked by core_clock)
Path Group: core_clock
Path Type: min

  Delay    Time   Description
---------------------------------------------------------
   0.00    0.00   clock core_clock (rise edge)
   0.00    0.00   clock source latency
   0.00    0.00 ^ clk (in)
   0.24    0.24 ^ clkbuf_0_clk/X (sky130_fd_sc_hd__clkbuf_16)
   0.20    0.44 ^ clkbuf_4_5_0_clk/X (sky130_fd_sc_hd__clkbuf_16)
   0.00    0.44 ^ f_init_s1[7]$_SDFF_PN0_/CLK (sky130_fd_sc_hd__dfxtp_1)
   0.30    0.74 ^ f_init_s1[7]$_SDFF_PN0_/Q (sky130_fd_sc_hd__dfxtp_1)
   0.10    0.84 ^ _3944_/X (sky130_fd_sc_hd__and2_0)
   0.00    0.84 ^ f_init_s2[7]$_SDFF_PN0_/D (sky130_fd_sc_hd__dfxtp_1)
           0.84   data arrival time

   0.00    0.00   clock core_clock (rise edge)
   0.00    0.00   clock source latency
   0.00    0.00 ^ clk (in)
   0.24    0.24 ^ clkbuf_0_clk/X (sky130_fd_sc_hd__clkbuf_16)
   0.20    0.44 ^ clkbuf_4_5_0_clk/X (sky130_fd_sc_hd__clkbuf_16)
   0.00    0.44 ^ f_init_s2[7]$_SDFF_PN0_/CLK (sky130_fd_sc_hd__dfxtp_1)
   0.00    0.44   clock reconvergence pessimism
  -0.03    0.41   library hold time
           0.41   data required time
---------------------------------------------------------
           0.41   data required time
          -0.84   data arrival time
---------------------------------------------------------
           0.43   slack (MET)



==========================================================================
cts final critical path target clock latency max path
--------------------------------------------------------------------------
0.4363

==========================================================================
cts final critical path target clock latency min path
--------------------------------------------------------------------------
0.4423

==========================================================================
cts final critical path source clock latency min path
--------------------------------------------------------------------------
0.0000

==========================================================================
cts final critical path delay
--------------------------------------------------------------------------
8.9842

==========================================================================
cts final critical path slack
--------------------------------------------------------------------------
1.3980

==========================================================================
cts final slack div critical path delay
--------------------------------------------------------------------------
15.560651

==========================================================================
cts final report_power
--------------------------------------------------------------------------
Group                  Internal  Switching    Leakage      Total
                          Power      Power      Power      Power (Watts)
----------------------------------------------------------------
Sequential             5.93e-04   1.09e-04   1.02e-09   7.02e-04  10.0%
Combinational          2.51e-03   3.20e-03   8.31e-09   5.71e-03  81.1%
Clock                  3.71e-04   2.60e-04   2.83e-10   6.31e-04   9.0%
Macro                  0.00e+00   0.00e+00   0.00e+00   0.00e+00   0.0%
Pad                    0.00e+00   0.00e+00   0.00e+00   0.00e+00   0.0%
----------------------------------------------------------------
Total                  3.48e-03   3.56e-03   9.61e-09   7.04e-03 100.0%
                          49.4%      50.6%       0.0%
