
==========================================================================
global route report_tns
--------------------------------------------------------------------------
tns 0.00

==========================================================================
global route report_wns
--------------------------------------------------------------------------
wns 0.00

==========================================================================
global route report_worst_slack
--------------------------------------------------------------------------
worst slack 0.88

==========================================================================
global route report_clock_skew
--------------------------------------------------------------------------
Clock core_clock
   0.44 source latency y1_s1[0]$_SDFF_PN0_/CLK ^
  -0.45 target latency interp_s2[0]$_SDFF_PP0_/CLK ^
   0.00 CRPR
--------------
  -0.01 setup skew


==========================================================================
global route report_checks -path_delay min
--------------------------------------------------------------------------
Startpoint: f_init_s1[8]$_SDFF_PN0_
            (rising edge-triggered flip-flop clocked by core_clock)
Endpoint: f_init_s2[8]$_SDFF_PN0_
          (rising edge-triggered flip-flop clocked by core_clock)
Path Group: core_clock
Path Type: min

Fanout     Cap    Slew   Delay    Time   Description
-----------------------------------------------------------------------------
                          0.00    0.00   clock core_clock (rise edge)
                          0.00    0.00   clock source latency
     1    0.04    0.00    0.00    0.00 ^ clk (in)
                                         clk (net)
                  0.00    0.00    0.00 ^ clkbuf_0_clk/A (sky130_fd_sc_hd__clkbuf_16)
    16    0.20    0.21    0.24    0.24 ^ clkbuf_0_clk/X (sky130_fd_sc_hd__clkbuf_16)
                                         clknet_0_clk (net)
                  0.22    0.01    0.25 ^ clkbuf_4_4_0_clk/A (sky130_fd_sc_hd__clkbuf_16)
     7    0.04    0.06    0.20    0.44 ^ clkbuf_4_4_0_clk/X (sky130_fd_sc_hd__clkbuf_16)
                                         clknet_4_4_0_clk (net)
                  0.06    0.00    0.44 ^ f_init_s1[8]$_SDFF_PN0_/CLK (sky130_fd_sc_hd__dfxtp_1)
     1    0.00    0.04    0.30    0.75 ^ f_init_s1[8]$_SDFF_PN0_/Q (sky130_fd_sc_hd__dfxtp_1)
                                         f_init_s1[8] (net)
                  0.04    0.00    0.75 ^ _3945_/B (sky130_fd_sc_hd__and2_0)
     1    0.00    0.06    0.12    0.86 ^ _3945_/X (sky130_fd_sc_hd__and2_0)
                                         _0031_ (net)
                  0.06    0.00    0.86 ^ f_init_s2[8]$_SDFF_PN0_/D (sky130_fd_sc_hd__dfxtp_1)
                                  0.86   data arrival time

                          0.00    0.00   clock core_clock (rise edge)
                          0.00    0.00   clock source latency
     1    0.04    0.00    0.00    0.00 ^ clk (in)
                                         clk (net)
                  0.00    0.00    0.00 ^ clkbuf_0_clk/A (sky130_fd_sc_hd__clkbuf_16)
    16    0.20    0.21    0.24    0.24 ^ clkbuf_0_clk/X (sky130_fd_sc_hd__clkbuf_16)
                                         clknet_0_clk (net)
                  0.22    0.01    0.25 ^ clkbuf_4_7_0_clk/A (sky130_fd_sc_hd__clkbuf_16)
    11    0.04    0.06    0.20    0.45 ^ clkbuf_4_7_0_clk/X (sky130_fd_sc_hd__clkbuf_16)
                                         clknet_4_7_0_clk (net)
                  0.06    0.00    0.45 ^ f_init_s2[8]$_SDFF_PN0_/CLK (sky130_fd_sc_hd__dfxtp_1)
                          0.00    0.45   clock reconvergence pessimism
                         -0.03    0.42   library hold time
                                  0.42   data required time
-----------------------------------------------------------------------------
                                  0.42   data required time
                                 -0.86   data arrival time
-----------------------------------------------------------------------------
                                  0.45   slack (MET)



==========================================================================
global route report_checks -path_delay max
--------------------------------------------------------------------------
Startpoint: y1_s1[0]$_SDFF_PN0_
            (rising edge-triggered flip-flop clocked by core_clock)
Endpoint: interp_s2[13]$_SDFF_PP0_
          (rising edge-triggered flip-flop clocked by core_clock)
Path Group: core_clock
Path Type: max

Fanout     Cap    Slew   Delay    Time   Description
-----------------------------------------------------------------------------
                          0.00    0.00   clock core_clock (rise edge)
                          0.00    0.00   clock source latency
     1    0.04    0.00    0.00    0.00 ^ clk (in)
                                         clk (net)
                  0.00    0.00    0.00 ^ clkbuf_0_clk/A (sky130_fd_sc_hd__clkbuf_16)
    16    0.20    0.21    0.24    0.24 ^ clkbuf_0_clk/X (sky130_fd_sc_hd__clkbuf_16)
                                         clknet_0_clk (net)
                  0.22    0.01    0.25 ^ clkbuf_4_13_0_clk/A (sky130_fd_sc_hd__clkbuf_16)
     7    0.03    0.06    0.19    0.44 ^ clkbuf_4_13_0_clk/X (sky130_fd_sc_hd__clkbuf_16)
                                         clknet_4_13_0_clk (net)
                  0.06    0.00    0.44 ^ y1_s1[0]$_SDFF_PN0_/CLK (sky130_fd_sc_hd__dfxtp_1)
     1    0.01    0.07    0.32    0.76 ^ y1_s1[0]$_SDFF_PN0_/Q (sky130_fd_sc_hd__dfxtp_1)
                                         y1_s1[0] (net)
                  0.07    0.00    0.76 ^ _3554_/A (sky130_fd_sc_hd__inv_1)
     1    0.00    0.03    0.05    0.81 v _3554_/Y (sky130_fd_sc_hd__inv_1)
                                         _2371_ (net)
                  0.03    0.00    0.81 v _4764_/B (sky130_fd_sc_hd__ha_1)
     2    0.01    0.08    0.21    1.03 v _4764_/COUT (sky130_fd_sc_hd__ha_1)
                                         _1267_ (net)
                  0.08    0.00    1.03 v _4492_/CIN (sky130_fd_sc_hd__fa_1)
     2    0.02    0.17    0.49    1.52 v _4492_/COUT (sky130_fd_sc_hd__fa_1)
                                         _1268_ (net)
                  0.17    0.00    1.52 v _2685_/A (sky130_fd_sc_hd__nor2b_1)
     1    0.01    0.18    0.22    1.74 ^ _2685_/Y (sky130_fd_sc_hd__nor2b_1)
                                         _0127_ (net)
                  0.18    0.00    1.74 ^ _2686_/A2 (sky130_fd_sc_hd__o21ai_2)
     2    0.02    0.08    0.11    1.86 v _2686_/Y (sky130_fd_sc_hd__o21ai_2)
                                         _0128_ (net)
                  0.08    0.00    1.86 v _2687_/A2 (sky130_fd_sc_hd__a21boi_4)
     2    0.02    0.17    0.21    2.07 ^ _2687_/Y (sky130_fd_sc_hd__a21boi_4)
                                         _0129_ (net)
                  0.17    0.00    2.07 ^ _2688_/A2 (sky130_fd_sc_hd__o21ai_2)
     2    0.01    0.09    0.10    2.17 v _2688_/Y (sky130_fd_sc_hd__o21ai_2)
                                         _0130_ (net)
                  0.09    0.00    2.17 v _2689_/A2 (sky130_fd_sc_hd__a21boi_4)
     3    0.02    0.20    0.24    2.41 ^ _2689_/Y (sky130_fd_sc_hd__a21boi_4)
                                         _0131_ (net)
                  0.20    0.00    2.41 ^ _2690_/A2 (sky130_fd_sc_hd__o2111ai_2)
     2    0.01    0.14    0.16    2.57 v _2690_/Y (sky130_fd_sc_hd__o2111ai_2)
                                         _0132_ (net)
                  0.14    0.00    2.57 v _2694_/A (sky130_fd_sc_hd__nand3_2)
     4    0.02    0.12    0.15    2.72 ^ _2694_/Y (sky130_fd_sc_hd__nand3_2)
                                         _0136_ (net)
                  0.12    0.00    2.72 ^ _2746_/A1 (sky130_fd_sc_hd__a2111oi_0)
     1    0.00    0.11    0.12    2.84 v _2746_/Y (sky130_fd_sc_hd__a2111oi_0)
                                         _0180_ (net)
                  0.11    0.00    2.84 v _2751_/B (sky130_fd_sc_hd__or3_1)
     1    0.00    0.07    0.37    3.21 v _2751_/X (sky130_fd_sc_hd__or3_1)
                                         _0185_ (net)
                  0.07    0.00    3.21 v _2752_/A (sky130_fd_sc_hd__buf_1)
     8    0.03    0.19    0.22    3.43 v _2752_/X (sky130_fd_sc_hd__buf_1)
                                         _0186_ (net)
                  0.19    0.00    3.43 v _2766_/B (sky130_fd_sc_hd__and2_0)
     1    0.01    0.08    0.25    3.69 v _2766_/X (sky130_fd_sc_hd__and2_0)
                                         _1087_ (net)
                  0.08    0.00    3.69 v _4448_/B (sky130_fd_sc_hd__fa_1)
     1    0.01    0.09    0.54    4.23 ^ _4448_/SUM (sky130_fd_sc_hd__fa_1)
                                         _1089_ (net)
                  0.09    0.00    4.23 ^ _4453_/CIN (sky130_fd_sc_hd__fa_1)
     1    0.01    0.09    0.43    4.66 v _4453_/SUM (sky130_fd_sc_hd__fa_1)
                                         _1109_ (net)
                  0.09    0.00    4.66 v _4458_/CIN (sky130_fd_sc_hd__fa_1)
     1    0.01    0.09    0.52    5.18 ^ _4458_/SUM (sky130_fd_sc_hd__fa_1)
                                         _1131_ (net)
                  0.09    0.00    5.18 ^ _3231_/A (sky130_fd_sc_hd__inv_1)
     1    0.01    0.05    0.06    5.24 v _3231_/Y (sky130_fd_sc_hd__inv_1)
                                         _1149_ (net)
                  0.05    0.00    5.24 v _4463_/CIN (sky130_fd_sc_hd__fa_1)
     1    0.00    0.06    0.48    5.72 ^ _4463_/SUM (sky130_fd_sc_hd__fa_1)
                                         _1151_ (net)
                  0.06    0.00    5.72 ^ _3543_/A (sky130_fd_sc_hd__inv_1)
     1    0.01    0.05    0.06    5.79 v _3543_/Y (sky130_fd_sc_hd__inv_1)
                                         _2341_ (net)
                  0.05    0.00    5.79 v _4755_/B (sky130_fd_sc_hd__ha_1)
     2    0.01    0.06    0.19    5.98 v _4755_/COUT (sky130_fd_sc_hd__ha_1)
                                         _2342_ (net)
                  0.06    0.00    5.98 v _3454_/A (sky130_fd_sc_hd__or3_4)
     2    0.01    0.07    0.39    6.38 v _3454_/X (sky130_fd_sc_hd__or3_4)
                                         _0281_ (net)
                  0.07    0.00    6.38 v _3569_/C (sky130_fd_sc_hd__or3_1)
     1    0.01    0.08    0.33    6.71 v _3569_/X (sky130_fd_sc_hd__or3_1)
                                         _0301_ (net)
                  0.08    0.00    6.71 v _3570_/A2 (sky130_fd_sc_hd__a31oi_1)
     2    0.01    0.33    0.33    7.04 ^ _3570_/Y (sky130_fd_sc_hd__a31oi_1)
                                         _0302_ (net)
                  0.33    0.00    7.04 ^ _3571_/B (sky130_fd_sc_hd__xnor2_1)
     1    0.01    0.18    0.18    7.22 ^ _3571_/Y (sky130_fd_sc_hd__xnor2_1)
                                         _2426_ (net)
                  0.18    0.00    7.22 ^ _4784_/B (sky130_fd_sc_hd__ha_1)
     7    0.02    0.15    0.34    7.57 v _4784_/SUM (sky130_fd_sc_hd__ha_1)
                                         _2428_ (net)
                  0.15    0.00    7.57 v _3687_/B (sky130_fd_sc_hd__nand3_1)
     1    0.01    0.09    0.14    7.71 ^ _3687_/Y (sky130_fd_sc_hd__nand3_1)
                                         _0337_ (net)
                  0.09    0.00    7.71 ^ _3688_/B1 (sky130_fd_sc_hd__a21oi_1)
     2    0.01    0.09    0.07    7.77 v _3688_/Y (sky130_fd_sc_hd__a21oi_1)
                                         _0338_ (net)
                  0.09    0.00    7.77 v _3691_/B1 (sky130_fd_sc_hd__a2111oi_0)
     1    0.01    0.58    0.56    8.33 ^ _3691_/Y (sky130_fd_sc_hd__a2111oi_0)
                                         _0341_ (net)
                  0.58    0.00    8.33 ^ _3694_/A (sky130_fd_sc_hd__nor3_2)
     4    0.02    0.14    0.17    8.50 v _3694_/Y (sky130_fd_sc_hd__nor3_2)
                                         _0344_ (net)
                  0.14    0.00    8.50 v _3698_/A4 (sky130_fd_sc_hd__a41oi_2)
     1    0.01    0.21    0.29    8.79 ^ _3698_/Y (sky130_fd_sc_hd__a41oi_2)
                                         _0348_ (net)
                  0.21    0.00    8.79 ^ _3699_/B (sky130_fd_sc_hd__xor2_2)
     7    0.03    0.38    0.36    9.15 ^ _3699_/X (sky130_fd_sc_hd__xor2_2)
                                         _0349_ (net)
                  0.38    0.00    9.15 ^ _3700_/A (sky130_fd_sc_hd__buf_6)
    10    0.05    0.10    0.21    9.36 ^ _3700_/X (sky130_fd_sc_hd__buf_6)
                                         _0350_ (net)
                  0.10    0.00    9.36 ^ _3754_/A1 (sky130_fd_sc_hd__o21a_1)
     1    0.01    0.06    0.15    9.51 ^ _3754_/X (sky130_fd_sc_hd__o21a_1)
                                         _0061_ (net)
                  0.06    0.00    9.51 ^ interp_s2[13]$_SDFF_PP0_/D (sky130_fd_sc_hd__dfxtp_1)
                                  9.51   data arrival time

                         10.00   10.00   clock core_clock (rise edge)
                          0.00   10.00   clock source latency
     1    0.04    0.00    0.00   10.00 ^ clk (in)
                                         clk (net)
                  0.00    0.00   10.00 ^ clkbuf_0_clk/A (sky130_fd_sc_hd__clkbuf_16)
    16    0.20    0.21    0.24   10.24 ^ clkbuf_0_clk/X (sky130_fd_sc_hd__clkbuf_16)
                                         clknet_0_clk (net)
                  0.22    0.01   10.25 ^ clkbuf_4_9_0_clk/A (sky130_fd_sc_hd__clkbuf_16)
     7    0.04    0.06    0.20   10.44 ^ clkbuf_4_9_0_clk/X (sky130_fd_sc_hd__clkbuf_16)
                                         clknet_4_9_0_clk (net)
                  0.06    0.00   10.44 ^ interp_s2[13]$_SDFF_PP0_/CLK (sky130_fd_sc_hd__dfxtp_1)
                          0.00   10.44   clock reconvergence pessimism
                         -0.06   10.39   library setup time
                                 10.39   data required time
-----------------------------------------------------------------------------
                                 10.39   data required time
                                 -9.51   data arrival time
-----------------------------------------------------------------------------
                                  0.88   slack (MET)



==========================================================================
global route report_checks -unconstrained
--------------------------------------------------------------------------
Startpoint: y1_s1[0]$_SDFF_PN0_
            (rising edge-triggered flip-flop clocked by core_clock)
Endpoint: interp_s2[13]$_SDFF_PP0_
          (rising edge-triggered flip-flop clocked by core_clock)
Path Group: core_clock
Path Type: max

Fanout     Cap    Slew   Delay    Time   Description
-----------------------------------------------------------------------------
                          0.00    0.00   clock core_clock (rise edge)
                          0.00    0.00   clock source latency
     1    0.04    0.00    0.00    0.00 ^ clk (in)
                                         clk (net)
                  0.00    0.00    0.00 ^ clkbuf_0_clk/A (sky130_fd_sc_hd__clkbuf_16)
    16    0.20    0.21    0.24    0.24 ^ clkbuf_0_clk/X (sky130_fd_sc_hd__clkbuf_16)
                                         clknet_0_clk (net)
                  0.22    0.01    0.25 ^ clkbuf_4_13_0_clk/A (sky130_fd_sc_hd__clkbuf_16)
     7    0.03    0.06    0.19    0.44 ^ clkbuf_4_13_0_clk/X (sky130_fd_sc_hd__clkbuf_16)
                                         clknet_4_13_0_clk (net)
                  0.06    0.00    0.44 ^ y1_s1[0]$_SDFF_PN0_/CLK (sky130_fd_sc_hd__dfxtp_1)
     1    0.01    0.07    0.32    0.76 ^ y1_s1[0]$_SDFF_PN0_/Q (sky130_fd_sc_hd__dfxtp_1)
                                         y1_s1[0] (net)
                  0.07    0.00    0.76 ^ _3554_/A (sky130_fd_sc_hd__inv_1)
     1    0.00    0.03    0.05    0.81 v _3554_/Y (sky130_fd_sc_hd__inv_1)
                                         _2371_ (net)
                  0.03    0.00    0.81 v _4764_/B (sky130_fd_sc_hd__ha_1)
     2    0.01    0.08    0.21    1.03 v _4764_/COUT (sky130_fd_sc_hd__ha_1)
                                         _1267_ (net)
                  0.08    0.00    1.03 v _4492_/CIN (sky130_fd_sc_hd__fa_1)
     2    0.02    0.17    0.49    1.52 v _4492_/COUT (sky130_fd_sc_hd__fa_1)
                                         _1268_ (net)
                  0.17    0.00    1.52 v _2685_/A (sky130_fd_sc_hd__nor2b_1)
     1    0.01    0.18    0.22    1.74 ^ _2685_/Y (sky130_fd_sc_hd__nor2b_1)
                                         _0127_ (net)
                  0.18    0.00    1.74 ^ _2686_/A2 (sky130_fd_sc_hd__o21ai_2)
     2    0.02    0.08    0.11    1.86 v _2686_/Y (sky130_fd_sc_hd__o21ai_2)
                                         _0128_ (net)
                  0.08    0.00    1.86 v _2687_/A2 (sky130_fd_sc_hd__a21boi_4)
     2    0.02    0.17    0.21    2.07 ^ _2687_/Y (sky130_fd_sc_hd__a21boi_4)
                                         _0129_ (net)
                  0.17    0.00    2.07 ^ _2688_/A2 (sky130_fd_sc_hd__o21ai_2)
     2    0.01    0.09    0.10    2.17 v _2688_/Y (sky130_fd_sc_hd__o21ai_2)
                                         _0130_ (net)
                  0.09    0.00    2.17 v _2689_/A2 (sky130_fd_sc_hd__a21boi_4)
     3    0.02    0.20    0.24    2.41 ^ _2689_/Y (sky130_fd_sc_hd__a21boi_4)
                                         _0131_ (net)
                  0.20    0.00    2.41 ^ _2690_/A2 (sky130_fd_sc_hd__o2111ai_2)
     2    0.01    0.14    0.16    2.57 v _2690_/Y (sky130_fd_sc_hd__o2111ai_2)
                                         _0132_ (net)
                  0.14    0.00    2.57 v _2694_/A (sky130_fd_sc_hd__nand3_2)
     4    0.02    0.12    0.15    2.72 ^ _2694_/Y (sky130_fd_sc_hd__nand3_2)
                                         _0136_ (net)
                  0.12    0.00    2.72 ^ _2746_/A1 (sky130_fd_sc_hd__a2111oi_0)
     1    0.00    0.11    0.12    2.84 v _2746_/Y (sky130_fd_sc_hd__a2111oi_0)
                                         _0180_ (net)
                  0.11    0.00    2.84 v _2751_/B (sky130_fd_sc_hd__or3_1)
     1    0.00    0.07    0.37    3.21 v _2751_/X (sky130_fd_sc_hd__or3_1)
                                         _0185_ (net)
                  0.07    0.00    3.21 v _2752_/A (sky130_fd_sc_hd__buf_1)
     8    0.03    0.19    0.22    3.43 v _2752_/X (sky130_fd_sc_hd__buf_1)
                                         _0186_ (net)
                  0.19    0.00    3.43 v _2766_/B (sky130_fd_sc_hd__and2_0)
     1    0.01    0.08    0.25    3.69 v _2766_/X (sky130_fd_sc_hd__and2_0)
                                         _1087_ (net)
                  0.08    0.00    3.69 v _4448_/B (sky130_fd_sc_hd__fa_1)
     1    0.01    0.09    0.54    4.23 ^ _4448_/SUM (sky130_fd_sc_hd__fa_1)
                                         _1089_ (net)
                  0.09    0.00    4.23 ^ _4453_/CIN (sky130_fd_sc_hd__fa_1)
     1    0.01    0.09    0.43    4.66 v _4453_/SUM (sky130_fd_sc_hd__fa_1)
                                         _1109_ (net)
                  0.09    0.00    4.66 v _4458_/CIN (sky130_fd_sc_hd__fa_1)
     1    0.01    0.09    0.52    5.18 ^ _4458_/SUM (sky130_fd_sc_hd__fa_1)
                                         _1131_ (net)
                  0.09    0.00    5.18 ^ _3231_/A (sky130_fd_sc_hd__inv_1)
     1    0.01    0.05    0.06    5.24 v _3231_/Y (sky130_fd_sc_hd__inv_1)
                                         _1149_ (net)
                  0.05    0.00    5.24 v _4463_/CIN (sky130_fd_sc_hd__fa_1)
     1    0.00    0.06    0.48    5.72 ^ _4463_/SUM (sky130_fd_sc_hd__fa_1)
                                         _1151_ (net)
                  0.06    0.00    5.72 ^ _3543_/A (sky130_fd_sc_hd__inv_1)
     1    0.01    0.05    0.06    5.79 v _3543_/Y (sky130_fd_sc_hd__inv_1)
                                         _2341_ (net)
                  0.05    0.00    5.79 v _4755_/B (sky130_fd_sc_hd__ha_1)
     2    0.01    0.06    0.19    5.98 v _4755_/COUT (sky130_fd_sc_hd__ha_1)
                                         _2342_ (net)
                  0.06    0.00    5.98 v _3454_/A (sky130_fd_sc_hd__or3_4)
     2    0.01    0.07    0.39    6.38 v _3454_/X (sky130_fd_sc_hd__or3_4)
                                         _0281_ (net)
                  0.07    0.00    6.38 v _3569_/C (sky130_fd_sc_hd__or3_1)
     1    0.01    0.08    0.33    6.71 v _3569_/X (sky130_fd_sc_hd__or3_1)
                                         _0301_ (net)
                  0.08    0.00    6.71 v _3570_/A2 (sky130_fd_sc_hd__a31oi_1)
     2    0.01    0.33    0.33    7.04 ^ _3570_/Y (sky130_fd_sc_hd__a31oi_1)
                                         _0302_ (net)
                  0.33    0.00    7.04 ^ _3571_/B (sky130_fd_sc_hd__xnor2_1)
     1    0.01    0.18    0.18    7.22 ^ _3571_/Y (sky130_fd_sc_hd__xnor2_1)
                                         _2426_ (net)
                  0.18    0.00    7.22 ^ _4784_/B (sky130_fd_sc_hd__ha_1)
     7    0.02    0.15    0.34    7.57 v _4784_/SUM (sky130_fd_sc_hd__ha_1)
                                         _2428_ (net)
                  0.15    0.00    7.57 v _3687_/B (sky130_fd_sc_hd__nand3_1)
     1    0.01    0.09    0.14    7.71 ^ _3687_/Y (sky130_fd_sc_hd__nand3_1)
                                         _0337_ (net)
                  0.09    0.00    7.71 ^ _3688_/B1 (sky130_fd_sc_hd__a21oi_1)
     2    0.01    0.09    0.07    7.77 v _3688_/Y (sky130_fd_sc_hd__a21oi_1)
                                         _0338_ (net)
                  0.09    0.00    7.77 v _3691_/B1 (sky130_fd_sc_hd__a2111oi_0)
     1    0.01    0.58    0.56    8.33 ^ _3691_/Y (sky130_fd_sc_hd__a2111oi_0)
                                         _0341_ (net)
                  0.58    0.00    8.33 ^ _3694_/A (sky130_fd_sc_hd__nor3_2)
     4    0.02    0.14    0.17    8.50 v _3694_/Y (sky130_fd_sc_hd__nor3_2)
                                         _0344_ (net)
                  0.14    0.00    8.50 v _3698_/A4 (sky130_fd_sc_hd__a41oi_2)
     1    0.01    0.21    0.29    8.79 ^ _3698_/Y (sky130_fd_sc_hd__a41oi_2)
                                         _0348_ (net)
                  0.21    0.00    8.79 ^ _3699_/B (sky130_fd_sc_hd__xor2_2)
     7    0.03    0.38    0.36    9.15 ^ _3699_/X (sky130_fd_sc_hd__xor2_2)
                                         _0349_ (net)
                  0.38    0.00    9.15 ^ _3700_/A (sky130_fd_sc_hd__buf_6)
    10    0.05    0.10    0.21    9.36 ^ _3700_/X (sky130_fd_sc_hd__buf_6)
                                         _0350_ (net)
                  0.10    0.00    9.36 ^ _3754_/A1 (sky130_fd_sc_hd__o21a_1)
     1    0.01    0.06    0.15    9.51 ^ _3754_/X (sky130_fd_sc_hd__o21a_1)
                                         _0061_ (net)
                  0.06    0.00    9.51 ^ interp_s2[13]$_SDFF_PP0_/D (sky130_fd_sc_hd__dfxtp_1)
                                  9.51   data arrival time

                         10.00   10.00   clock core_clock (rise edge)
                          0.00   10.00   clock source latency
     1    0.04    0.00    0.00   10.00 ^ clk (in)
                                         clk (net)
                  0.00    0.00   10.00 ^ clkbuf_0_clk/A (sky130_fd_sc_hd__clkbuf_16)
    16    0.20    0.21    0.24   10.24 ^ clkbuf_0_clk/X (sky130_fd_sc_hd__clkbuf_16)
                                         clknet_0_clk (net)
                  0.22    0.01   10.25 ^ clkbuf_4_9_0_clk/A (sky130_fd_sc_hd__clkbuf_16)
     7    0.04    0.06    0.20   10.44 ^ clkbuf_4_9_0_clk/X (sky130_fd_sc_hd__clkbuf_16)
                                         clknet_4_9_0_clk (net)
                  0.06    0.00   10.44 ^ interp_s2[13]$_SDFF_PP0_/CLK (sky130_fd_sc_hd__dfxtp_1)
                          0.00   10.44   clock reconvergence pessimism
                         -0.06   10.39   library setup time
                                 10.39   data required time
-----------------------------------------------------------------------------
                                 10.39   data required time
                                 -9.51   data arrival time
-----------------------------------------------------------------------------
                                  0.88   slack (MET)



==========================================================================
global route report_check_types -max_slew -max_cap -max_fanout -violators
--------------------------------------------------------------------------

==========================================================================
global route max_slew_check_slack
--------------------------------------------------------------------------
0.4060862958431244

==========================================================================
global route max_slew_check_limit
--------------------------------------------------------------------------
1.5

==========================================================================
global route max_slew_check_slack_limit
--------------------------------------------------------------------------
0.2707

==========================================================================
global route max_fanout_check_slack
--------------------------------------------------------------------------
1.0000000150474662e+30

==========================================================================
global route max_fanout_check_limit
--------------------------------------------------------------------------
1.0000000150474662e+30

==========================================================================
global route max_capacitance_check_slack
--------------------------------------------------------------------------
0.014127137139439583

==========================================================================
global route max_capacitance_check_limit
--------------------------------------------------------------------------
0.021067000925540924

==========================================================================
global route max_capacitance_check_slack_limit
--------------------------------------------------------------------------
0.6706

==========================================================================
global route max_slew_violation_count
--------------------------------------------------------------------------
max slew violation count 0

==========================================================================
global route max_fanout_violation_count
--------------------------------------------------------------------------
max fanout violation count 0

==========================================================================
global route max_cap_violation_count
--------------------------------------------------------------------------
max cap violation count 0

==========================================================================
global route setup_violation_count
--------------------------------------------------------------------------
setup violation count 0

==========================================================================
global route hold_violation_count
--------------------------------------------------------------------------
hold violation count 0

==========================================================================
global route report_checks -path_delay max reg to reg
--------------------------------------------------------------------------
Startpoint: y1_s1[0]$_SDFF_PN0_
            (rising edge-triggered flip-flop clocked by core_clock)
Endpoint: interp_s2[13]$_SDFF_PP0_
          (rising edge-triggered flip-flop clocked by core_clock)
Path Group: core_clock
Path Type: max

  Delay    Time   Description
---------------------------------------------------------
   0.00    0.00   clock core_clock (rise edge)
   0.00    0.00   clock source latency
   0.00    0.00 ^ clk (in)
   0.24    0.24 ^ clkbuf_0_clk/X (sky130_fd_sc_hd__clkbuf_16)
   0.20    0.44 ^ clkbuf_4_13_0_clk/X (sky130_fd_sc_hd__clkbuf_16)
   0.00    0.44 ^ y1_s1[0]$_SDFF_PN0_/CLK (sky130_fd_sc_hd__dfxtp_1)
   0.32    0.76 ^ y1_s1[0]$_SDFF_PN0_/Q (sky130_fd_sc_hd__dfxtp_1)
   0.05    0.81 v _3554_/Y (sky130_fd_sc_hd__inv_1)
   0.21    1.03 v _4764_/COUT (sky130_fd_sc_hd__ha_1)
   0.49    1.52 v _4492_/COUT (sky130_fd_sc_hd__fa_1)
   0.22    1.74 ^ _2685_/Y (sky130_fd_sc_hd__nor2b_1)
   0.11    1.86 v _2686_/Y (sky130_fd_sc_hd__o21ai_2)
   0.21    2.07 ^ _2687_/Y (sky130_fd_sc_hd__a21boi_4)
   0.10    2.17 v _2688_/Y (sky130_fd_sc_hd__o21ai_2)
   0.24    2.41 ^ _2689_/Y (sky130_fd_sc_hd__a21boi_4)
   0.16    2.57 v _2690_/Y (sky130_fd_sc_hd__o2111ai_2)
   0.15    2.72 ^ _2694_/Y (sky130_fd_sc_hd__nand3_2)
   0.12    2.84 v _2746_/Y (sky130_fd_sc_hd__a2111oi_0)
   0.37    3.21 v _2751_/X (sky130_fd_sc_hd__or3_1)
   0.22    3.43 v _2752_/X (sky130_fd_sc_hd__buf_1)
   0.26    3.69 v _2766_/X (sky130_fd_sc_hd__and2_0)
   0.54    4.23 ^ _4448_/SUM (sky130_fd_sc_hd__fa_1)
   0.43    4.66 v _4453_/SUM (sky130_fd_sc_hd__fa_1)
   0.52    5.18 ^ _4458_/SUM (sky130_fd_sc_hd__fa_1)
   0.06    5.24 v _3231_/Y (sky130_fd_sc_hd__inv_1)
   0.48    5.72 ^ _4463_/SUM (sky130_fd_sc_hd__fa_1)
   0.06    5.79 v _3543_/Y (sky130_fd_sc_hd__inv_1)
   0.19    5.98 v _4755_/COUT (sky130_fd_sc_hd__ha_1)
   0.39    6.38 v _3454_/X (sky130_fd_sc_hd__or3_4)
   0.33    6.71 v _3569_/X (sky130_fd_sc_hd__or3_1)
   0.33    7.04 ^ _3570_/Y (sky130_fd_sc_hd__a31oi_1)
   0.18    7.22 ^ _3571_/Y (sky130_fd_sc_hd__xnor2_1)
   0.34    7.57 v _4784_/SUM (sky130_fd_sc_hd__ha_1)
   0.14    7.71 ^ _3687_/Y (sky130_fd_sc_hd__nand3_1)
   0.07    7.77 v _3688_/Y (sky130_fd_sc_hd__a21oi_1)
   0.56    8.33 ^ _3691_/Y (sky130_fd_sc_hd__a2111oi_0)
   0.17    8.50 v _3694_/Y (sky130_fd_sc_hd__nor3_2)
   0.29    8.79 ^ _3698_/Y (sky130_fd_sc_hd__a41oi_2)
   0.36    9.15 ^ _3699_/X (sky130_fd_sc_hd__xor2_2)
   0.21    9.36 ^ _3700_/X (sky130_fd_sc_hd__buf_6)
   0.15    9.51 ^ _3754_/X (sky130_fd_sc_hd__o21a_1)
   0.00    9.51 ^ interp_s2[13]$_SDFF_PP0_/D (sky130_fd_sc_hd__dfxtp_1)
           9.51   data arrival time

  10.00   10.00   clock core_clock (rise edge)
   0.00   10.00   clock source latency
   0.00   10.00 ^ clk (in)
   0.24   10.24 ^ clkbuf_0_clk/X (sky130_fd_sc_hd__clkbuf_16)
   0.20   10.44 ^ clkbuf_4_9_0_clk/X (sky130_fd_sc_hd__clkbuf_16)
   0.00   10.44 ^ interp_s2[13]$_SDFF_PP0_/CLK (sky130_fd_sc_hd__dfxtp_1)
   0.00   10.44   clock reconvergence pessimism
  -0.06   10.39   library setup time
          10.39   data required time
---------------------------------------------------------
          10.39   data required time
          -9.51   data arrival time
---------------------------------------------------------
           0.88   slack (MET)



==========================================================================
global route report_checks -path_delay min reg to reg
--------------------------------------------------------------------------
Startpoint: f_init_s1[8]$_SDFF_PN0_
            (rising edge-triggered flip-flop clocked by core_clock)
Endpoint: f_init_s2[8]$_SDFF_PN0_
          (rising edge-triggered flip-flop clocked by core_clock)
Path Group: core_clock
Path Type: min

  Delay    Time   Description
---------------------------------------------------------
   0.00    0.00   clock core_clock (rise edge)
   0.00    0.00   clock source latency
   0.00    0.00 ^ clk (in)
   0.24    0.24 ^ clkbuf_0_clk/X (sky130_fd_sc_hd__clkbuf_16)
   0.20    0.44 ^ clkbuf_4_4_0_clk/X (sky130_fd_sc_hd__clkbuf_16)
   0.00    0.44 ^ f_init_s1[8]$_SDFF_PN0_/CLK (sky130_fd_sc_hd__dfxtp_1)
   0.30    0.75 ^ f_init_s1[8]$_SDFF_PN0_/Q (sky130_fd_sc_hd__dfxtp_1)
   0.12    0.86 ^ _3945_/X (sky130_fd_sc_hd__and2_0)
   0.00    0.86 ^ f_init_s2[8]$_SDFF_PN0_/D (sky130_fd_sc_hd__dfxtp_1)
           0.86   data arrival time

   0.00    0.00   clock core_clock (rise edge)
   0.00    0.00   clock source latency
   0.00    0.00 ^ clk (in)
   0.24    0.24 ^ clkbuf_0_clk/X (sky130_fd_sc_hd__clkbuf_16)
   0.21    0.45 ^ clkbuf_4_7_0_clk/X (sky130_fd_sc_hd__clkbuf_16)
   0.00    0.45 ^ f_init_s2[8]$_SDFF_PN0_/CLK (sky130_fd_sc_hd__dfxtp_1)
   0.00    0.45   clock reconvergence pessimism
  -0.03    0.42   library hold time
           0.42   data required time
---------------------------------------------------------
           0.42   data required time
          -0.86   data arrival time
---------------------------------------------------------
           0.45   slack (MET)



==========================================================================
global route critical path target clock latency max path
--------------------------------------------------------------------------
0.4404

==========================================================================
global route critical path target clock latency min path
--------------------------------------------------------------------------
0.4445

==========================================================================
global route critical path source clock latency min path
--------------------------------------------------------------------------
0.0000

==========================================================================
global route critical path delay
--------------------------------------------------------------------------
9.5083

==========================================================================
global route critical path slack
--------------------------------------------------------------------------
0.8785

==========================================================================
global route slack div critical path delay
--------------------------------------------------------------------------
9.239296

==========================================================================
global route report_power
--------------------------------------------------------------------------
Group                  Internal  Switching    Leakage      Total
                          Power      Power      Power      Power (Watts)
----------------------------------------------------------------
Sequential             5.93e-04   1.21e-04   1.02e-09   7.14e-04   9.3%
Combinational          2.61e-03   3.72e-03   8.31e-09   6.33e-03  82.3%
Clock                  3.71e-04   2.80e-04   2.83e-10   6.51e-04   8.5%
Macro                  0.00e+00   0.00e+00   0.00e+00   0.00e+00   0.0%
Pad                    0.00e+00   0.00e+00   0.00e+00   0.00e+00   0.0%
----------------------------------------------------------------
Total                  3.57e-03   4.12e-03   9.61e-09   7.70e-03 100.0%
                          46.4%      53.6%       0.0%
