#-----------------------------------------------------------
# Vivado v2024.2 (64-bit)
# SW Build 5239630 on Fri Nov 08 22:34:34 MST 2024
# IP Build 5239520 on Sun Nov 10 16:12:51 MST 2024
# SharedData Build 5239561 on Fri Nov 08 14:39:27 MST 2024
# Start of session at: Sat Mar 14 04:51:52 2026
# Process ID         : 521551
# Current directory  : /media/shahriar-rizvi/Data/CSE/Thesis/from13March/qflow_step1_phase0
# Command line       : vivado -mode batch -source tcl/run_ooc_synth.tcl
# Log file           : /media/shahriar-rizvi/Data/CSE/Thesis/from13March/qflow_step1_phase0/vivado.log
# Journal file       : /media/shahriar-rizvi/Data/CSE/Thesis/from13March/qflow_step1_phase0/vivado.jou
# Running On         : Shahriars-Unix
# Platform           : Ubuntu
# Operating System   : Ubuntu 24.04.3 LTS
# Processor Detail   : 11th Gen Intel(R) Core(TM) i7-1195G7 @ 2.90GHz
# CPU Frequency      : 4411.192 MHz
# CPU Physical cores : 4
# CPU Logical cores  : 8
# Host memory        : 16509 MB
# Swap memory        : 4294 MB
# Total Virtual      : 20804 MB
# Available Virtual  : 16675 MB
#-----------------------------------------------------------
source tcl/run_ooc_synth.tcl
# set outdir "results/phase8b"
# file mkdir $outdir
# set partname "xc7a200tfbg484-1"
# proc run_ooc {top files outdir partname} {
#     create_project ${top}_ooc $outdir/${top}_proj -part $partname -force
#     set_property target_language Verilog [current_project]
#     foreach f $files {
#         read_verilog $f
#     }
#     synth_design -top $top -part $partname -mode out_of_context
#     report_utilization -file $outdir/${top}_utilization.rpt
#     report_timing_summary -file $outdir/${top}_timing_summary.rpt
#     close_project
# }
# run_ooc fdpe [list rtl/fdpe.v] $outdir $partname
Command: synth_design -top fdpe -part xc7a200tfbg484-1 -mode out_of_context
Starting synth_design
Attempting to get a license for feature 'Synthesis' and/or device 'xc7a200t'
INFO: [Common 17-349] Got license for feature 'Synthesis' and/or device 'xc7a200t'
INFO: [Synth 8-7079] Multithreading enabled for synth_design using a maximum of 7 processes.
INFO: [Synth 8-7078] Launching helper process for spawning children vivado processes
INFO: [Synth 8-7075] Helper process launched with PID 521726
---------------------------------------------------------------------------------
Starting Synthesize : Time (s): cpu = 00:00:03 ; elapsed = 00:00:03 . Memory (MB): peak = 1740.633 ; gain = 353.859 ; free physical = 3396 ; free virtual = 14881
---------------------------------------------------------------------------------
ERROR: [Synth 8-8896] 'string' is an unknown type [/media/shahriar-rizvi/Data/CSE/Thesis/from13March/qflow_step1_phase0/rtl/fdpe.v:9]
INFO: [Synth 8-10285] module 'fdpe' is ignored due to previous errors [/media/shahriar-rizvi/Data/CSE/Thesis/from13March/qflow_step1_phase0/rtl/fdpe.v:127]
INFO: [Synth 8-9084] Verilog file '/media/shahriar-rizvi/Data/CSE/Thesis/from13March/qflow_step1_phase0/rtl/fdpe.v' ignored due to errors
ERROR: [Synth 8-12188] Failed to read verilog '/media/shahriar-rizvi/Data/CSE/Thesis/from13March/qflow_step1_phase0/rtl/fdpe.v'
---------------------------------------------------------------------------------
Finished Synthesize : Time (s): cpu = 00:00:04 ; elapsed = 00:00:04 . Memory (MB): peak = 1810.570 ; gain = 423.797 ; free physical = 3328 ; free virtual = 14829
---------------------------------------------------------------------------------
synthesize failed
INFO: [Common 17-83] Releasing license: Synthesis
7 Infos, 0 Warnings, 0 Critical Warnings and 3 Errors encountered.
synth_design failed
ERROR: [Common 17-69] Command failed: Vivado Synthesis failed
INFO: [Common 17-206] Exiting Vivado at Sat Mar 14 04:52:01 2026...
