#-----------------------------------------------------------
# Vivado v2024.2 (64-bit)
# SW Build 5239630 on Fri Nov 08 22:34:34 MST 2024
# IP Build 5239520 on Sun Nov 10 16:12:51 MST 2024
# SharedData Build 5239561 on Fri Nov 08 14:39:27 MST 2024
# Start of session at: Mon Mar 16 06:34:37 2026
# Process ID         : 69027
# Current directory  : /media/shahriar-rizvi/Data/CSE/Thesis/from13March/qflow_step1_phase0
# Command line       : vivado -mode batch -source tcl/run_top_tc5_impl_ooc_finish.tcl
# Log file           : /media/shahriar-rizvi/Data/CSE/Thesis/from13March/qflow_step1_phase0/vivado.log
# Journal file       : /media/shahriar-rizvi/Data/CSE/Thesis/from13March/qflow_step1_phase0/vivado.jou
# Running On         : Shahriars-Unix
# Platform           : Ubuntu
# Operating System   : Ubuntu 24.04.3 LTS
# Processor Detail   : 11th Gen Intel(R) Core(TM) i7-1195G7 @ 2.90GHz
# CPU Frequency      : 1269.034 MHz
# CPU Physical cores : 4
# CPU Logical cores  : 8
# Host memory        : 16509 MB
# Swap memory        : 4294 MB
# Total Virtual      : 20804 MB
# Available Virtual  : 17459 MB
#-----------------------------------------------------------
source tcl/run_top_tc5_impl_ooc_finish.tcl
# set outdir "results/phase9h_ooc"
# set partname "xc7a200tfbg484-1"
# open_checkpoint $outdir/qflow_top_tc5_impl_ooc_place.dcp
Command: open_checkpoint results/phase9h_ooc/qflow_top_tc5_impl_ooc_place.dcp

Starting open_checkpoint Task

Time (s): cpu = 00:00:00.04 ; elapsed = 00:00:00.03 . Memory (MB): peak = 1442.273 ; gain = 0.000 ; free physical = 6870 ; free virtual = 16260
INFO: [Device 21-403] Loading part xc7a200tfbg484-1
Netlist sorting complete. Time (s): cpu = 00:00:00.01 ; elapsed = 00:00:00.02 . Memory (MB): peak = 1524.645 ; gain = 0.000 ; free physical = 6818 ; free virtual = 16203
INFO: [Netlist 29-17] Analyzing 673 Unisim elements for replacement
INFO: [Netlist 29-28] Unisim Transformation completed in 0 CPU seconds
INFO: [Project 1-479] Netlist was created with Vivado 2024.2
INFO: [Project 1-570] Preparing netlist for logic optimization
Read ShapeDB Complete: Time (s): cpu = 00:00:00 ; elapsed = 00:00:00.01 . Memory (MB): peak = 1591.426 ; gain = 1.000 ; free physical = 6723 ; free virtual = 16107
INFO: [Timing 38-478] Restoring timing data from binary archive.
INFO: [Timing 38-479] Binary timing data restore complete.
INFO: [Project 1-856] Restoring constraints from binary archive.
INFO: [Project 1-853] Binary constraint restore complete.
INFO: [Designutils 20-5722] Start Reading Physical Databases.
Reading placement.
Read Netlist Cache: Time (s): cpu = 00:00:00 ; elapsed = 00:00:00.01 . Memory (MB): peak = 2202.074 ; gain = 0.000 ; free physical = 6179 ; free virtual = 15569
Reading placer database...
Read Device Cache: Time (s): cpu = 00:00:00 ; elapsed = 00:00:00 . Memory (MB): peak = 2202.074 ; gain = 0.000 ; free physical = 6185 ; free virtual = 15574
Read PlaceDB: Time (s): cpu = 00:00:00.15 ; elapsed = 00:00:00.15 . Memory (MB): peak = 2202.074 ; gain = 0.000 ; free physical = 6184 ; free virtual = 15574
Read PulsedLatchDB: Time (s): cpu = 00:00:00 ; elapsed = 00:00:00 . Memory (MB): peak = 2202.074 ; gain = 0.000 ; free physical = 6184 ; free virtual = 15574
Reading routing.
Read RouteStorage: Time (s): cpu = 00:00:00 ; elapsed = 00:00:00 . Memory (MB): peak = 2202.074 ; gain = 0.000 ; free physical = 6184 ; free virtual = 15574
Read Physdb Files: Time (s): cpu = 00:00:00.16 ; elapsed = 00:00:00.17 . Memory (MB): peak = 2202.074 ; gain = 0.000 ; free physical = 6184 ; free virtual = 15574
Restored from archive | CPU: 0.210000 secs | Memory: 5.582245 MB |
Finished XDEF File Restore: Time (s): cpu = 00:00:00.2 ; elapsed = 00:00:00.21 . Memory (MB): peak = 2202.074 ; gain = 5.938 ; free physical = 6184 ; free virtual = 15574
Netlist sorting complete. Time (s): cpu = 00:00:00 ; elapsed = 00:00:00 . Memory (MB): peak = 2202.074 ; gain = 0.000 ; free physical = 6184 ; free virtual = 15574
INFO: [Project 1-111] Unisim Transformation Summary:
No Unisim elements were transformed.

INFO: [Project 1-604] Checkpoint was created with Vivado v2024.2 (64-bit) build 5239630
open_checkpoint: Time (s): cpu = 00:00:09 ; elapsed = 00:00:09 . Memory (MB): peak = 2202.074 ; gain = 759.801 ; free physical = 6184 ; free virtual = 15574
# route_design -directive Explore
Command: route_design -directive Explore
Attempting to get a license for feature 'Implementation' and/or device 'xc7a200t'
INFO: [Common 17-349] Got license for feature 'Implementation' and/or device 'xc7a200t'


Starting Routing Task
INFO: [Route 35-270] Using Router directive 'Explore'.
INFO: [Route 35-254] Multithreading enabled for route_design using a maximum of 8 CPUs

Phase 1 Build RT Design
Checksum: PlaceDB: e6b5df2 ConstDB: 0 ShapeSum: 56a3e1e8 RouteDB: 981aeb64
WARNING: [Route 35-197] Clock port "clk" does not have an associated HD.CLK_SRC. Without this constraint, timing analysis may not be accurate and upstream checks cannot be done to ensure correct clock placement.
WARNING: [Route 35-198] Port "cand_gene_i[11]" does not have an associated HD.PARTPIN_LOCS, which will prevent the partial routing of the signal "cand_gene_i[11]". Without this partial route, timing analysis to/from this port will not be accurate, and no routing information for this port can be exported.
WARNING: [Route 35-198] Port "cand_gene_i[12]" does not have an associated HD.PARTPIN_LOCS, which will prevent the partial routing of the signal "cand_gene_i[12]". Without this partial route, timing analysis to/from this port will not be accurate, and no routing information for this port can be exported.
WARNING: [Route 35-198] Port "cand_gene_i[15]" does not have an associated HD.PARTPIN_LOCS, which will prevent the partial routing of the signal "cand_gene_i[15]". Without this partial route, timing analysis to/from this port will not be accurate, and no routing information for this port can be exported.
WARNING: [Route 35-198] Port "cand_gene_i[9]" does not have an associated HD.PARTPIN_LOCS, which will prevent the partial routing of the signal "cand_gene_i[9]". Without this partial route, timing analysis to/from this port will not be accurate, and no routing information for this port can be exported.
WARNING: [Route 35-198] Port "cand_gene_i[10]" does not have an associated HD.PARTPIN_LOCS, which will prevent the partial routing of the signal "cand_gene_i[10]". Without this partial route, timing analysis to/from this port will not be accurate, and no routing information for this port can be exported.
WARNING: [Route 35-198] Port "cand_gene_i[13]" does not have an associated HD.PARTPIN_LOCS, which will prevent the partial routing of the signal "cand_gene_i[13]". Without this partial route, timing analysis to/from this port will not be accurate, and no routing information for this port can be exported.
WARNING: [Route 35-198] Port "cand_gene_i[14]" does not have an associated HD.PARTPIN_LOCS, which will prevent the partial routing of the signal "cand_gene_i[14]". Without this partial route, timing analysis to/from this port will not be accurate, and no routing information for this port can be exported.
WARNING: [Route 35-198] Port "cand_valid_i" does not have an associated HD.PARTPIN_LOCS, which will prevent the partial routing of the signal "cand_valid_i". Without this partial route, timing analysis to/from this port will not be accurate, and no routing information for this port can be exported.
WARNING: [Route 35-198] Port "cand_gene_i[2]" does not have an associated HD.PARTPIN_LOCS, which will prevent the partial routing of the signal "cand_gene_i[2]". Without this partial route, timing analysis to/from this port will not be accurate, and no routing information for this port can be exported.
WARNING: [Route 35-198] Port "ga_pop_size_i[3]" does not have an associated HD.PARTPIN_LOCS, which will prevent the partial routing of the signal "ga_pop_size_i[3]". Without this partial route, timing analysis to/from this port will not be accurate, and no routing information for this port can be exported.
WARNING: [Route 35-198] Port "ga_pop_size_i[0]" does not have an associated HD.PARTPIN_LOCS, which will prevent the partial routing of the signal "ga_pop_size_i[0]". Without this partial route, timing analysis to/from this port will not be accurate, and no routing information for this port can be exported.
WARNING: [Route 35-198] Port "ga_pop_size_i[1]" does not have an associated HD.PARTPIN_LOCS, which will prevent the partial routing of the signal "ga_pop_size_i[1]". Without this partial route, timing analysis to/from this port will not be accurate, and no routing information for this port can be exported.
WARNING: [Route 35-198] Port "ga_pop_size_i[2]" does not have an associated HD.PARTPIN_LOCS, which will prevent the partial routing of the signal "ga_pop_size_i[2]". Without this partial route, timing analysis to/from this port will not be accurate, and no routing information for this port can be exported.
WARNING: [Route 35-198] Port "cand_gene_i[3]" does not have an associated HD.PARTPIN_LOCS, which will prevent the partial routing of the signal "cand_gene_i[3]". Without this partial route, timing analysis to/from this port will not be accurate, and no routing information for this port can be exported.
WARNING: [Route 35-198] Port "cand_gene_i[4]" does not have an associated HD.PARTPIN_LOCS, which will prevent the partial routing of the signal "cand_gene_i[4]". Without this partial route, timing analysis to/from this port will not be accurate, and no routing information for this port can be exported.
WARNING: [Route 35-198] Port "cand_gene_i[7]" does not have an associated HD.PARTPIN_LOCS, which will prevent the partial routing of the signal "cand_gene_i[7]". Without this partial route, timing analysis to/from this port will not be accurate, and no routing information for this port can be exported.
WARNING: [Route 35-198] Port "cand_gene_i[8]" does not have an associated HD.PARTPIN_LOCS, which will prevent the partial routing of the signal "cand_gene_i[8]". Without this partial route, timing analysis to/from this port will not be accurate, and no routing information for this port can be exported.
WARNING: [Route 35-198] Port "ga_start_i" does not have an associated HD.PARTPIN_LOCS, which will prevent the partial routing of the signal "ga_start_i". Without this partial route, timing analysis to/from this port will not be accurate, and no routing information for this port can be exported.
WARNING: [Route 35-198] Port "cand_gene_i[0]" does not have an associated HD.PARTPIN_LOCS, which will prevent the partial routing of the signal "cand_gene_i[0]". Without this partial route, timing analysis to/from this port will not be accurate, and no routing information for this port can be exported.
WARNING: [Route 35-198] Port "ga_gen_count_i[3]" does not have an associated HD.PARTPIN_LOCS, which will prevent the partial routing of the signal "ga_gen_count_i[3]". Without this partial route, timing analysis to/from this port will not be accurate, and no routing information for this port can be exported.
WARNING: [Route 35-198] Port "ga_gen_count_i[0]" does not have an associated HD.PARTPIN_LOCS, which will prevent the partial routing of the signal "ga_gen_count_i[0]". Without this partial route, timing analysis to/from this port will not be accurate, and no routing information for this port can be exported.
WARNING: [Route 35-198] Port "ga_gen_count_i[1]" does not have an associated HD.PARTPIN_LOCS, which will prevent the partial routing of the signal "ga_gen_count_i[1]". Without this partial route, timing analysis to/from this port will not be accurate, and no routing information for this port can be exported.
WARNING: [Route 35-198] Port "ga_gen_count_i[2]" does not have an associated HD.PARTPIN_LOCS, which will prevent the partial routing of the signal "ga_gen_count_i[2]". Without this partial route, timing analysis to/from this port will not be accurate, and no routing information for this port can be exported.
WARNING: [Route 35-198] Port "cand_gene_i[5]" does not have an associated HD.PARTPIN_LOCS, which will prevent the partial routing of the signal "cand_gene_i[5]". Without this partial route, timing analysis to/from this port will not be accurate, and no routing information for this port can be exported.
WARNING: [Route 35-198] Port "cand_gene_i[6]" does not have an associated HD.PARTPIN_LOCS, which will prevent the partial routing of the signal "cand_gene_i[6]". Without this partial route, timing analysis to/from this port will not be accurate, and no routing information for this port can be exported.
WARNING: [Route 35-198] Port "cand_gene_i[1]" does not have an associated HD.PARTPIN_LOCS, which will prevent the partial routing of the signal "cand_gene_i[1]". Without this partial route, timing analysis to/from this port will not be accurate, and no routing information for this port can be exported.
WARNING: [Route 35-198] Port "cand_fidelity_i[9]" does not have an associated HD.PARTPIN_LOCS, which will prevent the partial routing of the signal "cand_fidelity_i[9]". Without this partial route, timing analysis to/from this port will not be accurate, and no routing information for this port can be exported.
WARNING: [Route 35-198] Port "cand_fidelity_i[8]" does not have an associated HD.PARTPIN_LOCS, which will prevent the partial routing of the signal "cand_fidelity_i[8]". Without this partial route, timing analysis to/from this port will not be accurate, and no routing information for this port can be exported.
WARNING: [Route 35-198] Port "cand_fidelity_i[11]" does not have an associated HD.PARTPIN_LOCS, which will prevent the partial routing of the signal "cand_fidelity_i[11]". Without this partial route, timing analysis to/from this port will not be accurate, and no routing information for this port can be exported.
WARNING: [Route 35-198] Port "cand_fidelity_i[10]" does not have an associated HD.PARTPIN_LOCS, which will prevent the partial routing of the signal "cand_fidelity_i[10]". Without this partial route, timing analysis to/from this port will not be accurate, and no routing information for this port can be exported.
WARNING: [Route 35-198] Port "cand_fidelity_i[13]" does not have an associated HD.PARTPIN_LOCS, which will prevent the partial routing of the signal "cand_fidelity_i[13]". Without this partial route, timing analysis to/from this port will not be accurate, and no routing information for this port can be exported.
WARNING: [Route 35-198] Port "cand_fidelity_i[12]" does not have an associated HD.PARTPIN_LOCS, which will prevent the partial routing of the signal "cand_fidelity_i[12]". Without this partial route, timing analysis to/from this port will not be accurate, and no routing information for this port can be exported.
WARNING: [Route 35-198] Port "cand_fidelity_i[15]" does not have an associated HD.PARTPIN_LOCS, which will prevent the partial routing of the signal "cand_fidelity_i[15]". Without this partial route, timing analysis to/from this port will not be accurate, and no routing information for this port can be exported.
WARNING: [Route 35-198] Port "cand_fidelity_i[14]" does not have an associated HD.PARTPIN_LOCS, which will prevent the partial routing of the signal "cand_fidelity_i[14]". Without this partial route, timing analysis to/from this port will not be accurate, and no routing information for this port can be exported.
WARNING: [Route 35-198] Port "cand_latency_i[25]" does not have an associated HD.PARTPIN_LOCS, which will prevent the partial routing of the signal "cand_latency_i[25]". Without this partial route, timing analysis to/from this port will not be accurate, and no routing information for this port can be exported.
WARNING: [Route 35-198] Port "cand_latency_i[20]" does not have an associated HD.PARTPIN_LOCS, which will prevent the partial routing of the signal "cand_latency_i[20]". Without this partial route, timing analysis to/from this port will not be accurate, and no routing information for this port can be exported.
WARNING: [Route 35-198] Port "cand_util_i[15]" does not have an associated HD.PARTPIN_LOCS, which will prevent the partial routing of the signal "cand_util_i[15]". Without this partial route, timing analysis to/from this port will not be accurate, and no routing information for this port can be exported.
WARNING: [Route 35-198] Port "cand_id_i[10]" does not have an associated HD.PARTPIN_LOCS, which will prevent the partial routing of the signal "cand_id_i[10]". Without this partial route, timing analysis to/from this port will not be accurate, and no routing information for this port can be exported.
WARNING: [Route 35-198] Port "cand_fidelity_i[0]" does not have an associated HD.PARTPIN_LOCS, which will prevent the partial routing of the signal "cand_fidelity_i[0]". Without this partial route, timing analysis to/from this port will not be accurate, and no routing information for this port can be exported.
WARNING: [Route 35-198] Port "cand_fidelity_i[1]" does not have an associated HD.PARTPIN_LOCS, which will prevent the partial routing of the signal "cand_fidelity_i[1]". Without this partial route, timing analysis to/from this port will not be accurate, and no routing information for this port can be exported.
WARNING: [Route 35-198] Port "cand_fidelity_i[3]" does not have an associated HD.PARTPIN_LOCS, which will prevent the partial routing of the signal "cand_fidelity_i[3]". Without this partial route, timing analysis to/from this port will not be accurate, and no routing information for this port can be exported.
WARNING: [Route 35-198] Port "cand_fidelity_i[2]" does not have an associated HD.PARTPIN_LOCS, which will prevent the partial routing of the signal "cand_fidelity_i[2]". Without this partial route, timing analysis to/from this port will not be accurate, and no routing information for this port can be exported.
WARNING: [Route 35-198] Port "cand_fidelity_i[5]" does not have an associated HD.PARTPIN_LOCS, which will prevent the partial routing of the signal "cand_fidelity_i[5]". Without this partial route, timing analysis to/from this port will not be accurate, and no routing information for this port can be exported.
WARNING: [Route 35-198] Port "cand_fidelity_i[4]" does not have an associated HD.PARTPIN_LOCS, which will prevent the partial routing of the signal "cand_fidelity_i[4]". Without this partial route, timing analysis to/from this port will not be accurate, and no routing information for this port can be exported.
WARNING: [Route 35-198] Port "cand_fidelity_i[7]" does not have an associated HD.PARTPIN_LOCS, which will prevent the partial routing of the signal "cand_fidelity_i[7]". Without this partial route, timing analysis to/from this port will not be accurate, and no routing information for this port can be exported.
WARNING: [Route 35-198] Port "cand_fidelity_i[6]" does not have an associated HD.PARTPIN_LOCS, which will prevent the partial routing of the signal "cand_fidelity_i[6]". Without this partial route, timing analysis to/from this port will not be accurate, and no routing information for this port can be exported.
WARNING: [Route 35-198] Port "cand_util_i[10]" does not have an associated HD.PARTPIN_LOCS, which will prevent the partial routing of the signal "cand_util_i[10]". Without this partial route, timing analysis to/from this port will not be accurate, and no routing information for this port can be exported.
WARNING: [Route 35-198] Port "cand_util_i[13]" does not have an associated HD.PARTPIN_LOCS, which will prevent the partial routing of the signal "cand_util_i[13]". Without this partial route, timing analysis to/from this port will not be accurate, and no routing information for this port can be exported.
WARNING: [Route 35-198] Port "cand_util_i[11]" does not have an associated HD.PARTPIN_LOCS, which will prevent the partial routing of the signal "cand_util_i[11]". Without this partial route, timing analysis to/from this port will not be accurate, and no routing information for this port can be exported.
WARNING: [Route 35-198] Port "cand_id_i[9]" does not have an associated HD.PARTPIN_LOCS, which will prevent the partial routing of the signal "cand_id_i[9]". Without this partial route, timing analysis to/from this port will not be accurate, and no routing information for this port can be exported.
WARNING: [Route 35-198] Port "cand_id_i[11]" does not have an associated HD.PARTPIN_LOCS, which will prevent the partial routing of the signal "cand_id_i[11]". Without this partial route, timing analysis to/from this port will not be accurate, and no routing information for this port can be exported.
WARNING: [Route 35-198] Port "cand_latency_i[18]" does not have an associated HD.PARTPIN_LOCS, which will prevent the partial routing of the signal "cand_latency_i[18]". Without this partial route, timing analysis to/from this port will not be accurate, and no routing information for this port can be exported.
WARNING: [Route 35-198] Port "cand_latency_i[16]" does not have an associated HD.PARTPIN_LOCS, which will prevent the partial routing of the signal "cand_latency_i[16]". Without this partial route, timing analysis to/from this port will not be accurate, and no routing information for this port can be exported.
WARNING: [Route 35-198] Port "cand_util_i[12]" does not have an associated HD.PARTPIN_LOCS, which will prevent the partial routing of the signal "cand_util_i[12]". Without this partial route, timing analysis to/from this port will not be accurate, and no routing information for this port can be exported.
WARNING: [Route 35-198] Port "cand_util_i[9]" does not have an associated HD.PARTPIN_LOCS, which will prevent the partial routing of the signal "cand_util_i[9]". Without this partial route, timing analysis to/from this port will not be accurate, and no routing information for this port can be exported.
WARNING: [Route 35-198] Port "cand_util_i[8]" does not have an associated HD.PARTPIN_LOCS, which will prevent the partial routing of the signal "cand_util_i[8]". Without this partial route, timing analysis to/from this port will not be accurate, and no routing information for this port can be exported.
WARNING: [Route 35-198] Port "cand_util_i[14]" does not have an associated HD.PARTPIN_LOCS, which will prevent the partial routing of the signal "cand_util_i[14]". Without this partial route, timing analysis to/from this port will not be accurate, and no routing information for this port can be exported.
WARNING: [Route 35-198] Port "cand_id_i[15]" does not have an associated HD.PARTPIN_LOCS, which will prevent the partial routing of the signal "cand_id_i[15]". Without this partial route, timing analysis to/from this port will not be accurate, and no routing information for this port can be exported.
WARNING: [Route 35-198] Port "cand_util_i[5]" does not have an associated HD.PARTPIN_LOCS, which will prevent the partial routing of the signal "cand_util_i[5]". Without this partial route, timing analysis to/from this port will not be accurate, and no routing information for this port can be exported.
WARNING: [Route 35-198] Port "cand_util_i[0]" does not have an associated HD.PARTPIN_LOCS, which will prevent the partial routing of the signal "cand_util_i[0]". Without this partial route, timing analysis to/from this port will not be accurate, and no routing information for this port can be exported.
WARNING: [Route 35-198] Port "cand_util_i[1]" does not have an associated HD.PARTPIN_LOCS, which will prevent the partial routing of the signal "cand_util_i[1]". Without this partial route, timing analysis to/from this port will not be accurate, and no routing information for this port can be exported.
WARNING: [Route 35-198] Port "cand_util_i[3]" does not have an associated HD.PARTPIN_LOCS, which will prevent the partial routing of the signal "cand_util_i[3]". Without this partial route, timing analysis to/from this port will not be accurate, and no routing information for this port can be exported.
WARNING: [Route 35-198] Port "cand_util_i[2]" does not have an associated HD.PARTPIN_LOCS, which will prevent the partial routing of the signal "cand_util_i[2]". Without this partial route, timing analysis to/from this port will not be accurate, and no routing information for this port can be exported.
WARNING: [Route 35-198] Port "cand_util_i[4]" does not have an associated HD.PARTPIN_LOCS, which will prevent the partial routing of the signal "cand_util_i[4]". Without this partial route, timing analysis to/from this port will not be accurate, and no routing information for this port can be exported.
WARNING: [Route 35-198] Port "cand_util_i[7]" does not have an associated HD.PARTPIN_LOCS, which will prevent the partial routing of the signal "cand_util_i[7]". Without this partial route, timing analysis to/from this port will not be accurate, and no routing information for this port can be exported.
WARNING: [Route 35-198] Port "cand_util_i[6]" does not have an associated HD.PARTPIN_LOCS, which will prevent the partial routing of the signal "cand_util_i[6]". Without this partial route, timing analysis to/from this port will not be accurate, and no routing information for this port can be exported.
WARNING: [Route 35-198] Port "cand_latency_i[31]" does not have an associated HD.PARTPIN_LOCS, which will prevent the partial routing of the signal "cand_latency_i[31]". Without this partial route, timing analysis to/from this port will not be accurate, and no routing information for this port can be exported.
WARNING: [Route 35-198] Port "cand_latency_i[30]" does not have an associated HD.PARTPIN_LOCS, which will prevent the partial routing of the signal "cand_latency_i[30]". Without this partial route, timing analysis to/from this port will not be accurate, and no routing information for this port can be exported.
WARNING: [Route 35-198] Port "cand_latency_i[29]" does not have an associated HD.PARTPIN_LOCS, which will prevent the partial routing of the signal "cand_latency_i[29]". Without this partial route, timing analysis to/from this port will not be accurate, and no routing information for this port can be exported.
WARNING: [Route 35-198] Port "cand_latency_i[28]" does not have an associated HD.PARTPIN_LOCS, which will prevent the partial routing of the signal "cand_latency_i[28]". Without this partial route, timing analysis to/from this port will not be accurate, and no routing information for this port can be exported.
WARNING: [Route 35-198] Port "cand_latency_i[27]" does not have an associated HD.PARTPIN_LOCS, which will prevent the partial routing of the signal "cand_latency_i[27]". Without this partial route, timing analysis to/from this port will not be accurate, and no routing information for this port can be exported.
WARNING: [Route 35-198] Port "cand_latency_i[26]" does not have an associated HD.PARTPIN_LOCS, which will prevent the partial routing of the signal "cand_latency_i[26]". Without this partial route, timing analysis to/from this port will not be accurate, and no routing information for this port can be exported.
WARNING: [Route 35-198] Port "cand_latency_i[24]" does not have an associated HD.PARTPIN_LOCS, which will prevent the partial routing of the signal "cand_latency_i[24]". Without this partial route, timing analysis to/from this port will not be accurate, and no routing information for this port can be exported.
WARNING: [Route 35-198] Port "cand_id_i[1]" does not have an associated HD.PARTPIN_LOCS, which will prevent the partial routing of the signal "cand_id_i[1]". Without this partial route, timing analysis to/from this port will not be accurate, and no routing information for this port can be exported.
WARNING: [Route 35-198] Port "cand_latency_i[23]" does not have an associated HD.PARTPIN_LOCS, which will prevent the partial routing of the signal "cand_latency_i[23]". Without this partial route, timing analysis to/from this port will not be accurate, and no routing information for this port can be exported.
WARNING: [Route 35-198] Port "cand_latency_i[22]" does not have an associated HD.PARTPIN_LOCS, which will prevent the partial routing of the signal "cand_latency_i[22]". Without this partial route, timing analysis to/from this port will not be accurate, and no routing information for this port can be exported.
WARNING: [Route 35-198] Port "cand_latency_i[21]" does not have an associated HD.PARTPIN_LOCS, which will prevent the partial routing of the signal "cand_latency_i[21]". Without this partial route, timing analysis to/from this port will not be accurate, and no routing information for this port can be exported.
WARNING: [Route 35-198] Port "cand_latency_i[19]" does not have an associated HD.PARTPIN_LOCS, which will prevent the partial routing of the signal "cand_latency_i[19]". Without this partial route, timing analysis to/from this port will not be accurate, and no routing information for this port can be exported.
WARNING: [Route 35-198] Port "cand_latency_i[17]" does not have an associated HD.PARTPIN_LOCS, which will prevent the partial routing of the signal "cand_latency_i[17]". Without this partial route, timing analysis to/from this port will not be accurate, and no routing information for this port can be exported.
WARNING: [Route 35-198] Port "cand_id_i[12]" does not have an associated HD.PARTPIN_LOCS, which will prevent the partial routing of the signal "cand_id_i[12]". Without this partial route, timing analysis to/from this port will not be accurate, and no routing information for this port can be exported.
WARNING: [Route 35-198] Port "cand_id_i[7]" does not have an associated HD.PARTPIN_LOCS, which will prevent the partial routing of the signal "cand_id_i[7]". Without this partial route, timing analysis to/from this port will not be accurate, and no routing information for this port can be exported.
WARNING: [Route 35-198] Port "cand_id_i[14]" does not have an associated HD.PARTPIN_LOCS, which will prevent the partial routing of the signal "cand_id_i[14]". Without this partial route, timing analysis to/from this port will not be accurate, and no routing information for this port can be exported.
WARNING: [Route 35-198] Port "cand_latency_i[15]" does not have an associated HD.PARTPIN_LOCS, which will prevent the partial routing of the signal "cand_latency_i[15]". Without this partial route, timing analysis to/from this port will not be accurate, and no routing information for this port can be exported.
WARNING: [Route 35-198] Port "cand_latency_i[14]" does not have an associated HD.PARTPIN_LOCS, which will prevent the partial routing of the signal "cand_latency_i[14]". Without this partial route, timing analysis to/from this port will not be accurate, and no routing information for this port can be exported.
WARNING: [Route 35-198] Port "cand_latency_i[13]" does not have an associated HD.PARTPIN_LOCS, which will prevent the partial routing of the signal "cand_latency_i[13]". Without this partial route, timing analysis to/from this port will not be accurate, and no routing information for this port can be exported.
WARNING: [Route 35-198] Port "cand_latency_i[12]" does not have an associated HD.PARTPIN_LOCS, which will prevent the partial routing of the signal "cand_latency_i[12]". Without this partial route, timing analysis to/from this port will not be accurate, and no routing information for this port can be exported.
WARNING: [Route 35-198] Port "cand_latency_i[11]" does not have an associated HD.PARTPIN_LOCS, which will prevent the partial routing of the signal "cand_latency_i[11]". Without this partial route, timing analysis to/from this port will not be accurate, and no routing information for this port can be exported.
WARNING: [Route 35-198] Port "cand_latency_i[10]" does not have an associated HD.PARTPIN_LOCS, which will prevent the partial routing of the signal "cand_latency_i[10]". Without this partial route, timing analysis to/from this port will not be accurate, and no routing information for this port can be exported.
WARNING: [Route 35-198] Port "cand_latency_i[9]" does not have an associated HD.PARTPIN_LOCS, which will prevent the partial routing of the signal "cand_latency_i[9]". Without this partial route, timing analysis to/from this port will not be accurate, and no routing information for this port can be exported.
WARNING: [Route 35-198] Port "cand_latency_i[8]" does not have an associated HD.PARTPIN_LOCS, which will prevent the partial routing of the signal "cand_latency_i[8]". Without this partial route, timing analysis to/from this port will not be accurate, and no routing information for this port can be exported.
WARNING: [Route 35-198] Port "cand_id_i[5]" does not have an associated HD.PARTPIN_LOCS, which will prevent the partial routing of the signal "cand_id_i[5]". Without this partial route, timing analysis to/from this port will not be accurate, and no routing information for this port can be exported.
WARNING: [Route 35-198] Port "cand_latency_i[7]" does not have an associated HD.PARTPIN_LOCS, which will prevent the partial routing of the signal "cand_latency_i[7]". Without this partial route, timing analysis to/from this port will not be accurate, and no routing information for this port can be exported.
WARNING: [Route 35-198] Port "cand_latency_i[6]" does not have an associated HD.PARTPIN_LOCS, which will prevent the partial routing of the signal "cand_latency_i[6]". Without this partial route, timing analysis to/from this port will not be accurate, and no routing information for this port can be exported.
WARNING: [Route 35-198] Port "cand_latency_i[5]" does not have an associated HD.PARTPIN_LOCS, which will prevent the partial routing of the signal "cand_latency_i[5]". Without this partial route, timing analysis to/from this port will not be accurate, and no routing information for this port can be exported.
WARNING: [Route 35-198] Port "cand_latency_i[4]" does not have an associated HD.PARTPIN_LOCS, which will prevent the partial routing of the signal "cand_latency_i[4]". Without this partial route, timing analysis to/from this port will not be accurate, and no routing information for this port can be exported.
WARNING: [Route 35-198] Port "cand_latency_i[3]" does not have an associated HD.PARTPIN_LOCS, which will prevent the partial routing of the signal "cand_latency_i[3]". Without this partial route, timing analysis to/from this port will not be accurate, and no routing information for this port can be exported.
WARNING: [Route 35-198] Port "cand_latency_i[2]" does not have an associated HD.PARTPIN_LOCS, which will prevent the partial routing of the signal "cand_latency_i[2]". Without this partial route, timing analysis to/from this port will not be accurate, and no routing information for this port can be exported.
WARNING: [Route 35-198] Port "cand_latency_i[1]" does not have an associated HD.PARTPIN_LOCS, which will prevent the partial routing of the signal "cand_latency_i[1]". Without this partial route, timing analysis to/from this port will not be accurate, and no routing information for this port can be exported.
WARNING: [Route 35-198] Port "cand_latency_i[0]" does not have an associated HD.PARTPIN_LOCS, which will prevent the partial routing of the signal "cand_latency_i[0]". Without this partial route, timing analysis to/from this port will not be accurate, and no routing information for this port can be exported.
WARNING: [Route 35-198] Port "cand_id_i[0]" does not have an associated HD.PARTPIN_LOCS, which will prevent the partial routing of the signal "cand_id_i[0]". Without this partial route, timing analysis to/from this port will not be accurate, and no routing information for this port can be exported.
INFO: [Common 17-14] Message 'Route 35-198' appears 100 times and further instances of the messages will be disabled. Use the Tcl command set_msg_config to change the current settings.
WARNING: [Constraints 18-8777] Unable to split tiles. All required files are not available.
Post Restoration Checksum: NetGraph: bf10d5a5 | NumContArr: cf60dab3 | Constraints: c2a8fa9d | Timing: c2a8fa9d
Phase 1 Build RT Design | Checksum: 313c3a592

Time (s): cpu = 00:00:39 ; elapsed = 00:00:33 . Memory (MB): peak = 2489.754 ; gain = 280.742 ; free physical = 5919 ; free virtual = 15305

Phase 2 Router Initialization

Phase 2.1 Fix Topology Constraints
Phase 2.1 Fix Topology Constraints | Checksum: 313c3a592

Time (s): cpu = 00:00:39 ; elapsed = 00:00:33 . Memory (MB): peak = 2489.754 ; gain = 280.742 ; free physical = 5919 ; free virtual = 15305

Phase 2.2 Pre Route Cleanup
Phase 2.2 Pre Route Cleanup | Checksum: 313c3a592

Time (s): cpu = 00:00:39 ; elapsed = 00:00:33 . Memory (MB): peak = 2489.754 ; gain = 280.742 ; free physical = 5918 ; free virtual = 15305
 Number of Nodes with overlaps = 0

Phase 2.3 Update Timing
Phase 2.3 Update Timing | Checksum: 2c9d8bdc2

Time (s): cpu = 00:00:41 ; elapsed = 00:00:33 . Memory (MB): peak = 2558.512 ; gain = 349.500 ; free physical = 5846 ; free virtual = 15233
INFO: [Route 35-416] Intermediate Timing Summary | WNS=0.223  | TNS=0.000  | WHS=0.092  | THS=0.000  |


Router Utilization Summary
  Global Vertical Routing Utilization    = 0 %
  Global Horizontal Routing Utilization  = 0 %
  Routable Net Status*
  *Does not include unroutable nets such as driverless and loadless.
  Run report_route_status for detailed report.
  Number of Failed Nets               = 3827
    (Failed Nets is the sum of unrouted and partially routed nets)
  Number of Unrouted Nets             = 3826
  Number of Partially Routed Nets     = 1
  Number of Node Overlaps             = 0

Phase 2 Router Initialization | Checksum: 2d458f539

Time (s): cpu = 00:00:42 ; elapsed = 00:00:34 . Memory (MB): peak = 2569.598 ; gain = 360.586 ; free physical = 5829 ; free virtual = 15216

Phase 3 Global Routing
Phase 3 Global Routing | Checksum: 2d458f539

Time (s): cpu = 00:00:42 ; elapsed = 00:00:34 . Memory (MB): peak = 2569.598 ; gain = 360.586 ; free physical = 5829 ; free virtual = 15216

Phase 4 Initial Routing

Phase 4.1 Initial Net Routing Pass
Phase 4.1 Initial Net Routing Pass | Checksum: 1012d44c7

Time (s): cpu = 00:00:43 ; elapsed = 00:00:34 . Memory (MB): peak = 2569.598 ; gain = 360.586 ; free physical = 5828 ; free virtual = 15215
Phase 4 Initial Routing | Checksum: 1012d44c7

Time (s): cpu = 00:00:43 ; elapsed = 00:00:34 . Memory (MB): peak = 2569.598 ; gain = 360.586 ; free physical = 5828 ; free virtual = 15215

Phase 5 Rip-up And Reroute

Phase 5.1 Global Iteration 0
 Number of Nodes with overlaps = 185
 Number of Nodes with overlaps = 27
 Number of Nodes with overlaps = 12
 Number of Nodes with overlaps = 6
 Number of Nodes with overlaps = 3
 Number of Nodes with overlaps = 0
INFO: [Route 35-416] Intermediate Timing Summary | WNS=0.037  | TNS=0.000  | WHS=N/A    | THS=N/A    |

Phase 5.1 Global Iteration 0 | Checksum: 243b46bc4

Time (s): cpu = 00:00:45 ; elapsed = 00:00:35 . Memory (MB): peak = 2569.598 ; gain = 360.586 ; free physical = 5838 ; free virtual = 15224
Phase 5 Rip-up And Reroute | Checksum: 243b46bc4

Time (s): cpu = 00:00:45 ; elapsed = 00:00:35 . Memory (MB): peak = 2569.598 ; gain = 360.586 ; free physical = 5838 ; free virtual = 15224

Phase 6 Delay and Skew Optimization

Phase 6.1 Delay CleanUp
Phase 6.1 Delay CleanUp | Checksum: 243b46bc4

Time (s): cpu = 00:00:45 ; elapsed = 00:00:35 . Memory (MB): peak = 2569.598 ; gain = 360.586 ; free physical = 5838 ; free virtual = 15224

Phase 6.2 Clock Skew Optimization
Phase 6.2 Clock Skew Optimization | Checksum: 243b46bc4

Time (s): cpu = 00:00:45 ; elapsed = 00:00:35 . Memory (MB): peak = 2569.598 ; gain = 360.586 ; free physical = 5838 ; free virtual = 15224
Phase 6 Delay and Skew Optimization | Checksum: 243b46bc4

Time (s): cpu = 00:00:45 ; elapsed = 00:00:35 . Memory (MB): peak = 2569.598 ; gain = 360.586 ; free physical = 5838 ; free virtual = 15224

Phase 7 Post Hold Fix

Phase 7.1 Hold Fix Iter
INFO: [Route 35-416] Intermediate Timing Summary | WNS=0.037  | TNS=0.000  | WHS=0.097  | THS=0.000  |

Phase 7.1 Hold Fix Iter | Checksum: 1f9cd98ea

Time (s): cpu = 00:00:46 ; elapsed = 00:00:35 . Memory (MB): peak = 2569.598 ; gain = 360.586 ; free physical = 5837 ; free virtual = 15224
Phase 7 Post Hold Fix | Checksum: 1f9cd98ea

Time (s): cpu = 00:00:46 ; elapsed = 00:00:35 . Memory (MB): peak = 2569.598 ; gain = 360.586 ; free physical = 5837 ; free virtual = 15224

Phase 8 Route finalize

Router Utilization Summary
  Global Vertical Routing Utilization    = 0.209778 %
  Global Horizontal Routing Utilization  = 0.255056 %
  Routable Net Status*
  *Does not include unroutable nets such as driverless and loadless.
  Run report_route_status for detailed report.
  Number of Failed Nets               = 0
    (Failed Nets is the sum of unrouted and partially routed nets)
  Number of Unrouted Nets             = 0
  Number of Partially Routed Nets     = 0
  Number of Node Overlaps             = 0

Phase 8 Route finalize | Checksum: 1f9cd98ea

Time (s): cpu = 00:00:46 ; elapsed = 00:00:35 . Memory (MB): peak = 2569.598 ; gain = 360.586 ; free physical = 5838 ; free virtual = 15224

Phase 9 Verifying routed nets

 Verification completed successfully
Phase 9 Verifying routed nets | Checksum: 1f9cd98ea

Time (s): cpu = 00:00:46 ; elapsed = 00:00:35 . Memory (MB): peak = 2569.598 ; gain = 360.586 ; free physical = 5837 ; free virtual = 15224

Phase 10 Depositing Routes
Phase 10 Depositing Routes | Checksum: 21bae3641

Time (s): cpu = 00:00:46 ; elapsed = 00:00:35 . Memory (MB): peak = 2569.598 ; gain = 360.586 ; free physical = 5835 ; free virtual = 15222

Phase 11 Post Process Routing
Phase 11 Post Process Routing | Checksum: 21bae3641

Time (s): cpu = 00:00:46 ; elapsed = 00:00:35 . Memory (MB): peak = 2569.598 ; gain = 360.586 ; free physical = 5835 ; free virtual = 15222

Phase 12 Post Router Timing
WARNING: [Timing 38-242] The property HD.CLK_SRC of clock port "clk" is not set. In out-of-context mode, this prevents timing estimation for clock delay/skew
Resolution: Set the HD.CLK_SRC property of the out-of-context port to the location of the clock buffer instance in the top-level design
INFO: [Route 35-20] Post Routing Timing Summary | WNS=0.039  | TNS=0.000  | WHS=0.098  | THS=0.000  |

Phase 12 Post Router Timing | Checksum: 24d2f9815

Time (s): cpu = 00:00:48 ; elapsed = 00:00:36 . Memory (MB): peak = 2569.598 ; gain = 360.586 ; free physical = 5835 ; free virtual = 15222
INFO: [Route 35-61] The design met the timing requirement.
Total Elapsed time in route_design: 35.78 secs

Phase 13 Post-Route Event Processing
Phase 13 Post-Route Event Processing | Checksum: db50c039

Time (s): cpu = 00:00:48 ; elapsed = 00:00:36 . Memory (MB): peak = 2569.598 ; gain = 360.586 ; free physical = 5835 ; free virtual = 15222
INFO: [Route 35-16] Router Completed Successfully
Ending Routing Task | Checksum: db50c039

Time (s): cpu = 00:00:48 ; elapsed = 00:00:36 . Memory (MB): peak = 2569.598 ; gain = 360.586 ; free physical = 5835 ; free virtual = 15222

Routing Is Done.
INFO: [Common 17-83] Releasing license: Implementation
11 Infos, 103 Warnings, 0 Critical Warnings and 0 Errors encountered.
route_design completed successfully
route_design: Time (s): cpu = 00:00:48 ; elapsed = 00:00:36 . Memory (MB): peak = 2569.598 ; gain = 367.523 ; free physical = 5835 ; free virtual = 15222
# write_checkpoint -force $outdir/qflow_top_tc5_impl_ooc_route.dcp
INFO: [Timing 38-480] Writing timing data to binary archive.
Write ShapeDB Complete: Time (s): cpu = 00:00:00.03 ; elapsed = 00:00:00 . Memory (MB): peak = 2601.613 ; gain = 0.000 ; free physical = 5835 ; free virtual = 15222
Wrote PlaceDB: Time (s): cpu = 00:00:00.57 ; elapsed = 00:00:00.23 . Memory (MB): peak = 2601.613 ; gain = 0.000 ; free physical = 5834 ; free virtual = 15226
Wrote PulsedLatchDB: Time (s): cpu = 00:00:00 ; elapsed = 00:00:00 . Memory (MB): peak = 2601.613 ; gain = 0.000 ; free physical = 5834 ; free virtual = 15226
Writing XDEF routing.
Writing XDEF routing logical nets.
Writing XDEF routing special nets.
Wrote RouteStorage: Time (s): cpu = 00:00:00.05 ; elapsed = 00:00:00.05 . Memory (MB): peak = 2601.613 ; gain = 0.000 ; free physical = 5834 ; free virtual = 15226
Wrote Netlist Cache: Time (s): cpu = 00:00:00.01 ; elapsed = 00:00:00 . Memory (MB): peak = 2601.613 ; gain = 0.000 ; free physical = 5834 ; free virtual = 15227
Wrote Device Cache: Time (s): cpu = 00:00:00 ; elapsed = 00:00:00.01 . Memory (MB): peak = 2601.613 ; gain = 0.000 ; free physical = 5832 ; free virtual = 15225
Write Physdb Complete: Time (s): cpu = 00:00:00.63 ; elapsed = 00:00:00.29 . Memory (MB): peak = 2601.613 ; gain = 0.000 ; free physical = 5832 ; free virtual = 15225
INFO: [Common 17-1381] The checkpoint '/media/shahriar-rizvi/Data/CSE/Thesis/from13March/qflow_step1_phase0/results/phase9h_ooc/qflow_top_tc5_impl_ooc_route.dcp' has been generated.
# report_utilization -file $outdir/qflow_top_tc5_impl_ooc_utilization.rpt
# report_clock_utilization -file $outdir/qflow_top_tc5_impl_ooc_clock_utilization.rpt
# report_timing_summary -delay_type max -report_unconstrained -check_timing_verbose -max_paths 30 -file $outdir/qflow_top_tc5_impl_ooc_timing_summary.rpt
INFO: [Timing 38-91] UpdateTimingParams: Speed grade: -1, Delay Type: max.
INFO: [Timing 38-191] Multithreading enabled for timing update using a maximum of 8 CPUs
WARNING: [Timing 38-242] The property HD.CLK_SRC of clock port "clk" is not set. In out-of-context mode, this prevents timing estimation for clock delay/skew
Resolution: Set the HD.CLK_SRC property of the out-of-context port to the location of the clock buffer instance in the top-level design
# report_timing -delay_type max -max_paths 20 -sort_by group -file $outdir/qflow_top_tc5_impl_ooc_critical_paths.rpt
INFO: [Timing 38-91] UpdateTimingParams: Speed grade: -1, Delay Type: max.
INFO: [Timing 38-191] Multithreading enabled for timing update using a maximum of 8 CPUs
INFO: [Timing 38-78] ReportTimingParams: -max_paths 20 -nworst 1 -delay_type max -sort_by group.
# report_route_status -file $outdir/qflow_top_tc5_impl_ooc_route_status.rpt
# report_drc -file $outdir/qflow_top_tc5_impl_ooc_drc.rpt
Command: report_drc -file results/phase9h_ooc/qflow_top_tc5_impl_ooc_drc.rpt
INFO: [IP_Flow 19-234] Refreshing IP repositories
INFO: [IP_Flow 19-1704] No user IP repositories specified
INFO: [IP_Flow 19-2313] Loaded Vivado IP repository '/home/shahriar-rizvi/Work/VLSI/Xilinx/Vivado/2024.2/data/ip'.
INFO: [DRC 23-27] Running DRC with 8 threads
WARNING: [DRC 23-814] Not all possible (connectivity based) DRCs may have been run because this design is seen as Out of Context.
INFO: [Vivado_Tcl 2-168] The results of DRC are in file /media/shahriar-rizvi/Data/CSE/Thesis/from13March/qflow_step1_phase0/results/phase9h_ooc/qflow_top_tc5_impl_ooc_drc.rpt.
report_drc completed successfully
# report_power -file $outdir/qflow_top_tc5_impl_ooc_power.rpt
Command: report_power -file results/phase9h_ooc/qflow_top_tc5_impl_ooc_power.rpt
Running Vector-less Activity Propagation...

Finished Running Vector-less Activity Propagation
0 Infos, 0 Warnings, 0 Critical Warnings and 0 Errors encountered.
report_power completed successfully
# close_design
# exit
INFO: [Common 17-206] Exiting Vivado at Mon Mar 16 06:35:29 2026...
