#-----------------------------------------------------------
# Vivado v2024.2 (64-bit)
# SW Build 5239630 on Fri Nov 08 22:34:34 MST 2024
# IP Build 5239520 on Sun Nov 10 16:12:51 MST 2024
# SharedData Build 5239561 on Fri Nov 08 14:39:27 MST 2024
# Start of session at: Mon Mar 16 05:09:38 2026
# Process ID         : 8114
# Current directory  : /media/shahriar-rizvi/Data/CSE/Thesis/from13March/qflow_step1_phase0
# Command line       : vivado -mode batch -source tcl/run_top_tc5_impl.tcl
# Log file           : /media/shahriar-rizvi/Data/CSE/Thesis/from13March/qflow_step1_phase0/vivado.log
# Journal file       : /media/shahriar-rizvi/Data/CSE/Thesis/from13March/qflow_step1_phase0/vivado.jou
# Running On         : Shahriars-Unix
# Platform           : Ubuntu
# Operating System   : Ubuntu 24.04.3 LTS
# Processor Detail   : 11th Gen Intel(R) Core(TM) i7-1195G7 @ 2.90GHz
# CPU Frequency      : 4700.000 MHz
# CPU Physical cores : 4
# CPU Logical cores  : 8
# Host memory        : 16509 MB
# Swap memory        : 4294 MB
# Total Virtual      : 20804 MB
# Available Virtual  : 17108 MB
#-----------------------------------------------------------
source tcl/run_top_tc5_impl.tcl
# set outdir "results/phase9h"
# file mkdir $outdir
# set partname "xc7a200tfbg484-1"
# create_project qflow_top_tc5_impl_proj $outdir/qflow_top_tc5_impl_proj -part $partname -force
# set_property target_language Verilog [current_project]
# set_property XPM_LIBRARIES {XPM_MEMORY} [current_project]
# foreach f [list \
#     rtl/fdpe_tc5.v \
#     rtl/xorshift128plus.v \
#     rtl/ga_pareto_cmp.v \
#     rtl/ga_select.v \
#     rtl/ga_elitism.v \
#     rtl/ga_crossover.v \
#     rtl/ga_mutate.v \
#     rtl/pmo_ga_multigen.v \
#     rtl/skag_mem_tc4.v \
#     rtl/qflow_top_tc5.v ] {
#     read_verilog -sv $f
# }
# read_xdc xdc/qflow_top_tc5.xdc
# synth_design -top qflow_top_tc5 -part $partname
Command: synth_design -top qflow_top_tc5 -part xc7a200tfbg484-1
Starting synth_design
Attempting to get a license for feature 'Synthesis' and/or device 'xc7a200t'
INFO: [Common 17-349] Got license for feature 'Synthesis' and/or device 'xc7a200t'
INFO: [Device 21-403] Loading part xc7a200tfbg484-1
INFO: [Synth 8-7079] Multithreading enabled for synth_design using a maximum of 7 processes.
INFO: [Synth 8-7078] Launching helper process for spawning children vivado processes
INFO: [Synth 8-7075] Helper process launched with PID 8337
---------------------------------------------------------------------------------
Starting RTL Elaboration : Time (s): cpu = 00:00:03 ; elapsed = 00:00:03 . Memory (MB): peak = 1935.137 ; gain = 427.832 ; free physical = 6434 ; free virtual = 15244
---------------------------------------------------------------------------------
INFO: [Synth 8-6157] synthesizing module 'qflow_top_tc5' [/media/shahriar-rizvi/Data/CSE/Thesis/from13March/qflow_step1_phase0/rtl/qflow_top_tc5.v:3]
INFO: [Synth 8-6157] synthesizing module 'xorshift128plus' [/media/shahriar-rizvi/Data/CSE/Thesis/from13March/qflow_step1_phase0/rtl/xorshift128plus.v:3]
INFO: [Synth 8-6155] done synthesizing module 'xorshift128plus' (0#1) [/media/shahriar-rizvi/Data/CSE/Thesis/from13March/qflow_step1_phase0/rtl/xorshift128plus.v:3]
INFO: [Synth 8-6157] synthesizing module 'fdpe_tc5' [/media/shahriar-rizvi/Data/CSE/Thesis/from13March/qflow_step1_phase0/rtl/fdpe_tc5.v:3]
INFO: [Synth 8-251] [FDPE_TC5] Loading LUT from results/phase1/exp_lut.hex [/media/shahriar-rizvi/Data/CSE/Thesis/from13March/qflow_step1_phase0/rtl/fdpe_tc5.v:25]
INFO: [Synth 8-3876] $readmem data file 'results/phase1/exp_lut.hex' is read successfully [/media/shahriar-rizvi/Data/CSE/Thesis/from13March/qflow_step1_phase0/rtl/fdpe_tc5.v:26]
INFO: [Synth 8-6155] done synthesizing module 'fdpe_tc5' (0#1) [/media/shahriar-rizvi/Data/CSE/Thesis/from13March/qflow_step1_phase0/rtl/fdpe_tc5.v:3]
INFO: [Synth 8-6157] synthesizing module 'skag_mem_tc4' [/media/shahriar-rizvi/Data/CSE/Thesis/from13March/qflow_step1_phase0/rtl/skag_mem_tc4.v:3]
	Parameter ADDR_W bound to: 12 - type: integer 
	Parameter DEPTH bound to: 4096 - type: integer 
INFO: [Synth 8-6157] synthesizing module 'xpm_memory_tdpram' [/home/shahriar-rizvi/Work/VLSI/Xilinx/Vivado/2024.2/data/ip/xpm/xpm_memory/hdl/xpm_memory.sv:9050]
	Parameter MEMORY_SIZE bound to: 65536 - type: integer 
	Parameter MEMORY_PRIMITIVE bound to: block - type: string 
	Parameter CLOCKING_MODE bound to: common_clock - type: string 
	Parameter ECC_MODE bound to: no_ecc - type: string 
	Parameter MEMORY_INIT_FILE bound to: none - type: string 
	Parameter MEMORY_INIT_PARAM bound to: 0 - type: string 
	Parameter USE_MEM_INIT bound to: 0 - type: integer 
	Parameter WAKEUP_TIME bound to: disable_sleep - type: string 
	Parameter AUTO_SLEEP_TIME bound to: 0 - type: integer 
	Parameter MESSAGE_CONTROL bound to: 0 - type: integer 
	Parameter USE_EMBEDDED_CONSTRAINT bound to: 0 - type: integer 
	Parameter MEMORY_OPTIMIZATION bound to: true - type: string 
	Parameter CASCADE_HEIGHT bound to: 0 - type: integer 
	Parameter WRITE_DATA_WIDTH_A bound to: 16 - type: integer 
	Parameter READ_DATA_WIDTH_A bound to: 16 - type: integer 
	Parameter BYTE_WRITE_WIDTH_A bound to: 16 - type: integer 
	Parameter ADDR_WIDTH_A bound to: 12 - type: integer 
	Parameter READ_RESET_VALUE_A bound to: 0 - type: string 
	Parameter READ_LATENCY_A bound to: 2 - type: integer 
	Parameter WRITE_MODE_A bound to: read_first - type: string 
	Parameter WRITE_DATA_WIDTH_B bound to: 16 - type: integer 
	Parameter READ_DATA_WIDTH_B bound to: 16 - type: integer 
	Parameter BYTE_WRITE_WIDTH_B bound to: 16 - type: integer 
	Parameter ADDR_WIDTH_B bound to: 12 - type: integer 
	Parameter READ_RESET_VALUE_B bound to: 0 - type: string 
	Parameter READ_LATENCY_B bound to: 2 - type: integer 
	Parameter WRITE_MODE_B bound to: read_first - type: string 
INFO: [Synth 8-6157] synthesizing module 'xpm_memory_base' [/home/shahriar-rizvi/Work/VLSI/Xilinx/Vivado/2024.2/data/ip/xpm/xpm_memory/hdl/xpm_memory.sv:54]
INFO: [Synth 8-6155] done synthesizing module 'xpm_memory_base' (0#1) [/home/shahriar-rizvi/Work/VLSI/Xilinx/Vivado/2024.2/data/ip/xpm/xpm_memory/hdl/xpm_memory.sv:54]
INFO: [Synth 8-6155] done synthesizing module 'xpm_memory_tdpram' (0#1) [/home/shahriar-rizvi/Work/VLSI/Xilinx/Vivado/2024.2/data/ip/xpm/xpm_memory/hdl/xpm_memory.sv:9050]
INFO: [Synth 8-6157] synthesizing module 'xpm_memory_tdpram__parameterized0' [/home/shahriar-rizvi/Work/VLSI/Xilinx/Vivado/2024.2/data/ip/xpm/xpm_memory/hdl/xpm_memory.sv:9050]
	Parameter MEMORY_SIZE bound to: 131072 - type: integer 
	Parameter MEMORY_PRIMITIVE bound to: block - type: string 
	Parameter CLOCKING_MODE bound to: common_clock - type: string 
	Parameter ECC_MODE bound to: no_ecc - type: string 
	Parameter MEMORY_INIT_FILE bound to: none - type: string 
	Parameter MEMORY_INIT_PARAM bound to: 0 - type: string 
	Parameter USE_MEM_INIT bound to: 0 - type: integer 
	Parameter WAKEUP_TIME bound to: disable_sleep - type: string 
	Parameter AUTO_SLEEP_TIME bound to: 0 - type: integer 
	Parameter MESSAGE_CONTROL bound to: 0 - type: integer 
	Parameter USE_EMBEDDED_CONSTRAINT bound to: 0 - type: integer 
	Parameter MEMORY_OPTIMIZATION bound to: true - type: string 
	Parameter CASCADE_HEIGHT bound to: 0 - type: integer 
	Parameter WRITE_DATA_WIDTH_A bound to: 32 - type: integer 
	Parameter READ_DATA_WIDTH_A bound to: 32 - type: integer 
	Parameter BYTE_WRITE_WIDTH_A bound to: 32 - type: integer 
	Parameter ADDR_WIDTH_A bound to: 12 - type: integer 
	Parameter READ_RESET_VALUE_A bound to: 0 - type: string 
	Parameter READ_LATENCY_A bound to: 2 - type: integer 
	Parameter WRITE_MODE_A bound to: read_first - type: string 
	Parameter WRITE_DATA_WIDTH_B bound to: 32 - type: integer 
	Parameter READ_DATA_WIDTH_B bound to: 32 - type: integer 
	Parameter BYTE_WRITE_WIDTH_B bound to: 32 - type: integer 
	Parameter ADDR_WIDTH_B bound to: 12 - type: integer 
	Parameter READ_RESET_VALUE_B bound to: 0 - type: string 
	Parameter READ_LATENCY_B bound to: 2 - type: integer 
	Parameter WRITE_MODE_B bound to: read_first - type: string 
INFO: [Synth 8-6157] synthesizing module 'xpm_memory_base__parameterized0' [/home/shahriar-rizvi/Work/VLSI/Xilinx/Vivado/2024.2/data/ip/xpm/xpm_memory/hdl/xpm_memory.sv:54]
INFO: [Synth 8-6155] done synthesizing module 'xpm_memory_base__parameterized0' (0#1) [/home/shahriar-rizvi/Work/VLSI/Xilinx/Vivado/2024.2/data/ip/xpm/xpm_memory/hdl/xpm_memory.sv:54]
INFO: [Synth 8-6155] done synthesizing module 'xpm_memory_tdpram__parameterized0' (0#1) [/home/shahriar-rizvi/Work/VLSI/Xilinx/Vivado/2024.2/data/ip/xpm/xpm_memory/hdl/xpm_memory.sv:9050]
INFO: [Synth 8-6155] done synthesizing module 'skag_mem_tc4' (0#1) [/media/shahriar-rizvi/Data/CSE/Thesis/from13March/qflow_step1_phase0/rtl/skag_mem_tc4.v:3]
INFO: [Synth 8-6157] synthesizing module 'pmo_ga_multigen' [/media/shahriar-rizvi/Data/CSE/Thesis/from13March/qflow_step1_phase0/rtl/pmo_ga_multigen.v:3]
	Parameter INDEX_W bound to: 4 - type: integer 
	Parameter GEN_W bound to: 4 - type: integer 
INFO: [Synth 8-6157] synthesizing module 'ga_elitism' [/media/shahriar-rizvi/Data/CSE/Thesis/from13March/qflow_step1_phase0/rtl/ga_elitism.v:1]
INFO: [Synth 8-6157] synthesizing module 'ga_select' [/media/shahriar-rizvi/Data/CSE/Thesis/from13March/qflow_step1_phase0/rtl/ga_select.v:1]
INFO: [Synth 8-6157] synthesizing module 'ga_pareto_cmp' [/media/shahriar-rizvi/Data/CSE/Thesis/from13March/qflow_step1_phase0/rtl/ga_pareto_cmp.v:1]
INFO: [Synth 8-6155] done synthesizing module 'ga_pareto_cmp' (0#1) [/media/shahriar-rizvi/Data/CSE/Thesis/from13March/qflow_step1_phase0/rtl/ga_pareto_cmp.v:1]
INFO: [Synth 8-6155] done synthesizing module 'ga_select' (0#1) [/media/shahriar-rizvi/Data/CSE/Thesis/from13March/qflow_step1_phase0/rtl/ga_select.v:1]
INFO: [Synth 8-6155] done synthesizing module 'ga_elitism' (0#1) [/media/shahriar-rizvi/Data/CSE/Thesis/from13March/qflow_step1_phase0/rtl/ga_elitism.v:1]
INFO: [Synth 8-6157] synthesizing module 'ga_crossover' [/media/shahriar-rizvi/Data/CSE/Thesis/from13March/qflow_step1_phase0/rtl/ga_crossover.v:1]
INFO: [Synth 8-6155] done synthesizing module 'ga_crossover' (0#1) [/media/shahriar-rizvi/Data/CSE/Thesis/from13March/qflow_step1_phase0/rtl/ga_crossover.v:1]
INFO: [Synth 8-6157] synthesizing module 'ga_mutate' [/media/shahriar-rizvi/Data/CSE/Thesis/from13March/qflow_step1_phase0/rtl/ga_mutate.v:1]
INFO: [Synth 8-6155] done synthesizing module 'ga_mutate' (0#1) [/media/shahriar-rizvi/Data/CSE/Thesis/from13March/qflow_step1_phase0/rtl/ga_mutate.v:1]
INFO: [Synth 8-226] default block is never used [/media/shahriar-rizvi/Data/CSE/Thesis/from13March/qflow_step1_phase0/rtl/pmo_ga_multigen.v:93]
INFO: [Synth 8-6155] done synthesizing module 'pmo_ga_multigen' (0#1) [/media/shahriar-rizvi/Data/CSE/Thesis/from13March/qflow_step1_phase0/rtl/pmo_ga_multigen.v:3]
INFO: [Synth 8-6155] done synthesizing module 'qflow_top_tc5' (0#1) [/media/shahriar-rizvi/Data/CSE/Thesis/from13March/qflow_step1_phase0/rtl/qflow_top_tc5.v:3]
WARNING: [Synth 8-6014] Unused sequential element gen_rd_a.gen_douta_pipe.ena_pipe_reg[0] was removed.  [/home/shahriar-rizvi/Work/VLSI/Xilinx/Vivado/2024.2/data/ip/xpm/xpm_memory/hdl/xpm_memory.sv:2387]
WARNING: [Synth 8-6014] Unused sequential element gen_rd_b.gen_doutb_pipe.enb_pipe_reg[0] was removed.  [/home/shahriar-rizvi/Work/VLSI/Xilinx/Vivado/2024.2/data/ip/xpm/xpm_memory/hdl/xpm_memory.sv:3077]
WARNING: [Synth 8-6014] Unused sequential element gen_rd_a.gen_douta_pipe.ena_pipe_reg[0] was removed.  [/home/shahriar-rizvi/Work/VLSI/Xilinx/Vivado/2024.2/data/ip/xpm/xpm_memory/hdl/xpm_memory.sv:2387]
WARNING: [Synth 8-6014] Unused sequential element gen_rd_b.gen_doutb_pipe.enb_pipe_reg[0] was removed.  [/home/shahriar-rizvi/Work/VLSI/Xilinx/Vivado/2024.2/data/ip/xpm/xpm_memory/hdl/xpm_memory.sv:3077]
WARNING: [Synth 8-6014] Unused sequential element div_trial_rem_reg was removed.  [/media/shahriar-rizvi/Data/CSE/Thesis/from13March/qflow_step1_phase0/rtl/skag_mem_tc4.v:298]
WARNING: [Synth 8-6014] Unused sequential element div_rem_next_reg was removed.  [/media/shahriar-rizvi/Data/CSE/Thesis/from13March/qflow_step1_phase0/rtl/skag_mem_tc4.v:300]
WARNING: [Synth 8-6014] Unused sequential element div_bit_next_reg was removed.  [/media/shahriar-rizvi/Data/CSE/Thesis/from13March/qflow_step1_phase0/rtl/skag_mem_tc4.v:301]
WARNING: [Synth 8-6014] Unused sequential element div_quot_next_reg was removed.  [/media/shahriar-rizvi/Data/CSE/Thesis/from13March/qflow_step1_phase0/rtl/skag_mem_tc4.v:306]
WARNING: [Synth 8-6014] Unused sequential element div_result_final_reg was removed.  [/media/shahriar-rizvi/Data/CSE/Thesis/from13March/qflow_step1_phase0/rtl/skag_mem_tc4.v:315]
WARNING: [Synth 8-7129] Port parent_b_gene_i[15] in module ga_crossover is either unconnected or has no load
WARNING: [Synth 8-7129] Port parent_b_gene_i[14] in module ga_crossover is either unconnected or has no load
WARNING: [Synth 8-7129] Port parent_b_gene_i[13] in module ga_crossover is either unconnected or has no load
WARNING: [Synth 8-7129] Port parent_b_gene_i[12] in module ga_crossover is either unconnected or has no load
WARNING: [Synth 8-7129] Port parent_b_gene_i[11] in module ga_crossover is either unconnected or has no load
WARNING: [Synth 8-7129] Port parent_b_gene_i[10] in module ga_crossover is either unconnected or has no load
WARNING: [Synth 8-7129] Port parent_b_gene_i[9] in module ga_crossover is either unconnected or has no load
WARNING: [Synth 8-7129] Port parent_b_gene_i[8] in module ga_crossover is either unconnected or has no load
WARNING: [Synth 8-7129] Port sleep in module xpm_memory_base__parameterized0 is either unconnected or has no load
WARNING: [Synth 8-7129] Port injectsbiterra in module xpm_memory_base__parameterized0 is either unconnected or has no load
WARNING: [Synth 8-7129] Port injectdbiterra in module xpm_memory_base__parameterized0 is either unconnected or has no load
WARNING: [Synth 8-7129] Port clkb in module xpm_memory_base__parameterized0 is either unconnected or has no load
WARNING: [Synth 8-7129] Port injectsbiterrb in module xpm_memory_base__parameterized0 is either unconnected or has no load
WARNING: [Synth 8-7129] Port injectdbiterrb in module xpm_memory_base__parameterized0 is either unconnected or has no load
WARNING: [Synth 8-7129] Port sleep in module xpm_memory_base is either unconnected or has no load
WARNING: [Synth 8-7129] Port injectsbiterra in module xpm_memory_base is either unconnected or has no load
WARNING: [Synth 8-7129] Port injectdbiterra in module xpm_memory_base is either unconnected or has no load
WARNING: [Synth 8-7129] Port clkb in module xpm_memory_base is either unconnected or has no load
WARNING: [Synth 8-7129] Port injectsbiterrb in module xpm_memory_base is either unconnected or has no load
WARNING: [Synth 8-7129] Port injectdbiterrb in module xpm_memory_base is either unconnected or has no load
---------------------------------------------------------------------------------
Finished RTL Elaboration : Time (s): cpu = 00:00:05 ; elapsed = 00:00:05 . Memory (MB): peak = 2028.105 ; gain = 520.801 ; free physical = 6337 ; free virtual = 15159
---------------------------------------------------------------------------------
---------------------------------------------------------------------------------
Start Handling Custom Attributes
---------------------------------------------------------------------------------
---------------------------------------------------------------------------------
Finished Handling Custom Attributes : Time (s): cpu = 00:00:05 ; elapsed = 00:00:05 . Memory (MB): peak = 2042.949 ; gain = 535.645 ; free physical = 6335 ; free virtual = 15157
---------------------------------------------------------------------------------
---------------------------------------------------------------------------------
Finished RTL Optimization Phase 1 : Time (s): cpu = 00:00:05 ; elapsed = 00:00:05 . Memory (MB): peak = 2042.949 ; gain = 535.645 ; free physical = 6335 ; free virtual = 15157
---------------------------------------------------------------------------------
Netlist sorting complete. Time (s): cpu = 00:00:00.03 ; elapsed = 00:00:00.02 . Memory (MB): peak = 2042.949 ; gain = 0.000 ; free physical = 6334 ; free virtual = 15157
INFO: [Project 1-570] Preparing netlist for logic optimization

Processing XDC Constraints
Initializing timing engine
Parsing XDC File [/media/shahriar-rizvi/Data/CSE/Thesis/from13March/qflow_step1_phase0/xdc/qflow_top_tc5.xdc]
Finished Parsing XDC File [/media/shahriar-rizvi/Data/CSE/Thesis/from13March/qflow_step1_phase0/xdc/qflow_top_tc5.xdc]
INFO: [Project 1-236] Implementation specific constraints were found while reading constraint file [/home/shahriar-rizvi/Work/VLSI/Xilinx/Vivado/2024.2/data/ip/xpm/xpm_memory/tcl/xpm_memory_xdc.tcl]. These constraints will be ignored for synthesis but will be used in implementation. Impacted constraints are listed in the file [.Xil/qflow_top_tc5_propImpl.xdc].
Resolution: To avoid this warning, move constraints listed in [.Xil/qflow_top_tc5_propImpl.xdc] to another XDC file and exclude this new file from synthesis with the used_in_synthesis property (File Properties dialog in GUI) and re-run elaboration/synthesis.
INFO: [Project 1-1714] 3 XPM XDC files have been applied to the design.
Completed Processing XDC Constraints

Netlist sorting complete. Time (s): cpu = 00:00:00 ; elapsed = 00:00:00 . Memory (MB): peak = 2196.699 ; gain = 0.000 ; free physical = 6321 ; free virtual = 15152
INFO: [Project 1-111] Unisim Transformation Summary:
No Unisim elements were transformed.

Constraint Validation Runtime : Time (s): cpu = 00:00:00.01 ; elapsed = 00:00:00.01 . Memory (MB): peak = 2196.699 ; gain = 0.000 ; free physical = 6321 ; free virtual = 15153
---------------------------------------------------------------------------------
Finished Constraint Validation : Time (s): cpu = 00:00:10 ; elapsed = 00:00:11 . Memory (MB): peak = 2196.699 ; gain = 689.395 ; free physical = 6326 ; free virtual = 15149
---------------------------------------------------------------------------------
---------------------------------------------------------------------------------
Start Loading Part and Timing Information
---------------------------------------------------------------------------------
Loading part: xc7a200tfbg484-1
---------------------------------------------------------------------------------
Finished Loading Part and Timing Information : Time (s): cpu = 00:00:10 ; elapsed = 00:00:11 . Memory (MB): peak = 2204.703 ; gain = 697.398 ; free physical = 6326 ; free virtual = 15149
---------------------------------------------------------------------------------
---------------------------------------------------------------------------------
Start Applying 'set_property' XDC Constraints
---------------------------------------------------------------------------------
Applied set_property KEEP_HIERARCHY = SOFT for u_skag/fidelity_mem_xpm. (constraint file  auto generated constraint).
Applied set_property KEEP_HIERARCHY = SOFT for u_skag/base_mem_xpm. (constraint file  auto generated constraint).
Applied set_property KEEP_HIERARCHY = SOFT for u_skag/weight_mem_xpm. (constraint file  auto generated constraint).
---------------------------------------------------------------------------------
Finished applying 'set_property' XDC Constraints : Time (s): cpu = 00:00:10 ; elapsed = 00:00:11 . Memory (MB): peak = 2204.703 ; gain = 697.398 ; free physical = 6326 ; free virtual = 15149
---------------------------------------------------------------------------------
INFO: [Synth 8-802] inferred FSM for state register 'state_r_reg' in module 'pmo_ga_multigen'
INFO: [Synth 8-3971] The signal "xpm_memory_base:/gen_wr_b.gen_word_narrow.mem_reg" was recognized as a true dual port RAM template.
INFO: [Synth 8-3971] The signal "xpm_memory_base__parameterized0:/gen_wr_b.gen_word_narrow.mem_reg" was recognized as a true dual port RAM template.
---------------------------------------------------------------------------------------------------
                   State |                     New Encoding |                Previous Encoding 
---------------------------------------------------------------------------------------------------
                 ST_IDLE |                             0001 |                               00
                ST_CLEAR |                             0010 |                               01
                ST_ISSUE |                             0100 |                               10
                 ST_DONE |                             1000 |                               11
---------------------------------------------------------------------------------------------------
INFO: [Synth 8-3354] encoded FSM with state register 'state_r_reg' using encoding 'one-hot' in module 'pmo_ga_multigen'
---------------------------------------------------------------------------------
Finished RTL Optimization Phase 2 : Time (s): cpu = 00:00:11 ; elapsed = 00:00:11 . Memory (MB): peak = 2204.703 ; gain = 697.398 ; free physical = 6334 ; free virtual = 15168
---------------------------------------------------------------------------------
---------------------------------------------------------------------------------
Start RTL Component Statistics 
---------------------------------------------------------------------------------
Detailed RTL Component Info : 
+---Adders : 
	   3 Input   34 Bit       Adders := 1     
	   2 Input   33 Bit       Adders := 3     
	   3 Input   33 Bit       Adders := 1     
	   2 Input   18 Bit       Adders := 1     
	   3 Input   17 Bit       Adders := 1     
	   2 Input    6 Bit       Adders := 1     
	   2 Input    4 Bit       Adders := 2     
+---XORs : 
	   2 Input     64 Bit         XORs := 1     
	   4 Input     64 Bit         XORs := 1     
	   2 Input     16 Bit         XORs := 1     
+---Registers : 
	               64 Bit    Registers := 4     
	               40 Bit    Registers := 1     
	               32 Bit    Registers := 20    
	               17 Bit    Registers := 1     
	               16 Bit    Registers := 31    
	               12 Bit    Registers := 10    
	                8 Bit    Registers := 5     
	                6 Bit    Registers := 1     
	                4 Bit    Registers := 2     
	                2 Bit    Registers := 1     
	                1 Bit    Registers := 27    
+---RAMs : 
	             128K Bit	(4096 X 32 bit)          RAMs := 2     
	              64K Bit	(4096 X 16 bit)          RAMs := 4     
+---Muxes : 
	   2 Input   64 Bit        Muxes := 5     
	   2 Input   40 Bit        Muxes := 2     
	   2 Input   32 Bit        Muxes := 21    
	   2 Input   18 Bit        Muxes := 1     
	   2 Input   17 Bit        Muxes := 3     
	   2 Input   16 Bit        Muxes := 31    
	   4 Input   16 Bit        Muxes := 3     
	   2 Input   12 Bit        Muxes := 5     
	   2 Input    8 Bit        Muxes := 2     
	   2 Input    6 Bit        Muxes := 2     
	   2 Input    4 Bit        Muxes := 2     
	   4 Input    4 Bit        Muxes := 3     
	   2 Input    2 Bit        Muxes := 1     
	   4 Input    2 Bit        Muxes := 1     
	   2 Input    1 Bit        Muxes := 23    
	   4 Input    1 Bit        Muxes := 10    
---------------------------------------------------------------------------------
Finished RTL Component Statistics 
---------------------------------------------------------------------------------
---------------------------------------------------------------------------------
Start Part Resource Summary
---------------------------------------------------------------------------------
Part Resources:
DSPs: 740 (col length:100)
BRAMs: 730 (col length: RAMB18 100 RAMB36 50)
---------------------------------------------------------------------------------
Finished Part Resource Summary
---------------------------------------------------------------------------------
---------------------------------------------------------------------------------
Start Cross Boundary and Area Optimization
---------------------------------------------------------------------------------
WARNING: [Synth 8-7080] Parallel synthesis criteria is not met
DSP Report: Generating DSP compute_base5, operation Mode is: A*B.
DSP Report: operator compute_base5 is absorbed into DSP compute_base5.
DSP Report: Generating DSP u_fdpe/s2_interp_w2, operation Mode is: C+(D-A)*B.
DSP Report: operator u_fdpe/s2_interp_w2 is absorbed into DSP u_fdpe/s2_interp_w2.
DSP Report: operator u_fdpe/s2_prod_w is absorbed into DSP u_fdpe/s2_interp_w2.
DSP Report: operator u_fdpe/s2_diff_w is absorbed into DSP u_fdpe/s2_interp_w2.
DSP Report: Generating DSP u_fdpe/s2_interp_w2, operation Mode is: C+(D-A)*B.
DSP Report: operator u_fdpe/s2_interp_w2 is absorbed into DSP u_fdpe/s2_interp_w2.
DSP Report: operator u_fdpe/s2_prod_w is absorbed into DSP u_fdpe/s2_interp_w2.
DSP Report: operator u_fdpe/s2_diff_w is absorbed into DSP u_fdpe/s2_interp_w2.
DSP Report: Generating DSP u_fdpe/s2_prod_w, operation Mode is: (D-A)*B.
DSP Report: operator u_fdpe/s2_prod_w is absorbed into DSP u_fdpe/s2_prod_w.
DSP Report: operator u_fdpe/s2_diff_w is absorbed into DSP u_fdpe/s2_prod_w.
DSP Report: Generating DSP u_fdpe/s3_prod_w, operation Mode is: A*B.
DSP Report: operator u_fdpe/s3_prod_w is absorbed into DSP u_fdpe/s3_prod_w.
WARNING: [Synth 8-7129] Port injectsbiterra in module xpm_memory_base__parameterized0 is either unconnected or has no load
WARNING: [Synth 8-7129] Port injectdbiterra in module xpm_memory_base__parameterized0 is either unconnected or has no load
WARNING: [Synth 8-7129] Port clkb in module xpm_memory_base__parameterized0 is either unconnected or has no load
WARNING: [Synth 8-7129] Port injectsbiterrb in module xpm_memory_base__parameterized0 is either unconnected or has no load
WARNING: [Synth 8-7129] Port injectdbiterrb in module xpm_memory_base__parameterized0 is either unconnected or has no load
WARNING: [Synth 8-7129] Port injectsbiterra in module xpm_memory_base is either unconnected or has no load
WARNING: [Synth 8-7129] Port injectdbiterra in module xpm_memory_base is either unconnected or has no load
WARNING: [Synth 8-7129] Port clkb in module xpm_memory_base is either unconnected or has no load
WARNING: [Synth 8-7129] Port injectsbiterrb in module xpm_memory_base is either unconnected or has no load
WARNING: [Synth 8-7129] Port injectdbiterrb in module xpm_memory_base is either unconnected or has no load
WARNING: [Synth 8-6014] Unused sequential element gen_wr_b.gen_word_narrow.mem_reg was removed. 
INFO: [Synth 8-3971] The signal "xpm_memory_tdpram__parameterized0:/xpm_memory_base_inst/gen_wr_a.gen_word_narrow.mem_reg" was recognized as a true dual port RAM template.
---------------------------------------------------------------------------------
Finished Cross Boundary and Area Optimization : Time (s): cpu = 00:00:17 ; elapsed = 00:00:18 . Memory (MB): peak = 2204.703 ; gain = 697.398 ; free physical = 6326 ; free virtual = 15156
---------------------------------------------------------------------------------
 Sort Area is  u_fdpe/s3_prod_w_8 : 0 0 : 1946 1946 : Used 1 time 100
 Sort Area is  u_fdpe/s2_interp_w2_6 : 0 0 : 1215 1215 : Used 1 time 100
 Sort Area is  u_fdpe/s2_interp_w2_4 : 0 0 : 1214 1214 : Used 1 time 100
 Sort Area is  u_fdpe/s2_prod_w_2 : 0 0 : 1123 1123 : Used 1 time 100
 Sort Area is  compute_base5_0 : 0 0 : 1946 1946 : Used 1 time 0
---------------------------------------------------------------------------------
Start ROM, RAM, DSP, Shift Register and Retiming Reporting
---------------------------------------------------------------------------------

ROM: Preliminary Mapping Report
+--------------+------------+---------------+----------------+
|Module Name   | RTL Object | Depth x Width | Implemented As | 
+--------------+------------+---------------+----------------+
|fdpe_tc5      | lut_mem    | 256x16        | LUT            | 
|fdpe_tc5      | lut_mem    | 256x16        | LUT            | 
|qflow_top_tc5 | p_0_out    | 256x16        | LUT            | 
|qflow_top_tc5 | p_0_out    | 256x16        | LUT            | 
+--------------+------------+---------------+----------------+


Block RAM: Preliminary Mapping Report (see note below)
+--------------------------------------------------------+----------------------------------+------------------------+---+---+------------------------+---+---+------------------+--------+--------+
|Module Name                                             | RTL Object                       | PORT A (Depth x Width) | W | R | PORT B (Depth x Width) | W | R | Ports driving FF | RAMB18 | RAMB36 | 
+--------------------------------------------------------+----------------------------------+------------------------+---+---+------------------------+---+---+------------------+--------+--------+
|u_skag/fidelity_mem_xpm/xpm_memory_base_inst            | gen_wr_a.gen_word_narrow.mem_reg | 4 K x 16(READ_FIRST)   | W | R | 4 K x 16(WRITE_FIRST)  |   | R | Port A and B     | 0      | 2      | 
|xpm_memory_tdpram__parameterized0:/xpm_memory_base_inst | gen_wr_a.gen_word_narrow.mem_reg | 4 K x 32(READ_FIRST)   | W | R | 4 K x 32(READ_FIRST)   | W | R | Port A and B     | 0      | 4      | 
|xpm_memory_tdpram__parameterized0:/xpm_memory_base_inst | gen_wr_a.gen_word_narrow.mem_reg | 4 K x 32(READ_FIRST)   | W | R | 4 K x 32(READ_FIRST)   | W | R | Port A and B     | 0      | 4      | 
|u_skag                                                  | key_mem_reg                      | 4 K x 16(READ_FIRST)   | W |   | 4 K x 16(WRITE_FIRST)  |   | R | Port A and B     | 0      | 2      | 
|u_skag                                                  | arrival_mem_reg                  | 4 K x 16(READ_FIRST)   | W |   | 4 K x 16(WRITE_FIRST)  |   | R | Port A and B     | 0      | 2      | 
|u_skag                                                  | qber_mem_reg                     | 4 K x 16(READ_FIRST)   | W |   | 4 K x 16(WRITE_FIRST)  |   | R | Port A and B     | 0      | 2      | 
+--------------------------------------------------------+----------------------------------+------------------------+---+---+------------------------+---+---+------------------+--------+--------+

Note: The table above is a preliminary report that shows the Block RAMs at the current stage of the synthesis flow. Some Block RAMs may be reimplemented as non Block RAM primitives later in the synthesis flow. Multiple instantiated Block RAMs are reported only once. 

DSP: Preliminary Mapping Report (see note below. The ' indicates corresponding REG is set)
+-------------+-------------+--------+--------+--------+--------+--------+------+------+------+------+-------+------+------+
|Module Name  | DSP Mapping | A Size | B Size | C Size | D Size | P Size | AREG | BREG | CREG | DREG | ADREG | MREG | PREG | 
+-------------+-------------+--------+--------+--------+--------+--------+------+------+------+------+-------+------+------+
|skag_mem_tc4 | A*B         | 16     | 16     | -      | -      | 32     | 0    | 0    | -    | -    | -     | 0    | 0    | 
|fdpe_tc5     | C+(D-A)*B   | 16     | 9      | 8      | 17     | 25     | 0    | 0    | 0    | 0    | 0     | 0    | 0    | 
|fdpe_tc5     | C+(D-A)*B   | 16     | 9      | 9      | 17     | 25     | 0    | 0    | 0    | 0    | 0     | 0    | 0    | 
|fdpe_tc5     | (D-A)*B     | 16     | 9      | -      | 17     | 26     | 0    | 0    | -    | 0    | 0     | 0    | 0    | 
|fdpe_tc5     | A*B         | 16     | 16     | -      | -      | 32     | 0    | 0    | -    | -    | -     | 0    | 0    | 
+-------------+-------------+--------+--------+--------+--------+--------+------+------+------+------+-------+------+------+

Note: The table above is a preliminary report that shows the DSPs inferred at the current stage of the synthesis flow. Some DSP may be reimplemented as non DSP primitives later in the synthesis flow. Multiple instantiated DSPs are reported only once.
---------------------------------------------------------------------------------
Finished ROM, RAM, DSP, Shift Register and Retiming Reporting
---------------------------------------------------------------------------------
---------------------------------------------------------------------------------
Start Applying XDC Timing Constraints
---------------------------------------------------------------------------------
---------------------------------------------------------------------------------
Finished Applying XDC Timing Constraints : Time (s): cpu = 00:00:23 ; elapsed = 00:00:23 . Memory (MB): peak = 2288.703 ; gain = 781.398 ; free physical = 6246 ; free virtual = 15084
---------------------------------------------------------------------------------
---------------------------------------------------------------------------------
Start Timing Optimization
---------------------------------------------------------------------------------
---------------------------------------------------------------------------------
Finished Timing Optimization : Time (s): cpu = 00:00:24 ; elapsed = 00:00:24 . Memory (MB): peak = 2303.719 ; gain = 796.414 ; free physical = 6231 ; free virtual = 15078
---------------------------------------------------------------------------------
---------------------------------------------------------------------------------
Start ROM, RAM, DSP, Shift Register and Retiming Reporting
---------------------------------------------------------------------------------

Block RAM: Final Mapping Report
+--------------------------------------------------------+----------------------------------+------------------------+---+---+------------------------+---+---+------------------+--------+--------+
|Module Name                                             | RTL Object                       | PORT A (Depth x Width) | W | R | PORT B (Depth x Width) | W | R | Ports driving FF | RAMB18 | RAMB36 | 
+--------------------------------------------------------+----------------------------------+------------------------+---+---+------------------------+---+---+------------------+--------+--------+
|u_skag/fidelity_mem_xpm/xpm_memory_base_inst            | gen_wr_a.gen_word_narrow.mem_reg | 4 K x 16(READ_FIRST)   | W | R | 4 K x 16(WRITE_FIRST)  |   | R | Port A and B     | 0      | 2      | 
|xpm_memory_tdpram__parameterized0:/xpm_memory_base_inst | gen_wr_a.gen_word_narrow.mem_reg | 4 K x 32(READ_FIRST)   | W | R | 4 K x 32(READ_FIRST)   | W | R | Port A and B     | 0      | 4      | 
|xpm_memory_tdpram__parameterized0:/xpm_memory_base_inst | gen_wr_a.gen_word_narrow.mem_reg | 4 K x 32(READ_FIRST)   | W | R | 4 K x 32(READ_FIRST)   | W | R | Port A and B     | 0      | 4      | 
|u_skag                                                  | key_mem_reg                      | 4 K x 16(READ_FIRST)   | W |   | 4 K x 16(WRITE_FIRST)  |   | R | Port A and B     | 0      | 2      | 
|u_skag                                                  | arrival_mem_reg                  | 4 K x 16(READ_FIRST)   | W |   | 4 K x 16(WRITE_FIRST)  |   | R | Port A and B     | 0      | 2      | 
|u_skag                                                  | qber_mem_reg                     | 4 K x 16(READ_FIRST)   | W |   | 4 K x 16(WRITE_FIRST)  |   | R | Port A and B     | 0      | 2      | 
+--------------------------------------------------------+----------------------------------+------------------------+---+---+------------------------+---+---+------------------+--------+--------+

---------------------------------------------------------------------------------
Finished ROM, RAM, DSP, Shift Register and Retiming Reporting
---------------------------------------------------------------------------------
---------------------------------------------------------------------------------
Start Technology Mapping
---------------------------------------------------------------------------------
INFO: [Synth 8-7052] The timing for the instance u_skag/key_mem_reg_0 (implemented as a Block RAM) might be sub-optimal as no optional output register could be merged into the ram block. Providing additional output register may help in improving timing.
INFO: [Synth 8-7052] The timing for the instance u_skag/key_mem_reg_1 (implemented as a Block RAM) might be sub-optimal as no optional output register could be merged into the ram block. Providing additional output register may help in improving timing.
INFO: [Synth 8-7052] The timing for the instance u_skag/arrival_mem_reg_0 (implemented as a Block RAM) might be sub-optimal as no optional output register could be merged into the ram block. Providing additional output register may help in improving timing.
INFO: [Synth 8-7052] The timing for the instance u_skag/arrival_mem_reg_1 (implemented as a Block RAM) might be sub-optimal as no optional output register could be merged into the ram block. Providing additional output register may help in improving timing.
INFO: [Synth 8-7052] The timing for the instance u_skag/qber_mem_reg_0 (implemented as a Block RAM) might be sub-optimal as no optional output register could be merged into the ram block. Providing additional output register may help in improving timing.
INFO: [Synth 8-7052] The timing for the instance u_skag/qber_mem_reg_1 (implemented as a Block RAM) might be sub-optimal as no optional output register could be merged into the ram block. Providing additional output register may help in improving timing.
---------------------------------------------------------------------------------
Finished Technology Mapping : Time (s): cpu = 00:00:24 ; elapsed = 00:00:25 . Memory (MB): peak = 2320.742 ; gain = 813.438 ; free physical = 6221 ; free virtual = 15067
---------------------------------------------------------------------------------
---------------------------------------------------------------------------------
Start IO Insertion
---------------------------------------------------------------------------------
---------------------------------------------------------------------------------
Start Flattening Before IO Insertion
---------------------------------------------------------------------------------
---------------------------------------------------------------------------------
Finished Flattening Before IO Insertion
---------------------------------------------------------------------------------
---------------------------------------------------------------------------------
Start Final Netlist Cleanup
---------------------------------------------------------------------------------
---------------------------------------------------------------------------------
Finished Final Netlist Cleanup
---------------------------------------------------------------------------------
---------------------------------------------------------------------------------
Finished IO Insertion : Time (s): cpu = 00:00:27 ; elapsed = 00:00:27 . Memory (MB): peak = 2474.555 ; gain = 967.250 ; free physical = 6088 ; free virtual = 14930
---------------------------------------------------------------------------------
---------------------------------------------------------------------------------
Start Renaming Generated Instances
---------------------------------------------------------------------------------
---------------------------------------------------------------------------------
Finished Renaming Generated Instances : Time (s): cpu = 00:00:27 ; elapsed = 00:00:27 . Memory (MB): peak = 2474.555 ; gain = 967.250 ; free physical = 6088 ; free virtual = 14931
---------------------------------------------------------------------------------
---------------------------------------------------------------------------------
Start Rebuilding User Hierarchy
---------------------------------------------------------------------------------
---------------------------------------------------------------------------------
Finished Rebuilding User Hierarchy : Time (s): cpu = 00:00:27 ; elapsed = 00:00:28 . Memory (MB): peak = 2474.555 ; gain = 967.250 ; free physical = 6086 ; free virtual = 14933
---------------------------------------------------------------------------------
---------------------------------------------------------------------------------
Start Renaming Generated Ports
---------------------------------------------------------------------------------
---------------------------------------------------------------------------------
Finished Renaming Generated Ports : Time (s): cpu = 00:00:27 ; elapsed = 00:00:28 . Memory (MB): peak = 2474.555 ; gain = 967.250 ; free physical = 6086 ; free virtual = 14933
---------------------------------------------------------------------------------
---------------------------------------------------------------------------------
Start Handling Custom Attributes
---------------------------------------------------------------------------------
---------------------------------------------------------------------------------
Finished Handling Custom Attributes : Time (s): cpu = 00:00:27 ; elapsed = 00:00:28 . Memory (MB): peak = 2478.523 ; gain = 971.219 ; free physical = 6086 ; free virtual = 14933
---------------------------------------------------------------------------------
---------------------------------------------------------------------------------
Start Renaming Generated Nets
---------------------------------------------------------------------------------
---------------------------------------------------------------------------------
Finished Renaming Generated Nets : Time (s): cpu = 00:00:27 ; elapsed = 00:00:28 . Memory (MB): peak = 2478.523 ; gain = 971.219 ; free physical = 6086 ; free virtual = 14933
---------------------------------------------------------------------------------
---------------------------------------------------------------------------------
Start Writing Synthesis Report
---------------------------------------------------------------------------------

DSP Final Report (the ' indicates corresponding REG is set)
+-------------+-------------+--------+--------+--------+--------+--------+------+------+------+------+-------+------+------+
|Module Name  | DSP Mapping | A Size | B Size | C Size | D Size | P Size | AREG | BREG | CREG | DREG | ADREG | MREG | PREG | 
+-------------+-------------+--------+--------+--------+--------+--------+------+------+------+------+-------+------+------+
|fdpe_tc5     | C+D-A*B     | 16     | 8      | 48     | 16     | 25     | 0    | 0    | 0    | 0    | 0     | 0    | 0    | 
|fdpe_tc5     | C+D-A*B     | 16     | 8      | 8      | 16     | 25     | 0    | 0    | 0    | 0    | 0     | 0    | 0    | 
|fdpe_tc5     | D-A*B       | 16     | 8      | -      | 16     | 26     | 0    | 0    | -    | 0    | 0     | 0    | 0    | 
|fdpe_tc5     | (A*B)'      | 16     | 16     | -      | -      | 32     | 0    | 0    | -    | -    | -     | 0    | 1    | 
|skag_mem_tc4 | A*B         | 10     | 16     | -      | -      | 32     | 0    | 0    | -    | -    | -     | 0    | 0    | 
+-------------+-------------+--------+--------+--------+--------+--------+------+------+------+------+-------+------+------+


Report BlackBoxes: 
+-+--------------+----------+
| |BlackBox name |Instances |
+-+--------------+----------+
+-+--------------+----------+

Report Cell Usage: 
+------+---------+------+
|      |Cell     |Count |
+------+---------+------+
|1     |BUFG     |     1|
|2     |CARRY4   |   619|
|3     |DSP48E1  |     5|
|7     |LUT1     |   101|
|8     |LUT2     |   811|
|9     |LUT3     |  1596|
|10    |LUT4     |   675|
|11    |LUT5     |   222|
|12    |LUT6     |   254|
|13    |MUXF7    |    26|
|14    |MUXF8    |     7|
|15    |RAMB36E1 |    16|
|18    |FDCE     |   853|
|19    |FDPE     |   195|
|20    |FDRE     |    80|
|21    |IBUF     |   374|
|22    |OBUF     |   303|
+------+---------+------+
---------------------------------------------------------------------------------
Finished Writing Synthesis Report : Time (s): cpu = 00:00:27 ; elapsed = 00:00:28 . Memory (MB): peak = 2478.523 ; gain = 971.219 ; free physical = 6086 ; free virtual = 14933
---------------------------------------------------------------------------------
Synthesis finished with 0 errors, 0 critical warnings and 12 warnings.
Synthesis Optimization Runtime : Time (s): cpu = 00:00:25 ; elapsed = 00:00:26 . Memory (MB): peak = 2478.523 ; gain = 817.469 ; free physical = 6086 ; free virtual = 14933
Synthesis Optimization Complete : Time (s): cpu = 00:00:28 ; elapsed = 00:00:28 . Memory (MB): peak = 2478.531 ; gain = 971.219 ; free physical = 6086 ; free virtual = 14933
INFO: [Project 1-571] Translating synthesized netlist
Netlist sorting complete. Time (s): cpu = 00:00:00.03 ; elapsed = 00:00:00.03 . Memory (MB): peak = 2478.531 ; gain = 0.000 ; free physical = 6265 ; free virtual = 15113
INFO: [Netlist 29-17] Analyzing 673 Unisim elements for replacement
INFO: [Netlist 29-28] Unisim Transformation completed in 0 CPU seconds
INFO: [Project 1-570] Preparing netlist for logic optimization
Parsing XDC File [/media/shahriar-rizvi/Data/CSE/Thesis/from13March/qflow_step1_phase0/xdc/qflow_top_tc5.xdc]
Finished Parsing XDC File [/media/shahriar-rizvi/Data/CSE/Thesis/from13March/qflow_step1_phase0/xdc/qflow_top_tc5.xdc]
INFO: [Project 1-1714] 3 XPM XDC files have been applied to the design.
INFO: [Opt 31-138] Pushed 0 inverter(s) to 0 load pin(s).
Netlist sorting complete. Time (s): cpu = 00:00:00 ; elapsed = 00:00:00 . Memory (MB): peak = 2974.605 ; gain = 0.000 ; free physical = 5839 ; free virtual = 14705
INFO: [Project 1-111] Unisim Transformation Summary:
No Unisim elements were transformed.

Synth Design complete | Checksum: 3d785f91
INFO: [Common 17-83] Releasing license: Synthesis
59 Infos, 41 Warnings, 0 Critical Warnings and 0 Errors encountered.
synth_design completed successfully
synth_design: Time (s): cpu = 00:00:41 ; elapsed = 00:00:39 . Memory (MB): peak = 2974.605 ; gain = 1587.840 ; free physical = 5837 ; free virtual = 14703
INFO: [Common 17-2834] synth_design peak Physical Memory [PSS] (MB): overall = 2341.282; main = 2341.282; forked = 325.610
INFO: [Common 17-2834] synth_design peak Virtual Memory [VSS] (MB): overall = 3122.773; main = 2974.609; forked = 918.066
# write_checkpoint -force $outdir/qflow_top_tc5_impl_synth.dcp
INFO: [Timing 38-480] Writing timing data to binary archive.
Write ShapeDB Complete: Time (s): cpu = 00:00:00.04 ; elapsed = 00:00:00.01 . Memory (MB): peak = 3006.621 ; gain = 0.000 ; free physical = 5835 ; free virtual = 14701
INFO: [Common 17-1381] The checkpoint '/media/shahriar-rizvi/Data/CSE/Thesis/from13March/qflow_step1_phase0/results/phase9h/qflow_top_tc5_impl_synth.dcp' has been generated.
# report_utilization -hierarchical -hierarchical_depth 3 -file $outdir/qflow_top_tc5_impl_synth_utilization.rpt
# report_timing_summary -delay_type max -report_unconstrained -check_timing_verbose -max_paths 20 -file $outdir/qflow_top_tc5_impl_synth_timing_summary.rpt
INFO: [Timing 38-91] UpdateTimingParams: Speed grade: -1, Delay Type: max.
INFO: [Timing 38-191] Multithreading enabled for timing update using a maximum of 8 CPUs
INFO: [Timing 38-35] Done setting XDC timing constraints.
# opt_design -directive Explore
Command: opt_design -directive Explore
INFO: [Vivado_Tcl 4-136] Directive used for opt_design is: Explore
Attempting to get a license for feature 'Implementation' and/or device 'xc7a200t'
INFO: [Common 17-349] Got license for feature 'Implementation' and/or device 'xc7a200t'
Running DRC as a precondition to command opt_design

Starting DRC Task
INFO: [DRC 23-27] Running DRC with 8 threads
INFO: [Project 1-461] DRC finished with 0 Errors
INFO: [Project 1-462] Please refer to the DRC report (report_drc) for more information.

Time (s): cpu = 00:00:01 ; elapsed = 00:00:00.53 . Memory (MB): peak = 3006.621 ; gain = 0.000 ; free physical = 5827 ; free virtual = 14695

Starting Logic Optimization Task

Phase 1 Initialization

Phase 1.1 Core Generation And Design Setup
Phase 1.1 Core Generation And Design Setup | Checksum: 177af9b52

Time (s): cpu = 00:00:00.01 ; elapsed = 00:00:00.01 . Memory (MB): peak = 3036.434 ; gain = 0.000 ; free physical = 5744 ; free virtual = 14609

Phase 1.2 Setup Constraints And Sort Netlist
Phase 1.2 Setup Constraints And Sort Netlist | Checksum: 177af9b52

Time (s): cpu = 00:00:00.01 ; elapsed = 00:00:00.01 . Memory (MB): peak = 3036.434 ; gain = 0.000 ; free physical = 5744 ; free virtual = 14609
Phase 1 Initialization | Checksum: 177af9b52

Time (s): cpu = 00:00:00.01 ; elapsed = 00:00:00.01 . Memory (MB): peak = 3036.434 ; gain = 0.000 ; free physical = 5744 ; free virtual = 14609

Phase 2 Timer Update And Timing Data Collection

Phase 2.1 Timer Update
Phase 2.1 Timer Update | Checksum: 177af9b52

Time (s): cpu = 00:00:00.22 ; elapsed = 00:00:00.14 . Memory (MB): peak = 3036.434 ; gain = 0.000 ; free physical = 5731 ; free virtual = 14607

Phase 2.2 Timing Data Collection
Phase 2.2 Timing Data Collection | Checksum: 177af9b52

Time (s): cpu = 00:00:00.23 ; elapsed = 00:00:00.14 . Memory (MB): peak = 3036.434 ; gain = 0.000 ; free physical = 5731 ; free virtual = 14607
Phase 2 Timer Update And Timing Data Collection | Checksum: 177af9b52

Time (s): cpu = 00:00:00.23 ; elapsed = 00:00:00.15 . Memory (MB): peak = 3036.434 ; gain = 0.000 ; free physical = 5731 ; free virtual = 14607

Phase 3 Retarget
INFO: [Opt 31-1851] Number of loadless carry chains removed were: 0
INFO: [Opt 31-1834] Total Chains To Be Transformed Were: 0 AND Number of Transformed insts Created are: 0
INFO: [Opt 31-1566] Pulled 1 inverters resulting in an inversion of 65 pins
INFO: [Opt 31-138] Pushed 1 inverter(s) to 10 load pin(s).
INFO: [Opt 31-49] Retargeted 0 cell(s).
Phase 3 Retarget | Checksum: 108ae9fbd

Time (s): cpu = 00:00:00.52 ; elapsed = 00:00:00.32 . Memory (MB): peak = 3036.434 ; gain = 0.000 ; free physical = 5731 ; free virtual = 14607
Retarget | Checksum: 108ae9fbd
INFO: [Opt 31-389] Phase Retarget created 0 cells and removed 1 cells

Phase 4 Constant propagation
INFO: [Opt 31-138] Pushed 0 inverter(s) to 0 load pin(s).
Phase 4 Constant propagation | Checksum: 1a82c57a9

Time (s): cpu = 00:00:00.57 ; elapsed = 00:00:00.37 . Memory (MB): peak = 3036.434 ; gain = 0.000 ; free physical = 5731 ; free virtual = 14607
Constant propagation | Checksum: 1a82c57a9
INFO: [Opt 31-389] Phase Constant propagation created 0 cells and removed 0 cells

Phase 5 Sweep
INFO: [Constraints 18-11670] Building netlist checker database with flags, 0x8
Done building netlist checker database: Time (s): cpu = 00:00:00 ; elapsed = 00:00:00 . Memory (MB): peak = 3036.434 ; gain = 0.000 ; free physical = 5731 ; free virtual = 14607
INFO: [Constraints 18-11670] Building netlist checker database with flags, 0x8
Done building netlist checker database: Time (s): cpu = 00:00:00 ; elapsed = 00:00:00 . Memory (MB): peak = 3036.434 ; gain = 0.000 ; free physical = 5731 ; free virtual = 14607
Phase 5 Sweep | Checksum: 12df10128

Time (s): cpu = 00:00:00.68 ; elapsed = 00:00:00.47 . Memory (MB): peak = 3036.434 ; gain = 0.000 ; free physical = 5731 ; free virtual = 14606
Sweep | Checksum: 12df10128
INFO: [Opt 31-389] Phase Sweep created 23 cells and removed 0 cells

Phase 6 BUFG optimization
Phase 6 BUFG optimization | Checksum: 12df10128

Time (s): cpu = 00:00:00.76 ; elapsed = 00:00:00.52 . Memory (MB): peak = 3036.434 ; gain = 0.000 ; free physical = 5731 ; free virtual = 14606
BUFG optimization | Checksum: 12df10128
INFO: [Opt 31-662] Phase BUFG optimization created 0 cells of which 0 are BUFGs and removed 0 cells.

Phase 7 Shift Register Optimization
INFO: [Opt 31-1064] SRL Remap converted 0 SRLs to 0 registers and converted 0 registers of register chains to 0 SRLs
Phase 7 Shift Register Optimization | Checksum: 12df10128

Time (s): cpu = 00:00:00.77 ; elapsed = 00:00:00.53 . Memory (MB): peak = 3036.434 ; gain = 0.000 ; free physical = 5730 ; free virtual = 14606
Shift Register Optimization | Checksum: 12df10128
INFO: [Opt 31-389] Phase Shift Register Optimization created 0 cells and removed 0 cells
INFO: [Opt 31-1555] control_set_opt supports Versal devices only, and device 7a200t is unsupported

Phase 8 Post Processing Netlist
Phase 8 Post Processing Netlist | Checksum: 13830e0d4

Time (s): cpu = 00:00:00.8 ; elapsed = 00:00:00.55 . Memory (MB): peak = 3036.434 ; gain = 0.000 ; free physical = 5730 ; free virtual = 14606
Post Processing Netlist | Checksum: 13830e0d4
INFO: [Opt 31-389] Phase Post Processing Netlist created 0 cells and removed 0 cells

Phase 9 Finalization

Phase 9.1 Finalizing Design Cores and Updating Shapes
Phase 9.1 Finalizing Design Cores and Updating Shapes | Checksum: 214cf8665

Time (s): cpu = 00:00:01 ; elapsed = 00:00:00.74 . Memory (MB): peak = 3036.434 ; gain = 0.000 ; free physical = 5737 ; free virtual = 14613

Phase 9.2 Verifying Netlist Connectivity

Starting Connectivity Check Task

Time (s): cpu = 00:00:00 ; elapsed = 00:00:00.01 . Memory (MB): peak = 3036.434 ; gain = 0.000 ; free physical = 5737 ; free virtual = 14613
Phase 9.2 Verifying Netlist Connectivity | Checksum: 214cf8665

Time (s): cpu = 00:00:01 ; elapsed = 00:00:00.75 . Memory (MB): peak = 3036.434 ; gain = 0.000 ; free physical = 5737 ; free virtual = 14613
Phase 9 Finalization | Checksum: 214cf8665

Time (s): cpu = 00:00:01 ; elapsed = 00:00:00.75 . Memory (MB): peak = 3036.434 ; gain = 0.000 ; free physical = 5737 ; free virtual = 14613
Opt_design Change Summary
=========================


-------------------------------------------------------------------------------------------------------------------------
|  Phase                        |  #Cells created  |  #Cells Removed  |  #Constrained objects preventing optimizations  |
-------------------------------------------------------------------------------------------------------------------------
|  Retarget                     |               0  |               1  |                                              0  |
|  Constant propagation         |               0  |               0  |                                              0  |
|  Sweep                        |              23  |               0  |                                              0  |
|  BUFG optimization            |               0  |               0  |                                              0  |
|  Shift Register Optimization  |               0  |               0  |                                              0  |
|  Post Processing Netlist      |               0  |               0  |                                              0  |
-------------------------------------------------------------------------------------------------------------------------


Ending Logic Optimization Task | Checksum: 214cf8665

Time (s): cpu = 00:00:01 ; elapsed = 00:00:00.76 . Memory (MB): peak = 3036.434 ; gain = 0.000 ; free physical = 5737 ; free virtual = 14613

Starting Netlist Obfuscation Task
Netlist sorting complete. Time (s): cpu = 00:00:00 ; elapsed = 00:00:00 . Memory (MB): peak = 3036.434 ; gain = 0.000 ; free physical = 5749 ; free virtual = 14625
Ending Netlist Obfuscation Task | Checksum: 214cf8665

Time (s): cpu = 00:00:00 ; elapsed = 00:00:00 . Memory (MB): peak = 3036.434 ; gain = 0.000 ; free physical = 5749 ; free virtual = 14625
INFO: [Common 17-83] Releasing license: Implementation
22 Infos, 0 Warnings, 0 Critical Warnings and 0 Errors encountered.
opt_design completed successfully
# write_checkpoint -force $outdir/qflow_top_tc5_impl_opt.dcp
INFO: [Timing 38-480] Writing timing data to binary archive.
Write ShapeDB Complete: Time (s): cpu = 00:00:00.07 ; elapsed = 00:00:00.02 . Memory (MB): peak = 3036.434 ; gain = 0.000 ; free physical = 5748 ; free virtual = 14625
INFO: [Common 17-1381] The checkpoint '/media/shahriar-rizvi/Data/CSE/Thesis/from13March/qflow_step1_phase0/results/phase9h/qflow_top_tc5_impl_opt.dcp' has been generated.
# place_design -directive Explore
Command: place_design -directive Explore
Attempting to get a license for feature 'Implementation' and/or device 'xc7a200t'
INFO: [Common 17-349] Got license for feature 'Implementation' and/or device 'xc7a200t'
INFO: [Common 17-83] Releasing license: Implementation
INFO: [DRC 23-27] Running DRC with 8 threads
INFO: [Vivado_Tcl 4-198] DRC finished with 0 Errors
INFO: [Vivado_Tcl 4-199] Please refer to the DRC report (report_drc) for more information.
INFO: [Vivado_Tcl 4-2302] The placer was invoked with the 'Explore' directive.
Running DRC as a precondition to command place_design
INFO: [DRC 23-27] Running DRC with 8 threads
INFO: [Vivado_Tcl 4-198] DRC finished with 0 Errors, 21 Warnings
INFO: [Vivado_Tcl 4-199] Please refer to the DRC report (report_drc) for more information.
INFO: [Place 30-611] Multithreading enabled for place_design using a maximum of 8 CPUs

Starting Placer Task

Phase 1 Placer Initialization

Phase 1.1 Placer Initialization Netlist Sorting
Netlist sorting complete. Time (s): cpu = 00:00:00 ; elapsed = 00:00:00 . Memory (MB): peak = 3045.340 ; gain = 0.000 ; free physical = 5735 ; free virtual = 14605
Phase 1.1 Placer Initialization Netlist Sorting | Checksum: 13923e8b4

Time (s): cpu = 00:00:00 ; elapsed = 00:00:00 . Memory (MB): peak = 3045.340 ; gain = 0.000 ; free physical = 5735 ; free virtual = 14605
Netlist sorting complete. Time (s): cpu = 00:00:00 ; elapsed = 00:00:00.01 . Memory (MB): peak = 3045.340 ; gain = 0.000 ; free physical = 5735 ; free virtual = 14605

Phase 1.2 IO Placement/ Clock Placement/ Build Placer Device
ERROR: [Place 30-415] IO Placement failed due to overutilization. This design contains 677 I/O ports
 while the target  device: 7a200t package: fbg484, contains only 285 available user I/O. The target device has 285 usable I/O pins of which 0 are already occupied by user-locked I/Os.
 To rectify this issue:
 1. Ensure you are targeting the correct device and package.  Select a larger device or different package if necessary.
 2. Check the top-level ports of the design to ensure the correct number of ports are specified.
 3. Consider design changes to reduce the number of I/Os necessary.
INFO: [Timing 38-35] Done setting XDC timing constraints.
ERROR: [Place 30-68] Instance cand_fidelity_i_IBUF[0]_inst (IBUF) is not placed
ERROR: [Place 30-68] Instance cand_fidelity_i_IBUF[10]_inst (IBUF) is not placed
ERROR: [Place 30-68] Instance cand_fidelity_i_IBUF[11]_inst (IBUF) is not placed
ERROR: [Place 30-68] Instance cand_fidelity_i_IBUF[12]_inst (IBUF) is not placed
ERROR: [Place 30-68] Instance cand_fidelity_i_IBUF[13]_inst (IBUF) is not placed
ERROR: [Place 30-68] Instance cand_fidelity_i_IBUF[14]_inst (IBUF) is not placed
ERROR: [Place 30-68] Instance cand_fidelity_i_IBUF[15]_inst (IBUF) is not placed
ERROR: [Place 30-68] Instance cand_fidelity_i_IBUF[1]_inst (IBUF) is not placed
ERROR: [Place 30-68] Instance cand_fidelity_i_IBUF[2]_inst (IBUF) is not placed
ERROR: [Place 30-68] Instance cand_fidelity_i_IBUF[3]_inst (IBUF) is not placed
ERROR: [Place 30-68] Instance cand_fidelity_i_IBUF[4]_inst (IBUF) is not placed
ERROR: [Place 30-68] Instance cand_fidelity_i_IBUF[5]_inst (IBUF) is not placed
ERROR: [Place 30-68] Instance cand_fidelity_i_IBUF[6]_inst (IBUF) is not placed
ERROR: [Place 30-68] Instance cand_fidelity_i_IBUF[7]_inst (IBUF) is not placed
ERROR: [Place 30-68] Instance cand_fidelity_i_IBUF[8]_inst (IBUF) is not placed
ERROR: [Place 30-68] Instance cand_fidelity_i_IBUF[9]_inst (IBUF) is not placed
ERROR: [Place 30-68] Instance cand_gene_i_IBUF[0]_inst (IBUF) is not placed
ERROR: [Place 30-68] Instance cand_gene_i_IBUF[10]_inst (IBUF) is not placed
ERROR: [Place 30-68] Instance cand_gene_i_IBUF[11]_inst (IBUF) is not placed
ERROR: [Place 30-68] Instance cand_gene_i_IBUF[12]_inst (IBUF) is not placed
ERROR: [Place 30-68] Instance cand_gene_i_IBUF[13]_inst (IBUF) is not placed
ERROR: [Place 30-68] Instance cand_gene_i_IBUF[14]_inst (IBUF) is not placed
ERROR: [Place 30-68] Instance cand_gene_i_IBUF[15]_inst (IBUF) is not placed
ERROR: [Place 30-68] Instance cand_gene_i_IBUF[1]_inst (IBUF) is not placed
ERROR: [Place 30-68] Instance cand_gene_i_IBUF[2]_inst (IBUF) is not placed
ERROR: [Place 30-68] Instance cand_gene_i_IBUF[3]_inst (IBUF) is not placed
ERROR: [Place 30-68] Instance cand_gene_i_IBUF[4]_inst (IBUF) is not placed
ERROR: [Place 30-68] Instance cand_gene_i_IBUF[5]_inst (IBUF) is not placed
ERROR: [Place 30-68] Instance cand_gene_i_IBUF[6]_inst (IBUF) is not placed
ERROR: [Place 30-68] Instance cand_gene_i_IBUF[7]_inst (IBUF) is not placed
ERROR: [Place 30-68] Instance cand_gene_i_IBUF[8]_inst (IBUF) is not placed
ERROR: [Place 30-68] Instance cand_gene_i_IBUF[9]_inst (IBUF) is not placed
ERROR: [Place 30-68] Instance cand_id_i_IBUF[0]_inst (IBUF) is not placed
ERROR: [Place 30-68] Instance cand_id_i_IBUF[10]_inst (IBUF) is not placed
ERROR: [Place 30-68] Instance cand_id_i_IBUF[11]_inst (IBUF) is not placed
ERROR: [Place 30-68] Instance cand_id_i_IBUF[12]_inst (IBUF) is not placed
ERROR: [Place 30-68] Instance cand_id_i_IBUF[13]_inst (IBUF) is not placed
ERROR: [Place 30-68] Instance cand_id_i_IBUF[14]_inst (IBUF) is not placed
ERROR: [Place 30-68] Instance cand_id_i_IBUF[15]_inst (IBUF) is not placed
ERROR: [Place 30-68] Instance cand_id_i_IBUF[1]_inst (IBUF) is not placed
ERROR: [Place 30-68] Instance cand_id_i_IBUF[2]_inst (IBUF) is not placed
ERROR: [Place 30-68] Instance cand_id_i_IBUF[3]_inst (IBUF) is not placed
ERROR: [Place 30-68] Instance cand_id_i_IBUF[4]_inst (IBUF) is not placed
ERROR: [Place 30-68] Instance cand_id_i_IBUF[5]_inst (IBUF) is not placed
ERROR: [Place 30-68] Instance cand_id_i_IBUF[6]_inst (IBUF) is not placed
ERROR: [Place 30-68] Instance cand_id_i_IBUF[7]_inst (IBUF) is not placed
ERROR: [Place 30-68] Instance cand_id_i_IBUF[8]_inst (IBUF) is not placed
ERROR: [Place 30-68] Instance cand_id_i_IBUF[9]_inst (IBUF) is not placed
ERROR: [Place 30-68] Instance cand_latency_i_IBUF[0]_inst (IBUF) is not placed
ERROR: [Place 30-68] Instance cand_latency_i_IBUF[10]_inst (IBUF) is not placed
ERROR: [Place 30-68] Instance cand_latency_i_IBUF[11]_inst (IBUF) is not placed
ERROR: [Place 30-68] Instance cand_latency_i_IBUF[12]_inst (IBUF) is not placed
ERROR: [Place 30-68] Instance cand_latency_i_IBUF[13]_inst (IBUF) is not placed
ERROR: [Place 30-68] Instance cand_latency_i_IBUF[14]_inst (IBUF) is not placed
ERROR: [Place 30-68] Instance cand_latency_i_IBUF[15]_inst (IBUF) is not placed
ERROR: [Place 30-68] Instance cand_latency_i_IBUF[16]_inst (IBUF) is not placed
ERROR: [Place 30-68] Instance cand_latency_i_IBUF[17]_inst (IBUF) is not placed
ERROR: [Place 30-68] Instance cand_latency_i_IBUF[18]_inst (IBUF) is not placed
ERROR: [Place 30-68] Instance cand_latency_i_IBUF[19]_inst (IBUF) is not placed
ERROR: [Place 30-68] Instance cand_latency_i_IBUF[1]_inst (IBUF) is not placed
ERROR: [Place 30-68] Instance cand_latency_i_IBUF[20]_inst (IBUF) is not placed
ERROR: [Place 30-68] Instance cand_latency_i_IBUF[21]_inst (IBUF) is not placed
ERROR: [Place 30-68] Instance cand_latency_i_IBUF[22]_inst (IBUF) is not placed
ERROR: [Place 30-68] Instance cand_latency_i_IBUF[23]_inst (IBUF) is not placed
ERROR: [Place 30-68] Instance cand_latency_i_IBUF[24]_inst (IBUF) is not placed
ERROR: [Place 30-68] Instance cand_latency_i_IBUF[25]_inst (IBUF) is not placed
ERROR: [Place 30-68] Instance cand_latency_i_IBUF[26]_inst (IBUF) is not placed
ERROR: [Place 30-68] Instance cand_latency_i_IBUF[27]_inst (IBUF) is not placed
ERROR: [Place 30-68] Instance cand_latency_i_IBUF[28]_inst (IBUF) is not placed
ERROR: [Place 30-68] Instance cand_latency_i_IBUF[29]_inst (IBUF) is not placed
ERROR: [Place 30-68] Instance cand_latency_i_IBUF[2]_inst (IBUF) is not placed
ERROR: [Place 30-68] Instance cand_latency_i_IBUF[30]_inst (IBUF) is not placed
ERROR: [Place 30-68] Instance cand_latency_i_IBUF[31]_inst (IBUF) is not placed
ERROR: [Place 30-68] Instance cand_latency_i_IBUF[3]_inst (IBUF) is not placed
ERROR: [Place 30-68] Instance cand_latency_i_IBUF[4]_inst (IBUF) is not placed
ERROR: [Place 30-68] Instance cand_latency_i_IBUF[5]_inst (IBUF) is not placed
ERROR: [Place 30-68] Instance cand_latency_i_IBUF[6]_inst (IBUF) is not placed
ERROR: [Place 30-68] Instance cand_latency_i_IBUF[7]_inst (IBUF) is not placed
ERROR: [Place 30-68] Instance cand_latency_i_IBUF[8]_inst (IBUF) is not placed
ERROR: [Place 30-68] Instance cand_latency_i_IBUF[9]_inst (IBUF) is not placed
ERROR: [Place 30-68] Instance cand_util_i_IBUF[0]_inst (IBUF) is not placed
ERROR: [Place 30-68] Instance cand_util_i_IBUF[10]_inst (IBUF) is not placed
ERROR: [Place 30-68] Instance cand_util_i_IBUF[11]_inst (IBUF) is not placed
ERROR: [Place 30-68] Instance cand_util_i_IBUF[12]_inst (IBUF) is not placed
ERROR: [Place 30-68] Instance cand_util_i_IBUF[13]_inst (IBUF) is not placed
ERROR: [Place 30-68] Instance cand_util_i_IBUF[14]_inst (IBUF) is not placed
ERROR: [Place 30-68] Instance cand_util_i_IBUF[15]_inst (IBUF) is not placed
ERROR: [Place 30-68] Instance cand_util_i_IBUF[1]_inst (IBUF) is not placed
ERROR: [Place 30-68] Instance cand_util_i_IBUF[2]_inst (IBUF) is not placed
ERROR: [Place 30-68] Instance cand_util_i_IBUF[3]_inst (IBUF) is not placed
ERROR: [Place 30-68] Instance cand_util_i_IBUF[4]_inst (IBUF) is not placed
ERROR: [Place 30-68] Instance cand_util_i_IBUF[5]_inst (IBUF) is not placed
ERROR: [Place 30-68] Instance cand_util_i_IBUF[6]_inst (IBUF) is not placed
ERROR: [Place 30-68] Instance cand_util_i_IBUF[7]_inst (IBUF) is not placed
ERROR: [Place 30-68] Instance cand_util_i_IBUF[8]_inst (IBUF) is not placed
ERROR: [Place 30-68] Instance cand_util_i_IBUF[9]_inst (IBUF) is not placed
ERROR: [Place 30-68] Instance cand_valid_i_IBUF_inst (IBUF) is not placed
ERROR: [Place 30-68] Instance cfg_addr_i_IBUF[0]_inst (IBUF) is not placed
ERROR: [Place 30-68] Instance cfg_addr_i_IBUF[10]_inst (IBUF) is not placed
ERROR: [Place 30-68] Instance cfg_addr_i_IBUF[11]_inst (IBUF) is not placed
INFO: [Common 17-14] Message 'Place 30-68' appears 100 times and further instances of the messages will be disabled. Use the Tcl command set_msg_config to change the current settings.
Phase 1.2 IO Placement/ Clock Placement/ Build Placer Device | Checksum: 10da56fd4

Time (s): cpu = 00:00:01 ; elapsed = 00:00:00.6 . Memory (MB): peak = 3045.340 ; gain = 0.000 ; free physical = 5743 ; free virtual = 14618
Phase 1 Placer Initialization | Checksum: 10da56fd4

Time (s): cpu = 00:00:01 ; elapsed = 00:00:00.6 . Memory (MB): peak = 3045.340 ; gain = 0.000 ; free physical = 5743 ; free virtual = 14618
ERROR: [Place 30-99] Placer failed with error: 'IO Clock Placer failed'
Please review all ERROR, CRITICAL WARNING, and WARNING messages during placement to understand the cause for failure.
Ending Placer Task | Checksum: 10da56fd4

Time (s): cpu = 00:00:01 ; elapsed = 00:00:00.6 . Memory (MB): peak = 3045.340 ; gain = 0.000 ; free physical = 5743 ; free virtual = 14618
12 Infos, 0 Warnings, 0 Critical Warnings and 103 Errors encountered.
place_design failed
ERROR: [Common 17-69] Command failed: Placer could not place all instances
INFO: [Common 17-206] Exiting Vivado at Mon Mar 16 05:10:27 2026...
