#-----------------------------------------------------------
# Vivado v2024.2 (64-bit)
# SW Build 5239630 on Fri Nov 08 22:34:34 MST 2024
# IP Build 5239520 on Sun Nov 10 16:12:51 MST 2024
# SharedData Build 5239561 on Fri Nov 08 14:39:27 MST 2024
# Start of session at: Sat Mar 14 05:00:25 2026
# Process ID         : 527030
# Current directory  : /media/shahriar-rizvi/Data/CSE/Thesis/from13March/qflow_step1_phase0
# Command line       : vivado -mode batch -source tcl/run_ooc_synth.tcl
# Log file           : /media/shahriar-rizvi/Data/CSE/Thesis/from13March/qflow_step1_phase0/vivado.log
# Journal file       : /media/shahriar-rizvi/Data/CSE/Thesis/from13March/qflow_step1_phase0/vivado.jou
# Running On         : Shahriars-Unix
# Platform           : Ubuntu
# Operating System   : Ubuntu 24.04.3 LTS
# Processor Detail   : 11th Gen Intel(R) Core(TM) i7-1195G7 @ 2.90GHz
# CPU Frequency      : 4387.723 MHz
# CPU Physical cores : 4
# CPU Logical cores  : 8
# Host memory        : 16509 MB
# Swap memory        : 4294 MB
# Total Virtual      : 20804 MB
# Available Virtual  : 16806 MB
#-----------------------------------------------------------
source tcl/run_ooc_synth.tcl
# set outdir "results/phase8b"
# file mkdir $outdir
# set partname "xc7a200tfbg484-1"
# proc run_ooc {top files outdir partname} {
#     create_project ${top}_ooc $outdir/${top}_proj -part $partname -force
#     set_property target_language SystemVerilog [current_project]
#     foreach f $files {
#         read_verilog -sv $f
#     }
#     synth_design -top $top -part $partname -mode out_of_context
#     report_utilization -file $outdir/${top}_utilization.rpt
#     report_timing_summary -file $outdir/${top}_timing_summary.rpt
#     close_project
# }
# run_ooc fdpe [list rtl/fdpe.v] $outdir $partname
ERROR: [Common 17-162] Invalid option value specified for 'value'.
INFO: [Common 17-206] Exiting Vivado at Sat Mar 14 05:00:28 2026...
