OpenROAD v2.0-19993-ga613c7e53 
Features included (+) or not (-): +GPU +GUI +Python
This program is licensed under the BSD-3 license. See the LICENSE file for details.
Components of this program may be licensed under more restrictive licenses which must be honored.
[INFO ORD-0030] Using 8 thread(s).
Perform port buffering...
[INFO RSZ-0027] Inserted 178 input buffers.
[INFO RSZ-0028] Inserted 6 output buffers.
Perform buffer insertion and gate resizing...
repair_design -verbose -match_cell_footprint
[INFO RSZ-0058] Using max wire length 2154um.
Iteration |   Area    | Resized | Buffers | Nets repaired | Remaining
---------------------------------------------------------------------
        0 |     +0.0% |       0 |       0 |             0 |       802
       10 |     +0.0% |       0 |       0 |             0 |       792
       20 |     +0.0% |       0 |       0 |             0 |       782
       30 |     +0.0% |       0 |       0 |             0 |       772
       40 |     +0.0% |       2 |       0 |             0 |       762
       50 |     +0.0% |       2 |       0 |             0 |       752
       60 |     +0.0% |       2 |       0 |             0 |       742
       70 |     -0.2% |       3 |       0 |             0 |       732
       80 |     -0.2% |       3 |       0 |             0 |       722
       90 |     -0.2% |       3 |       0 |             0 |       712
      100 |     +0.1% |       4 |       0 |             0 |       702
      110 |     +0.1% |       5 |       0 |             0 |       692
      120 |     -0.1% |       6 |       0 |             0 |       682
      130 |     -0.1% |       6 |       0 |             0 |       672
      140 |     -0.1% |       9 |       0 |             0 |       662
      150 |     -0.1% |      10 |       0 |             0 |       652
      160 |     -0.1% |      15 |       0 |             0 |       642
      170 |     -0.1% |      17 |       0 |             0 |       632
      180 |     -0.1% |      17 |       0 |             0 |       622
      190 |     -0.1% |      17 |       0 |             0 |       612
      200 |     -0.1% |      17 |       0 |             0 |       602
      210 |     -0.1% |      17 |       0 |             0 |       592
      220 |     -0.1% |      17 |       0 |             0 |       582
      230 |     -0.1% |      17 |       0 |             0 |       572
      240 |     -0.1% |      17 |       0 |             0 |       562
      250 |     -0.1% |      17 |       0 |             0 |       552
      260 |     -0.1% |      17 |       0 |             0 |       542
      270 |     -0.1% |      17 |       0 |             0 |       532
      280 |     -0.1% |      17 |       0 |             0 |       522
      290 |     -0.1% |      17 |       0 |             0 |       512
      300 |     -0.1% |      17 |       0 |             0 |       502
      310 |     -0.1% |      17 |       0 |             0 |       492
      320 |     -0.1% |      17 |       0 |             0 |       482
      330 |     -0.1% |      17 |       0 |             0 |       472
      340 |     -0.1% |      17 |       0 |             0 |       462
      350 |     -0.1% |      17 |       0 |             0 |       452
      360 |     -0.1% |      23 |       0 |             0 |       442
      370 |     -0.1% |      23 |       0 |             0 |       432
      380 |     -0.1% |      23 |       0 |             0 |       422
      390 |     -0.1% |      23 |       0 |             0 |       412
      400 |     -0.1% |      23 |       0 |             0 |       402
      410 |     -0.1% |      23 |       0 |             0 |       392
      420 |     -0.1% |      23 |       0 |             0 |       382
      430 |     -0.1% |      23 |       0 |             0 |       372
      440 |     -0.1% |      23 |       0 |             0 |       362
      450 |     -0.1% |      23 |       0 |             0 |       352
      460 |     -0.1% |      24 |       0 |             0 |       342
      470 |     -0.1% |      25 |       0 |             0 |       332
      480 |     -0.1% |      26 |       0 |             0 |       322
      490 |     -0.1% |      26 |       0 |             0 |       312
      500 |     -0.1% |      26 |       0 |             0 |       302
      510 |     -0.1% |      27 |       0 |             0 |       292
      520 |     -0.1% |      27 |       0 |             0 |       282
      530 |     -0.1% |      30 |       0 |             0 |       272
      540 |     -0.1% |      32 |       0 |             0 |       262
      550 |     -0.1% |      33 |       0 |             0 |       252
      560 |     -0.1% |      33 |       0 |             0 |       242
      570 |     -0.1% |      33 |       0 |             0 |       232
      580 |     -0.1% |      33 |       0 |             0 |       222
      590 |     -0.1% |      33 |       0 |             0 |       212
      600 |     -0.1% |      33 |       0 |             0 |       202
      610 |     -0.1% |      34 |       0 |             0 |       192
      620 |     -0.1% |      34 |       0 |             0 |       182
      630 |     -0.1% |      36 |       0 |             0 |       172
      640 |     -0.1% |      36 |       0 |             0 |       162
      650 |     -0.1% |      36 |       0 |             0 |       152
      660 |     -0.1% |      36 |       0 |             0 |       142
      670 |     -0.1% |      36 |       0 |             0 |       132
      680 |     -0.1% |      36 |       0 |             0 |       122
      690 |     -0.1% |      36 |       0 |             0 |       112
      700 |     -0.1% |      36 |       0 |             0 |       102
      710 |     -0.1% |      36 |       0 |             0 |        92
      720 |     -0.1% |      36 |       0 |             0 |        82
      730 |     -0.1% |      36 |       0 |             0 |        72
      740 |     -0.1% |      36 |       0 |             0 |        62
      750 |     -0.1% |      36 |       0 |             0 |        52
      760 |     -0.1% |      36 |       0 |             0 |        42
      770 |     -0.1% |      36 |       0 |             0 |        32
      780 |     -0.1% |      36 |       0 |             0 |        22
      790 |     -0.1% |      36 |       0 |             0 |        12
      800 |     -0.1% |      36 |       0 |             0 |         2
    final |     -0.1% |      36 |       0 |             0 |         0
---------------------------------------------------------------------
[INFO RSZ-0039] Resized 36 instances.
Repair tie lo fanout...
Repair tie hi fanout...
Floating nets: 
Report metrics stage 3, resizer...

==========================================================================
resizer report_design_area
--------------------------------------------------------------------------
Design area 3293 u^2 13% utilization.
Instance count before 681, after 865
Pin count before 1233, after 1601
Elapsed time: 0:01.01[h:]min:sec. CPU time: user 0.71 sys 0.30 (100%). Peak memory: 624160KB.
