OpenROAD v2.0-19993-ga613c7e53 
Features included (+) or not (-): +GPU +GUI +Python
This program is licensed under the BSD-3 license. See the LICENSE file for details.
Components of this program may be licensed under more restrictive licenses which must be honored.
[INFO ORD-0030] Using 8 thread(s).
clock_tree_synthesis -sink_clustering_enable -balance_levels
[INFO CTS-0050] Root buffer is sky130_fd_sc_hd__clkbuf_16.
[INFO CTS-0051] Sink buffer is sky130_fd_sc_hd__clkbuf_16.
[INFO CTS-0052] The following clock buffers will be used for CTS:
                    sky130_fd_sc_hd__clkbuf_16
[INFO CTS-0049] Characterization buffer is sky130_fd_sc_hd__clkbuf_16.
[INFO CTS-0007] Net "clk" found for clock "core_clock".
[INFO CTS-0010]  Clock net "clk" has 6 sinks.
[INFO CTS-0008] TritonCTS found 1 clock nets.
[INFO CTS-0097] Characterization used 1 buffer(s) types.
[INFO CTS-0201] 0 blockages from hard placement blockages and placed macros will be used.
[INFO CTS-0027] Generating H-Tree topology for net clk.
[INFO CTS-0028]  Total number of sinks: 6.
[INFO CTS-0090]  Sinks will be clustered based on buffer max cap.
[INFO CTS-0030]  Number of static layers: 0.
[INFO CTS-0020]  Wire segment unit: 13600  dbu (13 um).
[INFO CTS-0023]  Original sink region: [(76165, 80300), (113885, 88340)].
[INFO CTS-0024]  Normalized sink region: [(5.60037, 5.90441), (8.3739, 6.49559)].
[INFO CTS-0025]     Width:  2.7735.
[INFO CTS-0026]     Height: 0.5912.
 Level 1
    Direction: Horizontal
    Sinks per sub-region: 3
    Sub-region size: 1.3868 X 0.5912
[INFO CTS-0034]     Segment length (rounded): 1.
[INFO CTS-0032]  Stop criterion found. Max number of sinks is 15.
[INFO CTS-0035]  Number of sinks covered: 6.
[INFO CTS-0018]     Created 3 clock buffers.
[INFO CTS-0012]     Minimum number of buffers in the clock path: 2.
[INFO CTS-0013]     Maximum number of buffers in the clock path: 2.
[INFO CTS-0015]     Created 3 clock nets.
[INFO CTS-0016]     Fanout distribution for the current clock = 3:2..
[INFO CTS-0017]     Max level of the clock tree: 1.
[INFO CTS-0098] Clock net "clk"
[INFO CTS-0099]  Sinks 6
[INFO CTS-0100]  Leaf buffers 0
[INFO CTS-0101]  Average sink wire length 161.28 um
[INFO CTS-0102]  Path depth 2 - 2
[INFO CTS-0207]  Leaf load cells 0
[INFO RSZ-0058] Using max wire length 2154um.
Placement Analysis
---------------------------------
total displacement         45.8 u
average displacement        0.1 u
max displacement            5.4 u
original HPWL           18885.8 u
legalized HPWL          19270.5 u
delta HPWL                    2 %

repair_timing -verbose -setup_margin 0 -hold_margin 0 -repair_tns 100 -match_cell_footprint
[INFO RSZ-0098] No setup violations found
[INFO RSZ-0033] No hold violations found.
Placement Analysis
---------------------------------
total displacement          0.0 u
average displacement        0.0 u
max displacement            0.0 u
original HPWL           19270.5 u
legalized HPWL          19270.5 u
delta HPWL                    0 %

Report metrics stage 4, cts final...

==========================================================================
cts final report_design_area
--------------------------------------------------------------------------
Design area 3368 u^2 13% utilization.
Elapsed time: 0:01.92[h:]min:sec. CPU time: user 1.50 sys 0.42 (99%). Peak memory: 710320KB.
