OpenROAD v2.0-19993-ga613c7e53 
Features included (+) or not (-): +GPU +GUI +Python
This program is licensed under the BSD-3 license. See the LICENSE file for details.
Components of this program may be licensed under more restrictive licenses which must be honored.
[INFO ORD-0030] Using 8 thread(s).
[INFO DRT-0149] Reading tech and libs.
[WARNING DRT-0349] LEF58_ENCLOSURE with no CUTCLASS is not supported. Skipping for layer mcon
[WARNING DRT-0349] LEF58_ENCLOSURE with no CUTCLASS is not supported. Skipping for layer mcon
[WARNING DRT-0349] LEF58_ENCLOSURE with no CUTCLASS is not supported. Skipping for layer via
[WARNING DRT-0349] LEF58_ENCLOSURE with no CUTCLASS is not supported. Skipping for layer via
[WARNING DRT-0349] LEF58_ENCLOSURE with no CUTCLASS is not supported. Skipping for layer via2
[WARNING DRT-0349] LEF58_ENCLOSURE with no CUTCLASS is not supported. Skipping for layer via2
[WARNING DRT-0349] LEF58_ENCLOSURE with no CUTCLASS is not supported. Skipping for layer via3
[WARNING DRT-0349] LEF58_ENCLOSURE with no CUTCLASS is not supported. Skipping for layer via3
[WARNING DRT-0349] LEF58_ENCLOSURE with no CUTCLASS is not supported. Skipping for layer via4
[WARNING DRT-0349] LEF58_ENCLOSURE with no CUTCLASS is not supported. Skipping for layer via4

Units:                1000
Number of layers:     13
Number of macros:     441
Number of vias:       29
Number of viarulegen: 25

[INFO DRT-0150] Reading design.

Design:                   pareto_cmp_c0_full
Die area:                 ( 0 0 ) ( 200000 200000 )
Number of track patterns: 12
Number of DEF vias:       0
Number of components:     868
Number of terminals:      185
Number of snets:          2
Number of nets:           805

[INFO DRT-0167] List of default vias:
  Layer via
    default via: M1M2_PR
  Layer via2
    default via: M2M3_PR
  Layer via3
    default via: M3M4_PR
  Layer via4
    default via: M4M5_PR
[INFO DRT-0162] Library cell analysis.
[INFO DRT-0163] Instance analysis.
[INFO DRT-0164] Number of unique instances = 71.
[INFO DRT-0168] Init region query.
[INFO DRT-0024]   Complete FR_MASTERSLICE.
[INFO DRT-0024]   Complete Fr_VIA.
[INFO DRT-0024]   Complete li1.
[INFO DRT-0024]   Complete mcon.
[INFO DRT-0024]   Complete met1.
[INFO DRT-0024]   Complete via.
[INFO DRT-0024]   Complete met2.
[INFO DRT-0024]   Complete via2.
[INFO DRT-0024]   Complete met3.
[INFO DRT-0024]   Complete via3.
[INFO DRT-0024]   Complete met4.
[INFO DRT-0024]   Complete via4.
[INFO DRT-0024]   Complete met5.
[INFO DRT-0033] FR_MASTERSLICE shape region query size = 0.
[INFO DRT-0033] FR_VIA shape region query size = 0.
[INFO DRT-0033] li1 shape region query size = 11846.
[INFO DRT-0033] mcon shape region query size = 6080.
[INFO DRT-0033] met1 shape region query size = 2168.
[INFO DRT-0033] via shape region query size = 1625.
[INFO DRT-0033] met2 shape region query size = 1048.
[INFO DRT-0033] via2 shape region query size = 1300.
[INFO DRT-0033] met3 shape region query size = 1087.
[INFO DRT-0033] via3 shape region query size = 1300.
[INFO DRT-0033] met4 shape region query size = 397.
[INFO DRT-0033] via4 shape region query size = 61.
[INFO DRT-0033] met5 shape region query size = 72.
[INFO DRT-0165] Start pin access.
[INFO DRT-0078]   Complete 569 pins.
[INFO DRT-0081]   Complete 71 unique inst patterns.
[INFO DRT-0084]   Complete 333 groups.
#scanned instances     = 868
#unique  instances     = 71
#stdCellGenAp          = 2244
#stdCellValidPlanarAp  = 0
#stdCellValidViaAp     = 1744
#stdCellPinNoAp        = 0
#stdCellPinCnt         = 1607
#instTermValidViaApCnt = 0
#macroGenAp            = 0
#macroValidPlanarAp    = 0
#macroValidViaAp       = 0
#macroNoAp             = 0
[INFO DRT-0166] Complete pin access.
[INFO DRT-0267] cpu time = 00:00:48, elapsed time = 00:00:07, memory = 138.93 (MB), peak = 138.03 (MB)
global_route -congestion_report_file ./reports/sky130hd/qflow_pareto_c0/base/congestion.rpt -congestion_iterations 30 -congestion_report_iter_step 5 -verbose
[INFO GRT-0020] Min routing layer: met1
[INFO GRT-0021] Max routing layer: met5
[INFO GRT-0022] Global adjustment: 0%
[INFO GRT-0023] Grid origin: (0, 0)
[INFO GRT-0043] No OR_DEFAULT vias defined.
[INFO GRT-0088] Layer li1     Track-Pitch = 0.4600  line-2-Via Pitch: 0.3400
[INFO GRT-0088] Layer met1    Track-Pitch = 0.3400  line-2-Via Pitch: 0.3400
[INFO GRT-0088] Layer met2    Track-Pitch = 0.4600  line-2-Via Pitch: 0.3500
[INFO GRT-0088] Layer met3    Track-Pitch = 0.6800  line-2-Via Pitch: 0.6150
[INFO GRT-0088] Layer met4    Track-Pitch = 0.9200  line-2-Via Pitch: 1.0400
[INFO GRT-0088] Layer met5    Track-Pitch = 3.4000  line-2-Via Pitch: 3.1100
[INFO GRT-0003] Macros: 0
[INFO GRT-0043] No OR_DEFAULT vias defined.
[INFO GRT-0004] Blockages: 84
[INFO GRT-0019] Found 4 clock nets.
[INFO GRT-0001] Minimum degree: 2
[INFO GRT-0002] Maximum degree: 9

[INFO GRT-0053] Routing resources analysis:
          Routing      Original      Derated      Resource
Layer     Direction    Resources     Resources    Reduction (%)
---------------------------------------------------------------
li1        Vertical            0             0          0.00%
met1       Horizontal      16240          9991          38.48%
met2       Vertical        12152          8334          31.42%
met3       Horizontal       8120          5922          27.07%
met4       Vertical         4928          2960          39.94%
met5       Horizontal       1624           810          50.12%
---------------------------------------------------------------

[INFO GRT-0197] Via related to pin nodes: 2535
[INFO GRT-0198] Via related Steiner nodes: 8
[INFO GRT-0199] Via filling finished.
[INFO GRT-0111] Final number of vias: 3312
[INFO GRT-0112] Final usage 3D: 12553

[INFO GRT-0096] Final congestion report:
Layer         Resource        Demand        Usage (%)    Max H / Max V / Total Overflow
---------------------------------------------------------------------------------------
li1                  0             0            0.00%             0 /  0 /  0
met1              9991          1229           12.30%             0 /  0 /  0
met2              8334          1160           13.92%             0 /  0 /  0
met3              5922           203            3.43%             0 /  0 /  0
met4              2960            25            0.84%             0 /  0 /  0
met5               810             0            0.00%             0 /  0 /  0
---------------------------------------------------------------------------------------
Total            28017          2617            9.34%             0 /  0 /  0

[INFO GRT-0018] Total wirelength: 25909 um
[INFO GRT-0014] Routed nets: 805
Perform buffer insertion and gate resizing...
repair_design -verbose
[INFO RSZ-0058] Using max wire length 2154um.
Iteration |   Area    | Resized | Buffers | Nets repaired | Remaining
---------------------------------------------------------------------
        0 |     +0.0% |       0 |       0 |             0 |       805
       10 |     +0.0% |       0 |       0 |             0 |       795
       20 |     +0.0% |       0 |       0 |             0 |       785
       30 |     +0.0% |       0 |       0 |             0 |       775
       40 |     +0.0% |       0 |       0 |             0 |       765
       50 |     +0.0% |       0 |       0 |             0 |       755
       60 |     +0.0% |       0 |       0 |             0 |       745
       70 |     +0.0% |       0 |       0 |             0 |       735
       80 |     +0.0% |       0 |       0 |             0 |       725
       90 |     +0.0% |       0 |       0 |             0 |       715
      100 |     +0.0% |       0 |       0 |             0 |       705
      110 |     +0.0% |       0 |       0 |             0 |       695
      120 |     +0.0% |       0 |       0 |             0 |       685
      130 |     +0.0% |       0 |       0 |             0 |       675
      140 |     +0.0% |       0 |       0 |             0 |       665
      150 |     +0.0% |       0 |       0 |             0 |       655
      160 |     +0.0% |       0 |       0 |             0 |       645
      170 |     +0.0% |       0 |       0 |             0 |       635
      180 |     +0.0% |       0 |       0 |             0 |       625
      190 |     +0.0% |       0 |       0 |             0 |       615
      200 |     +0.0% |       0 |       0 |             0 |       605
      210 |     +0.0% |       0 |       0 |             0 |       595
      220 |     +0.0% |       0 |       0 |             0 |       585
      230 |     +0.0% |       0 |       0 |             0 |       575
      240 |     +0.0% |       0 |       0 |             0 |       565
      250 |     +0.0% |       0 |       0 |             0 |       555
      260 |     +0.0% |       0 |       0 |             0 |       545
      270 |     +0.0% |       0 |       0 |             0 |       535
      280 |     +0.0% |       0 |       0 |             0 |       525
      290 |     +0.0% |       0 |       0 |             0 |       515
      300 |     +0.0% |       0 |       0 |             0 |       505
      310 |     +0.0% |       0 |       0 |             0 |       495
      320 |     +0.0% |       0 |       0 |             0 |       485
      330 |     +0.0% |       0 |       0 |             0 |       475
      340 |     +0.0% |       0 |       0 |             0 |       465
      350 |     +0.0% |       0 |       0 |             0 |       455
      360 |     +0.0% |       0 |       0 |             0 |       445
      370 |     +0.0% |       0 |       0 |             0 |       435
      380 |     +0.0% |       0 |       0 |             0 |       425
      390 |     +0.0% |       0 |       0 |             0 |       415
      400 |     +0.0% |       0 |       0 |             0 |       405
      410 |     +0.0% |       0 |       0 |             0 |       395
      420 |     +0.0% |       0 |       0 |             0 |       385
      430 |     +0.0% |       0 |       0 |             0 |       375
      440 |     +0.0% |       0 |       0 |             0 |       365
      450 |     +0.0% |       0 |       0 |             0 |       355
      460 |     +0.0% |       0 |       0 |             0 |       345
      470 |     +0.0% |       0 |       0 |             0 |       335
      480 |     +0.0% |       0 |       0 |             0 |       325
      490 |     +0.0% |       0 |       0 |             0 |       315
      500 |     +0.0% |       0 |       0 |             0 |       305
      510 |     +0.0% |       0 |       0 |             0 |       295
      520 |     +0.0% |       0 |       0 |             0 |       285
      530 |     +0.0% |       0 |       0 |             0 |       275
      540 |     +0.0% |       0 |       0 |             0 |       265
      550 |     +0.0% |       0 |       0 |             0 |       255
      560 |     +0.0% |       0 |       0 |             0 |       245
      570 |     +0.0% |       0 |       0 |             0 |       235
      580 |     +0.0% |       0 |       0 |             0 |       225
      590 |     +0.0% |       0 |       0 |             0 |       215
      600 |     +0.0% |       0 |       0 |             0 |       205
      610 |     +0.0% |       0 |       0 |             0 |       195
      620 |     +0.0% |       0 |       0 |             0 |       185
      630 |     +0.0% |       0 |       0 |             0 |       175
      640 |     +0.0% |       0 |       0 |             0 |       165
      650 |     +0.0% |       0 |       0 |             0 |       155
      660 |     +0.0% |       0 |       0 |             0 |       145
      670 |     +0.0% |       0 |       0 |             0 |       135
      680 |     +0.0% |       0 |       0 |             0 |       125
      690 |     +0.0% |       0 |       0 |             0 |       115
      700 |     +0.0% |       0 |       0 |             0 |       105
      710 |     +0.0% |       0 |       0 |             0 |        95
      720 |     +0.0% |       0 |       0 |             0 |        85
      730 |     +0.0% |       0 |       0 |             0 |        75
      740 |     +0.0% |       0 |       0 |             0 |        65
      750 |     +0.0% |       0 |       0 |             0 |        55
      760 |     +0.0% |       0 |       0 |             0 |        45
      770 |     +0.0% |       0 |       0 |             0 |        35
      780 |     +0.0% |       0 |       0 |             0 |        25
      790 |     +0.0% |       0 |       0 |             0 |        15
      800 |     +0.0% |       0 |       0 |             0 |         5
    final |     +0.0% |       0 |       0 |             0 |         0
---------------------------------------------------------------------
global_route -start_incremental
detailed_placement
Placement Analysis
---------------------------------
total displacement          0.0 u
average displacement        0.0 u
max displacement            0.0 u
original HPWL           19270.5 u
legalized HPWL          19270.5 u
delta HPWL                    0 %

global_route -end_incremental -congestion_report_file ./reports/sky130hd/qflow_pareto_c0/base/congestion_post_repair_design.rpt
Repair setup and hold violations...
repair_timing -verbose -setup_margin 0 -hold_margin 0 -repair_tns 100
[INFO RSZ-0098] No setup violations found
[INFO RSZ-0033] No hold violations found.
global_route -start_incremental
detailed_placement
Placement Analysis
---------------------------------
total displacement          0.0 u
average displacement        0.0 u
max displacement            0.0 u
original HPWL           19270.5 u
legalized HPWL          19270.5 u
delta HPWL                    0 %

global_route -end_incremental -congestion_report_file ./reports/sky130hd/qflow_pareto_c0/base/congestion_post_repair_timing.rpt
global_route -start_incremental
global_route -end_incremental -congestion_report_file ./reports/sky130hd/qflow_pareto_c0/base/congestion_post_recover_power.rpt
Repair antennas...
[INFO GRT-0012] Found 0 antenna violations.
[INFO ANT-0002] Found 0 net violations.
[INFO ANT-0001] Found 0 pin violations.
Estimate parasitics...
Report metrics stage 5, global route...

==========================================================================
global route report_design_area
--------------------------------------------------------------------------
Design area 3368 u^2 13% utilization.
[INFO FLW-0007] clock core_clock period 10.000000
[INFO FLW-0008] Clock core_clock period 3.267
[INFO FLW-0009] Clock core_clock slack 6.561
[INFO FLW-0011] Path endpoint path count 12
Elapsed time: 0:08.72[h:]min:sec. CPU time: user 50.54 sys 0.46 (584%). Peak memory: 699600KB.
