OpenROAD v2.0-19993-ga613c7e53 
Features included (+) or not (-): +GPU +GUI +Python
This program is licensed under the BSD-3 license. See the LICENSE file for details.
Components of this program may be licensed under more restrictive licenses which must be honored.
[INFO ORD-0030] Using 8 thread(s).
Deleted 0 routing obstructions
[INFO RCX-0431] Defined process_corner X with ext_model_index 0
[INFO RCX-0029] Defined extraction corner X
[INFO RCX-0435] Reading extraction model file /home/shahriar-rizvi/Documents/VLSI/tools/OpenROAD-flow-scripts/flow/platforms/sky130hd/rcx_patterns.rules ...
[INFO RCX-0436] RC segment generation pareto_cmp_c0_full (max_merge_res 50.0) ...
[INFO RCX-0040] Final 1526 rc segments
[INFO RCX-0439] Coupling Cap extraction pareto_cmp_c0_full ...
[INFO RCX-0440] Coupling threshhold is 0.1000 fF, coupling capacitance less than 0.1000 fF will be grounded.
[INFO RCX-0442] 61% of 3831 wires extracted
[INFO RCX-0442] 100% of 3831 wires extracted
[INFO RCX-0045] Extract 805 nets, 2331 rsegs, 2331 caps, 3245 ccs
[INFO RCX-0443] 805 nets finished
[INFO PSM-0040] All shapes on net VDD are connected.
[INFO PSM-0073] Using bump pattern with x-pitch 140.0000um, y-pitch 140.0000um, and size 70.0000um with an reduction factor of 3x.
########## IR report #################
Net              : VDD
Corner           : default
Supply voltage   : 1.80e+00 V
Worstcase voltage: 1.80e+00 V
Average voltage  : 1.80e+00 V
Average IR drop  : 6.26e-06 V
Worstcase IR drop: 5.69e-05 V
Percentage drop  : 0.00 %
######################################
[INFO PSM-0040] All shapes on net VSS are connected.
[INFO PSM-0073] Using bump pattern with x-pitch 140.0000um, y-pitch 140.0000um, and size 70.0000um with an reduction factor of 3x.
########## IR report #################
Net              : VSS
Corner           : default
Supply voltage   : 0.00e+00 V
Worstcase voltage: 5.58e-05 V
Average voltage  : 8.75e-06 V
Average IR drop  : 8.75e-06 V
Worstcase IR drop: 5.58e-05 V
Percentage drop  : 0.00 %
######################################
Cell type report:                       Count       Area
  Fill cell                              2899   21400.52
  Tap cell                                330     412.90
  Clock buffer                              3      75.07
  Timing Repair Buffer                    184     690.66
  Inverter                                 95     359.09
  Sequential cell                           6     120.12
  Multi-Input combinational cell          250    2123.29
  Total                                  3767   25181.65
Report metrics stage 6, finish...

==========================================================================
finish report_design_area
--------------------------------------------------------------------------
Design area 3368 u^2 13% utilization.
[WARNING GUI-0076] Could not find the Qt platform plugin "wayland" in ""
Elapsed time: 0:02.50[h:]min:sec. CPU time: user 2.38 sys 0.19 (102%). Peak memory: 282268KB.
