
****** Vivado v2024.2 (64-bit)
  **** SW Build 5239630 on Fri Nov 08 22:34:34 MST 2024
  **** IP Build 5239520 on Sun Nov 10 16:12:51 MST 2024
  **** SharedData Build 5239561 on Fri Nov 08 14:39:27 MST 2024
  **** Start of session at: Sun Mar 15 07:57:42 2026
    ** Copyright 1986-2022 Xilinx, Inc. All Rights Reserved.
    ** Copyright 2022-2024 Advanced Micro Devices, Inc. All Rights Reserved.

source tcl/run_top_synth.tcl
# set outdir "results/phase9b"
# file mkdir $outdir
# set partname "xc7a200tfbg484-1"
# create_project qflow_top_synth_proj $outdir/qflow_top_synth_proj -part $partname -force
# set_property target_language Verilog [current_project]
# set_property XPM_LIBRARIES {XPM_MEMORY} [current_project]
# foreach f [list \
#     rtl/fdpe.v \
#     rtl/xorshift128plus.v \
#     rtl/ga_pareto_cmp.v \
#     rtl/ga_select.v \
#     rtl/ga_elitism.v \
#     rtl/ga_crossover.v \
#     rtl/ga_mutate.v \
#     rtl/pmo_ga_multigen.v \
#     rtl/skag_mem_bram.v \
#     rtl/qflow_top_synth.v \
# ] {
#     read_verilog -sv $f
# }
# read_xdc xdc/qflow_top_synth.xdc
# synth_design -top qflow_top_synth -part $partname
Command: synth_design -top qflow_top_synth -part xc7a200tfbg484-1
Starting synth_design
Attempting to get a license for feature 'Synthesis' and/or device 'xc7a200t'
INFO: [Common 17-349] Got license for feature 'Synthesis' and/or device 'xc7a200t'
INFO: [Device 21-403] Loading part xc7a200tfbg484-1
INFO: [Synth 8-7079] Multithreading enabled for synth_design using a maximum of 7 processes.
INFO: [Synth 8-7078] Launching helper process for spawning children vivado processes
INFO: [Synth 8-7075] Helper process launched with PID 346059
---------------------------------------------------------------------------------
Starting RTL Elaboration : Time (s): cpu = 00:00:03 ; elapsed = 00:00:03 . Memory (MB): peak = 1934.535 ; gain = 427.832 ; free physical = 4239 ; free virtual = 14763
---------------------------------------------------------------------------------
INFO: [Synth 8-6157] synthesizing module 'qflow_top_synth' [/media/shahriar-rizvi/Data/CSE/Thesis/from13March/qflow_step1_phase0/rtl/qflow_top_synth.v:3]
INFO: [Synth 8-6157] synthesizing module 'xorshift128plus' [/media/shahriar-rizvi/Data/CSE/Thesis/from13March/qflow_step1_phase0/rtl/xorshift128plus.v:3]
INFO: [Synth 8-6155] done synthesizing module 'xorshift128plus' (0#1) [/media/shahriar-rizvi/Data/CSE/Thesis/from13March/qflow_step1_phase0/rtl/xorshift128plus.v:3]
INFO: [Synth 8-6157] synthesizing module 'fdpe' [/media/shahriar-rizvi/Data/CSE/Thesis/from13March/qflow_step1_phase0/rtl/fdpe.v:3]
INFO: [Synth 8-251] [FDPE] Loading LUT from results/phase1/exp_lut.hex [/media/shahriar-rizvi/Data/CSE/Thesis/from13March/qflow_step1_phase0/rtl/fdpe.v:26]
INFO: [Synth 8-3876] $readmem data file 'results/phase1/exp_lut.hex' is read successfully [/media/shahriar-rizvi/Data/CSE/Thesis/from13March/qflow_step1_phase0/rtl/fdpe.v:27]
INFO: [Synth 8-6155] done synthesizing module 'fdpe' (0#1) [/media/shahriar-rizvi/Data/CSE/Thesis/from13March/qflow_step1_phase0/rtl/fdpe.v:3]
INFO: [Synth 8-6157] synthesizing module 'skag_mem_bram' [/media/shahriar-rizvi/Data/CSE/Thesis/from13March/qflow_step1_phase0/rtl/skag_mem_bram.v:3]
	Parameter ADDR_W bound to: 12 - type: integer 
	Parameter DEPTH bound to: 4096 - type: integer 
INFO: [Synth 8-6157] synthesizing module 'xpm_memory_tdpram' [/home/shahriar-rizvi/Work/VLSI/Xilinx/Vivado/2024.2/data/ip/xpm/xpm_memory/hdl/xpm_memory.sv:9050]
	Parameter MEMORY_SIZE bound to: 65536 - type: integer 
	Parameter MEMORY_PRIMITIVE bound to: block - type: string 
	Parameter CLOCKING_MODE bound to: common_clock - type: string 
	Parameter ECC_MODE bound to: no_ecc - type: string 
	Parameter MEMORY_INIT_FILE bound to: none - type: string 
	Parameter MEMORY_INIT_PARAM bound to: 0 - type: string 
	Parameter USE_MEM_INIT bound to: 0 - type: integer 
	Parameter WAKEUP_TIME bound to: disable_sleep - type: string 
	Parameter AUTO_SLEEP_TIME bound to: 0 - type: integer 
	Parameter MESSAGE_CONTROL bound to: 0 - type: integer 
	Parameter USE_EMBEDDED_CONSTRAINT bound to: 0 - type: integer 
	Parameter MEMORY_OPTIMIZATION bound to: true - type: string 
	Parameter CASCADE_HEIGHT bound to: 0 - type: integer 
	Parameter WRITE_DATA_WIDTH_A bound to: 16 - type: integer 
	Parameter READ_DATA_WIDTH_A bound to: 16 - type: integer 
	Parameter BYTE_WRITE_WIDTH_A bound to: 16 - type: integer 
	Parameter ADDR_WIDTH_A bound to: 12 - type: integer 
	Parameter READ_RESET_VALUE_A bound to: 0 - type: string 
	Parameter READ_LATENCY_A bound to: 1 - type: integer 
	Parameter WRITE_MODE_A bound to: read_first - type: string 
	Parameter WRITE_DATA_WIDTH_B bound to: 16 - type: integer 
	Parameter READ_DATA_WIDTH_B bound to: 16 - type: integer 
	Parameter BYTE_WRITE_WIDTH_B bound to: 16 - type: integer 
	Parameter ADDR_WIDTH_B bound to: 12 - type: integer 
	Parameter READ_RESET_VALUE_B bound to: 0 - type: string 
	Parameter READ_LATENCY_B bound to: 1 - type: integer 
	Parameter WRITE_MODE_B bound to: read_first - type: string 
INFO: [Synth 8-6157] synthesizing module 'xpm_memory_base' [/home/shahriar-rizvi/Work/VLSI/Xilinx/Vivado/2024.2/data/ip/xpm/xpm_memory/hdl/xpm_memory.sv:54]
INFO: [Synth 8-6155] done synthesizing module 'xpm_memory_base' (0#1) [/home/shahriar-rizvi/Work/VLSI/Xilinx/Vivado/2024.2/data/ip/xpm/xpm_memory/hdl/xpm_memory.sv:54]
INFO: [Synth 8-6155] done synthesizing module 'xpm_memory_tdpram' (0#1) [/home/shahriar-rizvi/Work/VLSI/Xilinx/Vivado/2024.2/data/ip/xpm/xpm_memory/hdl/xpm_memory.sv:9050]
INFO: [Synth 8-6155] done synthesizing module 'skag_mem_bram' (0#1) [/media/shahriar-rizvi/Data/CSE/Thesis/from13March/qflow_step1_phase0/rtl/skag_mem_bram.v:3]
INFO: [Synth 8-6157] synthesizing module 'pmo_ga_multigen' [/media/shahriar-rizvi/Data/CSE/Thesis/from13March/qflow_step1_phase0/rtl/pmo_ga_multigen.v:3]
	Parameter INDEX_W bound to: 4 - type: integer 
	Parameter GEN_W bound to: 4 - type: integer 
INFO: [Synth 8-6157] synthesizing module 'ga_elitism' [/media/shahriar-rizvi/Data/CSE/Thesis/from13March/qflow_step1_phase0/rtl/ga_elitism.v:1]
INFO: [Synth 8-6157] synthesizing module 'ga_select' [/media/shahriar-rizvi/Data/CSE/Thesis/from13March/qflow_step1_phase0/rtl/ga_select.v:1]
INFO: [Synth 8-6157] synthesizing module 'ga_pareto_cmp' [/media/shahriar-rizvi/Data/CSE/Thesis/from13March/qflow_step1_phase0/rtl/ga_pareto_cmp.v:1]
INFO: [Synth 8-6155] done synthesizing module 'ga_pareto_cmp' (0#1) [/media/shahriar-rizvi/Data/CSE/Thesis/from13March/qflow_step1_phase0/rtl/ga_pareto_cmp.v:1]
INFO: [Synth 8-6155] done synthesizing module 'ga_select' (0#1) [/media/shahriar-rizvi/Data/CSE/Thesis/from13March/qflow_step1_phase0/rtl/ga_select.v:1]
INFO: [Synth 8-6155] done synthesizing module 'ga_elitism' (0#1) [/media/shahriar-rizvi/Data/CSE/Thesis/from13March/qflow_step1_phase0/rtl/ga_elitism.v:1]
INFO: [Synth 8-6157] synthesizing module 'ga_crossover' [/media/shahriar-rizvi/Data/CSE/Thesis/from13March/qflow_step1_phase0/rtl/ga_crossover.v:1]
INFO: [Synth 8-6155] done synthesizing module 'ga_crossover' (0#1) [/media/shahriar-rizvi/Data/CSE/Thesis/from13March/qflow_step1_phase0/rtl/ga_crossover.v:1]
INFO: [Synth 8-6157] synthesizing module 'ga_mutate' [/media/shahriar-rizvi/Data/CSE/Thesis/from13March/qflow_step1_phase0/rtl/ga_mutate.v:1]
INFO: [Synth 8-6155] done synthesizing module 'ga_mutate' (0#1) [/media/shahriar-rizvi/Data/CSE/Thesis/from13March/qflow_step1_phase0/rtl/ga_mutate.v:1]
INFO: [Synth 8-226] default block is never used [/media/shahriar-rizvi/Data/CSE/Thesis/from13March/qflow_step1_phase0/rtl/pmo_ga_multigen.v:93]
INFO: [Synth 8-6155] done synthesizing module 'pmo_ga_multigen' (0#1) [/media/shahriar-rizvi/Data/CSE/Thesis/from13March/qflow_step1_phase0/rtl/pmo_ga_multigen.v:3]
INFO: [Synth 8-6155] done synthesizing module 'qflow_top_synth' (0#1) [/media/shahriar-rizvi/Data/CSE/Thesis/from13March/qflow_step1_phase0/rtl/qflow_top_synth.v:3]
WARNING: [Synth 8-6014] Unused sequential element div_tmp_reg was removed.  [/media/shahriar-rizvi/Data/CSE/Thesis/from13March/qflow_step1_phase0/rtl/fdpe.v:125]
WARNING: [Synth 8-6014] Unused sequential element new_edge_v_reg was removed.  [/media/shahriar-rizvi/Data/CSE/Thesis/from13March/qflow_step1_phase0/rtl/skag_mem_bram.v:259]
WARNING: [Synth 8-6014] Unused sequential element new_weight_v_reg was removed.  [/media/shahriar-rizvi/Data/CSE/Thesis/from13March/qflow_step1_phase0/rtl/skag_mem_bram.v:260]
WARNING: [Synth 8-7129] Port parent_b_gene_i[15] in module ga_crossover is either unconnected or has no load
WARNING: [Synth 8-7129] Port parent_b_gene_i[14] in module ga_crossover is either unconnected or has no load
WARNING: [Synth 8-7129] Port parent_b_gene_i[13] in module ga_crossover is either unconnected or has no load
WARNING: [Synth 8-7129] Port parent_b_gene_i[12] in module ga_crossover is either unconnected or has no load
WARNING: [Synth 8-7129] Port parent_b_gene_i[11] in module ga_crossover is either unconnected or has no load
WARNING: [Synth 8-7129] Port parent_b_gene_i[10] in module ga_crossover is either unconnected or has no load
WARNING: [Synth 8-7129] Port parent_b_gene_i[9] in module ga_crossover is either unconnected or has no load
WARNING: [Synth 8-7129] Port parent_b_gene_i[8] in module ga_crossover is either unconnected or has no load
WARNING: [Synth 8-7129] Port sleep in module xpm_memory_base is either unconnected or has no load
WARNING: [Synth 8-7129] Port regcea in module xpm_memory_base is either unconnected or has no load
WARNING: [Synth 8-7129] Port injectsbiterra in module xpm_memory_base is either unconnected or has no load
WARNING: [Synth 8-7129] Port injectdbiterra in module xpm_memory_base is either unconnected or has no load
WARNING: [Synth 8-7129] Port clkb in module xpm_memory_base is either unconnected or has no load
WARNING: [Synth 8-7129] Port regceb in module xpm_memory_base is either unconnected or has no load
WARNING: [Synth 8-7129] Port injectsbiterrb in module xpm_memory_base is either unconnected or has no load
WARNING: [Synth 8-7129] Port injectdbiterrb in module xpm_memory_base is either unconnected or has no load
---------------------------------------------------------------------------------
Finished RTL Elaboration : Time (s): cpu = 00:00:04 ; elapsed = 00:00:04 . Memory (MB): peak = 2020.473 ; gain = 513.770 ; free physical = 4096 ; free virtual = 14636
---------------------------------------------------------------------------------
---------------------------------------------------------------------------------
Start Handling Custom Attributes
---------------------------------------------------------------------------------
---------------------------------------------------------------------------------
Finished Handling Custom Attributes : Time (s): cpu = 00:00:04 ; elapsed = 00:00:04 . Memory (MB): peak = 2035.316 ; gain = 528.613 ; free physical = 4099 ; free virtual = 14639
---------------------------------------------------------------------------------
---------------------------------------------------------------------------------
Finished RTL Optimization Phase 1 : Time (s): cpu = 00:00:04 ; elapsed = 00:00:05 . Memory (MB): peak = 2035.316 ; gain = 528.613 ; free physical = 4099 ; free virtual = 14639
---------------------------------------------------------------------------------
Netlist sorting complete. Time (s): cpu = 00:00:00.02 ; elapsed = 00:00:00.02 . Memory (MB): peak = 2035.316 ; gain = 0.000 ; free physical = 4099 ; free virtual = 14639
INFO: [Project 1-570] Preparing netlist for logic optimization

Processing XDC Constraints
Initializing timing engine
Parsing XDC File [/media/shahriar-rizvi/Data/CSE/Thesis/from13March/qflow_step1_phase0/xdc/qflow_top_synth.xdc]
CRITICAL WARNING: [Designutils 20-1307] Command 'remove_from_collection' is not supported in the xdc constraint file. [/media/shahriar-rizvi/Data/CSE/Thesis/from13March/qflow_step1_phase0/xdc/qflow_top_synth.xdc:2]
Finished Parsing XDC File [/media/shahriar-rizvi/Data/CSE/Thesis/from13March/qflow_step1_phase0/xdc/qflow_top_synth.xdc]
INFO: [Project 1-236] Implementation specific constraints were found while reading constraint file [/home/shahriar-rizvi/Work/VLSI/Xilinx/Vivado/2024.2/data/ip/xpm/xpm_memory/tcl/xpm_memory_xdc.tcl]. These constraints will be ignored for synthesis but will be used in implementation. Impacted constraints are listed in the file [.Xil/qflow_top_synth_propImpl.xdc].
Resolution: To avoid this warning, move constraints listed in [.Xil/qflow_top_synth_propImpl.xdc] to another XDC file and exclude this new file from synthesis with the used_in_synthesis property (File Properties dialog in GUI) and re-run elaboration/synthesis.
INFO: [Project 1-1714] 1 XPM XDC files have been applied to the design.
Completed Processing XDC Constraints

Netlist sorting complete. Time (s): cpu = 00:00:00 ; elapsed = 00:00:00 . Memory (MB): peak = 2186.066 ; gain = 0.000 ; free physical = 4081 ; free virtual = 14615
INFO: [Project 1-111] Unisim Transformation Summary:
No Unisim elements were transformed.

Constraint Validation Runtime : Time (s): cpu = 00:00:00.01 ; elapsed = 00:00:00.01 . Memory (MB): peak = 2186.066 ; gain = 0.000 ; free physical = 4081 ; free virtual = 14615
---------------------------------------------------------------------------------
Finished Constraint Validation : Time (s): cpu = 00:00:10 ; elapsed = 00:00:10 . Memory (MB): peak = 2186.066 ; gain = 679.363 ; free physical = 4113 ; free virtual = 14638
---------------------------------------------------------------------------------
---------------------------------------------------------------------------------
Start Loading Part and Timing Information
---------------------------------------------------------------------------------
Loading part: xc7a200tfbg484-1
---------------------------------------------------------------------------------
Finished Loading Part and Timing Information : Time (s): cpu = 00:00:10 ; elapsed = 00:00:10 . Memory (MB): peak = 2194.070 ; gain = 687.367 ; free physical = 4113 ; free virtual = 14638
---------------------------------------------------------------------------------
---------------------------------------------------------------------------------
Start Applying 'set_property' XDC Constraints
---------------------------------------------------------------------------------
Applied set_property KEEP_HIERARCHY = SOFT for u_skag/fidelity_mem_xpm. (constraint file  auto generated constraint).
---------------------------------------------------------------------------------
Finished applying 'set_property' XDC Constraints : Time (s): cpu = 00:00:10 ; elapsed = 00:00:10 . Memory (MB): peak = 2194.070 ; gain = 687.367 ; free physical = 4113 ; free virtual = 14638
---------------------------------------------------------------------------------
WARNING: [Synth 8-6014] Unused sequential element compute_weight4 was removed.  [/media/shahriar-rizvi/Data/CSE/Thesis/from13March/qflow_step1_phase0/rtl/skag_mem_bram.v:110]
WARNING: [Synth 8-6014] Unused sequential element compute_weight4 was removed.  [/media/shahriar-rizvi/Data/CSE/Thesis/from13March/qflow_step1_phase0/rtl/skag_mem_bram.v:110]
WARNING: [Synth 8-6014] Unused sequential element compute_weight4 was removed.  [/media/shahriar-rizvi/Data/CSE/Thesis/from13March/qflow_step1_phase0/rtl/skag_mem_bram.v:110]
WARNING: [Synth 8-6014] Unused sequential element compute_weight4 was removed.  [/media/shahriar-rizvi/Data/CSE/Thesis/from13March/qflow_step1_phase0/rtl/skag_mem_bram.v:110]
INFO: [Synth 8-802] inferred FSM for state register 'state_r_reg' in module 'pmo_ga_multigen'
INFO: [Synth 8-3971] The signal "xpm_memory_base:/gen_wr_b.gen_word_narrow.mem_reg" was recognized as a true dual port RAM template.
INFO: [Synth 8-3971] The signal "skag_mem_bram:/key_mem_reg" was recognized as a true dual port RAM template.
INFO: [Synth 8-3971] The signal "skag_mem_bram:/arrival_mem_reg" was recognized as a true dual port RAM template.
INFO: [Synth 8-3971] The signal "skag_mem_bram:/qber_mem_reg" was recognized as a true dual port RAM template.
---------------------------------------------------------------------------------------------------
                   State |                     New Encoding |                Previous Encoding 
---------------------------------------------------------------------------------------------------
                 ST_IDLE |                             0001 |                               00
                ST_CLEAR |                             0010 |                               01
                ST_ISSUE |                             0100 |                               10
                 ST_DONE |                             1000 |                               11
---------------------------------------------------------------------------------------------------
INFO: [Synth 8-3354] encoded FSM with state register 'state_r_reg' using encoding 'one-hot' in module 'pmo_ga_multigen'
---------------------------------------------------------------------------------
Finished RTL Optimization Phase 2 : Time (s): cpu = 00:00:10 ; elapsed = 00:00:10 . Memory (MB): peak = 2194.070 ; gain = 687.367 ; free physical = 4097 ; free virtual = 14633
---------------------------------------------------------------------------------
---------------------------------------------------------------------------------
Start RTL Component Statistics 
---------------------------------------------------------------------------------
Detailed RTL Component Info : 
+---Adders : 
	   4 Input   42 Bit       Adders := 2     
	   2 Input   18 Bit       Adders := 1     
	   2 Input    4 Bit       Adders := 2     
+---XORs : 
	   2 Input     64 Bit         XORs := 1     
	   4 Input     64 Bit         XORs := 1     
	   2 Input     16 Bit         XORs := 1     
+---Registers : 
	               64 Bit    Registers := 4     
	               32 Bit    Registers := 6     
	               16 Bit    Registers := 27    
	               12 Bit    Registers := 6     
	                8 Bit    Registers := 4     
	                4 Bit    Registers := 2     
	                2 Bit    Registers := 1     
	                1 Bit    Registers := 21    
+---RAMs : 
	              64K Bit	(4096 X 16 bit)          RAMs := 4     
+---Muxes : 
	   2 Input   64 Bit        Muxes := 5     
	   2 Input   32 Bit        Muxes := 12    
	   2 Input   18 Bit        Muxes := 1     
	   2 Input   16 Bit        Muxes := 29    
	   4 Input   16 Bit        Muxes := 3     
	   2 Input   12 Bit        Muxes := 3     
	   2 Input    8 Bit        Muxes := 2     
	   2 Input    4 Bit        Muxes := 2     
	   4 Input    4 Bit        Muxes := 3     
	   2 Input    2 Bit        Muxes := 1     
	   4 Input    2 Bit        Muxes := 1     
	   2 Input    1 Bit        Muxes := 14    
	   4 Input    1 Bit        Muxes := 10    
---------------------------------------------------------------------------------
Finished RTL Component Statistics 
---------------------------------------------------------------------------------
---------------------------------------------------------------------------------
Start Part Resource Summary
---------------------------------------------------------------------------------
Part Resources:
DSPs: 740 (col length:100)
BRAMs: 730 (col length: RAMB18 100 RAMB36 50)
---------------------------------------------------------------------------------
Finished Part Resource Summary
---------------------------------------------------------------------------------
---------------------------------------------------------------------------------
Start Cross Boundary and Area Optimization
---------------------------------------------------------------------------------
WARNING: [Synth 8-7080] Parallel synthesis criteria is not met
DSP Report: Generating DSP interp_w2, operation Mode is: (C:0xffffffffff80)+(D-A)*B.
DSP Report: operator interp_w2 is absorbed into DSP interp_w2.
DSP Report: operator prod_w is absorbed into DSP interp_w2.
DSP Report: operator diff_w is absorbed into DSP interp_w2.
DSP Report: Generating DSP interp_w2, operation Mode is: (C:0x80)+(D-A)*B.
DSP Report: operator interp_w2 is absorbed into DSP interp_w2.
DSP Report: operator prod_w is absorbed into DSP interp_w2.
DSP Report: operator diff_w is absorbed into DSP interp_w2.
DSP Report: Generating DSP prod_w, operation Mode is: (D-A)*B.
DSP Report: operator prod_w is absorbed into DSP prod_w.
DSP Report: operator diff_w is absorbed into DSP prod_w.
DSP Report: Generating DSP s2_result3, operation Mode is: (C:0x7fff)+A*B.
DSP Report: operator s2_result3 is absorbed into DSP s2_result3.
DSP Report: operator s2_result4 is absorbed into DSP s2_result3.
DSP Report: Generating DSP compute_weight4, operation Mode is: A*B.
DSP Report: operator compute_weight4 is absorbed into DSP compute_weight4.
DSP Report: Generating DSP compute_weight4, operation Mode is: A*B.
DSP Report: operator compute_weight4 is absorbed into DSP compute_weight4.
WARNING: [Synth 8-7129] Port regcea in module xpm_memory_base is either unconnected or has no load
WARNING: [Synth 8-7129] Port injectsbiterra in module xpm_memory_base is either unconnected or has no load
WARNING: [Synth 8-7129] Port injectdbiterra in module xpm_memory_base is either unconnected or has no load
WARNING: [Synth 8-7129] Port clkb in module xpm_memory_base is either unconnected or has no load
WARNING: [Synth 8-7129] Port regceb in module xpm_memory_base is either unconnected or has no load
WARNING: [Synth 8-7129] Port injectsbiterrb in module xpm_memory_base is either unconnected or has no load
WARNING: [Synth 8-7129] Port injectdbiterrb in module xpm_memory_base is either unconnected or has no load
WARNING: [Synth 8-6014] Unused sequential element gen_wr_b.gen_word_narrow.mem_reg was removed. 
INFO: [Synth 8-3971] The signal "u_skag/key_mem_reg" was recognized as a true dual port RAM template.
INFO: [Synth 8-3971] The signal "u_skag/arrival_mem_reg" was recognized as a true dual port RAM template.
INFO: [Synth 8-3971] The signal "u_skag/qber_mem_reg" was recognized as a true dual port RAM template.
---------------------------------------------------------------------------------
Finished Cross Boundary and Area Optimization : Time (s): cpu = 00:00:16 ; elapsed = 00:00:17 . Memory (MB): peak = 2194.070 ; gain = 687.367 ; free physical = 4112 ; free virtual = 14642
---------------------------------------------------------------------------------
 Sort Area is  s2_result3_6 : 0 0 : 2041 2041 : Used 1 time 0
 Sort Area is  compute_weight4_8 : 0 0 : 1946 1946 : Used 1 time 0
 Sort Area is  compute_weight4_a : 0 0 : 1946 1946 : Used 1 time 0
 Sort Area is  interp_w2_2 : 0 0 : 1197 1197 : Used 1 time 0
 Sort Area is  interp_w2_4 : 0 0 : 1197 1197 : Used 1 time 0
 Sort Area is  prod_w_0 : 0 0 : 1123 1123 : Used 1 time 0
---------------------------------------------------------------------------------
Start ROM, RAM, DSP, Shift Register and Retiming Reporting
---------------------------------------------------------------------------------

ROM: Preliminary Mapping Report
+------------+------------+---------------+----------------+
|Module Name | RTL Object | Depth x Width | Implemented As | 
+------------+------------+---------------+----------------+
|fdpe        | lut_mem    | 256x16        | LUT            | 
|fdpe        | lut_mem    | 256x16        | LUT            | 
|fdpe        | p_0_out    | 256x16        | LUT            | 
|fdpe        | p_0_out    | 256x16        | LUT            | 
+------------+------------+---------------+----------------+


Block RAM: Preliminary Mapping Report (see note below)
+---------------------------------------------+----------------------------------+------------------------+---+---+------------------------+---+---+------------------+--------+--------+
|Module Name                                  | RTL Object                       | PORT A (Depth x Width) | W | R | PORT B (Depth x Width) | W | R | Ports driving FF | RAMB18 | RAMB36 | 
+---------------------------------------------+----------------------------------+------------------------+---+---+------------------------+---+---+------------------+--------+--------+
|u_skag/fidelity_mem_xpm/xpm_memory_base_inst | gen_wr_a.gen_word_narrow.mem_reg | 4 K x 16(READ_FIRST)   | W | R | 4 K x 16(WRITE_FIRST)  |   | R | Port A and B     | 0      | 2      | 
+---------------------------------------------+----------------------------------+------------------------+---+---+------------------------+---+---+------------------+--------+--------+

Note: The table above is a preliminary report that shows the Block RAMs at the current stage of the synthesis flow. Some Block RAMs may be reimplemented as non Block RAM primitives later in the synthesis flow. Multiple instantiated Block RAMs are reported only once. 

DSP: Preliminary Mapping Report (see note below. The ' indicates corresponding REG is set)
+--------------+----------------------------+--------+--------+--------+--------+--------+------+------+------+------+-------+------+------+
|Module Name   | DSP Mapping                | A Size | B Size | C Size | D Size | P Size | AREG | BREG | CREG | DREG | ADREG | MREG | PREG | 
+--------------+----------------------------+--------+--------+--------+--------+--------+------+------+------+------+-------+------+------+
|fdpe          | (C:0xffffffffff80)+(D-A)*B | 16     | 9      | 8      | 17     | 25     | 0    | 0    | 0    | 0    | 0     | 0    | 0    | 
|fdpe          | (C:0x80)+(D-A)*B           | 16     | 9      | 9      | 17     | 25     | 0    | 0    | 0    | 0    | 0     | 0    | 0    | 
|fdpe          | (D-A)*B                    | 16     | 9      | -      | 17     | 26     | 0    | 0    | -    | 0    | 0     | 0    | 0    | 
|fdpe          | (C:0x7fff)+A*B             | 16     | 16     | 15     | -      | 32     | 0    | 0    | 0    | -    | -     | 0    | 0    | 
|skag_mem_bram | A*B                        | 16     | 16     | -      | -      | 32     | 0    | 0    | -    | -    | -     | 0    | 0    | 
|skag_mem_bram | A*B                        | 16     | 16     | -      | -      | 32     | 0    | 0    | -    | -    | -     | 0    | 0    | 
+--------------+----------------------------+--------+--------+--------+--------+--------+------+------+------+------+-------+------+------+

Note: The table above is a preliminary report that shows the DSPs inferred at the current stage of the synthesis flow. Some DSP may be reimplemented as non DSP primitives later in the synthesis flow. Multiple instantiated DSPs are reported only once.
---------------------------------------------------------------------------------
Finished ROM, RAM, DSP, Shift Register and Retiming Reporting
---------------------------------------------------------------------------------
---------------------------------------------------------------------------------
Start Applying XDC Timing Constraints
---------------------------------------------------------------------------------
---------------------------------------------------------------------------------
Finished Applying XDC Timing Constraints : Time (s): cpu = 00:00:22 ; elapsed = 00:00:22 . Memory (MB): peak = 2286.070 ; gain = 779.367 ; free physical = 4027 ; free virtual = 14557
---------------------------------------------------------------------------------
---------------------------------------------------------------------------------
Start Timing Optimization
---------------------------------------------------------------------------------
---------------------------------------------------------------------------------
Finished Timing Optimization : Time (s): cpu = 00:00:24 ; elapsed = 00:00:25 . Memory (MB): peak = 2353.133 ; gain = 846.430 ; free physical = 3981 ; free virtual = 14510
---------------------------------------------------------------------------------
---------------------------------------------------------------------------------
Start ROM, RAM, DSP, Shift Register and Retiming Reporting
---------------------------------------------------------------------------------

Block RAM: Final Mapping Report
+---------------------------------------------+----------------------------------+------------------------+---+---+------------------------+---+---+------------------+--------+--------+
|Module Name                                  | RTL Object                       | PORT A (Depth x Width) | W | R | PORT B (Depth x Width) | W | R | Ports driving FF | RAMB18 | RAMB36 | 
+---------------------------------------------+----------------------------------+------------------------+---+---+------------------------+---+---+------------------+--------+--------+
|u_skag/fidelity_mem_xpm/xpm_memory_base_inst | gen_wr_a.gen_word_narrow.mem_reg | 4 K x 16(READ_FIRST)   | W | R | 4 K x 16(WRITE_FIRST)  |   | R | Port A and B     | 0      | 2      | 
+---------------------------------------------+----------------------------------+------------------------+---+---+------------------------+---+---+------------------+--------+--------+

---------------------------------------------------------------------------------
Finished ROM, RAM, DSP, Shift Register and Retiming Reporting
---------------------------------------------------------------------------------
---------------------------------------------------------------------------------
Start Technology Mapping
---------------------------------------------------------------------------------
INFO: [Synth 8-7052] The timing for the instance u_skag/fidelity_mem_xpm/xpm_memory_base_inst/gen_wr_a.gen_word_narrow.mem_reg_0 (implemented as a Block RAM) might be sub-optimal as no optional output register could be merged into the ram block. Providing additional output register may help in improving timing.
INFO: [Synth 8-7052] The timing for the instance u_skag/fidelity_mem_xpm/xpm_memory_base_inst/gen_wr_a.gen_word_narrow.mem_reg_1 (implemented as a Block RAM) might be sub-optimal as no optional output register could be merged into the ram block. Providing additional output register may help in improving timing.
INFO: [Synth 8-7052] The timing for the instance u_skag/key_mem_reg_1_0 (implemented as a Block RAM) might be sub-optimal as no optional output register could be merged into the ram block. Providing additional output register may help in improving timing.
INFO: [Synth 8-7052] The timing for the instance u_skag/key_mem_reg_1_1 (implemented as a Block RAM) might be sub-optimal as no optional output register could be merged into the ram block. Providing additional output register may help in improving timing.
INFO: [Synth 8-7052] The timing for the instance u_skag/arrival_mem_reg_1_0 (implemented as a Block RAM) might be sub-optimal as no optional output register could be merged into the ram block. Providing additional output register may help in improving timing.
INFO: [Synth 8-7052] The timing for the instance u_skag/arrival_mem_reg_1_1 (implemented as a Block RAM) might be sub-optimal as no optional output register could be merged into the ram block. Providing additional output register may help in improving timing.
INFO: [Synth 8-7052] The timing for the instance u_skag/qber_mem_reg_1_0 (implemented as a Block RAM) might be sub-optimal as no optional output register could be merged into the ram block. Providing additional output register may help in improving timing.
INFO: [Synth 8-7052] The timing for the instance u_skag/qber_mem_reg_1_1 (implemented as a Block RAM) might be sub-optimal as no optional output register could be merged into the ram block. Providing additional output register may help in improving timing.
---------------------------------------------------------------------------------
Finished Technology Mapping : Time (s): cpu = 00:00:25 ; elapsed = 00:00:25 . Memory (MB): peak = 2353.133 ; gain = 846.430 ; free physical = 3976 ; free virtual = 14515
---------------------------------------------------------------------------------
---------------------------------------------------------------------------------
Start IO Insertion
---------------------------------------------------------------------------------
---------------------------------------------------------------------------------
Start Flattening Before IO Insertion
---------------------------------------------------------------------------------
---------------------------------------------------------------------------------
Finished Flattening Before IO Insertion
---------------------------------------------------------------------------------
---------------------------------------------------------------------------------
Start Final Netlist Cleanup
---------------------------------------------------------------------------------
---------------------------------------------------------------------------------
Finished Final Netlist Cleanup
---------------------------------------------------------------------------------
---------------------------------------------------------------------------------
Finished IO Insertion : Time (s): cpu = 00:00:28 ; elapsed = 00:00:28 . Memory (MB): peak = 2488.945 ; gain = 982.242 ; free physical = 3887 ; free virtual = 14417
---------------------------------------------------------------------------------
---------------------------------------------------------------------------------
Start Renaming Generated Instances
---------------------------------------------------------------------------------
---------------------------------------------------------------------------------
Finished Renaming Generated Instances : Time (s): cpu = 00:00:28 ; elapsed = 00:00:28 . Memory (MB): peak = 2488.945 ; gain = 982.242 ; free physical = 3886 ; free virtual = 14416
---------------------------------------------------------------------------------
---------------------------------------------------------------------------------
Start Rebuilding User Hierarchy
---------------------------------------------------------------------------------
---------------------------------------------------------------------------------
Finished Rebuilding User Hierarchy : Time (s): cpu = 00:00:28 ; elapsed = 00:00:28 . Memory (MB): peak = 2488.945 ; gain = 982.242 ; free physical = 3874 ; free virtual = 14413
---------------------------------------------------------------------------------
---------------------------------------------------------------------------------
Start Renaming Generated Ports
---------------------------------------------------------------------------------
---------------------------------------------------------------------------------
Finished Renaming Generated Ports : Time (s): cpu = 00:00:28 ; elapsed = 00:00:28 . Memory (MB): peak = 2488.945 ; gain = 982.242 ; free physical = 3874 ; free virtual = 14413
---------------------------------------------------------------------------------
---------------------------------------------------------------------------------
Start Handling Custom Attributes
---------------------------------------------------------------------------------
---------------------------------------------------------------------------------
Finished Handling Custom Attributes : Time (s): cpu = 00:00:28 ; elapsed = 00:00:28 . Memory (MB): peak = 2492.914 ; gain = 986.211 ; free physical = 3874 ; free virtual = 14413
---------------------------------------------------------------------------------
---------------------------------------------------------------------------------
Start Renaming Generated Nets
---------------------------------------------------------------------------------
---------------------------------------------------------------------------------
Finished Renaming Generated Nets : Time (s): cpu = 00:00:28 ; elapsed = 00:00:28 . Memory (MB): peak = 2492.914 ; gain = 986.211 ; free physical = 3874 ; free virtual = 14413
---------------------------------------------------------------------------------
---------------------------------------------------------------------------------
Start Writing Synthesis Report
---------------------------------------------------------------------------------

DSP Final Report (the ' indicates corresponding REG is set)
+--------------+-------------+--------+--------+--------+--------+--------+------+------+------+------+-------+------+------+
|Module Name   | DSP Mapping | A Size | B Size | C Size | D Size | P Size | AREG | BREG | CREG | DREG | ADREG | MREG | PREG | 
+--------------+-------------+--------+--------+--------+--------+--------+------+------+------+------+-------+------+------+
|fdpe          | C+D-A*B     | 16     | 8      | 48     | 16     | 25     | 0    | 0    | 0    | 0    | 0     | 0    | 0    | 
|fdpe          | C+D-A*B     | 16     | 8      | 8      | 16     | 25     | 0    | 0    | 0    | 0    | 0     | 0    | 0    | 
|fdpe          | D-A*B       | 16     | 8      | -      | 16     | 26     | 0    | 0    | -    | 0    | 0     | 0    | 0    | 
|fdpe          | C+A*B       | 16     | 16     | 15     | -      | 32     | 0    | 0    | 0    | -    | -     | 0    | 0    | 
|skag_mem_bram | A*B         | 10     | 16     | -      | -      | 32     | 0    | 0    | -    | -    | -     | 0    | 0    | 
+--------------+-------------+--------+--------+--------+--------+--------+------+------+------+------+-------+------+------+


Report BlackBoxes: 
+-+--------------+----------+
| |BlackBox name |Instances |
+-+--------------+----------+
+-+--------------+----------+

Report Cell Usage: 
+------+---------+------+
|      |Cell     |Count |
+------+---------+------+
|1     |BUFG     |     1|
|2     |CARRY4   |   642|
|3     |DSP48E1  |     5|
|7     |LUT1     |   125|
|8     |LUT2     |   625|
|9     |LUT3     |  1573|
|10    |LUT4     |   616|
|11    |LUT5     |   279|
|12    |LUT6     |   235|
|13    |MUXF7    |    17|
|14    |RAMB36E1 |     8|
|16    |FDCE     |   648|
|17    |FDPE     |    35|
|18    |FDRE     |    16|
|19    |IBUF     |   374|
|20    |OBUF     |   303|
+------+---------+------+
---------------------------------------------------------------------------------
Finished Writing Synthesis Report : Time (s): cpu = 00:00:28 ; elapsed = 00:00:28 . Memory (MB): peak = 2492.914 ; gain = 986.211 ; free physical = 3874 ; free virtual = 14413
---------------------------------------------------------------------------------
Synthesis finished with 0 errors, 0 critical warnings and 13 warnings.
Synthesis Optimization Runtime : Time (s): cpu = 00:00:26 ; elapsed = 00:00:27 . Memory (MB): peak = 2492.914 ; gain = 835.461 ; free physical = 3869 ; free virtual = 14408
Synthesis Optimization Complete : Time (s): cpu = 00:00:28 ; elapsed = 00:00:29 . Memory (MB): peak = 2492.922 ; gain = 986.211 ; free physical = 3868 ; free virtual = 14408
INFO: [Project 1-571] Translating synthesized netlist
Netlist sorting complete. Time (s): cpu = 00:00:00.02 ; elapsed = 00:00:00.02 . Memory (MB): peak = 2492.922 ; gain = 0.000 ; free physical = 3911 ; free virtual = 14450
INFO: [Netlist 29-17] Analyzing 672 Unisim elements for replacement
INFO: [Netlist 29-28] Unisim Transformation completed in 0 CPU seconds
INFO: [Project 1-570] Preparing netlist for logic optimization
Parsing XDC File [/media/shahriar-rizvi/Data/CSE/Thesis/from13March/qflow_step1_phase0/xdc/qflow_top_synth.xdc]
CRITICAL WARNING: [Designutils 20-1307] Command 'remove_from_collection' is not supported in the xdc constraint file. [/media/shahriar-rizvi/Data/CSE/Thesis/from13March/qflow_step1_phase0/xdc/qflow_top_synth.xdc:2]
Finished Parsing XDC File [/media/shahriar-rizvi/Data/CSE/Thesis/from13March/qflow_step1_phase0/xdc/qflow_top_synth.xdc]
INFO: [Project 1-1714] 1 XPM XDC files have been applied to the design.
INFO: [Opt 31-138] Pushed 0 inverter(s) to 0 load pin(s).
Netlist sorting complete. Time (s): cpu = 00:00:00 ; elapsed = 00:00:00 . Memory (MB): peak = 2978.059 ; gain = 0.000 ; free physical = 3598 ; free virtual = 14137
INFO: [Project 1-111] Unisim Transformation Summary:
No Unisim elements were transformed.

Synth Design complete | Checksum: 55ed640a
INFO: [Common 17-83] Releasing license: Synthesis
61 Infos, 32 Warnings, 2 Critical Warnings and 0 Errors encountered.
synth_design completed successfully
synth_design: Time (s): cpu = 00:00:41 ; elapsed = 00:00:39 . Memory (MB): peak = 2978.059 ; gain = 1532.824 ; free physical = 3597 ; free virtual = 14136
INFO: [Common 17-2834] synth_design peak Physical Memory [PSS] (MB): overall = 2355.392; main = 2355.392; forked = 324.904
INFO: [Common 17-2834] synth_design peak Virtual Memory [VSS] (MB): overall = 3112.141; main = 2978.062; forked = 918.066
# report_utilization -hierarchical -hierarchical_depth 3 -file $outdir/qflow_top_synth_utilization.rpt
# report_timing_summary -delay_type max -report_unconstrained -check_timing_verbose -max_paths 20 -file $outdir/qflow_top_synth_timing_summary.rpt
INFO: [Timing 38-91] UpdateTimingParams: Speed grade: -1, Delay Type: max.
INFO: [Timing 38-191] Multithreading enabled for timing update using a maximum of 8 CPUs
INFO: [Timing 38-35] Done setting XDC timing constraints.
# write_checkpoint -force $outdir/qflow_top_synth_synth.dcp
INFO: [Timing 38-480] Writing timing data to binary archive.
Write ShapeDB Complete: Time (s): cpu = 00:00:00.07 ; elapsed = 00:00:00.03 . Memory (MB): peak = 3010.074 ; gain = 0.000 ; free physical = 3591 ; free virtual = 14132
INFO: [Common 17-1381] The checkpoint '/media/shahriar-rizvi/Data/CSE/Thesis/from13March/qflow_step1_phase0/results/phase9b/qflow_top_synth_synth.dcp' has been generated.
# close_project
# exit
INFO: [Common 17-206] Exiting Vivado at Sun Mar 15 07:58:26 2026...
