OpenROAD v2.0-19993-ga613c7e53 
Features included (+) or not (-): +GPU +GUI +Python
This program is licensed under the BSD-3 license. See the LICENSE file for details.
Components of this program may be licensed under more restrictive licenses which must be honored.
[INFO ORD-0030] Using 8 thread(s).
Perform port buffering...
[INFO RSZ-0027] Inserted 65 input buffers.
[INFO RSZ-0028] Inserted 20 output buffers.
Perform buffer insertion and gate resizing...
repair_design -verbose -match_cell_footprint
[INFO RSZ-0058] Using max wire length 2154um.
Iteration |   Area    | Resized | Buffers | Nets repaired | Remaining
---------------------------------------------------------------------
        0 |     +0.0% |       0 |       0 |             0 |       818
       10 |     +0.0% |       0 |       0 |             0 |       808
       20 |     +0.0% |       0 |       0 |             0 |       798
       30 |     +0.0% |       0 |       0 |             0 |       788
       40 |     +0.0% |       0 |       0 |             0 |       778
       50 |     +0.0% |       0 |       0 |             0 |       768
       60 |     +0.0% |       0 |       0 |             0 |       758
       70 |     +0.0% |       0 |       0 |             0 |       748
       80 |     +0.0% |       1 |       0 |             0 |       738
       90 |     +0.0% |       1 |       0 |             0 |       728
      100 |     +0.0% |       1 |       0 |             0 |       718
      110 |     +0.0% |       1 |       0 |             0 |       708
      120 |     +0.0% |       1 |       0 |             0 |       698
      130 |     +0.0% |       1 |       0 |             0 |       688
      140 |     +0.0% |       2 |       0 |             0 |       678
      150 |     +0.0% |       2 |       0 |             0 |       668
      160 |     +0.0% |       2 |       0 |             0 |       658
      170 |     +0.0% |       6 |       0 |             0 |       648
      180 |     +0.2% |       7 |       0 |             0 |       638
      190 |     +0.0% |      10 |       0 |             0 |       628
      200 |     +0.0% |      10 |       0 |             0 |       618
      210 |     +0.0% |      10 |       0 |             0 |       608
      220 |     +0.0% |      11 |       0 |             0 |       598
      230 |     +0.0% |      11 |       0 |             0 |       588
      240 |     +0.0% |      11 |       0 |             0 |       578
      250 |     +0.0% |      11 |       0 |             0 |       568
      260 |     +0.0% |      12 |       0 |             0 |       558
      270 |     +0.0% |      12 |       0 |             0 |       548
      280 |     +0.0% |      22 |       0 |             0 |       538
      290 |     +0.0% |      30 |       0 |             0 |       528
      300 |     +0.0% |      32 |       0 |             0 |       518
      310 |     +0.0% |      36 |       0 |             0 |       508
      320 |     +0.0% |      36 |       0 |             0 |       498
      330 |     +0.0% |      37 |       0 |             0 |       488
      340 |     +0.0% |      37 |       0 |             0 |       478
      350 |     +0.0% |      37 |       0 |             0 |       468
      360 |     +0.0% |      37 |       0 |             0 |       458
      370 |     +0.0% |      37 |       0 |             0 |       448
      380 |     +0.0% |      38 |       0 |             0 |       438
      390 |     +0.0% |      38 |       0 |             0 |       428
      400 |     +0.0% |      39 |       0 |             0 |       418
      410 |     +0.0% |      39 |       0 |             0 |       408
      420 |     +0.0% |      39 |       0 |             0 |       398
      430 |     +0.3% |      43 |       0 |             0 |       388
      440 |     +0.3% |      53 |       0 |             0 |       378
      450 |     +0.1% |      54 |       0 |             0 |       368
      460 |     +0.1% |      54 |       0 |             0 |       358
      470 |     +0.1% |      54 |       0 |             0 |       348
      480 |     +0.1% |      59 |       0 |             0 |       338
      490 |     +0.1% |      61 |       0 |             0 |       328
      500 |     +0.1% |      63 |       0 |             0 |       318
      510 |     +0.1% |      63 |       0 |             0 |       308
      520 |     +0.1% |      63 |       0 |             0 |       298
      530 |     +0.1% |      67 |       0 |             0 |       288
      540 |     +0.1% |      71 |       0 |             0 |       278
      550 |     +0.1% |      73 |       0 |             0 |       268
      560 |     +0.1% |      77 |       0 |             0 |       258
      570 |     +0.1% |      81 |       0 |             0 |       248
      580 |     +0.1% |      90 |       0 |             0 |       238
      590 |     +0.1% |      92 |       0 |             0 |       228
      600 |     +0.1% |      92 |       0 |             0 |       218
      610 |     +0.1% |     100 |       0 |             0 |       208
      620 |     +0.1% |     110 |       0 |             0 |       198
      630 |     +0.1% |     112 |       0 |             0 |       188
      640 |     +0.1% |     112 |       0 |             0 |       178
      650 |     +0.2% |     113 |       0 |             0 |       168
      660 |     +0.2% |     114 |       0 |             0 |       158
      670 |     +0.2% |     114 |       0 |             0 |       148
      680 |     +0.2% |     114 |       0 |             0 |       138
      690 |     +0.2% |     114 |       0 |             0 |       128
      700 |     +0.2% |     114 |       0 |             0 |       118
      710 |     +0.2% |     115 |       0 |             0 |       108
      720 |     +0.2% |     115 |       0 |             0 |        98
      730 |     +0.2% |     118 |       0 |             0 |        88
      740 |     +0.2% |     118 |       0 |             0 |        78
      750 |     +0.2% |     118 |       0 |             0 |        68
      760 |     +0.2% |     118 |       0 |             0 |        58
      770 |     +0.2% |     118 |       0 |             0 |        48
      780 |     +0.2% |     118 |       0 |             0 |        38
      790 |     +0.2% |     118 |       0 |             0 |        28
      800 |     +0.2% |     118 |       0 |             0 |        18
      810 |     +0.2% |     118 |       0 |             0 |         8
    final |     +0.2% |     118 |       0 |             0 |         0
---------------------------------------------------------------------
[INFO RSZ-0039] Resized 118 instances.
Repair tie lo fanout...
[INFO RSZ-0042] Inserted 27 tie sky130_fd_sc_hd__conb_1 instances.
Repair tie hi fanout...
Floating nets: 
Report metrics stage 3, resizer...

==========================================================================
resizer report_design_area
--------------------------------------------------------------------------
Design area 6172 u^2 25% utilization.
Instance count before 916, after 1027
Pin count before 1976, after 2198
Elapsed time: 0:01.14[h:]min:sec. CPU time: user 0.82 sys 0.32 (99%). Peak memory: 624392KB.
