OpenROAD v2.0-19993-ga613c7e53 
Features included (+) or not (-): +GPU +GUI +Python
This program is licensed under the BSD-3 license. See the LICENSE file for details.
Components of this program may be licensed under more restrictive licenses which must be honored.
[INFO ORD-0030] Using 8 thread(s).
Placement Analysis
---------------------------------
total displacement       1460.4 u
average displacement        1.4 u
max displacement            6.9 u
original HPWL           13078.1 u
legalized HPWL          14413.5 u
delta HPWL                   10 %

Detailed placement improvement.
Importing netlist into detailed improver.
[INFO DPO-0100] Creating network with 1027 cells, 100 terminals, 843 edges, 2271 pins, and 0 blockages.
[INFO DPO-0109] Network stats: inst 1127, edges 843, pins 2271
[INFO DPO-0110] Number of regions is 1
[INFO DPO-0401] Setting random seed to 1.
[INFO DPO-0402] Setting maximum displacement 5 1 to 13600 2720 units.
[INFO DPO-0320] Collected 430 fixed cells.
[INFO DPO-0318] Collected 697 single height cells.
[INFO DPO-0321] Collected 0 wide cells.
[INFO DPO-0322] Image (20240, 21760) - (179860, 179520)
[INFO DPO-0310] Assigned 697 cells into segments.  Movement in X-direction is 0.000000, movement in Y-direction is 0.000000.
[INFO DPO-0313] Found 0 cells in wrong regions.
[INFO DPO-0315] Found 0 row alignment problems.
[INFO DPO-0314] Found 0 site alignment problems.
[INFO DPO-0311] Found 0 overlaps between adjacent cells.
[INFO DPO-0312] Found 0 edge spacing violations and 0 padding violations.
[INFO DPO-0303] Running algorithm for independent set matching.
[INFO DPO-0300] Set matching objective is wirelength.
[INFO DPO-0301] Pass   1 of matching; objective is 1.444462e+07.
[INFO DPO-0302] End of matching; objective is 1.442254e+07, improvement is 0.15 percent.
[INFO DPO-0303] Running algorithm for global swaps.
[INFO DPO-0306] Pass   1 of global swaps; hpwl is 1.400160e+07.
[INFO DPO-0306] Pass   2 of global swaps; hpwl is 1.394963e+07.
[INFO DPO-0307] End of global swaps; objective is 1.394963e+07, improvement is 3.28 percent.
[INFO DPO-0303] Running algorithm for vertical swaps.
[INFO DPO-0308] Pass   1 of vertical swaps; hpwl is 1.389112e+07.
[INFO DPO-0309] End of vertical swaps; objective is 1.389112e+07, improvement is 0.42 percent.
[INFO DPO-0303] Running algorithm for reordering.
[INFO DPO-0304] Pass   1 of reordering; objective is 1.385592e+07.
[INFO DPO-0305] End of reordering; objective is 1.385592e+07, improvement is 0.25 percent.
[INFO DPO-0303] Running algorithm for random improvement.
[INFO DPO-0324] Random improver is using displacement generator.
[INFO DPO-0325] Random improver is using hpwl objective.
[INFO DPO-0326] Random improver cost string is (a).
[INFO DPO-0332] End of pass, Generator displacement called 13940 times.
[INFO DPO-0335] Generator displacement, Cumulative attempts 13940, swaps 2497, moves  3596 since last reset.
[INFO DPO-0333] End of pass, Objective hpwl, Initial cost 1.360942e+07, Scratch cost 1.336001e+07, Incremental cost 1.335829e+07, Mismatch? Y
[INFO DPO-0338] End of pass, Total cost is 1.336001e+07.
[INFO DPO-0327] Pass   1 of random improver; improvement in cost is 1.85 percent.
[INFO DPO-0332] End of pass, Generator displacement called 13940 times.
[INFO DPO-0335] Generator displacement, Cumulative attempts 27880, swaps 5008, moves  7155 since last reset.
[INFO DPO-0333] End of pass, Objective hpwl, Initial cost 1.336001e+07, Scratch cost 1.329277e+07, Incremental cost 1.328329e+07, Mismatch? Y
[INFO DPO-0338] End of pass, Total cost is 1.329277e+07.
[INFO DPO-0327] Pass   2 of random improver; improvement in cost is 0.57 percent.
[INFO DPO-0328] End of random improver; improvement is 2.326643 percent.
[INFO DPO-0380] Cell flipping.
[INFO DPO-0382] Changed 0 cell orientations for row compatibility.
[INFO DPO-0383] Performed 166 cell flips.
[INFO DPO-0384] End of flipping; objective is 1.334353e+07, improvement is 1.44 percent.
[INFO DPO-0313] Found 0 cells in wrong regions.
[INFO DPO-0315] Found 0 row alignment problems.
[INFO DPO-0314] Found 0 site alignment problems.
[INFO DPO-0311] Found 0 overlaps between adjacent cells.
[INFO DPO-0312] Found 0 edge spacing violations and 0 padding violations.
Detailed Improvement Results
------------------------------------------
Original HPWL            14413.5 u
Final HPWL               13314.2 u
Delta HPWL                  -7.6 %

[INFO DPL-0020] Mirrored 27 instances
[INFO DPL-0021] HPWL before           13314.2 u
[INFO DPL-0022] HPWL after            13305.3 u
[INFO DPL-0023] HPWL delta               -0.1 %
[INFO FLW-0012] Placement violations .
Report metrics stage 3, detailed place...

==========================================================================
detailed place report_design_area
--------------------------------------------------------------------------
Design area 6172 u^2 25% utilization.
Elapsed time: 0:00.81[h:]min:sec. CPU time: user 0.77 sys 0.04 (99%). Peak memory: 138248KB.
