OpenROAD v2.0-19993-ga613c7e53 
Features included (+) or not (-): +GPU +GUI +Python
This program is licensed under the BSD-3 license. See the LICENSE file for details.
Components of this program may be licensed under more restrictive licenses which must be honored.
[INFO ORD-0030] Using 8 thread(s).
[INFO DRT-0149] Reading tech and libs.
[WARNING DRT-0349] LEF58_ENCLOSURE with no CUTCLASS is not supported. Skipping for layer mcon
[WARNING DRT-0349] LEF58_ENCLOSURE with no CUTCLASS is not supported. Skipping for layer mcon
[WARNING DRT-0349] LEF58_ENCLOSURE with no CUTCLASS is not supported. Skipping for layer via
[WARNING DRT-0349] LEF58_ENCLOSURE with no CUTCLASS is not supported. Skipping for layer via
[WARNING DRT-0349] LEF58_ENCLOSURE with no CUTCLASS is not supported. Skipping for layer via2
[WARNING DRT-0349] LEF58_ENCLOSURE with no CUTCLASS is not supported. Skipping for layer via2
[WARNING DRT-0349] LEF58_ENCLOSURE with no CUTCLASS is not supported. Skipping for layer via3
[WARNING DRT-0349] LEF58_ENCLOSURE with no CUTCLASS is not supported. Skipping for layer via3
[WARNING DRT-0349] LEF58_ENCLOSURE with no CUTCLASS is not supported. Skipping for layer via4
[WARNING DRT-0349] LEF58_ENCLOSURE with no CUTCLASS is not supported. Skipping for layer via4

Units:                1000
Number of layers:     13
Number of macros:     441
Number of vias:       29
Number of viarulegen: 25

[INFO DRT-0150] Reading design.

Design:                   skag_weight_w1_shiftadd
Die area:                 ( 0 0 ) ( 200000 200000 )
Number of track patterns: 12
Number of DEF vias:       0
Number of components:     1043
Number of terminals:      100
Number of snets:          2
Number of nets:           852

[INFO DRT-0167] List of default vias:
  Layer via
    default via: M1M2_PR
  Layer via2
    default via: M2M3_PR
  Layer via3
    default via: M3M4_PR
  Layer via4
    default via: M4M5_PR
[INFO DRT-0162] Library cell analysis.
[INFO DRT-0163] Instance analysis.
[INFO DRT-0164] Number of unique instances = 91.
[INFO DRT-0168] Init region query.
[INFO DRT-0024]   Complete FR_MASTERSLICE.
[INFO DRT-0024]   Complete Fr_VIA.
[INFO DRT-0024]   Complete li1.
[INFO DRT-0024]   Complete mcon.
[INFO DRT-0024]   Complete met1.
[INFO DRT-0024]   Complete via.
[INFO DRT-0024]   Complete met2.
[INFO DRT-0024]   Complete via2.
[INFO DRT-0024]   Complete met3.
[INFO DRT-0024]   Complete via3.
[INFO DRT-0024]   Complete met4.
[INFO DRT-0024]   Complete via4.
[INFO DRT-0024]   Complete met5.
[INFO DRT-0033] FR_MASTERSLICE shape region query size = 0.
[INFO DRT-0033] FR_VIA shape region query size = 0.
[INFO DRT-0033] li1 shape region query size = 20754.
[INFO DRT-0033] mcon shape region query size = 11899.
[INFO DRT-0033] met1 shape region query size = 3937.
[INFO DRT-0033] via shape region query size = 1625.
[INFO DRT-0033] met2 shape region query size = 1039.
[INFO DRT-0033] via2 shape region query size = 1300.
[INFO DRT-0033] met3 shape region query size = 1011.
[INFO DRT-0033] via3 shape region query size = 1300.
[INFO DRT-0033] met4 shape region query size = 397.
[INFO DRT-0033] via4 shape region query size = 61.
[INFO DRT-0033] met5 shape region query size = 72.
[INFO DRT-0165] Start pin access.
[INFO DRT-0078]   Complete 688 pins.
[INFO DRT-0081]   Complete 91 unique inst patterns.
[INFO DRT-0084]   Complete 445 groups.
#scanned instances     = 1043
#unique  instances     = 91
#stdCellGenAp          = 3109
#stdCellValidPlanarAp  = 26
#stdCellValidViaAp     = 2021
#stdCellPinNoAp        = 6
#stdCellPinCnt         = 2196
#instTermValidViaApCnt = 0
#macroGenAp            = 0
#macroValidPlanarAp    = 0
#macroValidViaAp       = 0
#macroNoAp             = 0
[INFO DRT-0166] Complete pin access.
[INFO DRT-0267] cpu time = 00:01:10, elapsed time = 00:00:15, memory = 140.05 (MB), peak = 139.27 (MB)
global_route -congestion_report_file ./reports/sky130hd/qflow_skag_w1/base/congestion.rpt -congestion_iterations 30 -congestion_report_iter_step 5 -verbose
[INFO GRT-0020] Min routing layer: met1
[INFO GRT-0021] Max routing layer: met5
[INFO GRT-0022] Global adjustment: 0%
[INFO GRT-0023] Grid origin: (0, 0)
[INFO GRT-0043] No OR_DEFAULT vias defined.
[INFO GRT-0088] Layer li1     Track-Pitch = 0.4600  line-2-Via Pitch: 0.3400
[INFO GRT-0088] Layer met1    Track-Pitch = 0.3400  line-2-Via Pitch: 0.3400
[INFO GRT-0088] Layer met2    Track-Pitch = 0.4600  line-2-Via Pitch: 0.3500
[INFO GRT-0088] Layer met3    Track-Pitch = 0.6800  line-2-Via Pitch: 0.6150
[INFO GRT-0088] Layer met4    Track-Pitch = 0.9200  line-2-Via Pitch: 1.0400
[INFO GRT-0088] Layer met5    Track-Pitch = 3.4000  line-2-Via Pitch: 3.1100
[INFO GRT-0003] Macros: 0
[INFO GRT-0043] No OR_DEFAULT vias defined.
[INFO GRT-0004] Blockages: 1635
[INFO GRT-0019] Found 10 clock nets.
[INFO GRT-0001] Minimum degree: 2
[INFO GRT-0002] Maximum degree: 19

[INFO GRT-0053] Routing resources analysis:
          Routing      Original      Derated      Resource
Layer     Direction    Resources     Resources    Reduction (%)
---------------------------------------------------------------
li1        Vertical            0             0          0.00%
met1       Horizontal      16240          9532          41.31%
met2       Vertical        12152          8334          31.42%
met3       Horizontal       8120          5922          27.07%
met4       Vertical         4928          2960          39.94%
met5       Horizontal       1624           810          50.12%
---------------------------------------------------------------

[INFO GRT-0101] Running extra iterations to remove overflow.
[INFO GRT-0197] Via related to pin nodes: 3318
[INFO GRT-0198] Via related Steiner nodes: 25
[INFO GRT-0199] Via filling finished.
[INFO GRT-0111] Final number of vias: 4122
[INFO GRT-0112] Final usage 3D: 14462

[INFO GRT-0096] Final congestion report:
Layer         Resource        Demand        Usage (%)    Max H / Max V / Total Overflow
---------------------------------------------------------------------------------------
li1                  0             0            0.00%             0 /  0 /  0
met1              9532           879            9.22%             0 /  0 /  0
met2              8334          1081           12.97%             0 /  0 /  0
met3              5922            81            1.37%             0 /  0 /  0
met4              2960            55            1.86%             0 /  0 /  0
met5               810             0            0.00%             0 /  0 /  0
---------------------------------------------------------------------------------------
Total            27558          2096            7.61%             0 /  0 /  0

[INFO GRT-0018] Total wirelength: 23501 um
[INFO GRT-0014] Routed nets: 840
Perform buffer insertion and gate resizing...
repair_design -verbose
[INFO RSZ-0058] Using max wire length 2154um.
Iteration |   Area    | Resized | Buffers | Nets repaired | Remaining
---------------------------------------------------------------------
        0 |     +0.0% |       0 |       0 |             0 |       886
       10 |     +0.0% |       0 |       0 |             0 |       876
       20 |     +0.0% |       0 |       0 |             0 |       866
       30 |     +0.0% |       0 |       0 |             0 |       856
       40 |     +0.0% |       0 |       0 |             0 |       846
       50 |     +0.0% |       0 |       0 |             0 |       836
       60 |     +0.0% |       0 |       0 |             0 |       826
       70 |     +0.0% |       0 |       0 |             0 |       816
       80 |     +0.0% |       0 |       0 |             0 |       806
       90 |     +0.0% |       0 |       0 |             0 |       796
      100 |     +0.0% |       0 |       0 |             0 |       786
      110 |     +0.0% |       0 |       0 |             0 |       776
      120 |     +0.0% |       0 |       0 |             0 |       766
      130 |     +0.0% |       0 |       0 |             0 |       756
      140 |     +0.0% |       0 |       0 |             0 |       746
      150 |     +0.0% |       0 |       0 |             0 |       736
      160 |     +0.0% |       0 |       0 |             0 |       726
      170 |     +0.0% |       0 |       0 |             0 |       716
      180 |     +0.0% |       0 |       0 |             0 |       706
      190 |     +0.0% |       0 |       0 |             0 |       696
      200 |     +0.0% |       0 |       0 |             0 |       686
      210 |     +0.0% |       0 |       0 |             0 |       676
      220 |     +0.0% |       0 |       0 |             0 |       666
      230 |     +0.0% |       0 |       0 |             0 |       656
      240 |     +0.0% |       0 |       0 |             0 |       646
      250 |     +0.0% |       0 |       0 |             0 |       636
      260 |     +0.0% |       0 |       0 |             0 |       626
      270 |     +0.0% |       0 |       0 |             0 |       616
      280 |     +0.0% |       0 |       0 |             0 |       606
      290 |     +0.0% |       0 |       0 |             0 |       596
      300 |     +0.0% |       0 |       0 |             0 |       586
      310 |     +0.0% |       0 |       0 |             0 |       576
      320 |     +0.0% |       0 |       0 |             0 |       566
      330 |     +0.0% |       0 |       0 |             0 |       556
      340 |     +0.0% |       0 |       0 |             0 |       546
      350 |     +0.0% |       0 |       0 |             0 |       536
      360 |     +0.0% |       0 |       0 |             0 |       526
      370 |     +0.0% |       0 |       0 |             0 |       516
      380 |     +0.0% |       0 |       0 |             0 |       506
      390 |     +0.0% |       0 |       0 |             0 |       496
      400 |     +0.0% |       0 |       0 |             0 |       486
      410 |     +0.0% |       0 |       0 |             0 |       476
      420 |     +0.0% |       0 |       0 |             0 |       466
      430 |     +0.0% |       0 |       0 |             0 |       456
      440 |     +0.0% |       0 |       0 |             0 |       446
      450 |     +0.0% |       0 |       0 |             0 |       436
      460 |     +0.0% |       0 |       0 |             0 |       426
      470 |     +0.0% |       0 |       0 |             0 |       416
      480 |     +0.0% |       0 |       0 |             0 |       406
      490 |     +0.0% |       0 |       0 |             0 |       396
      500 |     +0.0% |       0 |       0 |             0 |       386
      510 |     +0.0% |       0 |       0 |             0 |       376
      520 |     +0.0% |       0 |       0 |             0 |       366
      530 |     +0.0% |       0 |       0 |             0 |       356
      540 |     +0.0% |       0 |       0 |             0 |       346
      550 |     +0.0% |       0 |       0 |             0 |       336
      560 |     +0.0% |       0 |       0 |             0 |       326
      570 |     +0.0% |       0 |       0 |             0 |       316
      580 |     +0.0% |       0 |       0 |             0 |       306
      590 |     +0.0% |       0 |       0 |             0 |       296
      600 |     +0.0% |       0 |       0 |             0 |       286
      610 |     +0.0% |       0 |       0 |             0 |       276
      620 |     +0.0% |       0 |       0 |             0 |       266
      630 |     +0.0% |       0 |       0 |             0 |       256
      640 |     +0.0% |       0 |       0 |             0 |       246
      650 |     +0.0% |       0 |       0 |             0 |       236
      660 |     +0.0% |       0 |       0 |             0 |       226
      670 |     +0.0% |       0 |       0 |             0 |       216
      680 |     +0.0% |       0 |       0 |             0 |       206
      690 |     +0.0% |       0 |       0 |             0 |       196
      700 |     +0.0% |       0 |       0 |             0 |       186
      710 |     +0.0% |       0 |       0 |             0 |       176
      720 |     +0.0% |       0 |       0 |             0 |       166
      730 |     +0.0% |       0 |       0 |             0 |       156
      740 |     +0.0% |       0 |       0 |             0 |       146
      750 |     +0.0% |       0 |       0 |             0 |       136
      760 |     +0.0% |       0 |       0 |             0 |       126
      770 |     +0.0% |       0 |       0 |             0 |       116
      780 |     +0.0% |       0 |       0 |             0 |       106
      790 |     +0.0% |       0 |       0 |             0 |        96
      800 |     +0.0% |       0 |       0 |             0 |        86
      810 |     +0.0% |       0 |       0 |             0 |        76
      820 |     +0.0% |       0 |       0 |             0 |        66
      830 |     +0.0% |       0 |       0 |             0 |        56
      840 |     +0.0% |       0 |       0 |             0 |        46
      850 |     +0.0% |       0 |       0 |             0 |        36
      860 |     +0.0% |       0 |       0 |             0 |        26
      870 |     +0.0% |       0 |       0 |             0 |        16
      880 |     +0.0% |       0 |       0 |             0 |         6
    final |     +0.0% |       0 |       0 |             0 |         0
---------------------------------------------------------------------
global_route -start_incremental
detailed_placement
Placement Analysis
---------------------------------
total displacement          0.0 u
average displacement        0.0 u
max displacement            0.0 u
original HPWL           14059.5 u
legalized HPWL          14059.5 u
delta HPWL                    0 %

global_route -end_incremental -congestion_report_file ./reports/sky130hd/qflow_skag_w1/base/congestion_post_repair_design.rpt
Repair setup and hold violations...
repair_timing -verbose -setup_margin 0 -hold_margin 0 -repair_tns 100
[INFO RSZ-0098] No setup violations found
[INFO RSZ-0033] No hold violations found.
global_route -start_incremental
detailed_placement
Placement Analysis
---------------------------------
total displacement          0.0 u
average displacement        0.0 u
max displacement            0.0 u
original HPWL           14059.5 u
legalized HPWL          14059.5 u
delta HPWL                    0 %

global_route -end_incremental -congestion_report_file ./reports/sky130hd/qflow_skag_w1/base/congestion_post_repair_timing.rpt
global_route -start_incremental
global_route -end_incremental -congestion_report_file ./reports/sky130hd/qflow_skag_w1/base/congestion_post_recover_power.rpt
Repair antennas...
[INFO GRT-0012] Found 1 antenna violations.
[INFO GRT-0302] Inserted 1 jumpers for 1 nets.
[INFO GRT-0012] Found 0 antenna violations.
[INFO ANT-0002] Found 0 net violations.
[INFO ANT-0001] Found 0 pin violations.
Estimate parasitics...
Report metrics stage 5, global route...

==========================================================================
global route report_design_area
--------------------------------------------------------------------------
Design area 6451 u^2 26% utilization.
[INFO FLW-0007] clock core_clock period 10.000000
[INFO FLW-0008] Clock core_clock period 3.640
[INFO FLW-0009] Clock core_clock slack 6.169
[INFO FLW-0011] Path endpoint path count 130
Elapsed time: 0:17.28[h:]min:sec. CPU time: user 74.25 sys 0.48 (432%). Peak memory: 708316KB.
