OpenROAD v2.0-19993-ga613c7e53 
Features included (+) or not (-): +GPU +GUI +Python
This program is licensed under the BSD-3 license. See the LICENSE file for details.
Components of this program may be licensed under more restrictive licenses which must be honored.
[INFO ORD-0030] Using 8 thread(s).
detailed_route -output_drc ./reports/sky130hd/qflow_skag_w1/base/5_route_drc.rpt -output_maze ./results/sky130hd/qflow_skag_w1/base/maze.log -bottom_routing_layer met1 -top_routing_layer met5 -droute_end_iter 64 -verbose 1 -drc_report_iter_step 5
[INFO DRT-0149] Reading tech and libs.
[WARNING DRT-0349] LEF58_ENCLOSURE with no CUTCLASS is not supported. Skipping for layer mcon
[WARNING DRT-0349] LEF58_ENCLOSURE with no CUTCLASS is not supported. Skipping for layer mcon
[WARNING DRT-0349] LEF58_ENCLOSURE with no CUTCLASS is not supported. Skipping for layer via
[WARNING DRT-0349] LEF58_ENCLOSURE with no CUTCLASS is not supported. Skipping for layer via
[WARNING DRT-0349] LEF58_ENCLOSURE with no CUTCLASS is not supported. Skipping for layer via2
[WARNING DRT-0349] LEF58_ENCLOSURE with no CUTCLASS is not supported. Skipping for layer via2
[WARNING DRT-0349] LEF58_ENCLOSURE with no CUTCLASS is not supported. Skipping for layer via3
[WARNING DRT-0349] LEF58_ENCLOSURE with no CUTCLASS is not supported. Skipping for layer via3
[WARNING DRT-0349] LEF58_ENCLOSURE with no CUTCLASS is not supported. Skipping for layer via4
[WARNING DRT-0349] LEF58_ENCLOSURE with no CUTCLASS is not supported. Skipping for layer via4

Units:                1000
Number of layers:     13
Number of macros:     441
Number of vias:       29
Number of viarulegen: 25

[INFO DRT-0150] Reading design.

Design:                   skag_weight_w1_shiftadd
Die area:                 ( 0 0 ) ( 200000 200000 )
Number of track patterns: 12
Number of DEF vias:       0
Number of components:     1043
Number of terminals:      100
Number of snets:          2
Number of nets:           852

[INFO DRT-0167] List of default vias:
  Layer via
    default via: M1M2_PR
  Layer via2
    default via: M2M3_PR
  Layer via3
    default via: M3M4_PR
  Layer via4
    default via: M4M5_PR
[INFO DRT-0162] Library cell analysis.
[INFO DRT-0163] Instance analysis.
[INFO DRT-0164] Number of unique instances = 91.
[INFO DRT-0168] Init region query.
[INFO DRT-0024]   Complete FR_MASTERSLICE.
[INFO DRT-0024]   Complete Fr_VIA.
[INFO DRT-0024]   Complete li1.
[INFO DRT-0024]   Complete mcon.
[INFO DRT-0024]   Complete met1.
[INFO DRT-0024]   Complete via.
[INFO DRT-0024]   Complete met2.
[INFO DRT-0024]   Complete via2.
[INFO DRT-0024]   Complete met3.
[INFO DRT-0024]   Complete via3.
[INFO DRT-0024]   Complete met4.
[INFO DRT-0024]   Complete via4.
[INFO DRT-0024]   Complete met5.
[INFO DRT-0033] FR_MASTERSLICE shape region query size = 0.
[INFO DRT-0033] FR_VIA shape region query size = 0.
[INFO DRT-0033] li1 shape region query size = 20754.
[INFO DRT-0033] mcon shape region query size = 11899.
[INFO DRT-0033] met1 shape region query size = 3937.
[INFO DRT-0033] via shape region query size = 1625.
[INFO DRT-0033] met2 shape region query size = 1039.
[INFO DRT-0033] via2 shape region query size = 1300.
[INFO DRT-0033] met3 shape region query size = 1011.
[INFO DRT-0033] via3 shape region query size = 1300.
[INFO DRT-0033] met4 shape region query size = 397.
[INFO DRT-0033] via4 shape region query size = 61.
[INFO DRT-0033] met5 shape region query size = 72.
[INFO DRT-0165] Start pin access.
[INFO DRT-0078]   Complete 688 pins.
[INFO DRT-0081]   Complete 91 unique inst patterns.
[INFO DRT-0084]   Complete 445 groups.
#scanned instances     = 1043
#unique  instances     = 91
#stdCellGenAp          = 3109
#stdCellValidPlanarAp  = 26
#stdCellValidViaAp     = 2021
#stdCellPinNoAp        = 6
#stdCellPinCnt         = 2196
#instTermValidViaApCnt = 0
#macroGenAp            = 0
#macroValidPlanarAp    = 0
#macroValidViaAp       = 0
#macroNoAp             = 0
[INFO DRT-0166] Complete pin access.
[INFO DRT-0267] cpu time = 00:01:10, elapsed time = 00:00:15, memory = 198.01 (MB), peak = 197.20 (MB)

[INFO DRT-0157] Number of guides:     4495

[INFO DRT-0169] Post process guides.
[INFO DRT-0176] GCELLGRID X 0 DO 28 STEP 6900 ;
[INFO DRT-0177] GCELLGRID Y 0 DO 28 STEP 6900 ;
[INFO DRT-0028]   Complete FR_MASTERSLICE.
[INFO DRT-0028]   Complete Fr_VIA.
[INFO DRT-0028]   Complete li1.
[INFO DRT-0028]   Complete mcon.
[INFO DRT-0028]   Complete met1.
[INFO DRT-0028]   Complete via.
[INFO DRT-0028]   Complete met2.
[INFO DRT-0028]   Complete via2.
[INFO DRT-0028]   Complete met3.
[INFO DRT-0028]   Complete via3.
[INFO DRT-0028]   Complete met4.
[INFO DRT-0028]   Complete via4.
[INFO DRT-0028]   Complete met5.
[INFO DRT-0178] Init guide query.
[INFO DRT-0035]   Complete FR_MASTERSLICE (guide).
[INFO DRT-0035]   Complete Fr_VIA (guide).
[INFO DRT-0035]   Complete li1 (guide).
[INFO DRT-0035]   Complete mcon (guide).
[INFO DRT-0035]   Complete met1 (guide).
[INFO DRT-0035]   Complete via (guide).
[INFO DRT-0035]   Complete met2 (guide).
[INFO DRT-0035]   Complete via2 (guide).
[INFO DRT-0035]   Complete met3 (guide).
[INFO DRT-0035]   Complete via3 (guide).
[INFO DRT-0035]   Complete met4 (guide).
[INFO DRT-0035]   Complete via4 (guide).
[INFO DRT-0035]   Complete met5 (guide).
[INFO DRT-0036] FR_MASTERSLICE guide region query size = 0.
[INFO DRT-0036] FR_VIA guide region query size = 0.
[INFO DRT-0036] li1 guide region query size = 1677.
[INFO DRT-0036] mcon guide region query size = 0.
[INFO DRT-0036] met1 guide region query size = 1306.
[INFO DRT-0036] via guide region query size = 0.
[INFO DRT-0036] met2 guide region query size = 632.
[INFO DRT-0036] via2 guide region query size = 0.
[INFO DRT-0036] met3 guide region query size = 62.
[INFO DRT-0036] via3 guide region query size = 0.
[INFO DRT-0036] met4 guide region query size = 16.
[INFO DRT-0036] via4 guide region query size = 0.
[INFO DRT-0036] met5 guide region query size = 1.
[INFO DRT-0179] Init gr pin query.
[INFO DRT-0267] cpu time = 00:00:00, elapsed time = 00:00:00, memory = 199.35 (MB), peak = 198.45 (MB)
[INFO DRT-0245] skipped writing guide updates to database.
[INFO DRT-0185] Post process initialize RPin region query.
[INFO DRT-0181] Start track assignment.
[INFO DRT-0184] Done with 2325 vertical wires in 1 frboxes and 1369 horizontal wires in 1 frboxes.
[INFO DRT-0186] Done with 180 vertical wires in 1 frboxes and 313 horizontal wires in 1 frboxes.
[INFO DRT-0182] Complete track assignment.
[INFO DRT-0267] cpu time = 00:00:01, elapsed time = 00:00:00, memory = 213.61 (MB), peak = 212.70 (MB)
[INFO DRT-0187] Start routing data preparation.
[INFO DRT-0267] cpu time = 00:00:00, elapsed time = 00:00:00, memory = 213.99 (MB), peak = 213.23 (MB)
[INFO DRT-0194] Start detail routing.
[INFO DRT-0195] Start 0th optimization iteration.
    Completing 10% with 0 violations.
    elapsed time = 00:00:00, memory = 253.37 (MB).
    Completing 20% with 0 violations.
    elapsed time = 00:00:01, memory = 239.20 (MB).
    Completing 30% with 13 violations.
    elapsed time = 00:00:01, memory = 239.55 (MB).
    Completing 40% with 13 violations.
    elapsed time = 00:00:01, memory = 277.06 (MB).
    Completing 50% with 13 violations.
    elapsed time = 00:00:02, memory = 289.09 (MB).
    Completing 60% with 34 violations.
    elapsed time = 00:00:02, memory = 326.48 (MB).
    Completing 70% with 34 violations.
    elapsed time = 00:00:04, memory = 327.83 (MB).
    Completing 80% with 84 violations.
    elapsed time = 00:00:04, memory = 327.83 (MB).
    Completing 90% with 84 violations.
    elapsed time = 00:00:04, memory = 354.16 (MB).
    Completing 100% with 116 violations.
    elapsed time = 00:00:05, memory = 327.83 (MB).
[INFO DRT-0199]   Number of violations = 131.
Viol/Layer        met1   met2
Metal Spacing       18     10
Recheck              9      6
Short               71     17
[INFO DRT-0267] cpu time = 00:00:08, elapsed time = 00:00:06, memory = 671.32 (MB), peak = 670.43 (MB)
Total wire length = 15397 um.
Total wire length on LAYER li1 = 0 um.
Total wire length on LAYER met1 = 6569 um.
Total wire length on LAYER met2 = 7709 um.
Total wire length on LAYER met3 = 802 um.
Total wire length on LAYER met4 = 303 um.
Total wire length on LAYER met5 = 11 um.
Total number of vias = 4223.
Up-via summary (total 4223):

-----------------------
 FR_MASTERSLICE       0
            li1    2150
           met1    1989
           met2      63
           met3      19
           met4       2
-----------------------
               4223


[INFO DRT-0195] Start 1st optimization iteration.
    Completing 10% with 131 violations.
    elapsed time = 00:00:00, memory = 671.32 (MB).
    Completing 20% with 131 violations.
    elapsed time = 00:00:00, memory = 677.80 (MB).
    Completing 30% with 131 violations.
    elapsed time = 00:00:00, memory = 684.06 (MB).
    Completing 40% with 144 violations.
    elapsed time = 00:00:01, memory = 687.43 (MB).
    Completing 50% with 144 violations.
    elapsed time = 00:00:01, memory = 723.68 (MB).
    Completing 60% with 144 violations.
    elapsed time = 00:00:02, memory = 742.32 (MB).
    Completing 70% with 121 violations.
    elapsed time = 00:00:02, memory = 742.32 (MB).
    Completing 80% with 121 violations.
    elapsed time = 00:00:02, memory = 765.84 (MB).
    Completing 90% with 76 violations.
    elapsed time = 00:00:04, memory = 783.71 (MB).
    Completing 100% with 56 violations.
    elapsed time = 00:00:05, memory = 789.95 (MB).
[INFO DRT-0199]   Number of violations = 56.
Viol/Layer        met1   met2
Metal Spacing       13      7
Short               36      0
[INFO DRT-0267] cpu time = 00:00:08, elapsed time = 00:00:05, memory = 790.07 (MB), peak = 788.81 (MB)
Total wire length = 15220 um.
Total wire length on LAYER li1 = 0 um.
Total wire length on LAYER met1 = 6545 um.
Total wire length on LAYER met2 = 7609 um.
Total wire length on LAYER met3 = 750 um.
Total wire length on LAYER met4 = 301 um.
Total wire length on LAYER met5 = 13 um.
Total number of vias = 4157.
Up-via summary (total 4157):

-----------------------
 FR_MASTERSLICE       0
            li1    2148
           met1    1927
           met2      60
           met3      20
           met4       2
-----------------------
               4157


[INFO DRT-0195] Start 2nd optimization iteration.
    Completing 10% with 56 violations.
    elapsed time = 00:00:00, memory = 790.07 (MB).
    Completing 20% with 56 violations.
    elapsed time = 00:00:00, memory = 790.07 (MB).
    Completing 30% with 56 violations.
    elapsed time = 00:00:00, memory = 790.07 (MB).
    Completing 40% with 68 violations.
    elapsed time = 00:00:02, memory = 792.46 (MB).
    Completing 50% with 68 violations.
    elapsed time = 00:00:02, memory = 792.46 (MB).
    Completing 60% with 68 violations.
    elapsed time = 00:00:03, memory = 828.66 (MB).
    Completing 70% with 33 violations.
    elapsed time = 00:00:03, memory = 828.66 (MB).
    Completing 80% with 33 violations.
    elapsed time = 00:00:03, memory = 828.66 (MB).
    Completing 90% with 33 violations.
    elapsed time = 00:00:04, memory = 828.66 (MB).
    Completing 100% with 29 violations.
    elapsed time = 00:00:04, memory = 830.60 (MB).
[INFO DRT-0199]   Number of violations = 29.
Viol/Layer        met1   met2
Metal Spacing        5      3
Short               21      0
[INFO DRT-0267] cpu time = 00:00:07, elapsed time = 00:00:05, memory = 830.60 (MB), peak = 829.32 (MB)
Total wire length = 15249 um.
Total wire length on LAYER li1 = 0 um.
Total wire length on LAYER met1 = 6554 um.
Total wire length on LAYER met2 = 7602 um.
Total wire length on LAYER met3 = 782 um.
Total wire length on LAYER met4 = 301 um.
Total wire length on LAYER met5 = 8 um.
Total number of vias = 4165.
Up-via summary (total 4165):

-----------------------
 FR_MASTERSLICE       0
            li1    2149
           met1    1926
           met2      68
           met3      20
           met4       2
-----------------------
               4165


[INFO DRT-0195] Start 3rd optimization iteration.
    Completing 10% with 29 violations.
    elapsed time = 00:00:00, memory = 830.60 (MB).
    Completing 20% with 29 violations.
    elapsed time = 00:00:00, memory = 859.05 (MB).
    Completing 30% with 27 violations.
    elapsed time = 00:00:00, memory = 859.05 (MB).
    Completing 40% with 27 violations.
    elapsed time = 00:00:00, memory = 859.05 (MB).
    Completing 50% with 27 violations.
    elapsed time = 00:00:00, memory = 859.05 (MB).
    Completing 60% with 27 violations.
    elapsed time = 00:00:00, memory = 859.05 (MB).
    Completing 70% with 27 violations.
    elapsed time = 00:00:02, memory = 859.92 (MB).
    Completing 80% with 26 violations.
    elapsed time = 00:00:02, memory = 859.92 (MB).
    Completing 90% with 26 violations.
    elapsed time = 00:00:02, memory = 859.92 (MB).
    Completing 100% with 10 violations.
    elapsed time = 00:00:03, memory = 866.97 (MB).
[INFO DRT-0199]   Number of violations = 10.
Viol/Layer        met1
Metal Spacing        3
Short                7
[INFO DRT-0267] cpu time = 00:00:04, elapsed time = 00:00:03, memory = 866.97 (MB), peak = 865.88 (MB)
Total wire length = 15259 um.
Total wire length on LAYER li1 = 0 um.
Total wire length on LAYER met1 = 6523 um.
Total wire length on LAYER met2 = 7610 um.
Total wire length on LAYER met3 = 808 um.
Total wire length on LAYER met4 = 310 um.
Total wire length on LAYER met5 = 8 um.
Total number of vias = 4187.
Up-via summary (total 4187):

-----------------------
 FR_MASTERSLICE       0
            li1    2149
           met1    1936
           met2      78
           met3      22
           met4       2
-----------------------
               4187


[INFO DRT-0195] Start 4th stubborn tiles iteration.
    Completing 10% with 10 violations.
    elapsed time = 00:00:05, memory = 1084.77 (MB).
    Completing 20% with 10 violations.
    elapsed time = 00:00:10, memory = 1185.27 (MB).
    Completing 30% with 10 violations.
    elapsed time = 00:00:14, memory = 1225.26 (MB).
    Completing 40% with 10 violations.
    elapsed time = 00:00:18, memory = 1218.76 (MB).
    Completing 50% with 10 violations.
    elapsed time = 00:00:25, memory = 1315.05 (MB).
    Completing 60% with 10 violations.
    elapsed time = 00:00:26, memory = 1326.15 (MB).
    Completing 70% with 10 violations.
    elapsed time = 00:00:32, memory = 1427.38 (MB).
    Completing 80% with 10 violations.
    elapsed time = 00:00:35, memory = 1475.94 (MB).
    Completing 90% with 10 violations.
    elapsed time = 00:00:38, memory = 1426.82 (MB).
    Completing 100% with 0 violations.
    elapsed time = 00:00:47, memory = 1361.79 (MB).
[INFO DRT-0199]   Number of violations = 0.
[INFO DRT-0267] cpu time = 00:05:05, elapsed time = 00:00:47, memory = 1364.66 (MB), peak = 1520.51 (MB)
Total wire length = 15262 um.
Total wire length on LAYER li1 = 0 um.
Total wire length on LAYER met1 = 6503 um.
Total wire length on LAYER met2 = 7621 um.
Total wire length on LAYER met3 = 819 um.
Total wire length on LAYER met4 = 310 um.
Total wire length on LAYER met5 = 8 um.
Total number of vias = 4193.
Up-via summary (total 4193):

-----------------------
 FR_MASTERSLICE       0
            li1    2148
           met1    1938
           met2      83
           met3      22
           met4       2
-----------------------
               4193


[INFO DRT-0198] Complete detail routing.
Total wire length = 15262 um.
Total wire length on LAYER li1 = 0 um.
Total wire length on LAYER met1 = 6503 um.
Total wire length on LAYER met2 = 7621 um.
Total wire length on LAYER met3 = 819 um.
Total wire length on LAYER met4 = 310 um.
Total wire length on LAYER met5 = 8 um.
Total number of vias = 4193.
Up-via summary (total 4193):

-----------------------
 FR_MASTERSLICE       0
            li1    2148
           met1    1938
           met2      83
           met3      22
           met4       2
-----------------------
               4193


[INFO DRT-0267] cpu time = 00:05:35, elapsed time = 00:01:08, memory = 1364.85 (MB), peak = 1520.51 (MB)

[INFO DRT-0180] Post processing.
Took 84 seconds: detailed_route -output_drc ./reports/sky130hd/qflow_skag_w1/base/5_route_drc.rpt -output_maze ./results/sky130hd/qflow_skag_w1/base/maze.log -bottom_routing_layer met1 -top_routing_layer met5 -droute_end_iter 64 -verbose 1 -drc_report_iter_step 5
[INFO GRT-0012] Found 0 antenna violations.
[INFO ANT-0002] Found 0 net violations.
[INFO ANT-0001] Found 0 pin violations.
[INFO ANT-0002] Found 0 net violations.
[INFO ANT-0001] Found 0 pin violations.
Elapsed time: 1:24.83[h:]min:sec. CPU time: user 408.52 sys 1.41 (483%). Peak memory: 1557000KB.
