OpenROAD v2.0-19993-ga613c7e53 
Features included (+) or not (-): +GPU +GUI +Python
This program is licensed under the BSD-3 license. See the LICENSE file for details.
Components of this program may be licensed under more restrictive licenses which must be honored.
[INFO ORD-0030] Using 8 thread(s).
Deleted 0 routing obstructions
[INFO RCX-0431] Defined process_corner X with ext_model_index 0
[INFO RCX-0029] Defined extraction corner X
[INFO RCX-0435] Reading extraction model file /home/shahriar-rizvi/Documents/VLSI/tools/OpenROAD-flow-scripts/flow/platforms/sky130hd/rcx_patterns.rules ...
[INFO RCX-0436] RC segment generation skag_weight_w1_shiftadd (max_merge_res 50.0) ...
[INFO RCX-0040] Final 2179 rc segments
[INFO RCX-0439] Coupling Cap extraction skag_weight_w1_shiftadd ...
[INFO RCX-0440] Coupling threshhold is 0.1000 fF, coupling capacitance less than 0.1000 fF will be grounded.
[INFO RCX-0442] 58% of 4545 wires extracted
[INFO RCX-0442] 100% of 4545 wires extracted
[INFO RCX-0045] Extract 852 nets, 3019 rsegs, 3019 caps, 3894 ccs
[INFO RCX-0443] 852 nets finished
[INFO PSM-0040] All shapes on net VDD are connected.
[INFO PSM-0073] Using bump pattern with x-pitch 140.0000um, y-pitch 140.0000um, and size 70.0000um with an reduction factor of 3x.
########## IR report #################
Net              : VDD
Corner           : default
Supply voltage   : 1.80e+00 V
Worstcase voltage: 1.80e+00 V
Average voltage  : 1.80e+00 V
Average IR drop  : 3.01e-05 V
Worstcase IR drop: 9.62e-05 V
Percentage drop  : 0.01 %
######################################
[INFO PSM-0040] All shapes on net VSS are connected.
[INFO PSM-0073] Using bump pattern with x-pitch 140.0000um, y-pitch 140.0000um, and size 70.0000um with an reduction factor of 3x.
########## IR report #################
Net              : VSS
Corner           : default
Supply voltage   : 0.00e+00 V
Worstcase voltage: 1.37e-04 V
Average voltage  : 4.46e-05 V
Average IR drop  : 4.46e-05 V
Worstcase IR drop: 1.37e-04 V
Percentage drop  : 0.01 %
######################################
Cell type report:                       Count       Area
  Fill cell                              2611   18317.57
  Tap cell                                330     412.90
  Buffer                                   27     150.14
  Clock buffer                              9     225.22
  Timing Repair Buffer                     85     319.06
  Inverter                                 49     183.93
  Clock inverter                            7      53.80
  Sequential cell                         105    2102.02
  Multi-Input combinational cell          431    3417.03
  Total                                  3654   25181.65
Report metrics stage 6, finish...

==========================================================================
finish report_design_area
--------------------------------------------------------------------------
Design area 6451 u^2 26% utilization.
[WARNING GUI-0076] Could not find the Qt platform plugin "wayland" in ""
Elapsed time: 0:02.76[h:]min:sec. CPU time: user 2.66 sys 0.17 (102%). Peak memory: 283404KB.
