
****** Vivado v2024.2 (64-bit)
  **** SW Build 5239630 on Fri Nov 08 22:34:34 MST 2024
  **** IP Build 5239520 on Sun Nov 10 16:12:51 MST 2024
  **** SharedData Build 5239561 on Fri Nov 08 14:39:27 MST 2024
  **** Start of session at: Sat Mar 14 05:08:27 2026
    ** Copyright 1986-2022 Xilinx, Inc. All Rights Reserved.
    ** Copyright 2022-2024 Advanced Micro Devices, Inc. All Rights Reserved.

source tcl/run_ooc_synth.tcl
# set outdir "results/phase8b"
# file mkdir $outdir
# set partname "xc7a200tfbg484-1"
# proc run_ooc {top files outdir partname} {
#     create_project ${top}_ooc $outdir/${top}_proj -part $partname -force
#     # Keep project language as Verilog; SystemVerilog parsing is enabled per file via read_verilog -sv.
#     set_property target_language Verilog [current_project]
#     foreach f $files {
#         read_verilog -sv $f
#     }
#     synth_design -top $top -part $partname -mode out_of_context
#     report_utilization -file $outdir/${top}_utilization.rpt
#     report_timing_summary -file $outdir/${top}_timing_summary.rpt
#     close_project
# }
# run_ooc fdpe [list rtl/fdpe.v] $outdir $partname
Command: synth_design -top fdpe -part xc7a200tfbg484-1 -mode out_of_context
Starting synth_design
Attempting to get a license for feature 'Synthesis' and/or device 'xc7a200t'
INFO: [Common 17-349] Got license for feature 'Synthesis' and/or device 'xc7a200t'
INFO: [Synth 8-7079] Multithreading enabled for synth_design using a maximum of 7 processes.
INFO: [Synth 8-7078] Launching helper process for spawning children vivado processes
INFO: [Synth 8-7075] Helper process launched with PID 532203
---------------------------------------------------------------------------------
Starting Synthesize : Time (s): cpu = 00:00:03 ; elapsed = 00:00:03 . Memory (MB): peak = 1742.066 ; gain = 299.766 ; free physical = 3478 ; free virtual = 15022
---------------------------------------------------------------------------------
INFO: [Synth 8-6157] synthesizing module 'fdpe' [/media/shahriar-rizvi/Data/CSE/Thesis/from13March/qflow_step1_phase0/rtl/fdpe.v:3]
INFO: [Synth 8-251] [FDPE] Loading LUT from results/phase1/exp_lut.hex [/media/shahriar-rizvi/Data/CSE/Thesis/from13March/qflow_step1_phase0/rtl/fdpe.v:26]
INFO: [Synth 8-3876] $readmem data file 'results/phase1/exp_lut.hex' is read successfully [/media/shahriar-rizvi/Data/CSE/Thesis/from13March/qflow_step1_phase0/rtl/fdpe.v:27]
INFO: [Synth 8-6155] done synthesizing module 'fdpe' (0#1) [/media/shahriar-rizvi/Data/CSE/Thesis/from13March/qflow_step1_phase0/rtl/fdpe.v:3]
WARNING: [Synth 8-6014] Unused sequential element div_tmp_reg was removed.  [/media/shahriar-rizvi/Data/CSE/Thesis/from13March/qflow_step1_phase0/rtl/fdpe.v:125]
---------------------------------------------------------------------------------
Finished Synthesize : Time (s): cpu = 00:00:04 ; elapsed = 00:00:04 . Memory (MB): peak = 1812.035 ; gain = 369.734 ; free physical = 3451 ; free virtual = 15013
---------------------------------------------------------------------------------
---------------------------------------------------------------------------------
Finished Constraint Validation : Time (s): cpu = 00:00:04 ; elapsed = 00:00:04 . Memory (MB): peak = 1829.848 ; gain = 387.547 ; free physical = 3451 ; free virtual = 15012
---------------------------------------------------------------------------------
---------------------------------------------------------------------------------
Start Loading Part and Timing Information
---------------------------------------------------------------------------------
Loading part: xc7a200tfbg484-1
---------------------------------------------------------------------------------
INFO: [Device 21-403] Loading part xc7a200tfbg484-1
Finished Loading Part and Timing Information : Time (s): cpu = 00:00:04 ; elapsed = 00:00:04 . Memory (MB): peak = 1837.852 ; gain = 395.551 ; free physical = 3451 ; free virtual = 15012
---------------------------------------------------------------------------------
---------------------------------------------------------------------------------
Finished RTL Optimization Phase 2 : Time (s): cpu = 00:00:04 ; elapsed = 00:00:04 . Memory (MB): peak = 1854.766 ; gain = 412.465 ; free physical = 3422 ; free virtual = 14988
---------------------------------------------------------------------------------
No constraint files found.
---------------------------------------------------------------------------------
Start RTL Component Statistics 
---------------------------------------------------------------------------------
Detailed RTL Component Info : 
+---Adders : 
	   2 Input   18 Bit       Adders := 1     
+---Registers : 
	               16 Bit    Registers := 5     
	                8 Bit    Registers := 4     
	                1 Bit    Registers := 6     
+---Muxes : 
	   2 Input   18 Bit        Muxes := 1     
	   2 Input   16 Bit        Muxes := 6     
	   2 Input    8 Bit        Muxes := 2     
---------------------------------------------------------------------------------
Finished RTL Component Statistics 
---------------------------------------------------------------------------------
---------------------------------------------------------------------------------
Start Part Resource Summary
---------------------------------------------------------------------------------
Part Resources:
DSPs: 740 (col length:100)
BRAMs: 730 (col length: RAMB18 100 RAMB36 50)
---------------------------------------------------------------------------------
Finished Part Resource Summary
---------------------------------------------------------------------------------
No constraint files found.
---------------------------------------------------------------------------------
Start Cross Boundary and Area Optimization
---------------------------------------------------------------------------------
WARNING: [Synth 8-7080] Parallel synthesis criteria is not met
DSP Report: Generating DSP interp_w2, operation Mode is: (C:0xffffffffff80)+(D-A)*B.
DSP Report: operator interp_w2 is absorbed into DSP interp_w2.
DSP Report: operator prod_w is absorbed into DSP interp_w2.
DSP Report: operator diff_w is absorbed into DSP interp_w2.
DSP Report: Generating DSP interp_w2, operation Mode is: (C:0x80)+(D-A)*B.
DSP Report: operator interp_w2 is absorbed into DSP interp_w2.
DSP Report: operator prod_w is absorbed into DSP interp_w2.
DSP Report: operator diff_w is absorbed into DSP interp_w2.
DSP Report: Generating DSP prod_w, operation Mode is: (D-A)*B.
DSP Report: operator prod_w is absorbed into DSP prod_w.
DSP Report: operator diff_w is absorbed into DSP prod_w.
DSP Report: Generating DSP s2_result3, operation Mode is: (C:0x7fff)+A*B.
DSP Report: operator s2_result3 is absorbed into DSP s2_result3.
DSP Report: operator s2_result4 is absorbed into DSP s2_result3.
---------------------------------------------------------------------------------
Finished Cross Boundary and Area Optimization : Time (s): cpu = 00:00:09 ; elapsed = 00:00:10 . Memory (MB): peak = 2021.703 ; gain = 579.402 ; free physical = 3248 ; free virtual = 14825
---------------------------------------------------------------------------------
 Sort Area is  s2_result3_6 : 0 0 : 2041 2041 : Used 1 time 0
 Sort Area is  interp_w2_2 : 0 0 : 1197 1197 : Used 1 time 0
 Sort Area is  interp_w2_4 : 0 0 : 1197 1197 : Used 1 time 0
 Sort Area is  prod_w_0 : 0 0 : 1123 1123 : Used 1 time 0
---------------------------------------------------------------------------------
Start ROM, RAM, DSP, Shift Register and Retiming Reporting
---------------------------------------------------------------------------------

ROM: Preliminary Mapping Report
+------------+------------+---------------+----------------+
|Module Name | RTL Object | Depth x Width | Implemented As | 
+------------+------------+---------------+----------------+
|fdpe        | lut_mem    | 256x16        | LUT            | 
|fdpe        | lut_mem    | 256x16        | LUT            | 
|fdpe        | p_0_out    | 256x16        | LUT            | 
|fdpe        | p_0_out    | 256x16        | LUT            | 
+------------+------------+---------------+----------------+


DSP: Preliminary Mapping Report (see note below. The ' indicates corresponding REG is set)
+------------+----------------------------+--------+--------+--------+--------+--------+------+------+------+------+-------+------+------+
|Module Name | DSP Mapping                | A Size | B Size | C Size | D Size | P Size | AREG | BREG | CREG | DREG | ADREG | MREG | PREG | 
+------------+----------------------------+--------+--------+--------+--------+--------+------+------+------+------+-------+------+------+
|fdpe        | (C:0xffffffffff80)+(D-A)*B | 16     | 9      | 8      | 17     | 25     | 0    | 0    | 0    | 0    | 0     | 0    | 0    | 
|fdpe        | (C:0x80)+(D-A)*B           | 16     | 9      | 9      | 17     | 25     | 0    | 0    | 0    | 0    | 0     | 0    | 0    | 
|fdpe        | (D-A)*B                    | 16     | 9      | -      | 17     | 26     | 0    | 0    | -    | 0    | 0     | 0    | 0    | 
|fdpe        | (C:0x7fff)+A*B             | 16     | 16     | 15     | -      | 32     | 0    | 0    | 0    | -    | -     | 0    | 0    | 
+------------+----------------------------+--------+--------+--------+--------+--------+------+------+------+------+-------+------+------+

Note: The table above is a preliminary report that shows the DSPs inferred at the current stage of the synthesis flow. Some DSP may be reimplemented as non DSP primitives later in the synthesis flow. Multiple instantiated DSPs are reported only once.
---------------------------------------------------------------------------------
Finished ROM, RAM, DSP, Shift Register and Retiming Reporting
---------------------------------------------------------------------------------
No constraint files found.
---------------------------------------------------------------------------------
Start Timing Optimization
---------------------------------------------------------------------------------
---------------------------------------------------------------------------------
Finished Timing Optimization : Time (s): cpu = 00:00:09 ; elapsed = 00:00:10 . Memory (MB): peak = 2021.703 ; gain = 579.402 ; free physical = 3248 ; free virtual = 14829
---------------------------------------------------------------------------------
---------------------------------------------------------------------------------
Start Technology Mapping
---------------------------------------------------------------------------------
---------------------------------------------------------------------------------
Finished Technology Mapping : Time (s): cpu = 00:00:09 ; elapsed = 00:00:10 . Memory (MB): peak = 2021.703 ; gain = 579.402 ; free physical = 3247 ; free virtual = 14829
---------------------------------------------------------------------------------
---------------------------------------------------------------------------------
Start IO Insertion
---------------------------------------------------------------------------------
---------------------------------------------------------------------------------
Start Flattening Before IO Insertion
---------------------------------------------------------------------------------
---------------------------------------------------------------------------------
Finished Flattening Before IO Insertion
---------------------------------------------------------------------------------
---------------------------------------------------------------------------------
Start Final Netlist Cleanup
---------------------------------------------------------------------------------
---------------------------------------------------------------------------------
Finished Final Netlist Cleanup
---------------------------------------------------------------------------------
---------------------------------------------------------------------------------
Finished IO Insertion : Time (s): cpu = 00:00:12 ; elapsed = 00:00:12 . Memory (MB): peak = 2159.516 ; gain = 717.215 ; free physical = 3133 ; free virtual = 14708
---------------------------------------------------------------------------------
---------------------------------------------------------------------------------
Start Renaming Generated Instances
---------------------------------------------------------------------------------
---------------------------------------------------------------------------------
Finished Renaming Generated Instances : Time (s): cpu = 00:00:12 ; elapsed = 00:00:12 . Memory (MB): peak = 2159.516 ; gain = 717.215 ; free physical = 3133 ; free virtual = 14708
---------------------------------------------------------------------------------
---------------------------------------------------------------------------------
Start Rebuilding User Hierarchy
---------------------------------------------------------------------------------
---------------------------------------------------------------------------------
Finished Rebuilding User Hierarchy : Time (s): cpu = 00:00:12 ; elapsed = 00:00:12 . Memory (MB): peak = 2159.516 ; gain = 717.215 ; free physical = 3133 ; free virtual = 14708
---------------------------------------------------------------------------------
---------------------------------------------------------------------------------
Start Renaming Generated Ports
---------------------------------------------------------------------------------
---------------------------------------------------------------------------------
Finished Renaming Generated Ports : Time (s): cpu = 00:00:12 ; elapsed = 00:00:12 . Memory (MB): peak = 2159.516 ; gain = 717.215 ; free physical = 3133 ; free virtual = 14708
---------------------------------------------------------------------------------
---------------------------------------------------------------------------------
Start Handling Custom Attributes
---------------------------------------------------------------------------------
---------------------------------------------------------------------------------
Finished Handling Custom Attributes : Time (s): cpu = 00:00:12 ; elapsed = 00:00:12 . Memory (MB): peak = 2159.516 ; gain = 717.215 ; free physical = 3133 ; free virtual = 14708
---------------------------------------------------------------------------------
---------------------------------------------------------------------------------
Start Renaming Generated Nets
---------------------------------------------------------------------------------
---------------------------------------------------------------------------------
Finished Renaming Generated Nets : Time (s): cpu = 00:00:12 ; elapsed = 00:00:12 . Memory (MB): peak = 2159.516 ; gain = 717.215 ; free physical = 3133 ; free virtual = 14708
---------------------------------------------------------------------------------
---------------------------------------------------------------------------------
Start Writing Synthesis Report
---------------------------------------------------------------------------------

DSP Final Report (the ' indicates corresponding REG is set)
+------------+-------------+--------+--------+--------+--------+--------+------+------+------+------+-------+------+------+
|Module Name | DSP Mapping | A Size | B Size | C Size | D Size | P Size | AREG | BREG | CREG | DREG | ADREG | MREG | PREG | 
+------------+-------------+--------+--------+--------+--------+--------+------+------+------+------+-------+------+------+
|fdpe        | C+D-A*B     | 16     | 8      | 48     | 16     | 25     | 0    | 0    | 0    | 0    | 0     | 0    | 0    | 
|fdpe        | C+D-A*B     | 16     | 8      | 8      | 16     | 25     | 0    | 0    | 0    | 0    | 0     | 0    | 0    | 
|fdpe        | D-A*B       | 16     | 8      | -      | 16     | 26     | 0    | 0    | -    | 0    | 0     | 0    | 0    | 
|fdpe        | C+A*B       | 16     | 16     | 15     | -      | 32     | 0    | 0    | 0    | -    | -     | 0    | 0    | 
+------------+-------------+--------+--------+--------+--------+--------+------+------+------+------+-------+------+------+


Report BlackBoxes: 
+-+--------------+----------+
| |BlackBox name |Instances |
+-+--------------+----------+
+-+--------------+----------+

Report Cell Usage: 
+------+--------+------+
|      |Cell    |Count |
+------+--------+------+
|1     |CARRY4  |    71|
|2     |DSP48E1 |     4|
|3     |LUT1    |    27|
|4     |LUT2    |   150|
|5     |LUT3    |    46|
|6     |LUT4    |    84|
|7     |LUT5    |    40|
|8     |LUT6    |   148|
|9     |MUXF7   |    17|
|10    |FDCE    |   118|
+------+--------+------+

Report Instance Areas: 
+------+---------+-------+------+
|      |Instance |Module |Cells |
+------+---------+-------+------+
|1     |top      |       |   705|
+------+---------+-------+------+
---------------------------------------------------------------------------------
Finished Writing Synthesis Report : Time (s): cpu = 00:00:12 ; elapsed = 00:00:12 . Memory (MB): peak = 2159.516 ; gain = 717.215 ; free physical = 3133 ; free virtual = 14708
---------------------------------------------------------------------------------
Synthesis finished with 0 errors, 0 critical warnings and 2 warnings.
Synthesis Optimization Runtime : Time (s): cpu = 00:00:12 ; elapsed = 00:00:12 . Memory (MB): peak = 2159.516 ; gain = 717.215 ; free physical = 3129 ; free virtual = 14710
Synthesis Optimization Complete : Time (s): cpu = 00:00:12 ; elapsed = 00:00:12 . Memory (MB): peak = 2159.523 ; gain = 717.215 ; free physical = 3129 ; free virtual = 14710
INFO: [Project 1-571] Translating synthesized netlist
Netlist sorting complete. Time (s): cpu = 00:00:00 ; elapsed = 00:00:00 . Memory (MB): peak = 2174.391 ; gain = 0.000 ; free physical = 3278 ; free virtual = 14859
INFO: [Netlist 29-17] Analyzing 92 Unisim elements for replacement
INFO: [Netlist 29-28] Unisim Transformation completed in 0 CPU seconds
INFO: [Project 1-570] Preparing netlist for logic optimization
INFO: [Opt 31-138] Pushed 0 inverter(s) to 0 load pin(s).
Netlist sorting complete. Time (s): cpu = 00:00:00 ; elapsed = 00:00:00 . Memory (MB): peak = 2324.980 ; gain = 0.000 ; free physical = 3208 ; free virtual = 14779
INFO: [Project 1-111] Unisim Transformation Summary:
No Unisim elements were transformed.

Synth Design complete | Checksum: 371fb4c6
INFO: [Common 17-83] Releasing license: Synthesis
16 Infos, 2 Warnings, 0 Critical Warnings and 0 Errors encountered.
synth_design completed successfully
synth_design: Time (s): cpu = 00:00:17 ; elapsed = 00:00:15 . Memory (MB): peak = 2324.980 ; gain = 882.684 ; free physical = 3204 ; free virtual = 14779
INFO: [Common 17-2834] synth_design peak Physical Memory [PSS] (MB): overall = 1791.551; main = 1791.551; forked = 324.956
INFO: [Common 17-2834] synth_design peak Virtual Memory [VSS] (MB): overall = 2939.773; main = 2324.984; forked = 918.066
INFO: [Timing 38-35] Done setting XDC timing constraints.
INFO: [Timing 38-91] UpdateTimingParams: Speed grade: -1, Delay Type: min_max.
INFO: [Timing 38-191] Multithreading enabled for timing update using a maximum of 8 CPUs
WARNING: [Timing 38-493] Port clk has one or several leaf clock pins in its transitive fanout without any clock buffer on the path and no clock reaching the clock pin(s). Vivado cannot infer the clock source when no clock buffer is found on the path to a leaf clock pin.
WARNING: [Timing 38-242] The property HD.CLK_SRC of clock port "clk" is not set. In out-of-context mode, this prevents timing estimation for clock delay/skew
Resolution: Set the HD.CLK_SRC property of the out-of-context port to the location of the clock buffer instance in the top-level design
# run_ooc skag_mem [list rtl/skag_mem.v] $outdir $partname
Command: synth_design -top skag_mem -part xc7a200tfbg484-1 -mode out_of_context
Starting synth_design
Attempting to get a license for feature 'Synthesis' and/or device 'xc7a200t'
INFO: [Common 17-349] Got license for feature 'Synthesis' and/or device 'xc7a200t'
INFO: [Synth 8-7079] Multithreading enabled for synth_design using a maximum of 7 processes.
---------------------------------------------------------------------------------
Starting Synthesize : Time (s): cpu = 00:00:03 ; elapsed = 00:00:03 . Memory (MB): peak = 2615.164 ; gain = 8.000 ; free physical = 2638 ; free virtual = 14225
---------------------------------------------------------------------------------
INFO: [Synth 8-6157] synthesizing module 'skag_mem' [/media/shahriar-rizvi/Data/CSE/Thesis/from13March/qflow_step1_phase0/rtl/skag_mem.v:3]
INFO: [Synth 8-6155] done synthesizing module 'skag_mem' (0#1) [/media/shahriar-rizvi/Data/CSE/Thesis/from13March/qflow_step1_phase0/rtl/skag_mem.v:3]
WARNING: [Synth 8-7137] Register edge_mem_reg[0] in module skag_mem has both Set and reset with same priority. This may cause simulation mismatches. Consider rewriting code  [/media/shahriar-rizvi/Data/CSE/Thesis/from13March/qflow_step1_phase0/rtl/skag_mem.v:83]
WARNING: [Synth 8-7137] Register edge_mem_reg[1] in module skag_mem has both Set and reset with same priority. This may cause simulation mismatches. Consider rewriting code  [/media/shahriar-rizvi/Data/CSE/Thesis/from13March/qflow_step1_phase0/rtl/skag_mem.v:83]
WARNING: [Synth 8-7137] Register edge_mem_reg[2] in module skag_mem has both Set and reset with same priority. This may cause simulation mismatches. Consider rewriting code  [/media/shahriar-rizvi/Data/CSE/Thesis/from13March/qflow_step1_phase0/rtl/skag_mem.v:83]
WARNING: [Synth 8-7137] Register edge_mem_reg[3] in module skag_mem has both Set and reset with same priority. This may cause simulation mismatches. Consider rewriting code  [/media/shahriar-rizvi/Data/CSE/Thesis/from13March/qflow_step1_phase0/rtl/skag_mem.v:83]
WARNING: [Synth 8-7137] Register edge_mem_reg[4] in module skag_mem has both Set and reset with same priority. This may cause simulation mismatches. Consider rewriting code  [/media/shahriar-rizvi/Data/CSE/Thesis/from13March/qflow_step1_phase0/rtl/skag_mem.v:83]
WARNING: [Synth 8-7137] Register edge_mem_reg[5] in module skag_mem has both Set and reset with same priority. This may cause simulation mismatches. Consider rewriting code  [/media/shahriar-rizvi/Data/CSE/Thesis/from13March/qflow_step1_phase0/rtl/skag_mem.v:83]
WARNING: [Synth 8-7137] Register edge_mem_reg[6] in module skag_mem has both Set and reset with same priority. This may cause simulation mismatches. Consider rewriting code  [/media/shahriar-rizvi/Data/CSE/Thesis/from13March/qflow_step1_phase0/rtl/skag_mem.v:83]
WARNING: [Synth 8-7137] Register edge_mem_reg[7] in module skag_mem has both Set and reset with same priority. This may cause simulation mismatches. Consider rewriting code  [/media/shahriar-rizvi/Data/CSE/Thesis/from13March/qflow_step1_phase0/rtl/skag_mem.v:83]
WARNING: [Synth 8-7137] Register edge_mem_reg[8] in module skag_mem has both Set and reset with same priority. This may cause simulation mismatches. Consider rewriting code  [/media/shahriar-rizvi/Data/CSE/Thesis/from13March/qflow_step1_phase0/rtl/skag_mem.v:83]
WARNING: [Synth 8-7137] Register edge_mem_reg[9] in module skag_mem has both Set and reset with same priority. This may cause simulation mismatches. Consider rewriting code  [/media/shahriar-rizvi/Data/CSE/Thesis/from13March/qflow_step1_phase0/rtl/skag_mem.v:83]
WARNING: [Synth 8-7137] Register edge_mem_reg[10] in module skag_mem has both Set and reset with same priority. This may cause simulation mismatches. Consider rewriting code  [/media/shahriar-rizvi/Data/CSE/Thesis/from13March/qflow_step1_phase0/rtl/skag_mem.v:83]
WARNING: [Synth 8-7137] Register edge_mem_reg[11] in module skag_mem has both Set and reset with same priority. This may cause simulation mismatches. Consider rewriting code  [/media/shahriar-rizvi/Data/CSE/Thesis/from13March/qflow_step1_phase0/rtl/skag_mem.v:83]
WARNING: [Synth 8-7137] Register edge_mem_reg[12] in module skag_mem has both Set and reset with same priority. This may cause simulation mismatches. Consider rewriting code  [/media/shahriar-rizvi/Data/CSE/Thesis/from13March/qflow_step1_phase0/rtl/skag_mem.v:83]
WARNING: [Synth 8-7137] Register edge_mem_reg[13] in module skag_mem has both Set and reset with same priority. This may cause simulation mismatches. Consider rewriting code  [/media/shahriar-rizvi/Data/CSE/Thesis/from13March/qflow_step1_phase0/rtl/skag_mem.v:83]
WARNING: [Synth 8-7137] Register edge_mem_reg[14] in module skag_mem has both Set and reset with same priority. This may cause simulation mismatches. Consider rewriting code  [/media/shahriar-rizvi/Data/CSE/Thesis/from13March/qflow_step1_phase0/rtl/skag_mem.v:83]
WARNING: [Synth 8-7137] Register edge_mem_reg[15] in module skag_mem has both Set and reset with same priority. This may cause simulation mismatches. Consider rewriting code  [/media/shahriar-rizvi/Data/CSE/Thesis/from13March/qflow_step1_phase0/rtl/skag_mem.v:83]
WARNING: [Synth 8-7137] Register edge_mem_reg[16] in module skag_mem has both Set and reset with same priority. This may cause simulation mismatches. Consider rewriting code  [/media/shahriar-rizvi/Data/CSE/Thesis/from13March/qflow_step1_phase0/rtl/skag_mem.v:83]
WARNING: [Synth 8-7137] Register edge_mem_reg[17] in module skag_mem has both Set and reset with same priority. This may cause simulation mismatches. Consider rewriting code  [/media/shahriar-rizvi/Data/CSE/Thesis/from13March/qflow_step1_phase0/rtl/skag_mem.v:83]
WARNING: [Synth 8-7137] Register edge_mem_reg[18] in module skag_mem has both Set and reset with same priority. This may cause simulation mismatches. Consider rewriting code  [/media/shahriar-rizvi/Data/CSE/Thesis/from13March/qflow_step1_phase0/rtl/skag_mem.v:83]
WARNING: [Synth 8-7137] Register edge_mem_reg[19] in module skag_mem has both Set and reset with same priority. This may cause simulation mismatches. Consider rewriting code  [/media/shahriar-rizvi/Data/CSE/Thesis/from13March/qflow_step1_phase0/rtl/skag_mem.v:83]
WARNING: [Synth 8-7137] Register edge_mem_reg[20] in module skag_mem has both Set and reset with same priority. This may cause simulation mismatches. Consider rewriting code  [/media/shahriar-rizvi/Data/CSE/Thesis/from13March/qflow_step1_phase0/rtl/skag_mem.v:83]
WARNING: [Synth 8-7137] Register edge_mem_reg[21] in module skag_mem has both Set and reset with same priority. This may cause simulation mismatches. Consider rewriting code  [/media/shahriar-rizvi/Data/CSE/Thesis/from13March/qflow_step1_phase0/rtl/skag_mem.v:83]
WARNING: [Synth 8-7137] Register edge_mem_reg[22] in module skag_mem has both Set and reset with same priority. This may cause simulation mismatches. Consider rewriting code  [/media/shahriar-rizvi/Data/CSE/Thesis/from13March/qflow_step1_phase0/rtl/skag_mem.v:83]
WARNING: [Synth 8-7137] Register edge_mem_reg[23] in module skag_mem has both Set and reset with same priority. This may cause simulation mismatches. Consider rewriting code  [/media/shahriar-rizvi/Data/CSE/Thesis/from13March/qflow_step1_phase0/rtl/skag_mem.v:83]
WARNING: [Synth 8-7137] Register edge_mem_reg[24] in module skag_mem has both Set and reset with same priority. This may cause simulation mismatches. Consider rewriting code  [/media/shahriar-rizvi/Data/CSE/Thesis/from13March/qflow_step1_phase0/rtl/skag_mem.v:83]
WARNING: [Synth 8-7137] Register edge_mem_reg[25] in module skag_mem has both Set and reset with same priority. This may cause simulation mismatches. Consider rewriting code  [/media/shahriar-rizvi/Data/CSE/Thesis/from13March/qflow_step1_phase0/rtl/skag_mem.v:83]
WARNING: [Synth 8-7137] Register edge_mem_reg[26] in module skag_mem has both Set and reset with same priority. This may cause simulation mismatches. Consider rewriting code  [/media/shahriar-rizvi/Data/CSE/Thesis/from13March/qflow_step1_phase0/rtl/skag_mem.v:83]
WARNING: [Synth 8-7137] Register edge_mem_reg[27] in module skag_mem has both Set and reset with same priority. This may cause simulation mismatches. Consider rewriting code  [/media/shahriar-rizvi/Data/CSE/Thesis/from13March/qflow_step1_phase0/rtl/skag_mem.v:83]
WARNING: [Synth 8-7137] Register edge_mem_reg[28] in module skag_mem has both Set and reset with same priority. This may cause simulation mismatches. Consider rewriting code  [/media/shahriar-rizvi/Data/CSE/Thesis/from13March/qflow_step1_phase0/rtl/skag_mem.v:83]
WARNING: [Synth 8-7137] Register edge_mem_reg[29] in module skag_mem has both Set and reset with same priority. This may cause simulation mismatches. Consider rewriting code  [/media/shahriar-rizvi/Data/CSE/Thesis/from13March/qflow_step1_phase0/rtl/skag_mem.v:83]
WARNING: [Synth 8-7137] Register edge_mem_reg[30] in module skag_mem has both Set and reset with same priority. This may cause simulation mismatches. Consider rewriting code  [/media/shahriar-rizvi/Data/CSE/Thesis/from13March/qflow_step1_phase0/rtl/skag_mem.v:83]
WARNING: [Synth 8-7137] Register edge_mem_reg[31] in module skag_mem has both Set and reset with same priority. This may cause simulation mismatches. Consider rewriting code  [/media/shahriar-rizvi/Data/CSE/Thesis/from13March/qflow_step1_phase0/rtl/skag_mem.v:83]
WARNING: [Synth 8-7137] Register edge_mem_reg[32] in module skag_mem has both Set and reset with same priority. This may cause simulation mismatches. Consider rewriting code  [/media/shahriar-rizvi/Data/CSE/Thesis/from13March/qflow_step1_phase0/rtl/skag_mem.v:83]
WARNING: [Synth 8-7137] Register edge_mem_reg[33] in module skag_mem has both Set and reset with same priority. This may cause simulation mismatches. Consider rewriting code  [/media/shahriar-rizvi/Data/CSE/Thesis/from13March/qflow_step1_phase0/rtl/skag_mem.v:83]
WARNING: [Synth 8-7137] Register edge_mem_reg[34] in module skag_mem has both Set and reset with same priority. This may cause simulation mismatches. Consider rewriting code  [/media/shahriar-rizvi/Data/CSE/Thesis/from13March/qflow_step1_phase0/rtl/skag_mem.v:83]
WARNING: [Synth 8-7137] Register edge_mem_reg[35] in module skag_mem has both Set and reset with same priority. This may cause simulation mismatches. Consider rewriting code  [/media/shahriar-rizvi/Data/CSE/Thesis/from13March/qflow_step1_phase0/rtl/skag_mem.v:83]
WARNING: [Synth 8-7137] Register edge_mem_reg[36] in module skag_mem has both Set and reset with same priority. This may cause simulation mismatches. Consider rewriting code  [/media/shahriar-rizvi/Data/CSE/Thesis/from13March/qflow_step1_phase0/rtl/skag_mem.v:83]
WARNING: [Synth 8-7137] Register edge_mem_reg[37] in module skag_mem has both Set and reset with same priority. This may cause simulation mismatches. Consider rewriting code  [/media/shahriar-rizvi/Data/CSE/Thesis/from13March/qflow_step1_phase0/rtl/skag_mem.v:83]
WARNING: [Synth 8-7137] Register edge_mem_reg[38] in module skag_mem has both Set and reset with same priority. This may cause simulation mismatches. Consider rewriting code  [/media/shahriar-rizvi/Data/CSE/Thesis/from13March/qflow_step1_phase0/rtl/skag_mem.v:83]
WARNING: [Synth 8-7137] Register edge_mem_reg[39] in module skag_mem has both Set and reset with same priority. This may cause simulation mismatches. Consider rewriting code  [/media/shahriar-rizvi/Data/CSE/Thesis/from13March/qflow_step1_phase0/rtl/skag_mem.v:83]
WARNING: [Synth 8-7137] Register edge_mem_reg[40] in module skag_mem has both Set and reset with same priority. This may cause simulation mismatches. Consider rewriting code  [/media/shahriar-rizvi/Data/CSE/Thesis/from13March/qflow_step1_phase0/rtl/skag_mem.v:83]
WARNING: [Synth 8-7137] Register edge_mem_reg[41] in module skag_mem has both Set and reset with same priority. This may cause simulation mismatches. Consider rewriting code  [/media/shahriar-rizvi/Data/CSE/Thesis/from13March/qflow_step1_phase0/rtl/skag_mem.v:83]
WARNING: [Synth 8-7137] Register edge_mem_reg[42] in module skag_mem has both Set and reset with same priority. This may cause simulation mismatches. Consider rewriting code  [/media/shahriar-rizvi/Data/CSE/Thesis/from13March/qflow_step1_phase0/rtl/skag_mem.v:83]
WARNING: [Synth 8-7137] Register edge_mem_reg[43] in module skag_mem has both Set and reset with same priority. This may cause simulation mismatches. Consider rewriting code  [/media/shahriar-rizvi/Data/CSE/Thesis/from13March/qflow_step1_phase0/rtl/skag_mem.v:83]
WARNING: [Synth 8-7137] Register edge_mem_reg[44] in module skag_mem has both Set and reset with same priority. This may cause simulation mismatches. Consider rewriting code  [/media/shahriar-rizvi/Data/CSE/Thesis/from13March/qflow_step1_phase0/rtl/skag_mem.v:83]
WARNING: [Synth 8-7137] Register edge_mem_reg[45] in module skag_mem has both Set and reset with same priority. This may cause simulation mismatches. Consider rewriting code  [/media/shahriar-rizvi/Data/CSE/Thesis/from13March/qflow_step1_phase0/rtl/skag_mem.v:83]
WARNING: [Synth 8-7137] Register edge_mem_reg[46] in module skag_mem has both Set and reset with same priority. This may cause simulation mismatches. Consider rewriting code  [/media/shahriar-rizvi/Data/CSE/Thesis/from13March/qflow_step1_phase0/rtl/skag_mem.v:83]
WARNING: [Synth 8-7137] Register edge_mem_reg[47] in module skag_mem has both Set and reset with same priority. This may cause simulation mismatches. Consider rewriting code  [/media/shahriar-rizvi/Data/CSE/Thesis/from13March/qflow_step1_phase0/rtl/skag_mem.v:83]
WARNING: [Synth 8-7137] Register edge_mem_reg[48] in module skag_mem has both Set and reset with same priority. This may cause simulation mismatches. Consider rewriting code  [/media/shahriar-rizvi/Data/CSE/Thesis/from13March/qflow_step1_phase0/rtl/skag_mem.v:83]
WARNING: [Synth 8-7137] Register edge_mem_reg[49] in module skag_mem has both Set and reset with same priority. This may cause simulation mismatches. Consider rewriting code  [/media/shahriar-rizvi/Data/CSE/Thesis/from13March/qflow_step1_phase0/rtl/skag_mem.v:83]
WARNING: [Synth 8-7137] Register edge_mem_reg[50] in module skag_mem has both Set and reset with same priority. This may cause simulation mismatches. Consider rewriting code  [/media/shahriar-rizvi/Data/CSE/Thesis/from13March/qflow_step1_phase0/rtl/skag_mem.v:83]
WARNING: [Synth 8-7137] Register edge_mem_reg[51] in module skag_mem has both Set and reset with same priority. This may cause simulation mismatches. Consider rewriting code  [/media/shahriar-rizvi/Data/CSE/Thesis/from13March/qflow_step1_phase0/rtl/skag_mem.v:83]
WARNING: [Synth 8-7137] Register edge_mem_reg[52] in module skag_mem has both Set and reset with same priority. This may cause simulation mismatches. Consider rewriting code  [/media/shahriar-rizvi/Data/CSE/Thesis/from13March/qflow_step1_phase0/rtl/skag_mem.v:83]
WARNING: [Synth 8-7137] Register edge_mem_reg[53] in module skag_mem has both Set and reset with same priority. This may cause simulation mismatches. Consider rewriting code  [/media/shahriar-rizvi/Data/CSE/Thesis/from13March/qflow_step1_phase0/rtl/skag_mem.v:83]
WARNING: [Synth 8-7137] Register edge_mem_reg[54] in module skag_mem has both Set and reset with same priority. This may cause simulation mismatches. Consider rewriting code  [/media/shahriar-rizvi/Data/CSE/Thesis/from13March/qflow_step1_phase0/rtl/skag_mem.v:83]
WARNING: [Synth 8-7137] Register edge_mem_reg[55] in module skag_mem has both Set and reset with same priority. This may cause simulation mismatches. Consider rewriting code  [/media/shahriar-rizvi/Data/CSE/Thesis/from13March/qflow_step1_phase0/rtl/skag_mem.v:83]
WARNING: [Synth 8-7137] Register edge_mem_reg[56] in module skag_mem has both Set and reset with same priority. This may cause simulation mismatches. Consider rewriting code  [/media/shahriar-rizvi/Data/CSE/Thesis/from13March/qflow_step1_phase0/rtl/skag_mem.v:83]
WARNING: [Synth 8-7137] Register edge_mem_reg[57] in module skag_mem has both Set and reset with same priority. This may cause simulation mismatches. Consider rewriting code  [/media/shahriar-rizvi/Data/CSE/Thesis/from13March/qflow_step1_phase0/rtl/skag_mem.v:83]
WARNING: [Synth 8-7137] Register edge_mem_reg[58] in module skag_mem has both Set and reset with same priority. This may cause simulation mismatches. Consider rewriting code  [/media/shahriar-rizvi/Data/CSE/Thesis/from13March/qflow_step1_phase0/rtl/skag_mem.v:83]
WARNING: [Synth 8-7137] Register edge_mem_reg[59] in module skag_mem has both Set and reset with same priority. This may cause simulation mismatches. Consider rewriting code  [/media/shahriar-rizvi/Data/CSE/Thesis/from13March/qflow_step1_phase0/rtl/skag_mem.v:83]
WARNING: [Synth 8-7137] Register edge_mem_reg[60] in module skag_mem has both Set and reset with same priority. This may cause simulation mismatches. Consider rewriting code  [/media/shahriar-rizvi/Data/CSE/Thesis/from13March/qflow_step1_phase0/rtl/skag_mem.v:83]
WARNING: [Synth 8-7137] Register edge_mem_reg[61] in module skag_mem has both Set and reset with same priority. This may cause simulation mismatches. Consider rewriting code  [/media/shahriar-rizvi/Data/CSE/Thesis/from13March/qflow_step1_phase0/rtl/skag_mem.v:83]
WARNING: [Synth 8-7137] Register edge_mem_reg[62] in module skag_mem has both Set and reset with same priority. This may cause simulation mismatches. Consider rewriting code  [/media/shahriar-rizvi/Data/CSE/Thesis/from13March/qflow_step1_phase0/rtl/skag_mem.v:83]
WARNING: [Synth 8-7137] Register edge_mem_reg[63] in module skag_mem has both Set and reset with same priority. This may cause simulation mismatches. Consider rewriting code  [/media/shahriar-rizvi/Data/CSE/Thesis/from13March/qflow_step1_phase0/rtl/skag_mem.v:83]
WARNING: [Synth 8-7137] Register edge_mem_reg[64] in module skag_mem has both Set and reset with same priority. This may cause simulation mismatches. Consider rewriting code  [/media/shahriar-rizvi/Data/CSE/Thesis/from13March/qflow_step1_phase0/rtl/skag_mem.v:83]
WARNING: [Synth 8-7137] Register edge_mem_reg[65] in module skag_mem has both Set and reset with same priority. This may cause simulation mismatches. Consider rewriting code  [/media/shahriar-rizvi/Data/CSE/Thesis/from13March/qflow_step1_phase0/rtl/skag_mem.v:83]
WARNING: [Synth 8-7137] Register edge_mem_reg[66] in module skag_mem has both Set and reset with same priority. This may cause simulation mismatches. Consider rewriting code  [/media/shahriar-rizvi/Data/CSE/Thesis/from13March/qflow_step1_phase0/rtl/skag_mem.v:83]
WARNING: [Synth 8-7137] Register edge_mem_reg[67] in module skag_mem has both Set and reset with same priority. This may cause simulation mismatches. Consider rewriting code  [/media/shahriar-rizvi/Data/CSE/Thesis/from13March/qflow_step1_phase0/rtl/skag_mem.v:83]
WARNING: [Synth 8-7137] Register edge_mem_reg[68] in module skag_mem has both Set and reset with same priority. This may cause simulation mismatches. Consider rewriting code  [/media/shahriar-rizvi/Data/CSE/Thesis/from13March/qflow_step1_phase0/rtl/skag_mem.v:83]
WARNING: [Synth 8-7137] Register edge_mem_reg[69] in module skag_mem has both Set and reset with same priority. This may cause simulation mismatches. Consider rewriting code  [/media/shahriar-rizvi/Data/CSE/Thesis/from13March/qflow_step1_phase0/rtl/skag_mem.v:83]
WARNING: [Synth 8-7137] Register edge_mem_reg[70] in module skag_mem has both Set and reset with same priority. This may cause simulation mismatches. Consider rewriting code  [/media/shahriar-rizvi/Data/CSE/Thesis/from13March/qflow_step1_phase0/rtl/skag_mem.v:83]
WARNING: [Synth 8-7137] Register edge_mem_reg[71] in module skag_mem has both Set and reset with same priority. This may cause simulation mismatches. Consider rewriting code  [/media/shahriar-rizvi/Data/CSE/Thesis/from13March/qflow_step1_phase0/rtl/skag_mem.v:83]
WARNING: [Synth 8-7137] Register edge_mem_reg[72] in module skag_mem has both Set and reset with same priority. This may cause simulation mismatches. Consider rewriting code  [/media/shahriar-rizvi/Data/CSE/Thesis/from13March/qflow_step1_phase0/rtl/skag_mem.v:83]
WARNING: [Synth 8-7137] Register edge_mem_reg[73] in module skag_mem has both Set and reset with same priority. This may cause simulation mismatches. Consider rewriting code  [/media/shahriar-rizvi/Data/CSE/Thesis/from13March/qflow_step1_phase0/rtl/skag_mem.v:83]
WARNING: [Synth 8-7137] Register edge_mem_reg[74] in module skag_mem has both Set and reset with same priority. This may cause simulation mismatches. Consider rewriting code  [/media/shahriar-rizvi/Data/CSE/Thesis/from13March/qflow_step1_phase0/rtl/skag_mem.v:83]
WARNING: [Synth 8-7137] Register edge_mem_reg[75] in module skag_mem has both Set and reset with same priority. This may cause simulation mismatches. Consider rewriting code  [/media/shahriar-rizvi/Data/CSE/Thesis/from13March/qflow_step1_phase0/rtl/skag_mem.v:83]
WARNING: [Synth 8-7137] Register edge_mem_reg[76] in module skag_mem has both Set and reset with same priority. This may cause simulation mismatches. Consider rewriting code  [/media/shahriar-rizvi/Data/CSE/Thesis/from13March/qflow_step1_phase0/rtl/skag_mem.v:83]
WARNING: [Synth 8-7137] Register edge_mem_reg[77] in module skag_mem has both Set and reset with same priority. This may cause simulation mismatches. Consider rewriting code  [/media/shahriar-rizvi/Data/CSE/Thesis/from13March/qflow_step1_phase0/rtl/skag_mem.v:83]
WARNING: [Synth 8-7137] Register edge_mem_reg[78] in module skag_mem has both Set and reset with same priority. This may cause simulation mismatches. Consider rewriting code  [/media/shahriar-rizvi/Data/CSE/Thesis/from13March/qflow_step1_phase0/rtl/skag_mem.v:83]
WARNING: [Synth 8-7137] Register edge_mem_reg[79] in module skag_mem has both Set and reset with same priority. This may cause simulation mismatches. Consider rewriting code  [/media/shahriar-rizvi/Data/CSE/Thesis/from13March/qflow_step1_phase0/rtl/skag_mem.v:83]
WARNING: [Synth 8-7137] Register edge_mem_reg[80] in module skag_mem has both Set and reset with same priority. This may cause simulation mismatches. Consider rewriting code  [/media/shahriar-rizvi/Data/CSE/Thesis/from13March/qflow_step1_phase0/rtl/skag_mem.v:83]
WARNING: [Synth 8-7137] Register edge_mem_reg[81] in module skag_mem has both Set and reset with same priority. This may cause simulation mismatches. Consider rewriting code  [/media/shahriar-rizvi/Data/CSE/Thesis/from13March/qflow_step1_phase0/rtl/skag_mem.v:83]
WARNING: [Synth 8-7137] Register edge_mem_reg[82] in module skag_mem has both Set and reset with same priority. This may cause simulation mismatches. Consider rewriting code  [/media/shahriar-rizvi/Data/CSE/Thesis/from13March/qflow_step1_phase0/rtl/skag_mem.v:83]
WARNING: [Synth 8-7137] Register edge_mem_reg[83] in module skag_mem has both Set and reset with same priority. This may cause simulation mismatches. Consider rewriting code  [/media/shahriar-rizvi/Data/CSE/Thesis/from13March/qflow_step1_phase0/rtl/skag_mem.v:83]
WARNING: [Synth 8-7137] Register edge_mem_reg[84] in module skag_mem has both Set and reset with same priority. This may cause simulation mismatches. Consider rewriting code  [/media/shahriar-rizvi/Data/CSE/Thesis/from13March/qflow_step1_phase0/rtl/skag_mem.v:83]
WARNING: [Synth 8-7137] Register edge_mem_reg[85] in module skag_mem has both Set and reset with same priority. This may cause simulation mismatches. Consider rewriting code  [/media/shahriar-rizvi/Data/CSE/Thesis/from13March/qflow_step1_phase0/rtl/skag_mem.v:83]
WARNING: [Synth 8-7137] Register edge_mem_reg[86] in module skag_mem has both Set and reset with same priority. This may cause simulation mismatches. Consider rewriting code  [/media/shahriar-rizvi/Data/CSE/Thesis/from13March/qflow_step1_phase0/rtl/skag_mem.v:83]
WARNING: [Synth 8-7137] Register edge_mem_reg[87] in module skag_mem has both Set and reset with same priority. This may cause simulation mismatches. Consider rewriting code  [/media/shahriar-rizvi/Data/CSE/Thesis/from13March/qflow_step1_phase0/rtl/skag_mem.v:83]
WARNING: [Synth 8-7137] Register edge_mem_reg[88] in module skag_mem has both Set and reset with same priority. This may cause simulation mismatches. Consider rewriting code  [/media/shahriar-rizvi/Data/CSE/Thesis/from13March/qflow_step1_phase0/rtl/skag_mem.v:83]
WARNING: [Synth 8-7137] Register edge_mem_reg[89] in module skag_mem has both Set and reset with same priority. This may cause simulation mismatches. Consider rewriting code  [/media/shahriar-rizvi/Data/CSE/Thesis/from13March/qflow_step1_phase0/rtl/skag_mem.v:83]
WARNING: [Synth 8-7137] Register edge_mem_reg[90] in module skag_mem has both Set and reset with same priority. This may cause simulation mismatches. Consider rewriting code  [/media/shahriar-rizvi/Data/CSE/Thesis/from13March/qflow_step1_phase0/rtl/skag_mem.v:83]
WARNING: [Synth 8-7137] Register edge_mem_reg[91] in module skag_mem has both Set and reset with same priority. This may cause simulation mismatches. Consider rewriting code  [/media/shahriar-rizvi/Data/CSE/Thesis/from13March/qflow_step1_phase0/rtl/skag_mem.v:83]
WARNING: [Synth 8-7137] Register edge_mem_reg[92] in module skag_mem has both Set and reset with same priority. This may cause simulation mismatches. Consider rewriting code  [/media/shahriar-rizvi/Data/CSE/Thesis/from13March/qflow_step1_phase0/rtl/skag_mem.v:83]
WARNING: [Synth 8-7137] Register edge_mem_reg[93] in module skag_mem has both Set and reset with same priority. This may cause simulation mismatches. Consider rewriting code  [/media/shahriar-rizvi/Data/CSE/Thesis/from13March/qflow_step1_phase0/rtl/skag_mem.v:83]
WARNING: [Synth 8-7137] Register edge_mem_reg[94] in module skag_mem has both Set and reset with same priority. This may cause simulation mismatches. Consider rewriting code  [/media/shahriar-rizvi/Data/CSE/Thesis/from13March/qflow_step1_phase0/rtl/skag_mem.v:83]
WARNING: [Synth 8-7137] Register edge_mem_reg[95] in module skag_mem has both Set and reset with same priority. This may cause simulation mismatches. Consider rewriting code  [/media/shahriar-rizvi/Data/CSE/Thesis/from13March/qflow_step1_phase0/rtl/skag_mem.v:83]
WARNING: [Synth 8-7137] Register edge_mem_reg[96] in module skag_mem has both Set and reset with same priority. This may cause simulation mismatches. Consider rewriting code  [/media/shahriar-rizvi/Data/CSE/Thesis/from13March/qflow_step1_phase0/rtl/skag_mem.v:83]
WARNING: [Synth 8-7137] Register edge_mem_reg[97] in module skag_mem has both Set and reset with same priority. This may cause simulation mismatches. Consider rewriting code  [/media/shahriar-rizvi/Data/CSE/Thesis/from13March/qflow_step1_phase0/rtl/skag_mem.v:83]
WARNING: [Synth 8-7137] Register edge_mem_reg[98] in module skag_mem has both Set and reset with same priority. This may cause simulation mismatches. Consider rewriting code  [/media/shahriar-rizvi/Data/CSE/Thesis/from13March/qflow_step1_phase0/rtl/skag_mem.v:83]
WARNING: [Synth 8-7137] Register edge_mem_reg[99] in module skag_mem has both Set and reset with same priority. This may cause simulation mismatches. Consider rewriting code  [/media/shahriar-rizvi/Data/CSE/Thesis/from13March/qflow_step1_phase0/rtl/skag_mem.v:83]
INFO: [Common 17-14] Message 'Synth 8-7137' appears 100 times and further instances of the messages will be disabled. Use the Tcl command set_msg_config to change the current settings.
---------------------------------------------------------------------------------
Finished Synthesize : Time (s): cpu = 00:00:05 ; elapsed = 00:00:06 . Memory (MB): peak = 2764.734 ; gain = 157.570 ; free physical = 2629 ; free virtual = 14221
---------------------------------------------------------------------------------
---------------------------------------------------------------------------------
Finished Constraint Validation : Time (s): cpu = 00:00:06 ; elapsed = 00:00:06 . Memory (MB): peak = 2770.672 ; gain = 163.508 ; free physical = 2649 ; free virtual = 14247
---------------------------------------------------------------------------------
---------------------------------------------------------------------------------
Start Loading Part and Timing Information
---------------------------------------------------------------------------------
Loading part: xc7a200tfbg484-1
---------------------------------------------------------------------------------
Finished Loading Part and Timing Information : Time (s): cpu = 00:00:06 ; elapsed = 00:00:06 . Memory (MB): peak = 2770.672 ; gain = 163.508 ; free physical = 2649 ; free virtual = 14247
---------------------------------------------------------------------------------
---------------------------------------------------------------------------------
Finished RTL Optimization Phase 2 : Time (s): cpu = 00:00:21 ; elapsed = 00:00:22 . Memory (MB): peak = 2770.672 ; gain = 163.508 ; free physical = 2639 ; free virtual = 14235
---------------------------------------------------------------------------------
No constraint files found.
---------------------------------------------------------------------------------
Start RTL Component Statistics 
---------------------------------------------------------------------------------
Detailed RTL Component Info : 
+---Adders : 
	   4 Input   42 Bit       Adders := 2     
+---Registers : 
	               64 Bit    Registers := 259   
	               32 Bit    Registers := 260   
	                8 Bit    Registers := 3     
	                1 Bit    Registers := 6     
+---Muxes : 
	   2 Input   64 Bit        Muxes := 513   
	   2 Input   32 Bit        Muxes := 518   
	   2 Input    1 Bit        Muxes := 257   
---------------------------------------------------------------------------------
Finished RTL Component Statistics 
---------------------------------------------------------------------------------
---------------------------------------------------------------------------------
Start Part Resource Summary
---------------------------------------------------------------------------------
Part Resources:
DSPs: 740 (col length:100)
BRAMs: 730 (col length: RAMB18 100 RAMB36 50)
---------------------------------------------------------------------------------
Finished Part Resource Summary
---------------------------------------------------------------------------------
---------------------------------------------------------------------------------
Start Cross Boundary and Area Optimization
---------------------------------------------------------------------------------
DSP Report: Generating DSP p_0_out, operation Mode is: A*B.
DSP Report: operator p_0_out is absorbed into DSP p_0_out.
DSP Report: Generating DSP compute_weight4, operation Mode is: A*B.
DSP Report: operator compute_weight4 is absorbed into DSP compute_weight4.
---------------------------------------------------------------------------------
Finished Cross Boundary and Area Optimization : Time (s): cpu = 00:01:04 ; elapsed = 00:01:26 . Memory (MB): peak = 2806.613 ; gain = 199.449 ; free physical = 250 ; free virtual = 8017
---------------------------------------------------------------------------------
 Sort Area is skag_mem__GB19 compute_weight4_2 : 0 0 : 1946 1946 : Used 1 time 0
 Sort Area is skag_mem__GB19 p_0_out_0 : 0 0 : 1946 1946 : Used 1 time 0
---------------------------------------------------------------------------------
Start ROM, RAM, DSP, Shift Register and Retiming Reporting
---------------------------------------------------------------------------------

DSP: Preliminary Mapping Report (see note below. The ' indicates corresponding REG is set)
+------------+-------------+--------+--------+--------+--------+--------+------+------+------+------+-------+------+------+
|Module Name | DSP Mapping | A Size | B Size | C Size | D Size | P Size | AREG | BREG | CREG | DREG | ADREG | MREG | PREG | 
+------------+-------------+--------+--------+--------+--------+--------+------+------+------+------+-------+------+------+
|skag_mem    | A*B         | 16     | 16     | -      | -      | 32     | 0    | 0    | -    | -    | -     | 0    | 0    | 
|skag_mem    | A*B         | 16     | 16     | -      | -      | 32     | 0    | 0    | -    | -    | -     | 0    | 0    | 
+------------+-------------+--------+--------+--------+--------+--------+------+------+------+------+-------+------+------+

Note: The table above is a preliminary report that shows the DSPs inferred at the current stage of the synthesis flow. Some DSP may be reimplemented as non DSP primitives later in the synthesis flow. Multiple instantiated DSPs are reported only once.
---------------------------------------------------------------------------------
Finished ROM, RAM, DSP, Shift Register and Retiming Reporting
---------------------------------------------------------------------------------
No constraint files found.
---------------------------------------------------------------------------------
Start Timing Optimization
---------------------------------------------------------------------------------
---------------------------------------------------------------------------------
Finished Timing Optimization : Time (s): cpu = 00:03:22 ; elapsed = 00:01:32 . Memory (MB): peak = 2806.613 ; gain = 199.449 ; free physical = 2252 ; free virtual = 10064
---------------------------------------------------------------------------------
---------------------------------------------------------------------------------
Start Technology Mapping
---------------------------------------------------------------------------------
---------------------------------------------------------------------------------
Finished Technology Mapping : Time (s): cpu = 00:03:29 ; elapsed = 00:01:39 . Memory (MB): peak = 2822.617 ; gain = 215.453 ; free physical = 2028 ; free virtual = 9841
---------------------------------------------------------------------------------
---------------------------------------------------------------------------------
Start IO Insertion
---------------------------------------------------------------------------------
---------------------------------------------------------------------------------
Start Flattening Before IO Insertion
---------------------------------------------------------------------------------
---------------------------------------------------------------------------------
Finished Flattening Before IO Insertion
---------------------------------------------------------------------------------
---------------------------------------------------------------------------------
Start Final Netlist Cleanup
---------------------------------------------------------------------------------
---------------------------------------------------------------------------------
Finished Final Netlist Cleanup
---------------------------------------------------------------------------------
---------------------------------------------------------------------------------
Finished IO Insertion : Time (s): cpu = 00:03:37 ; elapsed = 00:01:48 . Memory (MB): peak = 2866.273 ; gain = 259.109 ; free physical = 1997 ; free virtual = 9811
---------------------------------------------------------------------------------
---------------------------------------------------------------------------------
Start Renaming Generated Instances
---------------------------------------------------------------------------------
---------------------------------------------------------------------------------
Finished Renaming Generated Instances : Time (s): cpu = 00:03:37 ; elapsed = 00:01:48 . Memory (MB): peak = 2866.273 ; gain = 259.109 ; free physical = 1997 ; free virtual = 9817
---------------------------------------------------------------------------------
---------------------------------------------------------------------------------
Start Rebuilding User Hierarchy
---------------------------------------------------------------------------------
---------------------------------------------------------------------------------
Finished Rebuilding User Hierarchy : Time (s): cpu = 00:03:38 ; elapsed = 00:01:49 . Memory (MB): peak = 2866.273 ; gain = 259.109 ; free physical = 1998 ; free virtual = 9819
---------------------------------------------------------------------------------
---------------------------------------------------------------------------------
Start Renaming Generated Ports
---------------------------------------------------------------------------------
---------------------------------------------------------------------------------
Finished Renaming Generated Ports : Time (s): cpu = 00:03:38 ; elapsed = 00:01:49 . Memory (MB): peak = 2866.273 ; gain = 259.109 ; free physical = 1998 ; free virtual = 9819
---------------------------------------------------------------------------------
---------------------------------------------------------------------------------
Start Handling Custom Attributes
---------------------------------------------------------------------------------
---------------------------------------------------------------------------------
Finished Handling Custom Attributes : Time (s): cpu = 00:03:47 ; elapsed = 00:01:58 . Memory (MB): peak = 2866.273 ; gain = 259.109 ; free physical = 2028 ; free virtual = 9842
---------------------------------------------------------------------------------
---------------------------------------------------------------------------------
Start Renaming Generated Nets
---------------------------------------------------------------------------------
---------------------------------------------------------------------------------
Finished Renaming Generated Nets : Time (s): cpu = 00:03:47 ; elapsed = 00:01:58 . Memory (MB): peak = 2866.273 ; gain = 259.109 ; free physical = 2021 ; free virtual = 9841
---------------------------------------------------------------------------------
---------------------------------------------------------------------------------
Start Writing Synthesis Report
---------------------------------------------------------------------------------

DSP Final Report (the ' indicates corresponding REG is set)
+------------+-------------+--------+--------+--------+--------+--------+------+------+------+------+-------+------+------+
|Module Name | DSP Mapping | A Size | B Size | C Size | D Size | P Size | AREG | BREG | CREG | DREG | ADREG | MREG | PREG | 
+------------+-------------+--------+--------+--------+--------+--------+------+------+------+------+-------+------+------+
|skag_mem    | A*B         | 16     | 16     | -      | -      | 32     | 0    | 0    | -    | -    | -     | 0    | 0    | 
|skag_mem    | A*B         | 16     | 16     | -      | -      | 32     | 0    | 0    | -    | -    | -     | 0    | 0    | 
+------------+-------------+--------+--------+--------+--------+--------+------+------+------+------+-------+------+------+


Report BlackBoxes: 
+-+--------------+----------+
| |BlackBox name |Instances |
+-+--------------+----------+
+-+--------------+----------+

Report Cell Usage: 
+------+--------+------+
|      |Cell    |Count |
+------+--------+------+
|1     |CARRY4  |   982|
|2     |DSP48E1 |     2|
|3     |LUT1    |   181|
|4     |LUT2    |  1010|
|5     |LUT3    |  4609|
|6     |LUT4    |  4424|
|7     |LUT5    |  7419|
|8     |LUT6    | 30859|
|9     |MUXF7   |  4896|
|10    |MUXF8   |  2448|
|11    |FDCE    | 16861|
|12    |FDPE    |   416|
|13    |FDRE    |  7936|
+------+--------+------+
---------------------------------------------------------------------------------
Finished Writing Synthesis Report : Time (s): cpu = 00:03:47 ; elapsed = 00:01:58 . Memory (MB): peak = 2866.273 ; gain = 259.109 ; free physical = 2021 ; free virtual = 9841
---------------------------------------------------------------------------------
Synthesis finished with 0 errors, 0 critical warnings and 512 warnings.
Synthesis Optimization Runtime : Time (s): cpu = 00:03:47 ; elapsed = 00:02:01 . Memory (MB): peak = 2870.188 ; gain = 263.023 ; free physical = 6625 ; free virtual = 14439
Synthesis Optimization Complete : Time (s): cpu = 00:03:47 ; elapsed = 00:02:01 . Memory (MB): peak = 2870.188 ; gain = 263.023 ; free physical = 6636 ; free virtual = 14441
INFO: [Project 1-571] Translating synthesized netlist
Netlist sorting complete. Time (s): cpu = 00:00:00.41 ; elapsed = 00:00:00.41 . Memory (MB): peak = 2870.188 ; gain = 0.000 ; free physical = 6634 ; free virtual = 14441
INFO: [Netlist 29-17] Analyzing 8328 Unisim elements for replacement
INFO: [Netlist 29-28] Unisim Transformation completed in 0 CPU seconds
WARNING: [Netlist 29-101] Netlist 'skag_mem' is not ideal for floorplanning, since the cellview 'skag_mem' contains a large number of primitives.  Please consider enabling hierarchy in synthesis if you want to do floorplanning.
INFO: [Project 1-570] Preparing netlist for logic optimization
INFO: [Opt 31-138] Pushed 0 inverter(s) to 0 load pin(s).
Netlist sorting complete. Time (s): cpu = 00:00:00 ; elapsed = 00:00:00 . Memory (MB): peak = 2870.188 ; gain = 0.000 ; free physical = 6613 ; free virtual = 14436
INFO: [Project 1-111] Unisim Transformation Summary:
No Unisim elements were transformed.

Synth Design complete | Checksum: f52885a8
INFO: [Common 17-83] Releasing license: Synthesis
12 Infos, 101 Warnings, 0 Critical Warnings and 0 Errors encountered.
synth_design completed successfully
synth_design: Time (s): cpu = 00:03:56 ; elapsed = 00:02:10 . Memory (MB): peak = 2870.188 ; gain = 263.027 ; free physical = 6612 ; free virtual = 14435
INFO: [Common 17-2834] synth_design peak Physical Memory [PSS] (MB): overall = 8655.604; main = 2241.358; forked = 6901.612
INFO: [Common 17-2834] synth_design peak Virtual Memory [VSS] (MB): overall = 16956.488; main = 2866.277; forked = 14153.789
INFO: [Timing 38-35] Done setting XDC timing constraints.
INFO: [Timing 38-91] UpdateTimingParams: Speed grade: -1, Delay Type: min_max.
INFO: [Timing 38-191] Multithreading enabled for timing update using a maximum of 8 CPUs
WARNING: [Timing 38-493] Port clk has one or several leaf clock pins in its transitive fanout without any clock buffer on the path and no clock reaching the clock pin(s). Vivado cannot infer the clock source when no clock buffer is found on the path to a leaf clock pin.
WARNING: [Timing 38-242] The property HD.CLK_SRC of clock port "clk" is not set. In out-of-context mode, this prevents timing estimation for clock delay/skew
Resolution: Set the HD.CLK_SRC property of the out-of-context port to the location of the clock buffer instance in the top-level design
report_timing_summary: Time (s): cpu = 00:00:26 ; elapsed = 00:00:12 . Memory (MB): peak = 2901.117 ; gain = 30.930 ; free physical = 6561 ; free virtual = 14401
# run_ooc xorshift128plus [list rtl/xorshift128plus.v] $outdir $partname
Command: synth_design -top xorshift128plus -part xc7a200tfbg484-1 -mode out_of_context
Starting synth_design
Attempting to get a license for feature 'Synthesis' and/or device 'xc7a200t'
INFO: [Common 17-349] Got license for feature 'Synthesis' and/or device 'xc7a200t'
INFO: [Synth 8-7079] Multithreading enabled for synth_design using a maximum of 7 processes.
---------------------------------------------------------------------------------
Starting Synthesize : Time (s): cpu = 00:00:03 ; elapsed = 00:00:03 . Memory (MB): peak = 2901.121 ; gain = 0.000 ; free physical = 6248 ; free virtual = 14105
---------------------------------------------------------------------------------
INFO: [Synth 8-6157] synthesizing module 'xorshift128plus' [/media/shahriar-rizvi/Data/CSE/Thesis/from13March/qflow_step1_phase0/rtl/xorshift128plus.v:3]
INFO: [Synth 8-6155] done synthesizing module 'xorshift128plus' (0#1) [/media/shahriar-rizvi/Data/CSE/Thesis/from13March/qflow_step1_phase0/rtl/xorshift128plus.v:3]
---------------------------------------------------------------------------------
Finished Synthesize : Time (s): cpu = 00:00:04 ; elapsed = 00:00:04 . Memory (MB): peak = 2901.121 ; gain = 0.000 ; free physical = 6244 ; free virtual = 14110
---------------------------------------------------------------------------------
---------------------------------------------------------------------------------
Finished Constraint Validation : Time (s): cpu = 00:00:04 ; elapsed = 00:00:04 . Memory (MB): peak = 2901.121 ; gain = 0.000 ; free physical = 6243 ; free virtual = 14110
---------------------------------------------------------------------------------
---------------------------------------------------------------------------------
Start Loading Part and Timing Information
---------------------------------------------------------------------------------
Loading part: xc7a200tfbg484-1
---------------------------------------------------------------------------------
Finished Loading Part and Timing Information : Time (s): cpu = 00:00:04 ; elapsed = 00:00:04 . Memory (MB): peak = 2901.121 ; gain = 0.000 ; free physical = 6243 ; free virtual = 14110
---------------------------------------------------------------------------------
---------------------------------------------------------------------------------
Finished RTL Optimization Phase 2 : Time (s): cpu = 00:00:04 ; elapsed = 00:00:05 . Memory (MB): peak = 2901.121 ; gain = 0.000 ; free physical = 6243 ; free virtual = 14110
---------------------------------------------------------------------------------
No constraint files found.
---------------------------------------------------------------------------------
Start RTL Component Statistics 
---------------------------------------------------------------------------------
Detailed RTL Component Info : 
+---XORs : 
	   2 Input     64 Bit         XORs := 1     
	   4 Input     64 Bit         XORs := 1     
+---Registers : 
	               64 Bit    Registers := 3     
	                1 Bit    Registers := 2     
+---Muxes : 
	   2 Input   64 Bit        Muxes := 4     
	   2 Input    1 Bit        Muxes := 1     
---------------------------------------------------------------------------------
Finished RTL Component Statistics 
---------------------------------------------------------------------------------
---------------------------------------------------------------------------------
Start Part Resource Summary
---------------------------------------------------------------------------------
Part Resources:
DSPs: 740 (col length:100)
BRAMs: 730 (col length: RAMB18 100 RAMB36 50)
---------------------------------------------------------------------------------
Finished Part Resource Summary
---------------------------------------------------------------------------------
No constraint files found.
---------------------------------------------------------------------------------
Start Cross Boundary and Area Optimization
---------------------------------------------------------------------------------
WARNING: [Synth 8-7080] Parallel synthesis criteria is not met
---------------------------------------------------------------------------------
Finished Cross Boundary and Area Optimization : Time (s): cpu = 00:00:05 ; elapsed = 00:00:05 . Memory (MB): peak = 2901.121 ; gain = 0.000 ; free physical = 6247 ; free virtual = 14115
---------------------------------------------------------------------------------
No constraint files found.
---------------------------------------------------------------------------------
Start Timing Optimization
---------------------------------------------------------------------------------
---------------------------------------------------------------------------------
Finished Timing Optimization : Time (s): cpu = 00:00:05 ; elapsed = 00:00:05 . Memory (MB): peak = 2901.121 ; gain = 0.000 ; free physical = 6247 ; free virtual = 14114
---------------------------------------------------------------------------------
---------------------------------------------------------------------------------
Start Technology Mapping
---------------------------------------------------------------------------------
---------------------------------------------------------------------------------
Finished Technology Mapping : Time (s): cpu = 00:00:05 ; elapsed = 00:00:06 . Memory (MB): peak = 2901.121 ; gain = 0.000 ; free physical = 6247 ; free virtual = 14114
---------------------------------------------------------------------------------
---------------------------------------------------------------------------------
Start IO Insertion
---------------------------------------------------------------------------------
---------------------------------------------------------------------------------
Start Flattening Before IO Insertion
---------------------------------------------------------------------------------
---------------------------------------------------------------------------------
Finished Flattening Before IO Insertion
---------------------------------------------------------------------------------
---------------------------------------------------------------------------------
Start Final Netlist Cleanup
---------------------------------------------------------------------------------
---------------------------------------------------------------------------------
Finished Final Netlist Cleanup
---------------------------------------------------------------------------------
---------------------------------------------------------------------------------
Finished IO Insertion : Time (s): cpu = 00:00:07 ; elapsed = 00:00:08 . Memory (MB): peak = 2901.121 ; gain = 0.000 ; free physical = 6256 ; free virtual = 14119
---------------------------------------------------------------------------------
---------------------------------------------------------------------------------
Start Renaming Generated Instances
---------------------------------------------------------------------------------
---------------------------------------------------------------------------------
Finished Renaming Generated Instances : Time (s): cpu = 00:00:07 ; elapsed = 00:00:08 . Memory (MB): peak = 2901.121 ; gain = 0.000 ; free physical = 6256 ; free virtual = 14119
---------------------------------------------------------------------------------
---------------------------------------------------------------------------------
Start Rebuilding User Hierarchy
---------------------------------------------------------------------------------
---------------------------------------------------------------------------------
Finished Rebuilding User Hierarchy : Time (s): cpu = 00:00:07 ; elapsed = 00:00:08 . Memory (MB): peak = 2901.121 ; gain = 0.000 ; free physical = 6256 ; free virtual = 14119
---------------------------------------------------------------------------------
---------------------------------------------------------------------------------
Start Renaming Generated Ports
---------------------------------------------------------------------------------
---------------------------------------------------------------------------------
Finished Renaming Generated Ports : Time (s): cpu = 00:00:07 ; elapsed = 00:00:08 . Memory (MB): peak = 2901.121 ; gain = 0.000 ; free physical = 6256 ; free virtual = 14119
---------------------------------------------------------------------------------
---------------------------------------------------------------------------------
Start Handling Custom Attributes
---------------------------------------------------------------------------------
---------------------------------------------------------------------------------
Finished Handling Custom Attributes : Time (s): cpu = 00:00:07 ; elapsed = 00:00:08 . Memory (MB): peak = 2901.121 ; gain = 0.000 ; free physical = 6255 ; free virtual = 14122
---------------------------------------------------------------------------------
---------------------------------------------------------------------------------
Start Renaming Generated Nets
---------------------------------------------------------------------------------
---------------------------------------------------------------------------------
Finished Renaming Generated Nets : Time (s): cpu = 00:00:07 ; elapsed = 00:00:08 . Memory (MB): peak = 2901.121 ; gain = 0.000 ; free physical = 6255 ; free virtual = 14122
---------------------------------------------------------------------------------
---------------------------------------------------------------------------------
Start Writing Synthesis Report
---------------------------------------------------------------------------------

Report BlackBoxes: 
+-+--------------+----------+
| |BlackBox name |Instances |
+-+--------------+----------+
+-+--------------+----------+

Report Cell Usage: 
+------+-------+------+
|      |Cell   |Count |
+------+-------+------+
|1     |CARRY4 |    28|
|2     |LUT1   |     3|
|3     |LUT2   |    65|
|4     |LUT3   |    76|
|5     |LUT4   |   123|
|6     |LUT5   |    52|
|7     |LUT6   |    32|
|8     |FDCE   |   192|
|9     |FDPE   |     2|
+------+-------+------+
---------------------------------------------------------------------------------
Finished Writing Synthesis Report : Time (s): cpu = 00:00:07 ; elapsed = 00:00:08 . Memory (MB): peak = 2901.121 ; gain = 0.000 ; free physical = 6255 ; free virtual = 14122
---------------------------------------------------------------------------------
Synthesis finished with 0 errors, 0 critical warnings and 1 warnings.
Synthesis Optimization Runtime : Time (s): cpu = 00:00:07 ; elapsed = 00:00:08 . Memory (MB): peak = 2901.121 ; gain = 0.000 ; free physical = 6255 ; free virtual = 14122
Synthesis Optimization Complete : Time (s): cpu = 00:00:07 ; elapsed = 00:00:08 . Memory (MB): peak = 2901.125 ; gain = 0.000 ; free physical = 6255 ; free virtual = 14122
INFO: [Project 1-571] Translating synthesized netlist
Netlist sorting complete. Time (s): cpu = 00:00:00 ; elapsed = 00:00:00 . Memory (MB): peak = 2901.125 ; gain = 0.000 ; free physical = 6255 ; free virtual = 14122
INFO: [Netlist 29-17] Analyzing 28 Unisim elements for replacement
INFO: [Netlist 29-28] Unisim Transformation completed in 0 CPU seconds
INFO: [Project 1-570] Preparing netlist for logic optimization
INFO: [Opt 31-138] Pushed 0 inverter(s) to 0 load pin(s).
Netlist sorting complete. Time (s): cpu = 00:00:00 ; elapsed = 00:00:00 . Memory (MB): peak = 2901.125 ; gain = 0.000 ; free physical = 6432 ; free virtual = 14296
INFO: [Project 1-111] Unisim Transformation Summary:
No Unisim elements were transformed.

Synth Design complete | Checksum: e11689bd
INFO: [Common 17-83] Releasing license: Synthesis
11 Infos, 1 Warnings, 0 Critical Warnings and 0 Errors encountered.
synth_design completed successfully
synth_design: Time (s): cpu = 00:00:13 ; elapsed = 00:00:11 . Memory (MB): peak = 2901.125 ; gain = 0.008 ; free physical = 6432 ; free virtual = 14300
INFO: [Common 17-2834] synth_design peak Physical Memory [PSS] (MB): overall = 2289.780; main = 2289.780; forked = 0.000
INFO: [Common 17-2834] synth_design peak Virtual Memory [VSS] (MB): overall = 2901.121; main = 2901.121; forked = 0.000
INFO: [Timing 38-35] Done setting XDC timing constraints.
INFO: [Timing 38-91] UpdateTimingParams: Speed grade: -1, Delay Type: min_max.
INFO: [Timing 38-191] Multithreading enabled for timing update using a maximum of 8 CPUs
WARNING: [Timing 38-493] Port clk has one or several leaf clock pins in its transitive fanout without any clock buffer on the path and no clock reaching the clock pin(s). Vivado cannot infer the clock source when no clock buffer is found on the path to a leaf clock pin.
WARNING: [Timing 38-242] The property HD.CLK_SRC of clock port "clk" is not set. In out-of-context mode, this prevents timing estimation for clock delay/skew
Resolution: Set the HD.CLK_SRC property of the out-of-context port to the location of the clock buffer instance in the top-level design
report_timing_summary: Time (s): cpu = 00:00:07 ; elapsed = 00:00:06 . Memory (MB): peak = 2901.125 ; gain = 0.000 ; free physical = 6497 ; free virtual = 14364
# run_ooc pmo_ga_multigen [list rtl/ga_pareto_cmp.v rtl/ga_select.v rtl/ga_elitism.v rtl/ga_crossover.v rtl/ga_mutate.v rtl/pmo_ga_multigen.v] $outdir $partname
Command: synth_design -top pmo_ga_multigen -part xc7a200tfbg484-1 -mode out_of_context
Starting synth_design
Attempting to get a license for feature 'Synthesis' and/or device 'xc7a200t'
INFO: [Common 17-349] Got license for feature 'Synthesis' and/or device 'xc7a200t'
INFO: [Synth 8-7079] Multithreading enabled for synth_design using a maximum of 7 processes.
---------------------------------------------------------------------------------
Starting Synthesize : Time (s): cpu = 00:00:03 ; elapsed = 00:00:03 . Memory (MB): peak = 2909.121 ; gain = 7.996 ; free physical = 6234 ; free virtual = 14095
---------------------------------------------------------------------------------
INFO: [Synth 8-6157] synthesizing module 'pmo_ga_multigen' [/media/shahriar-rizvi/Data/CSE/Thesis/from13March/qflow_step1_phase0/rtl/pmo_ga_multigen.v:3]
INFO: [Synth 8-6157] synthesizing module 'ga_elitism' [/media/shahriar-rizvi/Data/CSE/Thesis/from13March/qflow_step1_phase0/rtl/ga_elitism.v:1]
INFO: [Synth 8-6157] synthesizing module 'ga_select' [/media/shahriar-rizvi/Data/CSE/Thesis/from13March/qflow_step1_phase0/rtl/ga_select.v:1]
INFO: [Synth 8-6157] synthesizing module 'ga_pareto_cmp' [/media/shahriar-rizvi/Data/CSE/Thesis/from13March/qflow_step1_phase0/rtl/ga_pareto_cmp.v:1]
INFO: [Synth 8-6155] done synthesizing module 'ga_pareto_cmp' (0#1) [/media/shahriar-rizvi/Data/CSE/Thesis/from13March/qflow_step1_phase0/rtl/ga_pareto_cmp.v:1]
INFO: [Synth 8-6155] done synthesizing module 'ga_select' (0#1) [/media/shahriar-rizvi/Data/CSE/Thesis/from13March/qflow_step1_phase0/rtl/ga_select.v:1]
INFO: [Synth 8-6155] done synthesizing module 'ga_elitism' (0#1) [/media/shahriar-rizvi/Data/CSE/Thesis/from13March/qflow_step1_phase0/rtl/ga_elitism.v:1]
INFO: [Synth 8-6157] synthesizing module 'ga_crossover' [/media/shahriar-rizvi/Data/CSE/Thesis/from13March/qflow_step1_phase0/rtl/ga_crossover.v:1]
INFO: [Synth 8-6155] done synthesizing module 'ga_crossover' (0#1) [/media/shahriar-rizvi/Data/CSE/Thesis/from13March/qflow_step1_phase0/rtl/ga_crossover.v:1]
INFO: [Synth 8-6157] synthesizing module 'ga_mutate' [/media/shahriar-rizvi/Data/CSE/Thesis/from13March/qflow_step1_phase0/rtl/ga_mutate.v:1]
INFO: [Synth 8-6155] done synthesizing module 'ga_mutate' (0#1) [/media/shahriar-rizvi/Data/CSE/Thesis/from13March/qflow_step1_phase0/rtl/ga_mutate.v:1]
INFO: [Synth 8-226] default block is never used [/media/shahriar-rizvi/Data/CSE/Thesis/from13March/qflow_step1_phase0/rtl/pmo_ga_multigen.v:93]
INFO: [Synth 8-6155] done synthesizing module 'pmo_ga_multigen' (0#1) [/media/shahriar-rizvi/Data/CSE/Thesis/from13March/qflow_step1_phase0/rtl/pmo_ga_multigen.v:3]
WARNING: [Synth 8-7129] Port parent_b_gene_i[15] in module ga_crossover is either unconnected or has no load
WARNING: [Synth 8-7129] Port parent_b_gene_i[14] in module ga_crossover is either unconnected or has no load
WARNING: [Synth 8-7129] Port parent_b_gene_i[13] in module ga_crossover is either unconnected or has no load
WARNING: [Synth 8-7129] Port parent_b_gene_i[12] in module ga_crossover is either unconnected or has no load
WARNING: [Synth 8-7129] Port parent_b_gene_i[11] in module ga_crossover is either unconnected or has no load
WARNING: [Synth 8-7129] Port parent_b_gene_i[10] in module ga_crossover is either unconnected or has no load
WARNING: [Synth 8-7129] Port parent_b_gene_i[9] in module ga_crossover is either unconnected or has no load
WARNING: [Synth 8-7129] Port parent_b_gene_i[8] in module ga_crossover is either unconnected or has no load
---------------------------------------------------------------------------------
Finished Synthesize : Time (s): cpu = 00:00:04 ; elapsed = 00:00:04 . Memory (MB): peak = 2909.121 ; gain = 7.996 ; free physical = 6243 ; free virtual = 14112
---------------------------------------------------------------------------------
---------------------------------------------------------------------------------
Finished Constraint Validation : Time (s): cpu = 00:00:04 ; elapsed = 00:00:04 . Memory (MB): peak = 2909.121 ; gain = 7.996 ; free physical = 6246 ; free virtual = 14114
---------------------------------------------------------------------------------
---------------------------------------------------------------------------------
Start Loading Part and Timing Information
---------------------------------------------------------------------------------
Loading part: xc7a200tfbg484-1
---------------------------------------------------------------------------------
Finished Loading Part and Timing Information : Time (s): cpu = 00:00:04 ; elapsed = 00:00:04 . Memory (MB): peak = 2909.121 ; gain = 7.996 ; free physical = 6246 ; free virtual = 14114
---------------------------------------------------------------------------------
INFO: [Synth 8-802] inferred FSM for state register 'state_r_reg' in module 'pmo_ga_multigen'
---------------------------------------------------------------------------------------------------
                   State |                     New Encoding |                Previous Encoding 
---------------------------------------------------------------------------------------------------
                 ST_IDLE |                             0001 |                               00
                ST_CLEAR |                             0010 |                               01
                ST_ISSUE |                             0100 |                               10
                 ST_DONE |                             1000 |                               11
---------------------------------------------------------------------------------------------------
INFO: [Synth 8-3354] encoded FSM with state register 'state_r_reg' using encoding 'one-hot' in module 'pmo_ga_multigen'
---------------------------------------------------------------------------------
Finished RTL Optimization Phase 2 : Time (s): cpu = 00:00:04 ; elapsed = 00:00:05 . Memory (MB): peak = 2909.121 ; gain = 7.996 ; free physical = 6245 ; free virtual = 14115
---------------------------------------------------------------------------------
No constraint files found.
---------------------------------------------------------------------------------
Start RTL Component Statistics 
---------------------------------------------------------------------------------
Detailed RTL Component Info : 
+---Adders : 
	   2 Input    4 Bit       Adders := 2     
+---XORs : 
	   2 Input     16 Bit         XORs := 1     
+---Registers : 
	               32 Bit    Registers := 2     
	               16 Bit    Registers := 10    
	                4 Bit    Registers := 2     
	                2 Bit    Registers := 1     
	                1 Bit    Registers := 6     
+---Muxes : 
	   2 Input   32 Bit        Muxes := 6     
	   2 Input   16 Bit        Muxes := 20    
	   4 Input   16 Bit        Muxes := 3     
	   2 Input    4 Bit        Muxes := 2     
	   4 Input    4 Bit        Muxes := 3     
	   2 Input    2 Bit        Muxes := 1     
	   4 Input    2 Bit        Muxes := 1     
	   2 Input    1 Bit        Muxes := 13    
	   4 Input    1 Bit        Muxes := 10    
---------------------------------------------------------------------------------
Finished RTL Component Statistics 
---------------------------------------------------------------------------------
---------------------------------------------------------------------------------
Start Part Resource Summary
---------------------------------------------------------------------------------
Part Resources:
DSPs: 740 (col length:100)
BRAMs: 730 (col length: RAMB18 100 RAMB36 50)
---------------------------------------------------------------------------------
Finished Part Resource Summary
---------------------------------------------------------------------------------
No constraint files found.
---------------------------------------------------------------------------------
Start Cross Boundary and Area Optimization
---------------------------------------------------------------------------------
WARNING: [Synth 8-7080] Parallel synthesis criteria is not met
---------------------------------------------------------------------------------
Finished Cross Boundary and Area Optimization : Time (s): cpu = 00:00:06 ; elapsed = 00:00:06 . Memory (MB): peak = 2909.121 ; gain = 7.996 ; free physical = 6265 ; free virtual = 14130
---------------------------------------------------------------------------------
No constraint files found.
---------------------------------------------------------------------------------
Start Timing Optimization
---------------------------------------------------------------------------------
---------------------------------------------------------------------------------
Finished Timing Optimization : Time (s): cpu = 00:00:06 ; elapsed = 00:00:06 . Memory (MB): peak = 2909.121 ; gain = 7.996 ; free physical = 6265 ; free virtual = 14134
---------------------------------------------------------------------------------
---------------------------------------------------------------------------------
Start Technology Mapping
---------------------------------------------------------------------------------
---------------------------------------------------------------------------------
Finished Technology Mapping : Time (s): cpu = 00:00:06 ; elapsed = 00:00:06 . Memory (MB): peak = 2909.121 ; gain = 7.996 ; free physical = 6264 ; free virtual = 14134
---------------------------------------------------------------------------------
---------------------------------------------------------------------------------
Start IO Insertion
---------------------------------------------------------------------------------
---------------------------------------------------------------------------------
Start Flattening Before IO Insertion
---------------------------------------------------------------------------------
---------------------------------------------------------------------------------
Finished Flattening Before IO Insertion
---------------------------------------------------------------------------------
---------------------------------------------------------------------------------
Start Final Netlist Cleanup
---------------------------------------------------------------------------------
---------------------------------------------------------------------------------
Finished Final Netlist Cleanup
---------------------------------------------------------------------------------
---------------------------------------------------------------------------------
Finished IO Insertion : Time (s): cpu = 00:00:08 ; elapsed = 00:00:08 . Memory (MB): peak = 2909.121 ; gain = 7.996 ; free physical = 6280 ; free virtual = 14145
---------------------------------------------------------------------------------
---------------------------------------------------------------------------------
Start Renaming Generated Instances
---------------------------------------------------------------------------------
---------------------------------------------------------------------------------
Finished Renaming Generated Instances : Time (s): cpu = 00:00:08 ; elapsed = 00:00:08 . Memory (MB): peak = 2909.121 ; gain = 7.996 ; free physical = 6280 ; free virtual = 14145
---------------------------------------------------------------------------------
---------------------------------------------------------------------------------
Start Rebuilding User Hierarchy
---------------------------------------------------------------------------------
---------------------------------------------------------------------------------
Finished Rebuilding User Hierarchy : Time (s): cpu = 00:00:08 ; elapsed = 00:00:08 . Memory (MB): peak = 2909.121 ; gain = 7.996 ; free physical = 6280 ; free virtual = 14145
---------------------------------------------------------------------------------
---------------------------------------------------------------------------------
Start Renaming Generated Ports
---------------------------------------------------------------------------------
---------------------------------------------------------------------------------
Finished Renaming Generated Ports : Time (s): cpu = 00:00:08 ; elapsed = 00:00:08 . Memory (MB): peak = 2909.121 ; gain = 7.996 ; free physical = 6280 ; free virtual = 14145
---------------------------------------------------------------------------------
---------------------------------------------------------------------------------
Start Handling Custom Attributes
---------------------------------------------------------------------------------
---------------------------------------------------------------------------------
Finished Handling Custom Attributes : Time (s): cpu = 00:00:08 ; elapsed = 00:00:08 . Memory (MB): peak = 2909.121 ; gain = 7.996 ; free physical = 6280 ; free virtual = 14149
---------------------------------------------------------------------------------
---------------------------------------------------------------------------------
Start Renaming Generated Nets
---------------------------------------------------------------------------------
---------------------------------------------------------------------------------
Finished Renaming Generated Nets : Time (s): cpu = 00:00:08 ; elapsed = 00:00:08 . Memory (MB): peak = 2909.121 ; gain = 7.996 ; free physical = 6279 ; free virtual = 14149
---------------------------------------------------------------------------------
---------------------------------------------------------------------------------
Start Writing Synthesis Report
---------------------------------------------------------------------------------

Report BlackBoxes: 
+-+--------------+----------+
| |BlackBox name |Instances |
+-+--------------+----------+
+-+--------------+----------+

Report Cell Usage: 
+------+-------+------+
|      |Cell   |Count |
+------+-------+------+
|1     |CARRY4 |    48|
|2     |LUT1   |     1|
|3     |LUT2   |    36|
|4     |LUT3   |     4|
|5     |LUT4   |   390|
|6     |LUT5   |    96|
|7     |LUT6   |    12|
|8     |FDCE   |   147|
|9     |FDPE   |     1|
+------+-------+------+
---------------------------------------------------------------------------------
Finished Writing Synthesis Report : Time (s): cpu = 00:00:08 ; elapsed = 00:00:08 . Memory (MB): peak = 2909.121 ; gain = 7.996 ; free physical = 6279 ; free virtual = 14149
---------------------------------------------------------------------------------
Synthesis finished with 0 errors, 0 critical warnings and 9 warnings.
Synthesis Optimization Runtime : Time (s): cpu = 00:00:08 ; elapsed = 00:00:08 . Memory (MB): peak = 2909.121 ; gain = 7.996 ; free physical = 6279 ; free virtual = 14149
Synthesis Optimization Complete : Time (s): cpu = 00:00:08 ; elapsed = 00:00:08 . Memory (MB): peak = 2909.129 ; gain = 7.996 ; free physical = 6279 ; free virtual = 14149
INFO: [Project 1-571] Translating synthesized netlist
Netlist sorting complete. Time (s): cpu = 00:00:00.01 ; elapsed = 00:00:00.01 . Memory (MB): peak = 2909.129 ; gain = 0.000 ; free physical = 6279 ; free virtual = 14149
INFO: [Netlist 29-17] Analyzing 48 Unisim elements for replacement
INFO: [Netlist 29-28] Unisim Transformation completed in 0 CPU seconds
INFO: [Project 1-570] Preparing netlist for logic optimization
INFO: [Opt 31-138] Pushed 0 inverter(s) to 0 load pin(s).
Netlist sorting complete. Time (s): cpu = 00:00:00 ; elapsed = 00:00:00 . Memory (MB): peak = 2909.129 ; gain = 0.000 ; free physical = 6443 ; free virtual = 14308
INFO: [Project 1-111] Unisim Transformation Summary:
No Unisim elements were transformed.

Synth Design complete | Checksum: ea6e9ca3
INFO: [Common 17-83] Releasing license: Synthesis
24 Infos, 9 Warnings, 0 Critical Warnings and 0 Errors encountered.
synth_design completed successfully
synth_design: Time (s): cpu = 00:00:14 ; elapsed = 00:00:11 . Memory (MB): peak = 2909.129 ; gain = 8.004 ; free physical = 6436 ; free virtual = 14305
INFO: [Common 17-2834] synth_design peak Physical Memory [PSS] (MB): overall = 2289.558; main = 2289.558; forked = 0.000
INFO: [Common 17-2834] synth_design peak Virtual Memory [VSS] (MB): overall = 2909.125; main = 2909.125; forked = 0.000
INFO: [Timing 38-35] Done setting XDC timing constraints.
INFO: [Timing 38-91] UpdateTimingParams: Speed grade: -1, Delay Type: min_max.
INFO: [Timing 38-191] Multithreading enabled for timing update using a maximum of 8 CPUs
WARNING: [Timing 38-493] Port clk has one or several leaf clock pins in its transitive fanout without any clock buffer on the path and no clock reaching the clock pin(s). Vivado cannot infer the clock source when no clock buffer is found on the path to a leaf clock pin.
WARNING: [Timing 38-242] The property HD.CLK_SRC of clock port "clk" is not set. In out-of-context mode, this prevents timing estimation for clock delay/skew
Resolution: Set the HD.CLK_SRC property of the out-of-context port to the location of the clock buffer instance in the top-level design
report_timing_summary: Time (s): cpu = 00:00:05 ; elapsed = 00:00:05 . Memory (MB): peak = 2909.129 ; gain = 0.000 ; free physical = 6475 ; free virtual = 14345
# exit
INFO: [Common 17-206] Exiting Vivado at Sat Mar 14 05:11:48 2026...
