#! /usr/bin/vvp
:ivl_version "12.0 (stable)";
:ivl_delay_selection "TYPICAL";
:vpi_time_precision - 12;
:vpi_module "/usr/lib/x86_64-linux-gnu/ivl/system.vpi";
:vpi_module "/usr/lib/x86_64-linux-gnu/ivl/vhdl_sys.vpi";
:vpi_module "/usr/lib/x86_64-linux-gnu/ivl/vhdl_textio.vpi";
:vpi_module "/usr/lib/x86_64-linux-gnu/ivl/v2005_math.vpi";
:vpi_module "/usr/lib/x86_64-linux-gnu/ivl/va_math.vpi";
:vpi_module "/usr/lib/x86_64-linux-gnu/ivl/v2009.vpi";
S_0x5a7742639fa0 .scope package, "$unit" "$unit" 2 1;
 .timescale 0 0;
S_0x5a774260d080 .scope module, "tb_fdpe" "tb_fdpe" 3 3;
 .timescale -9 -12;
P_0x5a774262bce0 .param/l "CLK_PERIOD_NS" 1 3 4, +C4<00000000000000000000000000001010>;
P_0x5a774262bd20 .param/l "MAX_VECTORS" 1 3 5, +C4<00000000000000000000000100000000>;
P_0x5a774262bd60 .param/l "TOL_LSB" 1 3 6, +C4<00000000000000000000000000000010>;
v0x5a774265cc30_0 .var/s "_ivl_0", 31 0;
v0x5a774265cd30_0 .var/s "_ivl_1", 31 0;
v0x5a774265ce10_0 .var/s "_ivl_2", 31 0;
v0x5a774265ced0_0 .var/i "abs_diff", 31 0;
v0x5a774265cfb0_0 .var "clk", 0 0;
v0x5a774265d050 .array "exp_queue", 255 0, 15 0;
v0x5a774265d0f0_0 .var "f_init_q016_i", 15 0;
v0x5a774265d1e0 .array "f_queue", 255 0, 15 0;
v0x5a774265d280_0 .var/i "fail_count", 31 0;
v0x5a774265d360_0 .net "fidelity_q016_o", 15 0, v0x5a774265b440_0;  1 drivers
v0x5a774265d450_0 .var/i "i", 31 0;
v0x5a774265d510 .array "id_queue", 255 0, 7 0;
v0x5a774265d5d0_0 .var/i "in_count", 31 0;
v0x5a774265d6b0_0 .var/i "log_fd", 31 0;
v0x5a774265d790_0 .var/str "log_file";
v0x5a774265d850_0 .var/i "max_abs_diff", 31 0;
v0x5a774265d930_0 .var/i "out_count", 31 0;
v0x5a774265da10_0 .var/i "pass_count", 31 0;
v0x5a774265daf0_0 .var "rst_n", 0 0;
v0x5a774265dbc0_0 .var/i "summary_fd", 31 0;
v0x5a774265dc80_0 .var/str "summary_file";
v0x5a774265dd40_0 .var "valid_i", 0 0;
v0x5a774265de10_0 .net "valid_o", 0 0, v0x5a774265c9b0_0;  1 drivers
v0x5a774265dee0 .array "vec_mem", 255 0, 56 0;
v0x5a774265df80_0 .var/i "vector_count", 31 0;
v0x5a774265e040_0 .var/str "vectors_file";
v0x5a774265e100_0 .var "x_q4_13_i", 16 0;
v0x5a774265e1f0 .array "x_queue", 255 0, 16 0;
E_0x5a77425fccc0 .event posedge, v0x5a774265b0e0_0;
E_0x5a77425fc430 .event anyedge, v0x5a774265d930_0, v0x5a774265df80_0;
S_0x5a774260d300 .scope module, "dut" "fdpe" 3 39, 4 3 0, S_0x5a774260d080;
 .timescale -9 -12;
    .port_info 0 /INPUT 1 "clk";
    .port_info 1 /INPUT 1 "rst_n";
    .port_info 2 /INPUT 1 "valid_i";
    .port_info 3 /INPUT 17 "x_q4_13_i";
    .port_info 4 /INPUT 16 "f_init_q016_i";
    .port_info 5 /OUTPUT 1 "valid_o";
    .port_info 6 /OUTPUT 16 "fidelity_q016_o";
P_0x5a774261a8d0 .param/l "F_BITS" 0 4 7, +C4<00000000000000000000000000010000>;
P_0x5a774261a910 .param/l "LUT_ENTRIES" 0 4 4, +C4<00000000000000000000000100000000>;
P_0x5a774261a950 .param/str "LUT_FILE" 0 4 9, "results/phase1/exp_lut.hex";
P_0x5a774261a990 .param/l "LUT_STEP_SHIFT" 1 4 20, +C4<00000000000000000000000000001000>;
P_0x5a774261a9d0 .param/l "PIPE_STAGES" 0 4 8, +C4<00000000000000000000000000000011>;
P_0x5a774261aa10 .param/l "X_BITS" 0 4 5, +C4<00000000000000000000000000010001>;
P_0x5a774261aa50 .param/l "X_EIGHT_Q4_13" 1 4 21, +C4<00000000000000010000000000000000>;
P_0x5a774261aa90 .param/l "X_FRAC_BITS" 0 4 6, +C4<00000000000000000000000000001101>;
L_0x5a774262feb0 .functor BUFZ 16, L_0x5a774265e400, C4<0000000000000000>, C4<0000000000000000>, C4<0000000000000000>;
L_0x7677baa40060 .functor BUFT 1, C4<11111111>, C4<0>, C4<0>, C4<0>;
v0x5a774262ffd0_0 .net/2u *"_ivl_12", 7 0, L_0x7677baa40060;  1 drivers
v0x5a7742632120_0 .net *"_ivl_14", 0 0, L_0x5a774265e6f0;  1 drivers
v0x5a7742632ca0_0 .net *"_ivl_16", 15 0, L_0x5a774265e860;  1 drivers
v0x5a7742624ba0_0 .net *"_ivl_18", 9 0, L_0x5a774265e940;  1 drivers
L_0x7677baa400a8 .functor BUFT 1, C4<00>, C4<0>, C4<0>, C4<0>;
v0x5a7742624c70_0 .net *"_ivl_21", 1 0, L_0x7677baa400a8;  1 drivers
v0x5a7742626470_0 .net *"_ivl_22", 15 0, L_0x5a774265ea80;  1 drivers
L_0x7677baa400f0 .functor BUFT 1, C4<00000001>, C4<0>, C4<0>, C4<0>;
v0x5a7742626510_0 .net/2u *"_ivl_24", 7 0, L_0x7677baa400f0;  1 drivers
v0x5a7742658f70_0 .net *"_ivl_26", 7 0, L_0x5a774265ebd0;  1 drivers
v0x5a7742659050_0 .net *"_ivl_28", 9 0, L_0x5a774265eca0;  1 drivers
L_0x7677baa40138 .functor BUFT 1, C4<00>, C4<0>, C4<0>, C4<0>;
v0x5a7742659130_0 .net *"_ivl_31", 1 0, L_0x7677baa40138;  1 drivers
L_0x7677baa40180 .functor BUFT 1, C4<0>, C4<0>, C4<0>, C4<0>;
v0x5a7742659210_0 .net/2u *"_ivl_34", 0 0, L_0x7677baa40180;  1 drivers
v0x5a77426592f0_0 .net *"_ivl_36", 16 0, L_0x5a774265f020;  1 drivers
v0x5a77426593d0_0 .net/s *"_ivl_38", 17 0, L_0x5a774265f1d0;  1 drivers
v0x5a77426594b0_0 .net *"_ivl_4", 15 0, L_0x5a774265e400;  1 drivers
L_0x7677baa401c8 .functor BUFT 1, C4<0>, C4<0>, C4<0>, C4<0>;
v0x5a7742659590_0 .net/2u *"_ivl_40", 0 0, L_0x7677baa401c8;  1 drivers
v0x5a7742659670_0 .net *"_ivl_42", 16 0, L_0x5a774265f2c0;  1 drivers
v0x5a7742659750_0 .net/s *"_ivl_44", 17 0, L_0x5a774265f480;  1 drivers
v0x5a7742659830_0 .net/s *"_ivl_48", 25 0, L_0x5a774265f740;  1 drivers
L_0x7677baa40210 .functor BUFT 1, C4<0>, C4<0>, C4<0>, C4<0>;
v0x5a7742659910_0 .net/2u *"_ivl_50", 0 0, L_0x7677baa40210;  1 drivers
v0x5a77426599f0_0 .net *"_ivl_52", 8 0, L_0x5a774265f830;  1 drivers
v0x5a7742659ad0_0 .net/s *"_ivl_54", 25 0, L_0x5a774265f9c0;  1 drivers
v0x5a7742659bb0_0 .net/s *"_ivl_58", 31 0, L_0x5a774265f920;  1 drivers
v0x5a7742659c90_0 .net *"_ivl_6", 9 0, L_0x5a774265e500;  1 drivers
L_0x7677baa40258 .functor BUFT 1, C4<00000000000000000000000000000000>, C4<0>, C4<0>, C4<0>;
v0x5a7742659d70_0 .net/2s *"_ivl_60", 31 0, L_0x7677baa40258;  1 drivers
v0x5a7742659e50_0 .net *"_ivl_62", 0 0, L_0x5a774266fd00;  1 drivers
L_0x7677baa402a0 .functor BUFT 1, C4<0>, C4<0>, C4<0>, C4<0>;
v0x5a7742659f10_0 .net/2u *"_ivl_64", 0 0, L_0x7677baa402a0;  1 drivers
v0x5a7742659ff0_0 .net *"_ivl_66", 16 0, L_0x5a774266fe60;  1 drivers
v0x5a774265a0d0_0 .net/s *"_ivl_68", 25 0, L_0x5a774266ff50;  1 drivers
L_0x7677baa402e8 .functor BUFT 1, C4<00000000000000000010000000>, C4<0>, C4<0>, C4<0>;
v0x5a774265a1b0_0 .net/2s *"_ivl_70", 25 0, L_0x7677baa402e8;  1 drivers
v0x5a774265a290_0 .net/s *"_ivl_72", 25 0, L_0x5a7742670110;  1 drivers
v0x5a774265a370_0 .net *"_ivl_74", 25 0, L_0x5a77426703d0;  1 drivers
v0x5a774265a450_0 .net *"_ivl_76", 17 0, L_0x5a7742670200;  1 drivers
v0x5a774265a530_0 .net/s *"_ivl_78", 25 0, L_0x5a77426704c0;  1 drivers
L_0x7677baa40330 .functor BUFT 1, C4<0>, C4<0>, C4<0>, C4<0>;
v0x5a774265a820_0 .net/2u *"_ivl_80", 0 0, L_0x7677baa40330;  1 drivers
v0x5a774265a900_0 .net *"_ivl_82", 16 0, L_0x5a77426706f0;  1 drivers
v0x5a774265a9e0_0 .net/s *"_ivl_84", 25 0, L_0x5a7742670820;  1 drivers
L_0x7677baa40378 .functor BUFT 1, C4<00000000000000000010000000>, C4<0>, C4<0>, C4<0>;
v0x5a774265aac0_0 .net/2s *"_ivl_86", 25 0, L_0x7677baa40378;  1 drivers
v0x5a774265aba0_0 .net/s *"_ivl_88", 25 0, L_0x5a7742670a10;  1 drivers
L_0x7677baa40018 .functor BUFT 1, C4<00>, C4<0>, C4<0>, C4<0>;
v0x5a774265ac80_0 .net *"_ivl_9", 1 0, L_0x7677baa40018;  1 drivers
v0x5a774265ad60_0 .net *"_ivl_90", 25 0, L_0x5a7742670d40;  1 drivers
v0x5a774265ae40_0 .net *"_ivl_92", 17 0, L_0x5a7742670b40;  1 drivers
v0x5a774265af20_0 .net/s *"_ivl_94", 25 0, L_0x5a7742670e30;  1 drivers
v0x5a774265b000_0 .net *"_ivl_96", 25 0, L_0x5a7742671090;  1 drivers
v0x5a774265b0e0_0 .net "clk", 0 0, v0x5a774265cfb0_0;  1 drivers
v0x5a774265b1a0_0 .net/s "diff_w", 17 0, L_0x5a774265f570;  1 drivers
v0x5a774265b280_0 .var/i "div_tmp", 31 0;
v0x5a774265b360_0 .net "f_init_q016_i", 15 0, v0x5a774265d0f0_0;  1 drivers
v0x5a774265b440_0 .var "fidelity_q016_o", 15 0;
v0x5a774265b520_0 .net "frac_w", 7 0, L_0x5a774265e360;  1 drivers
v0x5a774265b600_0 .net "idx_w", 7 0, L_0x5a774265e290;  1 drivers
v0x5a774265b6e0_0 .net/s "interp_w", 17 0, L_0x5a7742671220;  1 drivers
v0x5a774265b7c0 .array "lut_mem", 255 0, 15 0;
v0x5a774265b880_0 .net "lut_y0_w", 15 0, L_0x5a774262feb0;  1 drivers
v0x5a774265b960_0 .net "lut_y1_w", 15 0, L_0x5a774265ee90;  1 drivers
v0x5a774265ba40_0 .net/s "prod_w", 25 0, L_0x5a774265fab0;  1 drivers
v0x5a774265bb20_0 .net "rst_n", 0 0, v0x5a774265daf0_0;  1 drivers
v0x5a774265bbe0_0 .var "s0_endpoint_zero", 0 0;
v0x5a774265bca0_0 .var "s0_f_init", 15 0;
v0x5a774265bd80_0 .var "s0_frac", 7 0;
v0x5a774265be60_0 .var "s0_idx", 7 0;
v0x5a774265bf40_0 .var "s0_valid", 0 0;
v0x5a774265c000_0 .var "s1_decay", 15 0;
v0x5a774265c0e0_0 .var "s1_endpoint_zero", 0 0;
v0x5a774265c1a0_0 .var "s1_f_init", 15 0;
v0x5a774265c280_0 .var "s1_valid", 0 0;
v0x5a774265c750_0 .var "s2_result", 15 0;
v0x5a774265c830_0 .var "s2_valid", 0 0;
v0x5a774265c8f0_0 .net "valid_i", 0 0, v0x5a774265dd40_0;  1 drivers
v0x5a774265c9b0_0 .var "valid_o", 0 0;
v0x5a774265ca70_0 .net "x_q4_13_i", 16 0, v0x5a774265e100_0;  1 drivers
E_0x5a77425e6780/0 .event negedge, v0x5a774265bb20_0;
E_0x5a77425e6780/1 .event posedge, v0x5a774265b0e0_0;
E_0x5a77425e6780 .event/or E_0x5a77425e6780/0, E_0x5a77425e6780/1;
L_0x5a774265e290 .part v0x5a774265e100_0, 8, 8;
L_0x5a774265e360 .part v0x5a774265e100_0, 0, 8;
L_0x5a774265e400 .array/port v0x5a774265b7c0, L_0x5a774265e500;
L_0x5a774265e500 .concat [ 8 2 0 0], v0x5a774265be60_0, L_0x7677baa40018;
L_0x5a774265e6f0 .cmp/eq 8, v0x5a774265be60_0, L_0x7677baa40060;
L_0x5a774265e860 .array/port v0x5a774265b7c0, L_0x5a774265e940;
L_0x5a774265e940 .concat [ 8 2 0 0], v0x5a774265be60_0, L_0x7677baa400a8;
L_0x5a774265ea80 .array/port v0x5a774265b7c0, L_0x5a774265eca0;
L_0x5a774265ebd0 .arith/sum 8, v0x5a774265be60_0, L_0x7677baa400f0;
L_0x5a774265eca0 .concat [ 8 2 0 0], L_0x5a774265ebd0, L_0x7677baa40138;
L_0x5a774265ee90 .functor MUXZ 16, L_0x5a774265ea80, L_0x5a774265e860, L_0x5a774265e6f0, C4<>;
L_0x5a774265f020 .concat [ 16 1 0 0], L_0x5a774265ee90, L_0x7677baa40180;
L_0x5a774265f1d0 .extend/s 18, L_0x5a774265f020;
L_0x5a774265f2c0 .concat [ 16 1 0 0], L_0x5a774262feb0, L_0x7677baa401c8;
L_0x5a774265f480 .extend/s 18, L_0x5a774265f2c0;
L_0x5a774265f570 .arith/sub 18, L_0x5a774265f1d0, L_0x5a774265f480;
L_0x5a774265f740 .extend/s 26, L_0x5a774265f570;
L_0x5a774265f830 .concat [ 8 1 0 0], v0x5a774265bd80_0, L_0x7677baa40210;
L_0x5a774265f9c0 .extend/s 26, L_0x5a774265f830;
L_0x5a774265fab0 .arith/mult 26, L_0x5a774265f740, L_0x5a774265f9c0;
L_0x5a774265f920 .extend/s 32, L_0x5a774265fab0;
L_0x5a774266fd00 .cmp/ge.s 32, L_0x5a774265f920, L_0x7677baa40258;
L_0x5a774266fe60 .concat [ 16 1 0 0], L_0x5a774262feb0, L_0x7677baa402a0;
L_0x5a774266ff50 .extend/s 26, L_0x5a774266fe60;
L_0x5a7742670110 .arith/sum 26, L_0x5a774265fab0, L_0x7677baa402e8;
L_0x5a7742670200 .part L_0x5a7742670110, 8, 18;
L_0x5a77426703d0 .extend/s 26, L_0x5a7742670200;
L_0x5a77426704c0 .arith/sum 26, L_0x5a774266ff50, L_0x5a77426703d0;
L_0x5a77426706f0 .concat [ 16 1 0 0], L_0x5a774262feb0, L_0x7677baa40330;
L_0x5a7742670820 .extend/s 26, L_0x5a77426706f0;
L_0x5a7742670a10 .arith/sub 26, L_0x5a774265fab0, L_0x7677baa40378;
L_0x5a7742670b40 .part L_0x5a7742670a10, 8, 18;
L_0x5a7742670d40 .extend/s 26, L_0x5a7742670b40;
L_0x5a7742670e30 .arith/sum 26, L_0x5a7742670820, L_0x5a7742670d40;
L_0x5a7742671090 .functor MUXZ 26, L_0x5a7742670e30, L_0x5a77426704c0, L_0x5a774266fd00, C4<>;
L_0x5a7742671220 .part L_0x5a7742671090, 0, 18;
    .scope S_0x5a774260d300;
T_0 ;
    %vpi_call/w 4 26 "$display", "[FDPE] Loading LUT from %s", P_0x5a774261a950 {0 0 0};
    %vpi_call/w 4 27 "$readmemh", P_0x5a774261a950, v0x5a774265b7c0 {0 0 0};
    %end;
    .thread T_0;
    .scope S_0x5a774260d300;
T_1 ;
    %wait E_0x5a77425e6780;
    %load/vec4 v0x5a774265bb20_0;
    %nor/r;
    %flag_set/vec4 8;
    %jmp/0xz  T_1.0, 8;
    %pushi/vec4 0, 0, 1;
    %assign/vec4 v0x5a774265bf40_0, 0;
    %pushi/vec4 0, 0, 1;
    %assign/vec4 v0x5a774265bbe0_0, 0;
    %pushi/vec4 0, 0, 8;
    %assign/vec4 v0x5a774265be60_0, 0;
    %pushi/vec4 0, 0, 8;
    %assign/vec4 v0x5a774265bd80_0, 0;
    %pushi/vec4 0, 0, 16;
    %assign/vec4 v0x5a774265bca0_0, 0;
    %jmp T_1.1;
T_1.0 ;
    %load/vec4 v0x5a774265c8f0_0;
    %assign/vec4 v0x5a774265bf40_0, 0;
    %load/vec4 v0x5a774265b360_0;
    %assign/vec4 v0x5a774265bca0_0, 0;
    %load/vec4 v0x5a774265c8f0_0;
    %flag_set/vec4 8;
    %jmp/0xz  T_1.2, 8;
    %load/vec4 v0x5a774265ca70_0;
    %pad/u 32;
    %cmpi/u 65536, 0, 32;
    %flag_inv 5; GE is !LT
    %jmp/0xz  T_1.4, 5;
    %pushi/vec4 1, 0, 1;
    %assign/vec4 v0x5a774265bbe0_0, 0;
    %pushi/vec4 0, 0, 8;
    %assign/vec4 v0x5a774265be60_0, 0;
    %pushi/vec4 0, 0, 8;
    %assign/vec4 v0x5a774265bd80_0, 0;
    %jmp T_1.5;
T_1.4 ;
    %pushi/vec4 0, 0, 1;
    %assign/vec4 v0x5a774265bbe0_0, 0;
    %load/vec4 v0x5a774265b600_0;
    %assign/vec4 v0x5a774265be60_0, 0;
    %load/vec4 v0x5a774265b520_0;
    %assign/vec4 v0x5a774265bd80_0, 0;
T_1.5 ;
T_1.2 ;
T_1.1 ;
    %jmp T_1;
    .thread T_1;
    .scope S_0x5a774260d300;
T_2 ;
    %wait E_0x5a77425e6780;
    %load/vec4 v0x5a774265bb20_0;
    %nor/r;
    %flag_set/vec4 8;
    %jmp/0xz  T_2.0, 8;
    %pushi/vec4 0, 0, 1;
    %assign/vec4 v0x5a774265c280_0, 0;
    %pushi/vec4 0, 0, 1;
    %assign/vec4 v0x5a774265c0e0_0, 0;
    %pushi/vec4 0, 0, 16;
    %assign/vec4 v0x5a774265c1a0_0, 0;
    %pushi/vec4 0, 0, 16;
    %assign/vec4 v0x5a774265c000_0, 0;
    %jmp T_2.1;
T_2.0 ;
    %load/vec4 v0x5a774265bf40_0;
    %assign/vec4 v0x5a774265c280_0, 0;
    %load/vec4 v0x5a774265bbe0_0;
    %assign/vec4 v0x5a774265c0e0_0, 0;
    %load/vec4 v0x5a774265bca0_0;
    %assign/vec4 v0x5a774265c1a0_0, 0;
    %load/vec4 v0x5a774265bf40_0;
    %flag_set/vec4 8;
    %jmp/0xz  T_2.2, 8;
    %load/vec4 v0x5a774265bbe0_0;
    %flag_set/vec4 8;
    %jmp/0xz  T_2.4, 8;
    %pushi/vec4 0, 0, 16;
    %assign/vec4 v0x5a774265c000_0, 0;
    %jmp T_2.5;
T_2.4 ;
    %load/vec4 v0x5a774265b6e0_0;
    %pad/s 32;
    %cmpi/s 0, 0, 32;
    %jmp/0xz  T_2.6, 5;
    %pushi/vec4 0, 0, 16;
    %assign/vec4 v0x5a774265c000_0, 0;
    %jmp T_2.7;
T_2.6 ;
    %load/vec4 v0x5a774265b6e0_0;
    %cmpi/s 65535, 0, 18;
    %flag_or 5, 4; GT is !LE
    %flag_inv 5;
    %jmp/0xz  T_2.8, 5;
    %pushi/vec4 65535, 0, 16;
    %assign/vec4 v0x5a774265c000_0, 0;
    %jmp T_2.9;
T_2.8 ;
    %load/vec4 v0x5a774265b6e0_0;
    %parti/s 16, 0, 2;
    %assign/vec4 v0x5a774265c000_0, 0;
T_2.9 ;
T_2.7 ;
T_2.5 ;
T_2.2 ;
T_2.1 ;
    %jmp T_2;
    .thread T_2;
    .scope S_0x5a774260d300;
T_3 ;
    %wait E_0x5a77425e6780;
    %load/vec4 v0x5a774265bb20_0;
    %nor/r;
    %flag_set/vec4 8;
    %jmp/0xz  T_3.0, 8;
    %pushi/vec4 0, 0, 1;
    %assign/vec4 v0x5a774265c830_0, 0;
    %pushi/vec4 0, 0, 16;
    %assign/vec4 v0x5a774265c750_0, 0;
    %pushi/vec4 0, 0, 1;
    %assign/vec4 v0x5a774265c9b0_0, 0;
    %pushi/vec4 0, 0, 16;
    %assign/vec4 v0x5a774265b440_0, 0;
    %jmp T_3.1;
T_3.0 ;
    %load/vec4 v0x5a774265c280_0;
    %assign/vec4 v0x5a774265c830_0, 0;
    %load/vec4 v0x5a774265c280_0;
    %flag_set/vec4 8;
    %jmp/0xz  T_3.2, 8;
    %load/vec4 v0x5a774265c1a0_0;
    %pad/u 32;
    %load/vec4 v0x5a774265c000_0;
    %pad/u 32;
    %mul;
    %addi 32767, 0, 32;
    %pushi/vec4 65535, 0, 32;
    %div;
    %store/vec4 v0x5a774265b280_0, 0, 32;
    %load/vec4 v0x5a774265c0e0_0;
    %flag_set/vec4 8;
    %jmp/0xz  T_3.4, 8;
    %pushi/vec4 0, 0, 16;
    %assign/vec4 v0x5a774265c750_0, 0;
    %jmp T_3.5;
T_3.4 ;
    %load/vec4 v0x5a774265b280_0;
    %cmpi/s 0, 0, 32;
    %jmp/0xz  T_3.6, 5;
    %pushi/vec4 0, 0, 16;
    %assign/vec4 v0x5a774265c750_0, 0;
    %jmp T_3.7;
T_3.6 ;
    %load/vec4 v0x5a774265b280_0;
    %cmpi/s 65535, 0, 32;
    %flag_or 5, 4; GT is !LE
    %flag_inv 5;
    %jmp/0xz  T_3.8, 5;
    %pushi/vec4 65535, 0, 16;
    %assign/vec4 v0x5a774265c750_0, 0;
    %jmp T_3.9;
T_3.8 ;
    %load/vec4 v0x5a774265b280_0;
    %parti/s 16, 0, 2;
    %assign/vec4 v0x5a774265c750_0, 0;
T_3.9 ;
T_3.7 ;
T_3.5 ;
T_3.2 ;
    %load/vec4 v0x5a774265c830_0;
    %assign/vec4 v0x5a774265c9b0_0, 0;
    %load/vec4 v0x5a774265c750_0;
    %assign/vec4 v0x5a774265b440_0, 0;
T_3.1 ;
    %jmp T_3;
    .thread T_3;
    .scope S_0x5a774260d080;
T_4 ;
    %delay 5000, 0;
    %load/vec4 v0x5a774265cfb0_0;
    %inv;
    %store/vec4 v0x5a774265cfb0_0, 0, 1;
    %jmp T_4;
    .thread T_4;
    .scope S_0x5a774260d080;
T_5 ;
    %pushi/vec4 0, 0, 1;
    %store/vec4 v0x5a774265cfb0_0, 0, 1;
    %pushi/vec4 0, 0, 1;
    %store/vec4 v0x5a774265daf0_0, 0, 1;
    %pushi/vec4 0, 0, 1;
    %store/vec4 v0x5a774265dd40_0, 0, 1;
    %pushi/vec4 0, 0, 17;
    %store/vec4 v0x5a774265e100_0, 0, 17;
    %pushi/vec4 0, 0, 16;
    %store/vec4 v0x5a774265d0f0_0, 0, 16;
    %pushi/vec4 0, 0, 32;
    %store/vec4 v0x5a774265df80_0, 0, 32;
    %pushi/vec4 0, 0, 32;
    %store/vec4 v0x5a774265d5d0_0, 0, 32;
    %pushi/vec4 0, 0, 32;
    %store/vec4 v0x5a774265d930_0, 0, 32;
    %pushi/vec4 0, 0, 32;
    %store/vec4 v0x5a774265da10_0, 0, 32;
    %pushi/vec4 0, 0, 32;
    %store/vec4 v0x5a774265d280_0, 0, 32;
    %pushi/vec4 0, 0, 32;
    %store/vec4 v0x5a774265d850_0, 0, 32;
    %pushi/str "tb/fdpe_vectors.memh";
    %store/str v0x5a774265e040_0;
    %pushi/str "results/phase1/fdpe_sim_results.csv";
    %store/str v0x5a774265d790_0;
    %pushi/str "results/phase1/fdpe_sim_summary.txt";
    %store/str v0x5a774265dc80_0;
    %vpi_func 3 67 "$value$plusargs" 32, "VECTORS=%s", v0x5a774265e040_0 {0 0 0};
    %store/vec4 v0x5a774265cc30_0, 0, 32;
    %vpi_func 3 68 "$value$plusargs" 32, "LOG=%s", v0x5a774265d790_0 {0 0 0};
    %store/vec4 v0x5a774265cd30_0, 0, 32;
    %vpi_func 3 69 "$value$plusargs" 32, "SUMMARY=%s", v0x5a774265dc80_0 {0 0 0};
    %store/vec4 v0x5a774265ce10_0, 0, 32;
    %vpi_call/w 3 71 "$display", "[TB_FDPE] vectors=%s", v0x5a774265e040_0 {0 0 0};
    %vpi_call/w 3 72 "$display", "[TB_FDPE] log=%s", v0x5a774265d790_0 {0 0 0};
    %vpi_call/w 3 73 "$display", "[TB_FDPE] summary=%s", v0x5a774265dc80_0 {0 0 0};
    %vpi_call/w 3 75 "$readmemh", v0x5a774265e040_0, v0x5a774265dee0 {0 0 0};
    %pushi/vec4 0, 0, 32;
    %store/vec4 v0x5a774265df80_0, 0, 32;
    %pushi/vec4 0, 0, 32;
    %store/vec4 v0x5a774265d450_0, 0, 32;
T_5.0 ;
    %load/vec4 v0x5a774265d450_0;
    %cmpi/s 256, 0, 32;
    %jmp/0xz T_5.1, 5;
    %load/vec4 v0x5a774265df80_0;
    %load/vec4 v0x5a774265d450_0;
    %cmp/e;
    %flag_get/vec4 4;
    %jmp/0 T_5.4, 4;
    %ix/getv/s 4, v0x5a774265d450_0;
    %load/vec4a v0x5a774265dee0, 4;
    %xor/r;
    %pushi/vec4 1, 1, 1;
    %cmp/ne;
    %flag_get/vec4 6;
    %and;
T_5.4;
    %flag_set/vec4 8;
    %jmp/0xz  T_5.2, 8;
    %load/vec4 v0x5a774265df80_0;
    %addi 1, 0, 32;
    %store/vec4 v0x5a774265df80_0, 0, 32;
T_5.2 ;
    %load/vec4 v0x5a774265d450_0;
    %addi 1, 0, 32;
    %store/vec4 v0x5a774265d450_0, 0, 32;
    %jmp T_5.0;
T_5.1 ;
    %load/vec4 v0x5a774265df80_0;
    %cmpi/e 0, 0, 32;
    %jmp/0xz  T_5.5, 4;
    %vpi_call/w 3 84 "$fatal", 32'sb00000000000000000000000000000001, "[TB_FDPE] No vectors loaded. Generate tb/fdpe_vectors.memh first." {0 0 0};
T_5.5 ;
    %vpi_func 3 87 "$fopen" 32, v0x5a774265d790_0, "w" {0 0 0};
    %store/vec4 v0x5a774265d6b0_0, 0, 32;
    %load/vec4 v0x5a774265d6b0_0;
    %cmpi/e 0, 0, 32;
    %jmp/0xz  T_5.7, 4;
    %vpi_call/w 3 89 "$fatal", 32'sb00000000000000000000000000000001, "[TB_FDPE] Could not open log file: %s", v0x5a774265d790_0 {0 0 0};
T_5.7 ;
    %vpi_call/w 3 90 "$fwrite", v0x5a774265d6b0_0, "case_id,x_q4_13,f_init_q016,expected_q016,observed_q016,abs_diff_lsb,pass\012" {0 0 0};
    %pushi/vec4 4, 0, 32;
T_5.9 %dup/vec4;
    %pushi/vec4 0, 0, 32;
    %cmp/s;
    %jmp/1xz T_5.10, 5;
    %jmp/1 T_5.10, 4;
    %pushi/vec4 1, 0, 32;
    %sub;
    %wait E_0x5a77425fccc0;
    %jmp T_5.9;
T_5.10 ;
    %pop/vec4 1;
    %pushi/vec4 1, 0, 1;
    %assign/vec4 v0x5a774265daf0_0, 0;
    %wait E_0x5a77425fccc0;
    %pushi/vec4 0, 0, 32;
    %store/vec4 v0x5a774265d450_0, 0, 32;
T_5.11 ;
    %load/vec4 v0x5a774265d450_0;
    %load/vec4 v0x5a774265df80_0;
    %cmp/s;
    %jmp/0xz T_5.12, 5;
    %wait E_0x5a77425fccc0;
    %pushi/vec4 1, 0, 1;
    %assign/vec4 v0x5a774265dd40_0, 0;
    %ix/getv/s 4, v0x5a774265d450_0;
    %load/vec4a v0x5a774265dee0, 4;
    %parti/s 17, 32, 7;
    %assign/vec4 v0x5a774265e100_0, 0;
    %ix/getv/s 4, v0x5a774265d450_0;
    %load/vec4a v0x5a774265dee0, 4;
    %parti/s 16, 16, 6;
    %assign/vec4 v0x5a774265d0f0_0, 0;
    %ix/getv/s 4, v0x5a774265d450_0;
    %load/vec4a v0x5a774265dee0, 4;
    %parti/s 8, 49, 7;
    %ix/getv/s 3, v0x5a774265d5d0_0;
    %ix/load 4, 0, 0; Constant delay
    %assign/vec4/a/d v0x5a774265d510, 0, 4;
    %ix/getv/s 4, v0x5a774265d450_0;
    %load/vec4a v0x5a774265dee0, 4;
    %parti/s 17, 32, 7;
    %ix/getv/s 3, v0x5a774265d5d0_0;
    %ix/load 4, 0, 0; Constant delay
    %assign/vec4/a/d v0x5a774265e1f0, 0, 4;
    %ix/getv/s 4, v0x5a774265d450_0;
    %load/vec4a v0x5a774265dee0, 4;
    %parti/s 16, 16, 6;
    %ix/getv/s 3, v0x5a774265d5d0_0;
    %ix/load 4, 0, 0; Constant delay
    %assign/vec4/a/d v0x5a774265d1e0, 0, 4;
    %ix/getv/s 4, v0x5a774265d450_0;
    %load/vec4a v0x5a774265dee0, 4;
    %parti/s 16, 0, 2;
    %ix/getv/s 3, v0x5a774265d5d0_0;
    %ix/load 4, 0, 0; Constant delay
    %assign/vec4/a/d v0x5a774265d050, 0, 4;
    %load/vec4 v0x5a774265d5d0_0;
    %addi 1, 0, 32;
    %store/vec4 v0x5a774265d5d0_0, 0, 32;
    %load/vec4 v0x5a774265d450_0;
    %addi 1, 0, 32;
    %store/vec4 v0x5a774265d450_0, 0, 32;
    %jmp T_5.11;
T_5.12 ;
    %wait E_0x5a77425fccc0;
    %pushi/vec4 0, 0, 1;
    %assign/vec4 v0x5a774265dd40_0, 0;
    %pushi/vec4 0, 0, 17;
    %assign/vec4 v0x5a774265e100_0, 0;
    %pushi/vec4 0, 0, 16;
    %assign/vec4 v0x5a774265d0f0_0, 0;
T_5.13 ;
    %load/vec4 v0x5a774265d930_0;
    %load/vec4 v0x5a774265df80_0;
    %cmp/e;
    %flag_get/vec4 4;
    %cmpi/ne 1, 0, 1;
    %jmp/0xz T_5.14, 6;
    %wait E_0x5a77425fc430;
    %jmp T_5.13;
T_5.14 ;
    %pushi/vec4 2, 0, 32;
T_5.15 %dup/vec4;
    %pushi/vec4 0, 0, 32;
    %cmp/s;
    %jmp/1xz T_5.16, 5;
    %jmp/1 T_5.16, 4;
    %pushi/vec4 1, 0, 32;
    %sub;
    %wait E_0x5a77425fccc0;
    %jmp T_5.15;
T_5.16 ;
    %pop/vec4 1;
    %vpi_func 3 116 "$fopen" 32, v0x5a774265dc80_0, "w" {0 0 0};
    %store/vec4 v0x5a774265dbc0_0, 0, 32;
    %load/vec4 v0x5a774265dbc0_0;
    %cmpi/e 0, 0, 32;
    %jmp/0xz  T_5.17, 4;
    %vpi_call/w 3 118 "$fatal", 32'sb00000000000000000000000000000001, "[TB_FDPE] Could not open summary file: %s", v0x5a774265dc80_0 {0 0 0};
T_5.17 ;
    %vpi_call/w 3 119 "$fwrite", v0x5a774265dbc0_0, "FDPE simulation summary\012" {0 0 0};
    %vpi_call/w 3 120 "$fwrite", v0x5a774265dbc0_0, "vector_count=%0d\012", v0x5a774265df80_0 {0 0 0};
    %vpi_call/w 3 121 "$fwrite", v0x5a774265dbc0_0, "pass_count=%0d\012", v0x5a774265da10_0 {0 0 0};
    %vpi_call/w 3 122 "$fwrite", v0x5a774265dbc0_0, "fail_count=%0d\012", v0x5a774265d280_0 {0 0 0};
    %vpi_call/w 3 123 "$fwrite", v0x5a774265dbc0_0, "max_abs_diff_lsb=%0d\012", v0x5a774265d850_0 {0 0 0};
    %vpi_call/w 3 124 "$fwrite", v0x5a774265dbc0_0, "tolerance_lsb=%0d\012", P_0x5a774262bd60 {0 0 0};
    %vpi_call/w 3 125 "$fclose", v0x5a774265dbc0_0 {0 0 0};
    %vpi_call/w 3 126 "$fclose", v0x5a774265d6b0_0 {0 0 0};
    %load/vec4 v0x5a774265d280_0;
    %cmpi/e 0, 0, 32;
    %jmp/0xz  T_5.19, 4;
    %vpi_call/w 3 129 "$display", "[TB_FDPE] PASS: vectors=%0d max_abs_diff_lsb=%0d", v0x5a774265df80_0, v0x5a774265d850_0 {0 0 0};
    %jmp T_5.20;
T_5.19 ;
    %vpi_call/w 3 131 "$display", "[TB_FDPE] FAIL: fails=%0d max_abs_diff_lsb=%0d", v0x5a774265d280_0, v0x5a774265d850_0 {0 0 0};
    %vpi_call/w 3 132 "$fatal", 32'sb00000000000000000000000000000001, "[TB_FDPE] Simulation failed." {0 0 0};
T_5.20 ;
    %vpi_call/w 3 135 "$finish" {0 0 0};
    %end;
    .thread T_5;
    .scope S_0x5a774260d080;
T_6 ;
    %wait E_0x5a77425fccc0;
    %load/vec4 v0x5a774265daf0_0;
    %flag_set/vec4 9;
    %flag_get/vec4 9;
    %jmp/0 T_6.2, 9;
    %load/vec4 v0x5a774265de10_0;
    %and;
T_6.2;
    %flag_set/vec4 8;
    %jmp/0xz  T_6.0, 8;
    %ix/getv/s 4, v0x5a774265d930_0;
    %load/vec4a v0x5a774265d050, 4;
    %load/vec4 v0x5a774265d360_0;
    %cmp/u;
    %flag_or 5, 4;
    %flag_mov 8, 5;
    %jmp/0 T_6.3, 8;
    %load/vec4 v0x5a774265d360_0;
    %pad/u 32;
    %ix/getv/s 4, v0x5a774265d930_0;
    %load/vec4a v0x5a774265d050, 4;
    %pad/u 32;
    %sub;
    %jmp/1 T_6.4, 8;
T_6.3 ; End of true expr.
    %ix/getv/s 4, v0x5a774265d930_0;
    %load/vec4a v0x5a774265d050, 4;
    %pad/u 32;
    %load/vec4 v0x5a774265d360_0;
    %pad/u 32;
    %sub;
    %jmp/0 T_6.4, 8;
 ; End of false expr.
    %blend;
T_6.4;
    %store/vec4 v0x5a774265ced0_0, 0, 32;
    %load/vec4 v0x5a774265d850_0;
    %load/vec4 v0x5a774265ced0_0;
    %cmp/s;
    %jmp/0xz  T_6.5, 5;
    %load/vec4 v0x5a774265ced0_0;
    %store/vec4 v0x5a774265d850_0, 0, 32;
T_6.5 ;
    %load/vec4 v0x5a774265ced0_0;
    %cmpi/s 2, 0, 32;
    %flag_or 5, 4;
    %jmp/0xz  T_6.7, 5;
    %load/vec4 v0x5a774265da10_0;
    %addi 1, 0, 32;
    %store/vec4 v0x5a774265da10_0, 0, 32;
    %vpi_call/w 3 148 "$fwrite", v0x5a774265d6b0_0, "%0d,%0d,%0d,%0d,%0d,%0d,1\012", &A<v0x5a774265d510, v0x5a774265d930_0 >, &A<v0x5a774265e1f0, v0x5a774265d930_0 >, &A<v0x5a774265d1e0, v0x5a774265d930_0 >, &A<v0x5a774265d050, v0x5a774265d930_0 >, v0x5a774265d360_0, v0x5a774265ced0_0 {0 0 0};
    %jmp T_6.8;
T_6.7 ;
    %load/vec4 v0x5a774265d280_0;
    %addi 1, 0, 32;
    %store/vec4 v0x5a774265d280_0, 0, 32;
    %vpi_call/w 3 153 "$fwrite", v0x5a774265d6b0_0, "%0d,%0d,%0d,%0d,%0d,%0d,0\012", &A<v0x5a774265d510, v0x5a774265d930_0 >, &A<v0x5a774265e1f0, v0x5a774265d930_0 >, &A<v0x5a774265d1e0, v0x5a774265d930_0 >, &A<v0x5a774265d050, v0x5a774265d930_0 >, v0x5a774265d360_0, v0x5a774265ced0_0 {0 0 0};
    %vpi_call/w 3 156 "$display", "[TB_FDPE][MISMATCH] case_id=%0d expected=%0d observed=%0d abs_diff=%0d x_q4_13=%0d f_init=%0d", &A<v0x5a774265d510, v0x5a774265d930_0 >, &A<v0x5a774265d050, v0x5a774265d930_0 >, v0x5a774265d360_0, v0x5a774265ced0_0, &A<v0x5a774265e1f0, v0x5a774265d930_0 >, &A<v0x5a774265d1e0, v0x5a774265d930_0 > {0 0 0};
T_6.8 ;
    %load/vec4 v0x5a774265d930_0;
    %addi 1, 0, 32;
    %store/vec4 v0x5a774265d930_0, 0, 32;
T_6.0 ;
    %jmp T_6;
    .thread T_6;
# The file index is used to find the file name in the following table.
:file_names 5;
    "N/A";
    "<interactive>";
    "-";
    "tb/tb_fdpe.v";
    "rtl/fdpe.v";
