#! /usr/bin/vvp
:ivl_version "12.0 (stable)";
:ivl_delay_selection "TYPICAL";
:vpi_time_precision - 12;
:vpi_module "/usr/lib/x86_64-linux-gnu/ivl/system.vpi";
:vpi_module "/usr/lib/x86_64-linux-gnu/ivl/vhdl_sys.vpi";
:vpi_module "/usr/lib/x86_64-linux-gnu/ivl/vhdl_textio.vpi";
:vpi_module "/usr/lib/x86_64-linux-gnu/ivl/v2005_math.vpi";
:vpi_module "/usr/lib/x86_64-linux-gnu/ivl/va_math.vpi";
:vpi_module "/usr/lib/x86_64-linux-gnu/ivl/v2009.vpi";
S_0x572057b0dc80 .scope package, "$unit" "$unit" 2 1;
 .timescale 0 0;
S_0x572057b0de10 .scope module, "tb_pmo_ga_reduced" "tb_pmo_ga_reduced" 3 3;
 .timescale -9 -12;
P_0x572057acdcb0 .param/l "MAX_VECTORS" 1 3 4, +C4<00000000000000000000000001000000>;
v0x572057b3fcb0_0 .var "batch_done", 0 0;
v0x572057b3fda0_0 .var "cand_fidelity", 15 0;
v0x572057b3fe40_0 .var "cand_id", 15 0;
v0x572057b3ff10_0 .var "cand_latency", 31 0;
v0x572057b40060_0 .var "cand_util", 15 0;
v0x572057b401b0_0 .var "cand_valid", 0 0;
v0x572057b40250_0 .var "clk", 0 0;
v0x572057b402f0_0 .var/i "err_count", 31 0;
v0x572057b403d0_0 .var/i "expected_best_id", 31 0;
v0x572057b40540_0 .var/i "expected_fidelity", 31 0;
v0x572057b40620_0 .var/i "expected_latency", 31 0;
v0x572057b40700_0 .var/i "expected_util", 31 0;
v0x572057b407e0_0 .var/i "i", 31 0;
v0x572057b408c0_0 .var/i "log_fd", 31 0;
v0x572057b409a0_0 .var "log_file", 1023 0;
v0x572057b40a80_0 .var "rand_tiebreak", 0 0;
v0x572057b40b20_0 .net "result_fidelity", 15 0, L_0x572057b42db0;  1 drivers
v0x572057b40cf0_0 .net "result_id", 15 0, L_0x572057b42b20;  1 drivers
v0x572057b40d90_0 .net "result_latency", 31 0, L_0x572057b42be0;  1 drivers
v0x572057b40e30_0 .net "result_util", 15 0, L_0x572057b42f80;  1 drivers
v0x572057b40f00_0 .net "result_valid", 0 0, L_0x572057b42ab0;  1 drivers
v0x572057b40fd0_0 .var "rst_n", 0 0;
v0x572057b41070_0 .var "start", 0 0;
v0x572057b41110_0 .var "summary_file", 1023 0;
v0x572057b411b0 .array "vec_mem", 63 0, 79 0;
v0x572057b41250_0 .var/i "vector_count", 31 0;
v0x572057b41330_0 .var "vectors_file", 1023 0;
E_0x572057add030 .event posedge, v0x572057b3dfb0_0;
E_0x572057ae07c0 .event anyedge, v0x572057b3f530_0;
S_0x572057ac64c0 .scope module, "dut" "pmo_ga_reduced" 3 24, 4 2 0, S_0x572057b0de10;
 .timescale 0 0;
    .port_info 0 /INPUT 1 "clk";
    .port_info 1 /INPUT 1 "rst_n";
    .port_info 2 /INPUT 1 "start_i";
    .port_info 3 /INPUT 1 "cand_valid_i";
    .port_info 4 /INPUT 16 "cand_id_i";
    .port_info 5 /INPUT 32 "cand_latency_i";
    .port_info 6 /INPUT 16 "cand_fidelity_i";
    .port_info 7 /INPUT 16 "cand_util_i";
    .port_info 8 /INPUT 1 "batch_done_i";
    .port_info 9 /INPUT 1 "rand_tiebreak_i";
    .port_info 10 /OUTPUT 1 "result_valid_o";
    .port_info 11 /OUTPUT 16 "result_id_o";
    .port_info 12 /OUTPUT 32 "result_latency_o";
    .port_info 13 /OUTPUT 16 "result_fidelity_o";
    .port_info 14 /OUTPUT 16 "result_util_o";
L_0x572057b42ab0 .functor BUFZ 1, v0x572057b3f5f0_0, C4<0>, C4<0>, C4<0>;
L_0x572057b42b20 .functor BUFZ 16, v0x572057b3d640_0, C4<0000000000000000>, C4<0000000000000000>, C4<0000000000000000>;
L_0x572057b42be0 .functor BUFZ 32, v0x572057b3d700_0, C4<00000000000000000000000000000000>, C4<00000000000000000000000000000000>, C4<00000000000000000000000000000000>;
L_0x572057b42db0 .functor BUFZ 16, v0x572057b3d560_0, C4<0000000000000000>, C4<0000000000000000>, C4<0000000000000000>;
L_0x572057b42f80 .functor BUFZ 16, v0x572057b3d820_0, C4<0000000000000000>, C4<0000000000000000>, C4<0000000000000000>;
v0x572057b3e5f0_0 .net "batch_done_i", 0 0, v0x572057b3fcb0_0;  1 drivers
v0x572057b3e6d0_0 .net "best_fidelity", 15 0, v0x572057b3d560_0;  1 drivers
v0x572057b3e790_0 .net "best_id", 15 0, v0x572057b3d640_0;  1 drivers
v0x572057b3e8b0_0 .net "best_latency", 31 0, v0x572057b3d700_0;  1 drivers
v0x572057b3e970_0 .net "best_util", 15 0, v0x572057b3d820_0;  1 drivers
v0x572057b3ea80_0 .net "best_valid", 0 0, v0x572057b3d910_0;  1 drivers
v0x572057b3eb20_0 .net "cand_fidelity_i", 15 0, v0x572057b3fda0_0;  1 drivers
v0x572057b3ebc0_0 .net "cand_id_i", 15 0, v0x572057b3fe40_0;  1 drivers
v0x572057b3ecd0_0 .net "cand_latency_i", 31 0, v0x572057b3ff10_0;  1 drivers
v0x572057b3ed90_0 .net "cand_util_i", 15 0, v0x572057b40060_0;  1 drivers
v0x572057b3ee50_0 .net "cand_valid_i", 0 0, v0x572057b401b0_0;  1 drivers
v0x572057b3eef0_0 .var "clear_d", 0 0;
v0x572057b3ef90_0 .net "clk", 0 0, v0x572057b40250_0;  1 drivers
v0x572057b3f060_0 .net "rand_tiebreak_i", 0 0, v0x572057b40a80_0;  1 drivers
v0x572057b3f100_0 .net "result_fidelity_o", 15 0, L_0x572057b42db0;  alias, 1 drivers
v0x572057b3f1a0_0 .net "result_id_o", 15 0, L_0x572057b42b20;  alias, 1 drivers
v0x572057b3f260_0 .net "result_latency_o", 31 0, L_0x572057b42be0;  alias, 1 drivers
v0x572057b3f450_0 .net "result_util_o", 15 0, L_0x572057b42f80;  alias, 1 drivers
v0x572057b3f530_0 .net "result_valid_o", 0 0, L_0x572057b42ab0;  alias, 1 drivers
v0x572057b3f5f0_0 .var "result_valid_r", 0 0;
v0x572057b3f6b0_0 .net "rst_n", 0 0, v0x572057b40fd0_0;  1 drivers
v0x572057b3f750_0 .net "start_i", 0 0, v0x572057b41070_0;  1 drivers
S_0x572057b1efe0 .scope module, "u_elite" "ga_elitism" 4 29, 5 2 0, S_0x572057ac64c0;
 .timescale 0 0;
    .port_info 0 /INPUT 1 "clk";
    .port_info 1 /INPUT 1 "rst_n";
    .port_info 2 /INPUT 1 "clear_i";
    .port_info 3 /INPUT 1 "cand_valid_i";
    .port_info 4 /INPUT 16 "cand_id_i";
    .port_info 5 /INPUT 32 "cand_latency_i";
    .port_info 6 /INPUT 16 "cand_fidelity_i";
    .port_info 7 /INPUT 16 "cand_util_i";
    .port_info 8 /INPUT 1 "rand_tiebreak_i";
    .port_info 9 /OUTPUT 1 "best_valid_o";
    .port_info 10 /OUTPUT 16 "best_id_o";
    .port_info 11 /OUTPUT 32 "best_latency_o";
    .port_info 12 /OUTPUT 16 "best_fidelity_o";
    .port_info 13 /OUTPUT 16 "best_util_o";
v0x572057b3d560_0 .var "best_fidelity_o", 15 0;
v0x572057b3d640_0 .var "best_id_o", 15 0;
v0x572057b3d700_0 .var "best_latency_o", 31 0;
v0x572057b3d820_0 .var "best_util_o", 15 0;
v0x572057b3d910_0 .var "best_valid_o", 0 0;
v0x572057b3da20_0 .net "cand_fidelity_i", 15 0, v0x572057b3fda0_0;  alias, 1 drivers
v0x572057b3db30_0 .net "cand_id_i", 15 0, v0x572057b3fe40_0;  alias, 1 drivers
v0x572057b3dbf0_0 .net "cand_latency_i", 31 0, v0x572057b3ff10_0;  alias, 1 drivers
v0x572057b3dce0_0 .net "cand_util_i", 15 0, v0x572057b40060_0;  alias, 1 drivers
v0x572057b3de30_0 .net "cand_valid_i", 0 0, v0x572057b401b0_0;  alias, 1 drivers
v0x572057b3def0_0 .net "clear_i", 0 0, v0x572057b3eef0_0;  1 drivers
v0x572057b3dfb0_0 .net "clk", 0 0, v0x572057b40250_0;  alias, 1 drivers
v0x572057b3e070_0 .net "rand_tiebreak_i", 0 0, v0x572057b40a80_0;  alias, 1 drivers
v0x572057b3e110_0 .net "rst_n", 0 0, v0x572057b40fd0_0;  alias, 1 drivers
v0x572057b3e1b0_0 .net "winner_fidelity", 15 0, v0x572057b3d040_0;  1 drivers
v0x572057b3e270_0 .net "winner_id", 15 0, v0x572057b3d120_0;  1 drivers
v0x572057b3e310_0 .net "winner_latency", 31 0, v0x572057b3d200_0;  1 drivers
v0x572057b3e3b0_0 .net "winner_util", 15 0, v0x572057b3d2e0_0;  1 drivers
E_0x572057ae0120/0 .event negedge, v0x572057b3e110_0;
E_0x572057ae0120/1 .event posedge, v0x572057b3dfb0_0;
E_0x572057ae0120 .event/or E_0x572057ae0120/0, E_0x572057ae0120/1;
S_0x572057b1f1c0 .scope module, "u_select" "ga_select" 5 23, 6 2 0, S_0x572057b1efe0;
 .timescale 0 0;
    .port_info 0 /INPUT 16 "cand_a_id_i";
    .port_info 1 /INPUT 32 "cand_a_latency_i";
    .port_info 2 /INPUT 16 "cand_a_fidelity_i";
    .port_info 3 /INPUT 16 "cand_a_util_i";
    .port_info 4 /INPUT 16 "cand_b_id_i";
    .port_info 5 /INPUT 32 "cand_b_latency_i";
    .port_info 6 /INPUT 16 "cand_b_fidelity_i";
    .port_info 7 /INPUT 16 "cand_b_util_i";
    .port_info 8 /INPUT 1 "rand_tiebreak_i";
    .port_info 9 /OUTPUT 16 "winner_id_o";
    .port_info 10 /OUTPUT 32 "winner_latency_o";
    .port_info 11 /OUTPUT 16 "winner_fidelity_o";
    .port_info 12 /OUTPUT 16 "winner_util_o";
v0x572057b3c840_0 .net "a_dom", 0 0, L_0x572057b42790;  1 drivers
v0x572057b3c900_0 .net "b_dom", 0 0, L_0x572057b428f0;  1 drivers
v0x572057b3c9a0_0 .net "cand_a_fidelity_i", 15 0, v0x572057b3d560_0;  alias, 1 drivers
v0x572057b3ca40_0 .net "cand_a_id_i", 15 0, v0x572057b3d640_0;  alias, 1 drivers
v0x572057b3cae0_0 .net "cand_a_latency_i", 31 0, v0x572057b3d700_0;  alias, 1 drivers
v0x572057b3cb80_0 .net "cand_a_util_i", 15 0, v0x572057b3d820_0;  alias, 1 drivers
v0x572057b3cc50_0 .net "cand_b_fidelity_i", 15 0, v0x572057b3fda0_0;  alias, 1 drivers
v0x572057b3cd20_0 .net "cand_b_id_i", 15 0, v0x572057b3fe40_0;  alias, 1 drivers
v0x572057b3cde0_0 .net "cand_b_latency_i", 31 0, v0x572057b3ff10_0;  alias, 1 drivers
v0x572057b3ced0_0 .net "cand_b_util_i", 15 0, v0x572057b40060_0;  alias, 1 drivers
v0x572057b3cfa0_0 .net "rand_tiebreak_i", 0 0, v0x572057b40a80_0;  alias, 1 drivers
v0x572057b3d040_0 .var "winner_fidelity_o", 15 0;
v0x572057b3d120_0 .var "winner_id_o", 15 0;
v0x572057b3d200_0 .var "winner_latency_o", 31 0;
v0x572057b3d2e0_0 .var "winner_util_o", 15 0;
E_0x572057ae0470/0 .event anyedge, v0x572057b3bd80_0, v0x572057b3ca40_0, v0x572057b3c3c0_0, v0x572057b3c200_0;
E_0x572057ae0470/1 .event anyedge, v0x572057b3c580_0, v0x572057b3bfc0_0, v0x572057b3cd20_0, v0x572057b3c4a0_0;
E_0x572057ae0470/2 .event anyedge, v0x572057b3c2e0_0, v0x572057b3c660_0, v0x572057b3cfa0_0;
E_0x572057ae0470 .event/or E_0x572057ae0470/0, E_0x572057ae0470/1, E_0x572057ae0470/2;
S_0x572057a93490 .scope module, "u_cmp" "ga_pareto_cmp" 6 20, 7 2 0, S_0x572057b1f1c0;
 .timescale 0 0;
    .port_info 0 /INPUT 32 "latency_a_i";
    .port_info 1 /INPUT 16 "fidelity_a_i";
    .port_info 2 /INPUT 16 "util_a_i";
    .port_info 3 /INPUT 32 "latency_b_i";
    .port_info 4 /INPUT 16 "fidelity_b_i";
    .port_info 5 /INPUT 16 "util_b_i";
    .port_info 6 /OUTPUT 1 "a_dominates_o";
    .port_info 7 /OUTPUT 1 "b_dominates_o";
L_0x572057b131e0 .functor AND 1, L_0x572057b41410, L_0x572057b414e0, C4<1>, C4<1>;
L_0x572057b13f20 .functor AND 1, L_0x572057b131e0, L_0x572057b41670, C4<1>, C4<1>;
L_0x572057b15f90 .functor AND 1, L_0x572057b417f0, L_0x572057b418c0, C4<1>, C4<1>;
L_0x572057b16880 .functor AND 1, L_0x572057b15f90, L_0x572057b41a30, C4<1>, C4<1>;
L_0x572057b08290 .functor OR 1, L_0x572057b41be0, L_0x572057b41c80, C4<0>, C4<0>;
L_0x572057ad4240 .functor OR 1, L_0x572057b08290, L_0x572057b41e10, C4<0>, C4<0>;
L_0x572057b42350 .functor OR 1, L_0x572057b41f90, L_0x572057b421a0, C4<0>, C4<0>;
L_0x572057b42630 .functor OR 1, L_0x572057b42350, L_0x572057b42410, C4<0>, C4<0>;
L_0x572057b42790 .functor AND 1, L_0x572057b13f20, L_0x572057ad4240, C4<1>, C4<1>;
L_0x572057b428f0 .functor AND 1, L_0x572057b16880, L_0x572057b42630, C4<1>, C4<1>;
v0x572057b0c0d0_0 .net *"_ivl_0", 0 0, L_0x572057b41410;  1 drivers
v0x572057b13c60_0 .net *"_ivl_10", 0 0, L_0x572057b417f0;  1 drivers
v0x572057b140c0_0 .net *"_ivl_12", 0 0, L_0x572057b418c0;  1 drivers
v0x572057b16130_0 .net *"_ivl_15", 0 0, L_0x572057b15f90;  1 drivers
v0x572057b169e0_0 .net *"_ivl_16", 0 0, L_0x572057b41a30;  1 drivers
v0x572057b083f0_0 .net *"_ivl_2", 0 0, L_0x572057b414e0;  1 drivers
v0x572057b08490_0 .net *"_ivl_20", 0 0, L_0x572057b41be0;  1 drivers
v0x572057b3b6c0_0 .net *"_ivl_22", 0 0, L_0x572057b41c80;  1 drivers
v0x572057b3b780_0 .net *"_ivl_25", 0 0, L_0x572057b08290;  1 drivers
v0x572057b3b840_0 .net *"_ivl_26", 0 0, L_0x572057b41e10;  1 drivers
v0x572057b3b900_0 .net *"_ivl_30", 0 0, L_0x572057b41f90;  1 drivers
v0x572057b3b9c0_0 .net *"_ivl_32", 0 0, L_0x572057b421a0;  1 drivers
v0x572057b3ba80_0 .net *"_ivl_35", 0 0, L_0x572057b42350;  1 drivers
v0x572057b3bb40_0 .net *"_ivl_36", 0 0, L_0x572057b42410;  1 drivers
v0x572057b3bc00_0 .net *"_ivl_5", 0 0, L_0x572057b131e0;  1 drivers
v0x572057b3bcc0_0 .net *"_ivl_6", 0 0, L_0x572057b41670;  1 drivers
v0x572057b3bd80_0 .net "a_dominates_o", 0 0, L_0x572057b42790;  alias, 1 drivers
v0x572057b3be40_0 .net "a_no_worse", 0 0, L_0x572057b13f20;  1 drivers
v0x572057b3bf00_0 .net "a_strict", 0 0, L_0x572057ad4240;  1 drivers
v0x572057b3bfc0_0 .net "b_dominates_o", 0 0, L_0x572057b428f0;  alias, 1 drivers
v0x572057b3c080_0 .net "b_no_worse", 0 0, L_0x572057b16880;  1 drivers
v0x572057b3c140_0 .net "b_strict", 0 0, L_0x572057b42630;  1 drivers
v0x572057b3c200_0 .net "fidelity_a_i", 15 0, v0x572057b3d560_0;  alias, 1 drivers
v0x572057b3c2e0_0 .net "fidelity_b_i", 15 0, v0x572057b3fda0_0;  alias, 1 drivers
v0x572057b3c3c0_0 .net "latency_a_i", 31 0, v0x572057b3d700_0;  alias, 1 drivers
v0x572057b3c4a0_0 .net "latency_b_i", 31 0, v0x572057b3ff10_0;  alias, 1 drivers
v0x572057b3c580_0 .net "util_a_i", 15 0, v0x572057b3d820_0;  alias, 1 drivers
v0x572057b3c660_0 .net "util_b_i", 15 0, v0x572057b40060_0;  alias, 1 drivers
L_0x572057b41410 .cmp/ge 32, v0x572057b3ff10_0, v0x572057b3d700_0;
L_0x572057b414e0 .cmp/ge 16, v0x572057b3d560_0, v0x572057b3fda0_0;
L_0x572057b41670 .cmp/ge 16, v0x572057b40060_0, v0x572057b3d820_0;
L_0x572057b417f0 .cmp/ge 32, v0x572057b3d700_0, v0x572057b3ff10_0;
L_0x572057b418c0 .cmp/ge 16, v0x572057b3fda0_0, v0x572057b3d560_0;
L_0x572057b41a30 .cmp/ge 16, v0x572057b3d820_0, v0x572057b40060_0;
L_0x572057b41be0 .cmp/gt 32, v0x572057b3ff10_0, v0x572057b3d700_0;
L_0x572057b41c80 .cmp/gt 16, v0x572057b3d560_0, v0x572057b3fda0_0;
L_0x572057b41e10 .cmp/gt 16, v0x572057b40060_0, v0x572057b3d820_0;
L_0x572057b41f90 .cmp/gt 32, v0x572057b3d700_0, v0x572057b3ff10_0;
L_0x572057b421a0 .cmp/gt 16, v0x572057b3fda0_0, v0x572057b3d560_0;
L_0x572057b42410 .cmp/gt 16, v0x572057b3d820_0, v0x572057b40060_0;
S_0x572057b3f9d0 .scope begin, "summary_block" "summary_block" 3 109, 3 109 0, S_0x572057b0de10;
 .timescale -9 -12;
v0x572057b3fbd0_0 .var/i "sf", 31 0;
    .scope S_0x572057b1f1c0;
T_0 ;
    %wait E_0x572057ae0470;
    %load/vec4 v0x572057b3c840_0;
    %flag_set/vec4 8;
    %jmp/0xz  T_0.0, 8;
    %load/vec4 v0x572057b3ca40_0;
    %store/vec4 v0x572057b3d120_0, 0, 16;
    %load/vec4 v0x572057b3cae0_0;
    %store/vec4 v0x572057b3d200_0, 0, 32;
    %load/vec4 v0x572057b3c9a0_0;
    %store/vec4 v0x572057b3d040_0, 0, 16;
    %load/vec4 v0x572057b3cb80_0;
    %store/vec4 v0x572057b3d2e0_0, 0, 16;
    %jmp T_0.1;
T_0.0 ;
    %load/vec4 v0x572057b3c900_0;
    %flag_set/vec4 8;
    %jmp/0xz  T_0.2, 8;
    %load/vec4 v0x572057b3cd20_0;
    %store/vec4 v0x572057b3d120_0, 0, 16;
    %load/vec4 v0x572057b3cde0_0;
    %store/vec4 v0x572057b3d200_0, 0, 32;
    %load/vec4 v0x572057b3cc50_0;
    %store/vec4 v0x572057b3d040_0, 0, 16;
    %load/vec4 v0x572057b3ced0_0;
    %store/vec4 v0x572057b3d2e0_0, 0, 16;
    %jmp T_0.3;
T_0.2 ;
    %load/vec4 v0x572057b3cae0_0;
    %load/vec4 v0x572057b3cde0_0;
    %cmp/u;
    %jmp/0xz  T_0.4, 5;
    %load/vec4 v0x572057b3ca40_0;
    %store/vec4 v0x572057b3d120_0, 0, 16;
    %load/vec4 v0x572057b3cae0_0;
    %store/vec4 v0x572057b3d200_0, 0, 32;
    %load/vec4 v0x572057b3c9a0_0;
    %store/vec4 v0x572057b3d040_0, 0, 16;
    %load/vec4 v0x572057b3cb80_0;
    %store/vec4 v0x572057b3d2e0_0, 0, 16;
    %jmp T_0.5;
T_0.4 ;
    %load/vec4 v0x572057b3cde0_0;
    %load/vec4 v0x572057b3cae0_0;
    %cmp/u;
    %jmp/0xz  T_0.6, 5;
    %load/vec4 v0x572057b3cd20_0;
    %store/vec4 v0x572057b3d120_0, 0, 16;
    %load/vec4 v0x572057b3cde0_0;
    %store/vec4 v0x572057b3d200_0, 0, 32;
    %load/vec4 v0x572057b3cc50_0;
    %store/vec4 v0x572057b3d040_0, 0, 16;
    %load/vec4 v0x572057b3ced0_0;
    %store/vec4 v0x572057b3d2e0_0, 0, 16;
    %jmp T_0.7;
T_0.6 ;
    %load/vec4 v0x572057b3cc50_0;
    %load/vec4 v0x572057b3c9a0_0;
    %cmp/u;
    %jmp/0xz  T_0.8, 5;
    %load/vec4 v0x572057b3ca40_0;
    %store/vec4 v0x572057b3d120_0, 0, 16;
    %load/vec4 v0x572057b3cae0_0;
    %store/vec4 v0x572057b3d200_0, 0, 32;
    %load/vec4 v0x572057b3c9a0_0;
    %store/vec4 v0x572057b3d040_0, 0, 16;
    %load/vec4 v0x572057b3cb80_0;
    %store/vec4 v0x572057b3d2e0_0, 0, 16;
    %jmp T_0.9;
T_0.8 ;
    %load/vec4 v0x572057b3c9a0_0;
    %load/vec4 v0x572057b3cc50_0;
    %cmp/u;
    %jmp/0xz  T_0.10, 5;
    %load/vec4 v0x572057b3cd20_0;
    %store/vec4 v0x572057b3d120_0, 0, 16;
    %load/vec4 v0x572057b3cde0_0;
    %store/vec4 v0x572057b3d200_0, 0, 32;
    %load/vec4 v0x572057b3cc50_0;
    %store/vec4 v0x572057b3d040_0, 0, 16;
    %load/vec4 v0x572057b3ced0_0;
    %store/vec4 v0x572057b3d2e0_0, 0, 16;
    %jmp T_0.11;
T_0.10 ;
    %load/vec4 v0x572057b3cb80_0;
    %load/vec4 v0x572057b3ced0_0;
    %cmp/u;
    %jmp/0xz  T_0.12, 5;
    %load/vec4 v0x572057b3ca40_0;
    %store/vec4 v0x572057b3d120_0, 0, 16;
    %load/vec4 v0x572057b3cae0_0;
    %store/vec4 v0x572057b3d200_0, 0, 32;
    %load/vec4 v0x572057b3c9a0_0;
    %store/vec4 v0x572057b3d040_0, 0, 16;
    %load/vec4 v0x572057b3cb80_0;
    %store/vec4 v0x572057b3d2e0_0, 0, 16;
    %jmp T_0.13;
T_0.12 ;
    %load/vec4 v0x572057b3ced0_0;
    %load/vec4 v0x572057b3cb80_0;
    %cmp/u;
    %jmp/0xz  T_0.14, 5;
    %load/vec4 v0x572057b3cd20_0;
    %store/vec4 v0x572057b3d120_0, 0, 16;
    %load/vec4 v0x572057b3cde0_0;
    %store/vec4 v0x572057b3d200_0, 0, 32;
    %load/vec4 v0x572057b3cc50_0;
    %store/vec4 v0x572057b3d040_0, 0, 16;
    %load/vec4 v0x572057b3ced0_0;
    %store/vec4 v0x572057b3d2e0_0, 0, 16;
    %jmp T_0.15;
T_0.14 ;
    %load/vec4 v0x572057b3cfa0_0;
    %nor/r;
    %flag_set/vec4 8;
    %jmp/0xz  T_0.16, 8;
    %load/vec4 v0x572057b3ca40_0;
    %store/vec4 v0x572057b3d120_0, 0, 16;
    %load/vec4 v0x572057b3cae0_0;
    %store/vec4 v0x572057b3d200_0, 0, 32;
    %load/vec4 v0x572057b3c9a0_0;
    %store/vec4 v0x572057b3d040_0, 0, 16;
    %load/vec4 v0x572057b3cb80_0;
    %store/vec4 v0x572057b3d2e0_0, 0, 16;
    %jmp T_0.17;
T_0.16 ;
    %load/vec4 v0x572057b3cd20_0;
    %store/vec4 v0x572057b3d120_0, 0, 16;
    %load/vec4 v0x572057b3cde0_0;
    %store/vec4 v0x572057b3d200_0, 0, 32;
    %load/vec4 v0x572057b3cc50_0;
    %store/vec4 v0x572057b3d040_0, 0, 16;
    %load/vec4 v0x572057b3ced0_0;
    %store/vec4 v0x572057b3d2e0_0, 0, 16;
T_0.17 ;
T_0.15 ;
T_0.13 ;
T_0.11 ;
T_0.9 ;
T_0.7 ;
T_0.5 ;
T_0.3 ;
T_0.1 ;
    %jmp T_0;
    .thread T_0, $push;
    .scope S_0x572057b1efe0;
T_1 ;
    %wait E_0x572057ae0120;
    %load/vec4 v0x572057b3e110_0;
    %nor/r;
    %flag_set/vec4 8;
    %jmp/0xz  T_1.0, 8;
    %pushi/vec4 0, 0, 1;
    %assign/vec4 v0x572057b3d910_0, 0;
    %pushi/vec4 0, 0, 16;
    %assign/vec4 v0x572057b3d640_0, 0;
    %pushi/vec4 0, 0, 32;
    %assign/vec4 v0x572057b3d700_0, 0;
    %pushi/vec4 0, 0, 16;
    %assign/vec4 v0x572057b3d560_0, 0;
    %pushi/vec4 0, 0, 16;
    %assign/vec4 v0x572057b3d820_0, 0;
    %jmp T_1.1;
T_1.0 ;
    %load/vec4 v0x572057b3def0_0;
    %flag_set/vec4 8;
    %jmp/0xz  T_1.2, 8;
    %pushi/vec4 0, 0, 1;
    %assign/vec4 v0x572057b3d910_0, 0;
    %pushi/vec4 0, 0, 16;
    %assign/vec4 v0x572057b3d640_0, 0;
    %pushi/vec4 0, 0, 32;
    %assign/vec4 v0x572057b3d700_0, 0;
    %pushi/vec4 0, 0, 16;
    %assign/vec4 v0x572057b3d560_0, 0;
    %pushi/vec4 0, 0, 16;
    %assign/vec4 v0x572057b3d820_0, 0;
    %jmp T_1.3;
T_1.2 ;
    %load/vec4 v0x572057b3de30_0;
    %flag_set/vec4 8;
    %jmp/0xz  T_1.4, 8;
    %load/vec4 v0x572057b3d910_0;
    %nor/r;
    %flag_set/vec4 8;
    %jmp/0xz  T_1.6, 8;
    %pushi/vec4 1, 0, 1;
    %assign/vec4 v0x572057b3d910_0, 0;
    %load/vec4 v0x572057b3db30_0;
    %assign/vec4 v0x572057b3d640_0, 0;
    %load/vec4 v0x572057b3dbf0_0;
    %assign/vec4 v0x572057b3d700_0, 0;
    %load/vec4 v0x572057b3da20_0;
    %assign/vec4 v0x572057b3d560_0, 0;
    %load/vec4 v0x572057b3dce0_0;
    %assign/vec4 v0x572057b3d820_0, 0;
    %jmp T_1.7;
T_1.6 ;
    %load/vec4 v0x572057b3e270_0;
    %assign/vec4 v0x572057b3d640_0, 0;
    %load/vec4 v0x572057b3e310_0;
    %assign/vec4 v0x572057b3d700_0, 0;
    %load/vec4 v0x572057b3e1b0_0;
    %assign/vec4 v0x572057b3d560_0, 0;
    %load/vec4 v0x572057b3e3b0_0;
    %assign/vec4 v0x572057b3d820_0, 0;
T_1.7 ;
T_1.4 ;
T_1.3 ;
T_1.1 ;
    %jmp T_1;
    .thread T_1;
    .scope S_0x572057ac64c0;
T_2 ;
    %wait E_0x572057ae0120;
    %load/vec4 v0x572057b3f6b0_0;
    %nor/r;
    %flag_set/vec4 8;
    %jmp/0xz  T_2.0, 8;
    %pushi/vec4 1, 0, 1;
    %assign/vec4 v0x572057b3eef0_0, 0;
    %pushi/vec4 0, 0, 1;
    %assign/vec4 v0x572057b3f5f0_0, 0;
    %jmp T_2.1;
T_2.0 ;
    %load/vec4 v0x572057b3f750_0;
    %assign/vec4 v0x572057b3eef0_0, 0;
    %load/vec4 v0x572057b3e5f0_0;
    %flag_set/vec4 8;
    %flag_get/vec4 8;
    %jmp/0 T_2.2, 8;
    %load/vec4 v0x572057b3ea80_0;
    %and;
T_2.2;
    %assign/vec4 v0x572057b3f5f0_0, 0;
T_2.1 ;
    %jmp T_2;
    .thread T_2;
    .scope S_0x572057b0de10;
T_3 ;
    %delay 5000, 0;
    %load/vec4 v0x572057b40250_0;
    %inv;
    %store/vec4 v0x572057b40250_0, 0, 1;
    %jmp T_3;
    .thread T_3;
    .scope S_0x572057b0de10;
T_4 ;
    %pushi/vec4 0, 0, 1;
    %store/vec4 v0x572057b40250_0, 0, 1;
    %pushi/vec4 0, 0, 1;
    %store/vec4 v0x572057b40fd0_0, 0, 1;
    %pushi/vec4 0, 0, 1;
    %store/vec4 v0x572057b41070_0, 0, 1;
    %pushi/vec4 0, 0, 1;
    %store/vec4 v0x572057b401b0_0, 0, 1;
    %pushi/vec4 0, 0, 1;
    %store/vec4 v0x572057b3fcb0_0, 0, 1;
    %pushi/vec4 0, 0, 1;
    %store/vec4 v0x572057b40a80_0, 0, 1;
    %pushi/vec4 0, 0, 16;
    %store/vec4 v0x572057b3fe40_0, 0, 16;
    %pushi/vec4 0, 0, 32;
    %store/vec4 v0x572057b3ff10_0, 0, 32;
    %pushi/vec4 0, 0, 16;
    %store/vec4 v0x572057b3fda0_0, 0, 16;
    %pushi/vec4 0, 0, 16;
    %store/vec4 v0x572057b40060_0, 0, 16;
    %pushi/vec4 0, 0, 32;
    %store/vec4 v0x572057b402f0_0, 0, 32;
    %vpi_func 3 41 "$value$plusargs" 32, "VECTORS=%s", v0x572057b41330_0 {0 0 0};
    %nor/r;
    %flag_set/vec4 8;
    %jmp/0xz  T_4.0, 8;
    %pushi/vec4 0, 0, 32; draw_string_vec4
    %pushi/vec4 0, 0, 32; draw_string_vec4
    %concat/vec4; draw_string_vec4
    %pushi/vec4 0, 0, 32; draw_string_vec4
    %concat/vec4; draw_string_vec4
    %pushi/vec4 0, 0, 32; draw_string_vec4
    %concat/vec4; draw_string_vec4
    %pushi/vec4 0, 0, 32; draw_string_vec4
    %concat/vec4; draw_string_vec4
    %pushi/vec4 0, 0, 32; draw_string_vec4
    %concat/vec4; draw_string_vec4
    %pushi/vec4 0, 0, 32; draw_string_vec4
    %concat/vec4; draw_string_vec4
    %pushi/vec4 0, 0, 32; draw_string_vec4
    %concat/vec4; draw_string_vec4
    %pushi/vec4 0, 0, 32; draw_string_vec4
    %concat/vec4; draw_string_vec4
    %pushi/vec4 0, 0, 32; draw_string_vec4
    %concat/vec4; draw_string_vec4
    %pushi/vec4 0, 0, 32; draw_string_vec4
    %concat/vec4; draw_string_vec4
    %pushi/vec4 0, 0, 32; draw_string_vec4
    %concat/vec4; draw_string_vec4
    %pushi/vec4 0, 0, 32; draw_string_vec4
    %concat/vec4; draw_string_vec4
    %pushi/vec4 0, 0, 32; draw_string_vec4
    %concat/vec4; draw_string_vec4
    %pushi/vec4 0, 0, 32; draw_string_vec4
    %concat/vec4; draw_string_vec4
    %pushi/vec4 0, 0, 32; draw_string_vec4
    %concat/vec4; draw_string_vec4
    %pushi/vec4 0, 0, 32; draw_string_vec4
    %concat/vec4; draw_string_vec4
    %pushi/vec4 0, 0, 32; draw_string_vec4
    %concat/vec4; draw_string_vec4
    %pushi/vec4 0, 0, 32; draw_string_vec4
    %concat/vec4; draw_string_vec4
    %pushi/vec4 0, 0, 32; draw_string_vec4
    %concat/vec4; draw_string_vec4
    %pushi/vec4 0, 0, 32; draw_string_vec4
    %concat/vec4; draw_string_vec4
    %pushi/vec4 0, 0, 32; draw_string_vec4
    %concat/vec4; draw_string_vec4
    %pushi/vec4 0, 0, 32; draw_string_vec4
    %concat/vec4; draw_string_vec4
    %pushi/vec4 116, 0, 32; draw_string_vec4
    %concat/vec4; draw_string_vec4
    %pushi/vec4 1647276141, 0, 32; draw_string_vec4
    %concat/vec4; draw_string_vec4
    %pushi/vec4 1868523361, 0, 32; draw_string_vec4
    %concat/vec4; draw_string_vec4
    %pushi/vec4 1601332580, 0, 32; draw_string_vec4
    %concat/vec4; draw_string_vec4
    %pushi/vec4 1969448292, 0, 32; draw_string_vec4
    %concat/vec4; draw_string_vec4
    %pushi/vec4 1600348526, 0, 32; draw_string_vec4
    %concat/vec4; draw_string_vec4
    %pushi/vec4 1684628577, 0, 32; draw_string_vec4
    %concat/vec4; draw_string_vec4
    %pushi/vec4 1952805678, 0, 32; draw_string_vec4
    %concat/vec4; draw_string_vec4
    %pushi/vec4 1835363688, 0, 32; draw_string_vec4
    %concat/vec4; draw_string_vec4
    %store/vec4 v0x572057b41330_0, 0, 1024;
T_4.0 ;
    %vpi_func 3 42 "$value$plusargs" 32, "LOG=%s", v0x572057b409a0_0 {0 0 0};
    %nor/r;
    %flag_set/vec4 8;
    %jmp/0xz  T_4.2, 8;
    %pushi/vec4 0, 0, 32; draw_string_vec4
    %pushi/vec4 0, 0, 32; draw_string_vec4
    %concat/vec4; draw_string_vec4
    %pushi/vec4 0, 0, 32; draw_string_vec4
    %concat/vec4; draw_string_vec4
    %pushi/vec4 0, 0, 32; draw_string_vec4
    %concat/vec4; draw_string_vec4
    %pushi/vec4 0, 0, 32; draw_string_vec4
    %concat/vec4; draw_string_vec4
    %pushi/vec4 0, 0, 32; draw_string_vec4
    %concat/vec4; draw_string_vec4
    %pushi/vec4 0, 0, 32; draw_string_vec4
    %concat/vec4; draw_string_vec4
    %pushi/vec4 0, 0, 32; draw_string_vec4
    %concat/vec4; draw_string_vec4
    %pushi/vec4 0, 0, 32; draw_string_vec4
    %concat/vec4; draw_string_vec4
    %pushi/vec4 0, 0, 32; draw_string_vec4
    %concat/vec4; draw_string_vec4
    %pushi/vec4 0, 0, 32; draw_string_vec4
    %concat/vec4; draw_string_vec4
    %pushi/vec4 0, 0, 32; draw_string_vec4
    %concat/vec4; draw_string_vec4
    %pushi/vec4 0, 0, 32; draw_string_vec4
    %concat/vec4; draw_string_vec4
    %pushi/vec4 0, 0, 32; draw_string_vec4
    %concat/vec4; draw_string_vec4
    %pushi/vec4 0, 0, 32; draw_string_vec4
    %concat/vec4; draw_string_vec4
    %pushi/vec4 0, 0, 32; draw_string_vec4
    %concat/vec4; draw_string_vec4
    %pushi/vec4 0, 0, 32; draw_string_vec4
    %concat/vec4; draw_string_vec4
    %pushi/vec4 0, 0, 32; draw_string_vec4
    %concat/vec4; draw_string_vec4
    %pushi/vec4 0, 0, 32; draw_string_vec4
    %concat/vec4; draw_string_vec4
    %pushi/vec4 0, 0, 32; draw_string_vec4
    %concat/vec4; draw_string_vec4
    %pushi/vec4 114, 0, 32; draw_string_vec4
    %concat/vec4; draw_string_vec4
    %pushi/vec4 1702065516, 0, 32; draw_string_vec4
    %concat/vec4; draw_string_vec4
    %pushi/vec4 1953705840, 0, 32; draw_string_vec4
    %concat/vec4; draw_string_vec4
    %pushi/vec4 1751216997, 0, 32; draw_string_vec4
    %concat/vec4; draw_string_vec4
    %pushi/vec4 875524205, 0, 32; draw_string_vec4
    %concat/vec4; draw_string_vec4
    %pushi/vec4 1868523361, 0, 32; draw_string_vec4
    %concat/vec4; draw_string_vec4
    %pushi/vec4 1601332580, 0, 32; draw_string_vec4
    %concat/vec4; draw_string_vec4
    %pushi/vec4 1969448292, 0, 32; draw_string_vec4
    %concat/vec4; draw_string_vec4
    %pushi/vec4 1601399149, 0, 32; draw_string_vec4
    %concat/vec4; draw_string_vec4
    %pushi/vec4 1601332595, 0, 32; draw_string_vec4
    %concat/vec4; draw_string_vec4
    %pushi/vec4 1970041971, 0, 32; draw_string_vec4
    %concat/vec4; draw_string_vec4
    %pushi/vec4 778269558, 0, 32; draw_string_vec4
    %concat/vec4; draw_string_vec4
    %store/vec4 v0x572057b409a0_0, 0, 1024;
T_4.2 ;
    %vpi_func 3 43 "$value$plusargs" 32, "SUMMARY=%s", v0x572057b41110_0 {0 0 0};
    %nor/r;
    %flag_set/vec4 8;
    %jmp/0xz  T_4.4, 8;
    %pushi/vec4 0, 0, 32; draw_string_vec4
    %pushi/vec4 0, 0, 32; draw_string_vec4
    %concat/vec4; draw_string_vec4
    %pushi/vec4 0, 0, 32; draw_string_vec4
    %concat/vec4; draw_string_vec4
    %pushi/vec4 0, 0, 32; draw_string_vec4
    %concat/vec4; draw_string_vec4
    %pushi/vec4 0, 0, 32; draw_string_vec4
    %concat/vec4; draw_string_vec4
    %pushi/vec4 0, 0, 32; draw_string_vec4
    %concat/vec4; draw_string_vec4
    %pushi/vec4 0, 0, 32; draw_string_vec4
    %concat/vec4; draw_string_vec4
    %pushi/vec4 0, 0, 32; draw_string_vec4
    %concat/vec4; draw_string_vec4
    %pushi/vec4 0, 0, 32; draw_string_vec4
    %concat/vec4; draw_string_vec4
    %pushi/vec4 0, 0, 32; draw_string_vec4
    %concat/vec4; draw_string_vec4
    %pushi/vec4 0, 0, 32; draw_string_vec4
    %concat/vec4; draw_string_vec4
    %pushi/vec4 0, 0, 32; draw_string_vec4
    %concat/vec4; draw_string_vec4
    %pushi/vec4 0, 0, 32; draw_string_vec4
    %concat/vec4; draw_string_vec4
    %pushi/vec4 0, 0, 32; draw_string_vec4
    %concat/vec4; draw_string_vec4
    %pushi/vec4 0, 0, 32; draw_string_vec4
    %concat/vec4; draw_string_vec4
    %pushi/vec4 0, 0, 32; draw_string_vec4
    %concat/vec4; draw_string_vec4
    %pushi/vec4 0, 0, 32; draw_string_vec4
    %concat/vec4; draw_string_vec4
    %pushi/vec4 0, 0, 32; draw_string_vec4
    %concat/vec4; draw_string_vec4
    %pushi/vec4 0, 0, 32; draw_string_vec4
    %concat/vec4; draw_string_vec4
    %pushi/vec4 0, 0, 32; draw_string_vec4
    %concat/vec4; draw_string_vec4
    %pushi/vec4 114, 0, 32; draw_string_vec4
    %concat/vec4; draw_string_vec4
    %pushi/vec4 1702065516, 0, 32; draw_string_vec4
    %concat/vec4; draw_string_vec4
    %pushi/vec4 1953705840, 0, 32; draw_string_vec4
    %concat/vec4; draw_string_vec4
    %pushi/vec4 1751216997, 0, 32; draw_string_vec4
    %concat/vec4; draw_string_vec4
    %pushi/vec4 875524205, 0, 32; draw_string_vec4
    %concat/vec4; draw_string_vec4
    %pushi/vec4 1868523361, 0, 32; draw_string_vec4
    %concat/vec4; draw_string_vec4
    %pushi/vec4 1601332580, 0, 32; draw_string_vec4
    %concat/vec4; draw_string_vec4
    %pushi/vec4 1969448292, 0, 32; draw_string_vec4
    %concat/vec4; draw_string_vec4
    %pushi/vec4 1601399149, 0, 32; draw_string_vec4
    %concat/vec4; draw_string_vec4
    %pushi/vec4 1601402221, 0, 32; draw_string_vec4
    %concat/vec4; draw_string_vec4
    %pushi/vec4 1835102841, 0, 32; draw_string_vec4
    %concat/vec4; draw_string_vec4
    %pushi/vec4 779384948, 0, 32; draw_string_vec4
    %concat/vec4; draw_string_vec4
    %store/vec4 v0x572057b41110_0, 0, 1024;
T_4.4 ;
    %vpi_call/w 3 45 "$display", "[TB_PMO_GA_REDUCED] vectors=%0s", v0x572057b41330_0 {0 0 0};
    %vpi_call/w 3 46 "$display", "[TB_PMO_GA_REDUCED] log=%0s", v0x572057b409a0_0 {0 0 0};
    %vpi_call/w 3 47 "$display", "[TB_PMO_GA_REDUCED] summary=%0s", v0x572057b41110_0 {0 0 0};
    %vpi_call/w 3 49 "$readmemh", v0x572057b41330_0, v0x572057b411b0 {0 0 0};
    %pushi/vec4 0, 0, 32;
    %store/vec4 v0x572057b41250_0, 0, 32;
    %pushi/vec4 0, 0, 32;
    %store/vec4 v0x572057b407e0_0, 0, 32;
T_4.6 ;
    %load/vec4 v0x572057b407e0_0;
    %cmpi/s 64, 0, 32;
    %jmp/0xz T_4.7, 5;
    %load/vec4 v0x572057b41250_0;
    %load/vec4 v0x572057b407e0_0;
    %cmp/e;
    %flag_get/vec4 4;
    %jmp/0 T_4.10, 4;
    %ix/getv/s 4, v0x572057b407e0_0;
    %load/vec4a v0x572057b411b0, 4;
    %xor/r;
    %pushi/vec4 1, 1, 1;
    %cmp/ne;
    %flag_get/vec4 6;
    %and;
T_4.10;
    %flag_set/vec4 8;
    %jmp/0xz  T_4.8, 8;
    %load/vec4 v0x572057b41250_0;
    %addi 1, 0, 32;
    %store/vec4 v0x572057b41250_0, 0, 32;
T_4.8 ;
    %load/vec4 v0x572057b407e0_0;
    %addi 1, 0, 32;
    %store/vec4 v0x572057b407e0_0, 0, 32;
    %jmp T_4.6;
T_4.7 ;
    %vpi_func 3 56 "$fopen" 32, v0x572057b409a0_0, "w" {0 0 0};
    %store/vec4 v0x572057b408c0_0, 0, 32;
    %vpi_call/w 3 57 "$fwrite", v0x572057b408c0_0, "idx,path_id,latency_q16_16,fidelity_q0_16,util_q0_16\012" {0 0 0};
    %pushi/vec4 3, 0, 32;
T_4.11 %dup/vec4;
    %pushi/vec4 0, 0, 32;
    %cmp/s;
    %jmp/1xz T_4.12, 5;
    %jmp/1 T_4.12, 4;
    %pushi/vec4 1, 0, 32;
    %sub;
    %wait E_0x572057add030;
    %jmp T_4.11;
T_4.12 ;
    %pop/vec4 1;
    %pushi/vec4 1, 0, 1;
    %assign/vec4 v0x572057b40fd0_0, 0;
    %wait E_0x572057add030;
    %pushi/vec4 1, 0, 1;
    %assign/vec4 v0x572057b41070_0, 0;
    %wait E_0x572057add030;
    %pushi/vec4 0, 0, 1;
    %assign/vec4 v0x572057b41070_0, 0;
    %pushi/vec4 0, 0, 32;
    %store/vec4 v0x572057b407e0_0, 0, 32;
T_4.13 ;
    %load/vec4 v0x572057b407e0_0;
    %load/vec4 v0x572057b41250_0;
    %cmp/s;
    %jmp/0xz T_4.14, 5;
    %wait E_0x572057add030;
    %pushi/vec4 1, 0, 1;
    %assign/vec4 v0x572057b401b0_0, 0;
    %ix/getv/s 4, v0x572057b407e0_0;
    %load/vec4a v0x572057b411b0, 4;
    %parti/s 16, 64, 8;
    %assign/vec4 v0x572057b3fe40_0, 0;
    %ix/getv/s 4, v0x572057b407e0_0;
    %load/vec4a v0x572057b411b0, 4;
    %parti/s 32, 32, 7;
    %assign/vec4 v0x572057b3ff10_0, 0;
    %ix/getv/s 4, v0x572057b407e0_0;
    %load/vec4a v0x572057b411b0, 4;
    %parti/s 16, 16, 6;
    %assign/vec4 v0x572057b3fda0_0, 0;
    %ix/getv/s 4, v0x572057b407e0_0;
    %load/vec4a v0x572057b411b0, 4;
    %parti/s 16, 0, 2;
    %assign/vec4 v0x572057b40060_0, 0;
    %load/vec4 v0x572057b407e0_0;
    %parti/s 1, 0, 2;
    %assign/vec4 v0x572057b40a80_0, 0;
    %ix/getv/s 4, v0x572057b407e0_0;
    %load/vec4a v0x572057b411b0, 4;
    %parti/s 16, 64, 8;
    %ix/getv/s 4, v0x572057b407e0_0;
    %load/vec4a v0x572057b411b0, 4;
    %parti/s 32, 32, 7;
    %ix/getv/s 4, v0x572057b407e0_0;
    %load/vec4a v0x572057b411b0, 4;
    %parti/s 16, 16, 6;
    %ix/getv/s 4, v0x572057b407e0_0;
    %load/vec4a v0x572057b411b0, 4;
    %parti/s 16, 0, 2;
    %vpi_call/w 3 74 "$fwrite", v0x572057b408c0_0, "%0d,%0d,%0d,%0d,%0d\012", v0x572057b407e0_0, S<3,vec4,u16>, S<2,vec4,u32>, S<1,vec4,u16>, S<0,vec4,u16> {4 0 0};
    %load/vec4 v0x572057b407e0_0;
    %addi 1, 0, 32;
    %store/vec4 v0x572057b407e0_0, 0, 32;
    %jmp T_4.13;
T_4.14 ;
    %wait E_0x572057add030;
    %pushi/vec4 0, 0, 1;
    %assign/vec4 v0x572057b401b0_0, 0;
    %pushi/vec4 0, 0, 16;
    %assign/vec4 v0x572057b3fe40_0, 0;
    %pushi/vec4 0, 0, 32;
    %assign/vec4 v0x572057b3ff10_0, 0;
    %pushi/vec4 0, 0, 16;
    %assign/vec4 v0x572057b3fda0_0, 0;
    %pushi/vec4 0, 0, 16;
    %assign/vec4 v0x572057b40060_0, 0;
    %pushi/vec4 1, 0, 1;
    %assign/vec4 v0x572057b3fcb0_0, 0;
    %wait E_0x572057add030;
    %pushi/vec4 0, 0, 1;
    %assign/vec4 v0x572057b3fcb0_0, 0;
T_4.15 ;
    %load/vec4 v0x572057b40f00_0;
    %pushi/vec4 1, 0, 1;
    %cmp/e;
    %flag_get/vec4 6;
    %cmpi/ne 1, 0, 1;
    %jmp/0xz T_4.16, 6;
    %wait E_0x572057ae07c0;
    %jmp T_4.15;
T_4.16 ;
    %wait E_0x572057add030;
    %pushi/vec4 4, 0, 32;
    %store/vec4 v0x572057b403d0_0, 0, 32;
    %pushi/vec4 327680, 0, 32;
    %store/vec4 v0x572057b40620_0, 0, 32;
    %pushi/vec4 60948, 0, 32;
    %store/vec4 v0x572057b40540_0, 0, 32;
    %pushi/vec4 14418, 0, 32;
    %store/vec4 v0x572057b40700_0, 0, 32;
    %load/vec4 v0x572057b40cf0_0;
    %load/vec4 v0x572057b403d0_0;
    %parti/s 16, 0, 2;
    %cmp/ne;
    %jmp/0xz  T_4.17, 6;
    %load/vec4 v0x572057b402f0_0;
    %addi 1, 0, 32;
    %store/vec4 v0x572057b402f0_0, 0, 32;
    %vpi_call/w 3 94 "$display", "[TB_PMO_GA_REDUCED][MISMATCH] expected_id=%0d observed_id=%0d", v0x572057b403d0_0, v0x572057b40cf0_0 {0 0 0};
T_4.17 ;
    %load/vec4 v0x572057b40d90_0;
    %load/vec4 v0x572057b40620_0;
    %cmp/ne;
    %jmp/0xz  T_4.19, 6;
    %load/vec4 v0x572057b402f0_0;
    %addi 1, 0, 32;
    %store/vec4 v0x572057b402f0_0, 0, 32;
    %vpi_call/w 3 98 "$display", "[TB_PMO_GA_REDUCED][MISMATCH] expected_latency=%0d observed_latency=%0d", v0x572057b40620_0, v0x572057b40d90_0 {0 0 0};
T_4.19 ;
    %load/vec4 v0x572057b40b20_0;
    %load/vec4 v0x572057b40540_0;
    %parti/s 16, 0, 2;
    %cmp/ne;
    %jmp/0xz  T_4.21, 6;
    %load/vec4 v0x572057b402f0_0;
    %addi 1, 0, 32;
    %store/vec4 v0x572057b402f0_0, 0, 32;
    %vpi_call/w 3 102 "$display", "[TB_PMO_GA_REDUCED][MISMATCH] expected_fidelity=%0d observed_fidelity=%0d", v0x572057b40540_0, v0x572057b40b20_0 {0 0 0};
T_4.21 ;
    %load/vec4 v0x572057b40e30_0;
    %load/vec4 v0x572057b40700_0;
    %parti/s 16, 0, 2;
    %cmp/ne;
    %jmp/0xz  T_4.23, 6;
    %load/vec4 v0x572057b402f0_0;
    %addi 1, 0, 32;
    %store/vec4 v0x572057b402f0_0, 0, 32;
    %vpi_call/w 3 106 "$display", "[TB_PMO_GA_REDUCED][MISMATCH] expected_util=%0d observed_util=%0d", v0x572057b40700_0, v0x572057b40e30_0 {0 0 0};
T_4.23 ;
    %fork t_1, S_0x572057b3f9d0;
    %jmp t_0;
    .scope S_0x572057b3f9d0;
t_1 ;
    %vpi_func 3 111 "$fopen" 32, v0x572057b41110_0, "w" {0 0 0};
    %store/vec4 v0x572057b3fbd0_0, 0, 32;
    %vpi_call/w 3 112 "$fwrite", v0x572057b3fbd0_0, "PMO-GA reduced kernel summary\012" {0 0 0};
    %vpi_call/w 3 113 "$fwrite", v0x572057b3fbd0_0, "vector_count=%0d\012", v0x572057b41250_0 {0 0 0};
    %vpi_call/w 3 114 "$fwrite", v0x572057b3fbd0_0, "expected_best_id=%0d\012", v0x572057b403d0_0 {0 0 0};
    %vpi_call/w 3 115 "$fwrite", v0x572057b3fbd0_0, "observed_best_id=%0d\012", v0x572057b40cf0_0 {0 0 0};
    %vpi_call/w 3 116 "$fwrite", v0x572057b3fbd0_0, "observed_latency=%0d\012", v0x572057b40d90_0 {0 0 0};
    %vpi_call/w 3 117 "$fwrite", v0x572057b3fbd0_0, "observed_fidelity=%0d\012", v0x572057b40b20_0 {0 0 0};
    %vpi_call/w 3 118 "$fwrite", v0x572057b3fbd0_0, "observed_util=%0d\012", v0x572057b40e30_0 {0 0 0};
    %vpi_call/w 3 119 "$fwrite", v0x572057b3fbd0_0, "fail_count=%0d\012", v0x572057b402f0_0 {0 0 0};
    %vpi_call/w 3 120 "$fclose", v0x572057b3fbd0_0 {0 0 0};
    %end;
    .scope S_0x572057b0de10;
t_0 %join;
    %vpi_call/w 3 123 "$fclose", v0x572057b408c0_0 {0 0 0};
    %load/vec4 v0x572057b402f0_0;
    %cmpi/e 0, 0, 32;
    %jmp/0xz  T_4.25, 4;
    %vpi_call/w 3 125 "$display", "[TB_PMO_GA_REDUCED] PASS: vectors=%0d best_id=%0d", v0x572057b41250_0, v0x572057b40cf0_0 {0 0 0};
    %jmp T_4.26;
T_4.25 ;
    %vpi_call/w 3 127 "$display", "[TB_PMO_GA_REDUCED] FAIL: err_count=%0d", v0x572057b402f0_0 {0 0 0};
    %vpi_call/w 3 128 "$fatal", 32'sb00000000000000000000000000000001, "[TB_PMO_GA_REDUCED] Simulation failed." {0 0 0};
T_4.26 ;
    %vpi_call/w 3 130 "$finish" {0 0 0};
    %end;
    .thread T_4;
# The file index is used to find the file name in the following table.
:file_names 8;
    "N/A";
    "<interactive>";
    "-";
    "tb/tb_pmo_ga_reduced.v";
    "rtl/pmo_ga_reduced.v";
    "rtl/ga_elitism.v";
    "rtl/ga_select.v";
    "rtl/ga_pareto_cmp.v";
