#! /usr/bin/vvp
:ivl_version "12.0 (stable)";
:ivl_delay_selection "TYPICAL";
:vpi_time_precision - 12;
:vpi_module "/usr/lib/x86_64-linux-gnu/ivl/system.vpi";
:vpi_module "/usr/lib/x86_64-linux-gnu/ivl/vhdl_sys.vpi";
:vpi_module "/usr/lib/x86_64-linux-gnu/ivl/vhdl_textio.vpi";
:vpi_module "/usr/lib/x86_64-linux-gnu/ivl/v2005_math.vpi";
:vpi_module "/usr/lib/x86_64-linux-gnu/ivl/va_math.vpi";
:vpi_module "/usr/lib/x86_64-linux-gnu/ivl/v2009.vpi";
S_0x5a03f937e1b0 .scope package, "$unit" "$unit" 2 1;
 .timescale 0 0;
S_0x5a03f937cd40 .scope module, "tb_pmo_ga_multigen" "tb_pmo_ga_multigen" 3 2;
 .timescale -12 -12;
P_0x5a03f938e060 .param/l "GEN_COUNT" 1 3 4, +C4<00000000000000000000000000000011>;
P_0x5a03f938e0a0 .param/l "MUT_MASK" 1 3 6, C4<0000000000000101>;
P_0x5a03f938e0e0 .param/l "POP_SIZE" 1 3 3, +C4<00000000000000000000000000001000>;
P_0x5a03f938e120 .param/l "TOTAL_VECTORS" 1 3 5, +C4<00000000000000000000000000011000>;
v0x5a03f93c9ae0_0 .net "best_fidelity", 15 0, v0x5a03f93c5610_0;  1 drivers
v0x5a03f93c9c50_0 .net "best_id", 15 0, v0x5a03f93c56f0_0;  1 drivers
v0x5a03f93c9d10_0 .net "best_latency", 31 0, v0x5a03f93c57b0_0;  1 drivers
v0x5a03f93c9e40_0 .net "best_util", 15 0, v0x5a03f93c5850_0;  1 drivers
v0x5a03f93c9f90_0 .var "cand_fidelity", 15 0;
v0x5a03f93ca050_0 .var "cand_gene", 15 0;
v0x5a03f93ca110_0 .var "cand_id", 15 0;
v0x5a03f93ca1b0_0 .var "cand_latency", 31 0;
v0x5a03f93ca270_0 .var "cand_util", 15 0;
v0x5a03f93ca3c0_0 .var "cand_valid", 0 0;
v0x5a03f93ca460_0 .var "clk", 0 0;
v0x5a03f93ca500_0 .var "exp_best_fidelity", 15 0;
v0x5a03f93ca5e0_0 .var "exp_best_id", 15 0;
v0x5a03f93ca6c0_0 .var "exp_best_latency", 31 0;
v0x5a03f93ca7a0_0 .var "exp_best_util", 15 0;
v0x5a03f93ca880_0 .var "exp_child_gene", 15 0;
v0x5a03f93ca960_0 .var "exp_mutated_gene", 15 0;
v0x5a03f93caa40_0 .var/i "fail_count", 31 0;
v0x5a03f93cab20_0 .net "final_child_gene", 15 0, v0x5a03f93c7ae0_0;  1 drivers
v0x5a03f93cac10_0 .net "final_mutated_gene", 15 0, v0x5a03f93c7c90_0;  1 drivers
v0x5a03f93cace0_0 .var/i "i", 31 0;
v0x5a03f93cada0_0 .var/i "log_fd", 31 0;
v0x5a03f93cae80_0 .net "req_gen", 3 0, v0x5a03f93c85c0_0;  1 drivers
v0x5a03f93caf70_0 .net "req_index", 3 0, v0x5a03f93c86a0_0;  1 drivers
v0x5a03f93cb040_0 .net "req_valid", 0 0, v0x5a03f93c8780_0;  1 drivers
v0x5a03f93cb110_0 .net "result_valid", 0 0, v0x5a03f93c8840_0;  1 drivers
v0x5a03f93cb1e0_0 .var "rst_n", 0 0;
v0x5a03f93cb280_0 .var "start_i", 0 0;
v0x5a03f93cb350_0 .var/i "summary_fd", 31 0;
v0x5a03f93cb3f0_0 .var/i "timeout_ctr", 31 0;
v0x5a03f93cb490_0 .var/i "vec_idx", 31 0;
v0x5a03f93cb570 .array "vec_mem", 23 0, 95 0;
E_0x5a03f93214f0/0 .event anyedge, v0x5a03f93c85c0_0, v0x5a03f93c86a0_0, v0x5a03f93c8780_0, v0x5a03f93cb490_0;
v0x5a03f93cb570_0 .array/port v0x5a03f93cb570, 0;
v0x5a03f93cb570_1 .array/port v0x5a03f93cb570, 1;
v0x5a03f93cb570_2 .array/port v0x5a03f93cb570, 2;
v0x5a03f93cb570_3 .array/port v0x5a03f93cb570, 3;
E_0x5a03f93214f0/1 .event anyedge, v0x5a03f93cb570_0, v0x5a03f93cb570_1, v0x5a03f93cb570_2, v0x5a03f93cb570_3;
v0x5a03f93cb570_4 .array/port v0x5a03f93cb570, 4;
v0x5a03f93cb570_5 .array/port v0x5a03f93cb570, 5;
v0x5a03f93cb570_6 .array/port v0x5a03f93cb570, 6;
v0x5a03f93cb570_7 .array/port v0x5a03f93cb570, 7;
E_0x5a03f93214f0/2 .event anyedge, v0x5a03f93cb570_4, v0x5a03f93cb570_5, v0x5a03f93cb570_6, v0x5a03f93cb570_7;
v0x5a03f93cb570_8 .array/port v0x5a03f93cb570, 8;
v0x5a03f93cb570_9 .array/port v0x5a03f93cb570, 9;
v0x5a03f93cb570_10 .array/port v0x5a03f93cb570, 10;
v0x5a03f93cb570_11 .array/port v0x5a03f93cb570, 11;
E_0x5a03f93214f0/3 .event anyedge, v0x5a03f93cb570_8, v0x5a03f93cb570_9, v0x5a03f93cb570_10, v0x5a03f93cb570_11;
v0x5a03f93cb570_12 .array/port v0x5a03f93cb570, 12;
v0x5a03f93cb570_13 .array/port v0x5a03f93cb570, 13;
v0x5a03f93cb570_14 .array/port v0x5a03f93cb570, 14;
v0x5a03f93cb570_15 .array/port v0x5a03f93cb570, 15;
E_0x5a03f93214f0/4 .event anyedge, v0x5a03f93cb570_12, v0x5a03f93cb570_13, v0x5a03f93cb570_14, v0x5a03f93cb570_15;
v0x5a03f93cb570_16 .array/port v0x5a03f93cb570, 16;
v0x5a03f93cb570_17 .array/port v0x5a03f93cb570, 17;
v0x5a03f93cb570_18 .array/port v0x5a03f93cb570, 18;
v0x5a03f93cb570_19 .array/port v0x5a03f93cb570, 19;
E_0x5a03f93214f0/5 .event anyedge, v0x5a03f93cb570_16, v0x5a03f93cb570_17, v0x5a03f93cb570_18, v0x5a03f93cb570_19;
v0x5a03f93cb570_20 .array/port v0x5a03f93cb570, 20;
v0x5a03f93cb570_21 .array/port v0x5a03f93cb570, 21;
v0x5a03f93cb570_22 .array/port v0x5a03f93cb570, 22;
v0x5a03f93cb570_23 .array/port v0x5a03f93cb570, 23;
E_0x5a03f93214f0/6 .event anyedge, v0x5a03f93cb570_20, v0x5a03f93cb570_21, v0x5a03f93cb570_22, v0x5a03f93cb570_23;
E_0x5a03f93214f0 .event/or E_0x5a03f93214f0/0, E_0x5a03f93214f0/1, E_0x5a03f93214f0/2, E_0x5a03f93214f0/3, E_0x5a03f93214f0/4, E_0x5a03f93214f0/5, E_0x5a03f93214f0/6;
S_0x5a03f937b8d0 .scope begin, "$unm_blk_46" "$unm_blk_46" 3 109, 3 109 0, S_0x5a03f937cd40;
 .timescale -12 -12;
v0x5a03f938cd70_0 .var/str "log_file";
v0x5a03f938ce10_0 .var/str "summary_file";
v0x5a03f9384c20_0 .var "tmp_fid", 15 0;
v0x5a03f9384cc0_0 .var "tmp_id", 15 0;
v0x5a03f9398e80_0 .var "tmp_lat", 31 0;
v0x5a03f9398f20_0 .var "tmp_util", 15 0;
v0x5a03f939a580_0 .var/str "vectors_file";
E_0x5a03f9320d90 .event posedge, v0x5a03f93c1f70_0;
S_0x5a03f93bcd70 .scope autofunction.vec4.s1, "a_dom" "a_dom" 3 44, 3 44 0, S_0x5a03f937cd40;
 .timescale -12 -12;
; Variable a_dom is vec4 return value of scope S_0x5a03f93bcd70
v0x5a03f93bd050_0 .var "fa", 15 0;
v0x5a03f93bd130_0 .var "fb", 15 0;
v0x5a03f93bd1f0_0 .var "la", 31 0;
v0x5a03f93bd2d0_0 .var "lb", 31 0;
v0x5a03f93bd400_0 .var "ua", 15 0;
v0x5a03f93bd4e0_0 .var "ub", 15 0;
TD_tb_pmo_ga_multigen.a_dom ;
    %load/vec4 v0x5a03f93bd1f0_0;
    %load/vec4 v0x5a03f93bd2d0_0;
    %cmp/u;
    %flag_or 5, 4;
    %flag_get/vec4 5;
    %jmp/0 T_0.2, 5;
    %load/vec4 v0x5a03f93bd130_0;
    %load/vec4 v0x5a03f93bd050_0;
    %cmp/u;
    %flag_get/vec4 4;
    %flag_get/vec4 5;
    %or;
    %and;
T_0.2;
    %flag_set/vec4 9;
    %flag_get/vec4 9;
    %jmp/0 T_0.1, 9;
    %load/vec4 v0x5a03f93bd400_0;
    %load/vec4 v0x5a03f93bd4e0_0;
    %cmp/u;
    %flag_get/vec4 4;
    %flag_get/vec4 5;
    %or;
    %and;
T_0.1;
    %flag_set/vec4 8;
    %flag_get/vec4 8;
    %jmp/0 T_0.0, 8;
    %load/vec4 v0x5a03f93bd1f0_0;
    %load/vec4 v0x5a03f93bd2d0_0;
    %cmp/u;
    %jmp/1 T_0.4, 5;
    %flag_mov 8, 5;
    %load/vec4 v0x5a03f93bd130_0;
    %load/vec4 v0x5a03f93bd050_0;
    %cmp/u;
    %flag_or 5, 8;
T_0.4;
    %flag_get/vec4 5;
    %jmp/1 T_0.3, 5;
    %load/vec4 v0x5a03f93bd400_0;
    %load/vec4 v0x5a03f93bd4e0_0;
    %cmp/u;
    %flag_get/vec4 5;
    %or;
T_0.3;
    %and;
T_0.0;
    %ret/vec4 0, 0, 1;  Assign to a_dom (store_vec4_to_lval)
    %end;
S_0x5a03f93bd5c0 .scope module, "dut" "pmo_ga_multigen" 3 79, 4 1 0, S_0x5a03f937cd40;
 .timescale 0 0;
    .port_info 0 /INPUT 1 "clk";
    .port_info 1 /INPUT 1 "rst_n";
    .port_info 2 /INPUT 1 "start_i";
    .port_info 3 /INPUT 4 "pop_size_i";
    .port_info 4 /INPUT 4 "gen_count_i";
    .port_info 5 /INPUT 1 "cand_valid_i";
    .port_info 6 /INPUT 16 "cand_id_i";
    .port_info 7 /INPUT 32 "cand_latency_i";
    .port_info 8 /INPUT 16 "cand_fidelity_i";
    .port_info 9 /INPUT 16 "cand_util_i";
    .port_info 10 /INPUT 16 "cand_gene_i";
    .port_info 11 /OUTPUT 1 "req_valid_o";
    .port_info 12 /OUTPUT 4 "req_gen_o";
    .port_info 13 /OUTPUT 4 "req_index_o";
    .port_info 14 /OUTPUT 1 "result_valid_o";
    .port_info 15 /OUTPUT 16 "best_id_o";
    .port_info 16 /OUTPUT 32 "best_latency_o";
    .port_info 17 /OUTPUT 16 "best_fidelity_o";
    .port_info 18 /OUTPUT 16 "best_util_o";
    .port_info 19 /OUTPUT 16 "final_child_gene_o";
    .port_info 20 /OUTPUT 16 "final_mutated_gene_o";
P_0x5a03f93bd7a0 .param/l "GEN_W" 0 4 3, +C4<00000000000000000000000000000100>;
P_0x5a03f93bd7e0 .param/l "INDEX_W" 0 4 2, +C4<00000000000000000000000000000100>;
P_0x5a03f93bd820 .param/l "ST_CLEAR" 1 4 28, C4<01>;
P_0x5a03f93bd860 .param/l "ST_DONE" 1 4 30, C4<11>;
P_0x5a03f93bd8a0 .param/l "ST_IDLE" 1 4 27, C4<00>;
P_0x5a03f93bd8e0 .param/l "ST_ISSUE" 1 4 29, C4<10>;
L_0x79e2f81b7138 .functor BUFT 1, C4<10>, C4<0>, C4<0>, C4<0>;
v0x5a03f93c6d80_0 .net/2u *"_ivl_10", 1 0, L_0x79e2f81b7138;  1 drivers
L_0x79e2f81b70a8 .functor BUFT 1, C4<10>, C4<0>, C4<0>, C4<0>;
v0x5a03f93c6e80_0 .net/2u *"_ivl_4", 1 0, L_0x79e2f81b70a8;  1 drivers
v0x5a03f93c6f60_0 .net "best_fidelity_o", 15 0, v0x5a03f93c5610_0;  alias, 1 drivers
v0x5a03f93c7000_0 .net "best_id_o", 15 0, v0x5a03f93c56f0_0;  alias, 1 drivers
v0x5a03f93c7110_0 .net "best_latency_o", 31 0, v0x5a03f93c57b0_0;  alias, 1 drivers
v0x5a03f93c7220_0 .net "best_util_o", 15 0, v0x5a03f93c5850_0;  alias, 1 drivers
v0x5a03f93c72e0_0 .net "cand_fidelity_i", 15 0, v0x5a03f93c9f90_0;  1 drivers
v0x5a03f93c73a0_0 .net "cand_gene_i", 15 0, v0x5a03f93ca050_0;  1 drivers
v0x5a03f93c7480_0 .net "cand_id_i", 15 0, v0x5a03f93ca110_0;  1 drivers
v0x5a03f93c75d0_0 .net "cand_latency_i", 31 0, v0x5a03f93ca1b0_0;  1 drivers
v0x5a03f93c7690_0 .net "cand_util_i", 15 0, v0x5a03f93ca270_0;  1 drivers
v0x5a03f93c7750_0 .net "cand_valid_i", 0 0, v0x5a03f93ca3c0_0;  1 drivers
v0x5a03f93c77f0_0 .net "child_gene_w", 15 0, L_0x5a03f93ceaa0;  1 drivers
v0x5a03f93c78b0_0 .var "clear_gen_r", 0 0;
v0x5a03f93c7950_0 .var "clear_global_r", 0 0;
v0x5a03f93c79f0_0 .net "clk", 0 0, v0x5a03f93ca460_0;  1 drivers
v0x5a03f93c7ae0_0 .var "final_child_gene_o", 15 0;
v0x5a03f93c7c90_0 .var "final_mutated_gene_o", 15 0;
v0x5a03f93c7d70_0 .net "gen_best_fidelity", 15 0, v0x5a03f93c1520_0;  1 drivers
v0x5a03f93c7e30_0 .net "gen_best_id", 15 0, v0x5a03f93c1600_0;  1 drivers
v0x5a03f93c7f40_0 .net "gen_best_latency", 31 0, v0x5a03f93c16c0_0;  1 drivers
v0x5a03f93c8000_0 .net "gen_best_util", 15 0, v0x5a03f93c17e0_0;  1 drivers
v0x5a03f93c80c0_0 .net "gen_best_valid", 0 0, v0x5a03f93c18d0_0;  1 drivers
L_0x79e2f81b71c8 .functor BUFT 1, C4<0011>, C4<0>, C4<0>, C4<0>;
v0x5a03f93c8160_0 .net "gen_count_i", 3 0, L_0x79e2f81b71c8;  1 drivers
v0x5a03f93c8220_0 .net "mutated_gene_w", 15 0, L_0x5a03f93ced40;  1 drivers
v0x5a03f93c82e0_0 .var "parent_a_gene_r", 15 0;
v0x5a03f93c8380_0 .var "parent_b_gene_r", 15 0;
v0x5a03f93c8420_0 .var "parent_count_r", 1 0;
L_0x79e2f81b7180 .functor BUFT 1, C4<1000>, C4<0>, C4<0>, C4<0>;
v0x5a03f93c84e0_0 .net "pop_size_i", 3 0, L_0x79e2f81b7180;  1 drivers
v0x5a03f93c85c0_0 .var "req_gen_o", 3 0;
v0x5a03f93c86a0_0 .var "req_index_o", 3 0;
v0x5a03f93c8780_0 .var "req_valid_o", 0 0;
v0x5a03f93c8840_0 .var "result_valid_o", 0 0;
v0x5a03f93c8900_0 .net "rst_n", 0 0, v0x5a03f93cb1e0_0;  1 drivers
v0x5a03f93c89f0_0 .net "start_i", 0 0, v0x5a03f93cb280_0;  1 drivers
v0x5a03f93c8ab0_0 .var "state_r", 1 0;
L_0x5a03f93ceb90 .cmp/eq 2, v0x5a03f93c8420_0, L_0x79e2f81b70a8;
L_0x5a03f93deee0 .cmp/eq 2, v0x5a03f93c8420_0, L_0x79e2f81b7138;
S_0x5a03f93bddc0 .scope module, "u_cross" "ga_crossover" 4 63, 5 1 0, S_0x5a03f93bd5c0;
 .timescale 0 0;
    .port_info 0 /INPUT 16 "parent_a_gene_i";
    .port_info 1 /INPUT 16 "parent_b_gene_i";
    .port_info 2 /INPUT 1 "enable_i";
    .port_info 3 /OUTPUT 16 "child_gene_o";
v0x5a03f93bdfd0_0 .net *"_ivl_1", 7 0, L_0x5a03f93ce780;  1 drivers
v0x5a03f93be0d0_0 .net *"_ivl_3", 7 0, L_0x5a03f93ce870;  1 drivers
v0x5a03f93be1b0_0 .net *"_ivl_4", 15 0, L_0x5a03f93ce960;  1 drivers
v0x5a03f93be2a0_0 .net "child_gene_o", 15 0, L_0x5a03f93ceaa0;  alias, 1 drivers
v0x5a03f93be380_0 .net "enable_i", 0 0, L_0x5a03f93ceb90;  1 drivers
v0x5a03f93be490_0 .net "parent_a_gene_i", 15 0, v0x5a03f93c82e0_0;  1 drivers
v0x5a03f93be570_0 .net "parent_b_gene_i", 15 0, v0x5a03f93c8380_0;  1 drivers
L_0x5a03f93ce780 .part v0x5a03f93c82e0_0, 8, 8;
L_0x5a03f93ce870 .part v0x5a03f93c8380_0, 0, 8;
L_0x5a03f93ce960 .concat [ 8 8 0 0], L_0x5a03f93ce870, L_0x5a03f93ce780;
L_0x5a03f93ceaa0 .functor MUXZ 16, v0x5a03f93c82e0_0, L_0x5a03f93ce960, L_0x5a03f93ceb90, C4<>;
S_0x5a03f93be6d0 .scope module, "u_gen_elite" "ga_elitism" 4 45, 6 1 0, S_0x5a03f93bd5c0;
 .timescale 0 0;
    .port_info 0 /INPUT 1 "clk";
    .port_info 1 /INPUT 1 "rst_n";
    .port_info 2 /INPUT 1 "clear_i";
    .port_info 3 /INPUT 1 "cand_valid_i";
    .port_info 4 /INPUT 16 "cand_id_i";
    .port_info 5 /INPUT 32 "cand_latency_i";
    .port_info 6 /INPUT 16 "cand_fidelity_i";
    .port_info 7 /INPUT 16 "cand_util_i";
    .port_info 8 /INPUT 1 "rand_tiebreak_i";
    .port_info 9 /OUTPUT 1 "best_valid_o";
    .port_info 10 /OUTPUT 16 "best_id_o";
    .port_info 11 /OUTPUT 32 "best_latency_o";
    .port_info 12 /OUTPUT 16 "best_fidelity_o";
    .port_info 13 /OUTPUT 16 "best_util_o";
v0x5a03f93c1520_0 .var "best_fidelity_o", 15 0;
v0x5a03f93c1600_0 .var "best_id_o", 15 0;
v0x5a03f93c16c0_0 .var "best_latency_o", 31 0;
v0x5a03f93c17e0_0 .var "best_util_o", 15 0;
v0x5a03f93c18d0_0 .var "best_valid_o", 0 0;
v0x5a03f93c19e0_0 .net "cand_fidelity_i", 15 0, v0x5a03f93c9f90_0;  alias, 1 drivers
v0x5a03f93c1af0_0 .net "cand_id_i", 15 0, v0x5a03f93ca110_0;  alias, 1 drivers
v0x5a03f93c1bb0_0 .net "cand_latency_i", 31 0, v0x5a03f93ca1b0_0;  alias, 1 drivers
v0x5a03f93c1ca0_0 .net "cand_util_i", 15 0, v0x5a03f93ca270_0;  alias, 1 drivers
v0x5a03f93c1df0_0 .net "cand_valid_i", 0 0, v0x5a03f93ca3c0_0;  alias, 1 drivers
v0x5a03f93c1eb0_0 .net "clear_i", 0 0, v0x5a03f93c78b0_0;  1 drivers
v0x5a03f93c1f70_0 .net "clk", 0 0, v0x5a03f93ca460_0;  alias, 1 drivers
L_0x79e2f81b7018 .functor BUFT 1, C4<0>, C4<0>, C4<0>, C4<0>;
v0x5a03f93c2030_0 .net "rand_tiebreak_i", 0 0, L_0x79e2f81b7018;  1 drivers
v0x5a03f93c20d0_0 .net "rst_n", 0 0, v0x5a03f93cb1e0_0;  alias, 1 drivers
v0x5a03f93c2170_0 .net "winner_fidelity", 15 0, v0x5a03f93c1000_0;  1 drivers
v0x5a03f93c2230_0 .net "winner_id", 15 0, v0x5a03f93c10e0_0;  1 drivers
v0x5a03f93c22d0_0 .net "winner_latency", 31 0, v0x5a03f93c11c0_0;  1 drivers
v0x5a03f93c2370_0 .net "winner_util", 15 0, v0x5a03f93c12a0_0;  1 drivers
E_0x5a03f9321240/0 .event negedge, v0x5a03f93c20d0_0;
E_0x5a03f9321240/1 .event posedge, v0x5a03f93c1f70_0;
E_0x5a03f9321240 .event/or E_0x5a03f9321240/0, E_0x5a03f9321240/1;
S_0x5a03f93bea50 .scope module, "u_select" "ga_select" 6 22, 7 1 0, S_0x5a03f93be6d0;
 .timescale 0 0;
    .port_info 0 /INPUT 16 "cand_a_id_i";
    .port_info 1 /INPUT 32 "cand_a_latency_i";
    .port_info 2 /INPUT 16 "cand_a_fidelity_i";
    .port_info 3 /INPUT 16 "cand_a_util_i";
    .port_info 4 /INPUT 16 "cand_b_id_i";
    .port_info 5 /INPUT 32 "cand_b_latency_i";
    .port_info 6 /INPUT 16 "cand_b_fidelity_i";
    .port_info 7 /INPUT 16 "cand_b_util_i";
    .port_info 8 /INPUT 1 "rand_tiebreak_i";
    .port_info 9 /OUTPUT 16 "winner_id_o";
    .port_info 10 /OUTPUT 32 "winner_latency_o";
    .port_info 11 /OUTPUT 16 "winner_fidelity_o";
    .port_info 12 /OUTPUT 16 "winner_util_o";
v0x5a03f93c0770_0 .net "a_dom", 0 0, L_0x5a03f93ccc70;  1 drivers
v0x5a03f93c0830_0 .net "b_dom", 0 0, L_0x5a03f93ccdd0;  1 drivers
v0x5a03f93c0900_0 .net "cand_a_fidelity_i", 15 0, v0x5a03f93c1520_0;  alias, 1 drivers
v0x5a03f93c0a00_0 .net "cand_a_id_i", 15 0, v0x5a03f93c1600_0;  alias, 1 drivers
v0x5a03f93c0aa0_0 .net "cand_a_latency_i", 31 0, v0x5a03f93c16c0_0;  alias, 1 drivers
v0x5a03f93c0b40_0 .net "cand_a_util_i", 15 0, v0x5a03f93c17e0_0;  alias, 1 drivers
v0x5a03f93c0c10_0 .net "cand_b_fidelity_i", 15 0, v0x5a03f93c9f90_0;  alias, 1 drivers
v0x5a03f93c0ce0_0 .net "cand_b_id_i", 15 0, v0x5a03f93ca110_0;  alias, 1 drivers
v0x5a03f93c0da0_0 .net "cand_b_latency_i", 31 0, v0x5a03f93ca1b0_0;  alias, 1 drivers
v0x5a03f93c0e90_0 .net "cand_b_util_i", 15 0, v0x5a03f93ca270_0;  alias, 1 drivers
v0x5a03f93c0f60_0 .net "rand_tiebreak_i", 0 0, L_0x79e2f81b7018;  alias, 1 drivers
v0x5a03f93c1000_0 .var "winner_fidelity_o", 15 0;
v0x5a03f93c10e0_0 .var "winner_id_o", 15 0;
v0x5a03f93c11c0_0 .var "winner_latency_o", 31 0;
v0x5a03f93c12a0_0 .var "winner_util_o", 15 0;
E_0x5a03f92f27c0/0 .event anyedge, v0x5a03f93bfcb0_0, v0x5a03f93c0a00_0, v0x5a03f93c02f0_0, v0x5a03f93c0130_0;
E_0x5a03f92f27c0/1 .event anyedge, v0x5a03f93c04b0_0, v0x5a03f93bfef0_0, v0x5a03f93c0ce0_0, v0x5a03f93c03d0_0;
E_0x5a03f92f27c0/2 .event anyedge, v0x5a03f93c0210_0, v0x5a03f93c0590_0, v0x5a03f93c0f60_0;
E_0x5a03f92f27c0 .event/or E_0x5a03f92f27c0/0, E_0x5a03f92f27c0/1, E_0x5a03f92f27c0/2;
S_0x5a03f93bee10 .scope module, "u_cmp" "ga_pareto_cmp" 7 18, 8 1 0, S_0x5a03f93bea50;
 .timescale 0 0;
    .port_info 0 /INPUT 32 "latency_a_i";
    .port_info 1 /INPUT 16 "fidelity_a_i";
    .port_info 2 /INPUT 16 "util_a_i";
    .port_info 3 /INPUT 32 "latency_b_i";
    .port_info 4 /INPUT 16 "fidelity_b_i";
    .port_info 5 /INPUT 16 "util_b_i";
    .port_info 6 /OUTPUT 1 "a_dominates_o";
    .port_info 7 /OUTPUT 1 "b_dominates_o";
L_0x5a03f930f240 .functor AND 1, L_0x5a03f93cba00, L_0x5a03f93cbbe0, C4<1>, C4<1>;
L_0x5a03f93a2ae0 .functor AND 1, L_0x5a03f930f240, L_0x5a03f93cbdf0, C4<1>, C4<1>;
L_0x5a03f93a2d30 .functor AND 1, L_0x5a03f93cbfa0, L_0x5a03f93cc070, C4<1>, C4<1>;
L_0x5a03f93cc220 .functor AND 1, L_0x5a03f93a2d30, L_0x5a03f93cc140, C4<1>, C4<1>;
L_0x5a03f93cc4a0 .functor OR 1, L_0x5a03f93cc310, L_0x5a03f93cc3b0, C4<0>, C4<0>;
L_0x5a03f93cc650 .functor OR 1, L_0x5a03f93cc4a0, L_0x5a03f93cc5b0, C4<0>, C4<0>;
L_0x5a03f93cc940 .functor OR 1, L_0x5a03f93cc7a0, L_0x5a03f93cc8a0, C4<0>, C4<0>;
L_0x5a03f93ccb10 .functor OR 1, L_0x5a03f93cc940, L_0x5a03f93cca00, C4<0>, C4<0>;
L_0x5a03f93ccc70 .functor AND 1, L_0x5a03f93a2ae0, L_0x5a03f93cc650, C4<1>, C4<1>;
L_0x5a03f93ccdd0 .functor AND 1, L_0x5a03f93cc220, L_0x5a03f93ccb10, C4<1>, C4<1>;
v0x5a03f93bf060_0 .net *"_ivl_0", 0 0, L_0x5a03f93cba00;  1 drivers
v0x5a03f93bf140_0 .net *"_ivl_10", 0 0, L_0x5a03f93cbfa0;  1 drivers
v0x5a03f93bf200_0 .net *"_ivl_12", 0 0, L_0x5a03f93cc070;  1 drivers
v0x5a03f93bf2a0_0 .net *"_ivl_15", 0 0, L_0x5a03f93a2d30;  1 drivers
v0x5a03f93bf360_0 .net *"_ivl_16", 0 0, L_0x5a03f93cc140;  1 drivers
v0x5a03f93bf470_0 .net *"_ivl_2", 0 0, L_0x5a03f93cbbe0;  1 drivers
v0x5a03f93bf530_0 .net *"_ivl_20", 0 0, L_0x5a03f93cc310;  1 drivers
v0x5a03f93bf5f0_0 .net *"_ivl_22", 0 0, L_0x5a03f93cc3b0;  1 drivers
v0x5a03f93bf6b0_0 .net *"_ivl_25", 0 0, L_0x5a03f93cc4a0;  1 drivers
v0x5a03f93bf770_0 .net *"_ivl_26", 0 0, L_0x5a03f93cc5b0;  1 drivers
v0x5a03f93bf830_0 .net *"_ivl_30", 0 0, L_0x5a03f93cc7a0;  1 drivers
v0x5a03f93bf8f0_0 .net *"_ivl_32", 0 0, L_0x5a03f93cc8a0;  1 drivers
v0x5a03f93bf9b0_0 .net *"_ivl_35", 0 0, L_0x5a03f93cc940;  1 drivers
v0x5a03f93bfa70_0 .net *"_ivl_36", 0 0, L_0x5a03f93cca00;  1 drivers
v0x5a03f93bfb30_0 .net *"_ivl_5", 0 0, L_0x5a03f930f240;  1 drivers
v0x5a03f93bfbf0_0 .net *"_ivl_6", 0 0, L_0x5a03f93cbdf0;  1 drivers
v0x5a03f93bfcb0_0 .net "a_dominates_o", 0 0, L_0x5a03f93ccc70;  alias, 1 drivers
v0x5a03f93bfd70_0 .net "a_no_worse", 0 0, L_0x5a03f93a2ae0;  1 drivers
v0x5a03f93bfe30_0 .net "a_strict", 0 0, L_0x5a03f93cc650;  1 drivers
v0x5a03f93bfef0_0 .net "b_dominates_o", 0 0, L_0x5a03f93ccdd0;  alias, 1 drivers
v0x5a03f93bffb0_0 .net "b_no_worse", 0 0, L_0x5a03f93cc220;  1 drivers
v0x5a03f93c0070_0 .net "b_strict", 0 0, L_0x5a03f93ccb10;  1 drivers
v0x5a03f93c0130_0 .net "fidelity_a_i", 15 0, v0x5a03f93c1520_0;  alias, 1 drivers
v0x5a03f93c0210_0 .net "fidelity_b_i", 15 0, v0x5a03f93c9f90_0;  alias, 1 drivers
v0x5a03f93c02f0_0 .net "latency_a_i", 31 0, v0x5a03f93c16c0_0;  alias, 1 drivers
v0x5a03f93c03d0_0 .net "latency_b_i", 31 0, v0x5a03f93ca1b0_0;  alias, 1 drivers
v0x5a03f93c04b0_0 .net "util_a_i", 15 0, v0x5a03f93c17e0_0;  alias, 1 drivers
v0x5a03f93c0590_0 .net "util_b_i", 15 0, v0x5a03f93ca270_0;  alias, 1 drivers
L_0x5a03f93cba00 .cmp/ge 32, v0x5a03f93ca1b0_0, v0x5a03f93c16c0_0;
L_0x5a03f93cbbe0 .cmp/ge 16, v0x5a03f93c1520_0, v0x5a03f93c9f90_0;
L_0x5a03f93cbdf0 .cmp/ge 16, v0x5a03f93ca270_0, v0x5a03f93c17e0_0;
L_0x5a03f93cbfa0 .cmp/ge 32, v0x5a03f93c16c0_0, v0x5a03f93ca1b0_0;
L_0x5a03f93cc070 .cmp/ge 16, v0x5a03f93c9f90_0, v0x5a03f93c1520_0;
L_0x5a03f93cc140 .cmp/ge 16, v0x5a03f93c17e0_0, v0x5a03f93ca270_0;
L_0x5a03f93cc310 .cmp/gt 32, v0x5a03f93ca1b0_0, v0x5a03f93c16c0_0;
L_0x5a03f93cc3b0 .cmp/gt 16, v0x5a03f93c1520_0, v0x5a03f93c9f90_0;
L_0x5a03f93cc5b0 .cmp/gt 16, v0x5a03f93ca270_0, v0x5a03f93c17e0_0;
L_0x5a03f93cc7a0 .cmp/gt 32, v0x5a03f93c16c0_0, v0x5a03f93ca1b0_0;
L_0x5a03f93cc8a0 .cmp/gt 16, v0x5a03f93c9f90_0, v0x5a03f93c1520_0;
L_0x5a03f93cca00 .cmp/gt 16, v0x5a03f93c17e0_0, v0x5a03f93ca270_0;
S_0x5a03f93c25b0 .scope module, "u_global_elite" "ga_elitism" 4 53, 6 1 0, S_0x5a03f93bd5c0;
 .timescale 0 0;
    .port_info 0 /INPUT 1 "clk";
    .port_info 1 /INPUT 1 "rst_n";
    .port_info 2 /INPUT 1 "clear_i";
    .port_info 3 /INPUT 1 "cand_valid_i";
    .port_info 4 /INPUT 16 "cand_id_i";
    .port_info 5 /INPUT 32 "cand_latency_i";
    .port_info 6 /INPUT 16 "cand_fidelity_i";
    .port_info 7 /INPUT 16 "cand_util_i";
    .port_info 8 /INPUT 1 "rand_tiebreak_i";
    .port_info 9 /OUTPUT 1 "best_valid_o";
    .port_info 10 /OUTPUT 16 "best_id_o";
    .port_info 11 /OUTPUT 32 "best_latency_o";
    .port_info 12 /OUTPUT 16 "best_fidelity_o";
    .port_info 13 /OUTPUT 16 "best_util_o";
v0x5a03f93c5610_0 .var "best_fidelity_o", 15 0;
v0x5a03f93c56f0_0 .var "best_id_o", 15 0;
v0x5a03f93c57b0_0 .var "best_latency_o", 31 0;
v0x5a03f93c5850_0 .var "best_util_o", 15 0;
v0x5a03f93c58f0_0 .var "best_valid_o", 0 0;
v0x5a03f93c5a00_0 .net "cand_fidelity_i", 15 0, v0x5a03f93c9f90_0;  alias, 1 drivers
v0x5a03f93c5ac0_0 .net "cand_id_i", 15 0, v0x5a03f93ca110_0;  alias, 1 drivers
v0x5a03f93c5b80_0 .net "cand_latency_i", 31 0, v0x5a03f93ca1b0_0;  alias, 1 drivers
v0x5a03f93c5c40_0 .net "cand_util_i", 15 0, v0x5a03f93ca270_0;  alias, 1 drivers
v0x5a03f93c5d90_0 .net "cand_valid_i", 0 0, v0x5a03f93ca3c0_0;  alias, 1 drivers
v0x5a03f93c5e30_0 .net "clear_i", 0 0, v0x5a03f93c7950_0;  1 drivers
v0x5a03f93c5ed0_0 .net "clk", 0 0, v0x5a03f93ca460_0;  alias, 1 drivers
L_0x79e2f81b7060 .functor BUFT 1, C4<0>, C4<0>, C4<0>, C4<0>;
v0x5a03f93c5f70_0 .net "rand_tiebreak_i", 0 0, L_0x79e2f81b7060;  1 drivers
v0x5a03f93c6010_0 .net "rst_n", 0 0, v0x5a03f93cb1e0_0;  alias, 1 drivers
v0x5a03f93c60e0_0 .net "winner_fidelity", 15 0, v0x5a03f93c50f0_0;  1 drivers
v0x5a03f93c61b0_0 .net "winner_id", 15 0, v0x5a03f93c51d0_0;  1 drivers
v0x5a03f93c6280_0 .net "winner_latency", 31 0, v0x5a03f93c52b0_0;  1 drivers
v0x5a03f93c6460_0 .net "winner_util", 15 0, v0x5a03f93c5390_0;  1 drivers
S_0x5a03f93c2920 .scope module, "u_select" "ga_select" 6 22, 7 1 0, S_0x5a03f93c25b0;
 .timescale 0 0;
    .port_info 0 /INPUT 16 "cand_a_id_i";
    .port_info 1 /INPUT 32 "cand_a_latency_i";
    .port_info 2 /INPUT 16 "cand_a_fidelity_i";
    .port_info 3 /INPUT 16 "cand_a_util_i";
    .port_info 4 /INPUT 16 "cand_b_id_i";
    .port_info 5 /INPUT 32 "cand_b_latency_i";
    .port_info 6 /INPUT 16 "cand_b_fidelity_i";
    .port_info 7 /INPUT 16 "cand_b_util_i";
    .port_info 8 /INPUT 1 "rand_tiebreak_i";
    .port_info 9 /OUTPUT 16 "winner_id_o";
    .port_info 10 /OUTPUT 32 "winner_latency_o";
    .port_info 11 /OUTPUT 16 "winner_fidelity_o";
    .port_info 12 /OUTPUT 16 "winner_util_o";
v0x5a03f93c4700_0 .net "a_dom", 0 0, L_0x5a03f93ce460;  1 drivers
v0x5a03f93c47c0_0 .net "b_dom", 0 0, L_0x5a03f93ce5c0;  1 drivers
v0x5a03f93c4890_0 .net "cand_a_fidelity_i", 15 0, v0x5a03f93c5610_0;  alias, 1 drivers
v0x5a03f93c4990_0 .net "cand_a_id_i", 15 0, v0x5a03f93c56f0_0;  alias, 1 drivers
v0x5a03f93c4a30_0 .net "cand_a_latency_i", 31 0, v0x5a03f93c57b0_0;  alias, 1 drivers
v0x5a03f93c4ad0_0 .net "cand_a_util_i", 15 0, v0x5a03f93c5850_0;  alias, 1 drivers
v0x5a03f93c4ba0_0 .net "cand_b_fidelity_i", 15 0, v0x5a03f93c9f90_0;  alias, 1 drivers
v0x5a03f93c4c40_0 .net "cand_b_id_i", 15 0, v0x5a03f93ca110_0;  alias, 1 drivers
v0x5a03f93c4d00_0 .net "cand_b_latency_i", 31 0, v0x5a03f93ca1b0_0;  alias, 1 drivers
v0x5a03f93c4ee0_0 .net "cand_b_util_i", 15 0, v0x5a03f93ca270_0;  alias, 1 drivers
v0x5a03f93c5030_0 .net "rand_tiebreak_i", 0 0, L_0x79e2f81b7060;  alias, 1 drivers
v0x5a03f93c50f0_0 .var "winner_fidelity_o", 15 0;
v0x5a03f93c51d0_0 .var "winner_id_o", 15 0;
v0x5a03f93c52b0_0 .var "winner_latency_o", 31 0;
v0x5a03f93c5390_0 .var "winner_util_o", 15 0;
E_0x5a03f93a2da0/0 .event anyedge, v0x5a03f93c3b90_0, v0x5a03f93c4990_0, v0x5a03f93c42c0_0, v0x5a03f93c4120_0;
E_0x5a03f93a2da0/1 .event anyedge, v0x5a03f93c4460_0, v0x5a03f93c3ee0_0, v0x5a03f93c0ce0_0, v0x5a03f93c03d0_0;
E_0x5a03f93a2da0/2 .event anyedge, v0x5a03f93c0210_0, v0x5a03f93c0590_0, v0x5a03f93c5030_0;
E_0x5a03f93a2da0 .event/or E_0x5a03f93a2da0/0, E_0x5a03f93a2da0/1, E_0x5a03f93a2da0/2;
S_0x5a03f93c2cc0 .scope module, "u_cmp" "ga_pareto_cmp" 7 18, 8 1 0, S_0x5a03f93c2920;
 .timescale 0 0;
    .port_info 0 /INPUT 32 "latency_a_i";
    .port_info 1 /INPUT 16 "fidelity_a_i";
    .port_info 2 /INPUT 16 "util_a_i";
    .port_info 3 /INPUT 32 "latency_b_i";
    .port_info 4 /INPUT 16 "fidelity_b_i";
    .port_info 5 /INPUT 16 "util_b_i";
    .port_info 6 /OUTPUT 1 "a_dominates_o";
    .port_info 7 /OUTPUT 1 "b_dominates_o";
L_0x5a03f93cd0d0 .functor AND 1, L_0x5a03f93ccf90, L_0x5a03f93cd030, C4<1>, C4<1>;
L_0x5a03f93cd280 .functor AND 1, L_0x5a03f93cd0d0, L_0x5a03f93cd1e0, C4<1>, C4<1>;
L_0x5a03f93cd4d0 .functor AND 1, L_0x5a03f93cd390, L_0x5a03f93cd430, C4<1>, C4<1>;
L_0x5a03f93cd6c0 .functor AND 1, L_0x5a03f93cd4d0, L_0x5a03f93cd5e0, C4<1>, C4<1>;
L_0x5a03f93cd960 .functor OR 1, L_0x5a03f93cd7d0, L_0x5a03f93cd870, C4<0>, C4<0>;
L_0x5a03f93cdb10 .functor OR 1, L_0x5a03f93cd960, L_0x5a03f93cda70, C4<0>, C4<0>;
L_0x5a03f93ce020 .functor OR 1, L_0x5a03f93cdc60, L_0x5a03f93cde70, C4<0>, C4<0>;
L_0x5a03f93ce300 .functor OR 1, L_0x5a03f93ce020, L_0x5a03f93ce0e0, C4<0>, C4<0>;
L_0x5a03f93ce460 .functor AND 1, L_0x5a03f93cd280, L_0x5a03f93cdb10, C4<1>, C4<1>;
L_0x5a03f93ce5c0 .functor AND 1, L_0x5a03f93cd6c0, L_0x5a03f93ce300, C4<1>, C4<1>;
v0x5a03f93c2f10_0 .net *"_ivl_0", 0 0, L_0x5a03f93ccf90;  1 drivers
v0x5a03f93c2ff0_0 .net *"_ivl_10", 0 0, L_0x5a03f93cd390;  1 drivers
v0x5a03f93c30b0_0 .net *"_ivl_12", 0 0, L_0x5a03f93cd430;  1 drivers
v0x5a03f93c3180_0 .net *"_ivl_15", 0 0, L_0x5a03f93cd4d0;  1 drivers
v0x5a03f93c3240_0 .net *"_ivl_16", 0 0, L_0x5a03f93cd5e0;  1 drivers
v0x5a03f93c3350_0 .net *"_ivl_2", 0 0, L_0x5a03f93cd030;  1 drivers
v0x5a03f93c3410_0 .net *"_ivl_20", 0 0, L_0x5a03f93cd7d0;  1 drivers
v0x5a03f93c34d0_0 .net *"_ivl_22", 0 0, L_0x5a03f93cd870;  1 drivers
v0x5a03f93c3590_0 .net *"_ivl_25", 0 0, L_0x5a03f93cd960;  1 drivers
v0x5a03f93c3650_0 .net *"_ivl_26", 0 0, L_0x5a03f93cda70;  1 drivers
v0x5a03f93c3710_0 .net *"_ivl_30", 0 0, L_0x5a03f93cdc60;  1 drivers
v0x5a03f93c37d0_0 .net *"_ivl_32", 0 0, L_0x5a03f93cde70;  1 drivers
v0x5a03f93c3890_0 .net *"_ivl_35", 0 0, L_0x5a03f93ce020;  1 drivers
v0x5a03f93c3950_0 .net *"_ivl_36", 0 0, L_0x5a03f93ce0e0;  1 drivers
v0x5a03f93c3a10_0 .net *"_ivl_5", 0 0, L_0x5a03f93cd0d0;  1 drivers
v0x5a03f93c3ad0_0 .net *"_ivl_6", 0 0, L_0x5a03f93cd1e0;  1 drivers
v0x5a03f93c3b90_0 .net "a_dominates_o", 0 0, L_0x5a03f93ce460;  alias, 1 drivers
v0x5a03f93c3d60_0 .net "a_no_worse", 0 0, L_0x5a03f93cd280;  1 drivers
v0x5a03f93c3e20_0 .net "a_strict", 0 0, L_0x5a03f93cdb10;  1 drivers
v0x5a03f93c3ee0_0 .net "b_dominates_o", 0 0, L_0x5a03f93ce5c0;  alias, 1 drivers
v0x5a03f93c3fa0_0 .net "b_no_worse", 0 0, L_0x5a03f93cd6c0;  1 drivers
v0x5a03f93c4060_0 .net "b_strict", 0 0, L_0x5a03f93ce300;  1 drivers
v0x5a03f93c4120_0 .net "fidelity_a_i", 15 0, v0x5a03f93c5610_0;  alias, 1 drivers
v0x5a03f93c4200_0 .net "fidelity_b_i", 15 0, v0x5a03f93c9f90_0;  alias, 1 drivers
v0x5a03f93c42c0_0 .net "latency_a_i", 31 0, v0x5a03f93c57b0_0;  alias, 1 drivers
v0x5a03f93c43a0_0 .net "latency_b_i", 31 0, v0x5a03f93ca1b0_0;  alias, 1 drivers
v0x5a03f93c4460_0 .net "util_a_i", 15 0, v0x5a03f93c5850_0;  alias, 1 drivers
v0x5a03f93c4540_0 .net "util_b_i", 15 0, v0x5a03f93ca270_0;  alias, 1 drivers
L_0x5a03f93ccf90 .cmp/ge 32, v0x5a03f93ca1b0_0, v0x5a03f93c57b0_0;
L_0x5a03f93cd030 .cmp/ge 16, v0x5a03f93c5610_0, v0x5a03f93c9f90_0;
L_0x5a03f93cd1e0 .cmp/ge 16, v0x5a03f93ca270_0, v0x5a03f93c5850_0;
L_0x5a03f93cd390 .cmp/ge 32, v0x5a03f93c57b0_0, v0x5a03f93ca1b0_0;
L_0x5a03f93cd430 .cmp/ge 16, v0x5a03f93c9f90_0, v0x5a03f93c5610_0;
L_0x5a03f93cd5e0 .cmp/ge 16, v0x5a03f93c5850_0, v0x5a03f93ca270_0;
L_0x5a03f93cd7d0 .cmp/gt 32, v0x5a03f93ca1b0_0, v0x5a03f93c57b0_0;
L_0x5a03f93cd870 .cmp/gt 16, v0x5a03f93c5610_0, v0x5a03f93c9f90_0;
L_0x5a03f93cda70 .cmp/gt 16, v0x5a03f93ca270_0, v0x5a03f93c5850_0;
L_0x5a03f93cdc60 .cmp/gt 32, v0x5a03f93c57b0_0, v0x5a03f93ca1b0_0;
L_0x5a03f93cde70 .cmp/gt 16, v0x5a03f93c9f90_0, v0x5a03f93c5610_0;
L_0x5a03f93ce0e0 .cmp/gt 16, v0x5a03f93c5850_0, v0x5a03f93ca270_0;
S_0x5a03f93c6690 .scope module, "u_mut" "ga_mutate" 4 67, 9 1 0, S_0x5a03f93bd5c0;
 .timescale 0 0;
    .port_info 0 /INPUT 16 "gene_i";
    .port_info 1 /INPUT 16 "mutate_mask_i";
    .port_info 2 /INPUT 1 "enable_i";
    .port_info 3 /OUTPUT 16 "gene_o";
L_0x79e2f81b70f0 .functor BUFT 1, C4<0000000000000101>, C4<0>, C4<0>, C4<0>;
L_0x5a03f93cecd0 .functor XOR 16, L_0x5a03f93ceaa0, L_0x79e2f81b70f0, C4<0000000000000000>, C4<0000000000000000>;
v0x5a03f93c6850_0 .net *"_ivl_0", 15 0, L_0x5a03f93cecd0;  1 drivers
v0x5a03f93c6950_0 .net "enable_i", 0 0, L_0x5a03f93deee0;  1 drivers
v0x5a03f93c6a10_0 .net "gene_i", 15 0, L_0x5a03f93ceaa0;  alias, 1 drivers
v0x5a03f93c6b10_0 .net "gene_o", 15 0, L_0x5a03f93ced40;  alias, 1 drivers
v0x5a03f93c6bd0_0 .net "mutate_mask_i", 15 0, L_0x79e2f81b70f0;  1 drivers
L_0x5a03f93ced40 .functor MUXZ 16, L_0x5a03f93ceaa0, L_0x5a03f93cecd0, L_0x5a03f93deee0, C4<>;
S_0x5a03f93c8e30 .scope autotask, "prefer" "prefer" 3 52, 3 52 0, S_0x5a03f937cd40;
 .timescale -12 -12;
v0x5a03f93c9010_0 .var "a_fid", 15 0;
v0x5a03f93c9110_0 .var "a_id", 15 0;
v0x5a03f93c91f0_0 .var "a_lat", 31 0;
v0x5a03f93c92b0_0 .var "a_util", 15 0;
v0x5a03f93c9390_0 .var "b_fid", 15 0;
v0x5a03f93c94c0_0 .var "b_id", 15 0;
v0x5a03f93c95a0_0 .var "b_lat", 31 0;
v0x5a03f93c9680_0 .var "b_util", 15 0;
v0x5a03f93c9760_0 .var "w_fid", 15 0;
v0x5a03f93c9840_0 .var "w_id", 15 0;
v0x5a03f93c9920_0 .var "w_lat", 31 0;
v0x5a03f93c9a00_0 .var "w_util", 15 0;
TD_tb_pmo_ga_multigen.prefer ;
    %alloc S_0x5a03f93bcd70;
    %load/vec4 v0x5a03f93c91f0_0;
    %load/vec4 v0x5a03f93c9010_0;
    %load/vec4 v0x5a03f93c92b0_0;
    %load/vec4 v0x5a03f93c95a0_0;
    %load/vec4 v0x5a03f93c9390_0;
    %load/vec4 v0x5a03f93c9680_0;
    %store/vec4 v0x5a03f93bd4e0_0, 0, 16;
    %store/vec4 v0x5a03f93bd130_0, 0, 16;
    %store/vec4 v0x5a03f93bd2d0_0, 0, 32;
    %store/vec4 v0x5a03f93bd400_0, 0, 16;
    %store/vec4 v0x5a03f93bd050_0, 0, 16;
    %store/vec4 v0x5a03f93bd1f0_0, 0, 32;
    %callf/vec4 TD_tb_pmo_ga_multigen.a_dom, S_0x5a03f93bcd70;
    %free S_0x5a03f93bcd70;
    %flag_set/vec4 8;
    %jmp/0xz  T_1.5, 8;
    %load/vec4 v0x5a03f93c9110_0;
    %store/vec4 v0x5a03f93c9840_0, 0, 16;
    %load/vec4 v0x5a03f93c91f0_0;
    %store/vec4 v0x5a03f93c9920_0, 0, 32;
    %load/vec4 v0x5a03f93c9010_0;
    %store/vec4 v0x5a03f93c9760_0, 0, 16;
    %load/vec4 v0x5a03f93c92b0_0;
    %store/vec4 v0x5a03f93c9a00_0, 0, 16;
    %jmp T_1.6;
T_1.5 ;
    %alloc S_0x5a03f93bcd70;
    %load/vec4 v0x5a03f93c95a0_0;
    %load/vec4 v0x5a03f93c9390_0;
    %load/vec4 v0x5a03f93c9680_0;
    %load/vec4 v0x5a03f93c91f0_0;
    %load/vec4 v0x5a03f93c9010_0;
    %load/vec4 v0x5a03f93c92b0_0;
    %store/vec4 v0x5a03f93bd4e0_0, 0, 16;
    %store/vec4 v0x5a03f93bd130_0, 0, 16;
    %store/vec4 v0x5a03f93bd2d0_0, 0, 32;
    %store/vec4 v0x5a03f93bd400_0, 0, 16;
    %store/vec4 v0x5a03f93bd050_0, 0, 16;
    %store/vec4 v0x5a03f93bd1f0_0, 0, 32;
    %callf/vec4 TD_tb_pmo_ga_multigen.a_dom, S_0x5a03f93bcd70;
    %free S_0x5a03f93bcd70;
    %flag_set/vec4 8;
    %jmp/0xz  T_1.7, 8;
    %load/vec4 v0x5a03f93c94c0_0;
    %store/vec4 v0x5a03f93c9840_0, 0, 16;
    %load/vec4 v0x5a03f93c95a0_0;
    %store/vec4 v0x5a03f93c9920_0, 0, 32;
    %load/vec4 v0x5a03f93c9390_0;
    %store/vec4 v0x5a03f93c9760_0, 0, 16;
    %load/vec4 v0x5a03f93c9680_0;
    %store/vec4 v0x5a03f93c9a00_0, 0, 16;
    %jmp T_1.8;
T_1.7 ;
    %load/vec4 v0x5a03f93c91f0_0;
    %load/vec4 v0x5a03f93c95a0_0;
    %cmp/u;
    %jmp/0xz  T_1.9, 5;
    %load/vec4 v0x5a03f93c9110_0;
    %store/vec4 v0x5a03f93c9840_0, 0, 16;
    %load/vec4 v0x5a03f93c91f0_0;
    %store/vec4 v0x5a03f93c9920_0, 0, 32;
    %load/vec4 v0x5a03f93c9010_0;
    %store/vec4 v0x5a03f93c9760_0, 0, 16;
    %load/vec4 v0x5a03f93c92b0_0;
    %store/vec4 v0x5a03f93c9a00_0, 0, 16;
    %jmp T_1.10;
T_1.9 ;
    %load/vec4 v0x5a03f93c95a0_0;
    %load/vec4 v0x5a03f93c91f0_0;
    %cmp/u;
    %jmp/0xz  T_1.11, 5;
    %load/vec4 v0x5a03f93c94c0_0;
    %store/vec4 v0x5a03f93c9840_0, 0, 16;
    %load/vec4 v0x5a03f93c95a0_0;
    %store/vec4 v0x5a03f93c9920_0, 0, 32;
    %load/vec4 v0x5a03f93c9390_0;
    %store/vec4 v0x5a03f93c9760_0, 0, 16;
    %load/vec4 v0x5a03f93c9680_0;
    %store/vec4 v0x5a03f93c9a00_0, 0, 16;
    %jmp T_1.12;
T_1.11 ;
    %load/vec4 v0x5a03f93c9390_0;
    %load/vec4 v0x5a03f93c9010_0;
    %cmp/u;
    %jmp/0xz  T_1.13, 5;
    %load/vec4 v0x5a03f93c9110_0;
    %store/vec4 v0x5a03f93c9840_0, 0, 16;
    %load/vec4 v0x5a03f93c91f0_0;
    %store/vec4 v0x5a03f93c9920_0, 0, 32;
    %load/vec4 v0x5a03f93c9010_0;
    %store/vec4 v0x5a03f93c9760_0, 0, 16;
    %load/vec4 v0x5a03f93c92b0_0;
    %store/vec4 v0x5a03f93c9a00_0, 0, 16;
    %jmp T_1.14;
T_1.13 ;
    %load/vec4 v0x5a03f93c9010_0;
    %load/vec4 v0x5a03f93c9390_0;
    %cmp/u;
    %jmp/0xz  T_1.15, 5;
    %load/vec4 v0x5a03f93c94c0_0;
    %store/vec4 v0x5a03f93c9840_0, 0, 16;
    %load/vec4 v0x5a03f93c95a0_0;
    %store/vec4 v0x5a03f93c9920_0, 0, 32;
    %load/vec4 v0x5a03f93c9390_0;
    %store/vec4 v0x5a03f93c9760_0, 0, 16;
    %load/vec4 v0x5a03f93c9680_0;
    %store/vec4 v0x5a03f93c9a00_0, 0, 16;
    %jmp T_1.16;
T_1.15 ;
    %load/vec4 v0x5a03f93c92b0_0;
    %load/vec4 v0x5a03f93c9680_0;
    %cmp/u;
    %jmp/0xz  T_1.17, 5;
    %load/vec4 v0x5a03f93c9110_0;
    %store/vec4 v0x5a03f93c9840_0, 0, 16;
    %load/vec4 v0x5a03f93c91f0_0;
    %store/vec4 v0x5a03f93c9920_0, 0, 32;
    %load/vec4 v0x5a03f93c9010_0;
    %store/vec4 v0x5a03f93c9760_0, 0, 16;
    %load/vec4 v0x5a03f93c92b0_0;
    %store/vec4 v0x5a03f93c9a00_0, 0, 16;
    %jmp T_1.18;
T_1.17 ;
    %load/vec4 v0x5a03f93c94c0_0;
    %store/vec4 v0x5a03f93c9840_0, 0, 16;
    %load/vec4 v0x5a03f93c95a0_0;
    %store/vec4 v0x5a03f93c9920_0, 0, 32;
    %load/vec4 v0x5a03f93c9390_0;
    %store/vec4 v0x5a03f93c9760_0, 0, 16;
    %load/vec4 v0x5a03f93c9680_0;
    %store/vec4 v0x5a03f93c9a00_0, 0, 16;
T_1.18 ;
T_1.16 ;
T_1.14 ;
T_1.12 ;
T_1.10 ;
T_1.8 ;
T_1.6 ;
    %end;
    .scope S_0x5a03f93bea50;
T_2 ;
    %wait E_0x5a03f92f27c0;
    %load/vec4 v0x5a03f93c0770_0;
    %flag_set/vec4 8;
    %jmp/0xz  T_2.0, 8;
    %load/vec4 v0x5a03f93c0a00_0;
    %store/vec4 v0x5a03f93c10e0_0, 0, 16;
    %load/vec4 v0x5a03f93c0aa0_0;
    %store/vec4 v0x5a03f93c11c0_0, 0, 32;
    %load/vec4 v0x5a03f93c0900_0;
    %store/vec4 v0x5a03f93c1000_0, 0, 16;
    %load/vec4 v0x5a03f93c0b40_0;
    %store/vec4 v0x5a03f93c12a0_0, 0, 16;
    %jmp T_2.1;
T_2.0 ;
    %load/vec4 v0x5a03f93c0830_0;
    %flag_set/vec4 8;
    %jmp/0xz  T_2.2, 8;
    %load/vec4 v0x5a03f93c0ce0_0;
    %store/vec4 v0x5a03f93c10e0_0, 0, 16;
    %load/vec4 v0x5a03f93c0da0_0;
    %store/vec4 v0x5a03f93c11c0_0, 0, 32;
    %load/vec4 v0x5a03f93c0c10_0;
    %store/vec4 v0x5a03f93c1000_0, 0, 16;
    %load/vec4 v0x5a03f93c0e90_0;
    %store/vec4 v0x5a03f93c12a0_0, 0, 16;
    %jmp T_2.3;
T_2.2 ;
    %load/vec4 v0x5a03f93c0aa0_0;
    %load/vec4 v0x5a03f93c0da0_0;
    %cmp/u;
    %jmp/0xz  T_2.4, 5;
    %load/vec4 v0x5a03f93c0a00_0;
    %store/vec4 v0x5a03f93c10e0_0, 0, 16;
    %load/vec4 v0x5a03f93c0aa0_0;
    %store/vec4 v0x5a03f93c11c0_0, 0, 32;
    %load/vec4 v0x5a03f93c0900_0;
    %store/vec4 v0x5a03f93c1000_0, 0, 16;
    %load/vec4 v0x5a03f93c0b40_0;
    %store/vec4 v0x5a03f93c12a0_0, 0, 16;
    %jmp T_2.5;
T_2.4 ;
    %load/vec4 v0x5a03f93c0da0_0;
    %load/vec4 v0x5a03f93c0aa0_0;
    %cmp/u;
    %jmp/0xz  T_2.6, 5;
    %load/vec4 v0x5a03f93c0ce0_0;
    %store/vec4 v0x5a03f93c10e0_0, 0, 16;
    %load/vec4 v0x5a03f93c0da0_0;
    %store/vec4 v0x5a03f93c11c0_0, 0, 32;
    %load/vec4 v0x5a03f93c0c10_0;
    %store/vec4 v0x5a03f93c1000_0, 0, 16;
    %load/vec4 v0x5a03f93c0e90_0;
    %store/vec4 v0x5a03f93c12a0_0, 0, 16;
    %jmp T_2.7;
T_2.6 ;
    %load/vec4 v0x5a03f93c0c10_0;
    %load/vec4 v0x5a03f93c0900_0;
    %cmp/u;
    %jmp/0xz  T_2.8, 5;
    %load/vec4 v0x5a03f93c0a00_0;
    %store/vec4 v0x5a03f93c10e0_0, 0, 16;
    %load/vec4 v0x5a03f93c0aa0_0;
    %store/vec4 v0x5a03f93c11c0_0, 0, 32;
    %load/vec4 v0x5a03f93c0900_0;
    %store/vec4 v0x5a03f93c1000_0, 0, 16;
    %load/vec4 v0x5a03f93c0b40_0;
    %store/vec4 v0x5a03f93c12a0_0, 0, 16;
    %jmp T_2.9;
T_2.8 ;
    %load/vec4 v0x5a03f93c0900_0;
    %load/vec4 v0x5a03f93c0c10_0;
    %cmp/u;
    %jmp/0xz  T_2.10, 5;
    %load/vec4 v0x5a03f93c0ce0_0;
    %store/vec4 v0x5a03f93c10e0_0, 0, 16;
    %load/vec4 v0x5a03f93c0da0_0;
    %store/vec4 v0x5a03f93c11c0_0, 0, 32;
    %load/vec4 v0x5a03f93c0c10_0;
    %store/vec4 v0x5a03f93c1000_0, 0, 16;
    %load/vec4 v0x5a03f93c0e90_0;
    %store/vec4 v0x5a03f93c12a0_0, 0, 16;
    %jmp T_2.11;
T_2.10 ;
    %load/vec4 v0x5a03f93c0b40_0;
    %load/vec4 v0x5a03f93c0e90_0;
    %cmp/u;
    %jmp/0xz  T_2.12, 5;
    %load/vec4 v0x5a03f93c0a00_0;
    %store/vec4 v0x5a03f93c10e0_0, 0, 16;
    %load/vec4 v0x5a03f93c0aa0_0;
    %store/vec4 v0x5a03f93c11c0_0, 0, 32;
    %load/vec4 v0x5a03f93c0900_0;
    %store/vec4 v0x5a03f93c1000_0, 0, 16;
    %load/vec4 v0x5a03f93c0b40_0;
    %store/vec4 v0x5a03f93c12a0_0, 0, 16;
    %jmp T_2.13;
T_2.12 ;
    %load/vec4 v0x5a03f93c0e90_0;
    %load/vec4 v0x5a03f93c0b40_0;
    %cmp/u;
    %jmp/0xz  T_2.14, 5;
    %load/vec4 v0x5a03f93c0ce0_0;
    %store/vec4 v0x5a03f93c10e0_0, 0, 16;
    %load/vec4 v0x5a03f93c0da0_0;
    %store/vec4 v0x5a03f93c11c0_0, 0, 32;
    %load/vec4 v0x5a03f93c0c10_0;
    %store/vec4 v0x5a03f93c1000_0, 0, 16;
    %load/vec4 v0x5a03f93c0e90_0;
    %store/vec4 v0x5a03f93c12a0_0, 0, 16;
    %jmp T_2.15;
T_2.14 ;
    %load/vec4 v0x5a03f93c0f60_0;
    %nor/r;
    %flag_set/vec4 8;
    %jmp/0xz  T_2.16, 8;
    %load/vec4 v0x5a03f93c0a00_0;
    %store/vec4 v0x5a03f93c10e0_0, 0, 16;
    %load/vec4 v0x5a03f93c0aa0_0;
    %store/vec4 v0x5a03f93c11c0_0, 0, 32;
    %load/vec4 v0x5a03f93c0900_0;
    %store/vec4 v0x5a03f93c1000_0, 0, 16;
    %load/vec4 v0x5a03f93c0b40_0;
    %store/vec4 v0x5a03f93c12a0_0, 0, 16;
    %jmp T_2.17;
T_2.16 ;
    %load/vec4 v0x5a03f93c0ce0_0;
    %store/vec4 v0x5a03f93c10e0_0, 0, 16;
    %load/vec4 v0x5a03f93c0da0_0;
    %store/vec4 v0x5a03f93c11c0_0, 0, 32;
    %load/vec4 v0x5a03f93c0c10_0;
    %store/vec4 v0x5a03f93c1000_0, 0, 16;
    %load/vec4 v0x5a03f93c0e90_0;
    %store/vec4 v0x5a03f93c12a0_0, 0, 16;
T_2.17 ;
T_2.15 ;
T_2.13 ;
T_2.11 ;
T_2.9 ;
T_2.7 ;
T_2.5 ;
T_2.3 ;
T_2.1 ;
    %jmp T_2;
    .thread T_2, $push;
    .scope S_0x5a03f93be6d0;
T_3 ;
    %wait E_0x5a03f9321240;
    %load/vec4 v0x5a03f93c20d0_0;
    %nor/r;
    %flag_set/vec4 8;
    %jmp/0xz  T_3.0, 8;
    %pushi/vec4 0, 0, 1;
    %assign/vec4 v0x5a03f93c18d0_0, 0;
    %pushi/vec4 0, 0, 16;
    %assign/vec4 v0x5a03f93c1600_0, 0;
    %pushi/vec4 0, 0, 32;
    %assign/vec4 v0x5a03f93c16c0_0, 0;
    %pushi/vec4 0, 0, 16;
    %assign/vec4 v0x5a03f93c1520_0, 0;
    %pushi/vec4 0, 0, 16;
    %assign/vec4 v0x5a03f93c17e0_0, 0;
    %jmp T_3.1;
T_3.0 ;
    %load/vec4 v0x5a03f93c1eb0_0;
    %flag_set/vec4 8;
    %jmp/0xz  T_3.2, 8;
    %pushi/vec4 0, 0, 1;
    %assign/vec4 v0x5a03f93c18d0_0, 0;
    %pushi/vec4 0, 0, 16;
    %assign/vec4 v0x5a03f93c1600_0, 0;
    %pushi/vec4 0, 0, 32;
    %assign/vec4 v0x5a03f93c16c0_0, 0;
    %pushi/vec4 0, 0, 16;
    %assign/vec4 v0x5a03f93c1520_0, 0;
    %pushi/vec4 0, 0, 16;
    %assign/vec4 v0x5a03f93c17e0_0, 0;
    %jmp T_3.3;
T_3.2 ;
    %load/vec4 v0x5a03f93c1df0_0;
    %flag_set/vec4 8;
    %jmp/0xz  T_3.4, 8;
    %load/vec4 v0x5a03f93c18d0_0;
    %nor/r;
    %flag_set/vec4 8;
    %jmp/0xz  T_3.6, 8;
    %pushi/vec4 1, 0, 1;
    %assign/vec4 v0x5a03f93c18d0_0, 0;
    %load/vec4 v0x5a03f93c1af0_0;
    %assign/vec4 v0x5a03f93c1600_0, 0;
    %load/vec4 v0x5a03f93c1bb0_0;
    %assign/vec4 v0x5a03f93c16c0_0, 0;
    %load/vec4 v0x5a03f93c19e0_0;
    %assign/vec4 v0x5a03f93c1520_0, 0;
    %load/vec4 v0x5a03f93c1ca0_0;
    %assign/vec4 v0x5a03f93c17e0_0, 0;
    %jmp T_3.7;
T_3.6 ;
    %load/vec4 v0x5a03f93c2230_0;
    %assign/vec4 v0x5a03f93c1600_0, 0;
    %load/vec4 v0x5a03f93c22d0_0;
    %assign/vec4 v0x5a03f93c16c0_0, 0;
    %load/vec4 v0x5a03f93c2170_0;
    %assign/vec4 v0x5a03f93c1520_0, 0;
    %load/vec4 v0x5a03f93c2370_0;
    %assign/vec4 v0x5a03f93c17e0_0, 0;
T_3.7 ;
T_3.4 ;
T_3.3 ;
T_3.1 ;
    %jmp T_3;
    .thread T_3;
    .scope S_0x5a03f93c2920;
T_4 ;
    %wait E_0x5a03f93a2da0;
    %load/vec4 v0x5a03f93c4700_0;
    %flag_set/vec4 8;
    %jmp/0xz  T_4.0, 8;
    %load/vec4 v0x5a03f93c4990_0;
    %store/vec4 v0x5a03f93c51d0_0, 0, 16;
    %load/vec4 v0x5a03f93c4a30_0;
    %store/vec4 v0x5a03f93c52b0_0, 0, 32;
    %load/vec4 v0x5a03f93c4890_0;
    %store/vec4 v0x5a03f93c50f0_0, 0, 16;
    %load/vec4 v0x5a03f93c4ad0_0;
    %store/vec4 v0x5a03f93c5390_0, 0, 16;
    %jmp T_4.1;
T_4.0 ;
    %load/vec4 v0x5a03f93c47c0_0;
    %flag_set/vec4 8;
    %jmp/0xz  T_4.2, 8;
    %load/vec4 v0x5a03f93c4c40_0;
    %store/vec4 v0x5a03f93c51d0_0, 0, 16;
    %load/vec4 v0x5a03f93c4d00_0;
    %store/vec4 v0x5a03f93c52b0_0, 0, 32;
    %load/vec4 v0x5a03f93c4ba0_0;
    %store/vec4 v0x5a03f93c50f0_0, 0, 16;
    %load/vec4 v0x5a03f93c4ee0_0;
    %store/vec4 v0x5a03f93c5390_0, 0, 16;
    %jmp T_4.3;
T_4.2 ;
    %load/vec4 v0x5a03f93c4a30_0;
    %load/vec4 v0x5a03f93c4d00_0;
    %cmp/u;
    %jmp/0xz  T_4.4, 5;
    %load/vec4 v0x5a03f93c4990_0;
    %store/vec4 v0x5a03f93c51d0_0, 0, 16;
    %load/vec4 v0x5a03f93c4a30_0;
    %store/vec4 v0x5a03f93c52b0_0, 0, 32;
    %load/vec4 v0x5a03f93c4890_0;
    %store/vec4 v0x5a03f93c50f0_0, 0, 16;
    %load/vec4 v0x5a03f93c4ad0_0;
    %store/vec4 v0x5a03f93c5390_0, 0, 16;
    %jmp T_4.5;
T_4.4 ;
    %load/vec4 v0x5a03f93c4d00_0;
    %load/vec4 v0x5a03f93c4a30_0;
    %cmp/u;
    %jmp/0xz  T_4.6, 5;
    %load/vec4 v0x5a03f93c4c40_0;
    %store/vec4 v0x5a03f93c51d0_0, 0, 16;
    %load/vec4 v0x5a03f93c4d00_0;
    %store/vec4 v0x5a03f93c52b0_0, 0, 32;
    %load/vec4 v0x5a03f93c4ba0_0;
    %store/vec4 v0x5a03f93c50f0_0, 0, 16;
    %load/vec4 v0x5a03f93c4ee0_0;
    %store/vec4 v0x5a03f93c5390_0, 0, 16;
    %jmp T_4.7;
T_4.6 ;
    %load/vec4 v0x5a03f93c4ba0_0;
    %load/vec4 v0x5a03f93c4890_0;
    %cmp/u;
    %jmp/0xz  T_4.8, 5;
    %load/vec4 v0x5a03f93c4990_0;
    %store/vec4 v0x5a03f93c51d0_0, 0, 16;
    %load/vec4 v0x5a03f93c4a30_0;
    %store/vec4 v0x5a03f93c52b0_0, 0, 32;
    %load/vec4 v0x5a03f93c4890_0;
    %store/vec4 v0x5a03f93c50f0_0, 0, 16;
    %load/vec4 v0x5a03f93c4ad0_0;
    %store/vec4 v0x5a03f93c5390_0, 0, 16;
    %jmp T_4.9;
T_4.8 ;
    %load/vec4 v0x5a03f93c4890_0;
    %load/vec4 v0x5a03f93c4ba0_0;
    %cmp/u;
    %jmp/0xz  T_4.10, 5;
    %load/vec4 v0x5a03f93c4c40_0;
    %store/vec4 v0x5a03f93c51d0_0, 0, 16;
    %load/vec4 v0x5a03f93c4d00_0;
    %store/vec4 v0x5a03f93c52b0_0, 0, 32;
    %load/vec4 v0x5a03f93c4ba0_0;
    %store/vec4 v0x5a03f93c50f0_0, 0, 16;
    %load/vec4 v0x5a03f93c4ee0_0;
    %store/vec4 v0x5a03f93c5390_0, 0, 16;
    %jmp T_4.11;
T_4.10 ;
    %load/vec4 v0x5a03f93c4ad0_0;
    %load/vec4 v0x5a03f93c4ee0_0;
    %cmp/u;
    %jmp/0xz  T_4.12, 5;
    %load/vec4 v0x5a03f93c4990_0;
    %store/vec4 v0x5a03f93c51d0_0, 0, 16;
    %load/vec4 v0x5a03f93c4a30_0;
    %store/vec4 v0x5a03f93c52b0_0, 0, 32;
    %load/vec4 v0x5a03f93c4890_0;
    %store/vec4 v0x5a03f93c50f0_0, 0, 16;
    %load/vec4 v0x5a03f93c4ad0_0;
    %store/vec4 v0x5a03f93c5390_0, 0, 16;
    %jmp T_4.13;
T_4.12 ;
    %load/vec4 v0x5a03f93c4ee0_0;
    %load/vec4 v0x5a03f93c4ad0_0;
    %cmp/u;
    %jmp/0xz  T_4.14, 5;
    %load/vec4 v0x5a03f93c4c40_0;
    %store/vec4 v0x5a03f93c51d0_0, 0, 16;
    %load/vec4 v0x5a03f93c4d00_0;
    %store/vec4 v0x5a03f93c52b0_0, 0, 32;
    %load/vec4 v0x5a03f93c4ba0_0;
    %store/vec4 v0x5a03f93c50f0_0, 0, 16;
    %load/vec4 v0x5a03f93c4ee0_0;
    %store/vec4 v0x5a03f93c5390_0, 0, 16;
    %jmp T_4.15;
T_4.14 ;
    %load/vec4 v0x5a03f93c5030_0;
    %nor/r;
    %flag_set/vec4 8;
    %jmp/0xz  T_4.16, 8;
    %load/vec4 v0x5a03f93c4990_0;
    %store/vec4 v0x5a03f93c51d0_0, 0, 16;
    %load/vec4 v0x5a03f93c4a30_0;
    %store/vec4 v0x5a03f93c52b0_0, 0, 32;
    %load/vec4 v0x5a03f93c4890_0;
    %store/vec4 v0x5a03f93c50f0_0, 0, 16;
    %load/vec4 v0x5a03f93c4ad0_0;
    %store/vec4 v0x5a03f93c5390_0, 0, 16;
    %jmp T_4.17;
T_4.16 ;
    %load/vec4 v0x5a03f93c4c40_0;
    %store/vec4 v0x5a03f93c51d0_0, 0, 16;
    %load/vec4 v0x5a03f93c4d00_0;
    %store/vec4 v0x5a03f93c52b0_0, 0, 32;
    %load/vec4 v0x5a03f93c4ba0_0;
    %store/vec4 v0x5a03f93c50f0_0, 0, 16;
    %load/vec4 v0x5a03f93c4ee0_0;
    %store/vec4 v0x5a03f93c5390_0, 0, 16;
T_4.17 ;
T_4.15 ;
T_4.13 ;
T_4.11 ;
T_4.9 ;
T_4.7 ;
T_4.5 ;
T_4.3 ;
T_4.1 ;
    %jmp T_4;
    .thread T_4, $push;
    .scope S_0x5a03f93c25b0;
T_5 ;
    %wait E_0x5a03f9321240;
    %load/vec4 v0x5a03f93c6010_0;
    %nor/r;
    %flag_set/vec4 8;
    %jmp/0xz  T_5.0, 8;
    %pushi/vec4 0, 0, 1;
    %assign/vec4 v0x5a03f93c58f0_0, 0;
    %pushi/vec4 0, 0, 16;
    %assign/vec4 v0x5a03f93c56f0_0, 0;
    %pushi/vec4 0, 0, 32;
    %assign/vec4 v0x5a03f93c57b0_0, 0;
    %pushi/vec4 0, 0, 16;
    %assign/vec4 v0x5a03f93c5610_0, 0;
    %pushi/vec4 0, 0, 16;
    %assign/vec4 v0x5a03f93c5850_0, 0;
    %jmp T_5.1;
T_5.0 ;
    %load/vec4 v0x5a03f93c5e30_0;
    %flag_set/vec4 8;
    %jmp/0xz  T_5.2, 8;
    %pushi/vec4 0, 0, 1;
    %assign/vec4 v0x5a03f93c58f0_0, 0;
    %pushi/vec4 0, 0, 16;
    %assign/vec4 v0x5a03f93c56f0_0, 0;
    %pushi/vec4 0, 0, 32;
    %assign/vec4 v0x5a03f93c57b0_0, 0;
    %pushi/vec4 0, 0, 16;
    %assign/vec4 v0x5a03f93c5610_0, 0;
    %pushi/vec4 0, 0, 16;
    %assign/vec4 v0x5a03f93c5850_0, 0;
    %jmp T_5.3;
T_5.2 ;
    %load/vec4 v0x5a03f93c5d90_0;
    %flag_set/vec4 8;
    %jmp/0xz  T_5.4, 8;
    %load/vec4 v0x5a03f93c58f0_0;
    %nor/r;
    %flag_set/vec4 8;
    %jmp/0xz  T_5.6, 8;
    %pushi/vec4 1, 0, 1;
    %assign/vec4 v0x5a03f93c58f0_0, 0;
    %load/vec4 v0x5a03f93c5ac0_0;
    %assign/vec4 v0x5a03f93c56f0_0, 0;
    %load/vec4 v0x5a03f93c5b80_0;
    %assign/vec4 v0x5a03f93c57b0_0, 0;
    %load/vec4 v0x5a03f93c5a00_0;
    %assign/vec4 v0x5a03f93c5610_0, 0;
    %load/vec4 v0x5a03f93c5c40_0;
    %assign/vec4 v0x5a03f93c5850_0, 0;
    %jmp T_5.7;
T_5.6 ;
    %load/vec4 v0x5a03f93c61b0_0;
    %assign/vec4 v0x5a03f93c56f0_0, 0;
    %load/vec4 v0x5a03f93c6280_0;
    %assign/vec4 v0x5a03f93c57b0_0, 0;
    %load/vec4 v0x5a03f93c60e0_0;
    %assign/vec4 v0x5a03f93c5610_0, 0;
    %load/vec4 v0x5a03f93c6460_0;
    %assign/vec4 v0x5a03f93c5850_0, 0;
T_5.7 ;
T_5.4 ;
T_5.3 ;
T_5.1 ;
    %jmp T_5;
    .thread T_5;
    .scope S_0x5a03f93bd5c0;
T_6 ;
    %wait E_0x5a03f9321240;
    %load/vec4 v0x5a03f93c8900_0;
    %nor/r;
    %flag_set/vec4 8;
    %jmp/0xz  T_6.0, 8;
    %pushi/vec4 0, 0, 2;
    %assign/vec4 v0x5a03f93c8ab0_0, 0;
    %pushi/vec4 0, 0, 1;
    %assign/vec4 v0x5a03f93c8780_0, 0;
    %pushi/vec4 0, 0, 4;
    %assign/vec4 v0x5a03f93c85c0_0, 0;
    %pushi/vec4 0, 0, 4;
    %assign/vec4 v0x5a03f93c86a0_0, 0;
    %pushi/vec4 0, 0, 1;
    %assign/vec4 v0x5a03f93c8840_0, 0;
    %pushi/vec4 0, 0, 1;
    %assign/vec4 v0x5a03f93c78b0_0, 0;
    %pushi/vec4 0, 0, 1;
    %assign/vec4 v0x5a03f93c7950_0, 0;
    %pushi/vec4 0, 0, 16;
    %assign/vec4 v0x5a03f93c82e0_0, 0;
    %pushi/vec4 0, 0, 16;
    %assign/vec4 v0x5a03f93c8380_0, 0;
    %pushi/vec4 0, 0, 2;
    %assign/vec4 v0x5a03f93c8420_0, 0;
    %pushi/vec4 0, 0, 16;
    %assign/vec4 v0x5a03f93c7ae0_0, 0;
    %pushi/vec4 0, 0, 16;
    %assign/vec4 v0x5a03f93c7c90_0, 0;
    %jmp T_6.1;
T_6.0 ;
    %pushi/vec4 0, 0, 1;
    %assign/vec4 v0x5a03f93c8840_0, 0;
    %pushi/vec4 0, 0, 1;
    %assign/vec4 v0x5a03f93c78b0_0, 0;
    %pushi/vec4 0, 0, 1;
    %assign/vec4 v0x5a03f93c7950_0, 0;
    %load/vec4 v0x5a03f93c8ab0_0;
    %dup/vec4;
    %pushi/vec4 0, 0, 2;
    %cmp/u;
    %jmp/1 T_6.2, 6;
    %dup/vec4;
    %pushi/vec4 1, 0, 2;
    %cmp/u;
    %jmp/1 T_6.3, 6;
    %dup/vec4;
    %pushi/vec4 2, 0, 2;
    %cmp/u;
    %jmp/1 T_6.4, 6;
    %dup/vec4;
    %pushi/vec4 3, 0, 2;
    %cmp/u;
    %jmp/1 T_6.5, 6;
    %pushi/vec4 0, 0, 2;
    %assign/vec4 v0x5a03f93c8ab0_0, 0;
    %jmp T_6.7;
T_6.2 ;
    %pushi/vec4 0, 0, 1;
    %assign/vec4 v0x5a03f93c8780_0, 0;
    %pushi/vec4 0, 0, 4;
    %assign/vec4 v0x5a03f93c85c0_0, 0;
    %pushi/vec4 0, 0, 4;
    %assign/vec4 v0x5a03f93c86a0_0, 0;
    %pushi/vec4 0, 0, 16;
    %assign/vec4 v0x5a03f93c82e0_0, 0;
    %pushi/vec4 0, 0, 16;
    %assign/vec4 v0x5a03f93c8380_0, 0;
    %pushi/vec4 0, 0, 2;
    %assign/vec4 v0x5a03f93c8420_0, 0;
    %load/vec4 v0x5a03f93c89f0_0;
    %flag_set/vec4 8;
    %jmp/0xz  T_6.8, 8;
    %pushi/vec4 1, 0, 2;
    %assign/vec4 v0x5a03f93c8ab0_0, 0;
    %pushi/vec4 0, 0, 4;
    %assign/vec4 v0x5a03f93c85c0_0, 0;
    %pushi/vec4 0, 0, 4;
    %assign/vec4 v0x5a03f93c86a0_0, 0;
    %pushi/vec4 1, 0, 1;
    %assign/vec4 v0x5a03f93c78b0_0, 0;
    %pushi/vec4 1, 0, 1;
    %assign/vec4 v0x5a03f93c7950_0, 0;
    %pushi/vec4 0, 0, 16;
    %assign/vec4 v0x5a03f93c7ae0_0, 0;
    %pushi/vec4 0, 0, 16;
    %assign/vec4 v0x5a03f93c7c90_0, 0;
T_6.8 ;
    %jmp T_6.7;
T_6.3 ;
    %pushi/vec4 0, 0, 1;
    %assign/vec4 v0x5a03f93c8780_0, 0;
    %pushi/vec4 0, 0, 16;
    %assign/vec4 v0x5a03f93c82e0_0, 0;
    %pushi/vec4 0, 0, 16;
    %assign/vec4 v0x5a03f93c8380_0, 0;
    %pushi/vec4 0, 0, 2;
    %assign/vec4 v0x5a03f93c8420_0, 0;
    %pushi/vec4 2, 0, 2;
    %assign/vec4 v0x5a03f93c8ab0_0, 0;
    %jmp T_6.7;
T_6.4 ;
    %pushi/vec4 1, 0, 1;
    %assign/vec4 v0x5a03f93c8780_0, 0;
    %load/vec4 v0x5a03f93c7750_0;
    %flag_set/vec4 8;
    %jmp/0xz  T_6.10, 8;
    %load/vec4 v0x5a03f93c8420_0;
    %cmpi/e 0, 0, 2;
    %jmp/0xz  T_6.12, 4;
    %load/vec4 v0x5a03f93c73a0_0;
    %assign/vec4 v0x5a03f93c82e0_0, 0;
    %pushi/vec4 1, 0, 2;
    %assign/vec4 v0x5a03f93c8420_0, 0;
    %jmp T_6.13;
T_6.12 ;
    %load/vec4 v0x5a03f93c8420_0;
    %cmpi/e 1, 0, 2;
    %jmp/0xz  T_6.14, 4;
    %load/vec4 v0x5a03f93c73a0_0;
    %assign/vec4 v0x5a03f93c8380_0, 0;
    %pushi/vec4 2, 0, 2;
    %assign/vec4 v0x5a03f93c8420_0, 0;
T_6.14 ;
T_6.13 ;
    %load/vec4 v0x5a03f93c84e0_0;
    %load/vec4 v0x5a03f93c86a0_0;
    %addi 1, 0, 4;
    %cmp/u;
    %flag_or 5, 4;
    %jmp/0xz  T_6.16, 5;
    %load/vec4 v0x5a03f93c77f0_0;
    %assign/vec4 v0x5a03f93c7ae0_0, 0;
    %load/vec4 v0x5a03f93c8220_0;
    %assign/vec4 v0x5a03f93c7c90_0, 0;
    %pushi/vec4 0, 0, 1;
    %assign/vec4 v0x5a03f93c8780_0, 0;
    %load/vec4 v0x5a03f93c8160_0;
    %load/vec4 v0x5a03f93c85c0_0;
    %addi 1, 0, 4;
    %cmp/u;
    %flag_or 5, 4;
    %jmp/0xz  T_6.18, 5;
    %pushi/vec4 3, 0, 2;
    %assign/vec4 v0x5a03f93c8ab0_0, 0;
    %jmp T_6.19;
T_6.18 ;
    %pushi/vec4 1, 0, 2;
    %assign/vec4 v0x5a03f93c8ab0_0, 0;
    %load/vec4 v0x5a03f93c85c0_0;
    %addi 1, 0, 4;
    %assign/vec4 v0x5a03f93c85c0_0, 0;
    %pushi/vec4 0, 0, 4;
    %assign/vec4 v0x5a03f93c86a0_0, 0;
    %pushi/vec4 1, 0, 1;
    %assign/vec4 v0x5a03f93c78b0_0, 0;
T_6.19 ;
    %jmp T_6.17;
T_6.16 ;
    %load/vec4 v0x5a03f93c86a0_0;
    %addi 1, 0, 4;
    %assign/vec4 v0x5a03f93c86a0_0, 0;
T_6.17 ;
T_6.10 ;
    %jmp T_6.7;
T_6.5 ;
    %pushi/vec4 0, 0, 1;
    %assign/vec4 v0x5a03f93c8780_0, 0;
    %pushi/vec4 1, 0, 1;
    %assign/vec4 v0x5a03f93c8840_0, 0;
    %pushi/vec4 0, 0, 2;
    %assign/vec4 v0x5a03f93c8ab0_0, 0;
    %jmp T_6.7;
T_6.7 ;
    %pop/vec4 1;
T_6.1 ;
    %jmp T_6;
    .thread T_6;
    .scope S_0x5a03f937cd40;
T_7 ;
    %pushi/vec4 0, 0, 1;
    %store/vec4 v0x5a03f93ca460_0, 0, 1;
    %pushi/vec4 0, 0, 1;
    %store/vec4 v0x5a03f93cb1e0_0, 0, 1;
    %pushi/vec4 0, 0, 1;
    %store/vec4 v0x5a03f93cb280_0, 0, 1;
    %end;
    .thread T_7, $init;
    .scope S_0x5a03f937cd40;
T_8 ;
T_8.0 ;
    %delay 5000, 0;
    %load/vec4 v0x5a03f93ca460_0;
    %inv;
    %store/vec4 v0x5a03f93ca460_0, 0, 1;
    %jmp T_8.0;
    %end;
    .thread T_8;
    .scope S_0x5a03f937cd40;
T_9 ;
    %wait E_0x5a03f93214f0;
    %pushi/vec4 0, 0, 1;
    %store/vec4 v0x5a03f93ca3c0_0, 0, 1;
    %pushi/vec4 0, 0, 16;
    %store/vec4 v0x5a03f93ca110_0, 0, 16;
    %pushi/vec4 0, 0, 32;
    %store/vec4 v0x5a03f93ca1b0_0, 0, 32;
    %pushi/vec4 0, 0, 16;
    %store/vec4 v0x5a03f93c9f90_0, 0, 16;
    %pushi/vec4 0, 0, 16;
    %store/vec4 v0x5a03f93ca270_0, 0, 16;
    %pushi/vec4 0, 0, 16;
    %store/vec4 v0x5a03f93ca050_0, 0, 16;
    %load/vec4 v0x5a03f93cae80_0;
    %pad/u 32;
    %muli 8, 0, 32;
    %load/vec4 v0x5a03f93caf70_0;
    %pad/u 32;
    %add;
    %store/vec4 v0x5a03f93cb490_0, 0, 32;
    %load/vec4 v0x5a03f93cb040_0;
    %flag_set/vec4 9;
    %flag_get/vec4 9;
    %jmp/0 T_9.2, 9;
    %load/vec4 v0x5a03f93cb490_0;
    %cmpi/s 24, 0, 32;
    %flag_get/vec4 5;
    %and;
T_9.2;
    %flag_set/vec4 8;
    %jmp/0xz  T_9.0, 8;
    %pushi/vec4 1, 0, 1;
    %store/vec4 v0x5a03f93ca3c0_0, 0, 1;
    %ix/getv/s 4, v0x5a03f93cb490_0;
    %load/vec4a v0x5a03f93cb570, 4;
    %parti/s 16, 80, 8;
    %store/vec4 v0x5a03f93ca110_0, 0, 16;
    %ix/getv/s 4, v0x5a03f93cb490_0;
    %load/vec4a v0x5a03f93cb570, 4;
    %parti/s 32, 48, 7;
    %store/vec4 v0x5a03f93ca1b0_0, 0, 32;
    %ix/getv/s 4, v0x5a03f93cb490_0;
    %load/vec4a v0x5a03f93cb570, 4;
    %parti/s 16, 32, 7;
    %store/vec4 v0x5a03f93c9f90_0, 0, 16;
    %ix/getv/s 4, v0x5a03f93cb490_0;
    %load/vec4a v0x5a03f93cb570, 4;
    %parti/s 16, 16, 6;
    %store/vec4 v0x5a03f93ca270_0, 0, 16;
    %ix/getv/s 4, v0x5a03f93cb490_0;
    %load/vec4a v0x5a03f93cb570, 4;
    %parti/s 16, 0, 2;
    %store/vec4 v0x5a03f93ca050_0, 0, 16;
T_9.0 ;
    %jmp T_9;
    .thread T_9, $push;
    .scope S_0x5a03f937cd40;
T_10 ;
    %fork t_1, S_0x5a03f937b8d0;
    %jmp t_0;
    .scope S_0x5a03f937b8d0;
t_1 ;
    %vpi_func 3 122 "$value$plusargs" 32, "VECTORS=%s", v0x5a03f939a580_0 {0 0 0};
    %nor/r;
    %flag_set/vec4 8;
    %jmp/0xz  T_10.0, 8;
    %pushi/str "tb/pmo_ga_multigen_vectors.memh";
    %store/str v0x5a03f939a580_0;
T_10.0 ;
    %vpi_func 3 124 "$value$plusargs" 32, "LOG=%s", v0x5a03f938cd70_0 {0 0 0};
    %nor/r;
    %flag_set/vec4 8;
    %jmp/0xz  T_10.2, 8;
    %pushi/str "results/phase6/pmo_ga_multigen_sim_results.csv";
    %store/str v0x5a03f938cd70_0;
T_10.2 ;
    %vpi_func 3 126 "$value$plusargs" 32, "SUMMARY=%s", v0x5a03f938ce10_0 {0 0 0};
    %nor/r;
    %flag_set/vec4 8;
    %jmp/0xz  T_10.4, 8;
    %pushi/str "results/phase6/pmo_ga_multigen_sim_summary.txt";
    %store/str v0x5a03f938ce10_0;
T_10.4 ;
    %vpi_call/w 3 129 "$display", "[TB_PMO_GA_MULTIGEN] vectors=%0s", v0x5a03f939a580_0 {0 0 0};
    %vpi_call/w 3 130 "$display", "[TB_PMO_GA_MULTIGEN] log=%0s", v0x5a03f938cd70_0 {0 0 0};
    %vpi_call/w 3 131 "$display", "[TB_PMO_GA_MULTIGEN] summary=%0s", v0x5a03f938ce10_0 {0 0 0};
    %vpi_call/w 3 132 "$readmemh", v0x5a03f939a580_0, v0x5a03f93cb570 {0 0 0};
    %ix/load 4, 0, 0;
    %flag_set/imm 4, 0;
    %load/vec4a v0x5a03f93cb570, 4;
    %parti/s 16, 80, 8;
    %store/vec4 v0x5a03f93ca5e0_0, 0, 16;
    %ix/load 4, 0, 0;
    %flag_set/imm 4, 0;
    %load/vec4a v0x5a03f93cb570, 4;
    %parti/s 32, 48, 7;
    %store/vec4 v0x5a03f93ca6c0_0, 0, 32;
    %ix/load 4, 0, 0;
    %flag_set/imm 4, 0;
    %load/vec4a v0x5a03f93cb570, 4;
    %parti/s 16, 32, 7;
    %store/vec4 v0x5a03f93ca500_0, 0, 16;
    %ix/load 4, 0, 0;
    %flag_set/imm 4, 0;
    %load/vec4a v0x5a03f93cb570, 4;
    %parti/s 16, 16, 6;
    %store/vec4 v0x5a03f93ca7a0_0, 0, 16;
    %pushi/vec4 1, 0, 32;
    %store/vec4 v0x5a03f93cace0_0, 0, 32;
T_10.6 ;
    %load/vec4 v0x5a03f93cace0_0;
    %cmpi/s 24, 0, 32;
    %jmp/0xz T_10.7, 5;
    %alloc S_0x5a03f93c8e30;
    %load/vec4 v0x5a03f93ca5e0_0;
    %store/vec4 v0x5a03f93c9110_0, 0, 16;
    %load/vec4 v0x5a03f93ca6c0_0;
    %store/vec4 v0x5a03f93c91f0_0, 0, 32;
    %load/vec4 v0x5a03f93ca500_0;
    %store/vec4 v0x5a03f93c9010_0, 0, 16;
    %load/vec4 v0x5a03f93ca7a0_0;
    %store/vec4 v0x5a03f93c92b0_0, 0, 16;
    %ix/getv/s 4, v0x5a03f93cace0_0;
    %load/vec4a v0x5a03f93cb570, 4;
    %parti/s 16, 80, 8;
    %store/vec4 v0x5a03f93c94c0_0, 0, 16;
    %ix/getv/s 4, v0x5a03f93cace0_0;
    %load/vec4a v0x5a03f93cb570, 4;
    %parti/s 32, 48, 7;
    %store/vec4 v0x5a03f93c95a0_0, 0, 32;
    %ix/getv/s 4, v0x5a03f93cace0_0;
    %load/vec4a v0x5a03f93cb570, 4;
    %parti/s 16, 32, 7;
    %store/vec4 v0x5a03f93c9390_0, 0, 16;
    %ix/getv/s 4, v0x5a03f93cace0_0;
    %load/vec4a v0x5a03f93cb570, 4;
    %parti/s 16, 16, 6;
    %store/vec4 v0x5a03f93c9680_0, 0, 16;
    %fork TD_tb_pmo_ga_multigen.prefer, S_0x5a03f93c8e30;
    %join;
    %load/vec4 v0x5a03f93c9840_0;
    %store/vec4 v0x5a03f9384cc0_0, 0, 16;
    %load/vec4 v0x5a03f93c9920_0;
    %store/vec4 v0x5a03f9398e80_0, 0, 32;
    %load/vec4 v0x5a03f93c9760_0;
    %store/vec4 v0x5a03f9384c20_0, 0, 16;
    %load/vec4 v0x5a03f93c9a00_0;
    %store/vec4 v0x5a03f9398f20_0, 0, 16;
    %free S_0x5a03f93c8e30;
    %load/vec4 v0x5a03f9384cc0_0;
    %store/vec4 v0x5a03f93ca5e0_0, 0, 16;
    %load/vec4 v0x5a03f9398e80_0;
    %store/vec4 v0x5a03f93ca6c0_0, 0, 32;
    %load/vec4 v0x5a03f9384c20_0;
    %store/vec4 v0x5a03f93ca500_0, 0, 16;
    %load/vec4 v0x5a03f9398f20_0;
    %store/vec4 v0x5a03f93ca7a0_0, 0, 16;
    %load/vec4 v0x5a03f93cace0_0;
    %addi 1, 0, 32;
    %store/vec4 v0x5a03f93cace0_0, 0, 32;
    %jmp T_10.6;
T_10.7 ;
    %ix/load 4, 16, 0;
    %flag_set/imm 4, 0;
    %load/vec4a v0x5a03f93cb570, 4;
    %parti/s 8, 8, 5;
    %ix/load 4, 17, 0;
    %flag_set/imm 4, 0;
    %load/vec4a v0x5a03f93cb570, 4;
    %parti/s 8, 0, 2;
    %concat/vec4; draw_concat_vec4
    %store/vec4 v0x5a03f93ca880_0, 0, 16;
    %load/vec4 v0x5a03f93ca880_0;
    %pushi/vec4 5, 0, 16;
    %xor;
    %store/vec4 v0x5a03f93ca960_0, 0, 16;
    %vpi_func 3 152 "$fopen" 32, v0x5a03f938cd70_0, "w" {0 0 0};
    %store/vec4 v0x5a03f93cada0_0, 0, 32;
    %vpi_func 3 153 "$fopen" 32, v0x5a03f938ce10_0, "w" {0 0 0};
    %store/vec4 v0x5a03f93cb350_0, 0, 32;
    %load/vec4 v0x5a03f93cada0_0;
    %cmpi/e 0, 0, 32;
    %jmp/1 T_10.10, 4;
    %flag_mov 8, 4;
    %load/vec4 v0x5a03f93cb350_0;
    %cmpi/e 0, 0, 32;
    %flag_or 4, 8;
T_10.10;
    %jmp/0xz  T_10.8, 4;
    %vpi_call/w 3 155 "$display", "[TB_PMO_GA_MULTIGEN] ERROR: could not open output files." {0 0 0};
    %vpi_call/w 3 156 "$fatal" {0 0 0};
T_10.8 ;
    %vpi_call/w 3 158 "$fwrite", v0x5a03f93cada0_0, "observed_best_id,observed_latency,observed_fidelity,observed_util,observed_child_gene,observed_mutated_gene,expected_best_id,expected_latency,expected_fidelity,expected_util,expected_child_gene,expected_mutated_gene,pass\012" {0 0 0};
    %pushi/vec4 0, 0, 1;
    %store/vec4 v0x5a03f93cb1e0_0, 0, 1;
    %pushi/vec4 0, 0, 1;
    %store/vec4 v0x5a03f93cb280_0, 0, 1;
    %pushi/vec4 0, 0, 32;
    %store/vec4 v0x5a03f93caa40_0, 0, 32;
    %pushi/vec4 0, 0, 32;
    %store/vec4 v0x5a03f93cb3f0_0, 0, 32;
    %pushi/vec4 3, 0, 32;
T_10.11 %dup/vec4;
    %pushi/vec4 0, 0, 32;
    %cmp/s;
    %jmp/1xz T_10.12, 5;
    %jmp/1 T_10.12, 4;
    %pushi/vec4 1, 0, 32;
    %sub;
    %wait E_0x5a03f9320d90;
    %jmp T_10.11;
T_10.12 ;
    %pop/vec4 1;
    %pushi/vec4 1, 0, 1;
    %store/vec4 v0x5a03f93cb1e0_0, 0, 1;
    %wait E_0x5a03f9320d90;
    %pushi/vec4 1, 0, 1;
    %store/vec4 v0x5a03f93cb280_0, 0, 1;
    %wait E_0x5a03f9320d90;
    %pushi/vec4 0, 0, 1;
    %store/vec4 v0x5a03f93cb280_0, 0, 1;
T_10.13 ;
    %load/vec4 v0x5a03f93cb110_0;
    %nor/r;
    %flag_set/vec4 9;
    %flag_get/vec4 9;
    %jmp/0 T_10.15, 9;
    %load/vec4 v0x5a03f93cb3f0_0;
    %cmpi/s 200, 0, 32;
    %flag_get/vec4 5;
    %and;
T_10.15;
    %flag_set/vec4 8;
    %jmp/0xz T_10.14, 8;
    %wait E_0x5a03f9320d90;
    %load/vec4 v0x5a03f93cb3f0_0;
    %addi 1, 0, 32;
    %store/vec4 v0x5a03f93cb3f0_0, 0, 32;
    %jmp T_10.13;
T_10.14 ;
    %load/vec4 v0x5a03f93cb110_0;
    %nor/r;
    %flag_set/vec4 8;
    %jmp/0xz  T_10.16, 8;
    %vpi_call/w 3 177 "$display", "[TB_PMO_GA_MULTIGEN] FAIL: timeout." {0 0 0};
    %vpi_call/w 3 178 "$fatal" {0 0 0};
T_10.16 ;
    %load/vec4 v0x5a03f93c9c50_0;
    %load/vec4 v0x5a03f93ca5e0_0;
    %cmp/ne;
    %jmp/1 T_10.24, 6;
    %flag_mov 8, 6;
    %load/vec4 v0x5a03f93c9d10_0;
    %load/vec4 v0x5a03f93ca6c0_0;
    %cmp/ne;
    %flag_or 6, 8;
T_10.24;
    %jmp/1 T_10.23, 6;
    %flag_mov 8, 6;
    %load/vec4 v0x5a03f93c9ae0_0;
    %load/vec4 v0x5a03f93ca500_0;
    %cmp/ne;
    %flag_or 6, 8;
T_10.23;
    %jmp/1 T_10.22, 6;
    %flag_mov 8, 6;
    %load/vec4 v0x5a03f93c9e40_0;
    %load/vec4 v0x5a03f93ca7a0_0;
    %cmp/ne;
    %flag_or 6, 8;
T_10.22;
    %jmp/1 T_10.21, 6;
    %flag_mov 8, 6;
    %load/vec4 v0x5a03f93cab20_0;
    %load/vec4 v0x5a03f93ca880_0;
    %cmp/ne;
    %flag_or 6, 8;
T_10.21;
    %jmp/1 T_10.20, 6;
    %flag_mov 8, 6;
    %load/vec4 v0x5a03f93cac10_0;
    %load/vec4 v0x5a03f93ca960_0;
    %cmp/ne;
    %flag_or 6, 8;
T_10.20;
    %jmp/0xz  T_10.18, 6;
    %load/vec4 v0x5a03f93caa40_0;
    %addi 1, 0, 32;
    %store/vec4 v0x5a03f93caa40_0, 0, 32;
T_10.18 ;
    %load/vec4 v0x5a03f93caa40_0;
    %pushi/vec4 0, 0, 32;
    %cmp/e;
    %flag_get/vec4 4;
    %vpi_call/w 3 187 "$fwrite", v0x5a03f93cada0_0, "%0d,%0d,%0d,%0d,0x%04x,0x%04x,%0d,%0d,%0d,%0d,0x%04x,0x%04x,%0d\012", v0x5a03f93c9c50_0, v0x5a03f93c9d10_0, v0x5a03f93c9ae0_0, v0x5a03f93c9e40_0, v0x5a03f93cab20_0, v0x5a03f93cac10_0, v0x5a03f93ca5e0_0, v0x5a03f93ca6c0_0, v0x5a03f93ca500_0, v0x5a03f93ca7a0_0, v0x5a03f93ca880_0, v0x5a03f93ca960_0, S<0,vec4,u1> {1 0 0};
    %vpi_call/w 3 192 "$fwrite", v0x5a03f93cb350_0, "generation_count=%0d\012", P_0x5a03f938e060 {0 0 0};
    %vpi_call/w 3 193 "$fwrite", v0x5a03f93cb350_0, "vector_count=%0d\012", P_0x5a03f938e120 {0 0 0};
    %vpi_call/w 3 194 "$fwrite", v0x5a03f93cb350_0, "expected_best_id=%0d\012", v0x5a03f93ca5e0_0 {0 0 0};
    %vpi_call/w 3 195 "$fwrite", v0x5a03f93cb350_0, "observed_best_id=%0d\012", v0x5a03f93c9c50_0 {0 0 0};
    %vpi_call/w 3 196 "$fwrite", v0x5a03f93cb350_0, "observed_latency=%0d\012", v0x5a03f93c9d10_0 {0 0 0};
    %vpi_call/w 3 197 "$fwrite", v0x5a03f93cb350_0, "observed_fidelity=%0d\012", v0x5a03f93c9ae0_0 {0 0 0};
    %vpi_call/w 3 198 "$fwrite", v0x5a03f93cb350_0, "observed_util=%0d\012", v0x5a03f93c9e40_0 {0 0 0};
    %vpi_call/w 3 199 "$fwrite", v0x5a03f93cb350_0, "observed_child_gene=0x%04x\012", v0x5a03f93cab20_0 {0 0 0};
    %vpi_call/w 3 200 "$fwrite", v0x5a03f93cb350_0, "observed_mutated_gene=0x%04x\012", v0x5a03f93cac10_0 {0 0 0};
    %vpi_call/w 3 201 "$fwrite", v0x5a03f93cb350_0, "fail_count=%0d\012", v0x5a03f93caa40_0 {0 0 0};
    %load/vec4 v0x5a03f93caa40_0;
    %cmpi/e 0, 0, 32;
    %flag_mov 8, 4;
    %jmp/0 T_10.25, 8;
    %pushi/vec4 7631477, 0, 32; draw_string_vec4
    %pushi/vec4 101, 0, 8; draw_string_vec4
    %concat/vec4; draw_string_vec4
    %jmp/1 T_10.26, 8;
T_10.25 ; End of true expr.
    %pushi/vec4 1717660787, 0, 32; draw_string_vec4
    %pushi/vec4 101, 0, 8; draw_string_vec4
    %concat/vec4; draw_string_vec4
    %jmp/0 T_10.26, 8;
 ; End of false expr.
    %blend;
T_10.26;
    %vpi_call/w 3 202 "$fwrite", v0x5a03f93cb350_0, "overall_pass=%0s\012", S<0,vec4,u40> {1 0 0};
    %vpi_call/w 3 203 "$fclose", v0x5a03f93cada0_0 {0 0 0};
    %vpi_call/w 3 204 "$fclose", v0x5a03f93cb350_0 {0 0 0};
    %load/vec4 v0x5a03f93caa40_0;
    %cmpi/e 0, 0, 32;
    %jmp/0xz  T_10.27, 4;
    %vpi_call/w 3 207 "$display", "[TB_PMO_GA_MULTIGEN] PASS: vectors=%0d best_id=%0d child_gene=0x%04x mutated_gene=0x%04x", P_0x5a03f938e120, v0x5a03f93c9c50_0, v0x5a03f93cab20_0, v0x5a03f93cac10_0 {0 0 0};
    %jmp T_10.28;
T_10.27 ;
    %vpi_call/w 3 210 "$display", "[TB_PMO_GA_MULTIGEN] FAIL: mismatches=%0d", v0x5a03f93caa40_0 {0 0 0};
    %vpi_call/w 3 211 "$fatal" {0 0 0};
T_10.28 ;
    %vpi_call/w 3 213 "$finish" {0 0 0};
    %end;
    .scope S_0x5a03f937cd40;
t_0 %join;
    %end;
    .thread T_10;
# The file index is used to find the file name in the following table.
:file_names 10;
    "N/A";
    "<interactive>";
    "-";
    "tb/tb_pmo_ga_multigen.v";
    "rtl/pmo_ga_multigen.v";
    "rtl/ga_crossover.v";
    "rtl/ga_elitism.v";
    "rtl/ga_select.v";
    "rtl/ga_pareto_cmp.v";
    "rtl/ga_mutate.v";
