#! /usr/bin/vvp
:ivl_version "12.0 (stable)";
:ivl_delay_selection "TYPICAL";
:vpi_time_precision - 12;
:vpi_module "/usr/lib/x86_64-linux-gnu/ivl/system.vpi";
:vpi_module "/usr/lib/x86_64-linux-gnu/ivl/vhdl_sys.vpi";
:vpi_module "/usr/lib/x86_64-linux-gnu/ivl/vhdl_textio.vpi";
:vpi_module "/usr/lib/x86_64-linux-gnu/ivl/v2005_math.vpi";
:vpi_module "/usr/lib/x86_64-linux-gnu/ivl/va_math.vpi";
:vpi_module "/usr/lib/x86_64-linux-gnu/ivl/v2009.vpi";
S_0x5f0595ecd3e0 .scope package, "$unit" "$unit" 2 1;
 .timescale 0 0;
S_0x5f0595ecd250 .scope module, "tb_pmo_ga_family" "tb_pmo_ga_family" 3 2;
 .timescale -9 -12;
P_0x5f0595ee2800 .param/l "INDEX_W" 1 3 4, +C4<00000000000000000000000000000110>;
P_0x5f0595ee2840 .param/l "MAX_VECTORS" 1 3 3, +C4<00000000000000000000000000010000>;
v0x5f0595f044d0_0 .var "batch_done", 0 0;
v0x5f0595f045e0_0 .var "cand_fidelity", 15 0;
v0x5f0595f046f0_0 .var "cand_gene", 15 0;
v0x5f0595f047e0_0 .var "cand_id", 15 0;
v0x5f0595f048f0_0 .var "cand_latency", 31 0;
v0x5f0595f04a50_0 .var "cand_util", 15 0;
v0x5f0595f04b60_0 .var "cand_valid", 0 0;
v0x5f0595f04c50_0 .net "child_gene", 15 0, L_0x5f0595f082e0;  1 drivers
v0x5f0595f04d10_0 .var "clk", 0 0;
v0x5f0595f04e40_0 .var/i "err_count", 31 0;
v0x5f0595f04f20_0 .var/i "expected_best_id", 31 0;
v0x5f0595f05000_0 .var/i "expected_child_gene", 31 0;
v0x5f0595f050e0_0 .var/i "expected_fidelity", 31 0;
v0x5f0595f051c0_0 .var/i "expected_latency", 31 0;
v0x5f0595f052a0_0 .var/i "expected_mutated_gene", 31 0;
v0x5f0595f05380_0 .var/i "expected_util", 31 0;
v0x5f0595f05460_0 .var/i "i", 31 0;
v0x5f0595f05540_0 .net "issue_done", 0 0, v0x5f0595f015b0_0;  1 drivers
v0x5f0595f055e0_0 .var/i "log_fd", 31 0;
v0x5f0595f056c0_0 .var "log_file", 1023 0;
v0x5f0595f057a0_0 .net "mutated_gene", 15 0, L_0x5f0595f08530;  1 drivers
v0x5f0595f058b0_0 .var "pending_done", 0 0;
v0x5f0595f05970_0 .var "rand_tiebreak", 0 0;
v0x5f0595f05a10_0 .net "req_index", 5 0, v0x5f0595f01820_0;  1 drivers
v0x5f0595f05b20_0 .var/i "req_seen_count", 31 0;
v0x5f0595f05c00_0 .net "req_valid", 0 0, v0x5f0595f01900_0;  1 drivers
v0x5f0595f05cf0_0 .net "result_fidelity", 15 0, v0x5f0595eff110_0;  1 drivers
v0x5f0595f05db0_0 .net "result_id", 15 0, v0x5f0595eff1f0_0;  1 drivers
v0x5f0595f05e70_0 .net "result_latency", 31 0, v0x5f0595eff2b0_0;  1 drivers
v0x5f0595f05fc0_0 .net "result_util", 15 0, v0x5f0595eff3d0_0;  1 drivers
v0x5f0595f06110_0 .net "result_valid", 0 0, v0x5f0595efc180_0;  1 drivers
v0x5f0595f061b0_0 .var "rst_n", 0 0;
v0x5f0595f06250_0 .var "start", 0 0;
v0x5f0595f06500_0 .var "summary_file", 1023 0;
v0x5f0595f065e0 .array "vec_mem", 15 0, 95 0;
v0x5f0595f066a0_0 .var/i "vector_count", 31 0;
v0x5f0595f06780_0 .var "vectors_file", 1023 0;
E_0x5f0595e84a80 .event posedge, v0x5f0595efc0e0_0;
E_0x5f0595e84020 .event anyedge, v0x5f0595efc180_0;
L_0x5f0595f18810 .part v0x5f0595f066a0_0, 0, 6;
S_0x5f0595e7fef0 .scope module, "dut" "pmo_ga_family" 3 31, 4 1 0, S_0x5f0595ecd250;
 .timescale 0 0;
    .port_info 0 /INPUT 1 "clk";
    .port_info 1 /INPUT 1 "rst_n";
    .port_info 2 /INPUT 1 "start_i";
    .port_info 3 /INPUT 6 "pop_size_i";
    .port_info 4 /INPUT 1 "batch_done_i";
    .port_info 5 /INPUT 1 "cand_valid_i";
    .port_info 6 /INPUT 16 "cand_id_i";
    .port_info 7 /INPUT 32 "cand_latency_i";
    .port_info 8 /INPUT 16 "cand_fidelity_i";
    .port_info 9 /INPUT 16 "cand_util_i";
    .port_info 10 /INPUT 16 "cand_gene_i";
    .port_info 11 /INPUT 1 "rand_tiebreak_i";
    .port_info 12 /OUTPUT 1 "req_valid_o";
    .port_info 13 /OUTPUT 6 "req_index_o";
    .port_info 14 /OUTPUT 1 "issue_done_o";
    .port_info 15 /OUTPUT 1 "result_valid_o";
    .port_info 16 /OUTPUT 16 "result_id_o";
    .port_info 17 /OUTPUT 32 "result_latency_o";
    .port_info 18 /OUTPUT 16 "result_fidelity_o";
    .port_info 19 /OUTPUT 16 "result_util_o";
    .port_info 20 /OUTPUT 16 "child_gene_o";
    .port_info 21 /OUTPUT 16 "mutated_gene_o";
P_0x5f0595e75710 .param/l "INDEX_W" 0 4 2, +C4<00000000000000000000000000000110>;
L_0x757f5c086060 .functor BUFT 1, C4<10>, C4<0>, C4<0>, C4<0>;
v0x5f0595f022a0_0 .net/2u *"_ivl_2", 1 0, L_0x757f5c086060;  1 drivers
L_0x757f5c0860f0 .functor BUFT 1, C4<10>, C4<0>, C4<0>, C4<0>;
v0x5f0595f023a0_0 .net/2u *"_ivl_8", 1 0, L_0x757f5c0860f0;  1 drivers
v0x5f0595f02480_0 .net "batch_done_i", 0 0, v0x5f0595f044d0_0;  1 drivers
v0x5f0595f02550_0 .net "cand_fidelity_i", 15 0, v0x5f0595f045e0_0;  1 drivers
v0x5f0595f02620_0 .net "cand_gene_i", 15 0, v0x5f0595f046f0_0;  1 drivers
v0x5f0595f02710_0 .net "cand_id_i", 15 0, v0x5f0595f047e0_0;  1 drivers
v0x5f0595f027e0_0 .net "cand_latency_i", 31 0, v0x5f0595f048f0_0;  1 drivers
v0x5f0595f028b0_0 .net "cand_util_i", 15 0, v0x5f0595f04a50_0;  1 drivers
v0x5f0595f02980_0 .net "cand_valid_i", 0 0, v0x5f0595f04b60_0;  1 drivers
v0x5f0595f02ae0_0 .net "child_gene_o", 15 0, L_0x5f0595f082e0;  alias, 1 drivers
v0x5f0595f02b80_0 .net "clear_elite", 0 0, v0x5f0595efc020_0;  1 drivers
v0x5f0595f02c70_0 .net "clk", 0 0, v0x5f0595f04d10_0;  1 drivers
v0x5f0595f02da0_0 .net "fit_fidelity", 15 0, v0x5f0595f00950_0;  1 drivers
v0x5f0595f02ed0_0 .net "fit_gene", 15 0, v0x5f0595f00a10_0;  1 drivers
v0x5f0595f02f70_0 .net "fit_id", 15 0, v0x5f0595f00af0_0;  1 drivers
v0x5f0595f03010_0 .net "fit_latency", 31 0, v0x5f0595f00bb0_0;  1 drivers
v0x5f0595f03160_0 .net "fit_util", 15 0, v0x5f0595f00c70_0;  1 drivers
v0x5f0595f03330_0 .net "fit_valid", 0 0, v0x5f0595f00d30_0;  1 drivers
v0x5f0595f033d0_0 .net "issue_done_o", 0 0, v0x5f0595f015b0_0;  alias, 1 drivers
v0x5f0595f03470_0 .net "mutated_gene_o", 15 0, L_0x5f0595f08530;  alias, 1 drivers
v0x5f0595f03510_0 .var "parent_a_gene_r", 15 0;
v0x5f0595f035e0_0 .var "parent_b_gene_r", 15 0;
v0x5f0595f036b0_0 .var "parent_count_r", 1 0;
v0x5f0595f03770_0 .net "pop_size_i", 5 0, L_0x5f0595f18810;  1 drivers
v0x5f0595f03860_0 .net "rand_tiebreak_i", 0 0, v0x5f0595f05970_0;  1 drivers
v0x5f0595f03900_0 .net "req_index_o", 5 0, v0x5f0595f01820_0;  alias, 1 drivers
v0x5f0595f039a0_0 .net "req_valid_o", 0 0, v0x5f0595f01900_0;  alias, 1 drivers
v0x5f0595f03a70_0 .net "result_fidelity_o", 15 0, v0x5f0595eff110_0;  alias, 1 drivers
v0x5f0595f03b10_0 .net "result_id_o", 15 0, v0x5f0595eff1f0_0;  alias, 1 drivers
v0x5f0595f03bb0_0 .net "result_latency_o", 31 0, v0x5f0595eff2b0_0;  alias, 1 drivers
v0x5f0595f03c70_0 .net "result_util_o", 15 0, v0x5f0595eff3d0_0;  alias, 1 drivers
v0x5f0595f03d30_0 .net "result_valid_o", 0 0, v0x5f0595efc180_0;  alias, 1 drivers
v0x5f0595f03dd0_0 .net "rst_n", 0 0, v0x5f0595f061b0_0;  1 drivers
v0x5f0595f03f00_0 .net "start_i", 0 0, v0x5f0595f06250_0;  1 drivers
L_0x5f0595f08380 .cmp/eq 2, v0x5f0595f036b0_0, L_0x757f5c086060;
L_0x5f0595f18680 .cmp/eq 2, v0x5f0595f036b0_0, L_0x757f5c0860f0;
S_0x5f0595e6a720 .scope module, "u_cross" "ga_crossover" 4 79, 5 1 0, S_0x5f0595e7fef0;
 .timescale 0 0;
    .port_info 0 /INPUT 16 "parent_a_gene_i";
    .port_info 1 /INPUT 16 "parent_b_gene_i";
    .port_info 2 /INPUT 1 "enable_i";
    .port_info 3 /OUTPUT 16 "child_gene_o";
v0x5f0595ec6ec0_0 .net *"_ivl_1", 7 0, L_0x5f0595f08010;  1 drivers
v0x5f0595eb4a70_0 .net *"_ivl_3", 7 0, L_0x5f0595f080b0;  1 drivers
v0x5f0595eb4b70_0 .net *"_ivl_4", 15 0, L_0x5f0595f081a0;  1 drivers
v0x5f0595eb7580_0 .net "child_gene_o", 15 0, L_0x5f0595f082e0;  alias, 1 drivers
v0x5f0595eb7680_0 .net "enable_i", 0 0, L_0x5f0595f08380;  1 drivers
v0x5f0595ec34b0_0 .net "parent_a_gene_i", 15 0, v0x5f0595f03510_0;  1 drivers
v0x5f0595ec3550_0 .net "parent_b_gene_i", 15 0, v0x5f0595f035e0_0;  1 drivers
L_0x5f0595f08010 .part v0x5f0595f03510_0, 8, 8;
L_0x5f0595f080b0 .part v0x5f0595f035e0_0, 0, 8;
L_0x5f0595f081a0 .concat [ 8 8 0 0], L_0x5f0595f080b0, L_0x5f0595f08010;
L_0x5f0595f082e0 .functor MUXZ 16, v0x5f0595f03510_0, L_0x5f0595f081a0, L_0x5f0595f08380, C4<>;
S_0x5f0595efbc80 .scope module, "u_ctrl" "ga_controller" 4 40, 6 1 0, S_0x5f0595e7fef0;
 .timescale 0 0;
    .port_info 0 /INPUT 1 "clk";
    .port_info 1 /INPUT 1 "rst_n";
    .port_info 2 /INPUT 1 "start_i";
    .port_info 3 /INPUT 1 "batch_done_i";
    .port_info 4 /OUTPUT 1 "clear_elite_o";
    .port_info 5 /OUTPUT 1 "result_valid_o";
v0x5f0595efbf40_0 .net "batch_done_i", 0 0, v0x5f0595f044d0_0;  alias, 1 drivers
v0x5f0595efc020_0 .var "clear_elite_o", 0 0;
v0x5f0595efc0e0_0 .net "clk", 0 0, v0x5f0595f04d10_0;  alias, 1 drivers
v0x5f0595efc180_0 .var "result_valid_o", 0 0;
v0x5f0595efc240_0 .net "rst_n", 0 0, v0x5f0595f061b0_0;  alias, 1 drivers
v0x5f0595efc350_0 .var "running_r", 0 0;
v0x5f0595efc410_0 .net "start_i", 0 0, v0x5f0595f06250_0;  alias, 1 drivers
E_0x5f0595e457c0/0 .event negedge, v0x5f0595efc240_0;
E_0x5f0595e457c0/1 .event posedge, v0x5f0595efc0e0_0;
E_0x5f0595e457c0 .event/or E_0x5f0595e457c0/0, E_0x5f0595e457c0/1;
S_0x5f0595efc590 .scope module, "u_elite" "ga_elitism" 4 52, 7 1 0, S_0x5f0595e7fef0;
 .timescale 0 0;
    .port_info 0 /INPUT 1 "clk";
    .port_info 1 /INPUT 1 "rst_n";
    .port_info 2 /INPUT 1 "clear_i";
    .port_info 3 /INPUT 1 "cand_valid_i";
    .port_info 4 /INPUT 16 "cand_id_i";
    .port_info 5 /INPUT 32 "cand_latency_i";
    .port_info 6 /INPUT 16 "cand_fidelity_i";
    .port_info 7 /INPUT 16 "cand_util_i";
    .port_info 8 /INPUT 1 "rand_tiebreak_i";
    .port_info 9 /OUTPUT 1 "best_valid_o";
    .port_info 10 /OUTPUT 16 "best_id_o";
    .port_info 11 /OUTPUT 32 "best_latency_o";
    .port_info 12 /OUTPUT 16 "best_fidelity_o";
    .port_info 13 /OUTPUT 16 "best_util_o";
v0x5f0595eff110_0 .var "best_fidelity_o", 15 0;
v0x5f0595eff1f0_0 .var "best_id_o", 15 0;
v0x5f0595eff2b0_0 .var "best_latency_o", 31 0;
v0x5f0595eff3d0_0 .var "best_util_o", 15 0;
v0x5f0595eff4c0_0 .var "best_valid_o", 0 0;
v0x5f0595eff5d0_0 .net "cand_fidelity_i", 15 0, v0x5f0595f00950_0;  alias, 1 drivers
v0x5f0595eff6e0_0 .net "cand_id_i", 15 0, v0x5f0595f00af0_0;  alias, 1 drivers
v0x5f0595eff7a0_0 .net "cand_latency_i", 31 0, v0x5f0595f00bb0_0;  alias, 1 drivers
v0x5f0595eff890_0 .net "cand_util_i", 15 0, v0x5f0595f00c70_0;  alias, 1 drivers
v0x5f0595eff950_0 .net "cand_valid_i", 0 0, v0x5f0595f00d30_0;  alias, 1 drivers
v0x5f0595effa10_0 .net "clear_i", 0 0, v0x5f0595efc020_0;  alias, 1 drivers
v0x5f0595effab0_0 .net "clk", 0 0, v0x5f0595f04d10_0;  alias, 1 drivers
v0x5f0595effb50_0 .net "rand_tiebreak_i", 0 0, v0x5f0595f05970_0;  alias, 1 drivers
v0x5f0595effbf0_0 .net "rst_n", 0 0, v0x5f0595f061b0_0;  alias, 1 drivers
v0x5f0595effc90_0 .net "winner_fidelity", 15 0, v0x5f0595efebf0_0;  1 drivers
v0x5f0595effd30_0 .net "winner_id", 15 0, v0x5f0595efecd0_0;  1 drivers
v0x5f0595effe00_0 .net "winner_latency", 31 0, v0x5f0595efedb0_0;  1 drivers
v0x5f0595effed0_0 .net "winner_util", 15 0, v0x5f0595efee90_0;  1 drivers
S_0x5f0595efc770 .scope module, "u_select" "ga_select" 7 22, 8 1 0, S_0x5f0595efc590;
 .timescale 0 0;
    .port_info 0 /INPUT 16 "cand_a_id_i";
    .port_info 1 /INPUT 32 "cand_a_latency_i";
    .port_info 2 /INPUT 16 "cand_a_fidelity_i";
    .port_info 3 /INPUT 16 "cand_a_util_i";
    .port_info 4 /INPUT 16 "cand_b_id_i";
    .port_info 5 /INPUT 32 "cand_b_latency_i";
    .port_info 6 /INPUT 16 "cand_b_fidelity_i";
    .port_info 7 /INPUT 16 "cand_b_util_i";
    .port_info 8 /INPUT 1 "rand_tiebreak_i";
    .port_info 9 /OUTPUT 16 "winner_id_o";
    .port_info 10 /OUTPUT 32 "winner_latency_o";
    .port_info 11 /OUTPUT 16 "winner_fidelity_o";
    .port_info 12 /OUTPUT 16 "winner_util_o";
v0x5f0595efe360_0 .net "a_dom", 0 0, L_0x5f0595f07cf0;  1 drivers
v0x5f0595efe420_0 .net "b_dom", 0 0, L_0x5f0595f07e50;  1 drivers
v0x5f0595efe4f0_0 .net "cand_a_fidelity_i", 15 0, v0x5f0595eff110_0;  alias, 1 drivers
v0x5f0595efe5f0_0 .net "cand_a_id_i", 15 0, v0x5f0595eff1f0_0;  alias, 1 drivers
v0x5f0595efe690_0 .net "cand_a_latency_i", 31 0, v0x5f0595eff2b0_0;  alias, 1 drivers
v0x5f0595efe730_0 .net "cand_a_util_i", 15 0, v0x5f0595eff3d0_0;  alias, 1 drivers
v0x5f0595efe800_0 .net "cand_b_fidelity_i", 15 0, v0x5f0595f00950_0;  alias, 1 drivers
v0x5f0595efe8d0_0 .net "cand_b_id_i", 15 0, v0x5f0595f00af0_0;  alias, 1 drivers
v0x5f0595efe990_0 .net "cand_b_latency_i", 31 0, v0x5f0595f00bb0_0;  alias, 1 drivers
v0x5f0595efea80_0 .net "cand_b_util_i", 15 0, v0x5f0595f00c70_0;  alias, 1 drivers
v0x5f0595efeb50_0 .net "rand_tiebreak_i", 0 0, v0x5f0595f05970_0;  alias, 1 drivers
v0x5f0595efebf0_0 .var "winner_fidelity_o", 15 0;
v0x5f0595efecd0_0 .var "winner_id_o", 15 0;
v0x5f0595efedb0_0 .var "winner_latency_o", 31 0;
v0x5f0595efee90_0 .var "winner_util_o", 15 0;
E_0x5f0595e84860/0 .event anyedge, v0x5f0595efd8a0_0, v0x5f0595efe5f0_0, v0x5f0595efdee0_0, v0x5f0595efdd20_0;
E_0x5f0595e84860/1 .event anyedge, v0x5f0595efe0a0_0, v0x5f0595efdae0_0, v0x5f0595efe8d0_0, v0x5f0595efdfc0_0;
E_0x5f0595e84860/2 .event anyedge, v0x5f0595efde00_0, v0x5f0595efe180_0, v0x5f0595efeb50_0;
E_0x5f0595e84860 .event/or E_0x5f0595e84860/0, E_0x5f0595e84860/1, E_0x5f0595e84860/2;
S_0x5f0595efc9d0 .scope module, "u_cmp" "ga_pareto_cmp" 8 18, 9 1 0, S_0x5f0595efc770;
 .timescale 0 0;
    .port_info 0 /INPUT 32 "latency_a_i";
    .port_info 1 /INPUT 16 "fidelity_a_i";
    .port_info 2 /INPUT 16 "util_a_i";
    .port_info 3 /INPUT 32 "latency_b_i";
    .port_info 4 /INPUT 16 "fidelity_b_i";
    .port_info 5 /INPUT 16 "util_b_i";
    .port_info 6 /OUTPUT 1 "a_dominates_o";
    .port_info 7 /OUTPUT 1 "b_dominates_o";
L_0x5f0595eb4910 .functor AND 1, L_0x5f0595f06860, L_0x5f0595f06900, C4<1>, C4<1>;
L_0x5f0595eb7460 .functor AND 1, L_0x5f0595eb4910, L_0x5f0595f069a0, C4<1>, C4<1>;
L_0x5f0595eb7cf0 .functor AND 1, L_0x5f0595f06ae0, L_0x5f0595f06b80, C4<1>, C4<1>;
L_0x5f0595e62240 .functor AND 1, L_0x5f0595eb7cf0, L_0x5f0595f06cc0, C4<1>, C4<1>;
L_0x5f0595f06fd0 .functor OR 1, L_0x5f0595f06e40, L_0x5f0595f06ee0, C4<0>, C4<0>;
L_0x5f0595f07180 .functor OR 1, L_0x5f0595f06fd0, L_0x5f0595f070e0, C4<0>, C4<0>;
L_0x5f0595f077a0 .functor OR 1, L_0x5f0595f072d0, L_0x5f0595f074e0, C4<0>, C4<0>;
L_0x5f0595f07b90 .functor OR 1, L_0x5f0595f077a0, L_0x5f0595f07860, C4<0>, C4<0>;
L_0x5f0595f07cf0 .functor AND 1, L_0x5f0595eb7460, L_0x5f0595f07180, C4<1>, C4<1>;
L_0x5f0595f07e50 .functor AND 1, L_0x5f0595e62240, L_0x5f0595f07b90, C4<1>, C4<1>;
v0x5f0595efcc20_0 .net *"_ivl_0", 0 0, L_0x5f0595f06860;  1 drivers
v0x5f0595efcd00_0 .net *"_ivl_10", 0 0, L_0x5f0595f06ae0;  1 drivers
v0x5f0595efcdc0_0 .net *"_ivl_12", 0 0, L_0x5f0595f06b80;  1 drivers
v0x5f0595efce90_0 .net *"_ivl_15", 0 0, L_0x5f0595eb7cf0;  1 drivers
v0x5f0595efcf50_0 .net *"_ivl_16", 0 0, L_0x5f0595f06cc0;  1 drivers
v0x5f0595efd060_0 .net *"_ivl_2", 0 0, L_0x5f0595f06900;  1 drivers
v0x5f0595efd120_0 .net *"_ivl_20", 0 0, L_0x5f0595f06e40;  1 drivers
v0x5f0595efd1e0_0 .net *"_ivl_22", 0 0, L_0x5f0595f06ee0;  1 drivers
v0x5f0595efd2a0_0 .net *"_ivl_25", 0 0, L_0x5f0595f06fd0;  1 drivers
v0x5f0595efd360_0 .net *"_ivl_26", 0 0, L_0x5f0595f070e0;  1 drivers
v0x5f0595efd420_0 .net *"_ivl_30", 0 0, L_0x5f0595f072d0;  1 drivers
v0x5f0595efd4e0_0 .net *"_ivl_32", 0 0, L_0x5f0595f074e0;  1 drivers
v0x5f0595efd5a0_0 .net *"_ivl_35", 0 0, L_0x5f0595f077a0;  1 drivers
v0x5f0595efd660_0 .net *"_ivl_36", 0 0, L_0x5f0595f07860;  1 drivers
v0x5f0595efd720_0 .net *"_ivl_5", 0 0, L_0x5f0595eb4910;  1 drivers
v0x5f0595efd7e0_0 .net *"_ivl_6", 0 0, L_0x5f0595f069a0;  1 drivers
v0x5f0595efd8a0_0 .net "a_dominates_o", 0 0, L_0x5f0595f07cf0;  alias, 1 drivers
v0x5f0595efd960_0 .net "a_no_worse", 0 0, L_0x5f0595eb7460;  1 drivers
v0x5f0595efda20_0 .net "a_strict", 0 0, L_0x5f0595f07180;  1 drivers
v0x5f0595efdae0_0 .net "b_dominates_o", 0 0, L_0x5f0595f07e50;  alias, 1 drivers
v0x5f0595efdba0_0 .net "b_no_worse", 0 0, L_0x5f0595e62240;  1 drivers
v0x5f0595efdc60_0 .net "b_strict", 0 0, L_0x5f0595f07b90;  1 drivers
v0x5f0595efdd20_0 .net "fidelity_a_i", 15 0, v0x5f0595eff110_0;  alias, 1 drivers
v0x5f0595efde00_0 .net "fidelity_b_i", 15 0, v0x5f0595f00950_0;  alias, 1 drivers
v0x5f0595efdee0_0 .net "latency_a_i", 31 0, v0x5f0595eff2b0_0;  alias, 1 drivers
v0x5f0595efdfc0_0 .net "latency_b_i", 31 0, v0x5f0595f00bb0_0;  alias, 1 drivers
v0x5f0595efe0a0_0 .net "util_a_i", 15 0, v0x5f0595eff3d0_0;  alias, 1 drivers
v0x5f0595efe180_0 .net "util_b_i", 15 0, v0x5f0595f00c70_0;  alias, 1 drivers
L_0x5f0595f06860 .cmp/ge 32, v0x5f0595f00bb0_0, v0x5f0595eff2b0_0;
L_0x5f0595f06900 .cmp/ge 16, v0x5f0595eff110_0, v0x5f0595f00950_0;
L_0x5f0595f069a0 .cmp/ge 16, v0x5f0595f00c70_0, v0x5f0595eff3d0_0;
L_0x5f0595f06ae0 .cmp/ge 32, v0x5f0595eff2b0_0, v0x5f0595f00bb0_0;
L_0x5f0595f06b80 .cmp/ge 16, v0x5f0595f00950_0, v0x5f0595eff110_0;
L_0x5f0595f06cc0 .cmp/ge 16, v0x5f0595eff3d0_0, v0x5f0595f00c70_0;
L_0x5f0595f06e40 .cmp/gt 32, v0x5f0595f00bb0_0, v0x5f0595eff2b0_0;
L_0x5f0595f06ee0 .cmp/gt 16, v0x5f0595eff110_0, v0x5f0595f00950_0;
L_0x5f0595f070e0 .cmp/gt 16, v0x5f0595f00c70_0, v0x5f0595eff3d0_0;
L_0x5f0595f072d0 .cmp/gt 32, v0x5f0595eff2b0_0, v0x5f0595f00bb0_0;
L_0x5f0595f074e0 .cmp/gt 16, v0x5f0595f00950_0, v0x5f0595eff110_0;
L_0x5f0595f07860 .cmp/gt 16, v0x5f0595eff3d0_0, v0x5f0595f00c70_0;
S_0x5f0595f000e0 .scope module, "u_fit" "ga_fitness" 4 45, 10 1 0, S_0x5f0595e7fef0;
 .timescale 0 0;
    .port_info 0 /INPUT 1 "clk";
    .port_info 1 /INPUT 1 "rst_n";
    .port_info 2 /INPUT 1 "cand_valid_i";
    .port_info 3 /INPUT 16 "cand_id_i";
    .port_info 4 /INPUT 32 "cand_latency_i";
    .port_info 5 /INPUT 16 "cand_fidelity_i";
    .port_info 6 /INPUT 16 "cand_util_i";
    .port_info 7 /INPUT 16 "cand_gene_i";
    .port_info 8 /OUTPUT 1 "fit_valid_o";
    .port_info 9 /OUTPUT 16 "fit_id_o";
    .port_info 10 /OUTPUT 32 "fit_latency_o";
    .port_info 11 /OUTPUT 16 "fit_fidelity_o";
    .port_info 12 /OUTPUT 16 "fit_util_o";
    .port_info 13 /OUTPUT 16 "fit_gene_o";
v0x5f0595f002c0_0 .net "cand_fidelity_i", 15 0, v0x5f0595f045e0_0;  alias, 1 drivers
v0x5f0595f003c0_0 .net "cand_gene_i", 15 0, v0x5f0595f046f0_0;  alias, 1 drivers
v0x5f0595f004a0_0 .net "cand_id_i", 15 0, v0x5f0595f047e0_0;  alias, 1 drivers
v0x5f0595f00590_0 .net "cand_latency_i", 31 0, v0x5f0595f048f0_0;  alias, 1 drivers
v0x5f0595f00670_0 .net "cand_util_i", 15 0, v0x5f0595f04a50_0;  alias, 1 drivers
v0x5f0595f007a0_0 .net "cand_valid_i", 0 0, v0x5f0595f04b60_0;  alias, 1 drivers
v0x5f0595f00860_0 .net "clk", 0 0, v0x5f0595f04d10_0;  alias, 1 drivers
v0x5f0595f00950_0 .var "fit_fidelity_o", 15 0;
v0x5f0595f00a10_0 .var "fit_gene_o", 15 0;
v0x5f0595f00af0_0 .var "fit_id_o", 15 0;
v0x5f0595f00bb0_0 .var "fit_latency_o", 31 0;
v0x5f0595f00c70_0 .var "fit_util_o", 15 0;
v0x5f0595f00d30_0 .var "fit_valid_o", 0 0;
v0x5f0595f00dd0_0 .net "rst_n", 0 0, v0x5f0595f061b0_0;  alias, 1 drivers
S_0x5f0595f01060 .scope module, "u_init" "ga_init" 4 35, 11 1 0, S_0x5f0595e7fef0;
 .timescale 0 0;
    .port_info 0 /INPUT 1 "clk";
    .port_info 1 /INPUT 1 "rst_n";
    .port_info 2 /INPUT 1 "start_i";
    .port_info 3 /INPUT 1 "ready_i";
    .port_info 4 /INPUT 6 "pop_size_i";
    .port_info 5 /OUTPUT 1 "req_valid_o";
    .port_info 6 /OUTPUT 6 "req_index_o";
    .port_info 7 /OUTPUT 1 "issue_done_o";
P_0x5f0595ebb6f0 .param/l "INDEX_W" 0 11 3, +C4<00000000000000000000000000000110>;
P_0x5f0595ebb730 .param/l "POP_MAX" 0 11 2, +C4<00000000000000000000000001000000>;
v0x5f0595f01410_0 .var "active_r", 0 0;
v0x5f0595f014f0_0 .net "clk", 0 0, v0x5f0595f04d10_0;  alias, 1 drivers
v0x5f0595f015b0_0 .var "issue_done_o", 0 0;
v0x5f0595f01650_0 .net "pop_size_i", 5 0, L_0x5f0595f18810;  alias, 1 drivers
L_0x757f5c086018 .functor BUFT 1, C4<1>, C4<0>, C4<0>, C4<0>;
v0x5f0595f01710_0 .net "ready_i", 0 0, L_0x757f5c086018;  1 drivers
v0x5f0595f01820_0 .var "req_index_o", 5 0;
v0x5f0595f01900_0 .var "req_valid_o", 0 0;
v0x5f0595f019c0_0 .net "rst_n", 0 0, v0x5f0595f061b0_0;  alias, 1 drivers
v0x5f0595f01a60_0 .net "start_i", 0 0, v0x5f0595f06250_0;  alias, 1 drivers
S_0x5f0595f01be0 .scope module, "u_mut" "ga_mutate" 4 86, 12 1 0, S_0x5f0595e7fef0;
 .timescale 0 0;
    .port_info 0 /INPUT 16 "gene_i";
    .port_info 1 /INPUT 16 "mutate_mask_i";
    .port_info 2 /INPUT 1 "enable_i";
    .port_info 3 /OUTPUT 16 "gene_o";
L_0x757f5c0860a8 .functor BUFT 1, C4<0000000000000100>, C4<0>, C4<0>, C4<0>;
L_0x5f0595f084c0 .functor XOR 16, L_0x5f0595f082e0, L_0x757f5c0860a8, C4<0000000000000000>, C4<0000000000000000>;
v0x5f0595f01d70_0 .net *"_ivl_0", 15 0, L_0x5f0595f084c0;  1 drivers
v0x5f0595f01e70_0 .net "enable_i", 0 0, L_0x5f0595f18680;  1 drivers
v0x5f0595f01f30_0 .net "gene_i", 15 0, L_0x5f0595f082e0;  alias, 1 drivers
v0x5f0595f02030_0 .net "gene_o", 15 0, L_0x5f0595f08530;  alias, 1 drivers
v0x5f0595f020f0_0 .net "mutate_mask_i", 15 0, L_0x757f5c0860a8;  1 drivers
L_0x5f0595f08530 .functor MUXZ 16, L_0x5f0595f082e0, L_0x5f0595f084c0, L_0x5f0595f18680, C4<>;
S_0x5f0595f04240 .scope begin, "summary_block" "summary_block" 3 110, 3 110 0, S_0x5f0595ecd250;
 .timescale -9 -12;
v0x5f0595f043f0_0 .var/i "sf", 31 0;
    .scope S_0x5f0595f01060;
T_0 ;
    %wait E_0x5f0595e457c0;
    %load/vec4 v0x5f0595f019c0_0;
    %nor/r;
    %flag_set/vec4 8;
    %jmp/0xz  T_0.0, 8;
    %pushi/vec4 0, 0, 1;
    %assign/vec4 v0x5f0595f01410_0, 0;
    %pushi/vec4 0, 0, 1;
    %assign/vec4 v0x5f0595f01900_0, 0;
    %pushi/vec4 0, 0, 6;
    %assign/vec4 v0x5f0595f01820_0, 0;
    %pushi/vec4 0, 0, 1;
    %assign/vec4 v0x5f0595f015b0_0, 0;
    %jmp T_0.1;
T_0.0 ;
    %pushi/vec4 0, 0, 1;
    %assign/vec4 v0x5f0595f015b0_0, 0;
    %load/vec4 v0x5f0595f01a60_0;
    %flag_set/vec4 8;
    %jmp/0xz  T_0.2, 8;
    %pushi/vec4 1, 0, 1;
    %assign/vec4 v0x5f0595f01410_0, 0;
    %load/vec4 v0x5f0595f01650_0;
    %pushi/vec4 0, 0, 6;
    %cmp/ne;
    %flag_get/vec4 4;
    %assign/vec4 v0x5f0595f01900_0, 0;
    %pushi/vec4 0, 0, 6;
    %assign/vec4 v0x5f0595f01820_0, 0;
    %jmp T_0.3;
T_0.2 ;
    %load/vec4 v0x5f0595f01410_0;
    %flag_set/vec4 9;
    %flag_get/vec4 9;
    %jmp/0 T_0.6, 9;
    %load/vec4 v0x5f0595f01710_0;
    %and;
T_0.6;
    %flag_set/vec4 8;
    %jmp/0xz  T_0.4, 8;
    %load/vec4 v0x5f0595f01650_0;
    %load/vec4 v0x5f0595f01820_0;
    %addi 1, 0, 6;
    %cmp/u;
    %flag_or 5, 4;
    %jmp/0xz  T_0.7, 5;
    %pushi/vec4 0, 0, 1;
    %assign/vec4 v0x5f0595f01410_0, 0;
    %pushi/vec4 0, 0, 1;
    %assign/vec4 v0x5f0595f01900_0, 0;
    %pushi/vec4 1, 0, 1;
    %assign/vec4 v0x5f0595f015b0_0, 0;
    %jmp T_0.8;
T_0.7 ;
    %pushi/vec4 1, 0, 1;
    %assign/vec4 v0x5f0595f01900_0, 0;
    %load/vec4 v0x5f0595f01820_0;
    %addi 1, 0, 6;
    %assign/vec4 v0x5f0595f01820_0, 0;
T_0.8 ;
    %jmp T_0.5;
T_0.4 ;
    %pushi/vec4 0, 0, 1;
    %assign/vec4 v0x5f0595f01900_0, 0;
T_0.5 ;
T_0.3 ;
T_0.1 ;
    %jmp T_0;
    .thread T_0;
    .scope S_0x5f0595efbc80;
T_1 ;
    %wait E_0x5f0595e457c0;
    %load/vec4 v0x5f0595efc240_0;
    %nor/r;
    %flag_set/vec4 8;
    %jmp/0xz  T_1.0, 8;
    %pushi/vec4 0, 0, 1;
    %assign/vec4 v0x5f0595efc350_0, 0;
    %pushi/vec4 0, 0, 1;
    %assign/vec4 v0x5f0595efc020_0, 0;
    %pushi/vec4 0, 0, 1;
    %assign/vec4 v0x5f0595efc180_0, 0;
    %jmp T_1.1;
T_1.0 ;
    %pushi/vec4 0, 0, 1;
    %assign/vec4 v0x5f0595efc020_0, 0;
    %pushi/vec4 0, 0, 1;
    %assign/vec4 v0x5f0595efc180_0, 0;
    %load/vec4 v0x5f0595efc410_0;
    %flag_set/vec4 8;
    %jmp/0xz  T_1.2, 8;
    %pushi/vec4 1, 0, 1;
    %assign/vec4 v0x5f0595efc350_0, 0;
    %pushi/vec4 1, 0, 1;
    %assign/vec4 v0x5f0595efc020_0, 0;
    %jmp T_1.3;
T_1.2 ;
    %load/vec4 v0x5f0595efc350_0;
    %flag_set/vec4 9;
    %flag_get/vec4 9;
    %jmp/0 T_1.6, 9;
    %load/vec4 v0x5f0595efbf40_0;
    %and;
T_1.6;
    %flag_set/vec4 8;
    %jmp/0xz  T_1.4, 8;
    %pushi/vec4 0, 0, 1;
    %assign/vec4 v0x5f0595efc350_0, 0;
    %pushi/vec4 1, 0, 1;
    %assign/vec4 v0x5f0595efc180_0, 0;
T_1.4 ;
T_1.3 ;
T_1.1 ;
    %jmp T_1;
    .thread T_1;
    .scope S_0x5f0595f000e0;
T_2 ;
    %wait E_0x5f0595e457c0;
    %load/vec4 v0x5f0595f00dd0_0;
    %nor/r;
    %flag_set/vec4 8;
    %jmp/0xz  T_2.0, 8;
    %pushi/vec4 0, 0, 1;
    %assign/vec4 v0x5f0595f00d30_0, 0;
    %pushi/vec4 0, 0, 16;
    %assign/vec4 v0x5f0595f00af0_0, 0;
    %pushi/vec4 0, 0, 32;
    %assign/vec4 v0x5f0595f00bb0_0, 0;
    %pushi/vec4 0, 0, 16;
    %assign/vec4 v0x5f0595f00950_0, 0;
    %pushi/vec4 0, 0, 16;
    %assign/vec4 v0x5f0595f00c70_0, 0;
    %pushi/vec4 0, 0, 16;
    %assign/vec4 v0x5f0595f00a10_0, 0;
    %jmp T_2.1;
T_2.0 ;
    %load/vec4 v0x5f0595f007a0_0;
    %assign/vec4 v0x5f0595f00d30_0, 0;
    %load/vec4 v0x5f0595f004a0_0;
    %assign/vec4 v0x5f0595f00af0_0, 0;
    %load/vec4 v0x5f0595f00590_0;
    %assign/vec4 v0x5f0595f00bb0_0, 0;
    %load/vec4 v0x5f0595f002c0_0;
    %assign/vec4 v0x5f0595f00950_0, 0;
    %load/vec4 v0x5f0595f00670_0;
    %assign/vec4 v0x5f0595f00c70_0, 0;
    %load/vec4 v0x5f0595f003c0_0;
    %assign/vec4 v0x5f0595f00a10_0, 0;
T_2.1 ;
    %jmp T_2;
    .thread T_2;
    .scope S_0x5f0595efc770;
T_3 ;
    %wait E_0x5f0595e84860;
    %load/vec4 v0x5f0595efe360_0;
    %flag_set/vec4 8;
    %jmp/0xz  T_3.0, 8;
    %load/vec4 v0x5f0595efe5f0_0;
    %store/vec4 v0x5f0595efecd0_0, 0, 16;
    %load/vec4 v0x5f0595efe690_0;
    %store/vec4 v0x5f0595efedb0_0, 0, 32;
    %load/vec4 v0x5f0595efe4f0_0;
    %store/vec4 v0x5f0595efebf0_0, 0, 16;
    %load/vec4 v0x5f0595efe730_0;
    %store/vec4 v0x5f0595efee90_0, 0, 16;
    %jmp T_3.1;
T_3.0 ;
    %load/vec4 v0x5f0595efe420_0;
    %flag_set/vec4 8;
    %jmp/0xz  T_3.2, 8;
    %load/vec4 v0x5f0595efe8d0_0;
    %store/vec4 v0x5f0595efecd0_0, 0, 16;
    %load/vec4 v0x5f0595efe990_0;
    %store/vec4 v0x5f0595efedb0_0, 0, 32;
    %load/vec4 v0x5f0595efe800_0;
    %store/vec4 v0x5f0595efebf0_0, 0, 16;
    %load/vec4 v0x5f0595efea80_0;
    %store/vec4 v0x5f0595efee90_0, 0, 16;
    %jmp T_3.3;
T_3.2 ;
    %load/vec4 v0x5f0595efe690_0;
    %load/vec4 v0x5f0595efe990_0;
    %cmp/u;
    %jmp/0xz  T_3.4, 5;
    %load/vec4 v0x5f0595efe5f0_0;
    %store/vec4 v0x5f0595efecd0_0, 0, 16;
    %load/vec4 v0x5f0595efe690_0;
    %store/vec4 v0x5f0595efedb0_0, 0, 32;
    %load/vec4 v0x5f0595efe4f0_0;
    %store/vec4 v0x5f0595efebf0_0, 0, 16;
    %load/vec4 v0x5f0595efe730_0;
    %store/vec4 v0x5f0595efee90_0, 0, 16;
    %jmp T_3.5;
T_3.4 ;
    %load/vec4 v0x5f0595efe990_0;
    %load/vec4 v0x5f0595efe690_0;
    %cmp/u;
    %jmp/0xz  T_3.6, 5;
    %load/vec4 v0x5f0595efe8d0_0;
    %store/vec4 v0x5f0595efecd0_0, 0, 16;
    %load/vec4 v0x5f0595efe990_0;
    %store/vec4 v0x5f0595efedb0_0, 0, 32;
    %load/vec4 v0x5f0595efe800_0;
    %store/vec4 v0x5f0595efebf0_0, 0, 16;
    %load/vec4 v0x5f0595efea80_0;
    %store/vec4 v0x5f0595efee90_0, 0, 16;
    %jmp T_3.7;
T_3.6 ;
    %load/vec4 v0x5f0595efe800_0;
    %load/vec4 v0x5f0595efe4f0_0;
    %cmp/u;
    %jmp/0xz  T_3.8, 5;
    %load/vec4 v0x5f0595efe5f0_0;
    %store/vec4 v0x5f0595efecd0_0, 0, 16;
    %load/vec4 v0x5f0595efe690_0;
    %store/vec4 v0x5f0595efedb0_0, 0, 32;
    %load/vec4 v0x5f0595efe4f0_0;
    %store/vec4 v0x5f0595efebf0_0, 0, 16;
    %load/vec4 v0x5f0595efe730_0;
    %store/vec4 v0x5f0595efee90_0, 0, 16;
    %jmp T_3.9;
T_3.8 ;
    %load/vec4 v0x5f0595efe4f0_0;
    %load/vec4 v0x5f0595efe800_0;
    %cmp/u;
    %jmp/0xz  T_3.10, 5;
    %load/vec4 v0x5f0595efe8d0_0;
    %store/vec4 v0x5f0595efecd0_0, 0, 16;
    %load/vec4 v0x5f0595efe990_0;
    %store/vec4 v0x5f0595efedb0_0, 0, 32;
    %load/vec4 v0x5f0595efe800_0;
    %store/vec4 v0x5f0595efebf0_0, 0, 16;
    %load/vec4 v0x5f0595efea80_0;
    %store/vec4 v0x5f0595efee90_0, 0, 16;
    %jmp T_3.11;
T_3.10 ;
    %load/vec4 v0x5f0595efe730_0;
    %load/vec4 v0x5f0595efea80_0;
    %cmp/u;
    %jmp/0xz  T_3.12, 5;
    %load/vec4 v0x5f0595efe5f0_0;
    %store/vec4 v0x5f0595efecd0_0, 0, 16;
    %load/vec4 v0x5f0595efe690_0;
    %store/vec4 v0x5f0595efedb0_0, 0, 32;
    %load/vec4 v0x5f0595efe4f0_0;
    %store/vec4 v0x5f0595efebf0_0, 0, 16;
    %load/vec4 v0x5f0595efe730_0;
    %store/vec4 v0x5f0595efee90_0, 0, 16;
    %jmp T_3.13;
T_3.12 ;
    %load/vec4 v0x5f0595efea80_0;
    %load/vec4 v0x5f0595efe730_0;
    %cmp/u;
    %jmp/0xz  T_3.14, 5;
    %load/vec4 v0x5f0595efe8d0_0;
    %store/vec4 v0x5f0595efecd0_0, 0, 16;
    %load/vec4 v0x5f0595efe990_0;
    %store/vec4 v0x5f0595efedb0_0, 0, 32;
    %load/vec4 v0x5f0595efe800_0;
    %store/vec4 v0x5f0595efebf0_0, 0, 16;
    %load/vec4 v0x5f0595efea80_0;
    %store/vec4 v0x5f0595efee90_0, 0, 16;
    %jmp T_3.15;
T_3.14 ;
    %load/vec4 v0x5f0595efeb50_0;
    %nor/r;
    %flag_set/vec4 8;
    %jmp/0xz  T_3.16, 8;
    %load/vec4 v0x5f0595efe5f0_0;
    %store/vec4 v0x5f0595efecd0_0, 0, 16;
    %load/vec4 v0x5f0595efe690_0;
    %store/vec4 v0x5f0595efedb0_0, 0, 32;
    %load/vec4 v0x5f0595efe4f0_0;
    %store/vec4 v0x5f0595efebf0_0, 0, 16;
    %load/vec4 v0x5f0595efe730_0;
    %store/vec4 v0x5f0595efee90_0, 0, 16;
    %jmp T_3.17;
T_3.16 ;
    %load/vec4 v0x5f0595efe8d0_0;
    %store/vec4 v0x5f0595efecd0_0, 0, 16;
    %load/vec4 v0x5f0595efe990_0;
    %store/vec4 v0x5f0595efedb0_0, 0, 32;
    %load/vec4 v0x5f0595efe800_0;
    %store/vec4 v0x5f0595efebf0_0, 0, 16;
    %load/vec4 v0x5f0595efea80_0;
    %store/vec4 v0x5f0595efee90_0, 0, 16;
T_3.17 ;
T_3.15 ;
T_3.13 ;
T_3.11 ;
T_3.9 ;
T_3.7 ;
T_3.5 ;
T_3.3 ;
T_3.1 ;
    %jmp T_3;
    .thread T_3, $push;
    .scope S_0x5f0595efc590;
T_4 ;
    %wait E_0x5f0595e457c0;
    %load/vec4 v0x5f0595effbf0_0;
    %nor/r;
    %flag_set/vec4 8;
    %jmp/0xz  T_4.0, 8;
    %pushi/vec4 0, 0, 1;
    %assign/vec4 v0x5f0595eff4c0_0, 0;
    %pushi/vec4 0, 0, 16;
    %assign/vec4 v0x5f0595eff1f0_0, 0;
    %pushi/vec4 0, 0, 32;
    %assign/vec4 v0x5f0595eff2b0_0, 0;
    %pushi/vec4 0, 0, 16;
    %assign/vec4 v0x5f0595eff110_0, 0;
    %pushi/vec4 0, 0, 16;
    %assign/vec4 v0x5f0595eff3d0_0, 0;
    %jmp T_4.1;
T_4.0 ;
    %load/vec4 v0x5f0595effa10_0;
    %flag_set/vec4 8;
    %jmp/0xz  T_4.2, 8;
    %pushi/vec4 0, 0, 1;
    %assign/vec4 v0x5f0595eff4c0_0, 0;
    %pushi/vec4 0, 0, 16;
    %assign/vec4 v0x5f0595eff1f0_0, 0;
    %pushi/vec4 0, 0, 32;
    %assign/vec4 v0x5f0595eff2b0_0, 0;
    %pushi/vec4 0, 0, 16;
    %assign/vec4 v0x5f0595eff110_0, 0;
    %pushi/vec4 0, 0, 16;
    %assign/vec4 v0x5f0595eff3d0_0, 0;
    %jmp T_4.3;
T_4.2 ;
    %load/vec4 v0x5f0595eff950_0;
    %flag_set/vec4 8;
    %jmp/0xz  T_4.4, 8;
    %load/vec4 v0x5f0595eff4c0_0;
    %nor/r;
    %flag_set/vec4 8;
    %jmp/0xz  T_4.6, 8;
    %pushi/vec4 1, 0, 1;
    %assign/vec4 v0x5f0595eff4c0_0, 0;
    %load/vec4 v0x5f0595eff6e0_0;
    %assign/vec4 v0x5f0595eff1f0_0, 0;
    %load/vec4 v0x5f0595eff7a0_0;
    %assign/vec4 v0x5f0595eff2b0_0, 0;
    %load/vec4 v0x5f0595eff5d0_0;
    %assign/vec4 v0x5f0595eff110_0, 0;
    %load/vec4 v0x5f0595eff890_0;
    %assign/vec4 v0x5f0595eff3d0_0, 0;
    %jmp T_4.7;
T_4.6 ;
    %load/vec4 v0x5f0595effd30_0;
    %assign/vec4 v0x5f0595eff1f0_0, 0;
    %load/vec4 v0x5f0595effe00_0;
    %assign/vec4 v0x5f0595eff2b0_0, 0;
    %load/vec4 v0x5f0595effc90_0;
    %assign/vec4 v0x5f0595eff110_0, 0;
    %load/vec4 v0x5f0595effed0_0;
    %assign/vec4 v0x5f0595eff3d0_0, 0;
T_4.7 ;
T_4.4 ;
T_4.3 ;
T_4.1 ;
    %jmp T_4;
    .thread T_4;
    .scope S_0x5f0595e7fef0;
T_5 ;
    %wait E_0x5f0595e457c0;
    %load/vec4 v0x5f0595f03dd0_0;
    %nor/r;
    %flag_set/vec4 8;
    %jmp/0xz  T_5.0, 8;
    %pushi/vec4 0, 0, 16;
    %assign/vec4 v0x5f0595f03510_0, 0;
    %pushi/vec4 0, 0, 16;
    %assign/vec4 v0x5f0595f035e0_0, 0;
    %pushi/vec4 0, 0, 2;
    %assign/vec4 v0x5f0595f036b0_0, 0;
    %jmp T_5.1;
T_5.0 ;
    %load/vec4 v0x5f0595f02b80_0;
    %flag_set/vec4 8;
    %jmp/0xz  T_5.2, 8;
    %pushi/vec4 0, 0, 16;
    %assign/vec4 v0x5f0595f03510_0, 0;
    %pushi/vec4 0, 0, 16;
    %assign/vec4 v0x5f0595f035e0_0, 0;
    %pushi/vec4 0, 0, 2;
    %assign/vec4 v0x5f0595f036b0_0, 0;
    %jmp T_5.3;
T_5.2 ;
    %load/vec4 v0x5f0595f02980_0;
    %flag_set/vec4 8;
    %jmp/0xz  T_5.4, 8;
    %load/vec4 v0x5f0595f036b0_0;
    %cmpi/e 0, 0, 2;
    %jmp/0xz  T_5.6, 4;
    %load/vec4 v0x5f0595f02620_0;
    %assign/vec4 v0x5f0595f03510_0, 0;
    %pushi/vec4 1, 0, 2;
    %assign/vec4 v0x5f0595f036b0_0, 0;
    %jmp T_5.7;
T_5.6 ;
    %load/vec4 v0x5f0595f036b0_0;
    %cmpi/e 1, 0, 2;
    %jmp/0xz  T_5.8, 4;
    %load/vec4 v0x5f0595f02620_0;
    %assign/vec4 v0x5f0595f035e0_0, 0;
    %pushi/vec4 2, 0, 2;
    %assign/vec4 v0x5f0595f036b0_0, 0;
T_5.8 ;
T_5.7 ;
T_5.4 ;
T_5.3 ;
T_5.1 ;
    %jmp T_5;
    .thread T_5;
    .scope S_0x5f0595ecd250;
T_6 ;
    %delay 5000, 0;
    %load/vec4 v0x5f0595f04d10_0;
    %inv;
    %store/vec4 v0x5f0595f04d10_0, 0, 1;
    %jmp T_6;
    .thread T_6;
    .scope S_0x5f0595ecd250;
T_7 ;
    %pushi/vec4 0, 0, 1;
    %store/vec4 v0x5f0595f04d10_0, 0, 1;
    %pushi/vec4 0, 0, 1;
    %store/vec4 v0x5f0595f061b0_0, 0, 1;
    %pushi/vec4 0, 0, 1;
    %store/vec4 v0x5f0595f06250_0, 0, 1;
    %pushi/vec4 0, 0, 1;
    %store/vec4 v0x5f0595f044d0_0, 0, 1;
    %pushi/vec4 0, 0, 1;
    %store/vec4 v0x5f0595f05970_0, 0, 1;
    %pushi/vec4 0, 0, 1;
    %store/vec4 v0x5f0595f04b60_0, 0, 1;
    %pushi/vec4 0, 0, 16;
    %store/vec4 v0x5f0595f047e0_0, 0, 16;
    %pushi/vec4 0, 0, 32;
    %store/vec4 v0x5f0595f048f0_0, 0, 32;
    %pushi/vec4 0, 0, 16;
    %store/vec4 v0x5f0595f045e0_0, 0, 16;
    %pushi/vec4 0, 0, 16;
    %store/vec4 v0x5f0595f04a50_0, 0, 16;
    %pushi/vec4 0, 0, 16;
    %store/vec4 v0x5f0595f046f0_0, 0, 16;
    %pushi/vec4 0, 0, 32;
    %store/vec4 v0x5f0595f04e40_0, 0, 32;
    %pushi/vec4 0, 0, 32;
    %store/vec4 v0x5f0595f05b20_0, 0, 32;
    %pushi/vec4 0, 0, 1;
    %store/vec4 v0x5f0595f058b0_0, 0, 1;
    %vpi_func 3 48 "$value$plusargs" 32, "VECTORS=%s", v0x5f0595f06780_0 {0 0 0};
    %nor/r;
    %flag_set/vec4 8;
    %jmp/0xz  T_7.0, 8;
    %pushi/vec4 0, 0, 32; draw_string_vec4
    %pushi/vec4 0, 0, 32; draw_string_vec4
    %concat/vec4; draw_string_vec4
    %pushi/vec4 0, 0, 32; draw_string_vec4
    %concat/vec4; draw_string_vec4
    %pushi/vec4 0, 0, 32; draw_string_vec4
    %concat/vec4; draw_string_vec4
    %pushi/vec4 0, 0, 32; draw_string_vec4
    %concat/vec4; draw_string_vec4
    %pushi/vec4 0, 0, 32; draw_string_vec4
    %concat/vec4; draw_string_vec4
    %pushi/vec4 0, 0, 32; draw_string_vec4
    %concat/vec4; draw_string_vec4
    %pushi/vec4 0, 0, 32; draw_string_vec4
    %concat/vec4; draw_string_vec4
    %pushi/vec4 0, 0, 32; draw_string_vec4
    %concat/vec4; draw_string_vec4
    %pushi/vec4 0, 0, 32; draw_string_vec4
    %concat/vec4; draw_string_vec4
    %pushi/vec4 0, 0, 32; draw_string_vec4
    %concat/vec4; draw_string_vec4
    %pushi/vec4 0, 0, 32; draw_string_vec4
    %concat/vec4; draw_string_vec4
    %pushi/vec4 0, 0, 32; draw_string_vec4
    %concat/vec4; draw_string_vec4
    %pushi/vec4 0, 0, 32; draw_string_vec4
    %concat/vec4; draw_string_vec4
    %pushi/vec4 0, 0, 32; draw_string_vec4
    %concat/vec4; draw_string_vec4
    %pushi/vec4 0, 0, 32; draw_string_vec4
    %concat/vec4; draw_string_vec4
    %pushi/vec4 0, 0, 32; draw_string_vec4
    %concat/vec4; draw_string_vec4
    %pushi/vec4 0, 0, 32; draw_string_vec4
    %concat/vec4; draw_string_vec4
    %pushi/vec4 0, 0, 32; draw_string_vec4
    %concat/vec4; draw_string_vec4
    %pushi/vec4 0, 0, 32; draw_string_vec4
    %concat/vec4; draw_string_vec4
    %pushi/vec4 0, 0, 32; draw_string_vec4
    %concat/vec4; draw_string_vec4
    %pushi/vec4 0, 0, 32; draw_string_vec4
    %concat/vec4; draw_string_vec4
    %pushi/vec4 0, 0, 32; draw_string_vec4
    %concat/vec4; draw_string_vec4
    %pushi/vec4 0, 0, 32; draw_string_vec4
    %concat/vec4; draw_string_vec4
    %pushi/vec4 116, 0, 32; draw_string_vec4
    %concat/vec4; draw_string_vec4
    %pushi/vec4 1647276141, 0, 32; draw_string_vec4
    %concat/vec4; draw_string_vec4
    %pushi/vec4 1868523361, 0, 32; draw_string_vec4
    %concat/vec4; draw_string_vec4
    %pushi/vec4 1600545133, 0, 32; draw_string_vec4
    %concat/vec4; draw_string_vec4
    %pushi/vec4 1768716639, 0, 32; draw_string_vec4
    %concat/vec4; draw_string_vec4
    %pushi/vec4 1986356084, 0, 32; draw_string_vec4
    %concat/vec4; draw_string_vec4
    %pushi/vec4 1869771566, 0, 32; draw_string_vec4
    %concat/vec4; draw_string_vec4
    %pushi/vec4 1835363688, 0, 32; draw_string_vec4
    %concat/vec4; draw_string_vec4
    %store/vec4 v0x5f0595f06780_0, 0, 1024;
T_7.0 ;
    %vpi_func 3 49 "$value$plusargs" 32, "LOG=%s", v0x5f0595f056c0_0 {0 0 0};
    %nor/r;
    %flag_set/vec4 8;
    %jmp/0xz  T_7.2, 8;
    %pushi/vec4 0, 0, 32; draw_string_vec4
    %pushi/vec4 0, 0, 32; draw_string_vec4
    %concat/vec4; draw_string_vec4
    %pushi/vec4 0, 0, 32; draw_string_vec4
    %concat/vec4; draw_string_vec4
    %pushi/vec4 0, 0, 32; draw_string_vec4
    %concat/vec4; draw_string_vec4
    %pushi/vec4 0, 0, 32; draw_string_vec4
    %concat/vec4; draw_string_vec4
    %pushi/vec4 0, 0, 32; draw_string_vec4
    %concat/vec4; draw_string_vec4
    %pushi/vec4 0, 0, 32; draw_string_vec4
    %concat/vec4; draw_string_vec4
    %pushi/vec4 0, 0, 32; draw_string_vec4
    %concat/vec4; draw_string_vec4
    %pushi/vec4 0, 0, 32; draw_string_vec4
    %concat/vec4; draw_string_vec4
    %pushi/vec4 0, 0, 32; draw_string_vec4
    %concat/vec4; draw_string_vec4
    %pushi/vec4 0, 0, 32; draw_string_vec4
    %concat/vec4; draw_string_vec4
    %pushi/vec4 0, 0, 32; draw_string_vec4
    %concat/vec4; draw_string_vec4
    %pushi/vec4 0, 0, 32; draw_string_vec4
    %concat/vec4; draw_string_vec4
    %pushi/vec4 0, 0, 32; draw_string_vec4
    %concat/vec4; draw_string_vec4
    %pushi/vec4 0, 0, 32; draw_string_vec4
    %concat/vec4; draw_string_vec4
    %pushi/vec4 0, 0, 32; draw_string_vec4
    %concat/vec4; draw_string_vec4
    %pushi/vec4 0, 0, 32; draw_string_vec4
    %concat/vec4; draw_string_vec4
    %pushi/vec4 0, 0, 32; draw_string_vec4
    %concat/vec4; draw_string_vec4
    %pushi/vec4 0, 0, 32; draw_string_vec4
    %concat/vec4; draw_string_vec4
    %pushi/vec4 0, 0, 32; draw_string_vec4
    %concat/vec4; draw_string_vec4
    %pushi/vec4 0, 0, 32; draw_string_vec4
    %concat/vec4; draw_string_vec4
    %pushi/vec4 1919251317, 0, 32; draw_string_vec4
    %concat/vec4; draw_string_vec4
    %pushi/vec4 1819570991, 0, 32; draw_string_vec4
    %concat/vec4; draw_string_vec4
    %pushi/vec4 1885888883, 0, 32; draw_string_vec4
    %concat/vec4; draw_string_vec4
    %pushi/vec4 1697984368, 0, 32; draw_string_vec4
    %concat/vec4; draw_string_vec4
    %pushi/vec4 1836015463, 0, 32; draw_string_vec4
    %concat/vec4; draw_string_vec4
    %pushi/vec4 1633642081, 0, 32; draw_string_vec4
    %concat/vec4; draw_string_vec4
    %pushi/vec4 1835625593, 0, 32; draw_string_vec4
    %concat/vec4; draw_string_vec4
    %pushi/vec4 1601399149, 0, 32; draw_string_vec4
    %concat/vec4; draw_string_vec4
    %pushi/vec4 1601332595, 0, 32; draw_string_vec4
    %concat/vec4; draw_string_vec4
    %pushi/vec4 1970041971, 0, 32; draw_string_vec4
    %concat/vec4; draw_string_vec4
    %pushi/vec4 778269558, 0, 32; draw_string_vec4
    %concat/vec4; draw_string_vec4
    %store/vec4 v0x5f0595f056c0_0, 0, 1024;
T_7.2 ;
    %vpi_func 3 50 "$value$plusargs" 32, "SUMMARY=%s", v0x5f0595f06500_0 {0 0 0};
    %nor/r;
    %flag_set/vec4 8;
    %jmp/0xz  T_7.4, 8;
    %pushi/vec4 0, 0, 32; draw_string_vec4
    %pushi/vec4 0, 0, 32; draw_string_vec4
    %concat/vec4; draw_string_vec4
    %pushi/vec4 0, 0, 32; draw_string_vec4
    %concat/vec4; draw_string_vec4
    %pushi/vec4 0, 0, 32; draw_string_vec4
    %concat/vec4; draw_string_vec4
    %pushi/vec4 0, 0, 32; draw_string_vec4
    %concat/vec4; draw_string_vec4
    %pushi/vec4 0, 0, 32; draw_string_vec4
    %concat/vec4; draw_string_vec4
    %pushi/vec4 0, 0, 32; draw_string_vec4
    %concat/vec4; draw_string_vec4
    %pushi/vec4 0, 0, 32; draw_string_vec4
    %concat/vec4; draw_string_vec4
    %pushi/vec4 0, 0, 32; draw_string_vec4
    %concat/vec4; draw_string_vec4
    %pushi/vec4 0, 0, 32; draw_string_vec4
    %concat/vec4; draw_string_vec4
    %pushi/vec4 0, 0, 32; draw_string_vec4
    %concat/vec4; draw_string_vec4
    %pushi/vec4 0, 0, 32; draw_string_vec4
    %concat/vec4; draw_string_vec4
    %pushi/vec4 0, 0, 32; draw_string_vec4
    %concat/vec4; draw_string_vec4
    %pushi/vec4 0, 0, 32; draw_string_vec4
    %concat/vec4; draw_string_vec4
    %pushi/vec4 0, 0, 32; draw_string_vec4
    %concat/vec4; draw_string_vec4
    %pushi/vec4 0, 0, 32; draw_string_vec4
    %concat/vec4; draw_string_vec4
    %pushi/vec4 0, 0, 32; draw_string_vec4
    %concat/vec4; draw_string_vec4
    %pushi/vec4 0, 0, 32; draw_string_vec4
    %concat/vec4; draw_string_vec4
    %pushi/vec4 0, 0, 32; draw_string_vec4
    %concat/vec4; draw_string_vec4
    %pushi/vec4 0, 0, 32; draw_string_vec4
    %concat/vec4; draw_string_vec4
    %pushi/vec4 0, 0, 32; draw_string_vec4
    %concat/vec4; draw_string_vec4
    %pushi/vec4 1919251317, 0, 32; draw_string_vec4
    %concat/vec4; draw_string_vec4
    %pushi/vec4 1819570991, 0, 32; draw_string_vec4
    %concat/vec4; draw_string_vec4
    %pushi/vec4 1885888883, 0, 32; draw_string_vec4
    %concat/vec4; draw_string_vec4
    %pushi/vec4 1697984368, 0, 32; draw_string_vec4
    %concat/vec4; draw_string_vec4
    %pushi/vec4 1836015463, 0, 32; draw_string_vec4
    %concat/vec4; draw_string_vec4
    %pushi/vec4 1633642081, 0, 32; draw_string_vec4
    %concat/vec4; draw_string_vec4
    %pushi/vec4 1835625593, 0, 32; draw_string_vec4
    %concat/vec4; draw_string_vec4
    %pushi/vec4 1601399149, 0, 32; draw_string_vec4
    %concat/vec4; draw_string_vec4
    %pushi/vec4 1601402221, 0, 32; draw_string_vec4
    %concat/vec4; draw_string_vec4
    %pushi/vec4 1835102841, 0, 32; draw_string_vec4
    %concat/vec4; draw_string_vec4
    %pushi/vec4 779384948, 0, 32; draw_string_vec4
    %concat/vec4; draw_string_vec4
    %store/vec4 v0x5f0595f06500_0, 0, 1024;
T_7.4 ;
    %vpi_call/w 3 52 "$display", "[TB_PMO_GA_FAMILY] vectors=%0s", v0x5f0595f06780_0 {0 0 0};
    %vpi_call/w 3 53 "$display", "[TB_PMO_GA_FAMILY] log=%0s", v0x5f0595f056c0_0 {0 0 0};
    %vpi_call/w 3 54 "$display", "[TB_PMO_GA_FAMILY] summary=%0s", v0x5f0595f06500_0 {0 0 0};
    %vpi_call/w 3 56 "$readmemh", v0x5f0595f06780_0, v0x5f0595f065e0 {0 0 0};
    %pushi/vec4 0, 0, 32;
    %store/vec4 v0x5f0595f066a0_0, 0, 32;
    %pushi/vec4 0, 0, 32;
    %store/vec4 v0x5f0595f05460_0, 0, 32;
T_7.6 ;
    %load/vec4 v0x5f0595f05460_0;
    %cmpi/s 16, 0, 32;
    %jmp/0xz T_7.7, 5;
    %load/vec4 v0x5f0595f066a0_0;
    %load/vec4 v0x5f0595f05460_0;
    %cmp/e;
    %flag_get/vec4 4;
    %jmp/0 T_7.10, 4;
    %ix/getv/s 4, v0x5f0595f05460_0;
    %load/vec4a v0x5f0595f065e0, 4;
    %xor/r;
    %pushi/vec4 1, 1, 1;
    %cmp/ne;
    %flag_get/vec4 6;
    %and;
T_7.10;
    %flag_set/vec4 8;
    %jmp/0xz  T_7.8, 8;
    %load/vec4 v0x5f0595f066a0_0;
    %addi 1, 0, 32;
    %store/vec4 v0x5f0595f066a0_0, 0, 32;
T_7.8 ;
    %load/vec4 v0x5f0595f05460_0;
    %addi 1, 0, 32;
    %store/vec4 v0x5f0595f05460_0, 0, 32;
    %jmp T_7.6;
T_7.7 ;
    %pushi/vec4 4, 0, 32;
    %store/vec4 v0x5f0595f04f20_0, 0, 32;
    %pushi/vec4 327680, 0, 32;
    %store/vec4 v0x5f0595f051c0_0, 0, 32;
    %pushi/vec4 60948, 0, 32;
    %store/vec4 v0x5f0595f050e0_0, 0, 32;
    %pushi/vec4 14418, 0, 32;
    %store/vec4 v0x5f0595f05380_0, 0, 32;
    %pushi/vec4 4728, 0, 32;
    %store/vec4 v0x5f0595f05000_0, 0, 32;
    %pushi/vec4 4732, 0, 32;
    %store/vec4 v0x5f0595f052a0_0, 0, 32;
    %vpi_func 3 70 "$fopen" 32, v0x5f0595f056c0_0, "w" {0 0 0};
    %store/vec4 v0x5f0595f055e0_0, 0, 32;
    %vpi_call/w 3 71 "$fwrite", v0x5f0595f055e0_0, "kind,idx,id,latency_q16_16,fidelity_q0_16,util_q0_16,child_gene16,mutated_gene16\012" {0 0 0};
    %pushi/vec4 3, 0, 32;
T_7.11 %dup/vec4;
    %pushi/vec4 0, 0, 32;
    %cmp/s;
    %jmp/1xz T_7.12, 5;
    %jmp/1 T_7.12, 4;
    %pushi/vec4 1, 0, 32;
    %sub;
    %wait E_0x5f0595e84a80;
    %jmp T_7.11;
T_7.12 ;
    %pop/vec4 1;
    %pushi/vec4 1, 0, 1;
    %assign/vec4 v0x5f0595f061b0_0, 0;
    %wait E_0x5f0595e84a80;
    %pushi/vec4 1, 0, 1;
    %assign/vec4 v0x5f0595f06250_0, 0;
    %wait E_0x5f0595e84a80;
    %pushi/vec4 0, 0, 1;
    %assign/vec4 v0x5f0595f06250_0, 0;
T_7.13 ;
    %load/vec4 v0x5f0595f06110_0;
    %pushi/vec4 1, 0, 1;
    %cmp/e;
    %flag_get/vec4 6;
    %cmpi/ne 1, 0, 1;
    %jmp/0xz T_7.14, 6;
    %wait E_0x5f0595e84020;
    %jmp T_7.13;
T_7.14 ;
    %wait E_0x5f0595e84a80;
    %load/vec4 v0x5f0595f05db0_0;
    %load/vec4 v0x5f0595f04f20_0;
    %parti/s 16, 0, 2;
    %cmp/ne;
    %jmp/0xz  T_7.15, 6;
    %load/vec4 v0x5f0595f04e40_0;
    %addi 1, 0, 32;
    %store/vec4 v0x5f0595f04e40_0, 0, 32;
    %vpi_call/w 3 85 "$display", "[TB_PMO_GA_FAMILY][MISMATCH] expected_id=%0d observed_id=%0d", v0x5f0595f04f20_0, v0x5f0595f05db0_0 {0 0 0};
T_7.15 ;
    %load/vec4 v0x5f0595f05e70_0;
    %load/vec4 v0x5f0595f051c0_0;
    %cmp/ne;
    %jmp/0xz  T_7.17, 6;
    %load/vec4 v0x5f0595f04e40_0;
    %addi 1, 0, 32;
    %store/vec4 v0x5f0595f04e40_0, 0, 32;
    %vpi_call/w 3 89 "$display", "[TB_PMO_GA_FAMILY][MISMATCH] expected_latency=%0d observed_latency=%0d", v0x5f0595f051c0_0, v0x5f0595f05e70_0 {0 0 0};
T_7.17 ;
    %load/vec4 v0x5f0595f05cf0_0;
    %load/vec4 v0x5f0595f050e0_0;
    %parti/s 16, 0, 2;
    %cmp/ne;
    %jmp/0xz  T_7.19, 6;
    %load/vec4 v0x5f0595f04e40_0;
    %addi 1, 0, 32;
    %store/vec4 v0x5f0595f04e40_0, 0, 32;
    %vpi_call/w 3 93 "$display", "[TB_PMO_GA_FAMILY][MISMATCH] expected_fidelity=%0d observed_fidelity=%0d", v0x5f0595f050e0_0, v0x5f0595f05cf0_0 {0 0 0};
T_7.19 ;
    %load/vec4 v0x5f0595f05fc0_0;
    %load/vec4 v0x5f0595f05380_0;
    %parti/s 16, 0, 2;
    %cmp/ne;
    %jmp/0xz  T_7.21, 6;
    %load/vec4 v0x5f0595f04e40_0;
    %addi 1, 0, 32;
    %store/vec4 v0x5f0595f04e40_0, 0, 32;
    %vpi_call/w 3 97 "$display", "[TB_PMO_GA_FAMILY][MISMATCH] expected_util=%0d observed_util=%0d", v0x5f0595f05380_0, v0x5f0595f05fc0_0 {0 0 0};
T_7.21 ;
    %load/vec4 v0x5f0595f04c50_0;
    %load/vec4 v0x5f0595f05000_0;
    %parti/s 16, 0, 2;
    %cmp/ne;
    %jmp/0xz  T_7.23, 6;
    %load/vec4 v0x5f0595f04e40_0;
    %addi 1, 0, 32;
    %store/vec4 v0x5f0595f04e40_0, 0, 32;
    %vpi_call/w 3 101 "$display", "[TB_PMO_GA_FAMILY][MISMATCH] expected_child_gene=%0d observed_child_gene=%0d", v0x5f0595f05000_0, v0x5f0595f04c50_0 {0 0 0};
T_7.23 ;
    %load/vec4 v0x5f0595f057a0_0;
    %load/vec4 v0x5f0595f052a0_0;
    %parti/s 16, 0, 2;
    %cmp/ne;
    %jmp/0xz  T_7.25, 6;
    %load/vec4 v0x5f0595f04e40_0;
    %addi 1, 0, 32;
    %store/vec4 v0x5f0595f04e40_0, 0, 32;
    %vpi_call/w 3 105 "$display", "[TB_PMO_GA_FAMILY][MISMATCH] expected_mutated_gene=%0d observed_mutated_gene=%0d", v0x5f0595f052a0_0, v0x5f0595f057a0_0 {0 0 0};
T_7.25 ;
    %vpi_call/w 3 108 "$fwrite", v0x5f0595f055e0_0, "RESULT,0,%0d,%0d,%0d,%0d,%0d,%0d\012", v0x5f0595f05db0_0, v0x5f0595f05e70_0, v0x5f0595f05cf0_0, v0x5f0595f05fc0_0, v0x5f0595f04c50_0, v0x5f0595f057a0_0 {0 0 0};
    %fork t_1, S_0x5f0595f04240;
    %jmp t_0;
    .scope S_0x5f0595f04240;
t_1 ;
    %vpi_func 3 112 "$fopen" 32, v0x5f0595f06500_0, "w" {0 0 0};
    %store/vec4 v0x5f0595f043f0_0, 0, 32;
    %vpi_call/w 3 113 "$fwrite", v0x5f0595f043f0_0, "PMO-GA family smoke summary\012" {0 0 0};
    %vpi_call/w 3 114 "$fwrite", v0x5f0595f043f0_0, "vector_count=%0d\012", v0x5f0595f066a0_0 {0 0 0};
    %vpi_call/w 3 115 "$fwrite", v0x5f0595f043f0_0, "expected_best_id=%0d\012", v0x5f0595f04f20_0 {0 0 0};
    %vpi_call/w 3 116 "$fwrite", v0x5f0595f043f0_0, "observed_best_id=%0d\012", v0x5f0595f05db0_0 {0 0 0};
    %vpi_call/w 3 117 "$fwrite", v0x5f0595f043f0_0, "observed_latency=%0d\012", v0x5f0595f05e70_0 {0 0 0};
    %vpi_call/w 3 118 "$fwrite", v0x5f0595f043f0_0, "observed_fidelity=%0d\012", v0x5f0595f05cf0_0 {0 0 0};
    %vpi_call/w 3 119 "$fwrite", v0x5f0595f043f0_0, "observed_util=%0d\012", v0x5f0595f05fc0_0 {0 0 0};
    %vpi_call/w 3 120 "$fwrite", v0x5f0595f043f0_0, "observed_child_gene=%0d\012", v0x5f0595f04c50_0 {0 0 0};
    %vpi_call/w 3 121 "$fwrite", v0x5f0595f043f0_0, "observed_mutated_gene=%0d\012", v0x5f0595f057a0_0 {0 0 0};
    %vpi_call/w 3 122 "$fwrite", v0x5f0595f043f0_0, "fail_count=%0d\012", v0x5f0595f04e40_0 {0 0 0};
    %vpi_call/w 3 123 "$fclose", v0x5f0595f043f0_0 {0 0 0};
    %end;
    .scope S_0x5f0595ecd250;
t_0 %join;
    %vpi_call/w 3 126 "$fclose", v0x5f0595f055e0_0 {0 0 0};
    %load/vec4 v0x5f0595f04e40_0;
    %cmpi/e 0, 0, 32;
    %jmp/0xz  T_7.27, 4;
    %vpi_call/w 3 128 "$display", "[TB_PMO_GA_FAMILY] PASS: vectors=%0d best_id=%0d child_gene=0x%04x mutated_gene=0x%04x", v0x5f0595f066a0_0, v0x5f0595f05db0_0, v0x5f0595f04c50_0, v0x5f0595f057a0_0 {0 0 0};
    %jmp T_7.28;
T_7.27 ;
    %vpi_call/w 3 130 "$display", "[TB_PMO_GA_FAMILY] FAIL: err_count=%0d", v0x5f0595f04e40_0 {0 0 0};
    %vpi_call/w 3 131 "$fatal", 32'sb00000000000000000000000000000001, "[TB_PMO_GA_FAMILY] Simulation failed." {0 0 0};
T_7.28 ;
    %vpi_call/w 3 133 "$finish" {0 0 0};
    %end;
    .thread T_7;
    .scope S_0x5f0595ecd250;
T_8 ;
    %wait E_0x5f0595e84a80;
    %load/vec4 v0x5f0595f061b0_0;
    %nor/r;
    %flag_set/vec4 8;
    %jmp/0xz  T_8.0, 8;
    %pushi/vec4 0, 0, 1;
    %assign/vec4 v0x5f0595f04b60_0, 0;
    %pushi/vec4 0, 0, 16;
    %assign/vec4 v0x5f0595f047e0_0, 0;
    %pushi/vec4 0, 0, 32;
    %assign/vec4 v0x5f0595f048f0_0, 0;
    %pushi/vec4 0, 0, 16;
    %assign/vec4 v0x5f0595f045e0_0, 0;
    %pushi/vec4 0, 0, 16;
    %assign/vec4 v0x5f0595f04a50_0, 0;
    %pushi/vec4 0, 0, 16;
    %assign/vec4 v0x5f0595f046f0_0, 0;
    %pushi/vec4 0, 0, 1;
    %assign/vec4 v0x5f0595f044d0_0, 0;
    %pushi/vec4 0, 0, 1;
    %assign/vec4 v0x5f0595f05970_0, 0;
    %pushi/vec4 0, 0, 32;
    %assign/vec4 v0x5f0595f05b20_0, 0;
    %pushi/vec4 0, 0, 1;
    %assign/vec4 v0x5f0595f058b0_0, 0;
    %jmp T_8.1;
T_8.0 ;
    %pushi/vec4 0, 0, 1;
    %assign/vec4 v0x5f0595f044d0_0, 0;
    %pushi/vec4 0, 0, 1;
    %assign/vec4 v0x5f0595f04b60_0, 0;
    %load/vec4 v0x5f0595f05c00_0;
    %flag_set/vec4 8;
    %jmp/0xz  T_8.2, 8;
    %pushi/vec4 1, 0, 1;
    %assign/vec4 v0x5f0595f04b60_0, 0;
    %ix/getv 4, v0x5f0595f05a10_0;
    %load/vec4a v0x5f0595f065e0, 4;
    %parti/s 16, 80, 8;
    %assign/vec4 v0x5f0595f046f0_0, 0;
    %ix/getv 4, v0x5f0595f05a10_0;
    %load/vec4a v0x5f0595f065e0, 4;
    %parti/s 16, 64, 8;
    %assign/vec4 v0x5f0595f047e0_0, 0;
    %ix/getv 4, v0x5f0595f05a10_0;
    %load/vec4a v0x5f0595f065e0, 4;
    %parti/s 32, 32, 7;
    %assign/vec4 v0x5f0595f048f0_0, 0;
    %ix/getv 4, v0x5f0595f05a10_0;
    %load/vec4a v0x5f0595f065e0, 4;
    %parti/s 16, 16, 6;
    %assign/vec4 v0x5f0595f045e0_0, 0;
    %ix/getv 4, v0x5f0595f05a10_0;
    %load/vec4a v0x5f0595f065e0, 4;
    %parti/s 16, 0, 2;
    %assign/vec4 v0x5f0595f04a50_0, 0;
    %load/vec4 v0x5f0595f05a10_0;
    %parti/s 1, 0, 2;
    %assign/vec4 v0x5f0595f05970_0, 0;
    %load/vec4 v0x5f0595f05b20_0;
    %addi 1, 0, 32;
    %assign/vec4 v0x5f0595f05b20_0, 0;
    %ix/getv 4, v0x5f0595f05a10_0;
    %load/vec4a v0x5f0595f065e0, 4;
    %parti/s 16, 64, 8;
    %ix/getv 4, v0x5f0595f05a10_0;
    %load/vec4a v0x5f0595f065e0, 4;
    %parti/s 32, 32, 7;
    %ix/getv 4, v0x5f0595f05a10_0;
    %load/vec4a v0x5f0595f065e0, 4;
    %parti/s 16, 16, 6;
    %ix/getv 4, v0x5f0595f05a10_0;
    %load/vec4a v0x5f0595f065e0, 4;
    %parti/s 16, 0, 2;
    %vpi_call/w 3 160 "$fwrite", v0x5f0595f055e0_0, "CAND,%0d,%0d,%0d,%0d,%0d,0,0\012", v0x5f0595f05a10_0, S<3,vec4,u16>, S<2,vec4,u32>, S<1,vec4,u16>, S<0,vec4,u16> {4 0 0};
    %load/vec4 v0x5f0595f066a0_0;
    %load/vec4 v0x5f0595f05b20_0;
    %addi 1, 0, 32;
    %cmp/s;
    %flag_or 5, 4;
    %jmp/0xz  T_8.4, 5;
    %pushi/vec4 1, 0, 1;
    %assign/vec4 v0x5f0595f058b0_0, 0;
T_8.4 ;
    %jmp T_8.3;
T_8.2 ;
    %pushi/vec4 0, 0, 16;
    %assign/vec4 v0x5f0595f047e0_0, 0;
    %pushi/vec4 0, 0, 32;
    %assign/vec4 v0x5f0595f048f0_0, 0;
    %pushi/vec4 0, 0, 16;
    %assign/vec4 v0x5f0595f045e0_0, 0;
    %pushi/vec4 0, 0, 16;
    %assign/vec4 v0x5f0595f04a50_0, 0;
    %pushi/vec4 0, 0, 16;
    %assign/vec4 v0x5f0595f046f0_0, 0;
    %pushi/vec4 0, 0, 1;
    %assign/vec4 v0x5f0595f05970_0, 0;
T_8.3 ;
    %load/vec4 v0x5f0595f058b0_0;
    %flag_set/vec4 8;
    %jmp/0xz  T_8.6, 8;
    %pushi/vec4 1, 0, 1;
    %assign/vec4 v0x5f0595f044d0_0, 0;
    %pushi/vec4 0, 0, 1;
    %assign/vec4 v0x5f0595f058b0_0, 0;
T_8.6 ;
T_8.1 ;
    %jmp T_8;
    .thread T_8;
# The file index is used to find the file name in the following table.
:file_names 13;
    "N/A";
    "<interactive>";
    "-";
    "tb/tb_pmo_ga_family.v";
    "rtl/pmo_ga_family.v";
    "rtl/ga_crossover.v";
    "rtl/ga_controller.v";
    "rtl/ga_elitism.v";
    "rtl/ga_select.v";
    "rtl/ga_pareto_cmp.v";
    "rtl/ga_fitness.v";
    "rtl/ga_init.v";
    "rtl/ga_mutate.v";
