#! /usr/bin/vvp
:ivl_version "12.0 (stable)";
:ivl_delay_selection "TYPICAL";
:vpi_time_precision - 12;
:vpi_module "/usr/lib/x86_64-linux-gnu/ivl/system.vpi";
:vpi_module "/usr/lib/x86_64-linux-gnu/ivl/vhdl_sys.vpi";
:vpi_module "/usr/lib/x86_64-linux-gnu/ivl/vhdl_textio.vpi";
:vpi_module "/usr/lib/x86_64-linux-gnu/ivl/v2005_math.vpi";
:vpi_module "/usr/lib/x86_64-linux-gnu/ivl/va_math.vpi";
:vpi_module "/usr/lib/x86_64-linux-gnu/ivl/v2009.vpi";
S_0x595218789330 .scope package, "$unit" "$unit" 2 1;
 .timescale 0 0;
S_0x5952187891a0 .scope module, "tb_skag" "tb_skag" 3 3;
 .timescale -9 -12;
P_0x595218787b10 .param/l "ADDR_W" 1 3 4, +C4<00000000000000000000000000001000>;
P_0x595218787b50 .param/l "MAX_VECTORS" 1 3 5, +C4<00000000000000000000000100000000>;
P_0x595218787b90 .param/l "VEC_W" 1 3 6, +C4<00000000000000000000000011010000>;
v0x595218787790_0 .var "alpha1_q8_8", 15 0;
v0x5952187bbf30_0 .var "alpha2_q8_8", 15 0;
v0x5952187bc000_0 .var "alpha3_q8_8", 15 0;
v0x5952187bc100_0 .var "alpha4_q8_8", 15 0;
v0x5952187bc1d0_0 .var "cfg_addr", 7 0;
v0x5952187bc270_0 .var "cfg_wdata", 63 0;
v0x5952187bc340_0 .var "cfg_we", 0 0;
v0x5952187bc410_0 .var "clk", 0 0;
v0x5952187bc4e0_0 .var "cur_vec", 207 0;
v0x5952187bc580_0 .var "exp_ga_edge", 63 0;
v0x5952187bc620_0 .var "exp_ga_valid", 0 0;
v0x5952187bc6e0_0 .var "exp_ga_weight", 31 0;
v0x5952187bc7c0_0 .var/i "fail_count", 31 0;
v0x5952187bc8a0_0 .var "fdpe_addr", 7 0;
v0x5952187bc990_0 .net "fdpe_done", 0 0, v0x5952187ba5b0_0;  1 drivers
v0x5952187bca60_0 .var "fdpe_fidelity", 15 0;
v0x5952187bcb30_0 .var "fdpe_valid", 0 0;
v0x5952187bcc00_0 .net "fdpe_weight", 31 0, v0x5952187ba810_0;  1 drivers
v0x5952187bccd0_0 .var "ga_rd_addr", 7 0;
v0x5952187bcda0_0 .net "ga_rd_edge", 63 0, v0x5952187bac30_0;  1 drivers
v0x5952187bce70_0 .var "ga_rd_en", 0 0;
v0x5952187bcf40_0 .net "ga_rd_valid", 0 0, v0x5952187badd0_0;  1 drivers
v0x5952187bd010_0 .net "ga_rd_weight", 31 0, v0x5952187bae90_0;  1 drivers
v0x5952187bd0e0_0 .var/i "i", 31 0;
v0x5952187bd180_0 .var/i "log_fd", 31 0;
v0x5952187bd220_0 .var "log_file", 1023 0;
v0x5952187bd2e0_0 .var/i "max_weight_diff", 31 0;
v0x5952187bd3c0_0 .var/i "pass_count", 31 0;
v0x5952187bd4a0_0 .var "rst_n", 0 0;
v0x5952187bd570_0 .var/i "summary_fd", 31 0;
v0x5952187bd630_0 .var "summary_file", 1023 0;
v0x5952187bd710 .array "vec_mem", 255 0, 207 0;
v0x5952187bd7d0_0 .var/i "vector_count", 31 0;
v0x5952187bdac0_0 .var "vectors_file", 1023 0;
v0x5952187bdba0_0 .var/i "weight_diff", 31 0;
E_0x595218757ce0 .event posedge, v0x5952187ba2c0_0;
S_0x59521876b670 .scope module, "dut" "skag_mem" 3 53, 4 1 0, S_0x5952187891a0;
 .timescale 0 0;
    .port_info 0 /INPUT 1 "clk";
    .port_info 1 /INPUT 1 "rst_n";
    .port_info 2 /INPUT 1 "cfg_we_i";
    .port_info 3 /INPUT 8 "cfg_addr_i";
    .port_info 4 /INPUT 64 "cfg_wdata_i";
    .port_info 5 /INPUT 1 "fdpe_upd_valid_i";
    .port_info 6 /INPUT 8 "fdpe_addr_i";
    .port_info 7 /INPUT 16 "fdpe_fidelity_i";
    .port_info 8 /INPUT 16 "alpha1_q8_8_i";
    .port_info 9 /INPUT 16 "alpha2_q8_8_i";
    .port_info 10 /INPUT 16 "alpha3_q8_8_i";
    .port_info 11 /INPUT 16 "alpha4_q8_8_i";
    .port_info 12 /INPUT 1 "ga_rd_en_i";
    .port_info 13 /INPUT 8 "ga_rd_addr_i";
    .port_info 14 /OUTPUT 64 "ga_rd_edge_o";
    .port_info 15 /OUTPUT 32 "ga_rd_weight_o";
    .port_info 16 /OUTPUT 1 "ga_rd_valid_o";
    .port_info 17 /OUTPUT 1 "fdpe_done_o";
    .port_info 18 /OUTPUT 32 "fdpe_weight_o";
P_0x595218786b50 .param/l "ADDR_W" 0 4 2, +C4<00000000000000000000000000001000>;
P_0x595218786b90 .param/l "DEPTH" 0 4 3, +C4<00000000000000000000000100000000>;
P_0x595218786bd0 .param/l "INF_WEIGHT" 1 4 36, C4<11111111111111111111111111111111>;
v0x5952187b9cc0_0 .net "alpha1_q8_8_i", 15 0, v0x595218787790_0;  1 drivers
v0x5952187b9dc0_0 .net "alpha2_q8_8_i", 15 0, v0x5952187bbf30_0;  1 drivers
v0x5952187b9ea0_0 .net "alpha3_q8_8_i", 15 0, v0x5952187bc000_0;  1 drivers
v0x5952187b9f60_0 .net "alpha4_q8_8_i", 15 0, v0x5952187bc100_0;  1 drivers
v0x5952187ba040_0 .net "cfg_addr_i", 7 0, v0x5952187bc1d0_0;  1 drivers
v0x5952187ba120_0 .net "cfg_wdata_i", 63 0, v0x5952187bc270_0;  1 drivers
v0x5952187ba200_0 .net "cfg_we_i", 0 0, v0x5952187bc340_0;  1 drivers
v0x5952187ba2c0_0 .net "clk", 0 0, v0x5952187bc410_0;  1 drivers
v0x5952187ba380 .array "edge_mem", 255 0, 63 0;
v0x5952187ba4d0_0 .net "fdpe_addr_i", 7 0, v0x5952187bc8a0_0;  1 drivers
v0x5952187ba5b0_0 .var "fdpe_done_o", 0 0;
v0x5952187ba670_0 .net "fdpe_fidelity_i", 15 0, v0x5952187bca60_0;  1 drivers
v0x5952187ba750_0 .net "fdpe_upd_valid_i", 0 0, v0x5952187bcb30_0;  1 drivers
v0x5952187ba810_0 .var "fdpe_weight_o", 31 0;
v0x5952187ba8f0_0 .var "ga_addr_d", 7 0;
v0x5952187ba9d0_0 .var "ga_conflict_pending", 0 0;
v0x5952187baa90_0 .var "ga_pending", 0 0;
v0x5952187bab50_0 .net "ga_rd_addr_i", 7 0, v0x5952187bccd0_0;  1 drivers
v0x5952187bac30_0 .var "ga_rd_edge_o", 63 0;
v0x5952187bad10_0 .net "ga_rd_en_i", 0 0, v0x5952187bce70_0;  1 drivers
v0x5952187badd0_0 .var "ga_rd_valid_o", 0 0;
v0x5952187bae90_0 .var "ga_rd_weight_o", 31 0;
v0x5952187baf70_0 .var/i "i", 31 0;
v0x5952187bb050_0 .net "rst_n", 0 0, v0x5952187bd4a0_0;  1 drivers
v0x5952187bb110_0 .var "s0_addr", 7 0;
v0x5952187bb1f0_0 .var "s0_edge", 63 0;
v0x5952187bb2d0_0 .var "s0_valid", 0 0;
v0x5952187bb390_0 .var "s0_weight", 31 0;
v0x5952187bb470_0 .var "s1_addr", 7 0;
v0x5952187bb550_0 .var "s1_edge", 63 0;
v0x5952187bb630_0 .var "s1_valid", 0 0;
v0x5952187bb6f0_0 .var "s1_weight", 31 0;
v0x5952187bb7d0_0 .var "s2_addr", 7 0;
v0x5952187bb8b0_0 .var "s2_edge", 63 0;
v0x5952187bb990_0 .var "s2_valid", 0 0;
v0x5952187bba50_0 .var "s2_weight", 31 0;
v0x5952187bbb30 .array "weight_mem", 255 0, 31 0;
E_0x595218756f60/0 .event negedge, v0x5952187bb050_0;
E_0x595218756f60/1 .event posedge, v0x5952187ba2c0_0;
E_0x595218756f60 .event/or E_0x595218756f60/0, E_0x595218756f60/1;
S_0x59521876b960 .scope function.vec4.s32, "compute_weight" "compute_weight" 4 54, 4 54 0, S_0x59521876b670;
 .timescale 0 0;
v0x595218748e20_0 .var "a1_q8_8", 15 0;
v0x595218719330_0 .var "a2_q8_8", 15 0;
v0x5952187b9100_0 .var "a3_q8_8", 15 0;
v0x5952187b91f0_0 .var "a4_q8_8", 15 0;
v0x5952187b92d0_0 .var "arrival_rate", 15 0;
; Variable compute_weight is vec4 return value of scope S_0x59521876b960
v0x5952187b94e0_0 .var "edge_i", 63 0;
v0x5952187b95c0_0 .var "fidelity", 15 0;
v0x5952187b96a0_0 .var "key_count", 15 0;
v0x5952187b9780_0 .var "qber", 15 0;
v0x5952187b9860_0 .var "sum", 63 0;
v0x5952187b9940_0 .var "t1", 63 0;
v0x5952187b9a20_0 .var "t2", 63 0;
v0x5952187b9b00_0 .var "t3", 63 0;
v0x5952187b9be0_0 .var "t4", 63 0;
TD_tb_skag.dut.compute_weight ;
    %load/vec4 v0x5952187b94e0_0;
    %parti/s 16, 0, 2;
    %store/vec4 v0x5952187b96a0_0, 0, 16;
    %load/vec4 v0x5952187b94e0_0;
    %parti/s 16, 16, 6;
    %store/vec4 v0x5952187b95c0_0, 0, 16;
    %load/vec4 v0x5952187b94e0_0;
    %parti/s 16, 32, 7;
    %store/vec4 v0x5952187b92d0_0, 0, 16;
    %load/vec4 v0x5952187b94e0_0;
    %parti/s 16, 48, 7;
    %store/vec4 v0x5952187b9780_0, 0, 16;
    %load/vec4 v0x5952187b96a0_0;
    %cmpi/e 0, 0, 16;
    %jmp/1 T_0.3, 4;
    %flag_mov 8, 4;
    %load/vec4 v0x5952187b95c0_0;
    %cmpi/e 0, 0, 16;
    %flag_or 4, 8;
T_0.3;
    %jmp/1 T_0.2, 4;
    %flag_mov 8, 4;
    %load/vec4 v0x5952187b92d0_0;
    %cmpi/e 0, 0, 16;
    %flag_or 4, 8;
T_0.2;
    %jmp/0xz  T_0.0, 4;
    %pushi/vec4 4294967295, 0, 32;
    %ret/vec4 0, 0, 32;  Assign to compute_weight (store_vec4_to_lval)
    %jmp T_0.1;
T_0.0 ;
    %pushi/vec4 0, 0, 48;
    %load/vec4 v0x595218748e20_0;
    %concat/vec4; draw_concat_vec4
    %ix/load 4, 8, 0;
    %flag_set/imm 4, 0;
    %shiftl 4;
    %load/vec4 v0x5952187b96a0_0;
    %pad/u 64;
    %div;
    %store/vec4 v0x5952187b9940_0, 0, 64;
    %pushi/vec4 0, 0, 48;
    %load/vec4 v0x595218719330_0;
    %concat/vec4; draw_concat_vec4
    %ix/load 4, 24, 0;
    %flag_set/imm 4, 0;
    %shiftl 4;
    %load/vec4 v0x5952187b95c0_0;
    %pad/u 64;
    %div;
    %store/vec4 v0x5952187b9a20_0, 0, 64;
    %pushi/vec4 0, 0, 48;
    %load/vec4 v0x5952187b9100_0;
    %concat/vec4; draw_concat_vec4
    %ix/load 4, 16, 0;
    %flag_set/imm 4, 0;
    %shiftl 4;
    %load/vec4 v0x5952187b92d0_0;
    %pad/u 64;
    %div;
    %store/vec4 v0x5952187b9b00_0, 0, 64;
    %pushi/vec4 0, 0, 48;
    %load/vec4 v0x5952187b91f0_0;
    %concat/vec4; draw_concat_vec4
    %load/vec4 v0x5952187b9780_0;
    %pad/u 64;
    %mul;
    %ix/load 4, 8, 0;
    %flag_set/imm 4, 0;
    %shiftr 4;
    %store/vec4 v0x5952187b9be0_0, 0, 64;
    %load/vec4 v0x5952187b9940_0;
    %load/vec4 v0x5952187b9a20_0;
    %add;
    %load/vec4 v0x5952187b9b00_0;
    %add;
    %load/vec4 v0x5952187b9be0_0;
    %add;
    %store/vec4 v0x5952187b9860_0, 0, 64;
    %load/vec4 v0x5952187b9860_0;
    %parti/s 32, 32, 7;
    %cmpi/ne 0, 0, 32;
    %jmp/0xz  T_0.4, 4;
    %pushi/vec4 4294967295, 0, 32;
    %ret/vec4 0, 0, 32;  Assign to compute_weight (store_vec4_to_lval)
    %jmp T_0.5;
T_0.4 ;
    %load/vec4 v0x5952187b9860_0;
    %parti/s 32, 0, 2;
    %ret/vec4 0, 0, 32;  Assign to compute_weight (store_vec4_to_lval)
T_0.5 ;
T_0.1 ;
    %end;
    .scope S_0x59521876b670;
T_1 ;
    %wait E_0x595218756f60;
    %load/vec4 v0x5952187bb050_0;
    %nor/r;
    %flag_set/vec4 8;
    %jmp/0xz  T_1.0, 8;
    %pushi/vec4 0, 0, 32;
    %store/vec4 v0x5952187baf70_0, 0, 32;
T_1.2 ;
    %load/vec4 v0x5952187baf70_0;
    %cmpi/s 256, 0, 32;
    %jmp/0xz T_1.3, 5;
    %pushi/vec4 0, 0, 64;
    %ix/getv/s 3, v0x5952187baf70_0;
    %ix/load 4, 0, 0; Constant delay
    %assign/vec4/a/d v0x5952187ba380, 0, 4;
    %pushi/vec4 4294967295, 0, 32;
    %ix/getv/s 3, v0x5952187baf70_0;
    %ix/load 4, 0, 0; Constant delay
    %assign/vec4/a/d v0x5952187bbb30, 0, 4;
    %load/vec4 v0x5952187baf70_0;
    %addi 1, 0, 32;
    %store/vec4 v0x5952187baf70_0, 0, 32;
    %jmp T_1.2;
T_1.3 ;
    %pushi/vec4 0, 0, 1;
    %assign/vec4 v0x5952187bb2d0_0, 0;
    %pushi/vec4 0, 0, 1;
    %assign/vec4 v0x5952187bb630_0, 0;
    %pushi/vec4 0, 0, 1;
    %assign/vec4 v0x5952187bb990_0, 0;
    %pushi/vec4 0, 0, 8;
    %assign/vec4 v0x5952187bb110_0, 0;
    %pushi/vec4 0, 0, 8;
    %assign/vec4 v0x5952187bb470_0, 0;
    %pushi/vec4 0, 0, 8;
    %assign/vec4 v0x5952187bb7d0_0, 0;
    %pushi/vec4 0, 0, 64;
    %assign/vec4 v0x5952187bb1f0_0, 0;
    %pushi/vec4 0, 0, 64;
    %assign/vec4 v0x5952187bb550_0, 0;
    %pushi/vec4 0, 0, 64;
    %assign/vec4 v0x5952187bb8b0_0, 0;
    %pushi/vec4 4294967295, 0, 32;
    %assign/vec4 v0x5952187bb390_0, 0;
    %pushi/vec4 4294967295, 0, 32;
    %assign/vec4 v0x5952187bb6f0_0, 0;
    %pushi/vec4 4294967295, 0, 32;
    %assign/vec4 v0x5952187bba50_0, 0;
    %pushi/vec4 0, 0, 1;
    %assign/vec4 v0x5952187baa90_0, 0;
    %pushi/vec4 0, 0, 1;
    %assign/vec4 v0x5952187ba9d0_0, 0;
    %pushi/vec4 0, 0, 8;
    %assign/vec4 v0x5952187ba8f0_0, 0;
    %pushi/vec4 0, 0, 64;
    %assign/vec4 v0x5952187bac30_0, 0;
    %pushi/vec4 4294967295, 0, 32;
    %assign/vec4 v0x5952187bae90_0, 0;
    %pushi/vec4 0, 0, 1;
    %assign/vec4 v0x5952187badd0_0, 0;
    %pushi/vec4 0, 0, 1;
    %assign/vec4 v0x5952187ba5b0_0, 0;
    %pushi/vec4 4294967295, 0, 32;
    %assign/vec4 v0x5952187ba810_0, 0;
    %jmp T_1.1;
T_1.0 ;
    %pushi/vec4 0, 0, 1;
    %assign/vec4 v0x5952187ba5b0_0, 0;
    %pushi/vec4 0, 0, 1;
    %assign/vec4 v0x5952187badd0_0, 0;
    %load/vec4 v0x5952187bb990_0;
    %flag_set/vec4 8;
    %jmp/0xz  T_1.4, 8;
    %load/vec4 v0x5952187bb8b0_0;
    %load/vec4 v0x5952187bb7d0_0;
    %pad/u 10;
    %ix/vec4 3;
    %ix/load 4, 0, 0; Constant delay
    %assign/vec4/a/d v0x5952187ba380, 0, 4;
    %load/vec4 v0x5952187bba50_0;
    %load/vec4 v0x5952187bb7d0_0;
    %pad/u 10;
    %ix/vec4 3;
    %ix/load 4, 0, 0; Constant delay
    %assign/vec4/a/d v0x5952187bbb30, 0, 4;
    %pushi/vec4 1, 0, 1;
    %assign/vec4 v0x5952187ba5b0_0, 0;
    %load/vec4 v0x5952187bba50_0;
    %assign/vec4 v0x5952187ba810_0, 0;
T_1.4 ;
    %load/vec4 v0x5952187baa90_0;
    %flag_set/vec4 8;
    %jmp/0xz  T_1.6, 8;
    %load/vec4 v0x5952187ba9d0_0;
    %flag_set/vec4 8;
    %jmp/0xz  T_1.8, 8;
    %pushi/vec4 0, 0, 1;
    %assign/vec4 v0x5952187badd0_0, 0;
    %pushi/vec4 0, 0, 64;
    %assign/vec4 v0x5952187bac30_0, 0;
    %pushi/vec4 4294967295, 0, 32;
    %assign/vec4 v0x5952187bae90_0, 0;
    %jmp T_1.9;
T_1.8 ;
    %pushi/vec4 1, 0, 1;
    %assign/vec4 v0x5952187badd0_0, 0;
    %load/vec4 v0x5952187ba8f0_0;
    %pad/u 10;
    %ix/vec4 4;
    %load/vec4a v0x5952187ba380, 4;
    %assign/vec4 v0x5952187bac30_0, 0;
    %load/vec4 v0x5952187ba8f0_0;
    %pad/u 10;
    %ix/vec4 4;
    %load/vec4a v0x5952187bbb30, 4;
    %assign/vec4 v0x5952187bae90_0, 0;
T_1.9 ;
T_1.6 ;
    %load/vec4 v0x5952187bb630_0;
    %assign/vec4 v0x5952187bb990_0, 0;
    %load/vec4 v0x5952187bb470_0;
    %assign/vec4 v0x5952187bb7d0_0, 0;
    %load/vec4 v0x5952187bb550_0;
    %assign/vec4 v0x5952187bb8b0_0, 0;
    %load/vec4 v0x5952187bb6f0_0;
    %assign/vec4 v0x5952187bba50_0, 0;
    %load/vec4 v0x5952187bb2d0_0;
    %assign/vec4 v0x5952187bb630_0, 0;
    %load/vec4 v0x5952187bb110_0;
    %assign/vec4 v0x5952187bb470_0, 0;
    %load/vec4 v0x5952187bb1f0_0;
    %assign/vec4 v0x5952187bb550_0, 0;
    %load/vec4 v0x5952187bb390_0;
    %assign/vec4 v0x5952187bb6f0_0, 0;
    %load/vec4 v0x5952187ba750_0;
    %assign/vec4 v0x5952187bb2d0_0, 0;
    %load/vec4 v0x5952187ba4d0_0;
    %assign/vec4 v0x5952187bb110_0, 0;
    %load/vec4 v0x5952187ba4d0_0;
    %pad/u 10;
    %ix/vec4 4;
    %load/vec4a v0x5952187ba380, 4;
    %parti/s 32, 32, 7;
    %load/vec4 v0x5952187ba670_0;
    %concat/vec4; draw_concat_vec4
    %load/vec4 v0x5952187ba4d0_0;
    %pad/u 10;
    %ix/vec4 4;
    %load/vec4a v0x5952187ba380, 4;
    %parti/s 16, 0, 2;
    %concat/vec4; draw_concat_vec4
    %assign/vec4 v0x5952187bb1f0_0, 0;
    %load/vec4 v0x5952187ba4d0_0;
    %pad/u 10;
    %ix/vec4 4;
    %load/vec4a v0x5952187ba380, 4;
    %parti/s 32, 32, 7;
    %load/vec4 v0x5952187ba670_0;
    %concat/vec4; draw_concat_vec4
    %load/vec4 v0x5952187ba4d0_0;
    %pad/u 10;
    %ix/vec4 4;
    %load/vec4a v0x5952187ba380, 4;
    %parti/s 16, 0, 2;
    %concat/vec4; draw_concat_vec4
    %load/vec4 v0x5952187b9cc0_0;
    %load/vec4 v0x5952187b9dc0_0;
    %load/vec4 v0x5952187b9ea0_0;
    %load/vec4 v0x5952187b9f60_0;
    %store/vec4 v0x5952187b91f0_0, 0, 16;
    %store/vec4 v0x5952187b9100_0, 0, 16;
    %store/vec4 v0x595218719330_0, 0, 16;
    %store/vec4 v0x595218748e20_0, 0, 16;
    %store/vec4 v0x5952187b94e0_0, 0, 64;
    %callf/vec4 TD_tb_skag.dut.compute_weight, S_0x59521876b960;
    %assign/vec4 v0x5952187bb390_0, 0;
    %load/vec4 v0x5952187ba200_0;
    %flag_set/vec4 9;
    %flag_get/vec4 9;
    %jmp/0 T_1.12, 9;
    %load/vec4 v0x5952187ba750_0;
    %flag_set/vec4 9;
    %flag_get/vec4 9;
    %jmp/0 T_1.13, 9;
    %load/vec4 v0x5952187ba4d0_0;
    %load/vec4 v0x5952187ba040_0;
    %cmp/e;
    %flag_get/vec4 4;
    %and;
T_1.13;
    %nor/r;
    %and;
T_1.12;
    %flag_set/vec4 8;
    %jmp/0xz  T_1.10, 8;
    %load/vec4 v0x5952187ba120_0;
    %load/vec4 v0x5952187ba040_0;
    %pad/u 10;
    %ix/vec4 3;
    %ix/load 4, 0, 0; Constant delay
    %assign/vec4/a/d v0x5952187ba380, 0, 4;
    %load/vec4 v0x5952187ba120_0;
    %load/vec4 v0x5952187b9cc0_0;
    %load/vec4 v0x5952187b9dc0_0;
    %load/vec4 v0x5952187b9ea0_0;
    %load/vec4 v0x5952187b9f60_0;
    %store/vec4 v0x5952187b91f0_0, 0, 16;
    %store/vec4 v0x5952187b9100_0, 0, 16;
    %store/vec4 v0x595218719330_0, 0, 16;
    %store/vec4 v0x595218748e20_0, 0, 16;
    %store/vec4 v0x5952187b94e0_0, 0, 64;
    %callf/vec4 TD_tb_skag.dut.compute_weight, S_0x59521876b960;
    %load/vec4 v0x5952187ba040_0;
    %pad/u 10;
    %ix/vec4 3;
    %ix/load 4, 0, 0; Constant delay
    %assign/vec4/a/d v0x5952187bbb30, 0, 4;
T_1.10 ;
    %load/vec4 v0x5952187bad10_0;
    %assign/vec4 v0x5952187baa90_0, 0;
    %load/vec4 v0x5952187bab50_0;
    %assign/vec4 v0x5952187ba8f0_0, 0;
    %load/vec4 v0x5952187bad10_0;
    %flag_set/vec4 8;
    %flag_get/vec4 8;
    %jmp/0 T_1.14, 8;
    %load/vec4 v0x5952187ba750_0;
    %flag_set/vec4 9;
    %flag_get/vec4 9;
    %jmp/0 T_1.18, 9;
    %load/vec4 v0x5952187bab50_0;
    %load/vec4 v0x5952187ba4d0_0;
    %cmp/e;
    %flag_get/vec4 4;
    %and;
T_1.18;
    %flag_set/vec4 8;
    %jmp/1 T_1.17, 8;
    %load/vec4 v0x5952187bb2d0_0;
    %flag_set/vec4 10;
    %flag_get/vec4 10;
    %jmp/0 T_1.19, 10;
    %load/vec4 v0x5952187bab50_0;
    %load/vec4 v0x5952187bb110_0;
    %cmp/e;
    %flag_get/vec4 4;
    %and;
T_1.19;
    %flag_set/vec4 9;
    %flag_or 8, 9;
T_1.17;
    %jmp/1 T_1.16, 8;
    %load/vec4 v0x5952187bb630_0;
    %flag_set/vec4 10;
    %flag_get/vec4 10;
    %jmp/0 T_1.20, 10;
    %load/vec4 v0x5952187bab50_0;
    %load/vec4 v0x5952187bb470_0;
    %cmp/e;
    %flag_get/vec4 4;
    %and;
T_1.20;
    %flag_set/vec4 9;
    %flag_or 8, 9;
T_1.16;
    %flag_get/vec4 8;
    %jmp/1 T_1.15, 8;
    %load/vec4 v0x5952187bb990_0;
    %flag_set/vec4 8;
    %flag_get/vec4 8;
    %jmp/0 T_1.21, 8;
    %load/vec4 v0x5952187bab50_0;
    %load/vec4 v0x5952187bb7d0_0;
    %cmp/e;
    %flag_get/vec4 4;
    %and;
T_1.21;
    %or;
T_1.15;
    %and;
T_1.14;
    %assign/vec4 v0x5952187ba9d0_0, 0;
T_1.1 ;
    %jmp T_1;
    .thread T_1;
    .scope S_0x5952187891a0;
T_2 ;
    %pushi/vec4 0, 0, 1;
    %store/vec4 v0x5952187bc410_0, 0, 1;
T_2.0 ;
    %delay 5000, 0;
    %load/vec4 v0x5952187bc410_0;
    %inv;
    %store/vec4 v0x5952187bc410_0, 0, 1;
    %jmp T_2.0;
    %end;
    .thread T_2;
    .scope S_0x5952187891a0;
T_3 ;
    %vpi_func 3 81 "$value$plusargs" 32, "VECTORS=%s", v0x5952187bdac0_0 {0 0 0};
    %nor/r;
    %flag_set/vec4 8;
    %jmp/0xz  T_3.0, 8;
    %pushi/vec4 0, 0, 32; draw_string_vec4
    %pushi/vec4 0, 0, 32; draw_string_vec4
    %concat/vec4; draw_string_vec4
    %pushi/vec4 0, 0, 32; draw_string_vec4
    %concat/vec4; draw_string_vec4
    %pushi/vec4 0, 0, 32; draw_string_vec4
    %concat/vec4; draw_string_vec4
    %pushi/vec4 0, 0, 32; draw_string_vec4
    %concat/vec4; draw_string_vec4
    %pushi/vec4 0, 0, 32; draw_string_vec4
    %concat/vec4; draw_string_vec4
    %pushi/vec4 0, 0, 32; draw_string_vec4
    %concat/vec4; draw_string_vec4
    %pushi/vec4 0, 0, 32; draw_string_vec4
    %concat/vec4; draw_string_vec4
    %pushi/vec4 0, 0, 32; draw_string_vec4
    %concat/vec4; draw_string_vec4
    %pushi/vec4 0, 0, 32; draw_string_vec4
    %concat/vec4; draw_string_vec4
    %pushi/vec4 0, 0, 32; draw_string_vec4
    %concat/vec4; draw_string_vec4
    %pushi/vec4 0, 0, 32; draw_string_vec4
    %concat/vec4; draw_string_vec4
    %pushi/vec4 0, 0, 32; draw_string_vec4
    %concat/vec4; draw_string_vec4
    %pushi/vec4 0, 0, 32; draw_string_vec4
    %concat/vec4; draw_string_vec4
    %pushi/vec4 0, 0, 32; draw_string_vec4
    %concat/vec4; draw_string_vec4
    %pushi/vec4 0, 0, 32; draw_string_vec4
    %concat/vec4; draw_string_vec4
    %pushi/vec4 0, 0, 32; draw_string_vec4
    %concat/vec4; draw_string_vec4
    %pushi/vec4 0, 0, 32; draw_string_vec4
    %concat/vec4; draw_string_vec4
    %pushi/vec4 0, 0, 32; draw_string_vec4
    %concat/vec4; draw_string_vec4
    %pushi/vec4 0, 0, 32; draw_string_vec4
    %concat/vec4; draw_string_vec4
    %pushi/vec4 0, 0, 32; draw_string_vec4
    %concat/vec4; draw_string_vec4
    %pushi/vec4 0, 0, 32; draw_string_vec4
    %concat/vec4; draw_string_vec4
    %pushi/vec4 0, 0, 32; draw_string_vec4
    %concat/vec4; draw_string_vec4
    %pushi/vec4 0, 0, 32; draw_string_vec4
    %concat/vec4; draw_string_vec4
    %pushi/vec4 0, 0, 32; draw_string_vec4
    %concat/vec4; draw_string_vec4
    %pushi/vec4 0, 0, 32; draw_string_vec4
    %concat/vec4; draw_string_vec4
    %pushi/vec4 0, 0, 32; draw_string_vec4
    %concat/vec4; draw_string_vec4
    %pushi/vec4 1952591731, 0, 32; draw_string_vec4
    %concat/vec4; draw_string_vec4
    %pushi/vec4 1801545567, 0, 32; draw_string_vec4
    %concat/vec4; draw_string_vec4
    %pushi/vec4 1986356084, 0, 32; draw_string_vec4
    %concat/vec4; draw_string_vec4
    %pushi/vec4 1869771566, 0, 32; draw_string_vec4
    %concat/vec4; draw_string_vec4
    %pushi/vec4 1835363688, 0, 32; draw_string_vec4
    %concat/vec4; draw_string_vec4
    %store/vec4 v0x5952187bdac0_0, 0, 1024;
T_3.0 ;
    %vpi_func 3 83 "$value$plusargs" 32, "LOG=%s", v0x5952187bd220_0 {0 0 0};
    %nor/r;
    %flag_set/vec4 8;
    %jmp/0xz  T_3.2, 8;
    %pushi/vec4 0, 0, 32; draw_string_vec4
    %pushi/vec4 0, 0, 32; draw_string_vec4
    %concat/vec4; draw_string_vec4
    %pushi/vec4 0, 0, 32; draw_string_vec4
    %concat/vec4; draw_string_vec4
    %pushi/vec4 0, 0, 32; draw_string_vec4
    %concat/vec4; draw_string_vec4
    %pushi/vec4 0, 0, 32; draw_string_vec4
    %concat/vec4; draw_string_vec4
    %pushi/vec4 0, 0, 32; draw_string_vec4
    %concat/vec4; draw_string_vec4
    %pushi/vec4 0, 0, 32; draw_string_vec4
    %concat/vec4; draw_string_vec4
    %pushi/vec4 0, 0, 32; draw_string_vec4
    %concat/vec4; draw_string_vec4
    %pushi/vec4 0, 0, 32; draw_string_vec4
    %concat/vec4; draw_string_vec4
    %pushi/vec4 0, 0, 32; draw_string_vec4
    %concat/vec4; draw_string_vec4
    %pushi/vec4 0, 0, 32; draw_string_vec4
    %concat/vec4; draw_string_vec4
    %pushi/vec4 0, 0, 32; draw_string_vec4
    %concat/vec4; draw_string_vec4
    %pushi/vec4 0, 0, 32; draw_string_vec4
    %concat/vec4; draw_string_vec4
    %pushi/vec4 0, 0, 32; draw_string_vec4
    %concat/vec4; draw_string_vec4
    %pushi/vec4 0, 0, 32; draw_string_vec4
    %concat/vec4; draw_string_vec4
    %pushi/vec4 0, 0, 32; draw_string_vec4
    %concat/vec4; draw_string_vec4
    %pushi/vec4 0, 0, 32; draw_string_vec4
    %concat/vec4; draw_string_vec4
    %pushi/vec4 0, 0, 32; draw_string_vec4
    %concat/vec4; draw_string_vec4
    %pushi/vec4 0, 0, 32; draw_string_vec4
    %concat/vec4; draw_string_vec4
    %pushi/vec4 0, 0, 32; draw_string_vec4
    %concat/vec4; draw_string_vec4
    %pushi/vec4 0, 0, 32; draw_string_vec4
    %concat/vec4; draw_string_vec4
    %pushi/vec4 0, 0, 32; draw_string_vec4
    %concat/vec4; draw_string_vec4
    %pushi/vec4 0, 0, 32; draw_string_vec4
    %concat/vec4; draw_string_vec4
    %pushi/vec4 7497075, 0, 32; draw_string_vec4
    %concat/vec4; draw_string_vec4
    %pushi/vec4 1970041971, 0, 32; draw_string_vec4
    %concat/vec4; draw_string_vec4
    %pushi/vec4 795895905, 0, 32; draw_string_vec4
    %concat/vec4; draw_string_vec4
    %pushi/vec4 1936011823, 0, 32; draw_string_vec4
    %concat/vec4; draw_string_vec4
    %pushi/vec4 1936417127, 0, 32; draw_string_vec4
    %concat/vec4; draw_string_vec4
    %pushi/vec4 1601399149, 0, 32; draw_string_vec4
    %concat/vec4; draw_string_vec4
    %pushi/vec4 1601332595, 0, 32; draw_string_vec4
    %concat/vec4; draw_string_vec4
    %pushi/vec4 1970041971, 0, 32; draw_string_vec4
    %concat/vec4; draw_string_vec4
    %pushi/vec4 778269558, 0, 32; draw_string_vec4
    %concat/vec4; draw_string_vec4
    %store/vec4 v0x5952187bd220_0, 0, 1024;
T_3.2 ;
    %vpi_func 3 85 "$value$plusargs" 32, "SUMMARY=%s", v0x5952187bd630_0 {0 0 0};
    %nor/r;
    %flag_set/vec4 8;
    %jmp/0xz  T_3.4, 8;
    %pushi/vec4 0, 0, 32; draw_string_vec4
    %pushi/vec4 0, 0, 32; draw_string_vec4
    %concat/vec4; draw_string_vec4
    %pushi/vec4 0, 0, 32; draw_string_vec4
    %concat/vec4; draw_string_vec4
    %pushi/vec4 0, 0, 32; draw_string_vec4
    %concat/vec4; draw_string_vec4
    %pushi/vec4 0, 0, 32; draw_string_vec4
    %concat/vec4; draw_string_vec4
    %pushi/vec4 0, 0, 32; draw_string_vec4
    %concat/vec4; draw_string_vec4
    %pushi/vec4 0, 0, 32; draw_string_vec4
    %concat/vec4; draw_string_vec4
    %pushi/vec4 0, 0, 32; draw_string_vec4
    %concat/vec4; draw_string_vec4
    %pushi/vec4 0, 0, 32; draw_string_vec4
    %concat/vec4; draw_string_vec4
    %pushi/vec4 0, 0, 32; draw_string_vec4
    %concat/vec4; draw_string_vec4
    %pushi/vec4 0, 0, 32; draw_string_vec4
    %concat/vec4; draw_string_vec4
    %pushi/vec4 0, 0, 32; draw_string_vec4
    %concat/vec4; draw_string_vec4
    %pushi/vec4 0, 0, 32; draw_string_vec4
    %concat/vec4; draw_string_vec4
    %pushi/vec4 0, 0, 32; draw_string_vec4
    %concat/vec4; draw_string_vec4
    %pushi/vec4 0, 0, 32; draw_string_vec4
    %concat/vec4; draw_string_vec4
    %pushi/vec4 0, 0, 32; draw_string_vec4
    %concat/vec4; draw_string_vec4
    %pushi/vec4 0, 0, 32; draw_string_vec4
    %concat/vec4; draw_string_vec4
    %pushi/vec4 0, 0, 32; draw_string_vec4
    %concat/vec4; draw_string_vec4
    %pushi/vec4 0, 0, 32; draw_string_vec4
    %concat/vec4; draw_string_vec4
    %pushi/vec4 0, 0, 32; draw_string_vec4
    %concat/vec4; draw_string_vec4
    %pushi/vec4 0, 0, 32; draw_string_vec4
    %concat/vec4; draw_string_vec4
    %pushi/vec4 0, 0, 32; draw_string_vec4
    %concat/vec4; draw_string_vec4
    %pushi/vec4 0, 0, 32; draw_string_vec4
    %concat/vec4; draw_string_vec4
    %pushi/vec4 7497075, 0, 32; draw_string_vec4
    %concat/vec4; draw_string_vec4
    %pushi/vec4 1970041971, 0, 32; draw_string_vec4
    %concat/vec4; draw_string_vec4
    %pushi/vec4 795895905, 0, 32; draw_string_vec4
    %concat/vec4; draw_string_vec4
    %pushi/vec4 1936011823, 0, 32; draw_string_vec4
    %concat/vec4; draw_string_vec4
    %pushi/vec4 1936417127, 0, 32; draw_string_vec4
    %concat/vec4; draw_string_vec4
    %pushi/vec4 1601399149, 0, 32; draw_string_vec4
    %concat/vec4; draw_string_vec4
    %pushi/vec4 1601402221, 0, 32; draw_string_vec4
    %concat/vec4; draw_string_vec4
    %pushi/vec4 1835102841, 0, 32; draw_string_vec4
    %concat/vec4; draw_string_vec4
    %pushi/vec4 779384948, 0, 32; draw_string_vec4
    %concat/vec4; draw_string_vec4
    %store/vec4 v0x5952187bd630_0, 0, 1024;
T_3.4 ;
    %vpi_call/w 3 88 "$display", "[TB_SKAG] vectors=%0s", v0x5952187bdac0_0 {0 0 0};
    %vpi_call/w 3 89 "$display", "[TB_SKAG] log=%0s", v0x5952187bd220_0 {0 0 0};
    %vpi_call/w 3 90 "$display", "[TB_SKAG] summary=%0s", v0x5952187bd630_0 {0 0 0};
    %vpi_call/w 3 92 "$readmemh", v0x5952187bdac0_0, v0x5952187bd710 {0 0 0};
    %pushi/vec4 0, 0, 32;
    %store/vec4 v0x5952187bd7d0_0, 0, 32;
    %pushi/vec4 0, 0, 32;
    %store/vec4 v0x5952187bd0e0_0, 0, 32;
T_3.6 ;
    %load/vec4 v0x5952187bd0e0_0;
    %cmpi/s 256, 0, 32;
    %jmp/0xz T_3.7, 5;
    %load/vec4 v0x5952187bd7d0_0;
    %load/vec4 v0x5952187bd0e0_0;
    %cmp/e;
    %flag_get/vec4 4;
    %jmp/0 T_3.10, 4;
    %ix/getv/s 4, v0x5952187bd0e0_0;
    %load/vec4a v0x5952187bd710, 4;
    %xor/r;
    %pushi/vec4 1, 1, 1;
    %cmp/ne;
    %flag_get/vec4 6;
    %and;
T_3.10;
    %flag_set/vec4 8;
    %jmp/0xz  T_3.8, 8;
    %load/vec4 v0x5952187bd7d0_0;
    %addi 1, 0, 32;
    %store/vec4 v0x5952187bd7d0_0, 0, 32;
T_3.8 ;
    %load/vec4 v0x5952187bd0e0_0;
    %addi 1, 0, 32;
    %store/vec4 v0x5952187bd0e0_0, 0, 32;
    %jmp T_3.6;
T_3.7 ;
    %pushi/vec4 0, 0, 32;
    %store/vec4 v0x5952187bc7c0_0, 0, 32;
    %pushi/vec4 0, 0, 32;
    %store/vec4 v0x5952187bd3c0_0, 0, 32;
    %pushi/vec4 0, 0, 32;
    %store/vec4 v0x5952187bd2e0_0, 0, 32;
    %vpi_func 3 103 "$fopen" 32, v0x5952187bd220_0, "w" {0 0 0};
    %store/vec4 v0x5952187bd180_0, 0, 32;
    %load/vec4 v0x5952187bd180_0;
    %cmpi/e 0, 0, 32;
    %jmp/0xz  T_3.11, 4;
    %vpi_call/w 3 105 "$display", "[TB_SKAG] ERROR: could not open log file." {0 0 0};
    %vpi_call/w 3 106 "$finish" {0 0 0};
T_3.11 ;
    %vpi_call/w 3 108 "$fdisplay", v0x5952187bd180_0, "cycle,cfg_we,cfg_addr,cfg_wdata,fdpe_valid,fdpe_addr,fdpe_fidelity,ga_rd_en,ga_rd_addr,exp_ga_valid,obs_ga_valid,exp_ga_edge,obs_ga_edge,exp_ga_weight,obs_ga_weight,pass" {0 0 0};
    %pushi/vec4 0, 0, 1;
    %store/vec4 v0x5952187bc340_0, 0, 1;
    %pushi/vec4 0, 0, 8;
    %store/vec4 v0x5952187bc1d0_0, 0, 8;
    %pushi/vec4 0, 0, 64;
    %store/vec4 v0x5952187bc270_0, 0, 64;
    %pushi/vec4 0, 0, 1;
    %store/vec4 v0x5952187bcb30_0, 0, 1;
    %pushi/vec4 0, 0, 8;
    %store/vec4 v0x5952187bc8a0_0, 0, 8;
    %pushi/vec4 0, 0, 16;
    %store/vec4 v0x5952187bca60_0, 0, 16;
    %pushi/vec4 0, 0, 1;
    %store/vec4 v0x5952187bce70_0, 0, 1;
    %pushi/vec4 0, 0, 8;
    %store/vec4 v0x5952187bccd0_0, 0, 8;
    %pushi/vec4 256, 0, 16;
    %store/vec4 v0x595218787790_0, 0, 16;
    %pushi/vec4 384, 0, 16;
    %store/vec4 v0x5952187bbf30_0, 0, 16;
    %pushi/vec4 128, 0, 16;
    %store/vec4 v0x5952187bc000_0, 0, 16;
    %pushi/vec4 512, 0, 16;
    %store/vec4 v0x5952187bc100_0, 0, 16;
    %pushi/vec4 0, 0, 1;
    %store/vec4 v0x5952187bd4a0_0, 0, 1;
    %pushi/vec4 3, 0, 32;
T_3.13 %dup/vec4;
    %pushi/vec4 0, 0, 32;
    %cmp/s;
    %jmp/1xz T_3.14, 5;
    %jmp/1 T_3.14, 4;
    %pushi/vec4 1, 0, 32;
    %sub;
    %wait E_0x595218757ce0;
    %jmp T_3.13;
T_3.14 ;
    %pop/vec4 1;
    %pushi/vec4 1, 0, 1;
    %store/vec4 v0x5952187bd4a0_0, 0, 1;
    %wait E_0x595218757ce0;
    %pushi/vec4 0, 0, 32;
    %store/vec4 v0x5952187bd0e0_0, 0, 32;
T_3.15 ;
    %load/vec4 v0x5952187bd0e0_0;
    %load/vec4 v0x5952187bd7d0_0;
    %cmp/s;
    %jmp/0xz T_3.16, 5;
    %ix/getv/s 4, v0x5952187bd0e0_0;
    %load/vec4a v0x5952187bd710, 4;
    %store/vec4 v0x5952187bc4e0_0, 0, 208;
    %load/vec4 v0x5952187bc4e0_0;
    %parti/s 1, 207, 9;
    %store/vec4 v0x5952187bc340_0, 0, 1;
    %load/vec4 v0x5952187bc4e0_0;
    %parti/s 8, 199, 9;
    %store/vec4 v0x5952187bc1d0_0, 0, 8;
    %load/vec4 v0x5952187bc4e0_0;
    %parti/s 64, 135, 9;
    %store/vec4 v0x5952187bc270_0, 0, 64;
    %load/vec4 v0x5952187bc4e0_0;
    %parti/s 1, 134, 9;
    %store/vec4 v0x5952187bcb30_0, 0, 1;
    %load/vec4 v0x5952187bc4e0_0;
    %parti/s 8, 126, 8;
    %store/vec4 v0x5952187bc8a0_0, 0, 8;
    %load/vec4 v0x5952187bc4e0_0;
    %parti/s 16, 110, 8;
    %store/vec4 v0x5952187bca60_0, 0, 16;
    %load/vec4 v0x5952187bc4e0_0;
    %parti/s 1, 109, 8;
    %store/vec4 v0x5952187bce70_0, 0, 1;
    %load/vec4 v0x5952187bc4e0_0;
    %parti/s 8, 101, 8;
    %store/vec4 v0x5952187bccd0_0, 0, 8;
    %load/vec4 v0x5952187bc4e0_0;
    %parti/s 1, 100, 8;
    %store/vec4 v0x5952187bc620_0, 0, 1;
    %load/vec4 v0x5952187bc4e0_0;
    %parti/s 64, 36, 7;
    %store/vec4 v0x5952187bc580_0, 0, 64;
    %load/vec4 v0x5952187bc4e0_0;
    %parti/s 32, 4, 4;
    %store/vec4 v0x5952187bc6e0_0, 0, 32;
    %wait E_0x595218757ce0;
    %delay 1000, 0;
    %load/vec4 v0x5952187bc6e0_0;
    %load/vec4 v0x5952187bd010_0;
    %cmp/u;
    %flag_or 5, 4;
    %flag_mov 8, 5;
    %jmp/0 T_3.17, 8;
    %load/vec4 v0x5952187bd010_0;
    %load/vec4 v0x5952187bc6e0_0;
    %sub;
    %jmp/1 T_3.18, 8;
T_3.17 ; End of true expr.
    %load/vec4 v0x5952187bc6e0_0;
    %load/vec4 v0x5952187bd010_0;
    %sub;
    %jmp/0 T_3.18, 8;
 ; End of false expr.
    %blend;
T_3.18;
    %store/vec4 v0x5952187bdba0_0, 0, 32;
    %load/vec4 v0x5952187bd2e0_0;
    %load/vec4 v0x5952187bdba0_0;
    %cmp/s;
    %jmp/0xz  T_3.19, 5;
    %load/vec4 v0x5952187bdba0_0;
    %store/vec4 v0x5952187bd2e0_0, 0, 32;
T_3.19 ;
    %load/vec4 v0x5952187bcf40_0;
    %load/vec4 v0x5952187bc620_0;
    %cmp/ne;
    %jmp/1 T_3.23, 6;
    %flag_mov 8, 6;
    %load/vec4 v0x5952187bc620_0;
    %flag_set/vec4 10;
    %flag_get/vec4 10;
    %jmp/0 T_3.24, 10;
    %load/vec4 v0x5952187bcda0_0;
    %load/vec4 v0x5952187bc580_0;
    %cmp/ne;
    %flag_get/vec4 6;
    %jmp/1 T_3.25, 6;
    %load/vec4 v0x5952187bd010_0;
    %load/vec4 v0x5952187bc6e0_0;
    %cmp/ne;
    %flag_get/vec4 6;
    %or;
T_3.25;
    %and;
T_3.24;
    %flag_set/vec4 9;
    %flag_or 9, 8;
    %flag_mov 6, 9;
T_3.23;
    %jmp/0xz  T_3.21, 6;
    %load/vec4 v0x5952187bc7c0_0;
    %addi 1, 0, 32;
    %store/vec4 v0x5952187bc7c0_0, 0, 32;
    %vpi_call/w 3 154 "$display", "[TB_SKAG][MISMATCH] cycle=%0d exp_valid=%0d obs_valid=%0d exp_edge=%h obs_edge=%h exp_weight=%h obs_weight=%h", v0x5952187bd0e0_0, v0x5952187bc620_0, v0x5952187bcf40_0, v0x5952187bc580_0, v0x5952187bcda0_0, v0x5952187bc6e0_0, v0x5952187bd010_0 {0 0 0};
    %vpi_call/w 3 156 "$fdisplay", v0x5952187bd180_0, "%0d,%0d,%0d,%016h,%0d,%0d,%0d,%0d,%0d,%0d,%0d,%016h,%016h,%08h,%08h,0", v0x5952187bd0e0_0, v0x5952187bc340_0, v0x5952187bc1d0_0, v0x5952187bc270_0, v0x5952187bcb30_0, v0x5952187bc8a0_0, v0x5952187bca60_0, v0x5952187bce70_0, v0x5952187bccd0_0, v0x5952187bc620_0, v0x5952187bcf40_0, v0x5952187bc580_0, v0x5952187bcda0_0, v0x5952187bc6e0_0, v0x5952187bd010_0 {0 0 0};
    %jmp T_3.22;
T_3.21 ;
    %load/vec4 v0x5952187bd3c0_0;
    %addi 1, 0, 32;
    %store/vec4 v0x5952187bd3c0_0, 0, 32;
    %vpi_call/w 3 161 "$fdisplay", v0x5952187bd180_0, "%0d,%0d,%0d,%016h,%0d,%0d,%0d,%0d,%0d,%0d,%0d,%016h,%016h,%08h,%08h,1", v0x5952187bd0e0_0, v0x5952187bc340_0, v0x5952187bc1d0_0, v0x5952187bc270_0, v0x5952187bcb30_0, v0x5952187bc8a0_0, v0x5952187bca60_0, v0x5952187bce70_0, v0x5952187bccd0_0, v0x5952187bc620_0, v0x5952187bcf40_0, v0x5952187bc580_0, v0x5952187bcda0_0, v0x5952187bc6e0_0, v0x5952187bd010_0 {0 0 0};
T_3.22 ;
    %load/vec4 v0x5952187bd0e0_0;
    %addi 1, 0, 32;
    %store/vec4 v0x5952187bd0e0_0, 0, 32;
    %jmp T_3.15;
T_3.16 ;
    %vpi_call/w 3 167 "$fclose", v0x5952187bd180_0 {0 0 0};
    %vpi_func 3 169 "$fopen" 32, v0x5952187bd630_0, "w" {0 0 0};
    %store/vec4 v0x5952187bd570_0, 0, 32;
    %vpi_call/w 3 170 "$fdisplay", v0x5952187bd570_0, "SKAG simulation summary" {0 0 0};
    %vpi_call/w 3 171 "$fdisplay", v0x5952187bd570_0, "vector_count=%0d", v0x5952187bd7d0_0 {0 0 0};
    %vpi_call/w 3 172 "$fdisplay", v0x5952187bd570_0, "pass_count=%0d", v0x5952187bd3c0_0 {0 0 0};
    %vpi_call/w 3 173 "$fdisplay", v0x5952187bd570_0, "fail_count=%0d", v0x5952187bc7c0_0 {0 0 0};
    %vpi_call/w 3 174 "$fdisplay", v0x5952187bd570_0, "max_weight_diff=%0d", v0x5952187bd2e0_0 {0 0 0};
    %vpi_call/w 3 175 "$fclose", v0x5952187bd570_0 {0 0 0};
    %load/vec4 v0x5952187bc7c0_0;
    %cmpi/e 0, 0, 32;
    %jmp/0xz  T_3.26, 4;
    %vpi_call/w 3 178 "$display", "[TB_SKAG] PASS: vectors=%0d max_weight_diff=%0d", v0x5952187bd7d0_0, v0x5952187bd2e0_0 {0 0 0};
    %jmp T_3.27;
T_3.26 ;
    %vpi_call/w 3 180 "$display", "[TB_SKAG] FAIL: fails=%0d max_weight_diff=%0d", v0x5952187bc7c0_0, v0x5952187bd2e0_0 {0 0 0};
    %vpi_call/w 3 181 "$fatal", 32'sb00000000000000000000000000000001, "[TB_SKAG] Simulation failed." {0 0 0};
T_3.27 ;
    %vpi_call/w 3 184 "$finish" {0 0 0};
    %end;
    .thread T_3;
# The file index is used to find the file name in the following table.
:file_names 5;
    "N/A";
    "<interactive>";
    "-";
    "tb/tb_skag.v";
    "rtl/skag_mem.v";
