#! /usr/bin/vvp
:ivl_version "12.0 (stable)";
:ivl_delay_selection "TYPICAL";
:vpi_time_precision - 12;
:vpi_module "/usr/lib/x86_64-linux-gnu/ivl/system.vpi";
:vpi_module "/usr/lib/x86_64-linux-gnu/ivl/vhdl_sys.vpi";
:vpi_module "/usr/lib/x86_64-linux-gnu/ivl/vhdl_textio.vpi";
:vpi_module "/usr/lib/x86_64-linux-gnu/ivl/v2005_math.vpi";
:vpi_module "/usr/lib/x86_64-linux-gnu/ivl/va_math.vpi";
:vpi_module "/usr/lib/x86_64-linux-gnu/ivl/v2009.vpi";
S_0x6086b28adc00 .scope package, "$unit" "$unit" 2 1;
 .timescale 0 0;
S_0x6086b28ada70 .scope module, "tb_skag_bram" "tb_skag_bram" 3 3;
 .timescale -9 -12;
P_0x6086b28ac3e0 .param/l "ADDR_W" 1 3 4, +C4<00000000000000000000000000001000>;
P_0x6086b28ac420 .param/l "MAX_VECTORS" 1 3 5, +C4<00000000000000000000000100000000>;
P_0x6086b28ac460 .param/l "VEC_W" 1 3 6, +C4<00000000000000000000000011010000>;
v0x6086b28ac060_0 .var "alpha1_q8_8", 15 0;
v0x6086b28f0fb0_0 .var "alpha2_q8_8", 15 0;
v0x6086b28f1050_0 .var "alpha3_q8_8", 15 0;
v0x6086b28f10f0_0 .var "alpha4_q8_8", 15 0;
v0x6086b28f1190_0 .var "cfg_addr", 7 0;
v0x6086b28f1230_0 .var "cfg_wdata", 63 0;
v0x6086b28f12d0_0 .var "cfg_we", 0 0;
v0x6086b28f13a0_0 .var "clk", 0 0;
v0x6086b28f1470_0 .var "cur_vec", 207 0;
v0x6086b28f1510_0 .var "exp_ga_edge", 63 0;
v0x6086b28f15b0_0 .var "exp_ga_valid", 0 0;
v0x6086b28f1670_0 .var "exp_ga_weight", 31 0;
v0x6086b28f1750_0 .var/i "fail_count", 31 0;
v0x6086b28f1830_0 .var "fdpe_addr", 7 0;
v0x6086b28f1920_0 .net "fdpe_done", 0 0, v0x6086b28ef2b0_0;  1 drivers
v0x6086b28f19f0_0 .var "fdpe_fidelity", 15 0;
v0x6086b28f1ac0_0 .var "fdpe_valid", 0 0;
v0x6086b28f1b90_0 .net "fdpe_weight", 31 0, v0x6086b28efe50_0;  1 drivers
v0x6086b28f1c60_0 .var "ga_rd_addr", 7 0;
v0x6086b28f1d30_0 .net "ga_rd_edge", 63 0, v0x6086b28f04f0_0;  1 drivers
v0x6086b28f1e00_0 .var "ga_rd_en", 0 0;
v0x6086b28f1ed0_0 .net "ga_rd_valid", 0 0, v0x6086b28f0690_0;  1 drivers
v0x6086b28f1fa0_0 .net "ga_rd_weight", 31 0, v0x6086b28f0750_0;  1 drivers
v0x6086b28f2070_0 .var/i "i", 31 0;
v0x6086b28f2110_0 .var/i "log_fd", 31 0;
v0x6086b28f21b0_0 .var "log_file", 1023 0;
v0x6086b28f2270_0 .var/i "max_weight_diff", 31 0;
v0x6086b28f2350_0 .var/i "pass_count", 31 0;
v0x6086b28f2430_0 .var "rst_n", 0 0;
v0x6086b28f2500_0 .var/i "summary_fd", 31 0;
v0x6086b28f25c0_0 .var "summary_file", 1023 0;
v0x6086b28f26a0 .array "vec_mem", 255 0, 207 0;
v0x6086b28f2760_0 .var/i "vector_count", 31 0;
v0x6086b28f2a50_0 .var "vectors_file", 1023 0;
v0x6086b28f2b30_0 .var/i "weight_diff", 31 0;
S_0x6086b2888cc0 .scope module, "dut" "skag_mem_bram" 3 53, 4 3 0, S_0x6086b28ada70;
 .timescale -9 -12;
    .port_info 0 /INPUT 1 "clk";
    .port_info 1 /INPUT 1 "rst_n";
    .port_info 2 /INPUT 1 "cfg_we_i";
    .port_info 3 /INPUT 8 "cfg_addr_i";
    .port_info 4 /INPUT 64 "cfg_wdata_i";
    .port_info 5 /INPUT 1 "fdpe_upd_valid_i";
    .port_info 6 /INPUT 8 "fdpe_addr_i";
    .port_info 7 /INPUT 16 "fdpe_fidelity_i";
    .port_info 8 /INPUT 16 "alpha1_q8_8_i";
    .port_info 9 /INPUT 16 "alpha2_q8_8_i";
    .port_info 10 /INPUT 16 "alpha3_q8_8_i";
    .port_info 11 /INPUT 16 "alpha4_q8_8_i";
    .port_info 12 /INPUT 1 "ga_rd_en_i";
    .port_info 13 /INPUT 8 "ga_rd_addr_i";
    .port_info 14 /OUTPUT 64 "ga_rd_edge_o";
    .port_info 15 /OUTPUT 32 "ga_rd_weight_o";
    .port_info 16 /OUTPUT 1 "ga_rd_valid_o";
    .port_info 17 /OUTPUT 1 "fdpe_done_o";
    .port_info 18 /OUTPUT 32 "fdpe_weight_o";
P_0x6086b28ab4f0 .param/l "ADDR_W" 0 4 4, +C4<00000000000000000000000000001000>;
P_0x6086b28ab530 .param/l "DEPTH" 0 4 5, +C4<00000000000000000000000100000000>;
P_0x6086b28ab570 .param/l "INF_WEIGHT" 1 4 28, C4<11111111111111111111111111111111>;
L_0x6086b28abb90 .functor BUFZ 1, v0x6086b28efcd0_0, C4<0>, C4<0>, C4<0>;
L_0x6086b28b3750 .functor AND 1, L_0x6086b28f2c90, L_0x6086b28f2d90, C4<1>, C4<1>;
L_0x6086b28b8160 .functor AND 1, L_0x6086b28b3750, L_0x6086b28f2f10, C4<1>, C4<1>;
L_0x6086b28a1710 .functor AND 1, L_0x6086b28b8160, v0x6086b28f1ac0_0, C4<1>, C4<1>;
L_0x6086b28a2150 .functor AND 1, L_0x6086b28f3170, L_0x6086b28f3290, C4<1>, C4<1>;
L_0x6086b28a2860 .functor AND 1, L_0x6086b28a2150, v0x6086b28f12d0_0, C4<1>, C4<1>;
L_0x6086b28b91b0 .functor OR 1, L_0x6086b28a2860, L_0x6086b28abb90, C4<0>, C4<0>;
v0x6086b28dda50_0 .net *"_ivl_11", 0 0, L_0x6086b28b8160;  1 drivers
v0x6086b28ddb30_0 .net *"_ivl_15", 0 0, L_0x6086b28f3170;  1 drivers
v0x6086b28ddbf0_0 .net *"_ivl_17", 0 0, L_0x6086b28f3290;  1 drivers
v0x6086b28ddc90_0 .net *"_ivl_19", 0 0, L_0x6086b28a2150;  1 drivers
v0x6086b28ddd50_0 .net *"_ivl_27", 15 0, L_0x6086b28f3680;  1 drivers
v0x6086b28dde30_0 .net *"_ivl_3", 0 0, L_0x6086b28f2c90;  1 drivers
v0x6086b28ddef0_0 .net *"_ivl_5", 0 0, L_0x6086b28f2d90;  1 drivers
v0x6086b28ddfb0_0 .net *"_ivl_7", 0 0, L_0x6086b28b3750;  1 drivers
v0x6086b28de070_0 .net *"_ivl_9", 0 0, L_0x6086b28f2f10;  1 drivers
v0x6086b28de1c0_0 .var "a_arrival_dout", 15 0;
v0x6086b28de2a0_0 .var "a_key_dout", 15 0;
v0x6086b28de380_0 .var "a_qber_dout", 15 0;
v0x6086b28de460_0 .net "a_use_cfg", 0 0, L_0x6086b28a2860;  1 drivers
v0x6086b28de520_0 .net "a_use_fdpe_read", 0 0, L_0x6086b28a1710;  1 drivers
v0x6086b28de5e0_0 .net "a_use_fdpe_write", 0 0, L_0x6086b28abb90;  1 drivers
v0x6086b28de6a0_0 .net "alpha1_q8_8_i", 15 0, v0x6086b28ac060_0;  1 drivers
v0x6086b28de780_0 .net "alpha2_q8_8_i", 15 0, v0x6086b28f0fb0_0;  1 drivers
v0x6086b28de860_0 .net "alpha3_q8_8_i", 15 0, v0x6086b28f1050_0;  1 drivers
v0x6086b28de940_0 .net "alpha4_q8_8_i", 15 0, v0x6086b28f10f0_0;  1 drivers
v0x6086b28dea20 .array "arrival_mem", 255 0, 15 0;
v0x6086b28eeb10_0 .var "b_arrival_dout", 15 0;
v0x6086b28eebf0_0 .var "b_fidelity_dout", 15 0;
v0x6086b28eecd0_0 .var "b_key_dout", 15 0;
v0x6086b28eedb0_0 .var "b_qber_dout", 15 0;
v0x6086b28eee90_0 .net "cfg_addr_i", 7 0, v0x6086b28f1190_0;  1 drivers
v0x6086b28eef70_0 .net "cfg_wdata_i", 63 0, v0x6086b28f1230_0;  1 drivers
v0x6086b28ef050_0 .net "cfg_we_i", 0 0, v0x6086b28f12d0_0;  1 drivers
v0x6086b28ef110_0 .net "clk", 0 0, v0x6086b28f13a0_0;  1 drivers
v0x6086b28ef1d0_0 .net "fdpe_addr_i", 7 0, v0x6086b28f1830_0;  1 drivers
v0x6086b28ef2b0_0 .var "fdpe_done_o", 0 0;
v0x6086b28ef370_0 .net "fdpe_fidelity_i", 15 0, v0x6086b28f19f0_0;  1 drivers
v0x6086b28ef450_0 .var "fdpe_s0_addr", 7 0;
v0x6086b28ef530_0 .var "fdpe_s0_fidelity", 15 0;
v0x6086b28ef610_0 .var "fdpe_s0_valid", 0 0;
v0x6086b28ef6d0_0 .var "fdpe_s1_addr", 7 0;
v0x6086b28ef7b0_0 .var "fdpe_s1_new_fidelity", 15 0;
v0x6086b28ef890_0 .var "fdpe_s1_new_weight", 31 0;
v0x6086b28ef970_0 .var "fdpe_s1_valid", 0 0;
v0x6086b28efa30_0 .var "fdpe_s2_addr", 7 0;
v0x6086b28efb10_0 .var "fdpe_s2_new_fidelity", 15 0;
v0x6086b28efbf0_0 .var "fdpe_s2_new_weight", 31 0;
v0x6086b28efcd0_0 .var "fdpe_s2_valid", 0 0;
v0x6086b28efd90_0 .net "fdpe_upd_valid_i", 0 0, v0x6086b28f1ac0_0;  1 drivers
v0x6086b28efe50_0 .var "fdpe_weight_o", 31 0;
v0x6086b28eff30 .array "fidelity_mem", 255 0, 15 0;
v0x6086b28f0010_0 .net "fidelity_waddr", 7 0, L_0x6086b28f3550;  1 drivers
v0x6086b28f00f0_0 .net "fidelity_wdata", 15 0, L_0x6086b28f3770;  1 drivers
v0x6086b28f01d0_0 .net "fidelity_we", 0 0, L_0x6086b28b91b0;  1 drivers
v0x6086b28f0290_0 .var "ga_conflict_pending", 0 0;
v0x6086b28f0350_0 .var "ga_pending", 0 0;
v0x6086b28f0410_0 .net "ga_rd_addr_i", 7 0, v0x6086b28f1c60_0;  1 drivers
v0x6086b28f04f0_0 .var "ga_rd_edge_o", 63 0;
v0x6086b28f05d0_0 .net "ga_rd_en_i", 0 0, v0x6086b28f1e00_0;  1 drivers
v0x6086b28f0690_0 .var "ga_rd_valid_o", 0 0;
v0x6086b28f0750_0 .var "ga_rd_weight_o", 31 0;
v0x6086b28f0830 .array "key_mem", 255 0, 15 0;
v0x6086b28f0910_0 .var "new_edge_v", 63 0;
v0x6086b28f09f0_0 .var "new_weight_v", 31 0;
v0x6086b28f0ad0 .array "qber_mem", 255 0, 15 0;
v0x6086b28f0bb0_0 .net "rst_n", 0 0, v0x6086b28f2430_0;  1 drivers
E_0x6086b287e4e0/0 .event negedge, v0x6086b28f0bb0_0;
E_0x6086b287e4e0/1 .event posedge, v0x6086b28ef110_0;
E_0x6086b287e4e0 .event/or E_0x6086b287e4e0/0, E_0x6086b287e4e0/1;
E_0x6086b287e850 .event posedge, v0x6086b28ef110_0;
L_0x6086b28f2c90 .reduce/nor v0x6086b28ef610_0;
L_0x6086b28f2d90 .reduce/nor v0x6086b28ef970_0;
L_0x6086b28f2f10 .reduce/nor v0x6086b28efcd0_0;
L_0x6086b28f3170 .reduce/nor L_0x6086b28abb90;
L_0x6086b28f3290 .reduce/nor L_0x6086b28a1710;
L_0x6086b28f3550 .functor MUXZ 8, v0x6086b28efa30_0, v0x6086b28f1190_0, L_0x6086b28a2860, C4<>;
L_0x6086b28f3680 .part v0x6086b28f1230_0, 16, 16;
L_0x6086b28f3770 .functor MUXZ 16, v0x6086b28efb10_0, L_0x6086b28f3680, L_0x6086b28a2860, C4<>;
S_0x6086b2888f90 .scope function.vec4.s32, "compute_weight" "compute_weight" 4 83, 4 83 0, S_0x6086b2888cc0;
 .timescale -9 -12;
v0x6086b2860150_0 .var "a1_q8_8", 15 0;
v0x6086b28b8280_0 .var "a2_q8_8", 15 0;
v0x6086b28a1830_0 .var "a3_q8_8", 15 0;
v0x6086b28a2270_0 .var "a4_q8_8", 15 0;
v0x6086b28a2980_0 .var "arrival_rate", 15 0;
; Variable compute_weight is vec4 return value of scope S_0x6086b2888f90
v0x6086b28dd270_0 .var "edge_i", 63 0;
v0x6086b28dd350_0 .var "fidelity", 15 0;
v0x6086b28dd430_0 .var "key_count", 15 0;
v0x6086b28dd510_0 .var "qber", 15 0;
v0x6086b28dd5f0_0 .var "sum", 63 0;
v0x6086b28dd6d0_0 .var "t1", 63 0;
v0x6086b28dd7b0_0 .var "t2", 63 0;
v0x6086b28dd890_0 .var "t3", 63 0;
v0x6086b28dd970_0 .var "t4", 63 0;
TD_tb_skag_bram.dut.compute_weight ;
    %load/vec4 v0x6086b28dd270_0;
    %parti/s 16, 0, 2;
    %store/vec4 v0x6086b28dd430_0, 0, 16;
    %load/vec4 v0x6086b28dd270_0;
    %parti/s 16, 16, 6;
    %store/vec4 v0x6086b28dd350_0, 0, 16;
    %load/vec4 v0x6086b28dd270_0;
    %parti/s 16, 32, 7;
    %store/vec4 v0x6086b28a2980_0, 0, 16;
    %load/vec4 v0x6086b28dd270_0;
    %parti/s 16, 48, 7;
    %store/vec4 v0x6086b28dd510_0, 0, 16;
    %load/vec4 v0x6086b28dd430_0;
    %cmpi/e 0, 0, 16;
    %jmp/1 T_0.3, 4;
    %flag_mov 8, 4;
    %load/vec4 v0x6086b28dd350_0;
    %cmpi/e 0, 0, 16;
    %flag_or 4, 8;
T_0.3;
    %jmp/1 T_0.2, 4;
    %flag_mov 8, 4;
    %load/vec4 v0x6086b28a2980_0;
    %cmpi/e 0, 0, 16;
    %flag_or 4, 8;
T_0.2;
    %jmp/0xz  T_0.0, 4;
    %pushi/vec4 4294967295, 0, 32;
    %ret/vec4 0, 0, 32;  Assign to compute_weight (store_vec4_to_lval)
    %jmp T_0.1;
T_0.0 ;
    %pushi/vec4 0, 0, 48;
    %load/vec4 v0x6086b2860150_0;
    %concat/vec4; draw_concat_vec4
    %ix/load 4, 8, 0;
    %flag_set/imm 4, 0;
    %shiftl 4;
    %load/vec4 v0x6086b28dd430_0;
    %pad/u 64;
    %div;
    %store/vec4 v0x6086b28dd6d0_0, 0, 64;
    %pushi/vec4 0, 0, 48;
    %load/vec4 v0x6086b28b8280_0;
    %concat/vec4; draw_concat_vec4
    %ix/load 4, 24, 0;
    %flag_set/imm 4, 0;
    %shiftl 4;
    %load/vec4 v0x6086b28dd350_0;
    %pad/u 64;
    %div;
    %store/vec4 v0x6086b28dd7b0_0, 0, 64;
    %pushi/vec4 0, 0, 48;
    %load/vec4 v0x6086b28a1830_0;
    %concat/vec4; draw_concat_vec4
    %ix/load 4, 16, 0;
    %flag_set/imm 4, 0;
    %shiftl 4;
    %load/vec4 v0x6086b28a2980_0;
    %pad/u 64;
    %div;
    %store/vec4 v0x6086b28dd890_0, 0, 64;
    %pushi/vec4 0, 0, 48;
    %load/vec4 v0x6086b28a2270_0;
    %concat/vec4; draw_concat_vec4
    %load/vec4 v0x6086b28dd510_0;
    %pad/u 64;
    %mul;
    %ix/load 4, 8, 0;
    %flag_set/imm 4, 0;
    %shiftr 4;
    %store/vec4 v0x6086b28dd970_0, 0, 64;
    %load/vec4 v0x6086b28dd6d0_0;
    %load/vec4 v0x6086b28dd7b0_0;
    %add;
    %load/vec4 v0x6086b28dd890_0;
    %add;
    %load/vec4 v0x6086b28dd970_0;
    %add;
    %store/vec4 v0x6086b28dd5f0_0, 0, 64;
    %load/vec4 v0x6086b28dd5f0_0;
    %parti/s 32, 32, 7;
    %cmpi/ne 0, 0, 32;
    %jmp/0xz  T_0.4, 4;
    %pushi/vec4 4294967295, 0, 32;
    %ret/vec4 0, 0, 32;  Assign to compute_weight (store_vec4_to_lval)
    %jmp T_0.5;
T_0.4 ;
    %load/vec4 v0x6086b28dd5f0_0;
    %parti/s 32, 0, 2;
    %ret/vec4 0, 0, 32;  Assign to compute_weight (store_vec4_to_lval)
T_0.5 ;
T_0.1 ;
    %end;
    .scope S_0x6086b2888cc0;
T_1 ;
    %wait E_0x6086b287e850;
    %load/vec4 v0x6086b28de460_0;
    %flag_set/vec4 8;
    %jmp/0xz  T_1.0, 8;
    %load/vec4 v0x6086b28eef70_0;
    %parti/s 16, 48, 7;
    %load/vec4 v0x6086b28eee90_0;
    %pad/u 10;
    %ix/vec4 3;
    %ix/load 4, 0, 0; Constant delay
    %assign/vec4/a/d v0x6086b28f0ad0, 0, 4;
T_1.0 ;
    %load/vec4 v0x6086b28de520_0;
    %flag_set/vec4 8;
    %jmp/0xz  T_1.2, 8;
    %load/vec4 v0x6086b28ef1d0_0;
    %pad/u 10;
    %ix/vec4 4;
    %load/vec4a v0x6086b28f0ad0, 4;
    %assign/vec4 v0x6086b28de380_0, 0;
T_1.2 ;
    %load/vec4 v0x6086b28f05d0_0;
    %flag_set/vec4 8;
    %jmp/0xz  T_1.4, 8;
    %load/vec4 v0x6086b28f0410_0;
    %pad/u 10;
    %ix/vec4 4;
    %load/vec4a v0x6086b28f0ad0, 4;
    %assign/vec4 v0x6086b28eedb0_0, 0;
T_1.4 ;
    %jmp T_1;
    .thread T_1;
    .scope S_0x6086b2888cc0;
T_2 ;
    %wait E_0x6086b287e850;
    %load/vec4 v0x6086b28de460_0;
    %flag_set/vec4 8;
    %jmp/0xz  T_2.0, 8;
    %load/vec4 v0x6086b28eef70_0;
    %parti/s 16, 32, 7;
    %load/vec4 v0x6086b28eee90_0;
    %pad/u 10;
    %ix/vec4 3;
    %ix/load 4, 0, 0; Constant delay
    %assign/vec4/a/d v0x6086b28dea20, 0, 4;
T_2.0 ;
    %load/vec4 v0x6086b28de520_0;
    %flag_set/vec4 8;
    %jmp/0xz  T_2.2, 8;
    %load/vec4 v0x6086b28ef1d0_0;
    %pad/u 10;
    %ix/vec4 4;
    %load/vec4a v0x6086b28dea20, 4;
    %assign/vec4 v0x6086b28de1c0_0, 0;
T_2.2 ;
    %load/vec4 v0x6086b28f05d0_0;
    %flag_set/vec4 8;
    %jmp/0xz  T_2.4, 8;
    %load/vec4 v0x6086b28f0410_0;
    %pad/u 10;
    %ix/vec4 4;
    %load/vec4a v0x6086b28dea20, 4;
    %assign/vec4 v0x6086b28eeb10_0, 0;
T_2.4 ;
    %jmp T_2;
    .thread T_2;
    .scope S_0x6086b2888cc0;
T_3 ;
    %wait E_0x6086b287e850;
    %load/vec4 v0x6086b28f01d0_0;
    %flag_set/vec4 8;
    %jmp/0xz  T_3.0, 8;
    %load/vec4 v0x6086b28f00f0_0;
    %load/vec4 v0x6086b28f0010_0;
    %pad/u 10;
    %ix/vec4 3;
    %ix/load 4, 0, 0; Constant delay
    %assign/vec4/a/d v0x6086b28eff30, 0, 4;
T_3.0 ;
    %load/vec4 v0x6086b28f05d0_0;
    %flag_set/vec4 8;
    %jmp/0xz  T_3.2, 8;
    %load/vec4 v0x6086b28f0410_0;
    %pad/u 10;
    %ix/vec4 4;
    %load/vec4a v0x6086b28eff30, 4;
    %assign/vec4 v0x6086b28eebf0_0, 0;
T_3.2 ;
    %jmp T_3;
    .thread T_3;
    .scope S_0x6086b2888cc0;
T_4 ;
    %wait E_0x6086b287e850;
    %load/vec4 v0x6086b28de460_0;
    %flag_set/vec4 8;
    %jmp/0xz  T_4.0, 8;
    %load/vec4 v0x6086b28eef70_0;
    %parti/s 16, 0, 2;
    %load/vec4 v0x6086b28eee90_0;
    %pad/u 10;
    %ix/vec4 3;
    %ix/load 4, 0, 0; Constant delay
    %assign/vec4/a/d v0x6086b28f0830, 0, 4;
T_4.0 ;
    %load/vec4 v0x6086b28de520_0;
    %flag_set/vec4 8;
    %jmp/0xz  T_4.2, 8;
    %load/vec4 v0x6086b28ef1d0_0;
    %pad/u 10;
    %ix/vec4 4;
    %load/vec4a v0x6086b28f0830, 4;
    %assign/vec4 v0x6086b28de2a0_0, 0;
T_4.2 ;
    %load/vec4 v0x6086b28f05d0_0;
    %flag_set/vec4 8;
    %jmp/0xz  T_4.4, 8;
    %load/vec4 v0x6086b28f0410_0;
    %pad/u 10;
    %ix/vec4 4;
    %load/vec4a v0x6086b28f0830, 4;
    %assign/vec4 v0x6086b28eecd0_0, 0;
T_4.4 ;
    %jmp T_4;
    .thread T_4;
    .scope S_0x6086b2888cc0;
T_5 ;
    %wait E_0x6086b287e4e0;
    %load/vec4 v0x6086b28f0bb0_0;
    %nor/r;
    %flag_set/vec4 8;
    %jmp/0xz  T_5.0, 8;
    %pushi/vec4 0, 0, 1;
    %assign/vec4 v0x6086b28ef610_0, 0;
    %pushi/vec4 0, 0, 8;
    %assign/vec4 v0x6086b28ef450_0, 0;
    %pushi/vec4 0, 0, 16;
    %assign/vec4 v0x6086b28ef530_0, 0;
    %pushi/vec4 0, 0, 1;
    %assign/vec4 v0x6086b28ef970_0, 0;
    %pushi/vec4 0, 0, 8;
    %assign/vec4 v0x6086b28ef6d0_0, 0;
    %pushi/vec4 0, 0, 16;
    %assign/vec4 v0x6086b28ef7b0_0, 0;
    %pushi/vec4 4294967295, 0, 32;
    %assign/vec4 v0x6086b28ef890_0, 0;
    %pushi/vec4 0, 0, 1;
    %assign/vec4 v0x6086b28efcd0_0, 0;
    %pushi/vec4 0, 0, 8;
    %assign/vec4 v0x6086b28efa30_0, 0;
    %pushi/vec4 0, 0, 16;
    %assign/vec4 v0x6086b28efb10_0, 0;
    %pushi/vec4 4294967295, 0, 32;
    %assign/vec4 v0x6086b28efbf0_0, 0;
    %pushi/vec4 0, 0, 1;
    %assign/vec4 v0x6086b28f0350_0, 0;
    %pushi/vec4 0, 0, 1;
    %assign/vec4 v0x6086b28f0290_0, 0;
    %pushi/vec4 0, 0, 64;
    %assign/vec4 v0x6086b28f04f0_0, 0;
    %pushi/vec4 4294967295, 0, 32;
    %assign/vec4 v0x6086b28f0750_0, 0;
    %pushi/vec4 0, 0, 1;
    %assign/vec4 v0x6086b28f0690_0, 0;
    %pushi/vec4 0, 0, 1;
    %assign/vec4 v0x6086b28ef2b0_0, 0;
    %pushi/vec4 4294967295, 0, 32;
    %assign/vec4 v0x6086b28efe50_0, 0;
    %jmp T_5.1;
T_5.0 ;
    %pushi/vec4 0, 0, 1;
    %assign/vec4 v0x6086b28ef2b0_0, 0;
    %pushi/vec4 0, 0, 1;
    %assign/vec4 v0x6086b28f0690_0, 0;
    %load/vec4 v0x6086b28f0350_0;
    %flag_set/vec4 8;
    %jmp/0xz  T_5.2, 8;
    %load/vec4 v0x6086b28f0290_0;
    %flag_set/vec4 8;
    %jmp/0xz  T_5.4, 8;
    %pushi/vec4 0, 0, 1;
    %assign/vec4 v0x6086b28f0690_0, 0;
    %pushi/vec4 0, 0, 64;
    %assign/vec4 v0x6086b28f04f0_0, 0;
    %pushi/vec4 4294967295, 0, 32;
    %assign/vec4 v0x6086b28f0750_0, 0;
    %jmp T_5.5;
T_5.4 ;
    %pushi/vec4 1, 0, 1;
    %assign/vec4 v0x6086b28f0690_0, 0;
    %load/vec4 v0x6086b28eedb0_0;
    %load/vec4 v0x6086b28eeb10_0;
    %concat/vec4; draw_concat_vec4
    %load/vec4 v0x6086b28eebf0_0;
    %concat/vec4; draw_concat_vec4
    %load/vec4 v0x6086b28eecd0_0;
    %concat/vec4; draw_concat_vec4
    %assign/vec4 v0x6086b28f04f0_0, 0;
    %load/vec4 v0x6086b28eedb0_0;
    %load/vec4 v0x6086b28eeb10_0;
    %concat/vec4; draw_concat_vec4
    %load/vec4 v0x6086b28eebf0_0;
    %concat/vec4; draw_concat_vec4
    %load/vec4 v0x6086b28eecd0_0;
    %concat/vec4; draw_concat_vec4
    %load/vec4 v0x6086b28de6a0_0;
    %load/vec4 v0x6086b28de780_0;
    %load/vec4 v0x6086b28de860_0;
    %load/vec4 v0x6086b28de940_0;
    %store/vec4 v0x6086b28a2270_0, 0, 16;
    %store/vec4 v0x6086b28a1830_0, 0, 16;
    %store/vec4 v0x6086b28b8280_0, 0, 16;
    %store/vec4 v0x6086b2860150_0, 0, 16;
    %store/vec4 v0x6086b28dd270_0, 0, 64;
    %callf/vec4 TD_tb_skag_bram.dut.compute_weight, S_0x6086b2888f90;
    %assign/vec4 v0x6086b28f0750_0, 0;
T_5.5 ;
T_5.2 ;
    %load/vec4 v0x6086b28de5e0_0;
    %flag_set/vec4 8;
    %jmp/0xz  T_5.6, 8;
    %pushi/vec4 1, 0, 1;
    %assign/vec4 v0x6086b28ef2b0_0, 0;
    %load/vec4 v0x6086b28efbf0_0;
    %assign/vec4 v0x6086b28efe50_0, 0;
T_5.6 ;
    %load/vec4 v0x6086b28ef970_0;
    %assign/vec4 v0x6086b28efcd0_0, 0;
    %load/vec4 v0x6086b28ef6d0_0;
    %assign/vec4 v0x6086b28efa30_0, 0;
    %load/vec4 v0x6086b28ef7b0_0;
    %assign/vec4 v0x6086b28efb10_0, 0;
    %load/vec4 v0x6086b28ef890_0;
    %assign/vec4 v0x6086b28efbf0_0, 0;
    %load/vec4 v0x6086b28ef610_0;
    %flag_set/vec4 8;
    %jmp/0xz  T_5.8, 8;
    %load/vec4 v0x6086b28de380_0;
    %load/vec4 v0x6086b28de1c0_0;
    %concat/vec4; draw_concat_vec4
    %load/vec4 v0x6086b28ef530_0;
    %concat/vec4; draw_concat_vec4
    %load/vec4 v0x6086b28de2a0_0;
    %concat/vec4; draw_concat_vec4
    %store/vec4 v0x6086b28f0910_0, 0, 64;
    %load/vec4 v0x6086b28f0910_0;
    %load/vec4 v0x6086b28de6a0_0;
    %load/vec4 v0x6086b28de780_0;
    %load/vec4 v0x6086b28de860_0;
    %load/vec4 v0x6086b28de940_0;
    %store/vec4 v0x6086b28a2270_0, 0, 16;
    %store/vec4 v0x6086b28a1830_0, 0, 16;
    %store/vec4 v0x6086b28b8280_0, 0, 16;
    %store/vec4 v0x6086b2860150_0, 0, 16;
    %store/vec4 v0x6086b28dd270_0, 0, 64;
    %callf/vec4 TD_tb_skag_bram.dut.compute_weight, S_0x6086b2888f90;
    %store/vec4 v0x6086b28f09f0_0, 0, 32;
    %pushi/vec4 1, 0, 1;
    %assign/vec4 v0x6086b28ef970_0, 0;
    %load/vec4 v0x6086b28ef450_0;
    %assign/vec4 v0x6086b28ef6d0_0, 0;
    %load/vec4 v0x6086b28ef530_0;
    %assign/vec4 v0x6086b28ef7b0_0, 0;
    %load/vec4 v0x6086b28f09f0_0;
    %assign/vec4 v0x6086b28ef890_0, 0;
    %jmp T_5.9;
T_5.8 ;
    %pushi/vec4 0, 0, 1;
    %assign/vec4 v0x6086b28ef970_0, 0;
    %pushi/vec4 0, 0, 8;
    %assign/vec4 v0x6086b28ef6d0_0, 0;
    %pushi/vec4 0, 0, 16;
    %assign/vec4 v0x6086b28ef7b0_0, 0;
    %pushi/vec4 4294967295, 0, 32;
    %assign/vec4 v0x6086b28ef890_0, 0;
T_5.9 ;
    %load/vec4 v0x6086b28de520_0;
    %flag_set/vec4 8;
    %jmp/0xz  T_5.10, 8;
    %pushi/vec4 1, 0, 1;
    %assign/vec4 v0x6086b28ef610_0, 0;
    %load/vec4 v0x6086b28ef1d0_0;
    %assign/vec4 v0x6086b28ef450_0, 0;
    %load/vec4 v0x6086b28ef370_0;
    %assign/vec4 v0x6086b28ef530_0, 0;
    %jmp T_5.11;
T_5.10 ;
    %pushi/vec4 0, 0, 1;
    %assign/vec4 v0x6086b28ef610_0, 0;
    %pushi/vec4 0, 0, 8;
    %assign/vec4 v0x6086b28ef450_0, 0;
    %pushi/vec4 0, 0, 16;
    %assign/vec4 v0x6086b28ef530_0, 0;
T_5.11 ;
    %load/vec4 v0x6086b28f05d0_0;
    %assign/vec4 v0x6086b28f0350_0, 0;
    %load/vec4 v0x6086b28f05d0_0;
    %flag_set/vec4 8;
    %flag_get/vec4 8;
    %jmp/0 T_5.12, 8;
    %load/vec4 v0x6086b28de520_0;
    %flag_set/vec4 9;
    %flag_get/vec4 9;
    %jmp/0 T_5.16, 9;
    %load/vec4 v0x6086b28f0410_0;
    %load/vec4 v0x6086b28ef1d0_0;
    %cmp/e;
    %flag_get/vec4 4;
    %and;
T_5.16;
    %flag_set/vec4 8;
    %jmp/1 T_5.15, 8;
    %load/vec4 v0x6086b28ef610_0;
    %flag_set/vec4 10;
    %flag_get/vec4 10;
    %jmp/0 T_5.17, 10;
    %load/vec4 v0x6086b28f0410_0;
    %load/vec4 v0x6086b28ef450_0;
    %cmp/e;
    %flag_get/vec4 4;
    %and;
T_5.17;
    %flag_set/vec4 9;
    %flag_or 8, 9;
T_5.15;
    %jmp/1 T_5.14, 8;
    %load/vec4 v0x6086b28ef970_0;
    %flag_set/vec4 10;
    %flag_get/vec4 10;
    %jmp/0 T_5.18, 10;
    %load/vec4 v0x6086b28f0410_0;
    %load/vec4 v0x6086b28ef6d0_0;
    %cmp/e;
    %flag_get/vec4 4;
    %and;
T_5.18;
    %flag_set/vec4 9;
    %flag_or 8, 9;
T_5.14;
    %flag_get/vec4 8;
    %jmp/1 T_5.13, 8;
    %load/vec4 v0x6086b28efcd0_0;
    %flag_set/vec4 8;
    %flag_get/vec4 8;
    %jmp/0 T_5.19, 8;
    %load/vec4 v0x6086b28f0410_0;
    %load/vec4 v0x6086b28efa30_0;
    %cmp/e;
    %flag_get/vec4 4;
    %and;
T_5.19;
    %or;
T_5.13;
    %and;
T_5.12;
    %assign/vec4 v0x6086b28f0290_0, 0;
T_5.1 ;
    %jmp T_5;
    .thread T_5;
    .scope S_0x6086b28ada70;
T_6 ;
    %pushi/vec4 0, 0, 1;
    %store/vec4 v0x6086b28f13a0_0, 0, 1;
T_6.0 ;
    %delay 5000, 0;
    %load/vec4 v0x6086b28f13a0_0;
    %inv;
    %store/vec4 v0x6086b28f13a0_0, 0, 1;
    %jmp T_6.0;
    %end;
    .thread T_6;
    .scope S_0x6086b28ada70;
T_7 ;
    %vpi_func 3 81 "$value$plusargs" 32, "VECTORS=%s", v0x6086b28f2a50_0 {0 0 0};
    %nor/r;
    %flag_set/vec4 8;
    %jmp/0xz  T_7.0, 8;
    %pushi/vec4 0, 0, 32; draw_string_vec4
    %pushi/vec4 0, 0, 32; draw_string_vec4
    %concat/vec4; draw_string_vec4
    %pushi/vec4 0, 0, 32; draw_string_vec4
    %concat/vec4; draw_string_vec4
    %pushi/vec4 0, 0, 32; draw_string_vec4
    %concat/vec4; draw_string_vec4
    %pushi/vec4 0, 0, 32; draw_string_vec4
    %concat/vec4; draw_string_vec4
    %pushi/vec4 0, 0, 32; draw_string_vec4
    %concat/vec4; draw_string_vec4
    %pushi/vec4 0, 0, 32; draw_string_vec4
    %concat/vec4; draw_string_vec4
    %pushi/vec4 0, 0, 32; draw_string_vec4
    %concat/vec4; draw_string_vec4
    %pushi/vec4 0, 0, 32; draw_string_vec4
    %concat/vec4; draw_string_vec4
    %pushi/vec4 0, 0, 32; draw_string_vec4
    %concat/vec4; draw_string_vec4
    %pushi/vec4 0, 0, 32; draw_string_vec4
    %concat/vec4; draw_string_vec4
    %pushi/vec4 0, 0, 32; draw_string_vec4
    %concat/vec4; draw_string_vec4
    %pushi/vec4 0, 0, 32; draw_string_vec4
    %concat/vec4; draw_string_vec4
    %pushi/vec4 0, 0, 32; draw_string_vec4
    %concat/vec4; draw_string_vec4
    %pushi/vec4 0, 0, 32; draw_string_vec4
    %concat/vec4; draw_string_vec4
    %pushi/vec4 0, 0, 32; draw_string_vec4
    %concat/vec4; draw_string_vec4
    %pushi/vec4 0, 0, 32; draw_string_vec4
    %concat/vec4; draw_string_vec4
    %pushi/vec4 0, 0, 32; draw_string_vec4
    %concat/vec4; draw_string_vec4
    %pushi/vec4 0, 0, 32; draw_string_vec4
    %concat/vec4; draw_string_vec4
    %pushi/vec4 0, 0, 32; draw_string_vec4
    %concat/vec4; draw_string_vec4
    %pushi/vec4 0, 0, 32; draw_string_vec4
    %concat/vec4; draw_string_vec4
    %pushi/vec4 0, 0, 32; draw_string_vec4
    %concat/vec4; draw_string_vec4
    %pushi/vec4 0, 0, 32; draw_string_vec4
    %concat/vec4; draw_string_vec4
    %pushi/vec4 0, 0, 32; draw_string_vec4
    %concat/vec4; draw_string_vec4
    %pushi/vec4 0, 0, 32; draw_string_vec4
    %concat/vec4; draw_string_vec4
    %pushi/vec4 116, 0, 32; draw_string_vec4
    %concat/vec4; draw_string_vec4
    %pushi/vec4 1647276907, 0, 32; draw_string_vec4
    %concat/vec4; draw_string_vec4
    %pushi/vec4 1634164578, 0, 32; draw_string_vec4
    %concat/vec4; draw_string_vec4
    %pushi/vec4 1918987615, 0, 32; draw_string_vec4
    %concat/vec4; draw_string_vec4
    %pushi/vec4 1986356084, 0, 32; draw_string_vec4
    %concat/vec4; draw_string_vec4
    %pushi/vec4 1869771566, 0, 32; draw_string_vec4
    %concat/vec4; draw_string_vec4
    %pushi/vec4 1835363688, 0, 32; draw_string_vec4
    %concat/vec4; draw_string_vec4
    %store/vec4 v0x6086b28f2a50_0, 0, 1024;
T_7.0 ;
    %vpi_func 3 83 "$value$plusargs" 32, "LOG=%s", v0x6086b28f21b0_0 {0 0 0};
    %nor/r;
    %flag_set/vec4 8;
    %jmp/0xz  T_7.2, 8;
    %pushi/vec4 0, 0, 32; draw_string_vec4
    %pushi/vec4 0, 0, 32; draw_string_vec4
    %concat/vec4; draw_string_vec4
    %pushi/vec4 0, 0, 32; draw_string_vec4
    %concat/vec4; draw_string_vec4
    %pushi/vec4 0, 0, 32; draw_string_vec4
    %concat/vec4; draw_string_vec4
    %pushi/vec4 0, 0, 32; draw_string_vec4
    %concat/vec4; draw_string_vec4
    %pushi/vec4 0, 0, 32; draw_string_vec4
    %concat/vec4; draw_string_vec4
    %pushi/vec4 0, 0, 32; draw_string_vec4
    %concat/vec4; draw_string_vec4
    %pushi/vec4 0, 0, 32; draw_string_vec4
    %concat/vec4; draw_string_vec4
    %pushi/vec4 0, 0, 32; draw_string_vec4
    %concat/vec4; draw_string_vec4
    %pushi/vec4 0, 0, 32; draw_string_vec4
    %concat/vec4; draw_string_vec4
    %pushi/vec4 0, 0, 32; draw_string_vec4
    %concat/vec4; draw_string_vec4
    %pushi/vec4 0, 0, 32; draw_string_vec4
    %concat/vec4; draw_string_vec4
    %pushi/vec4 0, 0, 32; draw_string_vec4
    %concat/vec4; draw_string_vec4
    %pushi/vec4 0, 0, 32; draw_string_vec4
    %concat/vec4; draw_string_vec4
    %pushi/vec4 0, 0, 32; draw_string_vec4
    %concat/vec4; draw_string_vec4
    %pushi/vec4 0, 0, 32; draw_string_vec4
    %concat/vec4; draw_string_vec4
    %pushi/vec4 0, 0, 32; draw_string_vec4
    %concat/vec4; draw_string_vec4
    %pushi/vec4 0, 0, 32; draw_string_vec4
    %concat/vec4; draw_string_vec4
    %pushi/vec4 0, 0, 32; draw_string_vec4
    %concat/vec4; draw_string_vec4
    %pushi/vec4 0, 0, 32; draw_string_vec4
    %concat/vec4; draw_string_vec4
    %pushi/vec4 0, 0, 32; draw_string_vec4
    %concat/vec4; draw_string_vec4
    %pushi/vec4 114, 0, 32; draw_string_vec4
    %concat/vec4; draw_string_vec4
    %pushi/vec4 1702065516, 0, 32; draw_string_vec4
    %concat/vec4; draw_string_vec4
    %pushi/vec4 1953705840, 0, 32; draw_string_vec4
    %concat/vec4; draw_string_vec4
    %pushi/vec4 1751216997, 0, 32; draw_string_vec4
    %concat/vec4; draw_string_vec4
    %pushi/vec4 962670451, 0, 32; draw_string_vec4
    %concat/vec4; draw_string_vec4
    %pushi/vec4 1801545567, 0, 32; draw_string_vec4
    %concat/vec4; draw_string_vec4
    %pushi/vec4 1651663213, 0, 32; draw_string_vec4
    %concat/vec4; draw_string_vec4
    %pushi/vec4 1601399149, 0, 32; draw_string_vec4
    %concat/vec4; draw_string_vec4
    %pushi/vec4 1601332595, 0, 32; draw_string_vec4
    %concat/vec4; draw_string_vec4
    %pushi/vec4 1970041971, 0, 32; draw_string_vec4
    %concat/vec4; draw_string_vec4
    %pushi/vec4 778269558, 0, 32; draw_string_vec4
    %concat/vec4; draw_string_vec4
    %store/vec4 v0x6086b28f21b0_0, 0, 1024;
T_7.2 ;
    %vpi_func 3 85 "$value$plusargs" 32, "SUMMARY=%s", v0x6086b28f25c0_0 {0 0 0};
    %nor/r;
    %flag_set/vec4 8;
    %jmp/0xz  T_7.4, 8;
    %pushi/vec4 0, 0, 32; draw_string_vec4
    %pushi/vec4 0, 0, 32; draw_string_vec4
    %concat/vec4; draw_string_vec4
    %pushi/vec4 0, 0, 32; draw_string_vec4
    %concat/vec4; draw_string_vec4
    %pushi/vec4 0, 0, 32; draw_string_vec4
    %concat/vec4; draw_string_vec4
    %pushi/vec4 0, 0, 32; draw_string_vec4
    %concat/vec4; draw_string_vec4
    %pushi/vec4 0, 0, 32; draw_string_vec4
    %concat/vec4; draw_string_vec4
    %pushi/vec4 0, 0, 32; draw_string_vec4
    %concat/vec4; draw_string_vec4
    %pushi/vec4 0, 0, 32; draw_string_vec4
    %concat/vec4; draw_string_vec4
    %pushi/vec4 0, 0, 32; draw_string_vec4
    %concat/vec4; draw_string_vec4
    %pushi/vec4 0, 0, 32; draw_string_vec4
    %concat/vec4; draw_string_vec4
    %pushi/vec4 0, 0, 32; draw_string_vec4
    %concat/vec4; draw_string_vec4
    %pushi/vec4 0, 0, 32; draw_string_vec4
    %concat/vec4; draw_string_vec4
    %pushi/vec4 0, 0, 32; draw_string_vec4
    %concat/vec4; draw_string_vec4
    %pushi/vec4 0, 0, 32; draw_string_vec4
    %concat/vec4; draw_string_vec4
    %pushi/vec4 0, 0, 32; draw_string_vec4
    %concat/vec4; draw_string_vec4
    %pushi/vec4 0, 0, 32; draw_string_vec4
    %concat/vec4; draw_string_vec4
    %pushi/vec4 0, 0, 32; draw_string_vec4
    %concat/vec4; draw_string_vec4
    %pushi/vec4 0, 0, 32; draw_string_vec4
    %concat/vec4; draw_string_vec4
    %pushi/vec4 0, 0, 32; draw_string_vec4
    %concat/vec4; draw_string_vec4
    %pushi/vec4 0, 0, 32; draw_string_vec4
    %concat/vec4; draw_string_vec4
    %pushi/vec4 0, 0, 32; draw_string_vec4
    %concat/vec4; draw_string_vec4
    %pushi/vec4 114, 0, 32; draw_string_vec4
    %concat/vec4; draw_string_vec4
    %pushi/vec4 1702065516, 0, 32; draw_string_vec4
    %concat/vec4; draw_string_vec4
    %pushi/vec4 1953705840, 0, 32; draw_string_vec4
    %concat/vec4; draw_string_vec4
    %pushi/vec4 1751216997, 0, 32; draw_string_vec4
    %concat/vec4; draw_string_vec4
    %pushi/vec4 962670451, 0, 32; draw_string_vec4
    %concat/vec4; draw_string_vec4
    %pushi/vec4 1801545567, 0, 32; draw_string_vec4
    %concat/vec4; draw_string_vec4
    %pushi/vec4 1651663213, 0, 32; draw_string_vec4
    %concat/vec4; draw_string_vec4
    %pushi/vec4 1601399149, 0, 32; draw_string_vec4
    %concat/vec4; draw_string_vec4
    %pushi/vec4 1601402221, 0, 32; draw_string_vec4
    %concat/vec4; draw_string_vec4
    %pushi/vec4 1835102841, 0, 32; draw_string_vec4
    %concat/vec4; draw_string_vec4
    %pushi/vec4 779384948, 0, 32; draw_string_vec4
    %concat/vec4; draw_string_vec4
    %store/vec4 v0x6086b28f25c0_0, 0, 1024;
T_7.4 ;
    %vpi_call/w 3 88 "$display", "[TB_SKAG_BRAM] vectors=%0s", v0x6086b28f2a50_0 {0 0 0};
    %vpi_call/w 3 89 "$display", "[TB_SKAG_BRAM] log=%0s", v0x6086b28f21b0_0 {0 0 0};
    %vpi_call/w 3 90 "$display", "[TB_SKAG_BRAM] summary=%0s", v0x6086b28f25c0_0 {0 0 0};
    %vpi_call/w 3 92 "$readmemh", v0x6086b28f2a50_0, v0x6086b28f26a0 {0 0 0};
    %pushi/vec4 0, 0, 32;
    %store/vec4 v0x6086b28f2760_0, 0, 32;
    %pushi/vec4 0, 0, 32;
    %store/vec4 v0x6086b28f2070_0, 0, 32;
T_7.6 ;
    %load/vec4 v0x6086b28f2070_0;
    %cmpi/s 256, 0, 32;
    %jmp/0xz T_7.7, 5;
    %load/vec4 v0x6086b28f2760_0;
    %load/vec4 v0x6086b28f2070_0;
    %cmp/e;
    %flag_get/vec4 4;
    %jmp/0 T_7.10, 4;
    %ix/getv/s 4, v0x6086b28f2070_0;
    %load/vec4a v0x6086b28f26a0, 4;
    %xor/r;
    %pushi/vec4 1, 1, 1;
    %cmp/ne;
    %flag_get/vec4 6;
    %and;
T_7.10;
    %flag_set/vec4 8;
    %jmp/0xz  T_7.8, 8;
    %load/vec4 v0x6086b28f2760_0;
    %addi 1, 0, 32;
    %store/vec4 v0x6086b28f2760_0, 0, 32;
T_7.8 ;
    %load/vec4 v0x6086b28f2070_0;
    %addi 1, 0, 32;
    %store/vec4 v0x6086b28f2070_0, 0, 32;
    %jmp T_7.6;
T_7.7 ;
    %pushi/vec4 0, 0, 32;
    %store/vec4 v0x6086b28f1750_0, 0, 32;
    %pushi/vec4 0, 0, 32;
    %store/vec4 v0x6086b28f2350_0, 0, 32;
    %pushi/vec4 0, 0, 32;
    %store/vec4 v0x6086b28f2270_0, 0, 32;
    %vpi_func 3 103 "$fopen" 32, v0x6086b28f21b0_0, "w" {0 0 0};
    %store/vec4 v0x6086b28f2110_0, 0, 32;
    %load/vec4 v0x6086b28f2110_0;
    %cmpi/e 0, 0, 32;
    %jmp/0xz  T_7.11, 4;
    %vpi_call/w 3 105 "$display", "[TB_SKAG_BRAM] ERROR: could not open log file." {0 0 0};
    %vpi_call/w 3 106 "$finish" {0 0 0};
T_7.11 ;
    %vpi_call/w 3 108 "$fdisplay", v0x6086b28f2110_0, "cycle,cfg_we,cfg_addr,cfg_wdata,fdpe_valid,fdpe_addr,fdpe_fidelity,ga_rd_en,ga_rd_addr,exp_ga_valid,obs_ga_valid,exp_ga_edge,obs_ga_edge,exp_ga_weight,obs_ga_weight,pass" {0 0 0};
    %pushi/vec4 0, 0, 1;
    %store/vec4 v0x6086b28f12d0_0, 0, 1;
    %pushi/vec4 0, 0, 8;
    %store/vec4 v0x6086b28f1190_0, 0, 8;
    %pushi/vec4 0, 0, 64;
    %store/vec4 v0x6086b28f1230_0, 0, 64;
    %pushi/vec4 0, 0, 1;
    %store/vec4 v0x6086b28f1ac0_0, 0, 1;
    %pushi/vec4 0, 0, 8;
    %store/vec4 v0x6086b28f1830_0, 0, 8;
    %pushi/vec4 0, 0, 16;
    %store/vec4 v0x6086b28f19f0_0, 0, 16;
    %pushi/vec4 0, 0, 1;
    %store/vec4 v0x6086b28f1e00_0, 0, 1;
    %pushi/vec4 0, 0, 8;
    %store/vec4 v0x6086b28f1c60_0, 0, 8;
    %pushi/vec4 256, 0, 16;
    %store/vec4 v0x6086b28ac060_0, 0, 16;
    %pushi/vec4 384, 0, 16;
    %store/vec4 v0x6086b28f0fb0_0, 0, 16;
    %pushi/vec4 128, 0, 16;
    %store/vec4 v0x6086b28f1050_0, 0, 16;
    %pushi/vec4 512, 0, 16;
    %store/vec4 v0x6086b28f10f0_0, 0, 16;
    %pushi/vec4 0, 0, 1;
    %store/vec4 v0x6086b28f2430_0, 0, 1;
    %pushi/vec4 3, 0, 32;
T_7.13 %dup/vec4;
    %pushi/vec4 0, 0, 32;
    %cmp/s;
    %jmp/1xz T_7.14, 5;
    %jmp/1 T_7.14, 4;
    %pushi/vec4 1, 0, 32;
    %sub;
    %wait E_0x6086b287e850;
    %jmp T_7.13;
T_7.14 ;
    %pop/vec4 1;
    %pushi/vec4 1, 0, 1;
    %store/vec4 v0x6086b28f2430_0, 0, 1;
    %wait E_0x6086b287e850;
    %pushi/vec4 0, 0, 32;
    %store/vec4 v0x6086b28f2070_0, 0, 32;
T_7.15 ;
    %load/vec4 v0x6086b28f2070_0;
    %load/vec4 v0x6086b28f2760_0;
    %cmp/s;
    %jmp/0xz T_7.16, 5;
    %ix/getv/s 4, v0x6086b28f2070_0;
    %load/vec4a v0x6086b28f26a0, 4;
    %store/vec4 v0x6086b28f1470_0, 0, 208;
    %load/vec4 v0x6086b28f1470_0;
    %parti/s 1, 207, 9;
    %store/vec4 v0x6086b28f12d0_0, 0, 1;
    %load/vec4 v0x6086b28f1470_0;
    %parti/s 8, 199, 9;
    %store/vec4 v0x6086b28f1190_0, 0, 8;
    %load/vec4 v0x6086b28f1470_0;
    %parti/s 64, 135, 9;
    %store/vec4 v0x6086b28f1230_0, 0, 64;
    %load/vec4 v0x6086b28f1470_0;
    %parti/s 1, 134, 9;
    %store/vec4 v0x6086b28f1ac0_0, 0, 1;
    %load/vec4 v0x6086b28f1470_0;
    %parti/s 8, 126, 8;
    %store/vec4 v0x6086b28f1830_0, 0, 8;
    %load/vec4 v0x6086b28f1470_0;
    %parti/s 16, 110, 8;
    %store/vec4 v0x6086b28f19f0_0, 0, 16;
    %load/vec4 v0x6086b28f1470_0;
    %parti/s 1, 109, 8;
    %store/vec4 v0x6086b28f1e00_0, 0, 1;
    %load/vec4 v0x6086b28f1470_0;
    %parti/s 8, 101, 8;
    %store/vec4 v0x6086b28f1c60_0, 0, 8;
    %load/vec4 v0x6086b28f1470_0;
    %parti/s 1, 100, 8;
    %store/vec4 v0x6086b28f15b0_0, 0, 1;
    %load/vec4 v0x6086b28f1470_0;
    %parti/s 64, 36, 7;
    %store/vec4 v0x6086b28f1510_0, 0, 64;
    %load/vec4 v0x6086b28f1470_0;
    %parti/s 32, 4, 4;
    %store/vec4 v0x6086b28f1670_0, 0, 32;
    %wait E_0x6086b287e850;
    %delay 1000, 0;
    %load/vec4 v0x6086b28f1670_0;
    %load/vec4 v0x6086b28f1fa0_0;
    %cmp/u;
    %flag_or 5, 4;
    %flag_mov 8, 5;
    %jmp/0 T_7.17, 8;
    %load/vec4 v0x6086b28f1fa0_0;
    %load/vec4 v0x6086b28f1670_0;
    %sub;
    %jmp/1 T_7.18, 8;
T_7.17 ; End of true expr.
    %load/vec4 v0x6086b28f1670_0;
    %load/vec4 v0x6086b28f1fa0_0;
    %sub;
    %jmp/0 T_7.18, 8;
 ; End of false expr.
    %blend;
T_7.18;
    %store/vec4 v0x6086b28f2b30_0, 0, 32;
    %load/vec4 v0x6086b28f2270_0;
    %load/vec4 v0x6086b28f2b30_0;
    %cmp/s;
    %jmp/0xz  T_7.19, 5;
    %load/vec4 v0x6086b28f2b30_0;
    %store/vec4 v0x6086b28f2270_0, 0, 32;
T_7.19 ;
    %load/vec4 v0x6086b28f1ed0_0;
    %load/vec4 v0x6086b28f15b0_0;
    %cmp/ne;
    %jmp/1 T_7.23, 6;
    %flag_mov 8, 6;
    %load/vec4 v0x6086b28f15b0_0;
    %flag_set/vec4 10;
    %flag_get/vec4 10;
    %jmp/0 T_7.24, 10;
    %load/vec4 v0x6086b28f1d30_0;
    %load/vec4 v0x6086b28f1510_0;
    %cmp/ne;
    %flag_get/vec4 6;
    %jmp/1 T_7.25, 6;
    %load/vec4 v0x6086b28f1fa0_0;
    %load/vec4 v0x6086b28f1670_0;
    %cmp/ne;
    %flag_get/vec4 6;
    %or;
T_7.25;
    %and;
T_7.24;
    %flag_set/vec4 9;
    %flag_or 9, 8;
    %flag_mov 6, 9;
T_7.23;
    %jmp/0xz  T_7.21, 6;
    %load/vec4 v0x6086b28f1750_0;
    %addi 1, 0, 32;
    %store/vec4 v0x6086b28f1750_0, 0, 32;
    %vpi_call/w 3 154 "$display", "[TB_SKAG_BRAM][MISMATCH] cycle=%0d exp_valid=%0d obs_valid=%0d exp_edge=%h obs_edge=%h exp_weight=%h obs_weight=%h", v0x6086b28f2070_0, v0x6086b28f15b0_0, v0x6086b28f1ed0_0, v0x6086b28f1510_0, v0x6086b28f1d30_0, v0x6086b28f1670_0, v0x6086b28f1fa0_0 {0 0 0};
    %vpi_call/w 3 156 "$fdisplay", v0x6086b28f2110_0, "%0d,%0d,%0d,%016h,%0d,%0d,%0d,%0d,%0d,%0d,%0d,%016h,%016h,%08h,%08h,0", v0x6086b28f2070_0, v0x6086b28f12d0_0, v0x6086b28f1190_0, v0x6086b28f1230_0, v0x6086b28f1ac0_0, v0x6086b28f1830_0, v0x6086b28f19f0_0, v0x6086b28f1e00_0, v0x6086b28f1c60_0, v0x6086b28f15b0_0, v0x6086b28f1ed0_0, v0x6086b28f1510_0, v0x6086b28f1d30_0, v0x6086b28f1670_0, v0x6086b28f1fa0_0 {0 0 0};
    %jmp T_7.22;
T_7.21 ;
    %load/vec4 v0x6086b28f2350_0;
    %addi 1, 0, 32;
    %store/vec4 v0x6086b28f2350_0, 0, 32;
    %vpi_call/w 3 161 "$fdisplay", v0x6086b28f2110_0, "%0d,%0d,%0d,%016h,%0d,%0d,%0d,%0d,%0d,%0d,%0d,%016h,%016h,%08h,%08h,1", v0x6086b28f2070_0, v0x6086b28f12d0_0, v0x6086b28f1190_0, v0x6086b28f1230_0, v0x6086b28f1ac0_0, v0x6086b28f1830_0, v0x6086b28f19f0_0, v0x6086b28f1e00_0, v0x6086b28f1c60_0, v0x6086b28f15b0_0, v0x6086b28f1ed0_0, v0x6086b28f1510_0, v0x6086b28f1d30_0, v0x6086b28f1670_0, v0x6086b28f1fa0_0 {0 0 0};
T_7.22 ;
    %load/vec4 v0x6086b28f2070_0;
    %addi 1, 0, 32;
    %store/vec4 v0x6086b28f2070_0, 0, 32;
    %jmp T_7.15;
T_7.16 ;
    %vpi_call/w 3 167 "$fclose", v0x6086b28f2110_0 {0 0 0};
    %vpi_func 3 169 "$fopen" 32, v0x6086b28f25c0_0, "w" {0 0 0};
    %store/vec4 v0x6086b28f2500_0, 0, 32;
    %vpi_call/w 3 170 "$fdisplay", v0x6086b28f2500_0, "SKAG_BRAM simulation summary" {0 0 0};
    %vpi_call/w 3 171 "$fdisplay", v0x6086b28f2500_0, "vector_count=%0d", v0x6086b28f2760_0 {0 0 0};
    %vpi_call/w 3 172 "$fdisplay", v0x6086b28f2500_0, "pass_count=%0d", v0x6086b28f2350_0 {0 0 0};
    %vpi_call/w 3 173 "$fdisplay", v0x6086b28f2500_0, "fail_count=%0d", v0x6086b28f1750_0 {0 0 0};
    %vpi_call/w 3 174 "$fdisplay", v0x6086b28f2500_0, "max_weight_diff=%0d", v0x6086b28f2270_0 {0 0 0};
    %vpi_call/w 3 175 "$fclose", v0x6086b28f2500_0 {0 0 0};
    %load/vec4 v0x6086b28f1750_0;
    %cmpi/e 0, 0, 32;
    %jmp/0xz  T_7.26, 4;
    %vpi_call/w 3 178 "$display", "[TB_SKAG_BRAM] PASS: vectors=%0d max_weight_diff=%0d", v0x6086b28f2760_0, v0x6086b28f2270_0 {0 0 0};
    %jmp T_7.27;
T_7.26 ;
    %vpi_call/w 3 180 "$display", "[TB_SKAG_BRAM] FAIL: fails=%0d max_weight_diff=%0d", v0x6086b28f1750_0, v0x6086b28f2270_0 {0 0 0};
    %vpi_call/w 3 181 "$fatal", 32'sb00000000000000000000000000000001, "[TB_SKAG_BRAM] Simulation failed." {0 0 0};
T_7.27 ;
    %vpi_call/w 3 184 "$finish" {0 0 0};
    %end;
    .thread T_7;
# The file index is used to find the file name in the following table.
:file_names 5;
    "N/A";
    "<interactive>";
    "-";
    "tb/tb_skag_bram.v";
    "rtl/skag_mem_bram.v";
