#! /usr/bin/vvp
:ivl_version "12.0 (stable)";
:ivl_delay_selection "TYPICAL";
:vpi_time_precision - 12;
:vpi_module "/usr/lib/x86_64-linux-gnu/ivl/system.vpi";
:vpi_module "/usr/lib/x86_64-linux-gnu/ivl/vhdl_sys.vpi";
:vpi_module "/usr/lib/x86_64-linux-gnu/ivl/vhdl_textio.vpi";
:vpi_module "/usr/lib/x86_64-linux-gnu/ivl/v2005_math.vpi";
:vpi_module "/usr/lib/x86_64-linux-gnu/ivl/va_math.vpi";
:vpi_module "/usr/lib/x86_64-linux-gnu/ivl/v2009.vpi";
S_0x61ca3fa74cd0 .scope package, "$unit" "$unit" 2 1;
 .timescale 0 0;
S_0x61ca3fa43490 .scope module, "tb_xorshift" "tb_xorshift" 3 3;
 .timescale -9 -12;
P_0x61ca3fa7cd30 .param/l "N_SAMPLES" 1 3 4, +C4<00000000000000000010011100010000>;
v0x61ca3fab7af0_0 .var "clk", 0 0;
v0x61ca3fab7bb0_0 .var/i "cycle_count", 31 0;
v0x61ca3fab7c70_0 .var "dump_file", 1023 0;
v0x61ca3fab7d30_0 .var "enable", 0 0;
v0x61ca3fab7e00_0 .var/i "fh", 31 0;
v0x61ca3fab7ec0_0 .var "prev0", 63 0;
v0x61ca3fab7fa0_0 .var "prev1", 63 0;
v0x61ca3fab8080_0 .var "prev2", 63 0;
v0x61ca3fab8160_0 .var "prev3", 63 0;
v0x61ca3fab8240_0 .net "rand_o", 63 0, v0x61ca3fab6d00_0;  1 drivers
v0x61ca3fab8300_0 .var "rst_n", 0 0;
v0x61ca3fab83d0_0 .var/i "sample_count", 31 0;
v0x61ca3fab8470_0 .var "seed0", 63 0;
v0x61ca3fab8560_0 .var "seed1", 63 0;
v0x61ca3fab8630_0 .var "seed_valid", 0 0;
v0x61ca3fab8700_0 .net "seeded_o", 0 0, v0x61ca3fab75b0_0;  1 drivers
v0x61ca3fab87d0_0 .var "summary_file", 1023 0;
v0x61ca3fab8870_0 .net "valid_o", 0 0, v0x61ca3fab7750_0;  1 drivers
E_0x61ca3fa86fa0 .event posedge, v0x61ca3fa73170_0;
S_0x61ca3fa43690 .scope module, "dut" "xorshift128plus" 3 23, 4 1 0, S_0x61ca3fa43490;
 .timescale 0 0;
    .port_info 0 /INPUT 1 "clk";
    .port_info 1 /INPUT 1 "rst_n";
    .port_info 2 /INPUT 1 "seed_valid_i";
    .port_info 3 /INPUT 64 "seed0_i";
    .port_info 4 /INPUT 64 "seed1_i";
    .port_info 5 /INPUT 1 "enable_i";
    .port_info 6 /OUTPUT 64 "rand_o";
    .port_info 7 /OUTPUT 1 "valid_o";
    .port_info 8 /OUTPUT 1 "seeded_o";
v0x61ca3fa73170_0 .net "clk", 0 0, v0x61ca3fab7af0_0;  1 drivers
v0x61ca3fa73210_0 .net "enable_i", 0 0, v0x61ca3fab7d30_0;  1 drivers
v0x61ca3fab6d00_0 .var "rand_o", 63 0;
v0x61ca3fab6dc0_0 .net "rst_n", 0 0, v0x61ca3fab8300_0;  1 drivers
v0x61ca3fab6e80_0 .var "s0_next", 63 0;
v0x61ca3fab6fb0_0 .var "s0_reg", 63 0;
v0x61ca3fab7090_0 .var "s1_next", 63 0;
v0x61ca3fab7170_0 .var "s1_reg", 63 0;
v0x61ca3fab7250_0 .var "s1_shifted", 63 0;
v0x61ca3fab7330_0 .net "seed0_i", 63 0, v0x61ca3fab8470_0;  1 drivers
v0x61ca3fab7410_0 .net "seed1_i", 63 0, v0x61ca3fab8560_0;  1 drivers
v0x61ca3fab74f0_0 .net "seed_valid_i", 0 0, v0x61ca3fab8630_0;  1 drivers
v0x61ca3fab75b0_0 .var "seeded_o", 0 0;
v0x61ca3fab7670_0 .var "sum_next", 63 0;
v0x61ca3fab7750_0 .var "valid_o", 0 0;
v0x61ca3fab7810_0 .var "x", 63 0;
v0x61ca3fab78f0_0 .var "y", 63 0;
E_0x61ca3fa885b0/0 .event negedge, v0x61ca3fab6dc0_0;
E_0x61ca3fa885b0/1 .event posedge, v0x61ca3fa73170_0;
E_0x61ca3fa885b0 .event/or E_0x61ca3fa885b0/0, E_0x61ca3fa885b0/1;
E_0x61ca3fa86dd0/0 .event anyedge, v0x61ca3fab6fb0_0, v0x61ca3fab7170_0, v0x61ca3fab78f0_0, v0x61ca3fab7810_0;
E_0x61ca3fa86dd0/1 .event anyedge, v0x61ca3fab7250_0, v0x61ca3fab7090_0, v0x61ca3fab6e80_0;
E_0x61ca3fa86dd0 .event/or E_0x61ca3fa86dd0/0, E_0x61ca3fa86dd0/1;
    .scope S_0x61ca3fa43690;
T_0 ;
    %wait E_0x61ca3fa86dd0;
    %load/vec4 v0x61ca3fab6fb0_0;
    %store/vec4 v0x61ca3fab7810_0, 0, 64;
    %load/vec4 v0x61ca3fab7170_0;
    %store/vec4 v0x61ca3fab78f0_0, 0, 64;
    %load/vec4 v0x61ca3fab78f0_0;
    %store/vec4 v0x61ca3fab6e80_0, 0, 64;
    %load/vec4 v0x61ca3fab7810_0;
    %load/vec4 v0x61ca3fab7810_0;
    %ix/load 4, 23, 0;
    %flag_set/imm 4, 0;
    %shiftl 4;
    %xor;
    %store/vec4 v0x61ca3fab7250_0, 0, 64;
    %load/vec4 v0x61ca3fab7250_0;
    %load/vec4 v0x61ca3fab7250_0;
    %ix/load 4, 17, 0;
    %flag_set/imm 4, 0;
    %shiftr 4;
    %xor;
    %store/vec4 v0x61ca3fab7250_0, 0, 64;
    %load/vec4 v0x61ca3fab7250_0;
    %load/vec4 v0x61ca3fab78f0_0;
    %xor;
    %store/vec4 v0x61ca3fab7250_0, 0, 64;
    %load/vec4 v0x61ca3fab7250_0;
    %load/vec4 v0x61ca3fab78f0_0;
    %ix/load 4, 26, 0;
    %flag_set/imm 4, 0;
    %shiftr 4;
    %xor;
    %store/vec4 v0x61ca3fab7250_0, 0, 64;
    %load/vec4 v0x61ca3fab7250_0;
    %store/vec4 v0x61ca3fab7090_0, 0, 64;
    %load/vec4 v0x61ca3fab7090_0;
    %load/vec4 v0x61ca3fab6e80_0;
    %add;
    %store/vec4 v0x61ca3fab7670_0, 0, 64;
    %jmp T_0;
    .thread T_0, $push;
    .scope S_0x61ca3fa43690;
T_1 ;
    %wait E_0x61ca3fa885b0;
    %load/vec4 v0x61ca3fab6dc0_0;
    %nor/r;
    %flag_set/vec4 8;
    %jmp/0xz  T_1.0, 8;
    %pushi/vec4 1, 0, 64;
    %assign/vec4 v0x61ca3fab6fb0_0, 0;
    %pushi/vec4 2, 0, 64;
    %assign/vec4 v0x61ca3fab7170_0, 0;
    %pushi/vec4 0, 0, 64;
    %assign/vec4 v0x61ca3fab6d00_0, 0;
    %pushi/vec4 0, 0, 1;
    %assign/vec4 v0x61ca3fab7750_0, 0;
    %pushi/vec4 0, 0, 1;
    %assign/vec4 v0x61ca3fab75b0_0, 0;
    %jmp T_1.1;
T_1.0 ;
    %pushi/vec4 0, 0, 1;
    %assign/vec4 v0x61ca3fab7750_0, 0;
    %load/vec4 v0x61ca3fab74f0_0;
    %flag_set/vec4 8;
    %jmp/0xz  T_1.2, 8;
    %load/vec4 v0x61ca3fab7330_0;
    %cmpi/e 0, 0, 64;
    %flag_get/vec4 4;
    %jmp/0 T_1.6, 4;
    %load/vec4 v0x61ca3fab7410_0;
    %pushi/vec4 0, 0, 64;
    %cmp/e;
    %flag_get/vec4 4;
    %and;
T_1.6;
    %flag_set/vec4 8;
    %jmp/0xz  T_1.4, 8;
    %pushi/vec4 1, 0, 64;
    %assign/vec4 v0x61ca3fab6fb0_0, 0;
    %pushi/vec4 2, 0, 64;
    %assign/vec4 v0x61ca3fab7170_0, 0;
    %jmp T_1.5;
T_1.4 ;
    %load/vec4 v0x61ca3fab7330_0;
    %assign/vec4 v0x61ca3fab6fb0_0, 0;
    %load/vec4 v0x61ca3fab7410_0;
    %assign/vec4 v0x61ca3fab7170_0, 0;
T_1.5 ;
    %pushi/vec4 0, 0, 64;
    %assign/vec4 v0x61ca3fab6d00_0, 0;
    %pushi/vec4 0, 0, 1;
    %assign/vec4 v0x61ca3fab7750_0, 0;
    %pushi/vec4 1, 0, 1;
    %assign/vec4 v0x61ca3fab75b0_0, 0;
    %jmp T_1.3;
T_1.2 ;
    %load/vec4 v0x61ca3fa73210_0;
    %flag_set/vec4 9;
    %flag_get/vec4 9;
    %jmp/0 T_1.9, 9;
    %load/vec4 v0x61ca3fab75b0_0;
    %and;
T_1.9;
    %flag_set/vec4 8;
    %jmp/0xz  T_1.7, 8;
    %load/vec4 v0x61ca3fab6e80_0;
    %assign/vec4 v0x61ca3fab6fb0_0, 0;
    %load/vec4 v0x61ca3fab7090_0;
    %assign/vec4 v0x61ca3fab7170_0, 0;
    %load/vec4 v0x61ca3fab7670_0;
    %assign/vec4 v0x61ca3fab6d00_0, 0;
    %pushi/vec4 1, 0, 1;
    %assign/vec4 v0x61ca3fab7750_0, 0;
T_1.7 ;
T_1.3 ;
T_1.1 ;
    %jmp T_1;
    .thread T_1;
    .scope S_0x61ca3fa43490;
T_2 ;
    %pushi/vec4 0, 0, 1;
    %store/vec4 v0x61ca3fab7af0_0, 0, 1;
T_2.0 ;
    %delay 5000, 0;
    %load/vec4 v0x61ca3fab7af0_0;
    %inv;
    %store/vec4 v0x61ca3fab7af0_0, 0, 1;
    %jmp T_2.0;
    %end;
    .thread T_2;
    .scope S_0x61ca3fa43490;
T_3 ;
    %vpi_func 3 41 "$value$plusargs" 32, "DUMP=%s", v0x61ca3fab7c70_0 {0 0 0};
    %nor/r;
    %flag_set/vec4 8;
    %jmp/0xz  T_3.0, 8;
    %pushi/vec4 0, 0, 32; draw_string_vec4
    %pushi/vec4 0, 0, 32; draw_string_vec4
    %concat/vec4; draw_string_vec4
    %pushi/vec4 0, 0, 32; draw_string_vec4
    %concat/vec4; draw_string_vec4
    %pushi/vec4 0, 0, 32; draw_string_vec4
    %concat/vec4; draw_string_vec4
    %pushi/vec4 0, 0, 32; draw_string_vec4
    %concat/vec4; draw_string_vec4
    %pushi/vec4 0, 0, 32; draw_string_vec4
    %concat/vec4; draw_string_vec4
    %pushi/vec4 0, 0, 32; draw_string_vec4
    %concat/vec4; draw_string_vec4
    %pushi/vec4 0, 0, 32; draw_string_vec4
    %concat/vec4; draw_string_vec4
    %pushi/vec4 0, 0, 32; draw_string_vec4
    %concat/vec4; draw_string_vec4
    %pushi/vec4 0, 0, 32; draw_string_vec4
    %concat/vec4; draw_string_vec4
    %pushi/vec4 0, 0, 32; draw_string_vec4
    %concat/vec4; draw_string_vec4
    %pushi/vec4 0, 0, 32; draw_string_vec4
    %concat/vec4; draw_string_vec4
    %pushi/vec4 0, 0, 32; draw_string_vec4
    %concat/vec4; draw_string_vec4
    %pushi/vec4 0, 0, 32; draw_string_vec4
    %concat/vec4; draw_string_vec4
    %pushi/vec4 0, 0, 32; draw_string_vec4
    %concat/vec4; draw_string_vec4
    %pushi/vec4 0, 0, 32; draw_string_vec4
    %concat/vec4; draw_string_vec4
    %pushi/vec4 0, 0, 32; draw_string_vec4
    %concat/vec4; draw_string_vec4
    %pushi/vec4 0, 0, 32; draw_string_vec4
    %concat/vec4; draw_string_vec4
    %pushi/vec4 0, 0, 32; draw_string_vec4
    %concat/vec4; draw_string_vec4
    %pushi/vec4 0, 0, 32; draw_string_vec4
    %concat/vec4; draw_string_vec4
    %pushi/vec4 0, 0, 32; draw_string_vec4
    %concat/vec4; draw_string_vec4
    %pushi/vec4 0, 0, 32; draw_string_vec4
    %concat/vec4; draw_string_vec4
    %pushi/vec4 0, 0, 32; draw_string_vec4
    %concat/vec4; draw_string_vec4
    %pushi/vec4 0, 0, 32; draw_string_vec4
    %concat/vec4; draw_string_vec4
    %pushi/vec4 1919251317, 0, 32; draw_string_vec4
    %concat/vec4; draw_string_vec4
    %pushi/vec4 1819570991, 0, 32; draw_string_vec4
    %concat/vec4; draw_string_vec4
    %pushi/vec4 1885888883, 0, 32; draw_string_vec4
    %concat/vec4; draw_string_vec4
    %pushi/vec4 1697853304, 0, 32; draw_string_vec4
    %concat/vec4; draw_string_vec4
    %pushi/vec4 1869771624, 0, 32; draw_string_vec4
    %concat/vec4; draw_string_vec4
    %pushi/vec4 1768322143, 0, 32; draw_string_vec4
    %concat/vec4; draw_string_vec4
    %pushi/vec4 1685417328, 0, 32; draw_string_vec4
    %concat/vec4; draw_string_vec4
    %pushi/vec4 779384948, 0, 32; draw_string_vec4
    %concat/vec4; draw_string_vec4
    %store/vec4 v0x61ca3fab7c70_0, 0, 1024;
T_3.0 ;
    %vpi_func 3 43 "$value$plusargs" 32, "SUMMARY=%s", v0x61ca3fab87d0_0 {0 0 0};
    %nor/r;
    %flag_set/vec4 8;
    %jmp/0xz  T_3.2, 8;
    %pushi/vec4 0, 0, 32; draw_string_vec4
    %pushi/vec4 0, 0, 32; draw_string_vec4
    %concat/vec4; draw_string_vec4
    %pushi/vec4 0, 0, 32; draw_string_vec4
    %concat/vec4; draw_string_vec4
    %pushi/vec4 0, 0, 32; draw_string_vec4
    %concat/vec4; draw_string_vec4
    %pushi/vec4 0, 0, 32; draw_string_vec4
    %concat/vec4; draw_string_vec4
    %pushi/vec4 0, 0, 32; draw_string_vec4
    %concat/vec4; draw_string_vec4
    %pushi/vec4 0, 0, 32; draw_string_vec4
    %concat/vec4; draw_string_vec4
    %pushi/vec4 0, 0, 32; draw_string_vec4
    %concat/vec4; draw_string_vec4
    %pushi/vec4 0, 0, 32; draw_string_vec4
    %concat/vec4; draw_string_vec4
    %pushi/vec4 0, 0, 32; draw_string_vec4
    %concat/vec4; draw_string_vec4
    %pushi/vec4 0, 0, 32; draw_string_vec4
    %concat/vec4; draw_string_vec4
    %pushi/vec4 0, 0, 32; draw_string_vec4
    %concat/vec4; draw_string_vec4
    %pushi/vec4 0, 0, 32; draw_string_vec4
    %concat/vec4; draw_string_vec4
    %pushi/vec4 0, 0, 32; draw_string_vec4
    %concat/vec4; draw_string_vec4
    %pushi/vec4 0, 0, 32; draw_string_vec4
    %concat/vec4; draw_string_vec4
    %pushi/vec4 0, 0, 32; draw_string_vec4
    %concat/vec4; draw_string_vec4
    %pushi/vec4 0, 0, 32; draw_string_vec4
    %concat/vec4; draw_string_vec4
    %pushi/vec4 0, 0, 32; draw_string_vec4
    %concat/vec4; draw_string_vec4
    %pushi/vec4 0, 0, 32; draw_string_vec4
    %concat/vec4; draw_string_vec4
    %pushi/vec4 0, 0, 32; draw_string_vec4
    %concat/vec4; draw_string_vec4
    %pushi/vec4 0, 0, 32; draw_string_vec4
    %concat/vec4; draw_string_vec4
    %pushi/vec4 0, 0, 32; draw_string_vec4
    %concat/vec4; draw_string_vec4
    %pushi/vec4 29285, 0, 32; draw_string_vec4
    %concat/vec4; draw_string_vec4
    %pushi/vec4 1937075316, 0, 32; draw_string_vec4
    %concat/vec4; draw_string_vec4
    %pushi/vec4 1932488808, 0, 32; draw_string_vec4
    %concat/vec4; draw_string_vec4
    %pushi/vec4 1634952499, 0, 32; draw_string_vec4
    %concat/vec4; draw_string_vec4
    %pushi/vec4 796422002, 0, 32; draw_string_vec4
    %concat/vec4; draw_string_vec4
    %pushi/vec4 1936222566, 0, 32; draw_string_vec4
    %concat/vec4; draw_string_vec4
    %pushi/vec4 1952412770, 0, 32; draw_string_vec4
    %concat/vec4; draw_string_vec4
    %pushi/vec4 1601402221, 0, 32; draw_string_vec4
    %concat/vec4; draw_string_vec4
    %pushi/vec4 1835102841, 0, 32; draw_string_vec4
    %concat/vec4; draw_string_vec4
    %pushi/vec4 779384948, 0, 32; draw_string_vec4
    %concat/vec4; draw_string_vec4
    %store/vec4 v0x61ca3fab87d0_0, 0, 1024;
T_3.2 ;
    %vpi_call/w 3 46 "$display", "[TB_XORSHIFT] dump=%0s", v0x61ca3fab7c70_0 {0 0 0};
    %vpi_call/w 3 47 "$display", "[TB_XORSHIFT] summary=%0s", v0x61ca3fab87d0_0 {0 0 0};
    %pushi/vec4 0, 0, 1;
    %store/vec4 v0x61ca3fab8300_0, 0, 1;
    %pushi/vec4 0, 0, 1;
    %store/vec4 v0x61ca3fab8630_0, 0, 1;
    %pushi/vec4 2443359172, 0, 39;
    %concati/vec4 28036591, 0, 25;
    %store/vec4 v0x61ca3fab8470_0, 0, 64;
    %pushi/vec4 4041331395, 0, 32;
    %concati/vec4 3030750855, 0, 32;
    %store/vec4 v0x61ca3fab8560_0, 0, 64;
    %pushi/vec4 0, 0, 1;
    %store/vec4 v0x61ca3fab7d30_0, 0, 1;
    %pushi/vec4 0, 0, 32;
    %store/vec4 v0x61ca3fab83d0_0, 0, 32;
    %pushi/vec4 0, 0, 32;
    %store/vec4 v0x61ca3fab7bb0_0, 0, 32;
    %pushi/vec4 0, 0, 64;
    %store/vec4 v0x61ca3fab7ec0_0, 0, 64;
    %pushi/vec4 0, 0, 64;
    %store/vec4 v0x61ca3fab7fa0_0, 0, 64;
    %pushi/vec4 0, 0, 64;
    %store/vec4 v0x61ca3fab8080_0, 0, 64;
    %pushi/vec4 0, 0, 64;
    %store/vec4 v0x61ca3fab8160_0, 0, 64;
    %delay 25000, 0;
    %pushi/vec4 1, 0, 1;
    %store/vec4 v0x61ca3fab8300_0, 0, 1;
    %wait E_0x61ca3fa86fa0;
    %pushi/vec4 1, 0, 1;
    %assign/vec4 v0x61ca3fab8630_0, 0;
    %wait E_0x61ca3fa86fa0;
    %pushi/vec4 0, 0, 1;
    %assign/vec4 v0x61ca3fab8630_0, 0;
    %pushi/vec4 1, 0, 1;
    %assign/vec4 v0x61ca3fab7d30_0, 0;
    %vpi_func 3 70 "$fopen" 32, v0x61ca3fab7c70_0, "w" {0 0 0};
    %store/vec4 v0x61ca3fab7e00_0, 0, 32;
    %load/vec4 v0x61ca3fab7e00_0;
    %cmpi/e 0, 0, 32;
    %jmp/0xz  T_3.4, 4;
    %vpi_call/w 3 72 "$fatal", 32'sb00000000000000000000000000000001, "[TB_XORSHIFT] Could not open dump file: %0s", v0x61ca3fab7c70_0 {0 0 0};
T_3.4 ;
    %vpi_call/w 3 74 "$fwrite", v0x61ca3fab7e00_0, "index,value_hex,value_dec\012" {0 0 0};
T_3.6 ;
    %load/vec4 v0x61ca3fab83d0_0;
    %cmpi/s 10000, 0, 32;
    %jmp/0xz T_3.7, 5;
    %wait E_0x61ca3fa86fa0;
    %load/vec4 v0x61ca3fab7bb0_0;
    %addi 1, 0, 32;
    %store/vec4 v0x61ca3fab7bb0_0, 0, 32;
    %load/vec4 v0x61ca3fab8870_0;
    %flag_set/vec4 8;
    %jmp/0xz  T_3.8, 8;
    %load/vec4 v0x61ca3fab83d0_0;
    %cmpi/s 4, 0, 32;
    %flag_inv 5; GE is !LT
    %flag_get/vec4 5;
    %jmp/0 T_3.15, 5;
    %load/vec4 v0x61ca3fab8240_0;
    %load/vec4 v0x61ca3fab7ec0_0;
    %cmp/e;
    %flag_get/vec4 4;
    %and;
T_3.15;
    %flag_set/vec4 11;
    %flag_get/vec4 11;
    %jmp/0 T_3.14, 11;
    %load/vec4 v0x61ca3fab7ec0_0;
    %load/vec4 v0x61ca3fab7fa0_0;
    %cmp/e;
    %flag_get/vec4 4;
    %and;
T_3.14;
    %flag_set/vec4 10;
    %flag_get/vec4 10;
    %jmp/0 T_3.13, 10;
    %load/vec4 v0x61ca3fab7fa0_0;
    %load/vec4 v0x61ca3fab8080_0;
    %cmp/e;
    %flag_get/vec4 4;
    %and;
T_3.13;
    %flag_set/vec4 9;
    %flag_get/vec4 9;
    %jmp/0 T_3.12, 9;
    %load/vec4 v0x61ca3fab8080_0;
    %load/vec4 v0x61ca3fab8160_0;
    %cmp/e;
    %flag_get/vec4 4;
    %and;
T_3.12;
    %flag_set/vec4 8;
    %jmp/0xz  T_3.10, 8;
    %vpi_call/w 3 84 "$fatal", 32'sb00000000000000000000000000000001, "[TB_XORSHIFT] Constant-output failure detected." {0 0 0};
T_3.10 ;
    %load/vec4 v0x61ca3fab83d0_0;
    %cmpi/s 4, 0, 32;
    %flag_inv 5; GE is !LT
    %flag_get/vec4 5;
    %jmp/0 T_3.21, 5;
    %load/vec4 v0x61ca3fab8240_0;
    %load/vec4 v0x61ca3fab8160_0;
    %cmp/e;
    %flag_get/vec4 4;
    %and;
T_3.21;
    %flag_set/vec4 11;
    %flag_get/vec4 11;
    %jmp/0 T_3.20, 11;
    %load/vec4 v0x61ca3fab7ec0_0;
    %load/vec4 v0x61ca3fab8080_0;
    %cmp/e;
    %flag_get/vec4 4;
    %and;
T_3.20;
    %flag_set/vec4 10;
    %flag_get/vec4 10;
    %jmp/0 T_3.19, 10;
    %load/vec4 v0x61ca3fab7fa0_0;
    %load/vec4 v0x61ca3fab8160_0;
    %cmp/e;
    %flag_get/vec4 4;
    %and;
T_3.19;
    %flag_set/vec4 9;
    %flag_get/vec4 9;
    %jmp/0 T_3.18, 9;
    %load/vec4 v0x61ca3fab7ec0_0;
    %load/vec4 v0x61ca3fab7fa0_0;
    %cmp/ne;
    %flag_get/vec4 4;
    %and;
T_3.18;
    %flag_set/vec4 8;
    %jmp/0xz  T_3.16, 8;
    %vpi_call/w 3 88 "$fatal", 32'sb00000000000000000000000000000001, "[TB_XORSHIFT] Short repeating cycle detected (period 2 or 4)." {0 0 0};
T_3.16 ;
    %vpi_call/w 3 91 "$fwrite", v0x61ca3fab7e00_0, "%0d,%016h,%0d\012", v0x61ca3fab83d0_0, v0x61ca3fab8240_0, v0x61ca3fab8240_0 {0 0 0};
    %load/vec4 v0x61ca3fab8080_0;
    %store/vec4 v0x61ca3fab8160_0, 0, 64;
    %load/vec4 v0x61ca3fab7fa0_0;
    %store/vec4 v0x61ca3fab8080_0, 0, 64;
    %load/vec4 v0x61ca3fab7ec0_0;
    %store/vec4 v0x61ca3fab7fa0_0, 0, 64;
    %load/vec4 v0x61ca3fab8240_0;
    %store/vec4 v0x61ca3fab7ec0_0, 0, 64;
    %load/vec4 v0x61ca3fab83d0_0;
    %addi 1, 0, 32;
    %store/vec4 v0x61ca3fab83d0_0, 0, 32;
T_3.8 ;
    %load/vec4 v0x61ca3fab7bb0_0;
    %cmpi/s 10050, 0, 32;
    %flag_or 5, 4; GT is !LE
    %flag_inv 5;
    %jmp/0xz  T_3.22, 5;
    %vpi_call/w 3 99 "$fatal", 32'sb00000000000000000000000000000001, "[TB_XORSHIFT] Timeout before collecting all samples." {0 0 0};
T_3.22 ;
    %jmp T_3.6;
T_3.7 ;
    %vpi_call/w 3 103 "$fclose", v0x61ca3fab7e00_0 {0 0 0};
    %vpi_func 3 105 "$fopen" 32, v0x61ca3fab87d0_0, "w" {0 0 0};
    %store/vec4 v0x61ca3fab7e00_0, 0, 32;
    %load/vec4 v0x61ca3fab7e00_0;
    %cmpi/ne 0, 0, 32;
    %jmp/0xz  T_3.24, 4;
    %vpi_call/w 3 107 "$fwrite", v0x61ca3fab7e00_0, "XORSHIFT testbench summary\012" {0 0 0};
    %vpi_call/w 3 108 "$fwrite", v0x61ca3fab7e00_0, "samples=%0d\012", v0x61ca3fab83d0_0 {0 0 0};
    %vpi_call/w 3 109 "$fwrite", v0x61ca3fab7e00_0, "cycles=%0d\012", v0x61ca3fab7bb0_0 {0 0 0};
    %vpi_call/w 3 110 "$fwrite", v0x61ca3fab7e00_0, "seed0=%016h\012", v0x61ca3fab8470_0 {0 0 0};
    %vpi_call/w 3 111 "$fwrite", v0x61ca3fab7e00_0, "seed1=%016h\012", v0x61ca3fab8560_0 {0 0 0};
    %vpi_call/w 3 112 "$fclose", v0x61ca3fab7e00_0 {0 0 0};
T_3.24 ;
    %vpi_call/w 3 115 "$display", "[TB_XORSHIFT] PASS: samples=%0d cycles=%0d", v0x61ca3fab83d0_0, v0x61ca3fab7bb0_0 {0 0 0};
    %vpi_call/w 3 116 "$finish" {0 0 0};
    %end;
    .thread T_3;
# The file index is used to find the file name in the following table.
:file_names 5;
    "N/A";
    "<interactive>";
    "-";
    "tb/tb_xorshift.v";
    "rtl/xorshift128plus.v";
