
 /----------------------------------------------------------------------------\
 |  yosys -- Yosys Open SYnthesis Suite                                       |
 |  Copyright (C) 2012 - 2025  Claire Xenia Wolf <claire@yosyshq.com>         |
 |  Distributed under an ISC-like license, type "license" to see terms        |
 \----------------------------------------------------------------------------/
 Yosys 0.51 (git sha1 c4b519022, clang++ 18.1.3 -fPIC -O3)

-- Executing script file `asic/pareto_cmp_kernel/scripts/synth_pareto_cmp_c1_scorefirst_yosys.ys' --

1. Executing Verilog-2005 frontend: asic/pareto_cmp_kernel/src/pareto_cmp_c1_scorefirst.v
Parsing Verilog input from `asic/pareto_cmp_kernel/src/pareto_cmp_c1_scorefirst.v' to AST representation.
Generating RTLIL representation for module `\pareto_cmp_c1_scorefirst'.
Successfully finished Verilog frontend.

2. Executing HIERARCHY pass (managing design hierarchy).

2.1. Analyzing design hierarchy..
Top module:  \pareto_cmp_c1_scorefirst

2.2. Analyzing design hierarchy..
Top module:  \pareto_cmp_c1_scorefirst
Removed 0 unused modules.

3. Executing PROC pass (convert processes to netlists).

3.1. Executing PROC_CLEAN pass (remove empty switches from decision trees).
Cleaned up 0 empty switches.

3.2. Executing PROC_RMDEAD pass (remove dead branches from decision trees).
Marked 3 switch rules as full_case in process $proc$asic/pareto_cmp_kernel/src/pareto_cmp_c1_scorefirst.v:76$28 in module pareto_cmp_c1_scorefirst.
Removed a total of 0 dead cases.

3.3. Executing PROC_PRUNE pass (remove redundant assignments in processes).
Removed 1 redundant assignment.
Promoted 0 assignments to connections.

3.4. Executing PROC_INIT pass (extract init attributes).

3.5. Executing PROC_ARST pass (detect async resets in processes).

3.6. Executing PROC_ROM pass (convert switches to ROMs).
Converted 0 switches.
<suppressed ~4 debug messages>

3.7. Executing PROC_MUX pass (convert decision trees to multiplexers).
Creating decoders for process `\pareto_cmp_c1_scorefirst.$proc$asic/pareto_cmp_kernel/src/pareto_cmp_c1_scorefirst.v:76$28'.
     1/4: $0\done[0:0]
     2/4: $0\tie[0:0]
     3/4: $0\select_b[0:0]
     4/4: $0\select_a[0:0]

3.8. Executing PROC_DLATCH pass (convert process syncs to latches).

3.9. Executing PROC_DFF pass (convert process syncs to FFs).
Creating register for signal `\pareto_cmp_c1_scorefirst.\done' using process `\pareto_cmp_c1_scorefirst.$proc$asic/pareto_cmp_kernel/src/pareto_cmp_c1_scorefirst.v:76$28'.
  created $dff cell `$procdff$60' with positive edge clock.
Creating register for signal `\pareto_cmp_c1_scorefirst.\select_a' using process `\pareto_cmp_c1_scorefirst.$proc$asic/pareto_cmp_kernel/src/pareto_cmp_c1_scorefirst.v:76$28'.
  created $dff cell `$procdff$61' with positive edge clock.
Creating register for signal `\pareto_cmp_c1_scorefirst.\select_b' using process `\pareto_cmp_c1_scorefirst.$proc$asic/pareto_cmp_kernel/src/pareto_cmp_c1_scorefirst.v:76$28'.
  created $dff cell `$procdff$62' with positive edge clock.
Creating register for signal `\pareto_cmp_c1_scorefirst.\tie' using process `\pareto_cmp_c1_scorefirst.$proc$asic/pareto_cmp_kernel/src/pareto_cmp_c1_scorefirst.v:76$28'.
  created $dff cell `$procdff$63' with positive edge clock.

3.10. Executing PROC_MEMWR pass (convert process memory writes to cells).

3.11. Executing PROC_CLEAN pass (remove empty switches from decision trees).
Found and cleaned up 4 empty switches in `\pareto_cmp_c1_scorefirst.$proc$asic/pareto_cmp_kernel/src/pareto_cmp_c1_scorefirst.v:76$28'.
Removing empty process `pareto_cmp_c1_scorefirst.$proc$asic/pareto_cmp_kernel/src/pareto_cmp_c1_scorefirst.v:76$28'.
Cleaned up 4 empty switches.

3.12. Executing OPT_EXPR pass (perform const folding).
Optimizing module pareto_cmp_c1_scorefirst.
<suppressed ~4 debug messages>

4. Executing OPT pass (performing simple optimizations).

4.1. Executing OPT_EXPR pass (perform const folding).
Optimizing module pareto_cmp_c1_scorefirst.

4.2. Executing OPT_MERGE pass (detect identical cells).
Finding identical cells in module `\pareto_cmp_c1_scorefirst'.
Removed a total of 0 cells.

4.3. Executing OPT_MUXTREE pass (detect dead branches in mux trees).
Running muxtree optimizer on module \pareto_cmp_c1_scorefirst..
  Creating internal representation of mux trees.
  Evaluating internal representation of mux trees.
  Analyzing evaluation results.
Removed 0 multiplexer ports.
<suppressed ~5 debug messages>

4.4. Executing OPT_REDUCE pass (consolidate $*mux and $reduce_* inputs).
  Optimizing cells in module \pareto_cmp_c1_scorefirst.
Performed a total of 0 changes.

4.5. Executing OPT_MERGE pass (detect identical cells).
Finding identical cells in module `\pareto_cmp_c1_scorefirst'.
Removed a total of 0 cells.

4.6. Executing OPT_DFF pass (perform DFF optimizations).
Adding SRST signal on $procdff$60 ($dff) from module pareto_cmp_c1_scorefirst (D = \start, Q = \done, rval = 1'0).
Adding SRST signal on $procdff$61 ($dff) from module pareto_cmp_c1_scorefirst (D = $procmux$55_Y, Q = \select_a, rval = 1'0).
Adding EN signal on $auto$ff.cc:266:slice$65 ($sdff) from module pareto_cmp_c1_scorefirst (D = $procmux$53_Y, Q = \select_a).
Adding SRST signal on $procdff$62 ($dff) from module pareto_cmp_c1_scorefirst (D = $procmux$44_Y, Q = \select_b, rval = 1'0).
Adding EN signal on $auto$ff.cc:266:slice$67 ($sdff) from module pareto_cmp_c1_scorefirst (D = $procmux$42_Y, Q = \select_b).
Adding SRST signal on $procdff$63 ($dff) from module pareto_cmp_c1_scorefirst (D = $procmux$33_Y, Q = \tie, rval = 1'0).
Adding EN signal on $auto$ff.cc:266:slice$69 ($sdff) from module pareto_cmp_c1_scorefirst (D = $logic_and$asic/pareto_cmp_kernel/src/pareto_cmp_c1_scorefirst.v:58$9_Y, Q = \tie).

4.7. Executing OPT_CLEAN pass (remove unused cells and wires).
Finding unused cells or wires in module \pareto_cmp_c1_scorefirst..
Removed 8 unused cells and 25 unused wires.
<suppressed ~9 debug messages>

4.8. Executing OPT_EXPR pass (perform const folding).
Optimizing module pareto_cmp_c1_scorefirst.

4.9. Rerunning OPT passes. (Maybe there is more to do..)

4.10. Executing OPT_MUXTREE pass (detect dead branches in mux trees).
Running muxtree optimizer on module \pareto_cmp_c1_scorefirst..
  Creating internal representation of mux trees.
  Evaluating internal representation of mux trees.
  Analyzing evaluation results.
Removed 0 multiplexer ports.
<suppressed ~3 debug messages>

4.11. Executing OPT_REDUCE pass (consolidate $*mux and $reduce_* inputs).
  Optimizing cells in module \pareto_cmp_c1_scorefirst.
Performed a total of 0 changes.

4.12. Executing OPT_MERGE pass (detect identical cells).
Finding identical cells in module `\pareto_cmp_c1_scorefirst'.
Removed a total of 0 cells.

4.13. Executing OPT_DFF pass (perform DFF optimizations).

4.14. Executing OPT_CLEAN pass (remove unused cells and wires).
Finding unused cells or wires in module \pareto_cmp_c1_scorefirst..

4.15. Executing OPT_EXPR pass (perform const folding).
Optimizing module pareto_cmp_c1_scorefirst.

4.16. Finished OPT passes. (There is nothing left to do.)

5. Executing MEMORY pass.

5.1. Executing OPT_MEM pass (optimize memories).
Performed a total of 0 transformations.

5.2. Executing OPT_MEM_PRIORITY pass (removing unnecessary memory write priority relations).
Performed a total of 0 transformations.

5.3. Executing OPT_MEM_FEEDBACK pass (finding memory read-to-write feedback paths).

5.4. Executing MEMORY_BMUX2ROM pass (converting muxes to ROMs).

5.5. Executing MEMORY_DFF pass (merging $dff cells to $memrd).

5.6. Executing OPT_CLEAN pass (remove unused cells and wires).
Finding unused cells or wires in module \pareto_cmp_c1_scorefirst..

5.7. Executing MEMORY_SHARE pass (consolidating $memrd/$memwr cells).

5.8. Executing OPT_MEM_WIDEN pass (optimize memories where all ports are wide).
Performed a total of 0 transformations.

5.9. Executing OPT_CLEAN pass (remove unused cells and wires).
Finding unused cells or wires in module \pareto_cmp_c1_scorefirst..

5.10. Executing MEMORY_COLLECT pass (generating $mem cells).

5.11. Executing MEMORY_MAP pass (converting memories to logic and flip-flops).

6. Executing OPT pass (performing simple optimizations).

6.1. Executing OPT_EXPR pass (perform const folding).
Optimizing module pareto_cmp_c1_scorefirst.

6.2. Executing OPT_MERGE pass (detect identical cells).
Finding identical cells in module `\pareto_cmp_c1_scorefirst'.
Removed a total of 0 cells.

6.3. Executing OPT_MUXTREE pass (detect dead branches in mux trees).
Running muxtree optimizer on module \pareto_cmp_c1_scorefirst..
  Creating internal representation of mux trees.
  Evaluating internal representation of mux trees.
  Analyzing evaluation results.
Removed 0 multiplexer ports.
<suppressed ~3 debug messages>

6.4. Executing OPT_REDUCE pass (consolidate $*mux and $reduce_* inputs).
  Optimizing cells in module \pareto_cmp_c1_scorefirst.
Performed a total of 0 changes.

6.5. Executing OPT_MERGE pass (detect identical cells).
Finding identical cells in module `\pareto_cmp_c1_scorefirst'.
Removed a total of 0 cells.

6.6. Executing OPT_DFF pass (perform DFF optimizations).

6.7. Executing OPT_CLEAN pass (remove unused cells and wires).
Finding unused cells or wires in module \pareto_cmp_c1_scorefirst..

6.8. Executing OPT_EXPR pass (perform const folding).
Optimizing module pareto_cmp_c1_scorefirst.

6.9. Finished OPT passes. (There is nothing left to do.)

7. Executing FSM pass (extract and optimize FSM).

7.1. Executing FSM_DETECT pass (finding FSMs in design).

7.2. Executing FSM_EXTRACT pass (extracting FSM from design).

7.3. Executing FSM_OPT pass (simple optimizations of FSMs).

7.4. Executing OPT_CLEAN pass (remove unused cells and wires).
Finding unused cells or wires in module \pareto_cmp_c1_scorefirst..

7.5. Executing FSM_OPT pass (simple optimizations of FSMs).

7.6. Executing FSM_RECODE pass (re-assigning FSM state encoding).

7.7. Executing FSM_INFO pass (dumping all available information on FSM cells).

7.8. Executing FSM_MAP pass (mapping FSMs to basic logic).

8. Executing OPT pass (performing simple optimizations).

8.1. Executing OPT_EXPR pass (perform const folding).
Optimizing module pareto_cmp_c1_scorefirst.

8.2. Executing OPT_MERGE pass (detect identical cells).
Finding identical cells in module `\pareto_cmp_c1_scorefirst'.
Removed a total of 0 cells.

8.3. Executing OPT_MUXTREE pass (detect dead branches in mux trees).
Running muxtree optimizer on module \pareto_cmp_c1_scorefirst..
  Creating internal representation of mux trees.
  Evaluating internal representation of mux trees.
  Analyzing evaluation results.
Removed 0 multiplexer ports.
<suppressed ~3 debug messages>

8.4. Executing OPT_REDUCE pass (consolidate $*mux and $reduce_* inputs).
  Optimizing cells in module \pareto_cmp_c1_scorefirst.
Performed a total of 0 changes.

8.5. Executing OPT_MERGE pass (detect identical cells).
Finding identical cells in module `\pareto_cmp_c1_scorefirst'.
Removed a total of 0 cells.

8.6. Executing OPT_DFF pass (perform DFF optimizations).

8.7. Executing OPT_CLEAN pass (remove unused cells and wires).
Finding unused cells or wires in module \pareto_cmp_c1_scorefirst..

8.8. Executing OPT_EXPR pass (perform const folding).
Optimizing module pareto_cmp_c1_scorefirst.

8.9. Finished OPT passes. (There is nothing left to do.)

9. Executing TECHMAP pass (map to technology primitives).

9.1. Executing Verilog-2005 frontend: /home/shahriar-rizvi/Documents/VLSI/tools/OpenROAD-flow-scripts/tools/install/yosys/bin/../share/yosys/techmap.v
Parsing Verilog input from `/home/shahriar-rizvi/Documents/VLSI/tools/OpenROAD-flow-scripts/tools/install/yosys/bin/../share/yosys/techmap.v' to AST representation.
Generating RTLIL representation for module `\_90_simplemap_bool_ops'.
Generating RTLIL representation for module `\_90_simplemap_reduce_ops'.
Generating RTLIL representation for module `\_90_simplemap_logic_ops'.
Generating RTLIL representation for module `\_90_simplemap_compare_ops'.
Generating RTLIL representation for module `\_90_simplemap_various'.
Generating RTLIL representation for module `\_90_simplemap_registers'.
Generating RTLIL representation for module `\_90_shift_ops_shr_shl_sshl_sshr'.
Generating RTLIL representation for module `\_90_shift_shiftx'.
Generating RTLIL representation for module `\_90_fa'.
Generating RTLIL representation for module `\_90_lcu_brent_kung'.
Generating RTLIL representation for module `\_90_alu'.
Generating RTLIL representation for module `\_90_macc'.
Generating RTLIL representation for module `\_90_alumacc'.
Generating RTLIL representation for module `\$__div_mod_u'.
Generating RTLIL representation for module `\$__div_mod_trunc'.
Generating RTLIL representation for module `\_90_div'.
Generating RTLIL representation for module `\_90_mod'.
Generating RTLIL representation for module `\$__div_mod_floor'.
Generating RTLIL representation for module `\_90_divfloor'.
Generating RTLIL representation for module `\_90_modfloor'.
Generating RTLIL representation for module `\_90_pow'.
Generating RTLIL representation for module `\_90_pmux'.
Generating RTLIL representation for module `\_90_demux'.
Generating RTLIL representation for module `\_90_lut'.
Successfully finished Verilog frontend.

9.2. Continuing TECHMAP pass.
Using extmapper simplemap for cells of type $eq.
Using extmapper simplemap for cells of type $logic_and.
Running "alumacc" on wrapper $extern:wrap:$lt:A_SIGNED=0:A_WIDTH=32:B_SIGNED=0:B_WIDTH=32:Y_WIDTH=1:394426c56d1a028ba8fdd5469b163e04011def47.
Using template $extern:wrap:$lt:A_SIGNED=0:A_WIDTH=32:B_SIGNED=0:B_WIDTH=32:Y_WIDTH=1:394426c56d1a028ba8fdd5469b163e04011def47 for cells of type $extern:wrap:$lt:A_SIGNED=0:A_WIDTH=32:B_SIGNED=0:B_WIDTH=32:Y_WIDTH=1:394426c56d1a028ba8fdd5469b163e04011def47.
Running "alumacc" on wrapper $extern:wrap:$gt:A_SIGNED=0:A_WIDTH=32:B_SIGNED=0:B_WIDTH=32:Y_WIDTH=1:394426c56d1a028ba8fdd5469b163e04011def47.
Using template $extern:wrap:$gt:A_SIGNED=0:A_WIDTH=32:B_SIGNED=0:B_WIDTH=32:Y_WIDTH=1:394426c56d1a028ba8fdd5469b163e04011def47 for cells of type $extern:wrap:$gt:A_SIGNED=0:A_WIDTH=32:B_SIGNED=0:B_WIDTH=32:Y_WIDTH=1:394426c56d1a028ba8fdd5469b163e04011def47.
Running "alumacc" on wrapper $extern:wrap:$gt:A_SIGNED=0:A_WIDTH=16:B_SIGNED=0:B_WIDTH=16:Y_WIDTH=1:394426c56d1a028ba8fdd5469b163e04011def47.
Using template $extern:wrap:$gt:A_SIGNED=0:A_WIDTH=16:B_SIGNED=0:B_WIDTH=16:Y_WIDTH=1:394426c56d1a028ba8fdd5469b163e04011def47 for cells of type $extern:wrap:$gt:A_SIGNED=0:A_WIDTH=16:B_SIGNED=0:B_WIDTH=16:Y_WIDTH=1:394426c56d1a028ba8fdd5469b163e04011def47.
Running "alumacc" on wrapper $extern:wrap:$lt:A_SIGNED=0:A_WIDTH=16:B_SIGNED=0:B_WIDTH=16:Y_WIDTH=1:394426c56d1a028ba8fdd5469b163e04011def47.
Using template $extern:wrap:$lt:A_SIGNED=0:A_WIDTH=16:B_SIGNED=0:B_WIDTH=16:Y_WIDTH=1:394426c56d1a028ba8fdd5469b163e04011def47 for cells of type $extern:wrap:$lt:A_SIGNED=0:A_WIDTH=16:B_SIGNED=0:B_WIDTH=16:Y_WIDTH=1:394426c56d1a028ba8fdd5469b163e04011def47.
Running "alumacc" on wrapper $extern:wrap:$lt:A_SIGNED=0:A_WIDTH=8:B_SIGNED=0:B_WIDTH=8:Y_WIDTH=1:394426c56d1a028ba8fdd5469b163e04011def47.
Using template $extern:wrap:$lt:A_SIGNED=0:A_WIDTH=8:B_SIGNED=0:B_WIDTH=8:Y_WIDTH=1:394426c56d1a028ba8fdd5469b163e04011def47 for cells of type $extern:wrap:$lt:A_SIGNED=0:A_WIDTH=8:B_SIGNED=0:B_WIDTH=8:Y_WIDTH=1:394426c56d1a028ba8fdd5469b163e04011def47.
Running "alumacc" on wrapper $extern:wrap:$gt:A_SIGNED=0:A_WIDTH=8:B_SIGNED=0:B_WIDTH=8:Y_WIDTH=1:394426c56d1a028ba8fdd5469b163e04011def47.
Using template $extern:wrap:$gt:A_SIGNED=0:A_WIDTH=8:B_SIGNED=0:B_WIDTH=8:Y_WIDTH=1:394426c56d1a028ba8fdd5469b163e04011def47 for cells of type $extern:wrap:$gt:A_SIGNED=0:A_WIDTH=8:B_SIGNED=0:B_WIDTH=8:Y_WIDTH=1:394426c56d1a028ba8fdd5469b163e04011def47.
Using extmapper simplemap for cells of type $mux.
Using extmapper simplemap for cells of type $sdff.
Using extmapper simplemap for cells of type $sdffe.
Using template $paramod$fbc7873bff55778c0b3173955b7e4bce1d9d6834\_90_alu for cells of type $alu.
Using extmapper simplemap for cells of type $not.
Using extmapper simplemap for cells of type $or.
Using extmapper simplemap for cells of type $reduce_and.
Using template $paramod$6df0329addda9228fcc2546de2aaf14ad26c98e1\_90_alu for cells of type $alu.
Using template $paramod$a1bc51c02ce12ac21eb18988e83292af48ed7d72\_90_alu for cells of type $alu.
Using extmapper simplemap for cells of type $xor.
Using extmapper simplemap for cells of type $and.
Using template $paramod\_90_lcu_brent_kung\WIDTH=32'00000000000000000000000000100000 for cells of type $lcu.
Using extmapper simplemap for cells of type $pos.
Using template $paramod\_90_lcu_brent_kung\WIDTH=32'00000000000000000000000000010000 for cells of type $lcu.
Using template $paramod\_90_lcu_brent_kung\WIDTH=32'00000000000000000000000000001000 for cells of type $lcu.
No more expansions possible.
<suppressed ~1394 debug messages>

10. Executing OPT pass (performing simple optimizations).

10.1. Executing OPT_EXPR pass (perform const folding).
Optimizing module pareto_cmp_c1_scorefirst.
<suppressed ~197 debug messages>

10.2. Executing OPT_MERGE pass (detect identical cells).
Finding identical cells in module `\pareto_cmp_c1_scorefirst'.
<suppressed ~1923 debug messages>
Removed a total of 641 cells.

10.3. Executing OPT_MUXTREE pass (detect dead branches in mux trees).
Running muxtree optimizer on module \pareto_cmp_c1_scorefirst..
  Creating internal representation of mux trees.
  No muxes found in this module.
Removed 0 multiplexer ports.

10.4. Executing OPT_REDUCE pass (consolidate $*mux and $reduce_* inputs).
  Optimizing cells in module \pareto_cmp_c1_scorefirst.
Performed a total of 0 changes.

10.5. Executing OPT_MERGE pass (detect identical cells).
Finding identical cells in module `\pareto_cmp_c1_scorefirst'.
Removed a total of 0 cells.

10.6. Executing OPT_DFF pass (perform DFF optimizations).

10.7. Executing OPT_CLEAN pass (remove unused cells and wires).
Finding unused cells or wires in module \pareto_cmp_c1_scorefirst..
Removed 218 unused cells and 644 unused wires.
<suppressed ~219 debug messages>

10.8. Executing OPT_EXPR pass (perform const folding).
Optimizing module pareto_cmp_c1_scorefirst.

10.9. Rerunning OPT passes. (Maybe there is more to do..)

10.10. Executing OPT_MUXTREE pass (detect dead branches in mux trees).
Running muxtree optimizer on module \pareto_cmp_c1_scorefirst..
  Creating internal representation of mux trees.
  No muxes found in this module.
Removed 0 multiplexer ports.

10.11. Executing OPT_REDUCE pass (consolidate $*mux and $reduce_* inputs).
  Optimizing cells in module \pareto_cmp_c1_scorefirst.
Performed a total of 0 changes.

10.12. Executing OPT_MERGE pass (detect identical cells).
Finding identical cells in module `\pareto_cmp_c1_scorefirst'.
Removed a total of 0 cells.

10.13. Executing OPT_DFF pass (perform DFF optimizations).

10.14. Executing OPT_CLEAN pass (remove unused cells and wires).
Finding unused cells or wires in module \pareto_cmp_c1_scorefirst..

10.15. Executing OPT_EXPR pass (perform const folding).
Optimizing module pareto_cmp_c1_scorefirst.

10.16. Finished OPT passes. (There is nothing left to do.)

11. Executing ABC pass (technology mapping using ABC).

11.1. Extracting gate netlist of module `\pareto_cmp_c1_scorefirst' to `<abc-temp-dir>/input.blif'..
Extracted 714 gates and 892 wires to a netlist network with 176 inputs and 3 outputs.

11.1.1. Executing ABC.
Running ABC command: "<yosys-exe-dir>/yosys-abc" -s -f <abc-temp-dir>/abc.script 2>&1
ABC: ABC command line: "source <abc-temp-dir>/abc.script".
ABC: 
ABC: + read_blif <abc-temp-dir>/input.blif 
ABC: + read_library <abc-temp-dir>/stdcells.genlib 
ABC: + strash 
ABC: + &get -n 
ABC: + &fraig -x 
ABC: + &put 
ABC: + scorr 
ABC: Warning: The network is combinational (run "fraig" or "fraig_sweep").
ABC: + dc2 
ABC: + dretime 
ABC: + strash 
ABC: + &get -n 
ABC: + &dch -f 
ABC: + &nf 
ABC: + &put 
ABC: + write_blif <abc-temp-dir>/output.blif 

11.1.2. Re-integrating ABC results.
ABC RESULTS:               AND cells:      180
ABC RESULTS:            ANDNOT cells:       11
ABC RESULTS:              NAND cells:       91
ABC RESULTS:               NOR cells:        4
ABC RESULTS:                OR cells:        7
ABC RESULTS:             ORNOT cells:      164
ABC RESULTS:              XNOR cells:       11
ABC RESULTS:        internal signals:      713
ABC RESULTS:           input signals:      176
ABC RESULTS:          output signals:        3
Removing temp directory.
Removed 0 unused cells and 423 unused wires.

12. Printing statistics.

=== pareto_cmp_c1_scorefirst ===

   Number of wires:                485
   Number of wire bits:            651
   Number of public wires:          18
   Number of public wire bits:     184
   Number of ports:                 17
   Number of port bits:            183
   Number of memories:               0
   Number of memory bits:            0
   Number of processes:              0
   Number of cells:                472
     $_ANDNOT_                      11
     $_AND_                        180
     $_NAND_                        91
     $_NOR_                          4
     $_ORNOT_                      164
     $_OR_                           7
     $_SDFFE_PN0P_                   3
     $_SDFF_PN0_                     1
     $_XNOR_                        11

13. Executing Verilog backend.

13.1. Executing BMUXMAP pass.

13.2. Executing DEMUXMAP pass.
Dumping module `\pareto_cmp_c1_scorefirst'.

End of script. Logfile hash: c6706518fd, CPU: user 0.13s system 0.01s, MEM: 21.55 MB peak
Yosys 0.51 (git sha1 c4b519022, clang++ 18.1.3 -fPIC -O3)
Time spent: 45% 1x abc (0 sec), 14% 1x techmap (0 sec), ...
