OpenROAD v2.0-19993-ga613c7e53 
Features included (+) or not (-): +GPU +GUI +Python
This program is licensed under the BSD-3 license. See the LICENSE file for details.
Components of this program may be licensed under more restrictive licenses which must be honored.
[INFO ORD-0030] Using 8 thread(s).
global_placement -density 0.6 -pad_left 0 -pad_right 0 -routability_driven -timing_driven
[INFO GPL-0002] DBU: 1000
[INFO GPL-0003] SiteSize: (  0.460  2.720 ) um
[INFO GPL-0004] CoreBBox: ( 40.020 40.800 ) ( 460.000 459.680 ) um
[INFO GPL-0006] NumInstances:              4669
[INFO GPL-0007] NumPlaceInstances:         2329
[INFO GPL-0008] NumFixedInstances:         2340
[INFO GPL-0009] NumDummyInstances:            0
[INFO GPL-0010] NumNets:                   2839
[INFO GPL-0011] NumPins:                   7984
[INFO GPL-0012] DieBBox:  (  0.000  0.000 ) ( 500.000 500.000 ) um
[INFO GPL-0013] CoreBBox: ( 40.020 40.800 ) ( 460.000 459.680 ) um
[INFO GPL-0016] CoreArea:            175921.222 um^2
[INFO GPL-0017] NonPlaceInstsArea:     2927.808 um^2
[INFO GPL-0018] PlaceInstsArea:       19902.838 um^2
[INFO GPL-0019] Util:                    11.505 %
[INFO GPL-0020] StdInstsArea:         19902.838 um^2
[INFO GPL-0021] MacroInstsArea:           0.000 um^2
[InitialPlace]  Iter: 1 CG residual: 0.00020698 HPWL: 67789679
[InitialPlace]  Iter: 2 CG residual: 0.00028776 HPWL: 36645088
[InitialPlace]  Iter: 3 CG residual: 0.00011427 HPWL: 35524776
[InitialPlace]  Iter: 4 CG residual: 0.00002842 HPWL: 34370649
[InitialPlace]  Iter: 5 CG residual: 0.00001185 HPWL: 33595140
[InitialPlace]  Iter: 6 CG residual: 0.00000298 HPWL: 33259860
[INFO GPL-0031] FillerInit:NumGCells:     12606
[INFO GPL-0032] FillerInit:NumGNets:       2839
[INFO GPL-0033] FillerInit:NumGPins:       7984
[INFO GPL-0023] TargetDensity:            0.600
[INFO GPL-0024] AvrgPlaceInstArea:        8.546 um^2
[INFO GPL-0025] IdealBinArea:            14.243 um^2
[INFO GPL-0026] IdealBinCnt:              12351
[INFO GPL-0027] TotalBinArea:        175921.222 um^2
[INFO GPL-0028] BinCnt:        64     64
[INFO GPL-0029] BinSize: (  6.563  6.545 )
[INFO GPL-0030] NumBins: 4096
[NesterovSolve] Iter:    1 overflow: 0.977 HPWL: 13581107
[NesterovSolve] Iter:   10 overflow: 0.936 HPWL: 18368402
[NesterovSolve] Iter:   20 overflow: 0.918 HPWL: 20069044
[NesterovSolve] Iter:   30 overflow: 0.900 HPWL: 21256984
[NesterovSolve] Iter:   40 overflow: 0.890 HPWL: 22079543
[NesterovSolve] Iter:   50 overflow: 0.875 HPWL: 22768090
[NesterovSolve] Iter:   60 overflow: 0.865 HPWL: 23396888
[NesterovSolve] Iter:   70 overflow: 0.855 HPWL: 23848013
[NesterovSolve] Iter:   80 overflow: 0.848 HPWL: 24026226
[NesterovSolve] Iter:   90 overflow: 0.843 HPWL: 24242175
[NesterovSolve] Iter:  100 overflow: 0.835 HPWL: 24443664
[NesterovSolve] Iter:  110 overflow: 0.829 HPWL: 24608635
[NesterovSolve] Iter:  120 overflow: 0.828 HPWL: 24721453
[NesterovSolve] Iter:  130 overflow: 0.818 HPWL: 24869271
[NesterovSolve] Iter:  140 overflow: 0.820 HPWL: 25000543
[NesterovSolve] Iter:  150 overflow: 0.816 HPWL: 25082960
[NesterovSolve] Iter:  160 overflow: 0.816 HPWL: 25135240
[NesterovSolve] Iter:  170 overflow: 0.816 HPWL: 25178589
[NesterovSolve] Iter:  180 overflow: 0.819 HPWL: 25319604
[NesterovSolve] Iter:  190 overflow: 0.816 HPWL: 25666537
[NesterovSolve] Iter:  200 overflow: 0.808 HPWL: 26272817
[NesterovSolve] Iter:  210 overflow: 0.803 HPWL: 27067541
[NesterovSolve] Iter:  220 overflow: 0.793 HPWL: 27818472
[INFO GPL-0100] Timing-driven iteration 1/5, virtual: true.
[INFO GPL-0101]    Iter: 226, overflow: 0.785, keep rsz at: 0.3, HPWL: 28069715
Iteration |   Area    | Resized | Buffers | Nets repaired | Remaining
---------------------------------------------------------------------
        0 |     +0.0% |       0 |       0 |             0 |      2839
    final |     +4.3% |     720 |       0 |             0 |         0
---------------------------------------------------------------------
[INFO RSZ-0039] Resized 720 instances.
[INFO GPL-0106] Timing-driven: worst slack 1.69e-09
[INFO GPL-0103] Timing-driven: weighted 283 nets.
[NesterovSolve] Iter:  230 overflow: 0.782 HPWL: 26691576
[NesterovSolve] Iter:  240 overflow: 0.765 HPWL: 27192908
[NesterovSolve] Iter:  250 overflow: 0.744 HPWL: 27777500
[NesterovSolve] Iter:  260 overflow: 0.722 HPWL: 28671742
[NesterovSolve] Iter:  270 overflow: 0.687 HPWL: 29926265
[NesterovSolve] Iter:  280 overflow: 0.652 HPWL: 31178585
[INFO GPL-0100] Timing-driven iteration 2/5, virtual: true.
[INFO GPL-0101]    Iter: 285, overflow: 0.634, keep rsz at: 0.3, HPWL: 31587854
Iteration |   Area    | Resized | Buffers | Nets repaired | Remaining
---------------------------------------------------------------------
        0 |     +0.0% |       0 |       0 |             0 |      2839
    final |     +4.6% |     713 |       0 |             0 |         0
---------------------------------------------------------------------
[INFO RSZ-0039] Resized 713 instances.
[INFO GPL-0106] Timing-driven: worst slack 1.42e-09
[INFO GPL-0103] Timing-driven: weighted 283 nets.
[NesterovSolve] Iter:  290 overflow: 0.614 HPWL: 32199628
[INFO GPL-0088] Routability snapshot saved at iter = 293
[NesterovSolve] Iter:  300 overflow: 0.566 HPWL: 33913081
[NesterovSolve] Iter:  310 overflow: 0.525 HPWL: 35035123
[NesterovSolve] Iter:  320 overflow: 0.476 HPWL: 36351235
[NesterovSolve] Iter:  330 overflow: 0.432 HPWL: 36856868
[NesterovSolve] Iter:  340 overflow: 0.382 HPWL: 37656513
[NesterovSolve] Iter:  350 overflow: 0.333 HPWL: 38367445
[NesterovSolve] Iter:  360 overflow: 0.302 HPWL: 38921348
[INFO GPL-0075] Routability iteration: 1
[INFO GPL-0036] TileBBox: (    0    0 ) ( 6900 6900 ) DBU
[INFO GPL-0038] TileCnt:      72   72
[INFO GPL-0040] NumTiles: 5184
[INFO GPL-0081] TotalRouteOverflow: 4.7577
[INFO GPL-0082] OverflowTileCnt: 19
[INFO GPL-0083] 0.5%RC: 1.1749
[INFO GPL-0084] 1.0%RC: 1.0497
[INFO GPL-0085] 2.0%RC: 0.9627
[INFO GPL-0086] 5.0%RC: 0.8448
[INFO GPL-0087] FinalRC: 1.1123306
[INFO GPL-0078] FinalRC lower than minRC (1000000015047466219876688855040.0000), min RC updated.
[INFO GPL-0045] InflatedAreaDelta:     3666.802 um^2 (+18.42%)
[INFO GPL-0046] TargetDensity:            0.600
[INFO GPL-0049] WhiteSpaceArea:      172993.414 um^2
[INFO GPL-0050] NesterovInstsArea:    19902.838 um^2
[INFO GPL-0051] TotalFillerArea:      83893.218 um^2
[INFO GPL-0052] TotalGCellsArea:     103796.056 um^2
[INFO GPL-0053] ExpectedGCellsArea:  107462.858 um^2
[INFO GPL-0054] NewTargetDensity:         0.621
[INFO GPL-0055] NewWhiteSpaceArea:   172993.414 um^2
[INFO GPL-0056] MovableArea:         107462.861 um^2
[INFO GPL-0057] NewNesterovInstArea:  23569.640 um^2
[INFO GPL-0058] NewTotalFillerArea:   83893.221 um^2
[INFO GPL-0059] NewTotalGCellsArea:  107462.861 um^2
[INFO GPL-0089] Routability: revert back to snapshot
[NesterovSolve] Iter:  370 overflow: 0.541 HPWL: 39844224
[NesterovSolve] Iter:  380 overflow: 0.537 HPWL: 39026521
[NesterovSolve] Iter:  390 overflow: 0.503 HPWL: 40572938
[NesterovSolve] Iter:  400 overflow: 0.460 HPWL: 40865011
[NesterovSolve] Iter:  410 overflow: 0.423 HPWL: 41478194
[NesterovSolve] Iter:  420 overflow: 0.384 HPWL: 42424175
[NesterovSolve] Iter:  430 overflow: 0.338 HPWL: 43272892
[NesterovSolve] Iter:  440 overflow: 0.303 HPWL: 43735436
[INFO GPL-0075] Routability iteration: 2
[INFO GPL-0036] TileBBox: (    0    0 ) ( 6900 6900 ) DBU
[INFO GPL-0038] TileCnt:      72   72
[INFO GPL-0040] NumTiles: 5184
[INFO GPL-0081] TotalRouteOverflow: 0.7586
[INFO GPL-0082] OverflowTileCnt: 14
[INFO GPL-0083] 0.5%RC: 1.0168
[INFO GPL-0084] 1.0%RC: 0.9710
[INFO GPL-0085] 2.0%RC: 0.9201
[INFO GPL-0086] 5.0%RC: 0.8308
[INFO GPL-0087] FinalRC: 0.9939197
[INFO GPL-0077] FinalRC lower than targetRC(1.0100), routability not needed.
[INFO GPL-0100] Timing-driven iteration 3/5, virtual: false.
[INFO GPL-0101]    Iter: 445, overflow: 0.282, keep rsz at: 0.3, HPWL: 44102869
Iteration |   Area    | Resized | Buffers | Nets repaired | Remaining
---------------------------------------------------------------------
        0 |     +0.0% |       0 |       0 |             0 |      2839
    final |     +6.6% |     791 |       0 |             0 |         0
---------------------------------------------------------------------
[INFO RSZ-0039] Resized 791 instances.
[INFO GPL-0106] Timing-driven: worst slack 1.7e-09
[INFO GPL-0103] Timing-driven: weighted 283 nets.
[INFO GPL-0107] Timing-driven: repair_design delta area: 769.333 um^2 (+3.26%)
[INFO GPL-0108] Timing-driven: repair_design, gpl cells created: 0 (+0.00%)
[INFO GPL-0109] Timing-driven: inserted buffers as reported by repair_design: 0
[INFO GPL-0110] Timing-driven: new target density: 0.62564343
[NesterovSolve] Iter:  450 overflow: 0.261 HPWL: 40774008
[NesterovSolve] Iter:  460 overflow: 0.222 HPWL: 41618382
[INFO GPL-0100] Timing-driven iteration 4/5, virtual: false.
[INFO GPL-0101]    Iter: 466, overflow: 0.203, keep rsz at: 0.3, HPWL: 41675101
Iteration |   Area    | Resized | Buffers | Nets repaired | Remaining
---------------------------------------------------------------------
        0 |     +0.0% |       0 |       0 |             0 |      2839
    final |     +0.6% |     398 |       0 |             0 |         0
---------------------------------------------------------------------
[INFO RSZ-0039] Resized 398 instances.
[INFO GPL-0106] Timing-driven: worst slack 1.61e-09
[INFO GPL-0103] Timing-driven: weighted 283 nets.
[INFO GPL-0107] Timing-driven: repair_design delta area: 5.500 um^2 (+0.02%)
[INFO GPL-0108] Timing-driven: repair_design, gpl cells created: 0 (+0.00%)
[INFO GPL-0109] Timing-driven: inserted buffers as reported by repair_design: 0
[INFO GPL-0110] Timing-driven: new target density: 0.6256752
[NesterovSolve] Iter:  470 overflow: 0.188 HPWL: 41834337
[NesterovSolve] Iter:  480 overflow: 0.158 HPWL: 42288146
[INFO GPL-0100] Timing-driven iteration 5/5, virtual: false.
[INFO GPL-0101]    Iter: 486, overflow: 0.145, keep rsz at: 0.3, HPWL: 42175824
Iteration |   Area    | Resized | Buffers | Nets repaired | Remaining
---------------------------------------------------------------------
        0 |     +0.0% |       0 |       0 |             0 |      2839
    final |     +0.2% |     378 |       0 |             0 |         0
---------------------------------------------------------------------
[INFO RSZ-0039] Resized 378 instances.
[INFO GPL-0106] Timing-driven: worst slack 1.58e-09
[INFO GPL-0103] Timing-driven: weighted 283 nets.
[INFO GPL-0107] Timing-driven: repair_design delta area: -63.781 um^2 (-0.26%)
[INFO GPL-0108] Timing-driven: repair_design, gpl cells created: 0 (+0.00%)
[INFO GPL-0109] Timing-driven: inserted buffers as reported by repair_design: 0
[INFO GPL-0110] Timing-driven: new target density: 0.6253065
[NesterovSolve] Iter:  490 overflow: 0.139 HPWL: 42139163
[NesterovSolve] Iter:  500 overflow: 0.117 HPWL: 42250022
[NesterovSolve] Finished with Overflow: 0.099283
Took 5 seconds: global_placement -density 0.6 -pad_left 0 -pad_right 0 -routability_driven -timing_driven
Report metrics stage 3, global place...

==========================================================================
global place report_design_area
--------------------------------------------------------------------------
Design area 21376 u^2 12% utilization.
Elapsed time: 0:05.29[h:]min:sec. CPU time: user 19.85 sys 0.23 (379%). Peak memory: 689576KB.
