OpenROAD v2.0-19993-ga613c7e53 
Features included (+) or not (-): +GPU +GUI +Python
This program is licensed under the BSD-3 license. See the LICENSE file for details.
Components of this program may be licensed under more restrictive licenses which must be honored.
[INFO ORD-0030] Using 8 thread(s).
Placement Analysis
---------------------------------
total displacement       5086.3 u
average displacement        1.1 u
max displacement            8.6 u
original HPWL           48629.9 u
legalized HPWL          52739.3 u
delta HPWL                    8 %

Detailed placement improvement.
Importing netlist into detailed improver.
[INFO DPO-0100] Creating network with 4716 cells, 50 terminals, 2886 edges, 8078 pins, and 0 blockages.
[INFO DPO-0109] Network stats: inst 4766, edges 2886, pins 8078
[INFO DPO-0110] Number of regions is 1
[INFO DPO-0401] Setting random seed to 1.
[INFO DPO-0402] Setting maximum displacement 5 1 to 13600 2720 units.
[INFO DPO-0320] Collected 2390 fixed cells.
[INFO DPO-0318] Collected 2376 single height cells.
[INFO DPO-0321] Collected 0 wide cells.
[INFO DPO-0322] Image (40020, 40800) - (460000, 459680)
[INFO DPO-0310] Assigned 2376 cells into segments.  Movement in X-direction is 0.000000, movement in Y-direction is 0.000000.
[INFO DPO-0313] Found 0 cells in wrong regions.
[INFO DPO-0315] Found 0 row alignment problems.
[INFO DPO-0314] Found 0 site alignment problems.
[INFO DPO-0311] Found 0 overlaps between adjacent cells.
[INFO DPO-0312] Found 0 edge spacing violations and 0 padding violations.
[INFO DPO-0303] Running algorithm for independent set matching.
[INFO DPO-0300] Set matching objective is wirelength.
[INFO DPO-0301] Pass   1 of matching; objective is 5.275562e+07.
[INFO DPO-0302] End of matching; objective is 5.263020e+07, improvement is 0.24 percent.
[INFO DPO-0303] Running algorithm for global swaps.
[INFO DPO-0306] Pass   1 of global swaps; hpwl is 5.161927e+07.
[INFO DPO-0306] Pass   2 of global swaps; hpwl is 5.129188e+07.
[INFO DPO-0307] End of global swaps; objective is 5.129188e+07, improvement is 2.54 percent.
[INFO DPO-0303] Running algorithm for vertical swaps.
[INFO DPO-0308] Pass   1 of vertical swaps; hpwl is 5.104438e+07.
[INFO DPO-0309] End of vertical swaps; objective is 5.104438e+07, improvement is 0.48 percent.
[INFO DPO-0303] Running algorithm for reordering.
[INFO DPO-0304] Pass   1 of reordering; objective is 5.090725e+07.
[INFO DPO-0305] End of reordering; objective is 5.090725e+07, improvement is 0.27 percent.
[INFO DPO-0303] Running algorithm for random improvement.
[INFO DPO-0324] Random improver is using displacement generator.
[INFO DPO-0325] Random improver is using hpwl objective.
[INFO DPO-0326] Random improver cost string is (a).
[INFO DPO-0332] End of pass, Generator displacement called 47520 times.
[INFO DPO-0335] Generator displacement, Cumulative attempts 47520, swaps 6436, moves 12600 since last reset.
[INFO DPO-0333] End of pass, Objective hpwl, Initial cost 5.051529e+07, Scratch cost 4.948858e+07, Incremental cost 4.944470e+07, Mismatch? Y
[INFO DPO-0338] End of pass, Total cost is 4.948858e+07.
[INFO DPO-0327] Pass   1 of random improver; improvement in cost is 2.12 percent.
[INFO DPO-0332] End of pass, Generator displacement called 47520 times.
[INFO DPO-0335] Generator displacement, Cumulative attempts 95040, swaps 12783, moves 25027 since last reset.
[INFO DPO-0333] End of pass, Objective hpwl, Initial cost 4.948858e+07, Scratch cost 4.906629e+07, Incremental cost 4.902759e+07, Mismatch? Y
[INFO DPO-0338] End of pass, Total cost is 4.906629e+07.
[INFO DPO-0327] Pass   2 of random improver; improvement in cost is 0.93 percent.
[INFO DPO-0328] End of random improver; improvement is 2.868439 percent.
[INFO DPO-0380] Cell flipping.
[INFO DPO-0382] Changed 0 cell orientations for row compatibility.
[INFO DPO-0383] Performed 771 cell flips.
[INFO DPO-0384] End of flipping; objective is 4.841759e+07, improvement is 2.11 percent.
[INFO DPO-0313] Found 0 cells in wrong regions.
[INFO DPO-0315] Found 0 row alignment problems.
[INFO DPO-0314] Found 0 site alignment problems.
[INFO DPO-0311] Found 0 overlaps between adjacent cells.
[INFO DPO-0312] Found 0 edge spacing violations and 0 padding violations.
Detailed Improvement Results
------------------------------------------
Original HPWL            52739.3 u
Final HPWL               48370.3 u
Delta HPWL                  -8.3 %

[INFO DPL-0020] Mirrored 184 instances
[INFO DPL-0021] HPWL before           48370.3 u
[INFO DPL-0022] HPWL after            48333.2 u
[INFO DPL-0023] HPWL delta               -0.1 %
[INFO FLW-0012] Placement violations .
Report metrics stage 3, detailed place...

==========================================================================
detailed place report_design_area
--------------------------------------------------------------------------
Design area 21593 u^2 12% utilization.
Elapsed time: 0:01.38[h:]min:sec. CPU time: user 1.34 sys 0.04 (99%). Peak memory: 183012KB.
