Copyright 1986-2022 Xilinx, Inc. All Rights Reserved. Copyright 2022-2024 Advanced Micro Devices, Inc. All Rights Reserved.
---------------------------------------------------------------------------------------------------------------------------------------------
| Tool Version : Vivado v.2024.2 (lin64) Build 5239630 Fri Nov 08 22:34:34 MST 2024
| Date         : Sun Mar 15 13:26:39 2026
| Host         : Shahriars-Unix running 64-bit Ubuntu 24.04.3 LTS
| Command      : report_timing -delay_type max -max_paths 10 -sort_by group -file results/phase9f/qflow_top_tc4_critical_paths.rpt
| Design       : qflow_top_tc4
| Device       : 7a200t-fbg484
| Speed File   : -1  PRODUCTION 1.23 2018-06-13
| Design State : Synthesized
---------------------------------------------------------------------------------------------------------------------------------------------

Timing Report

Slack (VIOLATED) :        -8.154ns  (required time - arrival time)
  Source:                 u_fdpe/s1_f_init_reg[15]/C
                            (rising edge-triggered cell FDCE clocked by clk  {rise@0.000ns fall@5.000ns period=10.000ns})
  Destination:            u_fdpe/s2_result_reg[0]/D
                            (rising edge-triggered cell FDCE clocked by clk  {rise@0.000ns fall@5.000ns period=10.000ns})
  Path Group:             clk
  Path Type:              Setup (Max at Slow Process Corner)
  Requirement:            10.000ns  (clk rise@10.000ns - clk rise@0.000ns)
  Data Path Delay:        18.002ns  (logic 10.746ns (59.692%)  route 7.256ns (40.308%))
  Logic Levels:           23  (CARRY4=14 DSP48E1=1 LUT2=1 LUT3=3 LUT4=1 LUT5=1 LUT6=2)
  Clock Path Skew:        -0.145ns (DCD - SCD + CPR)
    Destination Clock Delay (DCD):    2.100ns = ( 12.100 - 10.000 ) 
    Source Clock Delay      (SCD):    2.424ns
    Clock Pessimism Removal (CPR):    0.178ns
  Clock Uncertainty:      0.035ns  ((TSJ^2 + TIJ^2)^1/2 + DJ) / 2 + PE
    Total System Jitter     (TSJ):    0.071ns
    Total Input Jitter      (TIJ):    0.000ns
    Discrete Jitter          (DJ):    0.000ns
    Phase Error              (PE):    0.000ns

    Location             Delay type                Incr(ns)  Path(ns)    Netlist Resource(s)
  -------------------------------------------------------------------    -------------------
                         (clock clk rise edge)        0.000     0.000 r  
                                                      0.000     0.000 r  clk (IN)
                         net (fo=0)                   0.000     0.000    clk
                         IBUF (Prop_ibuf_I_O)         0.944     0.944 r  clk_IBUF_inst/O
                         net (fo=1, unplaced)         0.800     1.744    clk_IBUF
                         BUFG (Prop_bufg_I_O)         0.096     1.840 r  clk_IBUF_BUFG_inst/O
                         net (fo=1104, unplaced)      0.584     2.424    u_fdpe/clk_IBUF_BUFG
                         FDCE                                         r  u_fdpe/s1_f_init_reg[15]/C
  -------------------------------------------------------------------    -------------------
                         FDCE (Prop_fdce_C_Q)         0.456     2.880 r  u_fdpe/s1_f_init_reg[15]/Q
                         net (fo=1, unplaced)         0.800     3.679    u_fdpe/s1_f_init[15]
                         DSP48E1 (Prop_dsp48e1_A[15]_P[0])
                                                      4.016     7.695 r  u_fdpe/s2_result3/P[0]
                         net (fo=4, unplaced)         0.800     8.495    u_fdpe/s2_result3_n_105
                         LUT2 (Prop_lut2_I1_O)        0.124     8.619 r  u_fdpe/s2_result2_carry_i_3/O
                         net (fo=1, unplaced)         0.000     8.619    u_fdpe/s2_result2_carry_i_3_n_0
                         CARRY4 (Prop_carry4_S[1]_CO[3])
                                                      0.533     9.152 r  u_fdpe/s2_result2_carry/CO[3]
                         net (fo=1, unplaced)         0.009     9.161    u_fdpe/s2_result2_carry_n_0
                         CARRY4 (Prop_carry4_CI_CO[3])
                                                      0.117     9.278 r  u_fdpe/s2_result2_carry__0/CO[3]
                         net (fo=1, unplaced)         0.000     9.278    u_fdpe/s2_result2_carry__0_n_0
                         CARRY4 (Prop_carry4_CI_CO[3])
                                                      0.117     9.395 r  u_fdpe/s2_result2_carry__1/CO[3]
                         net (fo=1, unplaced)         0.000     9.395    u_fdpe/s2_result2_carry__1_n_0
                         CARRY4 (Prop_carry4_CI_CO[3])
                                                      0.117     9.512 r  u_fdpe/s2_result2_carry__2/CO[3]
                         net (fo=1, unplaced)         0.000     9.512    u_fdpe/s2_result2_carry__2_n_0
                         CARRY4 (Prop_carry4_CI_O[1])
                                                      0.337     9.849 r  u_fdpe/s2_result2_carry__3/O[1]
                         net (fo=32, unplaced)        0.788    10.637    u_fdpe/s2_result2_carry__3_n_6
                         CARRY4 (Prop_carry4_S[0]_CO[3])
                                                      0.819    11.456 r  u_fdpe/s2_result2__64_carry/CO[3]
                         net (fo=1, unplaced)         0.009    11.465    u_fdpe/s2_result2__64_carry_n_0
                         CARRY4 (Prop_carry4_CI_CO[3])
                                                      0.117    11.582 r  u_fdpe/s2_result2__64_carry__0/CO[3]
                         net (fo=1, unplaced)         0.000    11.582    u_fdpe/s2_result2__64_carry__0_n_0
                         CARRY4 (Prop_carry4_CI_CO[3])
                                                      0.117    11.699 r  u_fdpe/s2_result2__64_carry__1/CO[3]
                         net (fo=1, unplaced)         0.000    11.699    u_fdpe/s2_result2__64_carry__1_n_0
                         CARRY4 (Prop_carry4_CI_CO[3])
                                                      0.117    11.816 r  u_fdpe/s2_result2__64_carry__2/CO[3]
                         net (fo=1, unplaced)         0.000    11.816    u_fdpe/s2_result2__64_carry__2_n_0
                         CARRY4 (Prop_carry4_CI_O[3])
                                                      0.331    12.147 r  u_fdpe/s2_result2__64_carry__3/O[3]
                         net (fo=3, unplaced)         0.636    12.783    u_fdpe/s2_result2__64_carry__3_n_4
                         LUT3 (Prop_lut3_I1_O)        0.307    13.090 r  u_fdpe/s2_result2__279_carry__3_i_3/O
                         net (fo=1, unplaced)         0.639    13.729    u_fdpe/s2_result2__279_carry__3_i_3_n_0
                         CARRY4 (Prop_carry4_DI[1]_O[3])
                                                      0.629    14.358 r  u_fdpe/s2_result2__279_carry__3/O[3]
                         net (fo=3, unplaced)         0.636    14.994    u_fdpe/s2_result2__279_carry__3_n_4
                         LUT3 (Prop_lut3_I1_O)        0.307    15.301 r  u_fdpe/s2_result2__364_carry__2_i_12/O
                         net (fo=2, unplaced)         0.460    15.761    u_fdpe/s2_result2__364_carry__2_i_12_n_0
                         LUT5 (Prop_lut5_I1_O)        0.124    15.885 r  u_fdpe/s2_result2__364_carry__3_i_4/O
                         net (fo=2, unplaced)         0.430    16.315    u_fdpe/s2_result2__364_carry__3_i_4_n_0
                         LUT6 (Prop_lut6_I0_O)        0.124    16.439 r  u_fdpe/s2_result2__364_carry__3_i_8/O
                         net (fo=1, unplaced)         0.000    16.439    u_fdpe/s2_result2__364_carry__3_i_8_n_0
                         CARRY4 (Prop_carry4_S[0]_CO[3])
                                                      0.513    16.952 r  u_fdpe/s2_result2__364_carry__3/CO[3]
                         net (fo=1, unplaced)         0.000    16.952    u_fdpe/s2_result2__364_carry__3_n_0
                         CARRY4 (Prop_carry4_CI_O[1])
                                                      0.337    17.289 r  u_fdpe/s2_result2__364_carry__4/O[1]
                         net (fo=3, unplaced)         0.629    17.918    u_fdpe/s2_result2__364_carry__4_n_6
                         LUT4 (Prop_lut4_I1_O)        0.306    18.224 r  u_fdpe/s2_result2__438_carry__6_i_7/O
                         net (fo=1, unplaced)         0.000    18.224    u_fdpe/s2_result2__438_carry__6_i_7_n_0
                         CARRY4 (Prop_carry4_S[1]_CO[3])
                                                      0.533    18.757 r  u_fdpe/s2_result2__438_carry__6/CO[3]
                         net (fo=1, unplaced)         0.918    19.675    u_fdpe/s2_result2__438_carry__6_n_0
                         LUT3 (Prop_lut3_I0_O)        0.124    19.799 r  u_fdpe/s2_result[15]_i_2/O
                         net (fo=16, unplaced)        0.503    20.302    u_fdpe/s2_result[15]_i_2_n_0
                         LUT6 (Prop_lut6_I1_O)        0.124    20.426 r  u_fdpe/s2_result[0]_i_1/O
                         net (fo=1, unplaced)         0.000    20.426    u_fdpe/s2_result[0]_i_1_n_0
                         FDCE                                         r  u_fdpe/s2_result_reg[0]/D
  -------------------------------------------------------------------    -------------------

                         (clock clk rise edge)       10.000    10.000 r  
                                                      0.000    10.000 r  clk (IN)
                         net (fo=0)                   0.000    10.000    clk
                         IBUF (Prop_ibuf_I_O)         0.811    10.811 r  clk_IBUF_inst/O
                         net (fo=1, unplaced)         0.760    11.570    clk_IBUF
                         BUFG (Prop_bufg_I_O)         0.091    11.661 r  clk_IBUF_BUFG_inst/O
                         net (fo=1104, unplaced)      0.439    12.100    u_fdpe/clk_IBUF_BUFG
                         FDCE                                         r  u_fdpe/s2_result_reg[0]/C
                         clock pessimism              0.178    12.279    
                         clock uncertainty           -0.035    12.243    
                         FDCE (Setup_fdce_C_D)        0.029    12.272    u_fdpe/s2_result_reg[0]
  -------------------------------------------------------------------
                         required time                         12.272    
                         arrival time                         -20.426    
  -------------------------------------------------------------------
                         slack                                 -8.154    

Slack (VIOLATED) :        -8.154ns  (required time - arrival time)
  Source:                 u_fdpe/s1_f_init_reg[15]/C
                            (rising edge-triggered cell FDCE clocked by clk  {rise@0.000ns fall@5.000ns period=10.000ns})
  Destination:            u_fdpe/s2_result_reg[10]/D
                            (rising edge-triggered cell FDCE clocked by clk  {rise@0.000ns fall@5.000ns period=10.000ns})
  Path Group:             clk
  Path Type:              Setup (Max at Slow Process Corner)
  Requirement:            10.000ns  (clk rise@10.000ns - clk rise@0.000ns)
  Data Path Delay:        18.002ns  (logic 10.746ns (59.692%)  route 7.256ns (40.308%))
  Logic Levels:           23  (CARRY4=14 DSP48E1=1 LUT2=1 LUT3=3 LUT4=1 LUT5=1 LUT6=2)
  Clock Path Skew:        -0.145ns (DCD - SCD + CPR)
    Destination Clock Delay (DCD):    2.100ns = ( 12.100 - 10.000 ) 
    Source Clock Delay      (SCD):    2.424ns
    Clock Pessimism Removal (CPR):    0.178ns
  Clock Uncertainty:      0.035ns  ((TSJ^2 + TIJ^2)^1/2 + DJ) / 2 + PE
    Total System Jitter     (TSJ):    0.071ns
    Total Input Jitter      (TIJ):    0.000ns
    Discrete Jitter          (DJ):    0.000ns
    Phase Error              (PE):    0.000ns

    Location             Delay type                Incr(ns)  Path(ns)    Netlist Resource(s)
  -------------------------------------------------------------------    -------------------
                         (clock clk rise edge)        0.000     0.000 r  
                                                      0.000     0.000 r  clk (IN)
                         net (fo=0)                   0.000     0.000    clk
                         IBUF (Prop_ibuf_I_O)         0.944     0.944 r  clk_IBUF_inst/O
                         net (fo=1, unplaced)         0.800     1.744    clk_IBUF
                         BUFG (Prop_bufg_I_O)         0.096     1.840 r  clk_IBUF_BUFG_inst/O
                         net (fo=1104, unplaced)      0.584     2.424    u_fdpe/clk_IBUF_BUFG
                         FDCE                                         r  u_fdpe/s1_f_init_reg[15]/C
  -------------------------------------------------------------------    -------------------
                         FDCE (Prop_fdce_C_Q)         0.456     2.880 r  u_fdpe/s1_f_init_reg[15]/Q
                         net (fo=1, unplaced)         0.800     3.679    u_fdpe/s1_f_init[15]
                         DSP48E1 (Prop_dsp48e1_A[15]_P[0])
                                                      4.016     7.695 r  u_fdpe/s2_result3/P[0]
                         net (fo=4, unplaced)         0.800     8.495    u_fdpe/s2_result3_n_105
                         LUT2 (Prop_lut2_I1_O)        0.124     8.619 r  u_fdpe/s2_result2_carry_i_3/O
                         net (fo=1, unplaced)         0.000     8.619    u_fdpe/s2_result2_carry_i_3_n_0
                         CARRY4 (Prop_carry4_S[1]_CO[3])
                                                      0.533     9.152 r  u_fdpe/s2_result2_carry/CO[3]
                         net (fo=1, unplaced)         0.009     9.161    u_fdpe/s2_result2_carry_n_0
                         CARRY4 (Prop_carry4_CI_CO[3])
                                                      0.117     9.278 r  u_fdpe/s2_result2_carry__0/CO[3]
                         net (fo=1, unplaced)         0.000     9.278    u_fdpe/s2_result2_carry__0_n_0
                         CARRY4 (Prop_carry4_CI_CO[3])
                                                      0.117     9.395 r  u_fdpe/s2_result2_carry__1/CO[3]
                         net (fo=1, unplaced)         0.000     9.395    u_fdpe/s2_result2_carry__1_n_0
                         CARRY4 (Prop_carry4_CI_CO[3])
                                                      0.117     9.512 r  u_fdpe/s2_result2_carry__2/CO[3]
                         net (fo=1, unplaced)         0.000     9.512    u_fdpe/s2_result2_carry__2_n_0
                         CARRY4 (Prop_carry4_CI_O[1])
                                                      0.337     9.849 r  u_fdpe/s2_result2_carry__3/O[1]
                         net (fo=32, unplaced)        0.788    10.637    u_fdpe/s2_result2_carry__3_n_6
                         CARRY4 (Prop_carry4_S[0]_CO[3])
                                                      0.819    11.456 r  u_fdpe/s2_result2__64_carry/CO[3]
                         net (fo=1, unplaced)         0.009    11.465    u_fdpe/s2_result2__64_carry_n_0
                         CARRY4 (Prop_carry4_CI_CO[3])
                                                      0.117    11.582 r  u_fdpe/s2_result2__64_carry__0/CO[3]
                         net (fo=1, unplaced)         0.000    11.582    u_fdpe/s2_result2__64_carry__0_n_0
                         CARRY4 (Prop_carry4_CI_CO[3])
                                                      0.117    11.699 r  u_fdpe/s2_result2__64_carry__1/CO[3]
                         net (fo=1, unplaced)         0.000    11.699    u_fdpe/s2_result2__64_carry__1_n_0
                         CARRY4 (Prop_carry4_CI_CO[3])
                                                      0.117    11.816 r  u_fdpe/s2_result2__64_carry__2/CO[3]
                         net (fo=1, unplaced)         0.000    11.816    u_fdpe/s2_result2__64_carry__2_n_0
                         CARRY4 (Prop_carry4_CI_O[3])
                                                      0.331    12.147 r  u_fdpe/s2_result2__64_carry__3/O[3]
                         net (fo=3, unplaced)         0.636    12.783    u_fdpe/s2_result2__64_carry__3_n_4
                         LUT3 (Prop_lut3_I1_O)        0.307    13.090 r  u_fdpe/s2_result2__279_carry__3_i_3/O
                         net (fo=1, unplaced)         0.639    13.729    u_fdpe/s2_result2__279_carry__3_i_3_n_0
                         CARRY4 (Prop_carry4_DI[1]_O[3])
                                                      0.629    14.358 r  u_fdpe/s2_result2__279_carry__3/O[3]
                         net (fo=3, unplaced)         0.636    14.994    u_fdpe/s2_result2__279_carry__3_n_4
                         LUT3 (Prop_lut3_I1_O)        0.307    15.301 r  u_fdpe/s2_result2__364_carry__2_i_12/O
                         net (fo=2, unplaced)         0.460    15.761    u_fdpe/s2_result2__364_carry__2_i_12_n_0
                         LUT5 (Prop_lut5_I1_O)        0.124    15.885 r  u_fdpe/s2_result2__364_carry__3_i_4/O
                         net (fo=2, unplaced)         0.430    16.315    u_fdpe/s2_result2__364_carry__3_i_4_n_0
                         LUT6 (Prop_lut6_I0_O)        0.124    16.439 r  u_fdpe/s2_result2__364_carry__3_i_8/O
                         net (fo=1, unplaced)         0.000    16.439    u_fdpe/s2_result2__364_carry__3_i_8_n_0
                         CARRY4 (Prop_carry4_S[0]_CO[3])
                                                      0.513    16.952 r  u_fdpe/s2_result2__364_carry__3/CO[3]
                         net (fo=1, unplaced)         0.000    16.952    u_fdpe/s2_result2__364_carry__3_n_0
                         CARRY4 (Prop_carry4_CI_O[1])
                                                      0.337    17.289 r  u_fdpe/s2_result2__364_carry__4/O[1]
                         net (fo=3, unplaced)         0.629    17.918    u_fdpe/s2_result2__364_carry__4_n_6
                         LUT4 (Prop_lut4_I1_O)        0.306    18.224 r  u_fdpe/s2_result2__438_carry__6_i_7/O
                         net (fo=1, unplaced)         0.000    18.224    u_fdpe/s2_result2__438_carry__6_i_7_n_0
                         CARRY4 (Prop_carry4_S[1]_CO[3])
                                                      0.533    18.757 r  u_fdpe/s2_result2__438_carry__6/CO[3]
                         net (fo=1, unplaced)         0.918    19.675    u_fdpe/s2_result2__438_carry__6_n_0
                         LUT3 (Prop_lut3_I0_O)        0.124    19.799 r  u_fdpe/s2_result[15]_i_2/O
                         net (fo=16, unplaced)        0.503    20.302    u_fdpe/s2_result[15]_i_2_n_0
                         LUT6 (Prop_lut6_I1_O)        0.124    20.426 r  u_fdpe/s2_result[10]_i_1/O
                         net (fo=1, unplaced)         0.000    20.426    u_fdpe/s2_result[10]_i_1_n_0
                         FDCE                                         r  u_fdpe/s2_result_reg[10]/D
  -------------------------------------------------------------------    -------------------

                         (clock clk rise edge)       10.000    10.000 r  
                                                      0.000    10.000 r  clk (IN)
                         net (fo=0)                   0.000    10.000    clk
                         IBUF (Prop_ibuf_I_O)         0.811    10.811 r  clk_IBUF_inst/O
                         net (fo=1, unplaced)         0.760    11.570    clk_IBUF
                         BUFG (Prop_bufg_I_O)         0.091    11.661 r  clk_IBUF_BUFG_inst/O
                         net (fo=1104, unplaced)      0.439    12.100    u_fdpe/clk_IBUF_BUFG
                         FDCE                                         r  u_fdpe/s2_result_reg[10]/C
                         clock pessimism              0.178    12.279    
                         clock uncertainty           -0.035    12.243    
                         FDCE (Setup_fdce_C_D)        0.029    12.272    u_fdpe/s2_result_reg[10]
  -------------------------------------------------------------------
                         required time                         12.272    
                         arrival time                         -20.426    
  -------------------------------------------------------------------
                         slack                                 -8.154    

Slack (VIOLATED) :        -8.154ns  (required time - arrival time)
  Source:                 u_fdpe/s1_f_init_reg[15]/C
                            (rising edge-triggered cell FDCE clocked by clk  {rise@0.000ns fall@5.000ns period=10.000ns})
  Destination:            u_fdpe/s2_result_reg[11]/D
                            (rising edge-triggered cell FDCE clocked by clk  {rise@0.000ns fall@5.000ns period=10.000ns})
  Path Group:             clk
  Path Type:              Setup (Max at Slow Process Corner)
  Requirement:            10.000ns  (clk rise@10.000ns - clk rise@0.000ns)
  Data Path Delay:        18.002ns  (logic 10.746ns (59.692%)  route 7.256ns (40.308%))
  Logic Levels:           23  (CARRY4=14 DSP48E1=1 LUT2=1 LUT3=3 LUT4=1 LUT5=1 LUT6=2)
  Clock Path Skew:        -0.145ns (DCD - SCD + CPR)
    Destination Clock Delay (DCD):    2.100ns = ( 12.100 - 10.000 ) 
    Source Clock Delay      (SCD):    2.424ns
    Clock Pessimism Removal (CPR):    0.178ns
  Clock Uncertainty:      0.035ns  ((TSJ^2 + TIJ^2)^1/2 + DJ) / 2 + PE
    Total System Jitter     (TSJ):    0.071ns
    Total Input Jitter      (TIJ):    0.000ns
    Discrete Jitter          (DJ):    0.000ns
    Phase Error              (PE):    0.000ns

    Location             Delay type                Incr(ns)  Path(ns)    Netlist Resource(s)
  -------------------------------------------------------------------    -------------------
                         (clock clk rise edge)        0.000     0.000 r  
                                                      0.000     0.000 r  clk (IN)
                         net (fo=0)                   0.000     0.000    clk
                         IBUF (Prop_ibuf_I_O)         0.944     0.944 r  clk_IBUF_inst/O
                         net (fo=1, unplaced)         0.800     1.744    clk_IBUF
                         BUFG (Prop_bufg_I_O)         0.096     1.840 r  clk_IBUF_BUFG_inst/O
                         net (fo=1104, unplaced)      0.584     2.424    u_fdpe/clk_IBUF_BUFG
                         FDCE                                         r  u_fdpe/s1_f_init_reg[15]/C
  -------------------------------------------------------------------    -------------------
                         FDCE (Prop_fdce_C_Q)         0.456     2.880 r  u_fdpe/s1_f_init_reg[15]/Q
                         net (fo=1, unplaced)         0.800     3.679    u_fdpe/s1_f_init[15]
                         DSP48E1 (Prop_dsp48e1_A[15]_P[0])
                                                      4.016     7.695 r  u_fdpe/s2_result3/P[0]
                         net (fo=4, unplaced)         0.800     8.495    u_fdpe/s2_result3_n_105
                         LUT2 (Prop_lut2_I1_O)        0.124     8.619 r  u_fdpe/s2_result2_carry_i_3/O
                         net (fo=1, unplaced)         0.000     8.619    u_fdpe/s2_result2_carry_i_3_n_0
                         CARRY4 (Prop_carry4_S[1]_CO[3])
                                                      0.533     9.152 r  u_fdpe/s2_result2_carry/CO[3]
                         net (fo=1, unplaced)         0.009     9.161    u_fdpe/s2_result2_carry_n_0
                         CARRY4 (Prop_carry4_CI_CO[3])
                                                      0.117     9.278 r  u_fdpe/s2_result2_carry__0/CO[3]
                         net (fo=1, unplaced)         0.000     9.278    u_fdpe/s2_result2_carry__0_n_0
                         CARRY4 (Prop_carry4_CI_CO[3])
                                                      0.117     9.395 r  u_fdpe/s2_result2_carry__1/CO[3]
                         net (fo=1, unplaced)         0.000     9.395    u_fdpe/s2_result2_carry__1_n_0
                         CARRY4 (Prop_carry4_CI_CO[3])
                                                      0.117     9.512 r  u_fdpe/s2_result2_carry__2/CO[3]
                         net (fo=1, unplaced)         0.000     9.512    u_fdpe/s2_result2_carry__2_n_0
                         CARRY4 (Prop_carry4_CI_O[1])
                                                      0.337     9.849 r  u_fdpe/s2_result2_carry__3/O[1]
                         net (fo=32, unplaced)        0.788    10.637    u_fdpe/s2_result2_carry__3_n_6
                         CARRY4 (Prop_carry4_S[0]_CO[3])
                                                      0.819    11.456 r  u_fdpe/s2_result2__64_carry/CO[3]
                         net (fo=1, unplaced)         0.009    11.465    u_fdpe/s2_result2__64_carry_n_0
                         CARRY4 (Prop_carry4_CI_CO[3])
                                                      0.117    11.582 r  u_fdpe/s2_result2__64_carry__0/CO[3]
                         net (fo=1, unplaced)         0.000    11.582    u_fdpe/s2_result2__64_carry__0_n_0
                         CARRY4 (Prop_carry4_CI_CO[3])
                                                      0.117    11.699 r  u_fdpe/s2_result2__64_carry__1/CO[3]
                         net (fo=1, unplaced)         0.000    11.699    u_fdpe/s2_result2__64_carry__1_n_0
                         CARRY4 (Prop_carry4_CI_CO[3])
                                                      0.117    11.816 r  u_fdpe/s2_result2__64_carry__2/CO[3]
                         net (fo=1, unplaced)         0.000    11.816    u_fdpe/s2_result2__64_carry__2_n_0
                         CARRY4 (Prop_carry4_CI_O[3])
                                                      0.331    12.147 r  u_fdpe/s2_result2__64_carry__3/O[3]
                         net (fo=3, unplaced)         0.636    12.783    u_fdpe/s2_result2__64_carry__3_n_4
                         LUT3 (Prop_lut3_I1_O)        0.307    13.090 r  u_fdpe/s2_result2__279_carry__3_i_3/O
                         net (fo=1, unplaced)         0.639    13.729    u_fdpe/s2_result2__279_carry__3_i_3_n_0
                         CARRY4 (Prop_carry4_DI[1]_O[3])
                                                      0.629    14.358 r  u_fdpe/s2_result2__279_carry__3/O[3]
                         net (fo=3, unplaced)         0.636    14.994    u_fdpe/s2_result2__279_carry__3_n_4
                         LUT3 (Prop_lut3_I1_O)        0.307    15.301 r  u_fdpe/s2_result2__364_carry__2_i_12/O
                         net (fo=2, unplaced)         0.460    15.761    u_fdpe/s2_result2__364_carry__2_i_12_n_0
                         LUT5 (Prop_lut5_I1_O)        0.124    15.885 r  u_fdpe/s2_result2__364_carry__3_i_4/O
                         net (fo=2, unplaced)         0.430    16.315    u_fdpe/s2_result2__364_carry__3_i_4_n_0
                         LUT6 (Prop_lut6_I0_O)        0.124    16.439 r  u_fdpe/s2_result2__364_carry__3_i_8/O
                         net (fo=1, unplaced)         0.000    16.439    u_fdpe/s2_result2__364_carry__3_i_8_n_0
                         CARRY4 (Prop_carry4_S[0]_CO[3])
                                                      0.513    16.952 r  u_fdpe/s2_result2__364_carry__3/CO[3]
                         net (fo=1, unplaced)         0.000    16.952    u_fdpe/s2_result2__364_carry__3_n_0
                         CARRY4 (Prop_carry4_CI_O[1])
                                                      0.337    17.289 r  u_fdpe/s2_result2__364_carry__4/O[1]
                         net (fo=3, unplaced)         0.629    17.918    u_fdpe/s2_result2__364_carry__4_n_6
                         LUT4 (Prop_lut4_I1_O)        0.306    18.224 r  u_fdpe/s2_result2__438_carry__6_i_7/O
                         net (fo=1, unplaced)         0.000    18.224    u_fdpe/s2_result2__438_carry__6_i_7_n_0
                         CARRY4 (Prop_carry4_S[1]_CO[3])
                                                      0.533    18.757 r  u_fdpe/s2_result2__438_carry__6/CO[3]
                         net (fo=1, unplaced)         0.918    19.675    u_fdpe/s2_result2__438_carry__6_n_0
                         LUT3 (Prop_lut3_I0_O)        0.124    19.799 r  u_fdpe/s2_result[15]_i_2/O
                         net (fo=16, unplaced)        0.503    20.302    u_fdpe/s2_result[15]_i_2_n_0
                         LUT6 (Prop_lut6_I1_O)        0.124    20.426 r  u_fdpe/s2_result[11]_i_1/O
                         net (fo=1, unplaced)         0.000    20.426    u_fdpe/s2_result[11]_i_1_n_0
                         FDCE                                         r  u_fdpe/s2_result_reg[11]/D
  -------------------------------------------------------------------    -------------------

                         (clock clk rise edge)       10.000    10.000 r  
                                                      0.000    10.000 r  clk (IN)
                         net (fo=0)                   0.000    10.000    clk
                         IBUF (Prop_ibuf_I_O)         0.811    10.811 r  clk_IBUF_inst/O
                         net (fo=1, unplaced)         0.760    11.570    clk_IBUF
                         BUFG (Prop_bufg_I_O)         0.091    11.661 r  clk_IBUF_BUFG_inst/O
                         net (fo=1104, unplaced)      0.439    12.100    u_fdpe/clk_IBUF_BUFG
                         FDCE                                         r  u_fdpe/s2_result_reg[11]/C
                         clock pessimism              0.178    12.279    
                         clock uncertainty           -0.035    12.243    
                         FDCE (Setup_fdce_C_D)        0.029    12.272    u_fdpe/s2_result_reg[11]
  -------------------------------------------------------------------
                         required time                         12.272    
                         arrival time                         -20.426    
  -------------------------------------------------------------------
                         slack                                 -8.154    

Slack (VIOLATED) :        -8.154ns  (required time - arrival time)
  Source:                 u_fdpe/s1_f_init_reg[15]/C
                            (rising edge-triggered cell FDCE clocked by clk  {rise@0.000ns fall@5.000ns period=10.000ns})
  Destination:            u_fdpe/s2_result_reg[12]/D
                            (rising edge-triggered cell FDCE clocked by clk  {rise@0.000ns fall@5.000ns period=10.000ns})
  Path Group:             clk
  Path Type:              Setup (Max at Slow Process Corner)
  Requirement:            10.000ns  (clk rise@10.000ns - clk rise@0.000ns)
  Data Path Delay:        18.002ns  (logic 10.746ns (59.692%)  route 7.256ns (40.308%))
  Logic Levels:           23  (CARRY4=14 DSP48E1=1 LUT2=1 LUT3=3 LUT4=1 LUT5=1 LUT6=2)
  Clock Path Skew:        -0.145ns (DCD - SCD + CPR)
    Destination Clock Delay (DCD):    2.100ns = ( 12.100 - 10.000 ) 
    Source Clock Delay      (SCD):    2.424ns
    Clock Pessimism Removal (CPR):    0.178ns
  Clock Uncertainty:      0.035ns  ((TSJ^2 + TIJ^2)^1/2 + DJ) / 2 + PE
    Total System Jitter     (TSJ):    0.071ns
    Total Input Jitter      (TIJ):    0.000ns
    Discrete Jitter          (DJ):    0.000ns
    Phase Error              (PE):    0.000ns

    Location             Delay type                Incr(ns)  Path(ns)    Netlist Resource(s)
  -------------------------------------------------------------------    -------------------
                         (clock clk rise edge)        0.000     0.000 r  
                                                      0.000     0.000 r  clk (IN)
                         net (fo=0)                   0.000     0.000    clk
                         IBUF (Prop_ibuf_I_O)         0.944     0.944 r  clk_IBUF_inst/O
                         net (fo=1, unplaced)         0.800     1.744    clk_IBUF
                         BUFG (Prop_bufg_I_O)         0.096     1.840 r  clk_IBUF_BUFG_inst/O
                         net (fo=1104, unplaced)      0.584     2.424    u_fdpe/clk_IBUF_BUFG
                         FDCE                                         r  u_fdpe/s1_f_init_reg[15]/C
  -------------------------------------------------------------------    -------------------
                         FDCE (Prop_fdce_C_Q)         0.456     2.880 r  u_fdpe/s1_f_init_reg[15]/Q
                         net (fo=1, unplaced)         0.800     3.679    u_fdpe/s1_f_init[15]
                         DSP48E1 (Prop_dsp48e1_A[15]_P[0])
                                                      4.016     7.695 r  u_fdpe/s2_result3/P[0]
                         net (fo=4, unplaced)         0.800     8.495    u_fdpe/s2_result3_n_105
                         LUT2 (Prop_lut2_I1_O)        0.124     8.619 r  u_fdpe/s2_result2_carry_i_3/O
                         net (fo=1, unplaced)         0.000     8.619    u_fdpe/s2_result2_carry_i_3_n_0
                         CARRY4 (Prop_carry4_S[1]_CO[3])
                                                      0.533     9.152 r  u_fdpe/s2_result2_carry/CO[3]
                         net (fo=1, unplaced)         0.009     9.161    u_fdpe/s2_result2_carry_n_0
                         CARRY4 (Prop_carry4_CI_CO[3])
                                                      0.117     9.278 r  u_fdpe/s2_result2_carry__0/CO[3]
                         net (fo=1, unplaced)         0.000     9.278    u_fdpe/s2_result2_carry__0_n_0
                         CARRY4 (Prop_carry4_CI_CO[3])
                                                      0.117     9.395 r  u_fdpe/s2_result2_carry__1/CO[3]
                         net (fo=1, unplaced)         0.000     9.395    u_fdpe/s2_result2_carry__1_n_0
                         CARRY4 (Prop_carry4_CI_CO[3])
                                                      0.117     9.512 r  u_fdpe/s2_result2_carry__2/CO[3]
                         net (fo=1, unplaced)         0.000     9.512    u_fdpe/s2_result2_carry__2_n_0
                         CARRY4 (Prop_carry4_CI_O[1])
                                                      0.337     9.849 r  u_fdpe/s2_result2_carry__3/O[1]
                         net (fo=32, unplaced)        0.788    10.637    u_fdpe/s2_result2_carry__3_n_6
                         CARRY4 (Prop_carry4_S[0]_CO[3])
                                                      0.819    11.456 r  u_fdpe/s2_result2__64_carry/CO[3]
                         net (fo=1, unplaced)         0.009    11.465    u_fdpe/s2_result2__64_carry_n_0
                         CARRY4 (Prop_carry4_CI_CO[3])
                                                      0.117    11.582 r  u_fdpe/s2_result2__64_carry__0/CO[3]
                         net (fo=1, unplaced)         0.000    11.582    u_fdpe/s2_result2__64_carry__0_n_0
                         CARRY4 (Prop_carry4_CI_CO[3])
                                                      0.117    11.699 r  u_fdpe/s2_result2__64_carry__1/CO[3]
                         net (fo=1, unplaced)         0.000    11.699    u_fdpe/s2_result2__64_carry__1_n_0
                         CARRY4 (Prop_carry4_CI_CO[3])
                                                      0.117    11.816 r  u_fdpe/s2_result2__64_carry__2/CO[3]
                         net (fo=1, unplaced)         0.000    11.816    u_fdpe/s2_result2__64_carry__2_n_0
                         CARRY4 (Prop_carry4_CI_O[3])
                                                      0.331    12.147 r  u_fdpe/s2_result2__64_carry__3/O[3]
                         net (fo=3, unplaced)         0.636    12.783    u_fdpe/s2_result2__64_carry__3_n_4
                         LUT3 (Prop_lut3_I1_O)        0.307    13.090 r  u_fdpe/s2_result2__279_carry__3_i_3/O
                         net (fo=1, unplaced)         0.639    13.729    u_fdpe/s2_result2__279_carry__3_i_3_n_0
                         CARRY4 (Prop_carry4_DI[1]_O[3])
                                                      0.629    14.358 r  u_fdpe/s2_result2__279_carry__3/O[3]
                         net (fo=3, unplaced)         0.636    14.994    u_fdpe/s2_result2__279_carry__3_n_4
                         LUT3 (Prop_lut3_I1_O)        0.307    15.301 r  u_fdpe/s2_result2__364_carry__2_i_12/O
                         net (fo=2, unplaced)         0.460    15.761    u_fdpe/s2_result2__364_carry__2_i_12_n_0
                         LUT5 (Prop_lut5_I1_O)        0.124    15.885 r  u_fdpe/s2_result2__364_carry__3_i_4/O
                         net (fo=2, unplaced)         0.430    16.315    u_fdpe/s2_result2__364_carry__3_i_4_n_0
                         LUT6 (Prop_lut6_I0_O)        0.124    16.439 r  u_fdpe/s2_result2__364_carry__3_i_8/O
                         net (fo=1, unplaced)         0.000    16.439    u_fdpe/s2_result2__364_carry__3_i_8_n_0
                         CARRY4 (Prop_carry4_S[0]_CO[3])
                                                      0.513    16.952 r  u_fdpe/s2_result2__364_carry__3/CO[3]
                         net (fo=1, unplaced)         0.000    16.952    u_fdpe/s2_result2__364_carry__3_n_0
                         CARRY4 (Prop_carry4_CI_O[1])
                                                      0.337    17.289 r  u_fdpe/s2_result2__364_carry__4/O[1]
                         net (fo=3, unplaced)         0.629    17.918    u_fdpe/s2_result2__364_carry__4_n_6
                         LUT4 (Prop_lut4_I1_O)        0.306    18.224 r  u_fdpe/s2_result2__438_carry__6_i_7/O
                         net (fo=1, unplaced)         0.000    18.224    u_fdpe/s2_result2__438_carry__6_i_7_n_0
                         CARRY4 (Prop_carry4_S[1]_CO[3])
                                                      0.533    18.757 r  u_fdpe/s2_result2__438_carry__6/CO[3]
                         net (fo=1, unplaced)         0.918    19.675    u_fdpe/s2_result2__438_carry__6_n_0
                         LUT3 (Prop_lut3_I0_O)        0.124    19.799 r  u_fdpe/s2_result[15]_i_2/O
                         net (fo=16, unplaced)        0.503    20.302    u_fdpe/s2_result[15]_i_2_n_0
                         LUT6 (Prop_lut6_I1_O)        0.124    20.426 r  u_fdpe/s2_result[12]_i_1/O
                         net (fo=1, unplaced)         0.000    20.426    u_fdpe/s2_result[12]_i_1_n_0
                         FDCE                                         r  u_fdpe/s2_result_reg[12]/D
  -------------------------------------------------------------------    -------------------

                         (clock clk rise edge)       10.000    10.000 r  
                                                      0.000    10.000 r  clk (IN)
                         net (fo=0)                   0.000    10.000    clk
                         IBUF (Prop_ibuf_I_O)         0.811    10.811 r  clk_IBUF_inst/O
                         net (fo=1, unplaced)         0.760    11.570    clk_IBUF
                         BUFG (Prop_bufg_I_O)         0.091    11.661 r  clk_IBUF_BUFG_inst/O
                         net (fo=1104, unplaced)      0.439    12.100    u_fdpe/clk_IBUF_BUFG
                         FDCE                                         r  u_fdpe/s2_result_reg[12]/C
                         clock pessimism              0.178    12.279    
                         clock uncertainty           -0.035    12.243    
                         FDCE (Setup_fdce_C_D)        0.029    12.272    u_fdpe/s2_result_reg[12]
  -------------------------------------------------------------------
                         required time                         12.272    
                         arrival time                         -20.426    
  -------------------------------------------------------------------
                         slack                                 -8.154    

Slack (VIOLATED) :        -8.154ns  (required time - arrival time)
  Source:                 u_fdpe/s1_f_init_reg[15]/C
                            (rising edge-triggered cell FDCE clocked by clk  {rise@0.000ns fall@5.000ns period=10.000ns})
  Destination:            u_fdpe/s2_result_reg[13]/D
                            (rising edge-triggered cell FDCE clocked by clk  {rise@0.000ns fall@5.000ns period=10.000ns})
  Path Group:             clk
  Path Type:              Setup (Max at Slow Process Corner)
  Requirement:            10.000ns  (clk rise@10.000ns - clk rise@0.000ns)
  Data Path Delay:        18.002ns  (logic 10.746ns (59.692%)  route 7.256ns (40.308%))
  Logic Levels:           23  (CARRY4=14 DSP48E1=1 LUT2=1 LUT3=3 LUT4=1 LUT5=1 LUT6=2)
  Clock Path Skew:        -0.145ns (DCD - SCD + CPR)
    Destination Clock Delay (DCD):    2.100ns = ( 12.100 - 10.000 ) 
    Source Clock Delay      (SCD):    2.424ns
    Clock Pessimism Removal (CPR):    0.178ns
  Clock Uncertainty:      0.035ns  ((TSJ^2 + TIJ^2)^1/2 + DJ) / 2 + PE
    Total System Jitter     (TSJ):    0.071ns
    Total Input Jitter      (TIJ):    0.000ns
    Discrete Jitter          (DJ):    0.000ns
    Phase Error              (PE):    0.000ns

    Location             Delay type                Incr(ns)  Path(ns)    Netlist Resource(s)
  -------------------------------------------------------------------    -------------------
                         (clock clk rise edge)        0.000     0.000 r  
                                                      0.000     0.000 r  clk (IN)
                         net (fo=0)                   0.000     0.000    clk
                         IBUF (Prop_ibuf_I_O)         0.944     0.944 r  clk_IBUF_inst/O
                         net (fo=1, unplaced)         0.800     1.744    clk_IBUF
                         BUFG (Prop_bufg_I_O)         0.096     1.840 r  clk_IBUF_BUFG_inst/O
                         net (fo=1104, unplaced)      0.584     2.424    u_fdpe/clk_IBUF_BUFG
                         FDCE                                         r  u_fdpe/s1_f_init_reg[15]/C
  -------------------------------------------------------------------    -------------------
                         FDCE (Prop_fdce_C_Q)         0.456     2.880 r  u_fdpe/s1_f_init_reg[15]/Q
                         net (fo=1, unplaced)         0.800     3.679    u_fdpe/s1_f_init[15]
                         DSP48E1 (Prop_dsp48e1_A[15]_P[0])
                                                      4.016     7.695 r  u_fdpe/s2_result3/P[0]
                         net (fo=4, unplaced)         0.800     8.495    u_fdpe/s2_result3_n_105
                         LUT2 (Prop_lut2_I1_O)        0.124     8.619 r  u_fdpe/s2_result2_carry_i_3/O
                         net (fo=1, unplaced)         0.000     8.619    u_fdpe/s2_result2_carry_i_3_n_0
                         CARRY4 (Prop_carry4_S[1]_CO[3])
                                                      0.533     9.152 r  u_fdpe/s2_result2_carry/CO[3]
                         net (fo=1, unplaced)         0.009     9.161    u_fdpe/s2_result2_carry_n_0
                         CARRY4 (Prop_carry4_CI_CO[3])
                                                      0.117     9.278 r  u_fdpe/s2_result2_carry__0/CO[3]
                         net (fo=1, unplaced)         0.000     9.278    u_fdpe/s2_result2_carry__0_n_0
                         CARRY4 (Prop_carry4_CI_CO[3])
                                                      0.117     9.395 r  u_fdpe/s2_result2_carry__1/CO[3]
                         net (fo=1, unplaced)         0.000     9.395    u_fdpe/s2_result2_carry__1_n_0
                         CARRY4 (Prop_carry4_CI_CO[3])
                                                      0.117     9.512 r  u_fdpe/s2_result2_carry__2/CO[3]
                         net (fo=1, unplaced)         0.000     9.512    u_fdpe/s2_result2_carry__2_n_0
                         CARRY4 (Prop_carry4_CI_O[1])
                                                      0.337     9.849 r  u_fdpe/s2_result2_carry__3/O[1]
                         net (fo=32, unplaced)        0.788    10.637    u_fdpe/s2_result2_carry__3_n_6
                         CARRY4 (Prop_carry4_S[0]_CO[3])
                                                      0.819    11.456 r  u_fdpe/s2_result2__64_carry/CO[3]
                         net (fo=1, unplaced)         0.009    11.465    u_fdpe/s2_result2__64_carry_n_0
                         CARRY4 (Prop_carry4_CI_CO[3])
                                                      0.117    11.582 r  u_fdpe/s2_result2__64_carry__0/CO[3]
                         net (fo=1, unplaced)         0.000    11.582    u_fdpe/s2_result2__64_carry__0_n_0
                         CARRY4 (Prop_carry4_CI_CO[3])
                                                      0.117    11.699 r  u_fdpe/s2_result2__64_carry__1/CO[3]
                         net (fo=1, unplaced)         0.000    11.699    u_fdpe/s2_result2__64_carry__1_n_0
                         CARRY4 (Prop_carry4_CI_CO[3])
                                                      0.117    11.816 r  u_fdpe/s2_result2__64_carry__2/CO[3]
                         net (fo=1, unplaced)         0.000    11.816    u_fdpe/s2_result2__64_carry__2_n_0
                         CARRY4 (Prop_carry4_CI_O[3])
                                                      0.331    12.147 r  u_fdpe/s2_result2__64_carry__3/O[3]
                         net (fo=3, unplaced)         0.636    12.783    u_fdpe/s2_result2__64_carry__3_n_4
                         LUT3 (Prop_lut3_I1_O)        0.307    13.090 r  u_fdpe/s2_result2__279_carry__3_i_3/O
                         net (fo=1, unplaced)         0.639    13.729    u_fdpe/s2_result2__279_carry__3_i_3_n_0
                         CARRY4 (Prop_carry4_DI[1]_O[3])
                                                      0.629    14.358 r  u_fdpe/s2_result2__279_carry__3/O[3]
                         net (fo=3, unplaced)         0.636    14.994    u_fdpe/s2_result2__279_carry__3_n_4
                         LUT3 (Prop_lut3_I1_O)        0.307    15.301 r  u_fdpe/s2_result2__364_carry__2_i_12/O
                         net (fo=2, unplaced)         0.460    15.761    u_fdpe/s2_result2__364_carry__2_i_12_n_0
                         LUT5 (Prop_lut5_I1_O)        0.124    15.885 r  u_fdpe/s2_result2__364_carry__3_i_4/O
                         net (fo=2, unplaced)         0.430    16.315    u_fdpe/s2_result2__364_carry__3_i_4_n_0
                         LUT6 (Prop_lut6_I0_O)        0.124    16.439 r  u_fdpe/s2_result2__364_carry__3_i_8/O
                         net (fo=1, unplaced)         0.000    16.439    u_fdpe/s2_result2__364_carry__3_i_8_n_0
                         CARRY4 (Prop_carry4_S[0]_CO[3])
                                                      0.513    16.952 r  u_fdpe/s2_result2__364_carry__3/CO[3]
                         net (fo=1, unplaced)         0.000    16.952    u_fdpe/s2_result2__364_carry__3_n_0
                         CARRY4 (Prop_carry4_CI_O[1])
                                                      0.337    17.289 r  u_fdpe/s2_result2__364_carry__4/O[1]
                         net (fo=3, unplaced)         0.629    17.918    u_fdpe/s2_result2__364_carry__4_n_6
                         LUT4 (Prop_lut4_I1_O)        0.306    18.224 r  u_fdpe/s2_result2__438_carry__6_i_7/O
                         net (fo=1, unplaced)         0.000    18.224    u_fdpe/s2_result2__438_carry__6_i_7_n_0
                         CARRY4 (Prop_carry4_S[1]_CO[3])
                                                      0.533    18.757 r  u_fdpe/s2_result2__438_carry__6/CO[3]
                         net (fo=1, unplaced)         0.918    19.675    u_fdpe/s2_result2__438_carry__6_n_0
                         LUT3 (Prop_lut3_I0_O)        0.124    19.799 r  u_fdpe/s2_result[15]_i_2/O
                         net (fo=16, unplaced)        0.503    20.302    u_fdpe/s2_result[15]_i_2_n_0
                         LUT6 (Prop_lut6_I1_O)        0.124    20.426 r  u_fdpe/s2_result[13]_i_1/O
                         net (fo=1, unplaced)         0.000    20.426    u_fdpe/s2_result[13]_i_1_n_0
                         FDCE                                         r  u_fdpe/s2_result_reg[13]/D
  -------------------------------------------------------------------    -------------------

                         (clock clk rise edge)       10.000    10.000 r  
                                                      0.000    10.000 r  clk (IN)
                         net (fo=0)                   0.000    10.000    clk
                         IBUF (Prop_ibuf_I_O)         0.811    10.811 r  clk_IBUF_inst/O
                         net (fo=1, unplaced)         0.760    11.570    clk_IBUF
                         BUFG (Prop_bufg_I_O)         0.091    11.661 r  clk_IBUF_BUFG_inst/O
                         net (fo=1104, unplaced)      0.439    12.100    u_fdpe/clk_IBUF_BUFG
                         FDCE                                         r  u_fdpe/s2_result_reg[13]/C
                         clock pessimism              0.178    12.279    
                         clock uncertainty           -0.035    12.243    
                         FDCE (Setup_fdce_C_D)        0.029    12.272    u_fdpe/s2_result_reg[13]
  -------------------------------------------------------------------
                         required time                         12.272    
                         arrival time                         -20.426    
  -------------------------------------------------------------------
                         slack                                 -8.154    

Slack (VIOLATED) :        -8.154ns  (required time - arrival time)
  Source:                 u_fdpe/s1_f_init_reg[15]/C
                            (rising edge-triggered cell FDCE clocked by clk  {rise@0.000ns fall@5.000ns period=10.000ns})
  Destination:            u_fdpe/s2_result_reg[14]/D
                            (rising edge-triggered cell FDCE clocked by clk  {rise@0.000ns fall@5.000ns period=10.000ns})
  Path Group:             clk
  Path Type:              Setup (Max at Slow Process Corner)
  Requirement:            10.000ns  (clk rise@10.000ns - clk rise@0.000ns)
  Data Path Delay:        18.002ns  (logic 10.746ns (59.692%)  route 7.256ns (40.308%))
  Logic Levels:           23  (CARRY4=14 DSP48E1=1 LUT2=1 LUT3=3 LUT4=1 LUT5=1 LUT6=2)
  Clock Path Skew:        -0.145ns (DCD - SCD + CPR)
    Destination Clock Delay (DCD):    2.100ns = ( 12.100 - 10.000 ) 
    Source Clock Delay      (SCD):    2.424ns
    Clock Pessimism Removal (CPR):    0.178ns
  Clock Uncertainty:      0.035ns  ((TSJ^2 + TIJ^2)^1/2 + DJ) / 2 + PE
    Total System Jitter     (TSJ):    0.071ns
    Total Input Jitter      (TIJ):    0.000ns
    Discrete Jitter          (DJ):    0.000ns
    Phase Error              (PE):    0.000ns

    Location             Delay type                Incr(ns)  Path(ns)    Netlist Resource(s)
  -------------------------------------------------------------------    -------------------
                         (clock clk rise edge)        0.000     0.000 r  
                                                      0.000     0.000 r  clk (IN)
                         net (fo=0)                   0.000     0.000    clk
                         IBUF (Prop_ibuf_I_O)         0.944     0.944 r  clk_IBUF_inst/O
                         net (fo=1, unplaced)         0.800     1.744    clk_IBUF
                         BUFG (Prop_bufg_I_O)         0.096     1.840 r  clk_IBUF_BUFG_inst/O
                         net (fo=1104, unplaced)      0.584     2.424    u_fdpe/clk_IBUF_BUFG
                         FDCE                                         r  u_fdpe/s1_f_init_reg[15]/C
  -------------------------------------------------------------------    -------------------
                         FDCE (Prop_fdce_C_Q)         0.456     2.880 r  u_fdpe/s1_f_init_reg[15]/Q
                         net (fo=1, unplaced)         0.800     3.679    u_fdpe/s1_f_init[15]
                         DSP48E1 (Prop_dsp48e1_A[15]_P[0])
                                                      4.016     7.695 r  u_fdpe/s2_result3/P[0]
                         net (fo=4, unplaced)         0.800     8.495    u_fdpe/s2_result3_n_105
                         LUT2 (Prop_lut2_I1_O)        0.124     8.619 r  u_fdpe/s2_result2_carry_i_3/O
                         net (fo=1, unplaced)         0.000     8.619    u_fdpe/s2_result2_carry_i_3_n_0
                         CARRY4 (Prop_carry4_S[1]_CO[3])
                                                      0.533     9.152 r  u_fdpe/s2_result2_carry/CO[3]
                         net (fo=1, unplaced)         0.009     9.161    u_fdpe/s2_result2_carry_n_0
                         CARRY4 (Prop_carry4_CI_CO[3])
                                                      0.117     9.278 r  u_fdpe/s2_result2_carry__0/CO[3]
                         net (fo=1, unplaced)         0.000     9.278    u_fdpe/s2_result2_carry__0_n_0
                         CARRY4 (Prop_carry4_CI_CO[3])
                                                      0.117     9.395 r  u_fdpe/s2_result2_carry__1/CO[3]
                         net (fo=1, unplaced)         0.000     9.395    u_fdpe/s2_result2_carry__1_n_0
                         CARRY4 (Prop_carry4_CI_CO[3])
                                                      0.117     9.512 r  u_fdpe/s2_result2_carry__2/CO[3]
                         net (fo=1, unplaced)         0.000     9.512    u_fdpe/s2_result2_carry__2_n_0
                         CARRY4 (Prop_carry4_CI_O[1])
                                                      0.337     9.849 r  u_fdpe/s2_result2_carry__3/O[1]
                         net (fo=32, unplaced)        0.788    10.637    u_fdpe/s2_result2_carry__3_n_6
                         CARRY4 (Prop_carry4_S[0]_CO[3])
                                                      0.819    11.456 r  u_fdpe/s2_result2__64_carry/CO[3]
                         net (fo=1, unplaced)         0.009    11.465    u_fdpe/s2_result2__64_carry_n_0
                         CARRY4 (Prop_carry4_CI_CO[3])
                                                      0.117    11.582 r  u_fdpe/s2_result2__64_carry__0/CO[3]
                         net (fo=1, unplaced)         0.000    11.582    u_fdpe/s2_result2__64_carry__0_n_0
                         CARRY4 (Prop_carry4_CI_CO[3])
                                                      0.117    11.699 r  u_fdpe/s2_result2__64_carry__1/CO[3]
                         net (fo=1, unplaced)         0.000    11.699    u_fdpe/s2_result2__64_carry__1_n_0
                         CARRY4 (Prop_carry4_CI_CO[3])
                                                      0.117    11.816 r  u_fdpe/s2_result2__64_carry__2/CO[3]
                         net (fo=1, unplaced)         0.000    11.816    u_fdpe/s2_result2__64_carry__2_n_0
                         CARRY4 (Prop_carry4_CI_O[3])
                                                      0.331    12.147 r  u_fdpe/s2_result2__64_carry__3/O[3]
                         net (fo=3, unplaced)         0.636    12.783    u_fdpe/s2_result2__64_carry__3_n_4
                         LUT3 (Prop_lut3_I1_O)        0.307    13.090 r  u_fdpe/s2_result2__279_carry__3_i_3/O
                         net (fo=1, unplaced)         0.639    13.729    u_fdpe/s2_result2__279_carry__3_i_3_n_0
                         CARRY4 (Prop_carry4_DI[1]_O[3])
                                                      0.629    14.358 r  u_fdpe/s2_result2__279_carry__3/O[3]
                         net (fo=3, unplaced)         0.636    14.994    u_fdpe/s2_result2__279_carry__3_n_4
                         LUT3 (Prop_lut3_I1_O)        0.307    15.301 r  u_fdpe/s2_result2__364_carry__2_i_12/O
                         net (fo=2, unplaced)         0.460    15.761    u_fdpe/s2_result2__364_carry__2_i_12_n_0
                         LUT5 (Prop_lut5_I1_O)        0.124    15.885 r  u_fdpe/s2_result2__364_carry__3_i_4/O
                         net (fo=2, unplaced)         0.430    16.315    u_fdpe/s2_result2__364_carry__3_i_4_n_0
                         LUT6 (Prop_lut6_I0_O)        0.124    16.439 r  u_fdpe/s2_result2__364_carry__3_i_8/O
                         net (fo=1, unplaced)         0.000    16.439    u_fdpe/s2_result2__364_carry__3_i_8_n_0
                         CARRY4 (Prop_carry4_S[0]_CO[3])
                                                      0.513    16.952 r  u_fdpe/s2_result2__364_carry__3/CO[3]
                         net (fo=1, unplaced)         0.000    16.952    u_fdpe/s2_result2__364_carry__3_n_0
                         CARRY4 (Prop_carry4_CI_O[1])
                                                      0.337    17.289 r  u_fdpe/s2_result2__364_carry__4/O[1]
                         net (fo=3, unplaced)         0.629    17.918    u_fdpe/s2_result2__364_carry__4_n_6
                         LUT4 (Prop_lut4_I1_O)        0.306    18.224 r  u_fdpe/s2_result2__438_carry__6_i_7/O
                         net (fo=1, unplaced)         0.000    18.224    u_fdpe/s2_result2__438_carry__6_i_7_n_0
                         CARRY4 (Prop_carry4_S[1]_CO[3])
                                                      0.533    18.757 r  u_fdpe/s2_result2__438_carry__6/CO[3]
                         net (fo=1, unplaced)         0.918    19.675    u_fdpe/s2_result2__438_carry__6_n_0
                         LUT3 (Prop_lut3_I0_O)        0.124    19.799 r  u_fdpe/s2_result[15]_i_2/O
                         net (fo=16, unplaced)        0.503    20.302    u_fdpe/s2_result[15]_i_2_n_0
                         LUT6 (Prop_lut6_I1_O)        0.124    20.426 r  u_fdpe/s2_result[14]_i_1/O
                         net (fo=1, unplaced)         0.000    20.426    u_fdpe/s2_result[14]_i_1_n_0
                         FDCE                                         r  u_fdpe/s2_result_reg[14]/D
  -------------------------------------------------------------------    -------------------

                         (clock clk rise edge)       10.000    10.000 r  
                                                      0.000    10.000 r  clk (IN)
                         net (fo=0)                   0.000    10.000    clk
                         IBUF (Prop_ibuf_I_O)         0.811    10.811 r  clk_IBUF_inst/O
                         net (fo=1, unplaced)         0.760    11.570    clk_IBUF
                         BUFG (Prop_bufg_I_O)         0.091    11.661 r  clk_IBUF_BUFG_inst/O
                         net (fo=1104, unplaced)      0.439    12.100    u_fdpe/clk_IBUF_BUFG
                         FDCE                                         r  u_fdpe/s2_result_reg[14]/C
                         clock pessimism              0.178    12.279    
                         clock uncertainty           -0.035    12.243    
                         FDCE (Setup_fdce_C_D)        0.029    12.272    u_fdpe/s2_result_reg[14]
  -------------------------------------------------------------------
                         required time                         12.272    
                         arrival time                         -20.426    
  -------------------------------------------------------------------
                         slack                                 -8.154    

Slack (VIOLATED) :        -8.154ns  (required time - arrival time)
  Source:                 u_fdpe/s1_f_init_reg[15]/C
                            (rising edge-triggered cell FDCE clocked by clk  {rise@0.000ns fall@5.000ns period=10.000ns})
  Destination:            u_fdpe/s2_result_reg[15]/D
                            (rising edge-triggered cell FDCE clocked by clk  {rise@0.000ns fall@5.000ns period=10.000ns})
  Path Group:             clk
  Path Type:              Setup (Max at Slow Process Corner)
  Requirement:            10.000ns  (clk rise@10.000ns - clk rise@0.000ns)
  Data Path Delay:        18.002ns  (logic 10.746ns (59.692%)  route 7.256ns (40.308%))
  Logic Levels:           23  (CARRY4=14 DSP48E1=1 LUT2=1 LUT3=3 LUT4=1 LUT5=1 LUT6=2)
  Clock Path Skew:        -0.145ns (DCD - SCD + CPR)
    Destination Clock Delay (DCD):    2.100ns = ( 12.100 - 10.000 ) 
    Source Clock Delay      (SCD):    2.424ns
    Clock Pessimism Removal (CPR):    0.178ns
  Clock Uncertainty:      0.035ns  ((TSJ^2 + TIJ^2)^1/2 + DJ) / 2 + PE
    Total System Jitter     (TSJ):    0.071ns
    Total Input Jitter      (TIJ):    0.000ns
    Discrete Jitter          (DJ):    0.000ns
    Phase Error              (PE):    0.000ns

    Location             Delay type                Incr(ns)  Path(ns)    Netlist Resource(s)
  -------------------------------------------------------------------    -------------------
                         (clock clk rise edge)        0.000     0.000 r  
                                                      0.000     0.000 r  clk (IN)
                         net (fo=0)                   0.000     0.000    clk
                         IBUF (Prop_ibuf_I_O)         0.944     0.944 r  clk_IBUF_inst/O
                         net (fo=1, unplaced)         0.800     1.744    clk_IBUF
                         BUFG (Prop_bufg_I_O)         0.096     1.840 r  clk_IBUF_BUFG_inst/O
                         net (fo=1104, unplaced)      0.584     2.424    u_fdpe/clk_IBUF_BUFG
                         FDCE                                         r  u_fdpe/s1_f_init_reg[15]/C
  -------------------------------------------------------------------    -------------------
                         FDCE (Prop_fdce_C_Q)         0.456     2.880 r  u_fdpe/s1_f_init_reg[15]/Q
                         net (fo=1, unplaced)         0.800     3.679    u_fdpe/s1_f_init[15]
                         DSP48E1 (Prop_dsp48e1_A[15]_P[0])
                                                      4.016     7.695 r  u_fdpe/s2_result3/P[0]
                         net (fo=4, unplaced)         0.800     8.495    u_fdpe/s2_result3_n_105
                         LUT2 (Prop_lut2_I1_O)        0.124     8.619 r  u_fdpe/s2_result2_carry_i_3/O
                         net (fo=1, unplaced)         0.000     8.619    u_fdpe/s2_result2_carry_i_3_n_0
                         CARRY4 (Prop_carry4_S[1]_CO[3])
                                                      0.533     9.152 r  u_fdpe/s2_result2_carry/CO[3]
                         net (fo=1, unplaced)         0.009     9.161    u_fdpe/s2_result2_carry_n_0
                         CARRY4 (Prop_carry4_CI_CO[3])
                                                      0.117     9.278 r  u_fdpe/s2_result2_carry__0/CO[3]
                         net (fo=1, unplaced)         0.000     9.278    u_fdpe/s2_result2_carry__0_n_0
                         CARRY4 (Prop_carry4_CI_CO[3])
                                                      0.117     9.395 r  u_fdpe/s2_result2_carry__1/CO[3]
                         net (fo=1, unplaced)         0.000     9.395    u_fdpe/s2_result2_carry__1_n_0
                         CARRY4 (Prop_carry4_CI_CO[3])
                                                      0.117     9.512 r  u_fdpe/s2_result2_carry__2/CO[3]
                         net (fo=1, unplaced)         0.000     9.512    u_fdpe/s2_result2_carry__2_n_0
                         CARRY4 (Prop_carry4_CI_O[1])
                                                      0.337     9.849 r  u_fdpe/s2_result2_carry__3/O[1]
                         net (fo=32, unplaced)        0.788    10.637    u_fdpe/s2_result2_carry__3_n_6
                         CARRY4 (Prop_carry4_S[0]_CO[3])
                                                      0.819    11.456 r  u_fdpe/s2_result2__64_carry/CO[3]
                         net (fo=1, unplaced)         0.009    11.465    u_fdpe/s2_result2__64_carry_n_0
                         CARRY4 (Prop_carry4_CI_CO[3])
                                                      0.117    11.582 r  u_fdpe/s2_result2__64_carry__0/CO[3]
                         net (fo=1, unplaced)         0.000    11.582    u_fdpe/s2_result2__64_carry__0_n_0
                         CARRY4 (Prop_carry4_CI_CO[3])
                                                      0.117    11.699 r  u_fdpe/s2_result2__64_carry__1/CO[3]
                         net (fo=1, unplaced)         0.000    11.699    u_fdpe/s2_result2__64_carry__1_n_0
                         CARRY4 (Prop_carry4_CI_CO[3])
                                                      0.117    11.816 r  u_fdpe/s2_result2__64_carry__2/CO[3]
                         net (fo=1, unplaced)         0.000    11.816    u_fdpe/s2_result2__64_carry__2_n_0
                         CARRY4 (Prop_carry4_CI_O[3])
                                                      0.331    12.147 r  u_fdpe/s2_result2__64_carry__3/O[3]
                         net (fo=3, unplaced)         0.636    12.783    u_fdpe/s2_result2__64_carry__3_n_4
                         LUT3 (Prop_lut3_I1_O)        0.307    13.090 r  u_fdpe/s2_result2__279_carry__3_i_3/O
                         net (fo=1, unplaced)         0.639    13.729    u_fdpe/s2_result2__279_carry__3_i_3_n_0
                         CARRY4 (Prop_carry4_DI[1]_O[3])
                                                      0.629    14.358 r  u_fdpe/s2_result2__279_carry__3/O[3]
                         net (fo=3, unplaced)         0.636    14.994    u_fdpe/s2_result2__279_carry__3_n_4
                         LUT3 (Prop_lut3_I1_O)        0.307    15.301 r  u_fdpe/s2_result2__364_carry__2_i_12/O
                         net (fo=2, unplaced)         0.460    15.761    u_fdpe/s2_result2__364_carry__2_i_12_n_0
                         LUT5 (Prop_lut5_I1_O)        0.124    15.885 r  u_fdpe/s2_result2__364_carry__3_i_4/O
                         net (fo=2, unplaced)         0.430    16.315    u_fdpe/s2_result2__364_carry__3_i_4_n_0
                         LUT6 (Prop_lut6_I0_O)        0.124    16.439 r  u_fdpe/s2_result2__364_carry__3_i_8/O
                         net (fo=1, unplaced)         0.000    16.439    u_fdpe/s2_result2__364_carry__3_i_8_n_0
                         CARRY4 (Prop_carry4_S[0]_CO[3])
                                                      0.513    16.952 r  u_fdpe/s2_result2__364_carry__3/CO[3]
                         net (fo=1, unplaced)         0.000    16.952    u_fdpe/s2_result2__364_carry__3_n_0
                         CARRY4 (Prop_carry4_CI_O[1])
                                                      0.337    17.289 r  u_fdpe/s2_result2__364_carry__4/O[1]
                         net (fo=3, unplaced)         0.629    17.918    u_fdpe/s2_result2__364_carry__4_n_6
                         LUT4 (Prop_lut4_I1_O)        0.306    18.224 r  u_fdpe/s2_result2__438_carry__6_i_7/O
                         net (fo=1, unplaced)         0.000    18.224    u_fdpe/s2_result2__438_carry__6_i_7_n_0
                         CARRY4 (Prop_carry4_S[1]_CO[3])
                                                      0.533    18.757 r  u_fdpe/s2_result2__438_carry__6/CO[3]
                         net (fo=1, unplaced)         0.918    19.675    u_fdpe/s2_result2__438_carry__6_n_0
                         LUT3 (Prop_lut3_I0_O)        0.124    19.799 r  u_fdpe/s2_result[15]_i_2/O
                         net (fo=16, unplaced)        0.503    20.302    u_fdpe/s2_result[15]_i_2_n_0
                         LUT6 (Prop_lut6_I1_O)        0.124    20.426 r  u_fdpe/s2_result[15]_i_1/O
                         net (fo=1, unplaced)         0.000    20.426    u_fdpe/s2_result[15]_i_1_n_0
                         FDCE                                         r  u_fdpe/s2_result_reg[15]/D
  -------------------------------------------------------------------    -------------------

                         (clock clk rise edge)       10.000    10.000 r  
                                                      0.000    10.000 r  clk (IN)
                         net (fo=0)                   0.000    10.000    clk
                         IBUF (Prop_ibuf_I_O)         0.811    10.811 r  clk_IBUF_inst/O
                         net (fo=1, unplaced)         0.760    11.570    clk_IBUF
                         BUFG (Prop_bufg_I_O)         0.091    11.661 r  clk_IBUF_BUFG_inst/O
                         net (fo=1104, unplaced)      0.439    12.100    u_fdpe/clk_IBUF_BUFG
                         FDCE                                         r  u_fdpe/s2_result_reg[15]/C
                         clock pessimism              0.178    12.279    
                         clock uncertainty           -0.035    12.243    
                         FDCE (Setup_fdce_C_D)        0.029    12.272    u_fdpe/s2_result_reg[15]
  -------------------------------------------------------------------
                         required time                         12.272    
                         arrival time                         -20.426    
  -------------------------------------------------------------------
                         slack                                 -8.154    

Slack (VIOLATED) :        -8.154ns  (required time - arrival time)
  Source:                 u_fdpe/s1_f_init_reg[15]/C
                            (rising edge-triggered cell FDCE clocked by clk  {rise@0.000ns fall@5.000ns period=10.000ns})
  Destination:            u_fdpe/s2_result_reg[1]/D
                            (rising edge-triggered cell FDCE clocked by clk  {rise@0.000ns fall@5.000ns period=10.000ns})
  Path Group:             clk
  Path Type:              Setup (Max at Slow Process Corner)
  Requirement:            10.000ns  (clk rise@10.000ns - clk rise@0.000ns)
  Data Path Delay:        18.002ns  (logic 10.746ns (59.692%)  route 7.256ns (40.308%))
  Logic Levels:           23  (CARRY4=14 DSP48E1=1 LUT2=1 LUT3=3 LUT4=1 LUT5=1 LUT6=2)
  Clock Path Skew:        -0.145ns (DCD - SCD + CPR)
    Destination Clock Delay (DCD):    2.100ns = ( 12.100 - 10.000 ) 
    Source Clock Delay      (SCD):    2.424ns
    Clock Pessimism Removal (CPR):    0.178ns
  Clock Uncertainty:      0.035ns  ((TSJ^2 + TIJ^2)^1/2 + DJ) / 2 + PE
    Total System Jitter     (TSJ):    0.071ns
    Total Input Jitter      (TIJ):    0.000ns
    Discrete Jitter          (DJ):    0.000ns
    Phase Error              (PE):    0.000ns

    Location             Delay type                Incr(ns)  Path(ns)    Netlist Resource(s)
  -------------------------------------------------------------------    -------------------
                         (clock clk rise edge)        0.000     0.000 r  
                                                      0.000     0.000 r  clk (IN)
                         net (fo=0)                   0.000     0.000    clk
                         IBUF (Prop_ibuf_I_O)         0.944     0.944 r  clk_IBUF_inst/O
                         net (fo=1, unplaced)         0.800     1.744    clk_IBUF
                         BUFG (Prop_bufg_I_O)         0.096     1.840 r  clk_IBUF_BUFG_inst/O
                         net (fo=1104, unplaced)      0.584     2.424    u_fdpe/clk_IBUF_BUFG
                         FDCE                                         r  u_fdpe/s1_f_init_reg[15]/C
  -------------------------------------------------------------------    -------------------
                         FDCE (Prop_fdce_C_Q)         0.456     2.880 r  u_fdpe/s1_f_init_reg[15]/Q
                         net (fo=1, unplaced)         0.800     3.679    u_fdpe/s1_f_init[15]
                         DSP48E1 (Prop_dsp48e1_A[15]_P[0])
                                                      4.016     7.695 r  u_fdpe/s2_result3/P[0]
                         net (fo=4, unplaced)         0.800     8.495    u_fdpe/s2_result3_n_105
                         LUT2 (Prop_lut2_I1_O)        0.124     8.619 r  u_fdpe/s2_result2_carry_i_3/O
                         net (fo=1, unplaced)         0.000     8.619    u_fdpe/s2_result2_carry_i_3_n_0
                         CARRY4 (Prop_carry4_S[1]_CO[3])
                                                      0.533     9.152 r  u_fdpe/s2_result2_carry/CO[3]
                         net (fo=1, unplaced)         0.009     9.161    u_fdpe/s2_result2_carry_n_0
                         CARRY4 (Prop_carry4_CI_CO[3])
                                                      0.117     9.278 r  u_fdpe/s2_result2_carry__0/CO[3]
                         net (fo=1, unplaced)         0.000     9.278    u_fdpe/s2_result2_carry__0_n_0
                         CARRY4 (Prop_carry4_CI_CO[3])
                                                      0.117     9.395 r  u_fdpe/s2_result2_carry__1/CO[3]
                         net (fo=1, unplaced)         0.000     9.395    u_fdpe/s2_result2_carry__1_n_0
                         CARRY4 (Prop_carry4_CI_CO[3])
                                                      0.117     9.512 r  u_fdpe/s2_result2_carry__2/CO[3]
                         net (fo=1, unplaced)         0.000     9.512    u_fdpe/s2_result2_carry__2_n_0
                         CARRY4 (Prop_carry4_CI_O[1])
                                                      0.337     9.849 r  u_fdpe/s2_result2_carry__3/O[1]
                         net (fo=32, unplaced)        0.788    10.637    u_fdpe/s2_result2_carry__3_n_6
                         CARRY4 (Prop_carry4_S[0]_CO[3])
                                                      0.819    11.456 r  u_fdpe/s2_result2__64_carry/CO[3]
                         net (fo=1, unplaced)         0.009    11.465    u_fdpe/s2_result2__64_carry_n_0
                         CARRY4 (Prop_carry4_CI_CO[3])
                                                      0.117    11.582 r  u_fdpe/s2_result2__64_carry__0/CO[3]
                         net (fo=1, unplaced)         0.000    11.582    u_fdpe/s2_result2__64_carry__0_n_0
                         CARRY4 (Prop_carry4_CI_CO[3])
                                                      0.117    11.699 r  u_fdpe/s2_result2__64_carry__1/CO[3]
                         net (fo=1, unplaced)         0.000    11.699    u_fdpe/s2_result2__64_carry__1_n_0
                         CARRY4 (Prop_carry4_CI_CO[3])
                                                      0.117    11.816 r  u_fdpe/s2_result2__64_carry__2/CO[3]
                         net (fo=1, unplaced)         0.000    11.816    u_fdpe/s2_result2__64_carry__2_n_0
                         CARRY4 (Prop_carry4_CI_O[3])
                                                      0.331    12.147 r  u_fdpe/s2_result2__64_carry__3/O[3]
                         net (fo=3, unplaced)         0.636    12.783    u_fdpe/s2_result2__64_carry__3_n_4
                         LUT3 (Prop_lut3_I1_O)        0.307    13.090 r  u_fdpe/s2_result2__279_carry__3_i_3/O
                         net (fo=1, unplaced)         0.639    13.729    u_fdpe/s2_result2__279_carry__3_i_3_n_0
                         CARRY4 (Prop_carry4_DI[1]_O[3])
                                                      0.629    14.358 r  u_fdpe/s2_result2__279_carry__3/O[3]
                         net (fo=3, unplaced)         0.636    14.994    u_fdpe/s2_result2__279_carry__3_n_4
                         LUT3 (Prop_lut3_I1_O)        0.307    15.301 r  u_fdpe/s2_result2__364_carry__2_i_12/O
                         net (fo=2, unplaced)         0.460    15.761    u_fdpe/s2_result2__364_carry__2_i_12_n_0
                         LUT5 (Prop_lut5_I1_O)        0.124    15.885 r  u_fdpe/s2_result2__364_carry__3_i_4/O
                         net (fo=2, unplaced)         0.430    16.315    u_fdpe/s2_result2__364_carry__3_i_4_n_0
                         LUT6 (Prop_lut6_I0_O)        0.124    16.439 r  u_fdpe/s2_result2__364_carry__3_i_8/O
                         net (fo=1, unplaced)         0.000    16.439    u_fdpe/s2_result2__364_carry__3_i_8_n_0
                         CARRY4 (Prop_carry4_S[0]_CO[3])
                                                      0.513    16.952 r  u_fdpe/s2_result2__364_carry__3/CO[3]
                         net (fo=1, unplaced)         0.000    16.952    u_fdpe/s2_result2__364_carry__3_n_0
                         CARRY4 (Prop_carry4_CI_O[1])
                                                      0.337    17.289 r  u_fdpe/s2_result2__364_carry__4/O[1]
                         net (fo=3, unplaced)         0.629    17.918    u_fdpe/s2_result2__364_carry__4_n_6
                         LUT4 (Prop_lut4_I1_O)        0.306    18.224 r  u_fdpe/s2_result2__438_carry__6_i_7/O
                         net (fo=1, unplaced)         0.000    18.224    u_fdpe/s2_result2__438_carry__6_i_7_n_0
                         CARRY4 (Prop_carry4_S[1]_CO[3])
                                                      0.533    18.757 r  u_fdpe/s2_result2__438_carry__6/CO[3]
                         net (fo=1, unplaced)         0.918    19.675    u_fdpe/s2_result2__438_carry__6_n_0
                         LUT3 (Prop_lut3_I0_O)        0.124    19.799 r  u_fdpe/s2_result[15]_i_2/O
                         net (fo=16, unplaced)        0.503    20.302    u_fdpe/s2_result[15]_i_2_n_0
                         LUT6 (Prop_lut6_I1_O)        0.124    20.426 r  u_fdpe/s2_result[1]_i_1/O
                         net (fo=1, unplaced)         0.000    20.426    u_fdpe/s2_result[1]_i_1_n_0
                         FDCE                                         r  u_fdpe/s2_result_reg[1]/D
  -------------------------------------------------------------------    -------------------

                         (clock clk rise edge)       10.000    10.000 r  
                                                      0.000    10.000 r  clk (IN)
                         net (fo=0)                   0.000    10.000    clk
                         IBUF (Prop_ibuf_I_O)         0.811    10.811 r  clk_IBUF_inst/O
                         net (fo=1, unplaced)         0.760    11.570    clk_IBUF
                         BUFG (Prop_bufg_I_O)         0.091    11.661 r  clk_IBUF_BUFG_inst/O
                         net (fo=1104, unplaced)      0.439    12.100    u_fdpe/clk_IBUF_BUFG
                         FDCE                                         r  u_fdpe/s2_result_reg[1]/C
                         clock pessimism              0.178    12.279    
                         clock uncertainty           -0.035    12.243    
                         FDCE (Setup_fdce_C_D)        0.029    12.272    u_fdpe/s2_result_reg[1]
  -------------------------------------------------------------------
                         required time                         12.272    
                         arrival time                         -20.426    
  -------------------------------------------------------------------
                         slack                                 -8.154    

Slack (VIOLATED) :        -8.154ns  (required time - arrival time)
  Source:                 u_fdpe/s1_f_init_reg[15]/C
                            (rising edge-triggered cell FDCE clocked by clk  {rise@0.000ns fall@5.000ns period=10.000ns})
  Destination:            u_fdpe/s2_result_reg[2]/D
                            (rising edge-triggered cell FDCE clocked by clk  {rise@0.000ns fall@5.000ns period=10.000ns})
  Path Group:             clk
  Path Type:              Setup (Max at Slow Process Corner)
  Requirement:            10.000ns  (clk rise@10.000ns - clk rise@0.000ns)
  Data Path Delay:        18.002ns  (logic 10.746ns (59.692%)  route 7.256ns (40.308%))
  Logic Levels:           23  (CARRY4=14 DSP48E1=1 LUT2=1 LUT3=3 LUT4=1 LUT5=1 LUT6=2)
  Clock Path Skew:        -0.145ns (DCD - SCD + CPR)
    Destination Clock Delay (DCD):    2.100ns = ( 12.100 - 10.000 ) 
    Source Clock Delay      (SCD):    2.424ns
    Clock Pessimism Removal (CPR):    0.178ns
  Clock Uncertainty:      0.035ns  ((TSJ^2 + TIJ^2)^1/2 + DJ) / 2 + PE
    Total System Jitter     (TSJ):    0.071ns
    Total Input Jitter      (TIJ):    0.000ns
    Discrete Jitter          (DJ):    0.000ns
    Phase Error              (PE):    0.000ns

    Location             Delay type                Incr(ns)  Path(ns)    Netlist Resource(s)
  -------------------------------------------------------------------    -------------------
                         (clock clk rise edge)        0.000     0.000 r  
                                                      0.000     0.000 r  clk (IN)
                         net (fo=0)                   0.000     0.000    clk
                         IBUF (Prop_ibuf_I_O)         0.944     0.944 r  clk_IBUF_inst/O
                         net (fo=1, unplaced)         0.800     1.744    clk_IBUF
                         BUFG (Prop_bufg_I_O)         0.096     1.840 r  clk_IBUF_BUFG_inst/O
                         net (fo=1104, unplaced)      0.584     2.424    u_fdpe/clk_IBUF_BUFG
                         FDCE                                         r  u_fdpe/s1_f_init_reg[15]/C
  -------------------------------------------------------------------    -------------------
                         FDCE (Prop_fdce_C_Q)         0.456     2.880 r  u_fdpe/s1_f_init_reg[15]/Q
                         net (fo=1, unplaced)         0.800     3.679    u_fdpe/s1_f_init[15]
                         DSP48E1 (Prop_dsp48e1_A[15]_P[0])
                                                      4.016     7.695 r  u_fdpe/s2_result3/P[0]
                         net (fo=4, unplaced)         0.800     8.495    u_fdpe/s2_result3_n_105
                         LUT2 (Prop_lut2_I1_O)        0.124     8.619 r  u_fdpe/s2_result2_carry_i_3/O
                         net (fo=1, unplaced)         0.000     8.619    u_fdpe/s2_result2_carry_i_3_n_0
                         CARRY4 (Prop_carry4_S[1]_CO[3])
                                                      0.533     9.152 r  u_fdpe/s2_result2_carry/CO[3]
                         net (fo=1, unplaced)         0.009     9.161    u_fdpe/s2_result2_carry_n_0
                         CARRY4 (Prop_carry4_CI_CO[3])
                                                      0.117     9.278 r  u_fdpe/s2_result2_carry__0/CO[3]
                         net (fo=1, unplaced)         0.000     9.278    u_fdpe/s2_result2_carry__0_n_0
                         CARRY4 (Prop_carry4_CI_CO[3])
                                                      0.117     9.395 r  u_fdpe/s2_result2_carry__1/CO[3]
                         net (fo=1, unplaced)         0.000     9.395    u_fdpe/s2_result2_carry__1_n_0
                         CARRY4 (Prop_carry4_CI_CO[3])
                                                      0.117     9.512 r  u_fdpe/s2_result2_carry__2/CO[3]
                         net (fo=1, unplaced)         0.000     9.512    u_fdpe/s2_result2_carry__2_n_0
                         CARRY4 (Prop_carry4_CI_O[1])
                                                      0.337     9.849 r  u_fdpe/s2_result2_carry__3/O[1]
                         net (fo=32, unplaced)        0.788    10.637    u_fdpe/s2_result2_carry__3_n_6
                         CARRY4 (Prop_carry4_S[0]_CO[3])
                                                      0.819    11.456 r  u_fdpe/s2_result2__64_carry/CO[3]
                         net (fo=1, unplaced)         0.009    11.465    u_fdpe/s2_result2__64_carry_n_0
                         CARRY4 (Prop_carry4_CI_CO[3])
                                                      0.117    11.582 r  u_fdpe/s2_result2__64_carry__0/CO[3]
                         net (fo=1, unplaced)         0.000    11.582    u_fdpe/s2_result2__64_carry__0_n_0
                         CARRY4 (Prop_carry4_CI_CO[3])
                                                      0.117    11.699 r  u_fdpe/s2_result2__64_carry__1/CO[3]
                         net (fo=1, unplaced)         0.000    11.699    u_fdpe/s2_result2__64_carry__1_n_0
                         CARRY4 (Prop_carry4_CI_CO[3])
                                                      0.117    11.816 r  u_fdpe/s2_result2__64_carry__2/CO[3]
                         net (fo=1, unplaced)         0.000    11.816    u_fdpe/s2_result2__64_carry__2_n_0
                         CARRY4 (Prop_carry4_CI_O[3])
                                                      0.331    12.147 r  u_fdpe/s2_result2__64_carry__3/O[3]
                         net (fo=3, unplaced)         0.636    12.783    u_fdpe/s2_result2__64_carry__3_n_4
                         LUT3 (Prop_lut3_I1_O)        0.307    13.090 r  u_fdpe/s2_result2__279_carry__3_i_3/O
                         net (fo=1, unplaced)         0.639    13.729    u_fdpe/s2_result2__279_carry__3_i_3_n_0
                         CARRY4 (Prop_carry4_DI[1]_O[3])
                                                      0.629    14.358 r  u_fdpe/s2_result2__279_carry__3/O[3]
                         net (fo=3, unplaced)         0.636    14.994    u_fdpe/s2_result2__279_carry__3_n_4
                         LUT3 (Prop_lut3_I1_O)        0.307    15.301 r  u_fdpe/s2_result2__364_carry__2_i_12/O
                         net (fo=2, unplaced)         0.460    15.761    u_fdpe/s2_result2__364_carry__2_i_12_n_0
                         LUT5 (Prop_lut5_I1_O)        0.124    15.885 r  u_fdpe/s2_result2__364_carry__3_i_4/O
                         net (fo=2, unplaced)         0.430    16.315    u_fdpe/s2_result2__364_carry__3_i_4_n_0
                         LUT6 (Prop_lut6_I0_O)        0.124    16.439 r  u_fdpe/s2_result2__364_carry__3_i_8/O
                         net (fo=1, unplaced)         0.000    16.439    u_fdpe/s2_result2__364_carry__3_i_8_n_0
                         CARRY4 (Prop_carry4_S[0]_CO[3])
                                                      0.513    16.952 r  u_fdpe/s2_result2__364_carry__3/CO[3]
                         net (fo=1, unplaced)         0.000    16.952    u_fdpe/s2_result2__364_carry__3_n_0
                         CARRY4 (Prop_carry4_CI_O[1])
                                                      0.337    17.289 r  u_fdpe/s2_result2__364_carry__4/O[1]
                         net (fo=3, unplaced)         0.629    17.918    u_fdpe/s2_result2__364_carry__4_n_6
                         LUT4 (Prop_lut4_I1_O)        0.306    18.224 r  u_fdpe/s2_result2__438_carry__6_i_7/O
                         net (fo=1, unplaced)         0.000    18.224    u_fdpe/s2_result2__438_carry__6_i_7_n_0
                         CARRY4 (Prop_carry4_S[1]_CO[3])
                                                      0.533    18.757 r  u_fdpe/s2_result2__438_carry__6/CO[3]
                         net (fo=1, unplaced)         0.918    19.675    u_fdpe/s2_result2__438_carry__6_n_0
                         LUT3 (Prop_lut3_I0_O)        0.124    19.799 r  u_fdpe/s2_result[15]_i_2/O
                         net (fo=16, unplaced)        0.503    20.302    u_fdpe/s2_result[15]_i_2_n_0
                         LUT6 (Prop_lut6_I1_O)        0.124    20.426 r  u_fdpe/s2_result[2]_i_1/O
                         net (fo=1, unplaced)         0.000    20.426    u_fdpe/s2_result[2]_i_1_n_0
                         FDCE                                         r  u_fdpe/s2_result_reg[2]/D
  -------------------------------------------------------------------    -------------------

                         (clock clk rise edge)       10.000    10.000 r  
                                                      0.000    10.000 r  clk (IN)
                         net (fo=0)                   0.000    10.000    clk
                         IBUF (Prop_ibuf_I_O)         0.811    10.811 r  clk_IBUF_inst/O
                         net (fo=1, unplaced)         0.760    11.570    clk_IBUF
                         BUFG (Prop_bufg_I_O)         0.091    11.661 r  clk_IBUF_BUFG_inst/O
                         net (fo=1104, unplaced)      0.439    12.100    u_fdpe/clk_IBUF_BUFG
                         FDCE                                         r  u_fdpe/s2_result_reg[2]/C
                         clock pessimism              0.178    12.279    
                         clock uncertainty           -0.035    12.243    
                         FDCE (Setup_fdce_C_D)        0.029    12.272    u_fdpe/s2_result_reg[2]
  -------------------------------------------------------------------
                         required time                         12.272    
                         arrival time                         -20.426    
  -------------------------------------------------------------------
                         slack                                 -8.154    

Slack (VIOLATED) :        -8.154ns  (required time - arrival time)
  Source:                 u_fdpe/s1_f_init_reg[15]/C
                            (rising edge-triggered cell FDCE clocked by clk  {rise@0.000ns fall@5.000ns period=10.000ns})
  Destination:            u_fdpe/s2_result_reg[3]/D
                            (rising edge-triggered cell FDCE clocked by clk  {rise@0.000ns fall@5.000ns period=10.000ns})
  Path Group:             clk
  Path Type:              Setup (Max at Slow Process Corner)
  Requirement:            10.000ns  (clk rise@10.000ns - clk rise@0.000ns)
  Data Path Delay:        18.002ns  (logic 10.746ns (59.692%)  route 7.256ns (40.308%))
  Logic Levels:           23  (CARRY4=14 DSP48E1=1 LUT2=1 LUT3=3 LUT4=1 LUT5=1 LUT6=2)
  Clock Path Skew:        -0.145ns (DCD - SCD + CPR)
    Destination Clock Delay (DCD):    2.100ns = ( 12.100 - 10.000 ) 
    Source Clock Delay      (SCD):    2.424ns
    Clock Pessimism Removal (CPR):    0.178ns
  Clock Uncertainty:      0.035ns  ((TSJ^2 + TIJ^2)^1/2 + DJ) / 2 + PE
    Total System Jitter     (TSJ):    0.071ns
    Total Input Jitter      (TIJ):    0.000ns
    Discrete Jitter          (DJ):    0.000ns
    Phase Error              (PE):    0.000ns

    Location             Delay type                Incr(ns)  Path(ns)    Netlist Resource(s)
  -------------------------------------------------------------------    -------------------
                         (clock clk rise edge)        0.000     0.000 r  
                                                      0.000     0.000 r  clk (IN)
                         net (fo=0)                   0.000     0.000    clk
                         IBUF (Prop_ibuf_I_O)         0.944     0.944 r  clk_IBUF_inst/O
                         net (fo=1, unplaced)         0.800     1.744    clk_IBUF
                         BUFG (Prop_bufg_I_O)         0.096     1.840 r  clk_IBUF_BUFG_inst/O
                         net (fo=1104, unplaced)      0.584     2.424    u_fdpe/clk_IBUF_BUFG
                         FDCE                                         r  u_fdpe/s1_f_init_reg[15]/C
  -------------------------------------------------------------------    -------------------
                         FDCE (Prop_fdce_C_Q)         0.456     2.880 r  u_fdpe/s1_f_init_reg[15]/Q
                         net (fo=1, unplaced)         0.800     3.679    u_fdpe/s1_f_init[15]
                         DSP48E1 (Prop_dsp48e1_A[15]_P[0])
                                                      4.016     7.695 r  u_fdpe/s2_result3/P[0]
                         net (fo=4, unplaced)         0.800     8.495    u_fdpe/s2_result3_n_105
                         LUT2 (Prop_lut2_I1_O)        0.124     8.619 r  u_fdpe/s2_result2_carry_i_3/O
                         net (fo=1, unplaced)         0.000     8.619    u_fdpe/s2_result2_carry_i_3_n_0
                         CARRY4 (Prop_carry4_S[1]_CO[3])
                                                      0.533     9.152 r  u_fdpe/s2_result2_carry/CO[3]
                         net (fo=1, unplaced)         0.009     9.161    u_fdpe/s2_result2_carry_n_0
                         CARRY4 (Prop_carry4_CI_CO[3])
                                                      0.117     9.278 r  u_fdpe/s2_result2_carry__0/CO[3]
                         net (fo=1, unplaced)         0.000     9.278    u_fdpe/s2_result2_carry__0_n_0
                         CARRY4 (Prop_carry4_CI_CO[3])
                                                      0.117     9.395 r  u_fdpe/s2_result2_carry__1/CO[3]
                         net (fo=1, unplaced)         0.000     9.395    u_fdpe/s2_result2_carry__1_n_0
                         CARRY4 (Prop_carry4_CI_CO[3])
                                                      0.117     9.512 r  u_fdpe/s2_result2_carry__2/CO[3]
                         net (fo=1, unplaced)         0.000     9.512    u_fdpe/s2_result2_carry__2_n_0
                         CARRY4 (Prop_carry4_CI_O[1])
                                                      0.337     9.849 r  u_fdpe/s2_result2_carry__3/O[1]
                         net (fo=32, unplaced)        0.788    10.637    u_fdpe/s2_result2_carry__3_n_6
                         CARRY4 (Prop_carry4_S[0]_CO[3])
                                                      0.819    11.456 r  u_fdpe/s2_result2__64_carry/CO[3]
                         net (fo=1, unplaced)         0.009    11.465    u_fdpe/s2_result2__64_carry_n_0
                         CARRY4 (Prop_carry4_CI_CO[3])
                                                      0.117    11.582 r  u_fdpe/s2_result2__64_carry__0/CO[3]
                         net (fo=1, unplaced)         0.000    11.582    u_fdpe/s2_result2__64_carry__0_n_0
                         CARRY4 (Prop_carry4_CI_CO[3])
                                                      0.117    11.699 r  u_fdpe/s2_result2__64_carry__1/CO[3]
                         net (fo=1, unplaced)         0.000    11.699    u_fdpe/s2_result2__64_carry__1_n_0
                         CARRY4 (Prop_carry4_CI_CO[3])
                                                      0.117    11.816 r  u_fdpe/s2_result2__64_carry__2/CO[3]
                         net (fo=1, unplaced)         0.000    11.816    u_fdpe/s2_result2__64_carry__2_n_0
                         CARRY4 (Prop_carry4_CI_O[3])
                                                      0.331    12.147 r  u_fdpe/s2_result2__64_carry__3/O[3]
                         net (fo=3, unplaced)         0.636    12.783    u_fdpe/s2_result2__64_carry__3_n_4
                         LUT3 (Prop_lut3_I1_O)        0.307    13.090 r  u_fdpe/s2_result2__279_carry__3_i_3/O
                         net (fo=1, unplaced)         0.639    13.729    u_fdpe/s2_result2__279_carry__3_i_3_n_0
                         CARRY4 (Prop_carry4_DI[1]_O[3])
                                                      0.629    14.358 r  u_fdpe/s2_result2__279_carry__3/O[3]
                         net (fo=3, unplaced)         0.636    14.994    u_fdpe/s2_result2__279_carry__3_n_4
                         LUT3 (Prop_lut3_I1_O)        0.307    15.301 r  u_fdpe/s2_result2__364_carry__2_i_12/O
                         net (fo=2, unplaced)         0.460    15.761    u_fdpe/s2_result2__364_carry__2_i_12_n_0
                         LUT5 (Prop_lut5_I1_O)        0.124    15.885 r  u_fdpe/s2_result2__364_carry__3_i_4/O
                         net (fo=2, unplaced)         0.430    16.315    u_fdpe/s2_result2__364_carry__3_i_4_n_0
                         LUT6 (Prop_lut6_I0_O)        0.124    16.439 r  u_fdpe/s2_result2__364_carry__3_i_8/O
                         net (fo=1, unplaced)         0.000    16.439    u_fdpe/s2_result2__364_carry__3_i_8_n_0
                         CARRY4 (Prop_carry4_S[0]_CO[3])
                                                      0.513    16.952 r  u_fdpe/s2_result2__364_carry__3/CO[3]
                         net (fo=1, unplaced)         0.000    16.952    u_fdpe/s2_result2__364_carry__3_n_0
                         CARRY4 (Prop_carry4_CI_O[1])
                                                      0.337    17.289 r  u_fdpe/s2_result2__364_carry__4/O[1]
                         net (fo=3, unplaced)         0.629    17.918    u_fdpe/s2_result2__364_carry__4_n_6
                         LUT4 (Prop_lut4_I1_O)        0.306    18.224 r  u_fdpe/s2_result2__438_carry__6_i_7/O
                         net (fo=1, unplaced)         0.000    18.224    u_fdpe/s2_result2__438_carry__6_i_7_n_0
                         CARRY4 (Prop_carry4_S[1]_CO[3])
                                                      0.533    18.757 r  u_fdpe/s2_result2__438_carry__6/CO[3]
                         net (fo=1, unplaced)         0.918    19.675    u_fdpe/s2_result2__438_carry__6_n_0
                         LUT3 (Prop_lut3_I0_O)        0.124    19.799 r  u_fdpe/s2_result[15]_i_2/O
                         net (fo=16, unplaced)        0.503    20.302    u_fdpe/s2_result[15]_i_2_n_0
                         LUT6 (Prop_lut6_I1_O)        0.124    20.426 r  u_fdpe/s2_result[3]_i_1/O
                         net (fo=1, unplaced)         0.000    20.426    u_fdpe/s2_result[3]_i_1_n_0
                         FDCE                                         r  u_fdpe/s2_result_reg[3]/D
  -------------------------------------------------------------------    -------------------

                         (clock clk rise edge)       10.000    10.000 r  
                                                      0.000    10.000 r  clk (IN)
                         net (fo=0)                   0.000    10.000    clk
                         IBUF (Prop_ibuf_I_O)         0.811    10.811 r  clk_IBUF_inst/O
                         net (fo=1, unplaced)         0.760    11.570    clk_IBUF
                         BUFG (Prop_bufg_I_O)         0.091    11.661 r  clk_IBUF_BUFG_inst/O
                         net (fo=1104, unplaced)      0.439    12.100    u_fdpe/clk_IBUF_BUFG
                         FDCE                                         r  u_fdpe/s2_result_reg[3]/C
                         clock pessimism              0.178    12.279    
                         clock uncertainty           -0.035    12.243    
                         FDCE (Setup_fdce_C_D)        0.029    12.272    u_fdpe/s2_result_reg[3]
  -------------------------------------------------------------------
                         required time                         12.272    
                         arrival time                         -20.426    
  -------------------------------------------------------------------
                         slack                                 -8.154    




