Copyright 1986-2022 Xilinx, Inc. All Rights Reserved. Copyright 2022-2024 Advanced Micro Devices, Inc. All Rights Reserved.
---------------------------------------------------------------------------------------------------------------------------------------------
| Tool Version : Vivado v.2024.2 (lin64) Build 5239630 Fri Nov 08 22:34:34 MST 2024
| Date         : Sun Mar 15 07:23:04 2026
| Host         : Shahriars-Unix running 64-bit Ubuntu 24.04.3 LTS
| Command      : report_timing_summary -file results/phase9a/skag_mem_bram_timing_summary.rpt
| Design       : skag_mem_bram
| Device       : 7a200t-fbg484
| Speed File   : -1  PRODUCTION 1.23 2018-06-13
| Design State : Synthesized
---------------------------------------------------------------------------------------------------------------------------------------------

Timing Summary Report

------------------------------------------------------------------------------------------------
| Timer Settings
| --------------
------------------------------------------------------------------------------------------------

  Enable Multi Corner Analysis               :  Yes
  Enable Pessimism Removal                   :  Yes
  Pessimism Removal Resolution               :  Nearest Common Node
  Enable Input Delay Default Clock           :  No
  Enable Preset / Clear Arcs                 :  No
  Disable Flight Delays                      :  No
  Ignore I/O Paths                           :  No
  Timing Early Launch at Borrowing Latches   :  No
  Borrow Time for Max Delay Exceptions       :  Yes
  Merge Timing Exceptions                    :  Yes
  Inter-SLR Compensation                     :  Conservative

  Corner  Analyze    Analyze    
  Name    Max Paths  Min Paths  
  ------  ---------  ---------  
  Slow    Yes        Yes        
  Fast    Yes        Yes        


------------------------------------------------------------------------------------------------
| Report Methodology
| ------------------
------------------------------------------------------------------------------------------------

No report available as report_methodology has not been run prior. Run report_methodology on the current design for the summary of methodology violations.



check_timing report

Table of Contents
-----------------
1. checking no_clock (0)
2. checking constant_clock (0)
3. checking pulse_width_clock (0)
4. checking unconstrained_internal_endpoints (0)
5. checking no_input_delay (184)
6. checking no_output_delay (130)
7. checking multiple_clock (0)
8. checking generated_clocks (0)
9. checking loops (0)
10. checking partial_input_delay (0)
11. checking partial_output_delay (0)
12. checking latch_loops (0)

1. checking no_clock (0)
------------------------
 There are 0 register/latch pins with no clock.


2. checking constant_clock (0)
------------------------------
 There are 0 register/latch pins with constant_clock.


3. checking pulse_width_clock (0)
---------------------------------
 There are 0 register/latch pins which need pulse_width check


4. checking unconstrained_internal_endpoints (0)
------------------------------------------------
 There are 0 pins that are not constrained for maximum delay.

 There are 0 pins that are not constrained for maximum delay due to constant clock.


5. checking no_input_delay (184)
--------------------------------
 There are 184 input ports with no input delay specified. (HIGH)

 There are 0 input ports with no input delay but user has a false path constraint.


6. checking no_output_delay (130)
---------------------------------
 There are 130 ports with no output delay specified. (HIGH)

 There are 0 ports with no output delay but user has a false path constraint

 There are 0 ports with no output delay but with a timing clock defined on it or propagating through it


7. checking multiple_clock (0)
------------------------------
 There are 0 register/latch pins with multiple clocks.


8. checking generated_clocks (0)
--------------------------------
 There are 0 generated clocks that are not connected to a clock source.


9. checking loops (0)
---------------------
 There are 0 combinational loops in the design.


10. checking partial_input_delay (0)
------------------------------------
 There are 0 input ports with partial input delay specified.


11. checking partial_output_delay (0)
-------------------------------------
 There are 0 ports with partial output delay specified.


12. checking latch_loops (0)
----------------------------
 There are 0 combinational latch loops in the design through latch input



------------------------------------------------------------------------------------------------
| Design Timing Summary
| ---------------------
------------------------------------------------------------------------------------------------

    WNS(ns)      TNS(ns)  TNS Failing Endpoints  TNS Total Endpoints      WHS(ns)      THS(ns)  THS Failing Endpoints  THS Total Endpoints     WPWS(ns)     TPWS(ns)  TPWS Failing Endpoints  TPWS Total Endpoints  
    -------      -------  ---------------------  -------------------      -------      -------  ---------------------  -------------------     --------     --------  ----------------------  --------------------  
    -72.575    -4644.798                     64                  486        0.262        0.000                      0                  486        4.500        0.000                       0                   327  


Timing constraints are not met.


------------------------------------------------------------------------------------------------
| Clock Summary
| -------------
------------------------------------------------------------------------------------------------

Clock  Waveform(ns)       Period(ns)      Frequency(MHz)
-----  ------------       ----------      --------------
clk    {0.000 5.000}      10.000          100.000         


------------------------------------------------------------------------------------------------
| Intra Clock Table
| -----------------
------------------------------------------------------------------------------------------------

Clock             WNS(ns)      TNS(ns)  TNS Failing Endpoints  TNS Total Endpoints      WHS(ns)      THS(ns)  THS Failing Endpoints  THS Total Endpoints     WPWS(ns)     TPWS(ns)  TPWS Failing Endpoints  TPWS Total Endpoints  
-----             -------      -------  ---------------------  -------------------      -------      -------  ---------------------  -------------------     --------     --------  ----------------------  --------------------  
clk               -72.575    -4644.798                     64                  486        0.262        0.000                      0                  486        4.500        0.000                       0                   327  


------------------------------------------------------------------------------------------------
| Inter Clock Table
| -----------------
------------------------------------------------------------------------------------------------

From Clock    To Clock          WNS(ns)      TNS(ns)  TNS Failing Endpoints  TNS Total Endpoints      WHS(ns)      THS(ns)  THS Failing Endpoints  THS Total Endpoints  
----------    --------          -------      -------  ---------------------  -------------------      -------      -------  ---------------------  -------------------  


------------------------------------------------------------------------------------------------
| Other Path Groups Table
| -----------------------
------------------------------------------------------------------------------------------------

Path Group    From Clock    To Clock          WNS(ns)      TNS(ns)  TNS Failing Endpoints  TNS Total Endpoints      WHS(ns)      THS(ns)  THS Failing Endpoints  THS Total Endpoints  
----------    ----------    --------          -------      -------  ---------------------  -------------------      -------      -------  ---------------------  -------------------  


------------------------------------------------------------------------------------------------
| Timing Details
| --------------
------------------------------------------------------------------------------------------------


---------------------------------------------------------------------------------------------------
From Clock:  clk
  To Clock:  clk

Setup :           64  Failing Endpoints,  Worst Slack      -72.575ns,  Total Violation    -4644.798ns
Hold  :            0  Failing Endpoints,  Worst Slack        0.262ns,  Total Violation        0.000ns
PW    :            0  Failing Endpoints,  Worst Slack        4.500ns,  Total Violation        0.000ns
---------------------------------------------------------------------------------------------------


Max Delay Paths
--------------------------------------------------------------------------------------
Slack (VIOLATED) :        -72.575ns  (required time - arrival time)
  Source:                 fdpe_s0_fidelity_reg[0]/C
                            (rising edge-triggered cell FDCE clocked by clk  {rise@0.000ns fall@5.000ns period=10.000ns})
  Destination:            fdpe_s1_new_weight_reg[0]/D
                            (rising edge-triggered cell FDPE clocked by clk  {rise@0.000ns fall@5.000ns period=10.000ns})
  Path Group:             clk
  Path Type:              Setup (Max at Slow Process Corner)
  Requirement:            10.000ns  (clk rise@10.000ns - clk rise@0.000ns)
  Data Path Delay:        82.520ns  (logic 56.804ns (68.837%)  route 25.716ns (31.163%))
  Logic Levels:           216  (CARRY4=210 LUT2=1 LUT3=1 LUT4=1 LUT5=1 LUT6=2)
  Clock Path Skew:        -0.049ns (DCD - SCD + CPR)
    Destination Clock Delay (DCD):    0.924ns = ( 10.924 - 10.000 ) 
    Source Clock Delay      (SCD):    0.973ns
    Clock Pessimism Removal (CPR):    0.000ns
  Clock Uncertainty:      0.035ns  ((TSJ^2 + TIJ^2)^1/2 + DJ) / 2 + PE
    Total System Jitter     (TSJ):    0.071ns
    Total Input Jitter      (TIJ):    0.000ns
    Discrete Jitter          (DJ):    0.000ns
    Phase Error              (PE):    0.000ns

    Location             Delay type                Incr(ns)  Path(ns)    Netlist Resource(s)
  -------------------------------------------------------------------    -------------------
                         (clock clk rise edge)        0.000     0.000 r  
                                                      0.000     0.000 r  clk (IN)
                         net (fo=326, unset)          0.973     0.973    clk
                         FDCE                                         r  fdpe_s0_fidelity_reg[0]/C
  -------------------------------------------------------------------    -------------------
                         FDCE (Prop_fdce_C_Q)         0.456     1.429 r  fdpe_s0_fidelity_reg[0]/Q
                         net (fo=66, unplaced)        0.559     1.988    fdpe_s0_fidelity[0]
                         LUT2 (Prop_lut2_I0_O)        0.295     2.283 r  fdpe_s1_new_weight[31]_i_419/O
                         net (fo=1, unplaced)         0.000     2.283    fdpe_s1_new_weight[31]_i_419_n_0
                         CARRY4 (Prop_carry4_S[0]_CO[3])
                                                      0.513     2.796 r  fdpe_s1_new_weight_reg[31]_i_317/CO[3]
                         net (fo=1, unplaced)         0.009     2.805    fdpe_s1_new_weight_reg[31]_i_317_n_0
                         CARRY4 (Prop_carry4_CI_CO[3])
                                                      0.117     2.922 r  fdpe_s1_new_weight_reg[31]_i_312/CO[3]
                         net (fo=1, unplaced)         0.000     2.922    fdpe_s1_new_weight_reg[31]_i_312_n_0
                         CARRY4 (Prop_carry4_CI_CO[3])
                                                      0.117     3.039 r  fdpe_s1_new_weight_reg[31]_i_214/CO[3]
                         net (fo=1, unplaced)         0.000     3.039    fdpe_s1_new_weight_reg[31]_i_214_n_0
                         CARRY4 (Prop_carry4_CI_CO[3])
                                                      0.117     3.156 r  fdpe_s1_new_weight_reg[31]_i_118/CO[3]
                         net (fo=1, unplaced)         0.000     3.156    fdpe_s1_new_weight_reg[31]_i_118_n_0
                         CARRY4 (Prop_carry4_CI_CO[0])
                                                      0.281     3.437 r  fdpe_s1_new_weight_reg[31]_i_58/CO[0]
                         net (fo=20, unplaced)        0.371     3.808    fdpe_s1_new_weight_reg[31]_i_58_n_3
                         LUT3 (Prop_lut3_I0_O)        0.367     4.175 r  fdpe_s1_new_weight[31]_i_404/O
                         net (fo=1, unplaced)         0.000     4.175    fdpe_s1_new_weight[31]_i_404_n_0
                         CARRY4 (Prop_carry4_S[1]_CO[3])
                                                      0.533     4.708 r  fdpe_s1_new_weight_reg[31]_i_307/CO[3]
                         net (fo=1, unplaced)         0.009     4.717    fdpe_s1_new_weight_reg[31]_i_307_n_0
                         CARRY4 (Prop_carry4_CI_CO[3])
                                                      0.117     4.834 r  fdpe_s1_new_weight_reg[31]_i_209/CO[3]
                         net (fo=1, unplaced)         0.000     4.834    fdpe_s1_new_weight_reg[31]_i_209_n_0
                         CARRY4 (Prop_carry4_CI_CO[3])
                                                      0.117     4.951 r  fdpe_s1_new_weight_reg[31]_i_204/CO[3]
                         net (fo=1, unplaced)         0.000     4.951    fdpe_s1_new_weight_reg[31]_i_204_n_0
                         CARRY4 (Prop_carry4_CI_CO[3])
                                                      0.117     5.068 r  fdpe_s1_new_weight_reg[31]_i_119/CO[3]
                         net (fo=1, unplaced)         0.000     5.068    fdpe_s1_new_weight_reg[31]_i_119_n_0
                         CARRY4 (Prop_carry4_CI_CO[1])
                                                      0.179     5.247 r  fdpe_s1_new_weight_reg[31]_i_59/CO[1]
                         net (fo=20, unplaced)        0.585     5.832    fdpe_s1_new_weight_reg[31]_i_59_n_2
                         CARRY4 (Prop_carry4_CYINIT_CO[3])
                                                      0.803     6.635 r  fdpe_s1_new_weight_reg[31]_i_302/CO[3]
                         net (fo=1, unplaced)         0.009     6.644    fdpe_s1_new_weight_reg[31]_i_302_n_0
                         CARRY4 (Prop_carry4_CI_CO[3])
                                                      0.117     6.761 r  fdpe_s1_new_weight_reg[31]_i_199/CO[3]
                         net (fo=1, unplaced)         0.000     6.761    fdpe_s1_new_weight_reg[31]_i_199_n_0
                         CARRY4 (Prop_carry4_CI_CO[3])
                                                      0.117     6.878 r  fdpe_s1_new_weight_reg[31]_i_109/CO[3]
                         net (fo=1, unplaced)         0.000     6.878    fdpe_s1_new_weight_reg[31]_i_109_n_0
                         CARRY4 (Prop_carry4_CI_CO[3])
                                                      0.117     6.995 r  fdpe_s1_new_weight_reg[31]_i_106/CO[3]
                         net (fo=1, unplaced)         0.000     6.995    fdpe_s1_new_weight_reg[31]_i_106_n_0
                         CARRY4 (Prop_carry4_CI_CO[1])
                                                      0.179     7.174 r  fdpe_s1_new_weight_reg[31]_i_60/CO[1]
                         net (fo=20, unplaced)        0.585     7.759    fdpe_s1_new_weight_reg[31]_i_60_n_2
                         CARRY4 (Prop_carry4_CYINIT_CO[3])
                                                      0.803     8.562 r  fdpe_s1_new_weight_reg[31]_i_297/CO[3]
                         net (fo=1, unplaced)         0.009     8.571    fdpe_s1_new_weight_reg[31]_i_297_n_0
                         CARRY4 (Prop_carry4_CI_CO[3])
                                                      0.117     8.688 r  fdpe_s1_new_weight_reg[31]_i_194/CO[3]
                         net (fo=1, unplaced)         0.000     8.688    fdpe_s1_new_weight_reg[31]_i_194_n_0
                         CARRY4 (Prop_carry4_CI_CO[3])
                                                      0.117     8.805 r  fdpe_s1_new_weight_reg[31]_i_101/CO[3]
                         net (fo=1, unplaced)         0.000     8.805    fdpe_s1_new_weight_reg[31]_i_101_n_0
                         CARRY4 (Prop_carry4_CI_CO[3])
                                                      0.117     8.922 r  fdpe_s1_new_weight_reg[31]_i_50/CO[3]
                         net (fo=1, unplaced)         0.000     8.922    fdpe_s1_new_weight_reg[31]_i_50_n_0
                         CARRY4 (Prop_carry4_CI_CO[1])
                                                      0.179     9.101 r  fdpe_s1_new_weight_reg[31]_i_49/CO[1]
                         net (fo=20, unplaced)        0.585     9.686    fdpe_s1_new_weight_reg[31]_i_49_n_2
                         CARRY4 (Prop_carry4_CYINIT_CO[3])
                                                      0.803    10.489 r  fdpe_s1_new_weight_reg[31]_i_292/CO[3]
                         net (fo=1, unplaced)         0.009    10.498    fdpe_s1_new_weight_reg[31]_i_292_n_0
                         CARRY4 (Prop_carry4_CI_CO[3])
                                                      0.117    10.615 r  fdpe_s1_new_weight_reg[31]_i_189/CO[3]
                         net (fo=1, unplaced)         0.000    10.615    fdpe_s1_new_weight_reg[31]_i_189_n_0
                         CARRY4 (Prop_carry4_CI_CO[3])
                                                      0.117    10.732 r  fdpe_s1_new_weight_reg[31]_i_100/CO[3]
                         net (fo=1, unplaced)         0.000    10.732    fdpe_s1_new_weight_reg[31]_i_100_n_0
                         CARRY4 (Prop_carry4_CI_CO[3])
                                                      0.117    10.849 r  fdpe_s1_new_weight_reg[31]_i_48/CO[3]
                         net (fo=1, unplaced)         0.000    10.849    fdpe_s1_new_weight_reg[31]_i_48_n_0
                         CARRY4 (Prop_carry4_CI_CO[1])
                                                      0.179    11.028 r  fdpe_s1_new_weight_reg[31]_i_29/CO[1]
                         net (fo=20, unplaced)        0.585    11.613    fdpe_s1_new_weight_reg[31]_i_29_n_2
                         CARRY4 (Prop_carry4_CYINIT_CO[3])
                                                      0.803    12.416 r  fdpe_s1_new_weight_reg[31]_i_287/CO[3]
                         net (fo=1, unplaced)         0.009    12.425    fdpe_s1_new_weight_reg[31]_i_287_n_0
                         CARRY4 (Prop_carry4_CI_CO[3])
                                                      0.117    12.542 r  fdpe_s1_new_weight_reg[31]_i_184/CO[3]
                         net (fo=1, unplaced)         0.000    12.542    fdpe_s1_new_weight_reg[31]_i_184_n_0
                         CARRY4 (Prop_carry4_CI_CO[3])
                                                      0.117    12.659 r  fdpe_s1_new_weight_reg[31]_i_95/CO[3]
                         net (fo=1, unplaced)         0.000    12.659    fdpe_s1_new_weight_reg[31]_i_95_n_0
                         CARRY4 (Prop_carry4_CI_CO[3])
                                                      0.117    12.776 r  fdpe_s1_new_weight_reg[31]_i_53/CO[3]
                         net (fo=1, unplaced)         0.000    12.776    fdpe_s1_new_weight_reg[31]_i_53_n_0
                         CARRY4 (Prop_carry4_CI_CO[1])
                                                      0.179    12.955 r  fdpe_s1_new_weight_reg[31]_i_30/CO[1]
                         net (fo=20, unplaced)        0.585    13.540    fdpe_s1_new_weight_reg[31]_i_30_n_2
                         CARRY4 (Prop_carry4_CYINIT_CO[3])
                                                      0.803    14.343 r  fdpe_s1_new_weight_reg[31]_i_282/CO[3]
                         net (fo=1, unplaced)         0.009    14.352    fdpe_s1_new_weight_reg[31]_i_282_n_0
                         CARRY4 (Prop_carry4_CI_CO[3])
                                                      0.117    14.469 r  fdpe_s1_new_weight_reg[31]_i_179/CO[3]
                         net (fo=1, unplaced)         0.000    14.469    fdpe_s1_new_weight_reg[31]_i_179_n_0
                         CARRY4 (Prop_carry4_CI_CO[3])
                                                      0.117    14.586 r  fdpe_s1_new_weight_reg[31]_i_90/CO[3]
                         net (fo=1, unplaced)         0.000    14.586    fdpe_s1_new_weight_reg[31]_i_90_n_0
                         CARRY4 (Prop_carry4_CI_CO[3])
                                                      0.117    14.703 r  fdpe_s1_new_weight_reg[31]_i_45/CO[3]
                         net (fo=1, unplaced)         0.000    14.703    fdpe_s1_new_weight_reg[31]_i_45_n_0
                         CARRY4 (Prop_carry4_CI_CO[1])
                                                      0.179    14.882 r  fdpe_s1_new_weight_reg[31]_i_31/CO[1]
                         net (fo=20, unplaced)        0.585    15.467    fdpe_s1_new_weight_reg[31]_i_31_n_2
                         CARRY4 (Prop_carry4_CYINIT_CO[3])
                                                      0.803    16.270 r  fdpe_s1_new_weight_reg[31]_i_281/CO[3]
                         net (fo=1, unplaced)         0.009    16.279    fdpe_s1_new_weight_reg[31]_i_281_n_0
                         CARRY4 (Prop_carry4_CI_CO[3])
                                                      0.117    16.396 r  fdpe_s1_new_weight_reg[31]_i_178/CO[3]
                         net (fo=1, unplaced)         0.000    16.396    fdpe_s1_new_weight_reg[31]_i_178_n_0
                         CARRY4 (Prop_carry4_CI_CO[3])
                                                      0.117    16.513 r  fdpe_s1_new_weight_reg[31]_i_89/CO[3]
                         net (fo=1, unplaced)         0.000    16.513    fdpe_s1_new_weight_reg[31]_i_89_n_0
                         CARRY4 (Prop_carry4_CI_CO[3])
                                                      0.117    16.630 r  fdpe_s1_new_weight_reg[31]_i_44/CO[3]
                         net (fo=1, unplaced)         0.000    16.630    fdpe_s1_new_weight_reg[31]_i_44_n_0
                         CARRY4 (Prop_carry4_CI_CO[1])
                                                      0.179    16.809 r  fdpe_s1_new_weight_reg[31]_i_28/CO[1]
                         net (fo=21, unplaced)        0.586    17.395    fdpe_s1_new_weight_reg[31]_i_28_n_2
                         CARRY4 (Prop_carry4_CYINIT_CO[3])
                                                      0.803    18.198 r  fdpe_s1_new_weight_reg[31]_i_331/CO[3]
                         net (fo=1, unplaced)         0.009    18.207    fdpe_s1_new_weight_reg[31]_i_331_n_0
                         CARRY4 (Prop_carry4_CI_CO[3])
                                                      0.117    18.324 r  fdpe_s1_new_weight_reg[31]_i_228/CO[3]
                         net (fo=1, unplaced)         0.000    18.324    fdpe_s1_new_weight_reg[31]_i_228_n_0
                         CARRY4 (Prop_carry4_CI_CO[3])
                                                      0.117    18.441 r  fdpe_s1_new_weight_reg[31]_i_125/CO[3]
                         net (fo=1, unplaced)         0.000    18.441    fdpe_s1_new_weight_reg[31]_i_125_n_0
                         CARRY4 (Prop_carry4_CI_CO[3])
                                                      0.117    18.558 r  fdpe_s1_new_weight_reg[31]_i_62/CO[3]
                         net (fo=1, unplaced)         0.000    18.558    fdpe_s1_new_weight_reg[31]_i_62_n_0
                         CARRY4 (Prop_carry4_CI_CO[1])
                                                      0.179    18.737 r  fdpe_s1_new_weight_reg[31]_i_42/CO[1]
                         net (fo=21, unplaced)        0.586    19.323    fdpe_s1_new_weight_reg[31]_i_42_n_2
                         CARRY4 (Prop_carry4_CYINIT_CO[3])
                                                      0.803    20.126 r  fdpe_s1_new_weight_reg[31]_i_330/CO[3]
                         net (fo=1, unplaced)         0.009    20.135    fdpe_s1_new_weight_reg[31]_i_330_n_0
                         CARRY4 (Prop_carry4_CI_CO[3])
                                                      0.117    20.252 r  fdpe_s1_new_weight_reg[31]_i_227/CO[3]
                         net (fo=1, unplaced)         0.000    20.252    fdpe_s1_new_weight_reg[31]_i_227_n_0
                         CARRY4 (Prop_carry4_CI_CO[3])
                                                      0.117    20.369 r  fdpe_s1_new_weight_reg[31]_i_124/CO[3]
                         net (fo=1, unplaced)         0.000    20.369    fdpe_s1_new_weight_reg[31]_i_124_n_0
                         CARRY4 (Prop_carry4_CI_CO[3])
                                                      0.117    20.486 r  fdpe_s1_new_weight_reg[31]_i_61/CO[3]
                         net (fo=1, unplaced)         0.000    20.486    fdpe_s1_new_weight_reg[31]_i_61_n_0
                         CARRY4 (Prop_carry4_CI_CO[1])
                                                      0.179    20.665 r  fdpe_s1_new_weight_reg[31]_i_34/CO[1]
                         net (fo=22, unplaced)        0.587    21.252    fdpe_s1_new_weight_reg[31]_i_34_n_2
                         CARRY4 (Prop_carry4_CYINIT_CO[3])
                                                      0.803    22.055 r  fdpe_s1_new_weight_reg[31]_i_354/CO[3]
                         net (fo=1, unplaced)         0.009    22.064    fdpe_s1_new_weight_reg[31]_i_354_n_0
                         CARRY4 (Prop_carry4_CI_CO[3])
                                                      0.117    22.181 r  fdpe_s1_new_weight_reg[31]_i_251/CO[3]
                         net (fo=1, unplaced)         0.000    22.181    fdpe_s1_new_weight_reg[31]_i_251_n_0
                         CARRY4 (Prop_carry4_CI_CO[3])
                                                      0.117    22.298 r  fdpe_s1_new_weight_reg[31]_i_148/CO[3]
                         net (fo=1, unplaced)         0.000    22.298    fdpe_s1_new_weight_reg[31]_i_148_n_0
                         CARRY4 (Prop_carry4_CI_CO[3])
                                                      0.117    22.415 r  fdpe_s1_new_weight_reg[31]_i_69/CO[3]
                         net (fo=1, unplaced)         0.000    22.415    fdpe_s1_new_weight_reg[31]_i_69_n_0
                         CARRY4 (Prop_carry4_CI_CO[1])
                                                      0.179    22.594 r  fdpe_s1_new_weight_reg[31]_i_36/CO[1]
                         net (fo=22, unplaced)        0.587    23.181    fdpe_s1_new_weight_reg[31]_i_36_n_2
                         CARRY4 (Prop_carry4_CYINIT_CO[3])
                                                      0.803    23.984 r  fdpe_s1_new_weight_reg[31]_i_364/CO[3]
                         net (fo=1, unplaced)         0.009    23.993    fdpe_s1_new_weight_reg[31]_i_364_n_0
                         CARRY4 (Prop_carry4_CI_CO[3])
                                                      0.117    24.110 r  fdpe_s1_new_weight_reg[31]_i_261/CO[3]
                         net (fo=1, unplaced)         0.000    24.110    fdpe_s1_new_weight_reg[31]_i_261_n_0
                         CARRY4 (Prop_carry4_CI_CO[3])
                                                      0.117    24.227 r  fdpe_s1_new_weight_reg[31]_i_158/CO[3]
                         net (fo=1, unplaced)         0.000    24.227    fdpe_s1_new_weight_reg[31]_i_158_n_0
                         CARRY4 (Prop_carry4_CI_CO[3])
                                                      0.117    24.344 r  fdpe_s1_new_weight_reg[31]_i_75/CO[3]
                         net (fo=1, unplaced)         0.000    24.344    fdpe_s1_new_weight_reg[31]_i_75_n_0
                         CARRY4 (Prop_carry4_CI_CO[1])
                                                      0.179    24.523 r  fdpe_s1_new_weight_reg[31]_i_38/CO[1]
                         net (fo=22, unplaced)        0.587    25.110    fdpe_s1_new_weight_reg[31]_i_38_n_2
                         CARRY4 (Prop_carry4_CYINIT_CO[3])
                                                      0.803    25.913 r  fdpe_s1_new_weight_reg[31]_i_374/CO[3]
                         net (fo=1, unplaced)         0.009    25.922    fdpe_s1_new_weight_reg[31]_i_374_n_0
                         CARRY4 (Prop_carry4_CI_CO[3])
                                                      0.117    26.039 r  fdpe_s1_new_weight_reg[31]_i_271/CO[3]
                         net (fo=1, unplaced)         0.000    26.039    fdpe_s1_new_weight_reg[31]_i_271_n_0
                         CARRY4 (Prop_carry4_CI_CO[3])
                                                      0.117    26.156 r  fdpe_s1_new_weight_reg[31]_i_168/CO[3]
                         net (fo=1, unplaced)         0.000    26.156    fdpe_s1_new_weight_reg[31]_i_168_n_0
                         CARRY4 (Prop_carry4_CI_CO[3])
                                                      0.117    26.273 r  fdpe_s1_new_weight_reg[31]_i_81/CO[3]
                         net (fo=1, unplaced)         0.000    26.273    fdpe_s1_new_weight_reg[31]_i_81_n_0
                         CARRY4 (Prop_carry4_CI_CO[1])
                                                      0.179    26.452 r  fdpe_s1_new_weight_reg[31]_i_40/CO[1]
                         net (fo=22, unplaced)        0.587    27.039    fdpe_s1_new_weight_reg[31]_i_40_n_2
                         CARRY4 (Prop_carry4_CYINIT_CO[3])
                                                      0.803    27.842 r  fdpe_s1_new_weight_reg[27]_i_173/CO[3]
                         net (fo=1, unplaced)         0.009    27.851    fdpe_s1_new_weight_reg[27]_i_173_n_0
                         CARRY4 (Prop_carry4_CI_CO[3])
                                                      0.117    27.968 r  fdpe_s1_new_weight_reg[27]_i_114/CO[3]
                         net (fo=1, unplaced)         0.000    27.968    fdpe_s1_new_weight_reg[27]_i_114_n_0
                         CARRY4 (Prop_carry4_CI_CO[3])
                                                      0.117    28.085 r  fdpe_s1_new_weight_reg[27]_i_55/CO[3]
                         net (fo=1, unplaced)         0.000    28.085    fdpe_s1_new_weight_reg[27]_i_55_n_0
                         CARRY4 (Prop_carry4_CI_CO[3])
                                                      0.117    28.202 r  fdpe_s1_new_weight_reg[27]_i_24/CO[3]
                         net (fo=1, unplaced)         0.000    28.202    fdpe_s1_new_weight_reg[27]_i_24_n_0
                         CARRY4 (Prop_carry4_CI_CO[1])
                                                      0.179    28.381 r  fdpe_s1_new_weight_reg[27]_i_11/CO[1]
                         net (fo=22, unplaced)        0.587    28.968    fdpe_s1_new_weight_reg[27]_i_11_n_2
                         CARRY4 (Prop_carry4_CYINIT_CO[3])
                                                      0.803    29.771 r  fdpe_s1_new_weight_reg[27]_i_183/CO[3]
                         net (fo=1, unplaced)         0.009    29.780    fdpe_s1_new_weight_reg[27]_i_183_n_0
                         CARRY4 (Prop_carry4_CI_CO[3])
                                                      0.117    29.897 r  fdpe_s1_new_weight_reg[27]_i_124/CO[3]
                         net (fo=1, unplaced)         0.000    29.897    fdpe_s1_new_weight_reg[27]_i_124_n_0
                         CARRY4 (Prop_carry4_CI_CO[3])
                                                      0.117    30.014 r  fdpe_s1_new_weight_reg[27]_i_65/CO[3]
                         net (fo=1, unplaced)         0.000    30.014    fdpe_s1_new_weight_reg[27]_i_65_n_0
                         CARRY4 (Prop_carry4_CI_CO[3])
                                                      0.117    30.131 r  fdpe_s1_new_weight_reg[27]_i_30/CO[3]
                         net (fo=1, unplaced)         0.000    30.131    fdpe_s1_new_weight_reg[27]_i_30_n_0
                         CARRY4 (Prop_carry4_CI_CO[1])
                                                      0.179    30.310 r  fdpe_s1_new_weight_reg[27]_i_13/CO[1]
                         net (fo=22, unplaced)        0.587    30.897    fdpe_s1_new_weight_reg[27]_i_13_n_2
                         CARRY4 (Prop_carry4_CYINIT_CO[3])
                                                      0.803    31.700 r  fdpe_s1_new_weight_reg[27]_i_204/CO[3]
                         net (fo=1, unplaced)         0.009    31.709    fdpe_s1_new_weight_reg[27]_i_204_n_0
                         CARRY4 (Prop_carry4_CI_CO[3])
                                                      0.117    31.826 r  fdpe_s1_new_weight_reg[27]_i_145/CO[3]
                         net (fo=1, unplaced)         0.000    31.826    fdpe_s1_new_weight_reg[27]_i_145_n_0
                         CARRY4 (Prop_carry4_CI_CO[3])
                                                      0.117    31.943 r  fdpe_s1_new_weight_reg[27]_i_86/CO[3]
                         net (fo=1, unplaced)         0.000    31.943    fdpe_s1_new_weight_reg[27]_i_86_n_0
                         CARRY4 (Prop_carry4_CI_CO[3])
                                                      0.117    32.060 r  fdpe_s1_new_weight_reg[27]_i_41/CO[3]
                         net (fo=1, unplaced)         0.000    32.060    fdpe_s1_new_weight_reg[27]_i_41_n_0
                         CARRY4 (Prop_carry4_CI_CO[1])
                                                      0.179    32.239 r  fdpe_s1_new_weight_reg[27]_i_17/CO[1]
                         net (fo=23, unplaced)        0.588    32.827    fdpe_s1_new_weight_reg[27]_i_17_n_2
                         CARRY4 (Prop_carry4_CYINIT_CO[3])
                                                      0.803    33.630 r  fdpe_s1_new_weight_reg[27]_i_203/CO[3]
                         net (fo=1, unplaced)         0.009    33.639    fdpe_s1_new_weight_reg[27]_i_203_n_0
                         CARRY4 (Prop_carry4_CI_CO[3])
                                                      0.117    33.756 r  fdpe_s1_new_weight_reg[27]_i_144/CO[3]
                         net (fo=1, unplaced)         0.000    33.756    fdpe_s1_new_weight_reg[27]_i_144_n_0
                         CARRY4 (Prop_carry4_CI_CO[3])
                                                      0.117    33.873 r  fdpe_s1_new_weight_reg[27]_i_85/CO[3]
                         net (fo=1, unplaced)         0.000    33.873    fdpe_s1_new_weight_reg[27]_i_85_n_0
                         CARRY4 (Prop_carry4_CI_CO[3])
                                                      0.117    33.990 r  fdpe_s1_new_weight_reg[27]_i_40/CO[3]
                         net (fo=1, unplaced)         0.000    33.990    fdpe_s1_new_weight_reg[27]_i_40_n_0
                         CARRY4 (Prop_carry4_CI_CO[1])
                                                      0.179    34.169 r  fdpe_s1_new_weight_reg[27]_i_16/CO[1]
                         net (fo=24, unplaced)        0.589    34.758    fdpe_s1_new_weight_reg[27]_i_16_n_2
                         CARRY4 (Prop_carry4_CYINIT_CO[3])
                                                      0.803    35.561 r  fdpe_s1_new_weight_reg[27]_i_218/CO[3]
                         net (fo=1, unplaced)         0.009    35.570    fdpe_s1_new_weight_reg[27]_i_218_n_0
                         CARRY4 (Prop_carry4_CI_CO[3])
                                                      0.117    35.687 r  fdpe_s1_new_weight_reg[27]_i_159/CO[3]
                         net (fo=1, unplaced)         0.000    35.687    fdpe_s1_new_weight_reg[27]_i_159_n_0
                         CARRY4 (Prop_carry4_CI_CO[3])
                                                      0.117    35.804 r  fdpe_s1_new_weight_reg[27]_i_100/CO[3]
                         net (fo=1, unplaced)         0.000    35.804    fdpe_s1_new_weight_reg[27]_i_100_n_0
                         CARRY4 (Prop_carry4_CI_CO[3])
                                                      0.117    35.921 r  fdpe_s1_new_weight_reg[27]_i_51/CO[3]
                         net (fo=1, unplaced)         0.000    35.921    fdpe_s1_new_weight_reg[27]_i_51_n_0
                         CARRY4 (Prop_carry4_CI_CO[1])
                                                      0.179    36.100 r  fdpe_s1_new_weight_reg[27]_i_20/CO[1]
                         net (fo=23, unplaced)        0.588    36.688    fdpe_s1_new_weight_reg[27]_i_20_n_2
                         CARRY4 (Prop_carry4_CYINIT_CO[3])
                                                      0.803    37.491 r  fdpe_s1_new_weight_reg[23]_i_188/CO[3]
                         net (fo=1, unplaced)         0.009    37.500    fdpe_s1_new_weight_reg[23]_i_188_n_0
                         CARRY4 (Prop_carry4_CI_CO[3])
                                                      0.117    37.617 r  fdpe_s1_new_weight_reg[23]_i_128/CO[3]
                         net (fo=1, unplaced)         0.000    37.617    fdpe_s1_new_weight_reg[23]_i_128_n_0
                         CARRY4 (Prop_carry4_CI_CO[3])
                                                      0.117    37.734 r  fdpe_s1_new_weight_reg[23]_i_68/CO[3]
                         net (fo=1, unplaced)         0.000    37.734    fdpe_s1_new_weight_reg[23]_i_68_n_0
                         CARRY4 (Prop_carry4_CI_CO[3])
                                                      0.117    37.851 r  fdpe_s1_new_weight_reg[23]_i_30/CO[3]
                         net (fo=1, unplaced)         0.000    37.851    fdpe_s1_new_weight_reg[23]_i_30_n_0
                         CARRY4 (Prop_carry4_CI_CO[1])
                                                      0.179    38.030 r  fdpe_s1_new_weight_reg[23]_i_12/CO[1]
                         net (fo=23, unplaced)        0.588    38.618    fdpe_s1_new_weight_reg[23]_i_12_n_2
                         CARRY4 (Prop_carry4_CYINIT_CO[3])
                                                      0.803    39.421 r  fdpe_s1_new_weight_reg[23]_i_203/CO[3]
                         net (fo=1, unplaced)         0.009    39.430    fdpe_s1_new_weight_reg[23]_i_203_n_0
                         CARRY4 (Prop_carry4_CI_CO[3])
                                                      0.117    39.547 r  fdpe_s1_new_weight_reg[23]_i_143/CO[3]
                         net (fo=1, unplaced)         0.000    39.547    fdpe_s1_new_weight_reg[23]_i_143_n_0
                         CARRY4 (Prop_carry4_CI_CO[3])
                                                      0.117    39.664 r  fdpe_s1_new_weight_reg[23]_i_83/CO[3]
                         net (fo=1, unplaced)         0.000    39.664    fdpe_s1_new_weight_reg[23]_i_83_n_0
                         CARRY4 (Prop_carry4_CI_CO[3])
                                                      0.117    39.781 r  fdpe_s1_new_weight_reg[23]_i_39/CO[3]
                         net (fo=1, unplaced)         0.000    39.781    fdpe_s1_new_weight_reg[23]_i_39_n_0
                         CARRY4 (Prop_carry4_CI_CO[1])
                                                      0.179    39.960 r  fdpe_s1_new_weight_reg[23]_i_16/CO[1]
                         net (fo=23, unplaced)        0.588    40.548    fdpe_s1_new_weight_reg[23]_i_16_n_2
                         CARRY4 (Prop_carry4_CYINIT_CO[3])
                                                      0.803    41.351 r  fdpe_s1_new_weight_reg[23]_i_218/CO[3]
                         net (fo=1, unplaced)         0.009    41.360    fdpe_s1_new_weight_reg[23]_i_218_n_0
                         CARRY4 (Prop_carry4_CI_CO[3])
                                                      0.117    41.477 r  fdpe_s1_new_weight_reg[23]_i_158/CO[3]
                         net (fo=1, unplaced)         0.000    41.477    fdpe_s1_new_weight_reg[23]_i_158_n_0
                         CARRY4 (Prop_carry4_CI_CO[3])
                                                      0.117    41.594 r  fdpe_s1_new_weight_reg[23]_i_98/CO[3]
                         net (fo=1, unplaced)         0.000    41.594    fdpe_s1_new_weight_reg[23]_i_98_n_0
                         CARRY4 (Prop_carry4_CI_CO[3])
                                                      0.117    41.711 r  fdpe_s1_new_weight_reg[23]_i_48/CO[3]
                         net (fo=1, unplaced)         0.000    41.711    fdpe_s1_new_weight_reg[23]_i_48_n_0
                         CARRY4 (Prop_carry4_CI_CO[1])
                                                      0.179    41.890 r  fdpe_s1_new_weight_reg[23]_i_20/CO[1]
                         net (fo=23, unplaced)        0.588    42.478    fdpe_s1_new_weight_reg[23]_i_20_n_2
                         CARRY4 (Prop_carry4_CYINIT_CO[3])
                                                      0.803    43.281 r  fdpe_s1_new_weight_reg[23]_i_233/CO[3]
                         net (fo=1, unplaced)         0.009    43.290    fdpe_s1_new_weight_reg[23]_i_233_n_0
                         CARRY4 (Prop_carry4_CI_CO[3])
                                                      0.117    43.407 r  fdpe_s1_new_weight_reg[23]_i_173/CO[3]
                         net (fo=1, unplaced)         0.000    43.407    fdpe_s1_new_weight_reg[23]_i_173_n_0
                         CARRY4 (Prop_carry4_CI_CO[3])
                                                      0.117    43.524 r  fdpe_s1_new_weight_reg[23]_i_113/CO[3]
                         net (fo=1, unplaced)         0.000    43.524    fdpe_s1_new_weight_reg[23]_i_113_n_0
                         CARRY4 (Prop_carry4_CI_CO[3])
                                                      0.117    43.641 r  fdpe_s1_new_weight_reg[23]_i_57/CO[3]
                         net (fo=1, unplaced)         0.000    43.641    fdpe_s1_new_weight_reg[23]_i_57_n_0
                         CARRY4 (Prop_carry4_CI_CO[1])
                                                      0.179    43.820 r  fdpe_s1_new_weight_reg[23]_i_24/CO[1]
                         net (fo=23, unplaced)        0.588    44.408    fdpe_s1_new_weight_reg[23]_i_24_n_2
                         CARRY4 (Prop_carry4_CYINIT_CO[3])
                                                      0.803    45.211 r  fdpe_s1_new_weight_reg[19]_i_188/CO[3]
                         net (fo=1, unplaced)         0.009    45.220    fdpe_s1_new_weight_reg[19]_i_188_n_0
                         CARRY4 (Prop_carry4_CI_CO[3])
                                                      0.117    45.337 r  fdpe_s1_new_weight_reg[19]_i_128/CO[3]
                         net (fo=1, unplaced)         0.000    45.337    fdpe_s1_new_weight_reg[19]_i_128_n_0
                         CARRY4 (Prop_carry4_CI_CO[3])
                                                      0.117    45.454 r  fdpe_s1_new_weight_reg[19]_i_68/CO[3]
                         net (fo=1, unplaced)         0.000    45.454    fdpe_s1_new_weight_reg[19]_i_68_n_0
                         CARRY4 (Prop_carry4_CI_CO[3])
                                                      0.117    45.571 r  fdpe_s1_new_weight_reg[19]_i_30/CO[3]
                         net (fo=1, unplaced)         0.000    45.571    fdpe_s1_new_weight_reg[19]_i_30_n_0
                         CARRY4 (Prop_carry4_CI_CO[1])
                                                      0.179    45.750 r  fdpe_s1_new_weight_reg[19]_i_12/CO[1]
                         net (fo=23, unplaced)        0.588    46.338    fdpe_s1_new_weight_reg[19]_i_12_n_2
                         CARRY4 (Prop_carry4_CYINIT_CO[3])
                                                      0.803    47.141 r  fdpe_s1_new_weight_reg[19]_i_203/CO[3]
                         net (fo=1, unplaced)         0.009    47.150    fdpe_s1_new_weight_reg[19]_i_203_n_0
                         CARRY4 (Prop_carry4_CI_CO[3])
                                                      0.117    47.267 r  fdpe_s1_new_weight_reg[19]_i_143/CO[3]
                         net (fo=1, unplaced)         0.000    47.267    fdpe_s1_new_weight_reg[19]_i_143_n_0
                         CARRY4 (Prop_carry4_CI_CO[3])
                                                      0.117    47.384 r  fdpe_s1_new_weight_reg[19]_i_83/CO[3]
                         net (fo=1, unplaced)         0.000    47.384    fdpe_s1_new_weight_reg[19]_i_83_n_0
                         CARRY4 (Prop_carry4_CI_CO[3])
                                                      0.117    47.501 r  fdpe_s1_new_weight_reg[19]_i_39/CO[3]
                         net (fo=1, unplaced)         0.000    47.501    fdpe_s1_new_weight_reg[19]_i_39_n_0
                         CARRY4 (Prop_carry4_CI_CO[1])
                                                      0.179    47.680 r  fdpe_s1_new_weight_reg[19]_i_16/CO[1]
                         net (fo=23, unplaced)        0.588    48.268    fdpe_s1_new_weight_reg[19]_i_16_n_2
                         CARRY4 (Prop_carry4_CYINIT_CO[3])
                                                      0.803    49.071 r  fdpe_s1_new_weight_reg[19]_i_218/CO[3]
                         net (fo=1, unplaced)         0.009    49.080    fdpe_s1_new_weight_reg[19]_i_218_n_0
                         CARRY4 (Prop_carry4_CI_CO[3])
                                                      0.117    49.197 r  fdpe_s1_new_weight_reg[19]_i_158/CO[3]
                         net (fo=1, unplaced)         0.000    49.197    fdpe_s1_new_weight_reg[19]_i_158_n_0
                         CARRY4 (Prop_carry4_CI_CO[3])
                                                      0.117    49.314 r  fdpe_s1_new_weight_reg[19]_i_98/CO[3]
                         net (fo=1, unplaced)         0.000    49.314    fdpe_s1_new_weight_reg[19]_i_98_n_0
                         CARRY4 (Prop_carry4_CI_CO[3])
                                                      0.117    49.431 r  fdpe_s1_new_weight_reg[19]_i_48/CO[3]
                         net (fo=1, unplaced)         0.000    49.431    fdpe_s1_new_weight_reg[19]_i_48_n_0
                         CARRY4 (Prop_carry4_CI_CO[1])
                                                      0.179    49.610 r  fdpe_s1_new_weight_reg[19]_i_20/CO[1]
                         net (fo=23, unplaced)        0.588    50.198    fdpe_s1_new_weight_reg[19]_i_20_n_2
                         CARRY4 (Prop_carry4_CYINIT_CO[3])
                                                      0.803    51.001 r  fdpe_s1_new_weight_reg[19]_i_233/CO[3]
                         net (fo=1, unplaced)         0.009    51.010    fdpe_s1_new_weight_reg[19]_i_233_n_0
                         CARRY4 (Prop_carry4_CI_CO[3])
                                                      0.117    51.127 r  fdpe_s1_new_weight_reg[19]_i_173/CO[3]
                         net (fo=1, unplaced)         0.000    51.127    fdpe_s1_new_weight_reg[19]_i_173_n_0
                         CARRY4 (Prop_carry4_CI_CO[3])
                                                      0.117    51.244 r  fdpe_s1_new_weight_reg[19]_i_113/CO[3]
                         net (fo=1, unplaced)         0.000    51.244    fdpe_s1_new_weight_reg[19]_i_113_n_0
                         CARRY4 (Prop_carry4_CI_CO[3])
                                                      0.117    51.361 r  fdpe_s1_new_weight_reg[19]_i_57/CO[3]
                         net (fo=1, unplaced)         0.000    51.361    fdpe_s1_new_weight_reg[19]_i_57_n_0
                         CARRY4 (Prop_carry4_CI_CO[1])
                                                      0.179    51.540 r  fdpe_s1_new_weight_reg[19]_i_24/CO[1]
                         net (fo=23, unplaced)        0.588    52.128    fdpe_s1_new_weight_reg[19]_i_24_n_2
                         CARRY4 (Prop_carry4_CYINIT_CO[3])
                                                      0.803    52.931 r  fdpe_s1_new_weight_reg[15]_i_188/CO[3]
                         net (fo=1, unplaced)         0.009    52.940    fdpe_s1_new_weight_reg[15]_i_188_n_0
                         CARRY4 (Prop_carry4_CI_CO[3])
                                                      0.117    53.057 r  fdpe_s1_new_weight_reg[15]_i_128/CO[3]
                         net (fo=1, unplaced)         0.000    53.057    fdpe_s1_new_weight_reg[15]_i_128_n_0
                         CARRY4 (Prop_carry4_CI_CO[3])
                                                      0.117    53.174 r  fdpe_s1_new_weight_reg[15]_i_68/CO[3]
                         net (fo=1, unplaced)         0.000    53.174    fdpe_s1_new_weight_reg[15]_i_68_n_0
                         CARRY4 (Prop_carry4_CI_CO[3])
                                                      0.117    53.291 r  fdpe_s1_new_weight_reg[15]_i_30/CO[3]
                         net (fo=1, unplaced)         0.000    53.291    fdpe_s1_new_weight_reg[15]_i_30_n_0
                         CARRY4 (Prop_carry4_CI_CO[1])
                                                      0.179    53.470 r  fdpe_s1_new_weight_reg[15]_i_12/CO[1]
                         net (fo=23, unplaced)        0.588    54.058    fdpe_s1_new_weight_reg[15]_i_12_n_2
                         CARRY4 (Prop_carry4_CYINIT_CO[3])
                                                      0.803    54.861 r  fdpe_s1_new_weight_reg[15]_i_203/CO[3]
                         net (fo=1, unplaced)         0.009    54.870    fdpe_s1_new_weight_reg[15]_i_203_n_0
                         CARRY4 (Prop_carry4_CI_CO[3])
                                                      0.117    54.987 r  fdpe_s1_new_weight_reg[15]_i_143/CO[3]
                         net (fo=1, unplaced)         0.000    54.987    fdpe_s1_new_weight_reg[15]_i_143_n_0
                         CARRY4 (Prop_carry4_CI_CO[3])
                                                      0.117    55.104 r  fdpe_s1_new_weight_reg[15]_i_83/CO[3]
                         net (fo=1, unplaced)         0.000    55.104    fdpe_s1_new_weight_reg[15]_i_83_n_0
                         CARRY4 (Prop_carry4_CI_CO[3])
                                                      0.117    55.221 r  fdpe_s1_new_weight_reg[15]_i_39/CO[3]
                         net (fo=1, unplaced)         0.000    55.221    fdpe_s1_new_weight_reg[15]_i_39_n_0
                         CARRY4 (Prop_carry4_CI_CO[1])
                                                      0.179    55.400 r  fdpe_s1_new_weight_reg[15]_i_16/CO[1]
                         net (fo=23, unplaced)        0.588    55.988    fdpe_s1_new_weight_reg[15]_i_16_n_2
                         CARRY4 (Prop_carry4_CYINIT_CO[3])
                                                      0.803    56.791 r  fdpe_s1_new_weight_reg[15]_i_218/CO[3]
                         net (fo=1, unplaced)         0.009    56.800    fdpe_s1_new_weight_reg[15]_i_218_n_0
                         CARRY4 (Prop_carry4_CI_CO[3])
                                                      0.117    56.917 r  fdpe_s1_new_weight_reg[15]_i_158/CO[3]
                         net (fo=1, unplaced)         0.000    56.917    fdpe_s1_new_weight_reg[15]_i_158_n_0
                         CARRY4 (Prop_carry4_CI_CO[3])
                                                      0.117    57.034 r  fdpe_s1_new_weight_reg[15]_i_98/CO[3]
                         net (fo=1, unplaced)         0.000    57.034    fdpe_s1_new_weight_reg[15]_i_98_n_0
                         CARRY4 (Prop_carry4_CI_CO[3])
                                                      0.117    57.151 r  fdpe_s1_new_weight_reg[15]_i_48/CO[3]
                         net (fo=1, unplaced)         0.000    57.151    fdpe_s1_new_weight_reg[15]_i_48_n_0
                         CARRY4 (Prop_carry4_CI_CO[1])
                                                      0.179    57.330 r  fdpe_s1_new_weight_reg[15]_i_20/CO[1]
                         net (fo=23, unplaced)        0.588    57.918    fdpe_s1_new_weight_reg[15]_i_20_n_2
                         CARRY4 (Prop_carry4_CYINIT_CO[3])
                                                      0.803    58.721 r  fdpe_s1_new_weight_reg[15]_i_233/CO[3]
                         net (fo=1, unplaced)         0.009    58.730    fdpe_s1_new_weight_reg[15]_i_233_n_0
                         CARRY4 (Prop_carry4_CI_CO[3])
                                                      0.117    58.847 r  fdpe_s1_new_weight_reg[15]_i_173/CO[3]
                         net (fo=1, unplaced)         0.000    58.847    fdpe_s1_new_weight_reg[15]_i_173_n_0
                         CARRY4 (Prop_carry4_CI_CO[3])
                                                      0.117    58.964 r  fdpe_s1_new_weight_reg[15]_i_113/CO[3]
                         net (fo=1, unplaced)         0.000    58.964    fdpe_s1_new_weight_reg[15]_i_113_n_0
                         CARRY4 (Prop_carry4_CI_CO[3])
                                                      0.117    59.081 r  fdpe_s1_new_weight_reg[15]_i_57/CO[3]
                         net (fo=1, unplaced)         0.000    59.081    fdpe_s1_new_weight_reg[15]_i_57_n_0
                         CARRY4 (Prop_carry4_CI_CO[1])
                                                      0.179    59.260 r  fdpe_s1_new_weight_reg[15]_i_24/CO[1]
                         net (fo=23, unplaced)        0.588    59.848    fdpe_s1_new_weight_reg[15]_i_24_n_2
                         CARRY4 (Prop_carry4_CYINIT_CO[3])
                                                      0.803    60.651 r  fdpe_s1_new_weight_reg[11]_i_188/CO[3]
                         net (fo=1, unplaced)         0.009    60.660    fdpe_s1_new_weight_reg[11]_i_188_n_0
                         CARRY4 (Prop_carry4_CI_CO[3])
                                                      0.117    60.777 r  fdpe_s1_new_weight_reg[11]_i_128/CO[3]
                         net (fo=1, unplaced)         0.000    60.777    fdpe_s1_new_weight_reg[11]_i_128_n_0
                         CARRY4 (Prop_carry4_CI_CO[3])
                                                      0.117    60.894 r  fdpe_s1_new_weight_reg[11]_i_68/CO[3]
                         net (fo=1, unplaced)         0.000    60.894    fdpe_s1_new_weight_reg[11]_i_68_n_0
                         CARRY4 (Prop_carry4_CI_CO[3])
                                                      0.117    61.011 r  fdpe_s1_new_weight_reg[11]_i_30/CO[3]
                         net (fo=1, unplaced)         0.000    61.011    fdpe_s1_new_weight_reg[11]_i_30_n_0
                         CARRY4 (Prop_carry4_CI_CO[1])
                                                      0.179    61.190 r  fdpe_s1_new_weight_reg[11]_i_12/CO[1]
                         net (fo=23, unplaced)        0.588    61.778    fdpe_s1_new_weight_reg[11]_i_12_n_2
                         CARRY4 (Prop_carry4_CYINIT_CO[3])
                                                      0.803    62.581 r  fdpe_s1_new_weight_reg[11]_i_203/CO[3]
                         net (fo=1, unplaced)         0.009    62.590    fdpe_s1_new_weight_reg[11]_i_203_n_0
                         CARRY4 (Prop_carry4_CI_CO[3])
                                                      0.117    62.707 r  fdpe_s1_new_weight_reg[11]_i_143/CO[3]
                         net (fo=1, unplaced)         0.000    62.707    fdpe_s1_new_weight_reg[11]_i_143_n_0
                         CARRY4 (Prop_carry4_CI_CO[3])
                                                      0.117    62.824 r  fdpe_s1_new_weight_reg[11]_i_83/CO[3]
                         net (fo=1, unplaced)         0.000    62.824    fdpe_s1_new_weight_reg[11]_i_83_n_0
                         CARRY4 (Prop_carry4_CI_CO[3])
                                                      0.117    62.941 r  fdpe_s1_new_weight_reg[11]_i_39/CO[3]
                         net (fo=1, unplaced)         0.000    62.941    fdpe_s1_new_weight_reg[11]_i_39_n_0
                         CARRY4 (Prop_carry4_CI_CO[1])
                                                      0.179    63.120 r  fdpe_s1_new_weight_reg[11]_i_16/CO[1]
                         net (fo=23, unplaced)        0.588    63.708    fdpe_s1_new_weight_reg[11]_i_16_n_2
                         CARRY4 (Prop_carry4_CYINIT_CO[3])
                                                      0.803    64.511 r  fdpe_s1_new_weight_reg[11]_i_218/CO[3]
                         net (fo=1, unplaced)         0.009    64.520    fdpe_s1_new_weight_reg[11]_i_218_n_0
                         CARRY4 (Prop_carry4_CI_CO[3])
                                                      0.117    64.637 r  fdpe_s1_new_weight_reg[11]_i_158/CO[3]
                         net (fo=1, unplaced)         0.000    64.637    fdpe_s1_new_weight_reg[11]_i_158_n_0
                         CARRY4 (Prop_carry4_CI_CO[3])
                                                      0.117    64.754 r  fdpe_s1_new_weight_reg[11]_i_98/CO[3]
                         net (fo=1, unplaced)         0.000    64.754    fdpe_s1_new_weight_reg[11]_i_98_n_0
                         CARRY4 (Prop_carry4_CI_CO[3])
                                                      0.117    64.871 r  fdpe_s1_new_weight_reg[11]_i_48/CO[3]
                         net (fo=1, unplaced)         0.000    64.871    fdpe_s1_new_weight_reg[11]_i_48_n_0
                         CARRY4 (Prop_carry4_CI_CO[1])
                                                      0.179    65.050 r  fdpe_s1_new_weight_reg[11]_i_20/CO[1]
                         net (fo=23, unplaced)        0.588    65.638    fdpe_s1_new_weight_reg[11]_i_20_n_2
                         CARRY4 (Prop_carry4_CYINIT_CO[3])
                                                      0.803    66.441 r  fdpe_s1_new_weight_reg[11]_i_233/CO[3]
                         net (fo=1, unplaced)         0.009    66.450    fdpe_s1_new_weight_reg[11]_i_233_n_0
                         CARRY4 (Prop_carry4_CI_CO[3])
                                                      0.117    66.567 r  fdpe_s1_new_weight_reg[11]_i_173/CO[3]
                         net (fo=1, unplaced)         0.000    66.567    fdpe_s1_new_weight_reg[11]_i_173_n_0
                         CARRY4 (Prop_carry4_CI_CO[3])
                                                      0.117    66.684 r  fdpe_s1_new_weight_reg[11]_i_113/CO[3]
                         net (fo=1, unplaced)         0.000    66.684    fdpe_s1_new_weight_reg[11]_i_113_n_0
                         CARRY4 (Prop_carry4_CI_CO[3])
                                                      0.117    66.801 r  fdpe_s1_new_weight_reg[11]_i_57/CO[3]
                         net (fo=1, unplaced)         0.000    66.801    fdpe_s1_new_weight_reg[11]_i_57_n_0
                         CARRY4 (Prop_carry4_CI_CO[1])
                                                      0.179    66.980 r  fdpe_s1_new_weight_reg[11]_i_24/CO[1]
                         net (fo=23, unplaced)        0.588    67.568    fdpe_s1_new_weight_reg[11]_i_24_n_2
                         CARRY4 (Prop_carry4_CYINIT_CO[3])
                                                      0.803    68.371 r  fdpe_s1_new_weight_reg[7]_i_188/CO[3]
                         net (fo=1, unplaced)         0.009    68.380    fdpe_s1_new_weight_reg[7]_i_188_n_0
                         CARRY4 (Prop_carry4_CI_CO[3])
                                                      0.117    68.497 r  fdpe_s1_new_weight_reg[7]_i_128/CO[3]
                         net (fo=1, unplaced)         0.000    68.497    fdpe_s1_new_weight_reg[7]_i_128_n_0
                         CARRY4 (Prop_carry4_CI_CO[3])
                                                      0.117    68.614 r  fdpe_s1_new_weight_reg[7]_i_68/CO[3]
                         net (fo=1, unplaced)         0.000    68.614    fdpe_s1_new_weight_reg[7]_i_68_n_0
                         CARRY4 (Prop_carry4_CI_CO[3])
                                                      0.117    68.731 r  fdpe_s1_new_weight_reg[7]_i_30/CO[3]
                         net (fo=1, unplaced)         0.000    68.731    fdpe_s1_new_weight_reg[7]_i_30_n_0
                         CARRY4 (Prop_carry4_CI_CO[1])
                                                      0.179    68.910 r  fdpe_s1_new_weight_reg[7]_i_12/CO[1]
                         net (fo=23, unplaced)        0.588    69.498    fdpe_s1_new_weight_reg[7]_i_12_n_2
                         CARRY4 (Prop_carry4_CYINIT_CO[3])
                                                      0.803    70.301 r  fdpe_s1_new_weight_reg[7]_i_203/CO[3]
                         net (fo=1, unplaced)         0.009    70.310    fdpe_s1_new_weight_reg[7]_i_203_n_0
                         CARRY4 (Prop_carry4_CI_CO[3])
                                                      0.117    70.427 r  fdpe_s1_new_weight_reg[7]_i_143/CO[3]
                         net (fo=1, unplaced)         0.000    70.427    fdpe_s1_new_weight_reg[7]_i_143_n_0
                         CARRY4 (Prop_carry4_CI_CO[3])
                                                      0.117    70.544 r  fdpe_s1_new_weight_reg[7]_i_83/CO[3]
                         net (fo=1, unplaced)         0.000    70.544    fdpe_s1_new_weight_reg[7]_i_83_n_0
                         CARRY4 (Prop_carry4_CI_CO[3])
                                                      0.117    70.661 r  fdpe_s1_new_weight_reg[7]_i_39/CO[3]
                         net (fo=1, unplaced)         0.000    70.661    fdpe_s1_new_weight_reg[7]_i_39_n_0
                         CARRY4 (Prop_carry4_CI_CO[1])
                                                      0.179    70.840 r  fdpe_s1_new_weight_reg[7]_i_16/CO[1]
                         net (fo=23, unplaced)        0.588    71.428    fdpe_s1_new_weight_reg[7]_i_16_n_2
                         CARRY4 (Prop_carry4_CYINIT_CO[3])
                                                      0.803    72.231 r  fdpe_s1_new_weight_reg[7]_i_218/CO[3]
                         net (fo=1, unplaced)         0.009    72.240    fdpe_s1_new_weight_reg[7]_i_218_n_0
                         CARRY4 (Prop_carry4_CI_CO[3])
                                                      0.117    72.357 r  fdpe_s1_new_weight_reg[7]_i_158/CO[3]
                         net (fo=1, unplaced)         0.000    72.357    fdpe_s1_new_weight_reg[7]_i_158_n_0
                         CARRY4 (Prop_carry4_CI_CO[3])
                                                      0.117    72.474 r  fdpe_s1_new_weight_reg[7]_i_98/CO[3]
                         net (fo=1, unplaced)         0.000    72.474    fdpe_s1_new_weight_reg[7]_i_98_n_0
                         CARRY4 (Prop_carry4_CI_CO[3])
                                                      0.117    72.591 r  fdpe_s1_new_weight_reg[7]_i_48/CO[3]
                         net (fo=1, unplaced)         0.000    72.591    fdpe_s1_new_weight_reg[7]_i_48_n_0
                         CARRY4 (Prop_carry4_CI_CO[1])
                                                      0.179    72.770 r  fdpe_s1_new_weight_reg[7]_i_20/CO[1]
                         net (fo=23, unplaced)        0.588    73.358    fdpe_s1_new_weight_reg[7]_i_20_n_2
                         CARRY4 (Prop_carry4_CYINIT_CO[3])
                                                      0.803    74.161 r  fdpe_s1_new_weight_reg[7]_i_233/CO[3]
                         net (fo=1, unplaced)         0.009    74.170    fdpe_s1_new_weight_reg[7]_i_233_n_0
                         CARRY4 (Prop_carry4_CI_CO[3])
                                                      0.117    74.287 r  fdpe_s1_new_weight_reg[7]_i_173/CO[3]
                         net (fo=1, unplaced)         0.000    74.287    fdpe_s1_new_weight_reg[7]_i_173_n_0
                         CARRY4 (Prop_carry4_CI_CO[3])
                                                      0.117    74.404 r  fdpe_s1_new_weight_reg[7]_i_113/CO[3]
                         net (fo=1, unplaced)         0.000    74.404    fdpe_s1_new_weight_reg[7]_i_113_n_0
                         CARRY4 (Prop_carry4_CI_CO[3])
                                                      0.117    74.521 r  fdpe_s1_new_weight_reg[7]_i_57/CO[3]
                         net (fo=1, unplaced)         0.000    74.521    fdpe_s1_new_weight_reg[7]_i_57_n_0
                         CARRY4 (Prop_carry4_CI_CO[1])
                                                      0.179    74.700 r  fdpe_s1_new_weight_reg[7]_i_24/CO[1]
                         net (fo=23, unplaced)        0.588    75.288    fdpe_s1_new_weight_reg[7]_i_24_n_2
                         CARRY4 (Prop_carry4_CYINIT_CO[3])
                                                      0.803    76.091 r  fdpe_s1_new_weight_reg[3]_i_116/CO[3]
                         net (fo=1, unplaced)         0.009    76.100    fdpe_s1_new_weight_reg[3]_i_116_n_0
                         CARRY4 (Prop_carry4_CI_CO[3])
                                                      0.117    76.217 r  fdpe_s1_new_weight_reg[3]_i_81/CO[3]
                         net (fo=1, unplaced)         0.000    76.217    fdpe_s1_new_weight_reg[3]_i_81_n_0
                         CARRY4 (Prop_carry4_CI_CO[3])
                                                      0.117    76.334 r  fdpe_s1_new_weight_reg[3]_i_46/CO[3]
                         net (fo=1, unplaced)         0.000    76.334    fdpe_s1_new_weight_reg[3]_i_46_n_0
                         CARRY4 (Prop_carry4_CI_CO[3])
                                                      0.117    76.451 r  fdpe_s1_new_weight_reg[3]_i_23/CO[3]
                         net (fo=1, unplaced)         0.000    76.451    fdpe_s1_new_weight_reg[3]_i_23_n_0
                         CARRY4 (Prop_carry4_CI_CO[1])
                                                      0.179    76.630 r  fdpe_s1_new_weight_reg[3]_i_12/CO[1]
                         net (fo=24, unplaced)        0.589    77.219    fdpe_s1_new_weight_reg[3]_i_12_n_2
                         CARRY4 (Prop_carry4_CYINIT_CO[3])
                                                      0.803    78.022 r  fdpe_s1_new_weight_reg[3]_i_141/CO[3]
                         net (fo=1, unplaced)         0.009    78.031    fdpe_s1_new_weight_reg[3]_i_141_n_0
                         CARRY4 (Prop_carry4_CI_CO[3])
                                                      0.117    78.148 r  fdpe_s1_new_weight_reg[3]_i_106/CO[3]
                         net (fo=1, unplaced)         0.000    78.148    fdpe_s1_new_weight_reg[3]_i_106_n_0
                         CARRY4 (Prop_carry4_CI_CO[3])
                                                      0.117    78.265 r  fdpe_s1_new_weight_reg[3]_i_71/CO[3]
                         net (fo=1, unplaced)         0.000    78.265    fdpe_s1_new_weight_reg[3]_i_71_n_0
                         CARRY4 (Prop_carry4_CI_CO[3])
                                                      0.117    78.382 r  fdpe_s1_new_weight_reg[3]_i_39/CO[3]
                         net (fo=1, unplaced)         0.000    78.382    fdpe_s1_new_weight_reg[3]_i_39_n_0
                         CARRY4 (Prop_carry4_CI_CO[0])
                                                      0.281    78.663 r  fdpe_s1_new_weight_reg[3]_i_19/CO[0]
                         net (fo=2, unplaced)         0.322    78.985    fdpe_s1_new_weight_reg[3]_i_19_n_3
                         LUT4 (Prop_lut4_I2_O)        0.367    79.352 r  fdpe_s1_new_weight[3]_i_9/O
                         net (fo=1, unplaced)         0.000    79.352    fdpe_s1_new_weight[3]_i_9_n_0
                         CARRY4 (Prop_carry4_S[1]_CO[3])
                                                      0.533    79.885 r  fdpe_s1_new_weight_reg[3]_i_2/CO[3]
                         net (fo=1, unplaced)         0.009    79.894    fdpe_s1_new_weight_reg[3]_i_2_n_0
                         CARRY4 (Prop_carry4_CI_CO[3])
                                                      0.117    80.011 r  fdpe_s1_new_weight_reg[7]_i_2/CO[3]
                         net (fo=1, unplaced)         0.000    80.011    fdpe_s1_new_weight_reg[7]_i_2_n_0
                         CARRY4 (Prop_carry4_CI_CO[3])
                                                      0.117    80.128 r  fdpe_s1_new_weight_reg[11]_i_2/CO[3]
                         net (fo=1, unplaced)         0.000    80.128    fdpe_s1_new_weight_reg[11]_i_2_n_0
                         CARRY4 (Prop_carry4_CI_CO[3])
                                                      0.117    80.245 r  fdpe_s1_new_weight_reg[15]_i_2/CO[3]
                         net (fo=1, unplaced)         0.000    80.245    fdpe_s1_new_weight_reg[15]_i_2_n_0
                         CARRY4 (Prop_carry4_CI_CO[3])
                                                      0.117    80.362 r  fdpe_s1_new_weight_reg[19]_i_2/CO[3]
                         net (fo=1, unplaced)         0.000    80.362    fdpe_s1_new_weight_reg[19]_i_2_n_0
                         CARRY4 (Prop_carry4_CI_CO[3])
                                                      0.117    80.479 r  fdpe_s1_new_weight_reg[23]_i_2/CO[3]
                         net (fo=1, unplaced)         0.000    80.479    fdpe_s1_new_weight_reg[23]_i_2_n_0
                         CARRY4 (Prop_carry4_CI_CO[3])
                                                      0.117    80.596 r  fdpe_s1_new_weight_reg[27]_i_2/CO[3]
                         net (fo=1, unplaced)         0.000    80.596    fdpe_s1_new_weight_reg[27]_i_2_n_0
                         CARRY4 (Prop_carry4_CI_CO[3])
                                                      0.117    80.713 r  fdpe_s1_new_weight_reg[31]_i_7/CO[3]
                         net (fo=1, unplaced)         0.000    80.713    fdpe_s1_new_weight_reg[31]_i_7_n_0
                         CARRY4 (Prop_carry4_CI_CO[3])
                                                      0.117    80.830 r  fdpe_s1_new_weight_reg[31]_i_16/CO[3]
                         net (fo=1, unplaced)         0.000    80.830    fdpe_s1_new_weight_reg[31]_i_16_n_0
                         CARRY4 (Prop_carry4_CI_O[3])
                                                      0.331    81.161 r  fdpe_s1_new_weight_reg[31]_i_33/O[3]
                         net (fo=1, unplaced)         0.808    81.969    fdpe_s1_new_weight_reg[31]_i_33_n_4
                         LUT5 (Prop_lut5_I0_O)        0.307    82.276 r  fdpe_s1_new_weight[31]_i_18/O
                         net (fo=1, unplaced)         0.449    82.725    fdpe_s1_new_weight[31]_i_18_n_0
                         LUT6 (Prop_lut6_I4_O)        0.124    82.849 r  fdpe_s1_new_weight[31]_i_6/O
                         net (fo=32, unplaced)        0.520    83.369    fdpe_s1_new_weight[31]_i_6_n_0
                         LUT6 (Prop_lut6_I4_O)        0.124    83.493 r  fdpe_s1_new_weight[0]_i_1/O
                         net (fo=1, unplaced)         0.000    83.493    fdpe_s1_new_weight[0]_i_1_n_0
                         FDPE                                         r  fdpe_s1_new_weight_reg[0]/D
  -------------------------------------------------------------------    -------------------

                         (clock clk rise edge)       10.000    10.000 r  
                                                      0.000    10.000 r  clk (IN)
                         net (fo=326, unset)          0.924    10.924    clk
                         FDPE                                         r  fdpe_s1_new_weight_reg[0]/C
                         clock pessimism              0.000    10.924    
                         clock uncertainty           -0.035    10.889    
                         FDPE (Setup_fdpe_C_D)        0.029    10.918    fdpe_s1_new_weight_reg[0]
  -------------------------------------------------------------------
                         required time                         10.918    
                         arrival time                         -83.493    
  -------------------------------------------------------------------
                         slack                                -72.575    





Min Delay Paths
--------------------------------------------------------------------------------------
Slack (MET) :             0.262ns  (arrival time - required time)
  Source:                 fdpe_s0_addr_reg[0]/C
                            (rising edge-triggered cell FDCE clocked by clk  {rise@0.000ns fall@5.000ns period=10.000ns})
  Destination:            fdpe_s1_addr_reg[0]/D
                            (rising edge-triggered cell FDCE clocked by clk  {rise@0.000ns fall@5.000ns period=10.000ns})
  Path Group:             clk
  Path Type:              Hold (Min at Fast Process Corner)
  Requirement:            0.000ns  (clk rise@0.000ns - clk rise@0.000ns)
  Data Path Delay:        0.375ns  (logic 0.239ns (63.779%)  route 0.136ns (36.221%))
  Logic Levels:           1  (LUT2=1)
  Clock Path Skew:        0.022ns (DCD - SCD - CPR)
    Destination Clock Delay (DCD):    0.432ns
    Source Clock Delay      (SCD):    0.410ns
    Clock Pessimism Removal (CPR):    -0.000ns

    Location             Delay type                Incr(ns)  Path(ns)    Netlist Resource(s)
  -------------------------------------------------------------------    -------------------
                         (clock clk rise edge)        0.000     0.000 r  
                                                      0.000     0.000 r  clk (IN)
                         net (fo=326, unset)          0.410     0.410    clk
                         FDCE                                         r  fdpe_s0_addr_reg[0]/C
  -------------------------------------------------------------------    -------------------
                         FDCE (Prop_fdce_C_Q)         0.141     0.551 r  fdpe_s0_addr_reg[0]/Q
                         net (fo=2, unplaced)         0.136     0.687    fdpe_s0_addr[0]
                         LUT2 (Prop_lut2_I1_O)        0.098     0.785 r  fdpe_s1_addr[0]_i_1/O
                         net (fo=1, unplaced)         0.000     0.785    fdpe_s1_addr[0]_i_1_n_0
                         FDCE                                         r  fdpe_s1_addr_reg[0]/D
  -------------------------------------------------------------------    -------------------

                         (clock clk rise edge)        0.000     0.000 r  
                                                      0.000     0.000 r  clk (IN)
                         net (fo=326, unset)          0.432     0.432    clk
                         FDCE                                         r  fdpe_s1_addr_reg[0]/C
                         clock pessimism              0.000     0.432    
                         FDCE (Hold_fdce_C_D)         0.091     0.523    fdpe_s1_addr_reg[0]
  -------------------------------------------------------------------
                         required time                         -0.523    
                         arrival time                           0.785    
  -------------------------------------------------------------------
                         slack                                  0.262    





Pulse Width Checks
--------------------------------------------------------------------------------------
Clock Name:         clk
Waveform(ns):       { 0.000 5.000 }
Period(ns):         10.000
Sources:            { clk }

Check Type        Corner  Lib Pin             Reference Pin  Required(ns)  Actual(ns)  Slack(ns)  Location  Pin
Min Period        n/a     RAMB36E1/CLKARDCLK  n/a            2.944         10.000      7.056                arrival_mem_reg_1_0/CLKARDCLK
Low Pulse Width   Slow    FDRE/C              n/a            0.500         5.000       4.500                b_fidelity_dout_reg[0]/C
High Pulse Width  Slow    FDRE/C              n/a            0.500         5.000       4.500                b_fidelity_dout_reg[0]/C



