#-----------------------------------------------------------
# Vivado v2024.2 (64-bit)
# SW Build 5239630 on Fri Nov 08 22:34:34 MST 2024
# IP Build 5239520 on Sun Nov 10 16:12:51 MST 2024
# SharedData Build 5239561 on Fri Nov 08 14:39:27 MST 2024
# Start of session at: Sun Mar 15 05:29:04 2026
# Process ID         : 259162
# Current directory  : /media/shahriar-rizvi/Data/CSE/Thesis/from13March/qflow_step1_phase0
# Command line       : vivado -mode batch -source tcl/run_skag_bram_ooc.tcl -log results/phase9a/vivado_skag_bram_ooc.log -jou results/phase9a/vivado_skag_bram_ooc.jou
# Log file           : /media/shahriar-rizvi/Data/CSE/Thesis/from13March/qflow_step1_phase0/results/phase9a/vivado_skag_bram_ooc.log
# Journal file       : /media/shahriar-rizvi/Data/CSE/Thesis/from13March/qflow_step1_phase0/results/phase9a/vivado_skag_bram_ooc.jou
# Running On         : Shahriars-Unix
# Platform           : Ubuntu
# Operating System   : Ubuntu 24.04.3 LTS
# Processor Detail   : 11th Gen Intel(R) Core(TM) i7-1195G7 @ 2.90GHz
# CPU Frequency      : 4700.000 MHz
# CPU Physical cores : 4
# CPU Logical cores  : 8
# Host memory        : 16509 MB
# Swap memory        : 4294 MB
# Total Virtual      : 20804 MB
# Available Virtual  : 16942 MB
#-----------------------------------------------------------
source tcl/run_skag_bram_ooc.tcl
# set outdir "results/phase9a"
# file mkdir $outdir
# set partname "xc7a200tfbg484-1"
# create_project skag_mem_bram_ooc $outdir/skag_mem_bram_proj -part $partname -force
# set_property target_language Verilog [current_project]
# read_verilog -sv rtl/skag_mem_bram.v
# synth_design -top skag_mem_bram -part $partname -mode out_of_context
Command: synth_design -top skag_mem_bram -part xc7a200tfbg484-1 -mode out_of_context
Starting synth_design
Attempting to get a license for feature 'Synthesis' and/or device 'xc7a200t'
INFO: [Common 17-349] Got license for feature 'Synthesis' and/or device 'xc7a200t'
INFO: [Synth 8-7079] Multithreading enabled for synth_design using a maximum of 7 processes.
INFO: [Synth 8-7078] Launching helper process for spawning children vivado processes
INFO: [Synth 8-7075] Helper process launched with PID 259301
---------------------------------------------------------------------------------
Starting Synthesize : Time (s): cpu = 00:00:03 ; elapsed = 00:00:03 . Memory (MB): peak = 1740.133 ; gain = 295.828 ; free physical = 5153 ; free virtual = 15160
---------------------------------------------------------------------------------
INFO: [Synth 8-6157] synthesizing module 'skag_mem_bram' [/media/shahriar-rizvi/Data/CSE/Thesis/from13March/qflow_step1_phase0/rtl/skag_mem_bram.v:3]
INFO: [Synth 8-6155] done synthesizing module 'skag_mem_bram' (0#1) [/media/shahriar-rizvi/Data/CSE/Thesis/from13March/qflow_step1_phase0/rtl/skag_mem_bram.v:3]
WARNING: [Synth 8-6014] Unused sequential element a_fidelity_dout_reg was removed.  [/media/shahriar-rizvi/Data/CSE/Thesis/from13March/qflow_step1_phase0/rtl/skag_mem_bram.v:136]
WARNING: [Synth 8-6014] Unused sequential element new_edge_v_reg was removed.  [/media/shahriar-rizvi/Data/CSE/Thesis/from13March/qflow_step1_phase0/rtl/skag_mem_bram.v:202]
WARNING: [Synth 8-6014] Unused sequential element new_weight_v_reg was removed.  [/media/shahriar-rizvi/Data/CSE/Thesis/from13March/qflow_step1_phase0/rtl/skag_mem_bram.v:203]
---------------------------------------------------------------------------------
Finished Synthesize : Time (s): cpu = 00:00:04 ; elapsed = 00:00:04 . Memory (MB): peak = 1813.102 ; gain = 368.797 ; free physical = 5058 ; free virtual = 15082
---------------------------------------------------------------------------------
---------------------------------------------------------------------------------
Finished Constraint Validation : Time (s): cpu = 00:00:04 ; elapsed = 00:00:05 . Memory (MB): peak = 1830.914 ; gain = 386.609 ; free physical = 5051 ; free virtual = 15075
---------------------------------------------------------------------------------
---------------------------------------------------------------------------------
Start Loading Part and Timing Information
---------------------------------------------------------------------------------
Loading part: xc7a200tfbg484-1
INFO: [Device 21-403] Loading part xc7a200tfbg484-1
---------------------------------------------------------------------------------
Finished Loading Part and Timing Information : Time (s): cpu = 00:00:04 ; elapsed = 00:00:05 . Memory (MB): peak = 1838.918 ; gain = 394.613 ; free physical = 5051 ; free virtual = 15075
---------------------------------------------------------------------------------
WARNING: [Synth 8-6014] Unused sequential element compute_weight4 was removed.  [/media/shahriar-rizvi/Data/CSE/Thesis/from13March/qflow_step1_phase0/rtl/skag_mem_bram.v:99]
WARNING: [Synth 8-6014] Unused sequential element compute_weight4 was removed.  [/media/shahriar-rizvi/Data/CSE/Thesis/from13March/qflow_step1_phase0/rtl/skag_mem_bram.v:99]
WARNING: [Synth 8-6014] Unused sequential element compute_weight4 was removed.  [/media/shahriar-rizvi/Data/CSE/Thesis/from13March/qflow_step1_phase0/rtl/skag_mem_bram.v:99]
WARNING: [Synth 8-6014] Unused sequential element compute_weight4 was removed.  [/media/shahriar-rizvi/Data/CSE/Thesis/from13March/qflow_step1_phase0/rtl/skag_mem_bram.v:99]
INFO: [Synth 8-3971] The signal "skag_mem_bram/key_mem_reg" was recognized as a true dual port RAM template.
INFO: [Synth 8-3971] The signal "skag_mem_bram/arrival_mem_reg" was recognized as a true dual port RAM template.
INFO: [Synth 8-3971] The signal "skag_mem_bram/qber_mem_reg" was recognized as a true dual port RAM template.
---------------------------------------------------------------------------------
Finished RTL Optimization Phase 2 : Time (s): cpu = 00:00:05 ; elapsed = 00:00:05 . Memory (MB): peak = 1847.824 ; gain = 403.520 ; free physical = 5046 ; free virtual = 15071
---------------------------------------------------------------------------------
No constraint files found.
---------------------------------------------------------------------------------
Start RTL Component Statistics 
---------------------------------------------------------------------------------
Detailed RTL Component Info : 
+---Adders : 
	   4 Input   42 Bit       Adders := 2     
+---Registers : 
	               64 Bit    Registers := 1     
	               32 Bit    Registers := 4     
	               16 Bit    Registers := 10    
	               12 Bit    Registers := 3     
	                1 Bit    Registers := 7     
+---RAMs : 
	              64K Bit	(4096 X 16 bit)          RAMs := 4     
+---Muxes : 
	   2 Input   64 Bit        Muxes := 1     
	   2 Input   32 Bit        Muxes := 6     
	   2 Input   16 Bit        Muxes := 4     
	   2 Input   12 Bit        Muxes := 3     
---------------------------------------------------------------------------------
Finished RTL Component Statistics 
---------------------------------------------------------------------------------
---------------------------------------------------------------------------------
Start Part Resource Summary
---------------------------------------------------------------------------------
Part Resources:
DSPs: 740 (col length:100)
BRAMs: 730 (col length: RAMB18 100 RAMB36 50)
---------------------------------------------------------------------------------
Finished Part Resource Summary
---------------------------------------------------------------------------------
No constraint files found.
---------------------------------------------------------------------------------
Start Cross Boundary and Area Optimization
---------------------------------------------------------------------------------
WARNING: [Synth 8-7080] Parallel synthesis criteria is not met
DSP Report: Generating DSP compute_weight4, operation Mode is: A*B.
DSP Report: operator compute_weight4 is absorbed into DSP compute_weight4.
DSP Report: Generating DSP compute_weight4, operation Mode is: A*B.
DSP Report: operator compute_weight4 is absorbed into DSP compute_weight4.
INFO: [Synth 8-3971] The signal "skag_mem_bram/key_mem_reg" was recognized as a true dual port RAM template.
INFO: [Synth 8-3971] The signal "skag_mem_bram/arrival_mem_reg" was recognized as a true dual port RAM template.
INFO: [Synth 8-3971] The signal "skag_mem_bram/qber_mem_reg" was recognized as a true dual port RAM template.
WARNING: [Synth 8-6849] Infeasible attribute ram_style = "block" set for RAM "skag_mem_bram/fidelity_mem_reg",trying to implement using LUTRAM
WARNING: [Synth 8-6849] Infeasible attribute ram_style = "block" set for RAM "skag_mem_bram/fidelity_mem_reg",trying to implement using LUTRAM
WARNING: [Synth 8-6849] Infeasible attribute ram_style = "block" set for RAM "skag_mem_bram/fidelity_mem_reg",trying to implement using LUTRAM
WARNING: [Synth 8-6849] Infeasible attribute ram_style = "block" set for RAM "skag_mem_bram/fidelity_mem_reg",trying to implement using LUTRAM
WARNING: [Synth 8-6849] Infeasible attribute ram_style = "block" set for RAM "skag_mem_bram/fidelity_mem_reg",trying to implement using LUTRAM
WARNING: [Synth 8-6849] Infeasible attribute ram_style = "block" set for RAM "skag_mem_bram/fidelity_mem_reg",trying to implement using LUTRAM
---------------------------------------------------------------------------------
Finished Cross Boundary and Area Optimization : Time (s): cpu = 00:00:10 ; elapsed = 00:00:10 . Memory (MB): peak = 2043.723 ; gain = 599.418 ; free physical = 4979 ; free virtual = 14964
---------------------------------------------------------------------------------
 Sort Area is  compute_weight4_0 : 0 0 : 1946 1946 : Used 1 time 0
 Sort Area is  compute_weight4_2 : 0 0 : 1946 1946 : Used 1 time 0
---------------------------------------------------------------------------------
Start ROM, RAM, DSP, Shift Register and Retiming Reporting
---------------------------------------------------------------------------------

Block RAM: Preliminary Mapping Report (see note below)
-------NONE-------
Note: The table above is a preliminary report that shows the Block RAMs at the current stage of the synthesis flow. Some Block RAMs may be reimplemented as non Block RAM primitives later in the synthesis flow. Multiple instantiated Block RAMs are reported only once. 

Distributed RAM: Preliminary Mapping Report (see note below)
+--------------+------------------+-----------+----------------------+---------------+
|Module Name   | RTL Object       | Inference | Size (Depth x Width) | Primitives    | 
+--------------+------------------+-----------+----------------------+---------------+
|skag_mem_bram | fidelity_mem_reg | Implied   | 4 K x 16             | RAM64M x 768  | 
+--------------+------------------+-----------+----------------------+---------------+

Note: The table above is a preliminary report that shows the Distributed RAMs at the current stage of the synthesis flow. Some Distributed RAMs may be reimplemented as non Distributed RAM primitives later in the synthesis flow. Multiple instantiated RAMs are reported only once.

DSP: Preliminary Mapping Report (see note below. The ' indicates corresponding REG is set)
+--------------+-------------+--------+--------+--------+--------+--------+------+------+------+------+-------+------+------+
|Module Name   | DSP Mapping | A Size | B Size | C Size | D Size | P Size | AREG | BREG | CREG | DREG | ADREG | MREG | PREG | 
+--------------+-------------+--------+--------+--------+--------+--------+------+------+------+------+-------+------+------+
|skag_mem_bram | A*B         | 16     | 16     | -      | -      | 32     | 0    | 0    | -    | -    | -     | 0    | 0    | 
|skag_mem_bram | A*B         | 16     | 16     | -      | -      | 32     | 0    | 0    | -    | -    | -     | 0    | 0    | 
+--------------+-------------+--------+--------+--------+--------+--------+------+------+------+------+-------+------+------+

Note: The table above is a preliminary report that shows the DSPs inferred at the current stage of the synthesis flow. Some DSP may be reimplemented as non DSP primitives later in the synthesis flow. Multiple instantiated DSPs are reported only once.
---------------------------------------------------------------------------------
Finished ROM, RAM, DSP, Shift Register and Retiming Reporting
---------------------------------------------------------------------------------
No constraint files found.
---------------------------------------------------------------------------------
Start Timing Optimization
---------------------------------------------------------------------------------
---------------------------------------------------------------------------------
Finished Timing Optimization : Time (s): cpu = 00:00:10 ; elapsed = 00:00:10 . Memory (MB): peak = 2043.723 ; gain = 599.418 ; free physical = 4977 ; free virtual = 14972
---------------------------------------------------------------------------------
---------------------------------------------------------------------------------
Start ROM, RAM, DSP, Shift Register and Retiming Reporting
---------------------------------------------------------------------------------

Block RAM: Final Mapping Report
-------NONE-------

Distributed RAM: Final Mapping Report
+--------------+------------------+-----------+----------------------+---------------+
|Module Name   | RTL Object       | Inference | Size (Depth x Width) | Primitives    | 
+--------------+------------------+-----------+----------------------+---------------+
|skag_mem_bram | fidelity_mem_reg | Implied   | 4 K x 16             | RAM64M x 768  | 
+--------------+------------------+-----------+----------------------+---------------+

---------------------------------------------------------------------------------
Finished ROM, RAM, DSP, Shift Register and Retiming Reporting
---------------------------------------------------------------------------------
---------------------------------------------------------------------------------
Start Technology Mapping
---------------------------------------------------------------------------------
INFO: [Synth 8-7052] The timing for the instance key_mem_reg_1_0 (implemented as a Block RAM) might be sub-optimal as no optional output register could be merged into the ram block. Providing additional output register may help in improving timing.
INFO: [Synth 8-7052] The timing for the instance key_mem_reg_1_1 (implemented as a Block RAM) might be sub-optimal as no optional output register could be merged into the ram block. Providing additional output register may help in improving timing.
INFO: [Synth 8-7052] The timing for the instance key_mem_reg_2_0 (implemented as a Block RAM) might be sub-optimal as no optional output register could be merged into the ram block. Providing additional output register may help in improving timing.
INFO: [Synth 8-7052] The timing for the instance key_mem_reg_2_1 (implemented as a Block RAM) might be sub-optimal as no optional output register could be merged into the ram block. Providing additional output register may help in improving timing.
INFO: [Synth 8-7052] The timing for the instance arrival_mem_reg_1_0 (implemented as a Block RAM) might be sub-optimal as no optional output register could be merged into the ram block. Providing additional output register may help in improving timing.
INFO: [Synth 8-7052] The timing for the instance arrival_mem_reg_1_1 (implemented as a Block RAM) might be sub-optimal as no optional output register could be merged into the ram block. Providing additional output register may help in improving timing.
INFO: [Synth 8-7052] The timing for the instance arrival_mem_reg_2_0 (implemented as a Block RAM) might be sub-optimal as no optional output register could be merged into the ram block. Providing additional output register may help in improving timing.
INFO: [Synth 8-7052] The timing for the instance arrival_mem_reg_2_1 (implemented as a Block RAM) might be sub-optimal as no optional output register could be merged into the ram block. Providing additional output register may help in improving timing.
INFO: [Synth 8-7052] The timing for the instance qber_mem_reg_1_0 (implemented as a Block RAM) might be sub-optimal as no optional output register could be merged into the ram block. Providing additional output register may help in improving timing.
INFO: [Synth 8-7052] The timing for the instance qber_mem_reg_1_1 (implemented as a Block RAM) might be sub-optimal as no optional output register could be merged into the ram block. Providing additional output register may help in improving timing.
INFO: [Synth 8-7052] The timing for the instance qber_mem_reg_2_0 (implemented as a Block RAM) might be sub-optimal as no optional output register could be merged into the ram block. Providing additional output register may help in improving timing.
INFO: [Synth 8-7052] The timing for the instance qber_mem_reg_2_1 (implemented as a Block RAM) might be sub-optimal as no optional output register could be merged into the ram block. Providing additional output register may help in improving timing.
---------------------------------------------------------------------------------
Finished Technology Mapping : Time (s): cpu = 00:00:11 ; elapsed = 00:00:11 . Memory (MB): peak = 2043.723 ; gain = 599.418 ; free physical = 4973 ; free virtual = 14968
---------------------------------------------------------------------------------
---------------------------------------------------------------------------------
Start IO Insertion
---------------------------------------------------------------------------------
---------------------------------------------------------------------------------
Start Flattening Before IO Insertion
---------------------------------------------------------------------------------
---------------------------------------------------------------------------------
Finished Flattening Before IO Insertion
---------------------------------------------------------------------------------
---------------------------------------------------------------------------------
Start Final Netlist Cleanup
---------------------------------------------------------------------------------
---------------------------------------------------------------------------------
Finished Final Netlist Cleanup
---------------------------------------------------------------------------------
---------------------------------------------------------------------------------
Finished IO Insertion : Time (s): cpu = 00:00:13 ; elapsed = 00:00:13 . Memory (MB): peak = 2162.535 ; gain = 718.230 ; free physical = 4885 ; free virtual = 14868
---------------------------------------------------------------------------------
---------------------------------------------------------------------------------
Start Renaming Generated Instances
---------------------------------------------------------------------------------
---------------------------------------------------------------------------------
Finished Renaming Generated Instances : Time (s): cpu = 00:00:13 ; elapsed = 00:00:13 . Memory (MB): peak = 2162.535 ; gain = 718.230 ; free physical = 4885 ; free virtual = 14868
---------------------------------------------------------------------------------
---------------------------------------------------------------------------------
Start Rebuilding User Hierarchy
---------------------------------------------------------------------------------
---------------------------------------------------------------------------------
Finished Rebuilding User Hierarchy : Time (s): cpu = 00:00:13 ; elapsed = 00:00:13 . Memory (MB): peak = 2162.535 ; gain = 718.230 ; free physical = 4871 ; free virtual = 14864
---------------------------------------------------------------------------------
---------------------------------------------------------------------------------
Start Renaming Generated Ports
---------------------------------------------------------------------------------
---------------------------------------------------------------------------------
Finished Renaming Generated Ports : Time (s): cpu = 00:00:13 ; elapsed = 00:00:13 . Memory (MB): peak = 2162.535 ; gain = 718.230 ; free physical = 4871 ; free virtual = 14864
---------------------------------------------------------------------------------
---------------------------------------------------------------------------------
Start Handling Custom Attributes
---------------------------------------------------------------------------------
---------------------------------------------------------------------------------
Finished Handling Custom Attributes : Time (s): cpu = 00:00:13 ; elapsed = 00:00:13 . Memory (MB): peak = 2166.504 ; gain = 722.199 ; free physical = 4871 ; free virtual = 14864
---------------------------------------------------------------------------------
---------------------------------------------------------------------------------
Start Renaming Generated Nets
---------------------------------------------------------------------------------
---------------------------------------------------------------------------------
Finished Renaming Generated Nets : Time (s): cpu = 00:00:13 ; elapsed = 00:00:13 . Memory (MB): peak = 2166.504 ; gain = 722.199 ; free physical = 4871 ; free virtual = 14864
---------------------------------------------------------------------------------
---------------------------------------------------------------------------------
Start Writing Synthesis Report
---------------------------------------------------------------------------------

DSP Final Report (the ' indicates corresponding REG is set)
+--------------+-------------+--------+--------+--------+--------+--------+------+------+------+------+-------+------+------+
|Module Name   | DSP Mapping | A Size | B Size | C Size | D Size | P Size | AREG | BREG | CREG | DREG | ADREG | MREG | PREG | 
+--------------+-------------+--------+--------+--------+--------+--------+------+------+------+------+-------+------+------+
|skag_mem_bram | A*B         | 16     | 16     | -      | -      | 32     | 0    | 0    | -    | -    | -     | 0    | 0    | 
|skag_mem_bram | A*B         | 16     | 16     | -      | -      | 32     | 0    | 0    | -    | -    | -     | 0    | 0    | 
+--------------+-------------+--------+--------+--------+--------+--------+------+------+------+------+-------+------+------+


Report BlackBoxes: 
+-+--------------+----------+
| |BlackBox name |Instances |
+-+--------------+----------+
+-+--------------+----------+

Report Cell Usage: 
+------+---------+------+
|      |Cell     |Count |
+------+---------+------+
|1     |CARRY4   |   986|
|2     |DSP48E1  |     2|
|3     |LUT1     |   181|
|4     |LUT2     |   489|
|5     |LUT3     |  2928|
|6     |LUT4     |    38|
|7     |LUT5     |   180|
|8     |LUT6     |   752|
|9     |MUXF7    |   256|
|10    |MUXF8    |   128|
|11    |RAM64M   |   640|
|12    |RAM64X1D |   128|
|13    |RAMB36E1 |    12|
|14    |FDCE     |   219|
|15    |FDPE     |   128|
|16    |FDRE     |    16|
+------+---------+------+

Report Instance Areas: 
+------+---------+-------+------+
|      |Instance |Module |Cells |
+------+---------+-------+------+
|1     |top      |       |  7083|
+------+---------+-------+------+
---------------------------------------------------------------------------------
Finished Writing Synthesis Report : Time (s): cpu = 00:00:13 ; elapsed = 00:00:13 . Memory (MB): peak = 2166.504 ; gain = 722.199 ; free physical = 4871 ; free virtual = 14864
---------------------------------------------------------------------------------
Synthesis finished with 0 errors, 0 critical warnings and 14 warnings.
Synthesis Optimization Runtime : Time (s): cpu = 00:00:13 ; elapsed = 00:00:13 . Memory (MB): peak = 2166.504 ; gain = 722.199 ; free physical = 4871 ; free virtual = 14864
Synthesis Optimization Complete : Time (s): cpu = 00:00:13 ; elapsed = 00:00:13 . Memory (MB): peak = 2166.512 ; gain = 722.199 ; free physical = 4871 ; free virtual = 14864
INFO: [Project 1-571] Translating synthesized netlist
Netlist sorting complete. Time (s): cpu = 00:00:00.04 ; elapsed = 00:00:00.04 . Memory (MB): peak = 2180.379 ; gain = 0.000 ; free physical = 4972 ; free virtual = 14964
INFO: [Netlist 29-17] Analyzing 2152 Unisim elements for replacement
INFO: [Netlist 29-28] Unisim Transformation completed in 0 CPU seconds
WARNING: [Netlist 29-101] Netlist 'skag_mem_bram' is not ideal for floorplanning, since the cellview 'skag_mem_bram' contains a large number of primitives.  Please consider enabling hierarchy in synthesis if you want to do floorplanning.
INFO: [Project 1-570] Preparing netlist for logic optimization
INFO: [Opt 31-138] Pushed 0 inverter(s) to 0 load pin(s).
Netlist sorting complete. Time (s): cpu = 00:00:00 ; elapsed = 00:00:00 . Memory (MB): peak = 2343.812 ; gain = 0.000 ; free physical = 4856 ; free virtual = 14843
INFO: [Project 1-111] Unisim Transformation Summary:
  A total of 768 instances were transformed.
  RAM64M => RAM64M (RAMD64E(x4)): 640 instances
  RAM64X1D => RAM64X1D (RAMD64E(x2)): 128 instances

Synth Design complete | Checksum: 27890d29
INFO: [Common 17-83] Releasing license: Synthesis
32 Infos, 15 Warnings, 0 Critical Warnings and 0 Errors encountered.
synth_design completed successfully
synth_design: Time (s): cpu = 00:00:20 ; elapsed = 00:00:18 . Memory (MB): peak = 2343.812 ; gain = 899.512 ; free physical = 4857 ; free virtual = 14848
INFO: [Common 17-2834] synth_design peak Physical Memory [PSS] (MB): overall = 1817.291; main = 1817.291; forked = 324.984
INFO: [Common 17-2834] synth_design peak Virtual Memory [VSS] (MB): overall = 2961.793; main = 2343.816; forked = 918.066
# create_clock -name clk -period 10.000 [get_ports clk]
# report_utilization   -file $outdir/skag_mem_bram_utilization.rpt
# report_timing_summary -file $outdir/skag_mem_bram_timing_summary.rpt
INFO: [Timing 38-35] Done setting XDC timing constraints.
INFO: [Timing 38-91] UpdateTimingParams: Speed grade: -1, Delay Type: min_max.
INFO: [Timing 38-191] Multithreading enabled for timing update using a maximum of 8 CPUs
WARNING: [Timing 38-242] The property HD.CLK_SRC of clock port "clk" is not set. In out-of-context mode, this prevents timing estimation for clock delay/skew
Resolution: Set the HD.CLK_SRC property of the out-of-context port to the location of the clock buffer instance in the top-level design
report_timing_summary: Time (s): cpu = 00:00:13 ; elapsed = 00:00:07 . Memory (MB): peak = 2670.961 ; gain = 327.148 ; free physical = 4705 ; free virtual = 14693
# close_project
# exit
INFO: [Common 17-206] Exiting Vivado at Sun Mar 15 05:29:32 2026...
