Copyright 1986-2022 Xilinx, Inc. All Rights Reserved. Copyright 2022-2024 Advanced Micro Devices, Inc. All Rights Reserved.
---------------------------------------------------------------------------------------------------------------------------------------------
| Tool Version : Vivado v.2024.2 (lin64) Build 5239630 Fri Nov 08 22:34:34 MST 2024
| Date         : Sun Mar 15 13:07:17 2026
| Host         : Shahriars-Unix running 64-bit Ubuntu 24.04.3 LTS
| Command      : report_utilization -hierarchical -hierarchical_depth 3 -file results/phase9e/qflow_top_tc3_utilization.rpt
| Design       : qflow_top_tc3
| Device       : xc7a200tfbg484-1
| Speed File   : -1
| Design State : Synthesized
---------------------------------------------------------------------------------------------------------------------------------------------

Utilization Design Information

Table of Contents
-----------------
1. Utilization by Hierarchy

1. Utilization by Hierarchy
---------------------------

+----------------------------+--------------------------------------+------------+------------+---------+------+------+--------+--------+------------+
|          Instance          |                Module                | Total LUTs | Logic LUTs | LUTRAMs | SRLs |  FFs | RAMB36 | RAMB18 | DSP Blocks |
+----------------------------+--------------------------------------+------------+------------+---------+------+------+--------+--------+------------+
| qflow_top_tc3              |                                (top) |       3855 |       3855 |       0 |    0 | 1042 |     16 |      0 |          5 |
|   (qflow_top_tc3)          |                                (top) |          0 |          0 |       0 |    0 |   36 |      0 |      0 |          0 |
|   u_fdpe                   |                                 fdpe |        436 |        436 |       0 |    0 |  118 |      0 |      0 |          4 |
|   u_pmo_ga                 |                      pmo_ga_multigen |        322 |        322 |       0 |    0 |  148 |      0 |      0 |          0 |
|     (u_pmo_ga)             |                      pmo_ga_multigen |         44 |         44 |       0 |    0 |   67 |      0 |      0 |          0 |
|     u_global_elite         |                           ga_elitism |        278 |        278 |       0 |    0 |   81 |      0 |      0 |          0 |
|       (u_global_elite)     |                           ga_elitism |         74 |         74 |       0 |    0 |   81 |      0 |      0 |          0 |
|       u_select             |                            ga_select |        204 |        204 |       0 |    0 |    0 |      0 |      0 |          0 |
|   u_prng                   |                      xorshift128plus |        312 |        312 |       0 |    0 |  194 |      0 |      0 |          0 |
|   u_skag                   |                         skag_mem_tc3 |       2785 |       2785 |       0 |    0 |  546 |     16 |      0 |          1 |
|     (u_skag)               |                         skag_mem_tc3 |       2781 |       2781 |       0 |    0 |  546 |      6 |      0 |          1 |
|     base_mem_xpm           |    xpm_memory_tdpram__parameterized0 |          2 |          2 |       0 |    0 |    0 |      4 |      0 |          0 |
|       (base_mem_xpm)       |    xpm_memory_tdpram__parameterized0 |          0 |          0 |       0 |    0 |    0 |      0 |      0 |          0 |
|       xpm_memory_base_inst |      xpm_memory_base__parameterized0 |          2 |          2 |       0 |    0 |    0 |      4 |      0 |          0 |
|     fidelity_mem_xpm       |                    xpm_memory_tdpram |          1 |          1 |       0 |    0 |    0 |      2 |      0 |          0 |
|       (fidelity_mem_xpm)   |                    xpm_memory_tdpram |          0 |          0 |       0 |    0 |    0 |      0 |      0 |          0 |
|       xpm_memory_base_inst |                      xpm_memory_base |          1 |          1 |       0 |    0 |    0 |      2 |      0 |          0 |
|     weight_mem_xpm         | xpm_memory_tdpram__parameterized0__1 |          1 |          1 |       0 |    0 |    0 |      4 |      0 |          0 |
|       (weight_mem_xpm)     | xpm_memory_tdpram__parameterized0__1 |          0 |          0 |       0 |    0 |    0 |      0 |      0 |          0 |
|       xpm_memory_base_inst |   xpm_memory_base__parameterized0__1 |          1 |          1 |       0 |    0 |    0 |      4 |      0 |          0 |
+----------------------------+--------------------------------------+------------+------------+---------+------+------+--------+--------+------------+


