
 /----------------------------------------------------------------------------\
 |  yosys -- Yosys Open SYnthesis Suite                                       |
 |  Copyright (C) 2012 - 2025  Claire Xenia Wolf <claire@yosyshq.com>         |
 |  Distributed under an ISC-like license, type "license" to see terms        |
 \----------------------------------------------------------------------------/
 Yosys 0.51 (git sha1 c4b519022, clang++ 18.1.3 -fPIC -O3)

-- Executing script file `results/lint_static/yosys_synth.ys' --

1. Executing Verilog-2005 frontend: rtl/fdpe_kernel.v
Parsing SystemVerilog input from `rtl/fdpe_kernel.v' to AST representation.
Generating RTLIL representation for module `\fdpe_kernel'.
Successfully finished Verilog frontend.

2. Executing Verilog-2005 frontend: rtl/skag_weight_kernel.v
Parsing SystemVerilog input from `rtl/skag_weight_kernel.v' to AST representation.
Generating RTLIL representation for module `\skag_weight_kernel'.
Successfully finished Verilog frontend.

3. Executing Verilog-2005 frontend: rtl/path_selector_kernel.v
Parsing SystemVerilog input from `rtl/path_selector_kernel.v' to AST representation.
Generating RTLIL representation for module `\path_selector_kernel'.
Successfully finished Verilog frontend.

4. Executing Verilog-2005 frontend: rtl/qflow_cloud_kernel.v
Parsing SystemVerilog input from `rtl/qflow_cloud_kernel.v' to AST representation.
Generating RTLIL representation for module `\qflow_cloud_kernel'.
Successfully finished Verilog frontend.

5. Executing HIERARCHY pass (managing design hierarchy).

5.1. Analyzing design hierarchy..
Top module:  \qflow_cloud_kernel
Used module:     \skag_weight_kernel
Used module:     \fdpe_kernel
Used module:     \path_selector_kernel

5.2. Analyzing design hierarchy..
Top module:  \qflow_cloud_kernel
Used module:     \skag_weight_kernel
Used module:     \fdpe_kernel
Used module:     \path_selector_kernel
Removed 0 unused modules.

6. Executing PROC pass (convert processes to netlists).

6.1. Executing PROC_CLEAN pass (remove empty switches from decision trees).
Removing empty process `fdpe_kernel.$proc$rtl/fdpe_kernel.v:0$4'.
Cleaned up 0 empty switches.

6.2. Executing PROC_RMDEAD pass (remove dead branches from decision trees).
Marked 3 switch rules as full_case in process $proc$rtl/qflow_cloud_kernel.v:103$271 in module qflow_cloud_kernel.
Marked 68 switch rules as full_case in process $proc$rtl/path_selector_kernel.v:50$24 in module path_selector_kernel.
Marked 6 switch rules as full_case in process $proc$rtl/skag_weight_kernel.v:33$5 in module skag_weight_kernel.
Removed a total of 0 dead cases.

6.3. Executing PROC_PRUNE pass (remove redundant assignments in processes).
Removed 1 redundant assignment.
Promoted 21 assignments to connections.

6.4. Executing PROC_INIT pass (extract init attributes).

6.5. Executing PROC_ARST pass (detect async resets in processes).

6.6. Executing PROC_ROM pass (convert switches to ROMs).
Converted 0 switches.
<suppressed ~77 debug messages>

6.7. Executing PROC_MUX pass (convert decision trees to multiplexers).
Creating decoders for process `\qflow_cloud_kernel.$proc$rtl/qflow_cloud_kernel.v:103$271'.
     1/8: $0\done[0:0]
     2/8: $0\running[0:0]
     3/8: $0\latency_cycles[31:0]
     4/8: $0\no_path[0:0]
     5/8: $0\valid_path[0:0]
     6/8: $0\bottleneck_fidelity[15:0]
     7/8: $0\best_weight[31:0]
     8/8: $0\selected_path_id[1:0]
Creating decoders for process `\path_selector_kernel.$proc$rtl/path_selector_kernel.v:50$24'.
     1/320: $4\bottleneck_fidelity[15:0]
     2/320: $4\best_weight[31:0]
     3/320: $4\selected_path_id[1:0]
     4/320: $4\valid_path[0:0]
     5/320: $64\cand_bottleneck[15:0]
     6/320: $48\cand_valid[0:0]
     7/320: $63\cand_bottleneck[15:0]
     8/320: $48\cand_score[31:0]
     9/320: $47\cand_valid[0:0]
    10/320: $32\eid_idx[2:0]
    11/320: $32\edge_fid[15:0]
    12/320: $62\cand_bottleneck[15:0]
    13/320: $47\cand_score[31:0]
    14/320: $32\edge_valid[0:0]
    15/320: $32\edge_score[31:0]
    16/320: $31\eid_idx[2:0]
    17/320: $31\edge_fid[15:0]
    18/320: $46\cand_valid[0:0]
    19/320: $61\cand_bottleneck[15:0]
    20/320: $46\cand_score[31:0]
    21/320: $31\edge_valid[0:0]
    22/320: $31\edge_score[31:0]
    23/320: $16\eid[3:0]
    24/320: $60\cand_bottleneck[15:0]
    25/320: $45\cand_valid[0:0]
    26/320: $59\cand_bottleneck[15:0]
    27/320: $45\cand_score[31:0]
    28/320: $44\cand_valid[0:0]
    29/320: $30\eid_idx[2:0]
    30/320: $30\edge_fid[15:0]
    31/320: $58\cand_bottleneck[15:0]
    32/320: $44\cand_score[31:0]
    33/320: $30\edge_valid[0:0]
    34/320: $30\edge_score[31:0]
    35/320: $29\eid_idx[2:0]
    36/320: $29\edge_fid[15:0]
    37/320: $43\cand_valid[0:0]
    38/320: $57\cand_bottleneck[15:0]
    39/320: $43\cand_score[31:0]
    40/320: $29\edge_valid[0:0]
    41/320: $29\edge_score[31:0]
    42/320: $15\eid[3:0]
    43/320: $56\cand_bottleneck[15:0]
    44/320: $42\cand_valid[0:0]
    45/320: $55\cand_bottleneck[15:0]
    46/320: $42\cand_score[31:0]
    47/320: $41\cand_valid[0:0]
    48/320: $28\eid_idx[2:0]
    49/320: $28\edge_fid[15:0]
    50/320: $54\cand_bottleneck[15:0]
    51/320: $41\cand_score[31:0]
    52/320: $28\edge_valid[0:0]
    53/320: $28\edge_score[31:0]
    54/320: $27\eid_idx[2:0]
    55/320: $27\edge_fid[15:0]
    56/320: $40\cand_valid[0:0]
    57/320: $53\cand_bottleneck[15:0]
    58/320: $40\cand_score[31:0]
    59/320: $27\edge_valid[0:0]
    60/320: $27\edge_score[31:0]
    61/320: $14\eid[3:0]
    62/320: $52\cand_bottleneck[15:0]
    63/320: $39\cand_valid[0:0]
    64/320: $51\cand_bottleneck[15:0]
    65/320: $39\cand_score[31:0]
    66/320: $38\cand_valid[0:0]
    67/320: $26\eid_idx[2:0]
    68/320: $26\edge_fid[15:0]
    69/320: $50\cand_bottleneck[15:0]
    70/320: $38\cand_score[31:0]
    71/320: $26\edge_valid[0:0]
    72/320: $26\edge_score[31:0]
    73/320: $25\eid_idx[2:0]
    74/320: $25\edge_fid[15:0]
    75/320: $37\cand_valid[0:0]
    76/320: $49\cand_bottleneck[15:0]
    77/320: $37\cand_score[31:0]
    78/320: $25\edge_valid[0:0]
    79/320: $25\edge_score[31:0]
    80/320: $13\eid[3:0]
    81/320: $3\bottleneck_fidelity[15:0]
    82/320: $3\best_weight[31:0]
    83/320: $3\selected_path_id[1:0]
    84/320: $3\valid_path[0:0]
    85/320: $48\cand_bottleneck[15:0]
    86/320: $36\cand_valid[0:0]
    87/320: $47\cand_bottleneck[15:0]
    88/320: $36\cand_score[31:0]
    89/320: $35\cand_valid[0:0]
    90/320: $24\eid_idx[2:0]
    91/320: $24\edge_fid[15:0]
    92/320: $46\cand_bottleneck[15:0]
    93/320: $35\cand_score[31:0]
    94/320: $24\edge_valid[0:0]
    95/320: $24\edge_score[31:0]
    96/320: $23\eid_idx[2:0]
    97/320: $23\edge_fid[15:0]
    98/320: $34\cand_valid[0:0]
    99/320: $45\cand_bottleneck[15:0]
   100/320: $34\cand_score[31:0]
   101/320: $23\edge_valid[0:0]
   102/320: $23\edge_score[31:0]
   103/320: $12\eid[3:0]
   104/320: $44\cand_bottleneck[15:0]
   105/320: $33\cand_valid[0:0]
   106/320: $43\cand_bottleneck[15:0]
   107/320: $33\cand_score[31:0]
   108/320: $32\cand_valid[0:0]
   109/320: $22\eid_idx[2:0]
   110/320: $22\edge_fid[15:0]
   111/320: $42\cand_bottleneck[15:0]
   112/320: $32\cand_score[31:0]
   113/320: $22\edge_valid[0:0]
   114/320: $22\edge_score[31:0]
   115/320: $21\eid_idx[2:0]
   116/320: $21\edge_fid[15:0]
   117/320: $31\cand_valid[0:0]
   118/320: $41\cand_bottleneck[15:0]
   119/320: $31\cand_score[31:0]
   120/320: $21\edge_valid[0:0]
   121/320: $21\edge_score[31:0]
   122/320: $11\eid[3:0]
   123/320: $40\cand_bottleneck[15:0]
   124/320: $30\cand_valid[0:0]
   125/320: $39\cand_bottleneck[15:0]
   126/320: $30\cand_score[31:0]
   127/320: $29\cand_valid[0:0]
   128/320: $20\eid_idx[2:0]
   129/320: $20\edge_fid[15:0]
   130/320: $38\cand_bottleneck[15:0]
   131/320: $29\cand_score[31:0]
   132/320: $20\edge_valid[0:0]
   133/320: $20\edge_score[31:0]
   134/320: $19\eid_idx[2:0]
   135/320: $19\edge_fid[15:0]
   136/320: $28\cand_valid[0:0]
   137/320: $37\cand_bottleneck[15:0]
   138/320: $28\cand_score[31:0]
   139/320: $19\edge_valid[0:0]
   140/320: $19\edge_score[31:0]
   141/320: $10\eid[3:0]
   142/320: $36\cand_bottleneck[15:0]
   143/320: $27\cand_valid[0:0]
   144/320: $35\cand_bottleneck[15:0]
   145/320: $27\cand_score[31:0]
   146/320: $26\cand_valid[0:0]
   147/320: $18\eid_idx[2:0]
   148/320: $18\edge_fid[15:0]
   149/320: $34\cand_bottleneck[15:0]
   150/320: $26\cand_score[31:0]
   151/320: $18\edge_valid[0:0]
   152/320: $18\edge_score[31:0]
   153/320: $17\eid_idx[2:0]
   154/320: $17\edge_fid[15:0]
   155/320: $25\cand_valid[0:0]
   156/320: $33\cand_bottleneck[15:0]
   157/320: $25\cand_score[31:0]
   158/320: $17\edge_valid[0:0]
   159/320: $17\edge_score[31:0]
   160/320: $9\eid[3:0]
   161/320: $2\bottleneck_fidelity[15:0]
   162/320: $2\best_weight[31:0]
   163/320: $2\selected_path_id[1:0]
   164/320: $2\valid_path[0:0]
   165/320: $32\cand_bottleneck[15:0]
   166/320: $24\cand_valid[0:0]
   167/320: $31\cand_bottleneck[15:0]
   168/320: $24\cand_score[31:0]
   169/320: $23\cand_valid[0:0]
   170/320: $16\eid_idx[2:0]
   171/320: $16\edge_fid[15:0]
   172/320: $30\cand_bottleneck[15:0]
   173/320: $23\cand_score[31:0]
   174/320: $16\edge_valid[0:0]
   175/320: $16\edge_score[31:0]
   176/320: $15\eid_idx[2:0]
   177/320: $15\edge_fid[15:0]
   178/320: $22\cand_valid[0:0]
   179/320: $29\cand_bottleneck[15:0]
   180/320: $22\cand_score[31:0]
   181/320: $15\edge_valid[0:0]
   182/320: $15\edge_score[31:0]
   183/320: $8\eid[3:0]
   184/320: $28\cand_bottleneck[15:0]
   185/320: $21\cand_valid[0:0]
   186/320: $27\cand_bottleneck[15:0]
   187/320: $21\cand_score[31:0]
   188/320: $20\cand_valid[0:0]
   189/320: $14\eid_idx[2:0]
   190/320: $14\edge_fid[15:0]
   191/320: $26\cand_bottleneck[15:0]
   192/320: $20\cand_score[31:0]
   193/320: $14\edge_valid[0:0]
   194/320: $14\edge_score[31:0]
   195/320: $13\eid_idx[2:0]
   196/320: $13\edge_fid[15:0]
   197/320: $19\cand_valid[0:0]
   198/320: $25\cand_bottleneck[15:0]
   199/320: $19\cand_score[31:0]
   200/320: $13\edge_valid[0:0]
   201/320: $13\edge_score[31:0]
   202/320: $7\eid[3:0]
   203/320: $24\cand_bottleneck[15:0]
   204/320: $18\cand_valid[0:0]
   205/320: $23\cand_bottleneck[15:0]
   206/320: $18\cand_score[31:0]
   207/320: $17\cand_valid[0:0]
   208/320: $12\eid_idx[2:0]
   209/320: $12\edge_fid[15:0]
   210/320: $22\cand_bottleneck[15:0]
   211/320: $17\cand_score[31:0]
   212/320: $12\edge_valid[0:0]
   213/320: $12\edge_score[31:0]
   214/320: $11\eid_idx[2:0]
   215/320: $11\edge_fid[15:0]
   216/320: $16\cand_valid[0:0]
   217/320: $21\cand_bottleneck[15:0]
   218/320: $16\cand_score[31:0]
   219/320: $11\edge_valid[0:0]
   220/320: $11\edge_score[31:0]
   221/320: $6\eid[3:0]
   222/320: $20\cand_bottleneck[15:0]
   223/320: $15\cand_valid[0:0]
   224/320: $19\cand_bottleneck[15:0]
   225/320: $15\cand_score[31:0]
   226/320: $14\cand_valid[0:0]
   227/320: $10\eid_idx[2:0]
   228/320: $10\edge_fid[15:0]
   229/320: $18\cand_bottleneck[15:0]
   230/320: $14\cand_score[31:0]
   231/320: $10\edge_valid[0:0]
   232/320: $10\edge_score[31:0]
   233/320: $9\eid_idx[2:0]
   234/320: $9\edge_fid[15:0]
   235/320: $13\cand_valid[0:0]
   236/320: $17\cand_bottleneck[15:0]
   237/320: $13\cand_score[31:0]
   238/320: $9\edge_valid[0:0]
   239/320: $9\edge_score[31:0]
   240/320: $5\eid[3:0]
   241/320: $1\bottleneck_fidelity[15:0]
   242/320: $1\best_weight[31:0]
   243/320: $1\selected_path_id[1:0]
   244/320: $1\valid_path[0:0]
   245/320: $16\cand_bottleneck[15:0]
   246/320: $12\cand_valid[0:0]
   247/320: $15\cand_bottleneck[15:0]
   248/320: $12\cand_score[31:0]
   249/320: $11\cand_valid[0:0]
   250/320: $8\eid_idx[2:0]
   251/320: $8\edge_fid[15:0]
   252/320: $14\cand_bottleneck[15:0]
   253/320: $11\cand_score[31:0]
   254/320: $8\edge_valid[0:0]
   255/320: $8\edge_score[31:0]
   256/320: $7\eid_idx[2:0]
   257/320: $7\edge_fid[15:0]
   258/320: $10\cand_valid[0:0]
   259/320: $13\cand_bottleneck[15:0]
   260/320: $10\cand_score[31:0]
   261/320: $7\edge_valid[0:0]
   262/320: $7\edge_score[31:0]
   263/320: $4\eid[3:0]
   264/320: $12\cand_bottleneck[15:0]
   265/320: $9\cand_valid[0:0]
   266/320: $11\cand_bottleneck[15:0]
   267/320: $9\cand_score[31:0]
   268/320: $8\cand_valid[0:0]
   269/320: $6\eid_idx[2:0]
   270/320: $6\edge_fid[15:0]
   271/320: $10\cand_bottleneck[15:0]
   272/320: $8\cand_score[31:0]
   273/320: $6\edge_valid[0:0]
   274/320: $6\edge_score[31:0]
   275/320: $5\eid_idx[2:0]
   276/320: $5\edge_fid[15:0]
   277/320: $7\cand_valid[0:0]
   278/320: $9\cand_bottleneck[15:0]
   279/320: $7\cand_score[31:0]
   280/320: $5\edge_valid[0:0]
   281/320: $5\edge_score[31:0]
   282/320: $3\eid[3:0]
   283/320: $8\cand_bottleneck[15:0]
   284/320: $6\cand_valid[0:0]
   285/320: $7\cand_bottleneck[15:0]
   286/320: $6\cand_score[31:0]
   287/320: $5\cand_valid[0:0]
   288/320: $4\eid_idx[2:0]
   289/320: $4\edge_fid[15:0]
   290/320: $6\cand_bottleneck[15:0]
   291/320: $5\cand_score[31:0]
   292/320: $4\edge_valid[0:0]
   293/320: $4\edge_score[31:0]
   294/320: $3\eid_idx[2:0]
   295/320: $3\edge_fid[15:0]
   296/320: $4\cand_valid[0:0]
   297/320: $5\cand_bottleneck[15:0]
   298/320: $4\cand_score[31:0]
   299/320: $3\edge_valid[0:0]
   300/320: $3\edge_score[31:0]
   301/320: $2\eid[3:0]
   302/320: $4\cand_bottleneck[15:0]
   303/320: $3\cand_valid[0:0]
   304/320: $3\cand_bottleneck[15:0]
   305/320: $3\cand_score[31:0]
   306/320: $2\cand_valid[0:0]
   307/320: $2\eid_idx[2:0]
   308/320: $2\edge_fid[15:0]
   309/320: $2\cand_bottleneck[15:0]
   310/320: $2\cand_score[31:0]
   311/320: $2\edge_valid[0:0]
   312/320: $2\edge_score[31:0]
   313/320: $1\eid_idx[2:0]
   314/320: $1\edge_fid[15:0]
   315/320: $1\cand_valid[0:0]
   316/320: $1\cand_bottleneck[15:0]
   317/320: $1\cand_score[31:0]
   318/320: $1\edge_valid[0:0]
   319/320: $1\edge_score[31:0]
   320/320: $1\eid[3:0]
Creating decoders for process `\skag_weight_kernel.$proc$rtl/skag_weight_kernel.v:33$5'.
     1/6: $1\edge_score[31:0]
     2/6: $2\arrival_penalty[31:0]
     3/6: $1\arrival_penalty[31:0]
     4/6: $3\scarcity_penalty[31:0]
     5/6: $2\scarcity_penalty[31:0]
     6/6: $1\scarcity_penalty[31:0]

6.8. Executing PROC_DLATCH pass (convert process syncs to latches).
No latch inferred for signal `\path_selector_kernel.\edge_score' from process `\path_selector_kernel.$proc$rtl/path_selector_kernel.v:50$24'.
No latch inferred for signal `\path_selector_kernel.\edge_valid' from process `\path_selector_kernel.$proc$rtl/path_selector_kernel.v:50$24'.
No latch inferred for signal `\path_selector_kernel.\selected_path_id' from process `\path_selector_kernel.$proc$rtl/path_selector_kernel.v:50$24'.
No latch inferred for signal `\path_selector_kernel.\best_weight' from process `\path_selector_kernel.$proc$rtl/path_selector_kernel.v:50$24'.
No latch inferred for signal `\path_selector_kernel.\bottleneck_fidelity' from process `\path_selector_kernel.$proc$rtl/path_selector_kernel.v:50$24'.
No latch inferred for signal `\path_selector_kernel.\valid_path' from process `\path_selector_kernel.$proc$rtl/path_selector_kernel.v:50$24'.
No latch inferred for signal `\path_selector_kernel.\c' from process `\path_selector_kernel.$proc$rtl/path_selector_kernel.v:50$24'.
No latch inferred for signal `\path_selector_kernel.\k' from process `\path_selector_kernel.$proc$rtl/path_selector_kernel.v:50$24'.
No latch inferred for signal `\path_selector_kernel.\eid' from process `\path_selector_kernel.$proc$rtl/path_selector_kernel.v:50$24'.
No latch inferred for signal `\path_selector_kernel.\cand_len' from process `\path_selector_kernel.$proc$rtl/path_selector_kernel.v:50$24'.
No latch inferred for signal `\path_selector_kernel.\cand_score' from process `\path_selector_kernel.$proc$rtl/path_selector_kernel.v:50$24'.
No latch inferred for signal `\path_selector_kernel.\cand_bottleneck' from process `\path_selector_kernel.$proc$rtl/path_selector_kernel.v:50$24'.
No latch inferred for signal `\path_selector_kernel.\cand_valid' from process `\path_selector_kernel.$proc$rtl/path_selector_kernel.v:50$24'.
No latch inferred for signal `\path_selector_kernel.\edge_fid' from process `\path_selector_kernel.$proc$rtl/path_selector_kernel.v:50$24'.
No latch inferred for signal `\path_selector_kernel.\eid_idx' from process `\path_selector_kernel.$proc$rtl/path_selector_kernel.v:50$24'.
No latch inferred for signal `\skag_weight_kernel.\edge_score' from process `\skag_weight_kernel.$proc$rtl/skag_weight_kernel.v:33$5'.
No latch inferred for signal `\skag_weight_kernel.\edge_valid' from process `\skag_weight_kernel.$proc$rtl/skag_weight_kernel.v:33$5'.
No latch inferred for signal `\skag_weight_kernel.\scarcity_penalty' from process `\skag_weight_kernel.$proc$rtl/skag_weight_kernel.v:33$5'.
No latch inferred for signal `\skag_weight_kernel.\arrival_penalty' from process `\skag_weight_kernel.$proc$rtl/skag_weight_kernel.v:33$5'.
No latch inferred for signal `\skag_weight_kernel.\fidelity_penalty' from process `\skag_weight_kernel.$proc$rtl/skag_weight_kernel.v:33$5'.
No latch inferred for signal `\skag_weight_kernel.\qber_penalty' from process `\skag_weight_kernel.$proc$rtl/skag_weight_kernel.v:33$5'.

6.9. Executing PROC_DFF pass (convert process syncs to FFs).
Creating register for signal `\qflow_cloud_kernel.\selected_path_id' using process `\qflow_cloud_kernel.$proc$rtl/qflow_cloud_kernel.v:103$271'.
  created $dff cell `$procdff$2108' with positive edge clock.
Creating register for signal `\qflow_cloud_kernel.\best_weight' using process `\qflow_cloud_kernel.$proc$rtl/qflow_cloud_kernel.v:103$271'.
  created $dff cell `$procdff$2109' with positive edge clock.
Creating register for signal `\qflow_cloud_kernel.\bottleneck_fidelity' using process `\qflow_cloud_kernel.$proc$rtl/qflow_cloud_kernel.v:103$271'.
  created $dff cell `$procdff$2110' with positive edge clock.
Creating register for signal `\qflow_cloud_kernel.\valid_path' using process `\qflow_cloud_kernel.$proc$rtl/qflow_cloud_kernel.v:103$271'.
  created $dff cell `$procdff$2111' with positive edge clock.
Creating register for signal `\qflow_cloud_kernel.\done' using process `\qflow_cloud_kernel.$proc$rtl/qflow_cloud_kernel.v:103$271'.
  created $dff cell `$procdff$2112' with positive edge clock.
Creating register for signal `\qflow_cloud_kernel.\no_path' using process `\qflow_cloud_kernel.$proc$rtl/qflow_cloud_kernel.v:103$271'.
  created $dff cell `$procdff$2113' with positive edge clock.
Creating register for signal `\qflow_cloud_kernel.\latency_cycles' using process `\qflow_cloud_kernel.$proc$rtl/qflow_cloud_kernel.v:103$271'.
  created $dff cell `$procdff$2114' with positive edge clock.
Creating register for signal `\qflow_cloud_kernel.\running' using process `\qflow_cloud_kernel.$proc$rtl/qflow_cloud_kernel.v:103$271'.
  created $dff cell `$procdff$2115' with positive edge clock.

6.10. Executing PROC_MEMWR pass (convert process memory writes to cells).

6.11. Executing PROC_CLEAN pass (remove empty switches from decision trees).
Found and cleaned up 3 empty switches in `\qflow_cloud_kernel.$proc$rtl/qflow_cloud_kernel.v:103$271'.
Removing empty process `qflow_cloud_kernel.$proc$rtl/qflow_cloud_kernel.v:103$271'.
Found and cleaned up 68 empty switches in `\path_selector_kernel.$proc$rtl/path_selector_kernel.v:50$24'.
Removing empty process `path_selector_kernel.$proc$rtl/path_selector_kernel.v:50$24'.
Found and cleaned up 6 empty switches in `\skag_weight_kernel.$proc$rtl/skag_weight_kernel.v:33$5'.
Removing empty process `skag_weight_kernel.$proc$rtl/skag_weight_kernel.v:33$5'.
Cleaned up 77 empty switches.

6.12. Executing OPT_EXPR pass (perform const folding).
Optimizing module qflow_cloud_kernel.
<suppressed ~10 debug messages>
Optimizing module path_selector_kernel.
<suppressed ~7 debug messages>
Optimizing module skag_weight_kernel.
<suppressed ~4 debug messages>
Optimizing module fdpe_kernel.

7. Executing OPT pass (performing simple optimizations).

7.1. Executing OPT_EXPR pass (perform const folding).
Optimizing module qflow_cloud_kernel.
Optimizing module path_selector_kernel.
<suppressed ~100 debug messages>
Optimizing module skag_weight_kernel.
Optimizing module fdpe_kernel.

7.2. Executing OPT_MERGE pass (detect identical cells).
Finding identical cells in module `\qflow_cloud_kernel'.
Finding identical cells in module `\path_selector_kernel'.
Finding identical cells in module `\skag_weight_kernel'.
Finding identical cells in module `\fdpe_kernel'.
Removed a total of 0 cells.

7.3. Executing OPT_MUXTREE pass (detect dead branches in mux trees).
Running muxtree optimizer on module \qflow_cloud_kernel..
  Creating internal representation of mux trees.
  Evaluating internal representation of mux trees.
      Replacing known input bits on port A of cell $procmux$289: \running -> 1'0
  Analyzing evaluation results.
Running muxtree optimizer on module \path_selector_kernel..
  Creating internal representation of mux trees.
  Evaluating internal representation of mux trees.
  Analyzing evaluation results.
    dead port 1/2 on $mux $procmux$1971.
    dead port 2/2 on $mux $procmux$1971.
    dead port 1/2 on $mux $procmux$1968.
    dead port 2/2 on $mux $procmux$1968.
    dead port 1/2 on $mux $procmux$1965.
    dead port 2/2 on $mux $procmux$1965.
    dead port 1/2 on $mux $procmux$1953.
    dead port 2/2 on $mux $procmux$1953.
    dead port 1/2 on $mux $procmux$1950.
    dead port 2/2 on $mux $procmux$1950.
    dead port 1/2 on $mux $procmux$1947.
    dead port 2/2 on $mux $procmux$1947.
    dead port 1/2 on $mux $procmux$1945.
    dead port 2/2 on $mux $procmux$1945.
    dead port 1/2 on $mux $procmux$1941.
    dead port 2/2 on $mux $procmux$1941.
    dead port 1/2 on $mux $procmux$1939.
    dead port 2/2 on $mux $procmux$1939.
    dead port 2/2 on $mux $procmux$1935.
    dead port 2/2 on $mux $procmux$1929.
    dead port 1/2 on $mux $procmux$1923.
    dead port 2/2 on $mux $procmux$1923.
    dead port 1/2 on $mux $procmux$1921.
    dead port 2/2 on $mux $procmux$1921.
    dead port 1/2 on $mux $procmux$1917.
    dead port 2/2 on $mux $procmux$1917.
    dead port 1/2 on $mux $procmux$1915.
    dead port 2/2 on $mux $procmux$1915.
    dead port 2/2 on $mux $procmux$1911.
    dead port 2/2 on $mux $procmux$1905.
    dead port 1/2 on $mux $procmux$1903.
    dead port 2/2 on $mux $procmux$1896.
    dead port 1/2 on $mux $procmux$1894.
    dead port 2/2 on $mux $procmux$1887.
    dead port 1/2 on $mux $procmux$1885.
    dead port 2/2 on $mux $procmux$1878.
    dead port 1/2 on $mux $procmux$1876.
    dead port 1/2 on $mux $procmux$1873.
    dead port 1/2 on $mux $procmux$1866.
    dead port 2/2 on $mux $procmux$1866.
    dead port 1/2 on $mux $procmux$1863.
    dead port 2/2 on $mux $procmux$1863.
    dead port 1/2 on $mux $procmux$1860.
    dead port 2/2 on $mux $procmux$1860.
    dead port 1/2 on $mux $procmux$1848.
    dead port 2/2 on $mux $procmux$1848.
    dead port 1/2 on $mux $procmux$1845.
    dead port 2/2 on $mux $procmux$1845.
    dead port 1/2 on $mux $procmux$1842.
    dead port 2/2 on $mux $procmux$1842.
    dead port 1/2 on $mux $procmux$1840.
    dead port 2/2 on $mux $procmux$1840.
    dead port 1/2 on $mux $procmux$1836.
    dead port 2/2 on $mux $procmux$1836.
    dead port 1/2 on $mux $procmux$1834.
    dead port 2/2 on $mux $procmux$1834.
    dead port 2/2 on $mux $procmux$1830.
    dead port 2/2 on $mux $procmux$1824.
    dead port 1/2 on $mux $procmux$1818.
    dead port 2/2 on $mux $procmux$1818.
    dead port 1/2 on $mux $procmux$1816.
    dead port 2/2 on $mux $procmux$1816.
    dead port 1/2 on $mux $procmux$1812.
    dead port 2/2 on $mux $procmux$1812.
    dead port 1/2 on $mux $procmux$1810.
    dead port 2/2 on $mux $procmux$1810.
    dead port 2/2 on $mux $procmux$1806.
    dead port 2/2 on $mux $procmux$1800.
    dead port 1/2 on $mux $procmux$1798.
    dead port 2/2 on $mux $procmux$1791.
    dead port 1/2 on $mux $procmux$1789.
    dead port 2/2 on $mux $procmux$1782.
    dead port 1/2 on $mux $procmux$1780.
    dead port 2/2 on $mux $procmux$1773.
    dead port 1/2 on $mux $procmux$1771.
    dead port 1/2 on $mux $procmux$1768.
    dead port 1/2 on $mux $procmux$1761.
    dead port 2/2 on $mux $procmux$1761.
    dead port 1/2 on $mux $procmux$1758.
    dead port 2/2 on $mux $procmux$1758.
    dead port 1/2 on $mux $procmux$1755.
    dead port 2/2 on $mux $procmux$1755.
    dead port 1/2 on $mux $procmux$1743.
    dead port 2/2 on $mux $procmux$1743.
    dead port 1/2 on $mux $procmux$1740.
    dead port 2/2 on $mux $procmux$1740.
    dead port 1/2 on $mux $procmux$1737.
    dead port 2/2 on $mux $procmux$1737.
    dead port 1/2 on $mux $procmux$1735.
    dead port 2/2 on $mux $procmux$1735.
    dead port 1/2 on $mux $procmux$1731.
    dead port 2/2 on $mux $procmux$1731.
    dead port 1/2 on $mux $procmux$1729.
    dead port 2/2 on $mux $procmux$1729.
    dead port 2/2 on $mux $procmux$1725.
    dead port 2/2 on $mux $procmux$1719.
    dead port 1/2 on $mux $procmux$1713.
    dead port 2/2 on $mux $procmux$1713.
    dead port 1/2 on $mux $procmux$1711.
    dead port 2/2 on $mux $procmux$1711.
    dead port 1/2 on $mux $procmux$1707.
    dead port 2/2 on $mux $procmux$1707.
    dead port 1/2 on $mux $procmux$1705.
    dead port 2/2 on $mux $procmux$1705.
    dead port 2/2 on $mux $procmux$1701.
    dead port 2/2 on $mux $procmux$1695.
    dead port 1/2 on $mux $procmux$1693.
    dead port 2/2 on $mux $procmux$1686.
    dead port 1/2 on $mux $procmux$1684.
    dead port 2/2 on $mux $procmux$1677.
    dead port 1/2 on $mux $procmux$1675.
    dead port 2/2 on $mux $procmux$1668.
    dead port 1/2 on $mux $procmux$1666.
    dead port 1/2 on $mux $procmux$1663.
    dead port 1/2 on $mux $procmux$1645.
    dead port 2/2 on $mux $procmux$1645.
    dead port 1/2 on $mux $procmux$1642.
    dead port 2/2 on $mux $procmux$1642.
    dead port 1/2 on $mux $procmux$1639.
    dead port 2/2 on $mux $procmux$1639.
    dead port 1/2 on $mux $procmux$1627.
    dead port 2/2 on $mux $procmux$1627.
    dead port 1/2 on $mux $procmux$1624.
    dead port 2/2 on $mux $procmux$1624.
    dead port 1/2 on $mux $procmux$1621.
    dead port 2/2 on $mux $procmux$1621.
    dead port 1/2 on $mux $procmux$1619.
    dead port 2/2 on $mux $procmux$1619.
    dead port 1/2 on $mux $procmux$1615.
    dead port 2/2 on $mux $procmux$1615.
    dead port 1/2 on $mux $procmux$1613.
    dead port 2/2 on $mux $procmux$1613.
    dead port 2/2 on $mux $procmux$1609.
    dead port 2/2 on $mux $procmux$1603.
    dead port 1/2 on $mux $procmux$1597.
    dead port 2/2 on $mux $procmux$1597.
    dead port 1/2 on $mux $procmux$1595.
    dead port 2/2 on $mux $procmux$1595.
    dead port 1/2 on $mux $procmux$1591.
    dead port 2/2 on $mux $procmux$1591.
    dead port 1/2 on $mux $procmux$1589.
    dead port 2/2 on $mux $procmux$1589.
    dead port 2/2 on $mux $procmux$1585.
    dead port 2/2 on $mux $procmux$1579.
    dead port 1/2 on $mux $procmux$1577.
    dead port 2/2 on $mux $procmux$1570.
    dead port 1/2 on $mux $procmux$1568.
    dead port 2/2 on $mux $procmux$1561.
    dead port 1/2 on $mux $procmux$1559.
    dead port 2/2 on $mux $procmux$1552.
    dead port 1/2 on $mux $procmux$1550.
    dead port 1/2 on $mux $procmux$1547.
    dead port 1/2 on $mux $procmux$1540.
    dead port 2/2 on $mux $procmux$1540.
    dead port 1/2 on $mux $procmux$1537.
    dead port 2/2 on $mux $procmux$1537.
    dead port 1/2 on $mux $procmux$1534.
    dead port 2/2 on $mux $procmux$1534.
    dead port 1/2 on $mux $procmux$1522.
    dead port 2/2 on $mux $procmux$1522.
    dead port 1/2 on $mux $procmux$1519.
    dead port 2/2 on $mux $procmux$1519.
    dead port 1/2 on $mux $procmux$1516.
    dead port 2/2 on $mux $procmux$1516.
    dead port 1/2 on $mux $procmux$1514.
    dead port 2/2 on $mux $procmux$1514.
    dead port 1/2 on $mux $procmux$1510.
    dead port 2/2 on $mux $procmux$1510.
    dead port 1/2 on $mux $procmux$1508.
    dead port 2/2 on $mux $procmux$1508.
    dead port 2/2 on $mux $procmux$1504.
    dead port 2/2 on $mux $procmux$1498.
    dead port 1/2 on $mux $procmux$1492.
    dead port 2/2 on $mux $procmux$1492.
    dead port 1/2 on $mux $procmux$1490.
    dead port 2/2 on $mux $procmux$1490.
    dead port 1/2 on $mux $procmux$1486.
    dead port 2/2 on $mux $procmux$1486.
    dead port 1/2 on $mux $procmux$1484.
    dead port 2/2 on $mux $procmux$1484.
    dead port 2/2 on $mux $procmux$1480.
    dead port 2/2 on $mux $procmux$1474.
    dead port 1/2 on $mux $procmux$1472.
    dead port 2/2 on $mux $procmux$1465.
    dead port 1/2 on $mux $procmux$1463.
    dead port 2/2 on $mux $procmux$1456.
    dead port 1/2 on $mux $procmux$1454.
    dead port 2/2 on $mux $procmux$1447.
    dead port 1/2 on $mux $procmux$1445.
    dead port 1/2 on $mux $procmux$1442.
    dead port 1/2 on $mux $procmux$1435.
    dead port 2/2 on $mux $procmux$1435.
    dead port 1/2 on $mux $procmux$1432.
    dead port 2/2 on $mux $procmux$1432.
    dead port 1/2 on $mux $procmux$1429.
    dead port 2/2 on $mux $procmux$1429.
    dead port 1/2 on $mux $procmux$1417.
    dead port 2/2 on $mux $procmux$1417.
    dead port 1/2 on $mux $procmux$1414.
    dead port 2/2 on $mux $procmux$1414.
    dead port 1/2 on $mux $procmux$1411.
    dead port 2/2 on $mux $procmux$1411.
    dead port 1/2 on $mux $procmux$1409.
    dead port 2/2 on $mux $procmux$1409.
    dead port 1/2 on $mux $procmux$1405.
    dead port 2/2 on $mux $procmux$1405.
    dead port 1/2 on $mux $procmux$1403.
    dead port 2/2 on $mux $procmux$1403.
    dead port 2/2 on $mux $procmux$1399.
    dead port 2/2 on $mux $procmux$1393.
    dead port 1/2 on $mux $procmux$1387.
    dead port 2/2 on $mux $procmux$1387.
    dead port 1/2 on $mux $procmux$1385.
    dead port 2/2 on $mux $procmux$1385.
    dead port 1/2 on $mux $procmux$1381.
    dead port 2/2 on $mux $procmux$1381.
    dead port 1/2 on $mux $procmux$1379.
    dead port 2/2 on $mux $procmux$1379.
    dead port 2/2 on $mux $procmux$1375.
    dead port 2/2 on $mux $procmux$1369.
    dead port 1/2 on $mux $procmux$1367.
    dead port 2/2 on $mux $procmux$1360.
    dead port 1/2 on $mux $procmux$1358.
    dead port 2/2 on $mux $procmux$1351.
    dead port 1/2 on $mux $procmux$1349.
    dead port 2/2 on $mux $procmux$1342.
    dead port 1/2 on $mux $procmux$1340.
    dead port 1/2 on $mux $procmux$1337.
    dead port 1/2 on $mux $procmux$1330.
    dead port 2/2 on $mux $procmux$1330.
    dead port 1/2 on $mux $procmux$1327.
    dead port 2/2 on $mux $procmux$1327.
    dead port 1/2 on $mux $procmux$1324.
    dead port 2/2 on $mux $procmux$1324.
    dead port 1/2 on $mux $procmux$1312.
    dead port 2/2 on $mux $procmux$1312.
    dead port 1/2 on $mux $procmux$1309.
    dead port 2/2 on $mux $procmux$1309.
    dead port 1/2 on $mux $procmux$1306.
    dead port 2/2 on $mux $procmux$1306.
    dead port 1/2 on $mux $procmux$1304.
    dead port 2/2 on $mux $procmux$1304.
    dead port 1/2 on $mux $procmux$1300.
    dead port 2/2 on $mux $procmux$1300.
    dead port 1/2 on $mux $procmux$1298.
    dead port 2/2 on $mux $procmux$1298.
    dead port 2/2 on $mux $procmux$1294.
    dead port 2/2 on $mux $procmux$1288.
    dead port 1/2 on $mux $procmux$1282.
    dead port 2/2 on $mux $procmux$1282.
    dead port 1/2 on $mux $procmux$1280.
    dead port 2/2 on $mux $procmux$1280.
    dead port 1/2 on $mux $procmux$1276.
    dead port 2/2 on $mux $procmux$1276.
    dead port 1/2 on $mux $procmux$1274.
    dead port 2/2 on $mux $procmux$1274.
    dead port 2/2 on $mux $procmux$1270.
    dead port 2/2 on $mux $procmux$1264.
    dead port 1/2 on $mux $procmux$1262.
    dead port 2/2 on $mux $procmux$1255.
    dead port 1/2 on $mux $procmux$1253.
    dead port 2/2 on $mux $procmux$1246.
    dead port 1/2 on $mux $procmux$1244.
    dead port 2/2 on $mux $procmux$1237.
    dead port 1/2 on $mux $procmux$1235.
    dead port 1/2 on $mux $procmux$1232.
    dead port 1/2 on $mux $procmux$1213.
    dead port 2/2 on $mux $procmux$1213.
    dead port 1/2 on $mux $procmux$1210.
    dead port 2/2 on $mux $procmux$1210.
    dead port 1/2 on $mux $procmux$1207.
    dead port 2/2 on $mux $procmux$1207.
    dead port 1/2 on $mux $procmux$1195.
    dead port 2/2 on $mux $procmux$1195.
    dead port 1/2 on $mux $procmux$1192.
    dead port 2/2 on $mux $procmux$1192.
    dead port 1/2 on $mux $procmux$1189.
    dead port 2/2 on $mux $procmux$1189.
    dead port 1/2 on $mux $procmux$1187.
    dead port 2/2 on $mux $procmux$1187.
    dead port 1/2 on $mux $procmux$1183.
    dead port 2/2 on $mux $procmux$1183.
    dead port 1/2 on $mux $procmux$1181.
    dead port 2/2 on $mux $procmux$1181.
    dead port 2/2 on $mux $procmux$1177.
    dead port 2/2 on $mux $procmux$1171.
    dead port 1/2 on $mux $procmux$1165.
    dead port 2/2 on $mux $procmux$1165.
    dead port 1/2 on $mux $procmux$1163.
    dead port 2/2 on $mux $procmux$1163.
    dead port 1/2 on $mux $procmux$1159.
    dead port 2/2 on $mux $procmux$1159.
    dead port 1/2 on $mux $procmux$1157.
    dead port 2/2 on $mux $procmux$1157.
    dead port 2/2 on $mux $procmux$1153.
    dead port 2/2 on $mux $procmux$1147.
    dead port 1/2 on $mux $procmux$1145.
    dead port 2/2 on $mux $procmux$1138.
    dead port 1/2 on $mux $procmux$1136.
    dead port 2/2 on $mux $procmux$1129.
    dead port 1/2 on $mux $procmux$1127.
    dead port 2/2 on $mux $procmux$1120.
    dead port 1/2 on $mux $procmux$1118.
    dead port 1/2 on $mux $procmux$1115.
    dead port 1/2 on $mux $procmux$1108.
    dead port 2/2 on $mux $procmux$1108.
    dead port 1/2 on $mux $procmux$1105.
    dead port 2/2 on $mux $procmux$1105.
    dead port 1/2 on $mux $procmux$1102.
    dead port 2/2 on $mux $procmux$1102.
    dead port 1/2 on $mux $procmux$1090.
    dead port 2/2 on $mux $procmux$1090.
    dead port 1/2 on $mux $procmux$1087.
    dead port 2/2 on $mux $procmux$1087.
    dead port 1/2 on $mux $procmux$1084.
    dead port 2/2 on $mux $procmux$1084.
    dead port 1/2 on $mux $procmux$1082.
    dead port 2/2 on $mux $procmux$1082.
    dead port 1/2 on $mux $procmux$1078.
    dead port 2/2 on $mux $procmux$1078.
    dead port 1/2 on $mux $procmux$1076.
    dead port 2/2 on $mux $procmux$1076.
    dead port 2/2 on $mux $procmux$1072.
    dead port 2/2 on $mux $procmux$1066.
    dead port 1/2 on $mux $procmux$1060.
    dead port 2/2 on $mux $procmux$1060.
    dead port 1/2 on $mux $procmux$1058.
    dead port 2/2 on $mux $procmux$1058.
    dead port 1/2 on $mux $procmux$1054.
    dead port 2/2 on $mux $procmux$1054.
    dead port 1/2 on $mux $procmux$1052.
    dead port 2/2 on $mux $procmux$1052.
    dead port 2/2 on $mux $procmux$1048.
    dead port 2/2 on $mux $procmux$1042.
    dead port 1/2 on $mux $procmux$1040.
    dead port 2/2 on $mux $procmux$1033.
    dead port 1/2 on $mux $procmux$1031.
    dead port 2/2 on $mux $procmux$1024.
    dead port 1/2 on $mux $procmux$1022.
    dead port 2/2 on $mux $procmux$1015.
    dead port 1/2 on $mux $procmux$1013.
    dead port 1/2 on $mux $procmux$1010.
    dead port 1/2 on $mux $procmux$1003.
    dead port 2/2 on $mux $procmux$1003.
    dead port 1/2 on $mux $procmux$1000.
    dead port 2/2 on $mux $procmux$1000.
    dead port 1/2 on $mux $procmux$997.
    dead port 2/2 on $mux $procmux$997.
    dead port 1/2 on $mux $procmux$985.
    dead port 2/2 on $mux $procmux$985.
    dead port 1/2 on $mux $procmux$982.
    dead port 2/2 on $mux $procmux$982.
    dead port 1/2 on $mux $procmux$979.
    dead port 2/2 on $mux $procmux$979.
    dead port 1/2 on $mux $procmux$977.
    dead port 2/2 on $mux $procmux$977.
    dead port 1/2 on $mux $procmux$973.
    dead port 2/2 on $mux $procmux$973.
    dead port 1/2 on $mux $procmux$971.
    dead port 2/2 on $mux $procmux$971.
    dead port 2/2 on $mux $procmux$967.
    dead port 2/2 on $mux $procmux$961.
    dead port 1/2 on $mux $procmux$955.
    dead port 2/2 on $mux $procmux$955.
    dead port 1/2 on $mux $procmux$953.
    dead port 2/2 on $mux $procmux$953.
    dead port 1/2 on $mux $procmux$949.
    dead port 2/2 on $mux $procmux$949.
    dead port 1/2 on $mux $procmux$947.
    dead port 2/2 on $mux $procmux$947.
    dead port 2/2 on $mux $procmux$943.
    dead port 2/2 on $mux $procmux$937.
    dead port 1/2 on $mux $procmux$935.
    dead port 2/2 on $mux $procmux$928.
    dead port 1/2 on $mux $procmux$926.
    dead port 2/2 on $mux $procmux$919.
    dead port 1/2 on $mux $procmux$917.
    dead port 2/2 on $mux $procmux$910.
    dead port 1/2 on $mux $procmux$908.
    dead port 1/2 on $mux $procmux$905.
    dead port 1/2 on $mux $procmux$898.
    dead port 2/2 on $mux $procmux$898.
    dead port 1/2 on $mux $procmux$895.
    dead port 2/2 on $mux $procmux$895.
    dead port 1/2 on $mux $procmux$892.
    dead port 2/2 on $mux $procmux$892.
    dead port 1/2 on $mux $procmux$880.
    dead port 2/2 on $mux $procmux$880.
    dead port 1/2 on $mux $procmux$877.
    dead port 2/2 on $mux $procmux$877.
    dead port 1/2 on $mux $procmux$874.
    dead port 2/2 on $mux $procmux$874.
    dead port 1/2 on $mux $procmux$872.
    dead port 2/2 on $mux $procmux$872.
    dead port 1/2 on $mux $procmux$868.
    dead port 2/2 on $mux $procmux$868.
    dead port 1/2 on $mux $procmux$866.
    dead port 2/2 on $mux $procmux$866.
    dead port 2/2 on $mux $procmux$862.
    dead port 2/2 on $mux $procmux$856.
    dead port 1/2 on $mux $procmux$850.
    dead port 2/2 on $mux $procmux$850.
    dead port 1/2 on $mux $procmux$848.
    dead port 2/2 on $mux $procmux$848.
    dead port 1/2 on $mux $procmux$844.
    dead port 2/2 on $mux $procmux$844.
    dead port 1/2 on $mux $procmux$842.
    dead port 2/2 on $mux $procmux$842.
    dead port 2/2 on $mux $procmux$838.
    dead port 2/2 on $mux $procmux$832.
    dead port 1/2 on $mux $procmux$830.
    dead port 2/2 on $mux $procmux$823.
    dead port 1/2 on $mux $procmux$821.
    dead port 2/2 on $mux $procmux$814.
    dead port 1/2 on $mux $procmux$812.
    dead port 2/2 on $mux $procmux$805.
    dead port 1/2 on $mux $procmux$803.
    dead port 1/2 on $mux $procmux$800.
    dead port 1/2 on $mux $procmux$781.
    dead port 2/2 on $mux $procmux$781.
    dead port 1/2 on $mux $procmux$778.
    dead port 2/2 on $mux $procmux$778.
    dead port 1/2 on $mux $procmux$775.
    dead port 2/2 on $mux $procmux$775.
    dead port 1/2 on $mux $procmux$763.
    dead port 2/2 on $mux $procmux$763.
    dead port 1/2 on $mux $procmux$760.
    dead port 2/2 on $mux $procmux$760.
    dead port 1/2 on $mux $procmux$757.
    dead port 2/2 on $mux $procmux$757.
    dead port 1/2 on $mux $procmux$755.
    dead port 2/2 on $mux $procmux$755.
    dead port 1/2 on $mux $procmux$751.
    dead port 2/2 on $mux $procmux$751.
    dead port 1/2 on $mux $procmux$749.
    dead port 2/2 on $mux $procmux$749.
    dead port 2/2 on $mux $procmux$745.
    dead port 2/2 on $mux $procmux$739.
    dead port 1/2 on $mux $procmux$733.
    dead port 2/2 on $mux $procmux$733.
    dead port 1/2 on $mux $procmux$731.
    dead port 2/2 on $mux $procmux$731.
    dead port 1/2 on $mux $procmux$727.
    dead port 2/2 on $mux $procmux$727.
    dead port 1/2 on $mux $procmux$725.
    dead port 2/2 on $mux $procmux$725.
    dead port 2/2 on $mux $procmux$721.
    dead port 2/2 on $mux $procmux$715.
    dead port 1/2 on $mux $procmux$713.
    dead port 2/2 on $mux $procmux$706.
    dead port 1/2 on $mux $procmux$704.
    dead port 2/2 on $mux $procmux$697.
    dead port 1/2 on $mux $procmux$695.
    dead port 2/2 on $mux $procmux$688.
    dead port 1/2 on $mux $procmux$686.
    dead port 1/2 on $mux $procmux$683.
    dead port 1/2 on $mux $procmux$676.
    dead port 2/2 on $mux $procmux$676.
    dead port 1/2 on $mux $procmux$673.
    dead port 2/2 on $mux $procmux$673.
    dead port 1/2 on $mux $procmux$670.
    dead port 2/2 on $mux $procmux$670.
    dead port 1/2 on $mux $procmux$658.
    dead port 2/2 on $mux $procmux$658.
    dead port 1/2 on $mux $procmux$655.
    dead port 2/2 on $mux $procmux$655.
    dead port 1/2 on $mux $procmux$652.
    dead port 2/2 on $mux $procmux$652.
    dead port 1/2 on $mux $procmux$650.
    dead port 2/2 on $mux $procmux$650.
    dead port 1/2 on $mux $procmux$646.
    dead port 2/2 on $mux $procmux$646.
    dead port 1/2 on $mux $procmux$644.
    dead port 2/2 on $mux $procmux$644.
    dead port 2/2 on $mux $procmux$640.
    dead port 2/2 on $mux $procmux$634.
    dead port 1/2 on $mux $procmux$628.
    dead port 2/2 on $mux $procmux$628.
    dead port 1/2 on $mux $procmux$626.
    dead port 2/2 on $mux $procmux$626.
    dead port 1/2 on $mux $procmux$622.
    dead port 2/2 on $mux $procmux$622.
    dead port 1/2 on $mux $procmux$620.
    dead port 2/2 on $mux $procmux$620.
    dead port 2/2 on $mux $procmux$616.
    dead port 2/2 on $mux $procmux$610.
    dead port 1/2 on $mux $procmux$608.
    dead port 2/2 on $mux $procmux$601.
    dead port 1/2 on $mux $procmux$599.
    dead port 2/2 on $mux $procmux$592.
    dead port 1/2 on $mux $procmux$590.
    dead port 2/2 on $mux $procmux$583.
    dead port 1/2 on $mux $procmux$581.
    dead port 1/2 on $mux $procmux$578.
    dead port 1/2 on $mux $procmux$571.
    dead port 2/2 on $mux $procmux$571.
    dead port 1/2 on $mux $procmux$568.
    dead port 2/2 on $mux $procmux$568.
    dead port 1/2 on $mux $procmux$565.
    dead port 2/2 on $mux $procmux$565.
    dead port 1/2 on $mux $procmux$553.
    dead port 2/2 on $mux $procmux$553.
    dead port 1/2 on $mux $procmux$550.
    dead port 2/2 on $mux $procmux$550.
    dead port 1/2 on $mux $procmux$547.
    dead port 2/2 on $mux $procmux$547.
    dead port 1/2 on $mux $procmux$545.
    dead port 2/2 on $mux $procmux$545.
    dead port 1/2 on $mux $procmux$541.
    dead port 2/2 on $mux $procmux$541.
    dead port 1/2 on $mux $procmux$539.
    dead port 2/2 on $mux $procmux$539.
    dead port 2/2 on $mux $procmux$535.
    dead port 2/2 on $mux $procmux$529.
    dead port 1/2 on $mux $procmux$523.
    dead port 2/2 on $mux $procmux$523.
    dead port 1/2 on $mux $procmux$521.
    dead port 2/2 on $mux $procmux$521.
    dead port 1/2 on $mux $procmux$517.
    dead port 2/2 on $mux $procmux$517.
    dead port 1/2 on $mux $procmux$515.
    dead port 2/2 on $mux $procmux$515.
    dead port 2/2 on $mux $procmux$511.
    dead port 2/2 on $mux $procmux$505.
    dead port 1/2 on $mux $procmux$503.
    dead port 2/2 on $mux $procmux$496.
    dead port 1/2 on $mux $procmux$494.
    dead port 2/2 on $mux $procmux$487.
    dead port 1/2 on $mux $procmux$485.
    dead port 2/2 on $mux $procmux$478.
    dead port 1/2 on $mux $procmux$476.
    dead port 1/2 on $mux $procmux$473.
    dead port 1/2 on $mux $procmux$466.
    dead port 2/2 on $mux $procmux$466.
    dead port 1/2 on $mux $procmux$463.
    dead port 2/2 on $mux $procmux$463.
    dead port 1/2 on $mux $procmux$460.
    dead port 2/2 on $mux $procmux$460.
    dead port 1/2 on $mux $procmux$448.
    dead port 2/2 on $mux $procmux$448.
    dead port 1/2 on $mux $procmux$445.
    dead port 2/2 on $mux $procmux$445.
    dead port 1/2 on $mux $procmux$442.
    dead port 2/2 on $mux $procmux$442.
    dead port 1/2 on $mux $procmux$440.
    dead port 2/2 on $mux $procmux$440.
    dead port 1/2 on $mux $procmux$436.
    dead port 2/2 on $mux $procmux$436.
    dead port 1/2 on $mux $procmux$434.
    dead port 2/2 on $mux $procmux$434.
    dead port 2/2 on $mux $procmux$430.
    dead port 2/2 on $mux $procmux$424.
    dead port 1/2 on $mux $procmux$418.
    dead port 2/2 on $mux $procmux$418.
    dead port 1/2 on $mux $procmux$416.
    dead port 2/2 on $mux $procmux$416.
    dead port 1/2 on $mux $procmux$412.
    dead port 2/2 on $mux $procmux$412.
    dead port 1/2 on $mux $procmux$410.
    dead port 2/2 on $mux $procmux$410.
    dead port 2/2 on $mux $procmux$406.
    dead port 2/2 on $mux $procmux$400.
    dead port 1/2 on $mux $procmux$398.
    dead port 2/2 on $mux $procmux$391.
    dead port 1/2 on $mux $procmux$389.
    dead port 2/2 on $mux $procmux$382.
    dead port 1/2 on $mux $procmux$380.
    dead port 2/2 on $mux $procmux$373.
    dead port 1/2 on $mux $procmux$371.
    dead port 1/2 on $mux $procmux$368.
    dead port 1/2 on $mux $procmux$1978.
    dead port 1/2 on $mux $procmux$1981.
    dead port 2/2 on $mux $procmux$1983.
    dead port 1/2 on $mux $procmux$1990.
    dead port 2/2 on $mux $procmux$1992.
    dead port 1/2 on $mux $procmux$1999.
    dead port 2/2 on $mux $procmux$2001.
    dead port 1/2 on $mux $procmux$2008.
    dead port 2/2 on $mux $procmux$2010.
    dead port 2/2 on $mux $procmux$2016.
    dead port 1/2 on $mux $procmux$2020.
    dead port 2/2 on $mux $procmux$2020.
    dead port 1/2 on $mux $procmux$2022.
    dead port 2/2 on $mux $procmux$2022.
    dead port 1/2 on $mux $procmux$2026.
    dead port 2/2 on $mux $procmux$2026.
    dead port 1/2 on $mux $procmux$2028.
    dead port 2/2 on $mux $procmux$2028.
    dead port 2/2 on $mux $procmux$2034.
    dead port 2/2 on $mux $procmux$2040.
    dead port 1/2 on $mux $procmux$2044.
    dead port 2/2 on $mux $procmux$2044.
    dead port 1/2 on $mux $procmux$2070.
    dead port 2/2 on $mux $procmux$2070.
    dead port 1/2 on $mux $procmux$2073.
    dead port 2/2 on $mux $procmux$2073.
    dead port 1/2 on $mux $procmux$2076.
    dead port 2/2 on $mux $procmux$2076.
    dead port 1/2 on $mux $procmux$2046.
    dead port 2/2 on $mux $procmux$2046.
    dead port 1/2 on $mux $procmux$2050.
    dead port 2/2 on $mux $procmux$2050.
    dead port 1/2 on $mux $procmux$2052.
    dead port 2/2 on $mux $procmux$2052.
    dead port 1/2 on $mux $procmux$2055.
    dead port 2/2 on $mux $procmux$2055.
    dead port 1/2 on $mux $procmux$2058.
    dead port 2/2 on $mux $procmux$2058.
Running muxtree optimizer on module \skag_weight_kernel..
  Creating internal representation of mux trees.
  Evaluating internal representation of mux trees.
  Analyzing evaluation results.
    dead port 1/2 on $mux $procmux$2097.
    dead port 1/2 on $mux $procmux$2094.
    dead port 1/2 on $mux $procmux$2085.
    dead port 1/2 on $mux $procmux$2103.
Running muxtree optimizer on module \fdpe_kernel..
  Creating internal representation of mux trees.
  No muxes found in this module.
Removed 612 multiplexer ports.
<suppressed ~65 debug messages>

7.4. Executing OPT_REDUCE pass (consolidate $*mux and $reduce_* inputs).
  Optimizing cells in module \qflow_cloud_kernel.
  Optimizing cells in module \qflow_cloud_kernel.
  Optimizing cells in module \path_selector_kernel.
  Optimizing cells in module \skag_weight_kernel.
  Optimizing cells in module \fdpe_kernel.
Performed a total of 1 changes.

7.5. Executing OPT_MERGE pass (detect identical cells).
Finding identical cells in module `\qflow_cloud_kernel'.
Finding identical cells in module `\path_selector_kernel'.
Finding identical cells in module `\skag_weight_kernel'.
Finding identical cells in module `\fdpe_kernel'.
Removed a total of 0 cells.

7.6. Executing OPT_DFF pass (perform DFF optimizations).
Adding SRST signal on $procdff$2115 ($dff) from module qflow_cloud_kernel (D = $procmux$292_Y, Q = \running, rval = 1'0).
Adding SRST signal on $procdff$2114 ($dff) from module qflow_cloud_kernel (D = $procmux$301_Y [0], Q = \latency_cycles [0], rval = 1'0).
Adding SRST signal on $procdff$2114 ($dff) from module qflow_cloud_kernel (D = $procmux$298_Y [31:1], Q = \latency_cycles [31:1], rval = 31'0000000000000000000000000000000).
Adding EN signal on $auto$ff.cc:266:slice$2118 ($sdff) from module qflow_cloud_kernel (D = $add$rtl/qflow_cloud_kernel.v:124$278_Y [31:1], Q = \latency_cycles [31:1]).
Adding EN signal on $auto$ff.cc:266:slice$2117 ($sdff) from module qflow_cloud_kernel (D = $procmux$301_Y [0], Q = \latency_cycles [0]).
Adding SRST signal on $procdff$2113 ($dff) from module qflow_cloud_kernel (D = $procmux$310_Y, Q = \no_path, rval = 1'0).
Adding EN signal on $auto$ff.cc:266:slice$2127 ($sdff) from module qflow_cloud_kernel (D = $or$rtl/qflow_cloud_kernel.v:123$277_Y, Q = \no_path).
Adding SRST signal on $procdff$2108 ($dff) from module qflow_cloud_kernel (D = $procmux$346_Y, Q = \selected_path_id, rval = 2'00).
Adding EN signal on $auto$ff.cc:266:slice$2133 ($sdff) from module qflow_cloud_kernel (D = \selector_path_id, Q = \selected_path_id).
Adding SRST signal on $procdff$2109 ($dff) from module qflow_cloud_kernel (D = $procmux$337_Y, Q = \best_weight, rval = 0).
Adding EN signal on $auto$ff.cc:266:slice$2139 ($sdff) from module qflow_cloud_kernel (D = \selector_best_weight, Q = \best_weight).
Adding SRST signal on $procdff$2110 ($dff) from module qflow_cloud_kernel (D = $procmux$328_Y, Q = \bottleneck_fidelity, rval = 16'0000000000000000).
Adding EN signal on $auto$ff.cc:266:slice$2145 ($sdff) from module qflow_cloud_kernel (D = \selector_bottleneck, Q = \bottleneck_fidelity).
Adding SRST signal on $procdff$2111 ($dff) from module qflow_cloud_kernel (D = $procmux$319_Y, Q = \valid_path, rval = 1'0).
Adding EN signal on $auto$ff.cc:266:slice$2151 ($sdff) from module qflow_cloud_kernel (D = \selector_valid, Q = \valid_path).
Adding SRST signal on $procdff$2112 ($dff) from module qflow_cloud_kernel (D = $procmux$280_Y, Q = \done, rval = 1'0).

7.7. Executing OPT_CLEAN pass (remove unused cells and wires).
Finding unused cells or wires in module \qflow_cloud_kernel..
Finding unused cells or wires in module \path_selector_kernel..
Finding unused cells or wires in module \skag_weight_kernel..
Finding unused cells or wires in module \fdpe_kernel..
Removed 24 unused cells and 1488 unused wires.
<suppressed ~71 debug messages>

7.8. Executing OPT_EXPR pass (perform const folding).
Optimizing module fdpe_kernel.
Optimizing module path_selector_kernel.
Optimizing module qflow_cloud_kernel.
<suppressed ~1 debug messages>
Optimizing module skag_weight_kernel.

7.9. Rerunning OPT passes. (Maybe there is more to do..)

7.10. Executing OPT_MUXTREE pass (detect dead branches in mux trees).
Running muxtree optimizer on module \fdpe_kernel..
  Creating internal representation of mux trees.
  No muxes found in this module.
Running muxtree optimizer on module \path_selector_kernel..
  Creating internal representation of mux trees.
  Evaluating internal representation of mux trees.
  Analyzing evaluation results.
Running muxtree optimizer on module \qflow_cloud_kernel..
  Creating internal representation of mux trees.
  Evaluating internal representation of mux trees.
  Analyzing evaluation results.
Running muxtree optimizer on module \skag_weight_kernel..
  Creating internal representation of mux trees.
  Evaluating internal representation of mux trees.
  Analyzing evaluation results.
Removed 0 multiplexer ports.
<suppressed ~59 debug messages>

7.11. Executing OPT_REDUCE pass (consolidate $*mux and $reduce_* inputs).
  Optimizing cells in module \fdpe_kernel.
  Optimizing cells in module \path_selector_kernel.
  Optimizing cells in module \qflow_cloud_kernel.
  Optimizing cells in module \skag_weight_kernel.
Performed a total of 0 changes.

7.12. Executing OPT_MERGE pass (detect identical cells).
Finding identical cells in module `\fdpe_kernel'.
Finding identical cells in module `\path_selector_kernel'.
Finding identical cells in module `\qflow_cloud_kernel'.
<suppressed ~30 debug messages>
Finding identical cells in module `\skag_weight_kernel'.
Removed a total of 10 cells.

7.13. Executing OPT_DFF pass (perform DFF optimizations).

7.14. Executing OPT_CLEAN pass (remove unused cells and wires).
Finding unused cells or wires in module \fdpe_kernel..
Finding unused cells or wires in module \path_selector_kernel..
Finding unused cells or wires in module \qflow_cloud_kernel..
Finding unused cells or wires in module \skag_weight_kernel..
Removed 0 unused cells and 10 unused wires.
<suppressed ~1 debug messages>

7.15. Executing OPT_EXPR pass (perform const folding).
Optimizing module fdpe_kernel.
Optimizing module path_selector_kernel.
Optimizing module qflow_cloud_kernel.
Optimizing module skag_weight_kernel.

7.16. Rerunning OPT passes. (Maybe there is more to do..)

7.17. Executing OPT_MUXTREE pass (detect dead branches in mux trees).
Running muxtree optimizer on module \fdpe_kernel..
  Creating internal representation of mux trees.
  No muxes found in this module.
Running muxtree optimizer on module \path_selector_kernel..
  Creating internal representation of mux trees.
  Evaluating internal representation of mux trees.
  Analyzing evaluation results.
Running muxtree optimizer on module \qflow_cloud_kernel..
  Creating internal representation of mux trees.
  Evaluating internal representation of mux trees.
  Analyzing evaluation results.
Running muxtree optimizer on module \skag_weight_kernel..
  Creating internal representation of mux trees.
  Evaluating internal representation of mux trees.
  Analyzing evaluation results.
Removed 0 multiplexer ports.
<suppressed ~59 debug messages>

7.18. Executing OPT_REDUCE pass (consolidate $*mux and $reduce_* inputs).
  Optimizing cells in module \fdpe_kernel.
  Optimizing cells in module \path_selector_kernel.
  Optimizing cells in module \qflow_cloud_kernel.
  Optimizing cells in module \skag_weight_kernel.
Performed a total of 0 changes.

7.19. Executing OPT_MERGE pass (detect identical cells).
Finding identical cells in module `\fdpe_kernel'.
Finding identical cells in module `\path_selector_kernel'.
Finding identical cells in module `\qflow_cloud_kernel'.
Finding identical cells in module `\skag_weight_kernel'.
Removed a total of 0 cells.

7.20. Executing OPT_DFF pass (perform DFF optimizations).

7.21. Executing OPT_CLEAN pass (remove unused cells and wires).
Finding unused cells or wires in module \fdpe_kernel..
Finding unused cells or wires in module \path_selector_kernel..
Finding unused cells or wires in module \qflow_cloud_kernel..
Finding unused cells or wires in module \skag_weight_kernel..

7.22. Executing OPT_EXPR pass (perform const folding).
Optimizing module fdpe_kernel.
Optimizing module path_selector_kernel.
Optimizing module qflow_cloud_kernel.
Optimizing module skag_weight_kernel.

7.23. Finished OPT passes. (There is nothing left to do.)

8. Executing MEMORY pass.

8.1. Executing OPT_MEM pass (optimize memories).
Performed a total of 0 transformations.

8.2. Executing OPT_MEM_PRIORITY pass (removing unnecessary memory write priority relations).
Performed a total of 0 transformations.

8.3. Executing OPT_MEM_FEEDBACK pass (finding memory read-to-write feedback paths).

8.4. Executing MEMORY_BMUX2ROM pass (converting muxes to ROMs).

8.5. Executing MEMORY_DFF pass (merging $dff cells to $memrd).
Checking read port `\exp_lut'[0] in module `\fdpe_kernel': no output FF found.
Checking read port address `\exp_lut'[0] in module `\fdpe_kernel': no address FF found.

8.6. Executing OPT_CLEAN pass (remove unused cells and wires).
Finding unused cells or wires in module \fdpe_kernel..
Finding unused cells or wires in module \path_selector_kernel..
Finding unused cells or wires in module \qflow_cloud_kernel..
Finding unused cells or wires in module \skag_weight_kernel..

8.7. Executing MEMORY_SHARE pass (consolidating $memrd/$memwr cells).

8.8. Executing OPT_MEM_WIDEN pass (optimize memories where all ports are wide).
Performed a total of 0 transformations.

8.9. Executing OPT_CLEAN pass (remove unused cells and wires).
Finding unused cells or wires in module \fdpe_kernel..
Finding unused cells or wires in module \path_selector_kernel..
Finding unused cells or wires in module \qflow_cloud_kernel..
Finding unused cells or wires in module \skag_weight_kernel..

8.10. Executing MEMORY_COLLECT pass (generating $mem cells).

8.11. Executing MEMORY_MAP pass (converting memories to logic and flip-flops).
Mapping memory \exp_lut in module \fdpe_kernel:
  created 256 $dff cells and 0 static cells of width 16.
  read interface: 0 $dff and 255 $mux cells.
  write interface: 0 write mux blocks.

9. Executing OPT pass (performing simple optimizations).

9.1. Executing OPT_EXPR pass (perform const folding).
Optimizing module fdpe_kernel.
<suppressed ~1 debug messages>
Optimizing module path_selector_kernel.
Optimizing module qflow_cloud_kernel.
Optimizing module skag_weight_kernel.

9.2. Executing OPT_MERGE pass (detect identical cells).
Finding identical cells in module `\fdpe_kernel'.
Finding identical cells in module `\path_selector_kernel'.
Finding identical cells in module `\qflow_cloud_kernel'.
Finding identical cells in module `\skag_weight_kernel'.
Removed a total of 0 cells.

9.3. Executing OPT_MUXTREE pass (detect dead branches in mux trees).
Running muxtree optimizer on module \fdpe_kernel..
  Creating internal representation of mux trees.
  Evaluating internal representation of mux trees.
  Analyzing evaluation results.
Running muxtree optimizer on module \path_selector_kernel..
  Creating internal representation of mux trees.
  Evaluating internal representation of mux trees.
  Analyzing evaluation results.
Running muxtree optimizer on module \qflow_cloud_kernel..
  Creating internal representation of mux trees.
  Evaluating internal representation of mux trees.
  Analyzing evaluation results.
Running muxtree optimizer on module \skag_weight_kernel..
  Creating internal representation of mux trees.
  Evaluating internal representation of mux trees.
  Analyzing evaluation results.
Removed 0 multiplexer ports.
<suppressed ~60 debug messages>

9.4. Executing OPT_REDUCE pass (consolidate $*mux and $reduce_* inputs).
  Optimizing cells in module \fdpe_kernel.
  Optimizing cells in module \path_selector_kernel.
  Optimizing cells in module \qflow_cloud_kernel.
  Optimizing cells in module \skag_weight_kernel.
Performed a total of 0 changes.

9.5. Executing OPT_MERGE pass (detect identical cells).
Finding identical cells in module `\fdpe_kernel'.
Finding identical cells in module `\path_selector_kernel'.
Finding identical cells in module `\qflow_cloud_kernel'.
Finding identical cells in module `\skag_weight_kernel'.
Removed a total of 0 cells.

9.6. Executing OPT_DFF pass (perform DFF optimizations).

9.7. Executing OPT_CLEAN pass (remove unused cells and wires).
Finding unused cells or wires in module \fdpe_kernel..
Finding unused cells or wires in module \path_selector_kernel..
Finding unused cells or wires in module \qflow_cloud_kernel..
Finding unused cells or wires in module \skag_weight_kernel..
Removed 0 unused cells and 257 unused wires.
<suppressed ~1 debug messages>

9.8. Executing OPT_EXPR pass (perform const folding).
Optimizing module fdpe_kernel.
Optimizing module path_selector_kernel.
Optimizing module qflow_cloud_kernel.
Optimizing module skag_weight_kernel.

9.9. Rerunning OPT passes. (Maybe there is more to do..)

9.10. Executing OPT_MUXTREE pass (detect dead branches in mux trees).
Running muxtree optimizer on module \fdpe_kernel..
  Creating internal representation of mux trees.
  Evaluating internal representation of mux trees.
  Analyzing evaluation results.
Running muxtree optimizer on module \path_selector_kernel..
  Creating internal representation of mux trees.
  Evaluating internal representation of mux trees.
  Analyzing evaluation results.
Running muxtree optimizer on module \qflow_cloud_kernel..
  Creating internal representation of mux trees.
  Evaluating internal representation of mux trees.
  Analyzing evaluation results.
Running muxtree optimizer on module \skag_weight_kernel..
  Creating internal representation of mux trees.
  Evaluating internal representation of mux trees.
  Analyzing evaluation results.
Removed 0 multiplexer ports.
<suppressed ~60 debug messages>

9.11. Executing OPT_REDUCE pass (consolidate $*mux and $reduce_* inputs).
  Optimizing cells in module \fdpe_kernel.
  Optimizing cells in module \path_selector_kernel.
  Optimizing cells in module \qflow_cloud_kernel.
  Optimizing cells in module \skag_weight_kernel.
Performed a total of 0 changes.

9.12. Executing OPT_MERGE pass (detect identical cells).
Finding identical cells in module `\fdpe_kernel'.
Finding identical cells in module `\path_selector_kernel'.
Finding identical cells in module `\qflow_cloud_kernel'.
Finding identical cells in module `\skag_weight_kernel'.
Removed a total of 0 cells.

9.13. Executing OPT_DFF pass (perform DFF optimizations).

9.14. Executing OPT_CLEAN pass (remove unused cells and wires).
Finding unused cells or wires in module \fdpe_kernel..
Finding unused cells or wires in module \path_selector_kernel..
Finding unused cells or wires in module \qflow_cloud_kernel..
Finding unused cells or wires in module \skag_weight_kernel..

9.15. Executing OPT_EXPR pass (perform const folding).
Optimizing module fdpe_kernel.
Optimizing module path_selector_kernel.
Optimizing module qflow_cloud_kernel.
Optimizing module skag_weight_kernel.

9.16. Finished OPT passes. (There is nothing left to do.)

10. Executing TECHMAP pass (map to technology primitives).

10.1. Executing Verilog-2005 frontend: /home/shahriar-rizvi/Documents/VLSI/tools/OpenROAD-flow-scripts/tools/install/yosys/bin/../share/yosys/techmap.v
Parsing Verilog input from `/home/shahriar-rizvi/Documents/VLSI/tools/OpenROAD-flow-scripts/tools/install/yosys/bin/../share/yosys/techmap.v' to AST representation.
Generating RTLIL representation for module `\_90_simplemap_bool_ops'.
Generating RTLIL representation for module `\_90_simplemap_reduce_ops'.
Generating RTLIL representation for module `\_90_simplemap_logic_ops'.
Generating RTLIL representation for module `\_90_simplemap_compare_ops'.
Generating RTLIL representation for module `\_90_simplemap_various'.
Generating RTLIL representation for module `\_90_simplemap_registers'.
Generating RTLIL representation for module `\_90_shift_ops_shr_shl_sshl_sshr'.
Generating RTLIL representation for module `\_90_shift_shiftx'.
Generating RTLIL representation for module `\_90_fa'.
Generating RTLIL representation for module `\_90_lcu_brent_kung'.
Generating RTLIL representation for module `\_90_alu'.
Generating RTLIL representation for module `\_90_macc'.
Generating RTLIL representation for module `\_90_alumacc'.
Generating RTLIL representation for module `\$__div_mod_u'.
Generating RTLIL representation for module `\$__div_mod_trunc'.
Generating RTLIL representation for module `\_90_div'.
Generating RTLIL representation for module `\_90_mod'.
Generating RTLIL representation for module `\$__div_mod_floor'.
Generating RTLIL representation for module `\_90_divfloor'.
Generating RTLIL representation for module `\_90_modfloor'.
Generating RTLIL representation for module `\_90_pow'.
Generating RTLIL representation for module `\_90_pmux'.
Generating RTLIL representation for module `\_90_demux'.
Generating RTLIL representation for module `\_90_lut'.
Successfully finished Verilog frontend.

10.2. Continuing TECHMAP pass.
Using extmapper simplemap for cells of type $reduce_bool.
Running "alumacc" on wrapper $extern:wrap:$ge:A_SIGNED=0:A_WIDTH=16:B_SIGNED=0:B_WIDTH=16:Y_WIDTH=1:394426c56d1a028ba8fdd5469b163e04011def47.
Using template $extern:wrap:$ge:A_SIGNED=0:A_WIDTH=16:B_SIGNED=0:B_WIDTH=16:Y_WIDTH=1:394426c56d1a028ba8fdd5469b163e04011def47 for cells of type $extern:wrap:$ge:A_SIGNED=0:A_WIDTH=16:B_SIGNED=0:B_WIDTH=16:Y_WIDTH=1:394426c56d1a028ba8fdd5469b163e04011def47.
Using extmapper simplemap for cells of type $logic_and.
Running "alumacc" on wrapper $extern:wrap:$lt:A_SIGNED=0:A_WIDTH=16:B_SIGNED=0:B_WIDTH=16:Y_WIDTH=1:394426c56d1a028ba8fdd5469b163e04011def47.
Using template $extern:wrap:$lt:A_SIGNED=0:A_WIDTH=16:B_SIGNED=0:B_WIDTH=16:Y_WIDTH=1:394426c56d1a028ba8fdd5469b163e04011def47 for cells of type $extern:wrap:$lt:A_SIGNED=0:A_WIDTH=16:B_SIGNED=0:B_WIDTH=16:Y_WIDTH=1:394426c56d1a028ba8fdd5469b163e04011def47.
Running "alumacc" on wrapper $extern:wrap:$sub:A_SIGNED=0:A_WIDTH=16:B_SIGNED=0:B_WIDTH=16:Y_WIDTH=16:394426c56d1a028ba8fdd5469b163e04011def47.
Using template $extern:wrap:$sub:A_SIGNED=0:A_WIDTH=16:B_SIGNED=0:B_WIDTH=16:Y_WIDTH=16:394426c56d1a028ba8fdd5469b163e04011def47 for cells of type $extern:wrap:$sub:A_SIGNED=0:A_WIDTH=16:B_SIGNED=0:B_WIDTH=16:Y_WIDTH=16:394426c56d1a028ba8fdd5469b163e04011def47.
Running "alumacc" on wrapper $extern:wrap:$add:A_SIGNED=0:A_WIDTH=32:B_SIGNED=0:B_WIDTH=32:Y_WIDTH=32:394426c56d1a028ba8fdd5469b163e04011def47.
Using template $extern:wrap:$add:A_SIGNED=0:A_WIDTH=32:B_SIGNED=0:B_WIDTH=32:Y_WIDTH=32:394426c56d1a028ba8fdd5469b163e04011def47 for cells of type $extern:wrap:$add:A_SIGNED=0:A_WIDTH=32:B_SIGNED=0:B_WIDTH=32:Y_WIDTH=32:394426c56d1a028ba8fdd5469b163e04011def47.
Using extmapper simplemap for cells of type $mux.
Using extmapper simplemap for cells of type $reduce_and.
Using template $paramod$fbc7873bff55778c0b3173955b7e4bce1d9d6834\_90_alu for cells of type $alu.
Using template $paramod$6df0329addda9228fcc2546de2aaf14ad26c98e1\_90_alu for cells of type $alu.
Using extmapper simplemap for cells of type $not.
Using extmapper simplemap for cells of type $reduce_or.
Using extmapper simplemap for cells of type $or.
Using extmapper simplemap for cells of type $pos.
Using template $paramod\_90_lcu_brent_kung\WIDTH=32'00000000000000000000000000010000 for cells of type $lcu.
Using extmapper simplemap for cells of type $and.
Using extmapper simplemap for cells of type $xor.
Using template $paramod\_90_lcu_brent_kung\WIDTH=32'00000000000000000000000000100000 for cells of type $lcu.
Using extmapper simplemap for cells of type $logic_not.
Using extmapper simplemap for cells of type $sdff.
Using extmapper simplemap for cells of type $sdffe.
Running "alumacc" on wrapper $extern:wrap:$lt:A_SIGNED=0:A_WIDTH=32:B_SIGNED=0:B_WIDTH=3:Y_WIDTH=1:394426c56d1a028ba8fdd5469b163e04011def47.
Using template $extern:wrap:$lt:A_SIGNED=0:A_WIDTH=32:B_SIGNED=0:B_WIDTH=3:Y_WIDTH=1:394426c56d1a028ba8fdd5469b163e04011def47 for cells of type $extern:wrap:$lt:A_SIGNED=0:A_WIDTH=32:B_SIGNED=0:B_WIDTH=3:Y_WIDTH=1:394426c56d1a028ba8fdd5469b163e04011def47.
Running "alumacc" on wrapper $extern:wrap:$ge:A_SIGNED=0:A_WIDTH=4:B_SIGNED=0:B_WIDTH=4:Y_WIDTH=1:394426c56d1a028ba8fdd5469b163e04011def47.
Using template $extern:wrap:$ge:A_SIGNED=0:A_WIDTH=4:B_SIGNED=0:B_WIDTH=4:Y_WIDTH=1:394426c56d1a028ba8fdd5469b163e04011def47 for cells of type $extern:wrap:$ge:A_SIGNED=0:A_WIDTH=4:B_SIGNED=0:B_WIDTH=4:Y_WIDTH=1:394426c56d1a028ba8fdd5469b163e04011def47.
Using template $paramod$constmap:b85104a4431dfb00252c7dd1c909e04f8f22aae4$paramod$f078c9a1c41d1b9c2636557fd2fc6ded1957fdb6\_90_shift_shiftx for cells of type $shiftx.
Using template $paramod$constmap:b687e99415a20c0819290cefc61651c7dc264c25$paramod$2fa7f65749ebee41e7285ad204d30bb7dd17da6b\_90_shift_shiftx for cells of type $shiftx.
Using template $paramod$constmap:ee5af906ae0d3d414c6a0471604c553ef70c8e09$paramod$92adee9538f2381d8e5006822c900eb986d754e8\_90_shift_shiftx for cells of type $shiftx.
Using extmapper simplemap for cells of type $eq.
Using extmapper simplemap for cells of type $logic_or.
Running "alumacc" on wrapper $extern:wrap:$lt:A_SIGNED=0:A_WIDTH=32:B_SIGNED=0:B_WIDTH=32:Y_WIDTH=1:394426c56d1a028ba8fdd5469b163e04011def47.
Using template $extern:wrap:$lt:A_SIGNED=0:A_WIDTH=32:B_SIGNED=0:B_WIDTH=32:Y_WIDTH=1:394426c56d1a028ba8fdd5469b163e04011def47 for cells of type $extern:wrap:$lt:A_SIGNED=0:A_WIDTH=32:B_SIGNED=0:B_WIDTH=32:Y_WIDTH=1:394426c56d1a028ba8fdd5469b163e04011def47.
Using template $paramod$3e92930b84a1f8e99102decb41b57db2b77e2f7a\_90_alu for cells of type $alu.
Using template $paramod$740b056ede97228d3eae64ea2fdc81f0a33e0fe7\_90_alu for cells of type $alu.
Using template $paramod\_90_lcu_brent_kung\WIDTH=32'00000000000000000000000000000100 for cells of type $lcu.
Running "alumacc" on wrapper $extern:wrap:$mul:A_SIGNED=0:A_WIDTH=16:B_SIGNED=0:B_WIDTH=16:Y_WIDTH=32:394426c56d1a028ba8fdd5469b163e04011def47.
Using template $extern:wrap:$mul:A_SIGNED=0:A_WIDTH=16:B_SIGNED=0:B_WIDTH=16:Y_WIDTH=32:394426c56d1a028ba8fdd5469b163e04011def47 for cells of type $extern:wrap:$mul:A_SIGNED=0:A_WIDTH=16:B_SIGNED=0:B_WIDTH=16:Y_WIDTH=32:394426c56d1a028ba8fdd5469b163e04011def47.
Using extmapper maccmap for cells of type $macc.
  add \f_init_q016 * $memrd$\exp_lut$rtl/fdpe_kernel.v:25$1_DATA (16x16 bits, unsigned)
Using template $paramod\_90_fa\WIDTH=32'00000000000000000000000000100000 for cells of type $fa.
No more expansions possible.
<suppressed ~10005 debug messages>

11. Executing OPT pass (performing simple optimizations).

11.1. Executing OPT_EXPR pass (perform const folding).
Optimizing module fdpe_kernel.
<suppressed ~4174 debug messages>
Optimizing module path_selector_kernel.
<suppressed ~45209 debug messages>
Optimizing module qflow_cloud_kernel.
<suppressed ~217 debug messages>
Optimizing module skag_weight_kernel.
<suppressed ~1506 debug messages>

11.2. Executing OPT_MERGE pass (detect identical cells).
Finding identical cells in module `\fdpe_kernel'.
<suppressed ~2562 debug messages>
Finding identical cells in module `\path_selector_kernel'.
<suppressed ~2424 debug messages>
Finding identical cells in module `\qflow_cloud_kernel'.
Finding identical cells in module `\skag_weight_kernel'.
<suppressed ~519 debug messages>
Removed a total of 1835 cells.

11.3. Executing OPT_MUXTREE pass (detect dead branches in mux trees).
Running muxtree optimizer on module \fdpe_kernel..
  Creating internal representation of mux trees.
  No muxes found in this module.
Running muxtree optimizer on module \path_selector_kernel..
  Creating internal representation of mux trees.
  No muxes found in this module.
Running muxtree optimizer on module \qflow_cloud_kernel..
  Creating internal representation of mux trees.
  No muxes found in this module.
Running muxtree optimizer on module \skag_weight_kernel..
  Creating internal representation of mux trees.
  No muxes found in this module.
Removed 0 multiplexer ports.

11.4. Executing OPT_REDUCE pass (consolidate $*mux and $reduce_* inputs).
  Optimizing cells in module \fdpe_kernel.
  Optimizing cells in module \path_selector_kernel.
  Optimizing cells in module \qflow_cloud_kernel.
  Optimizing cells in module \skag_weight_kernel.
Performed a total of 0 changes.

11.5. Executing OPT_MERGE pass (detect identical cells).
Finding identical cells in module `\fdpe_kernel'.
Finding identical cells in module `\path_selector_kernel'.
Finding identical cells in module `\qflow_cloud_kernel'.
Finding identical cells in module `\skag_weight_kernel'.
Removed a total of 0 cells.

11.6. Executing OPT_DFF pass (perform DFF optimizations).

11.7. Executing OPT_CLEAN pass (remove unused cells and wires).
Finding unused cells or wires in module \fdpe_kernel..
Finding unused cells or wires in module \path_selector_kernel..
Finding unused cells or wires in module \qflow_cloud_kernel..
Finding unused cells or wires in module \skag_weight_kernel..
Removed 14803 unused cells and 6699 unused wires.
<suppressed ~14807 debug messages>

11.8. Executing OPT_EXPR pass (perform const folding).
Optimizing module fdpe_kernel.
<suppressed ~9 debug messages>
Optimizing module path_selector_kernel.
Optimizing module qflow_cloud_kernel.
Optimizing module skag_weight_kernel.

11.9. Rerunning OPT passes. (Maybe there is more to do..)

11.10. Executing OPT_MUXTREE pass (detect dead branches in mux trees).
Running muxtree optimizer on module \fdpe_kernel..
  Creating internal representation of mux trees.
  No muxes found in this module.
Running muxtree optimizer on module \path_selector_kernel..
  Creating internal representation of mux trees.
  No muxes found in this module.
Running muxtree optimizer on module \qflow_cloud_kernel..
  Creating internal representation of mux trees.
  No muxes found in this module.
Running muxtree optimizer on module \skag_weight_kernel..
  Creating internal representation of mux trees.
  No muxes found in this module.
Removed 0 multiplexer ports.

11.11. Executing OPT_REDUCE pass (consolidate $*mux and $reduce_* inputs).
  Optimizing cells in module \fdpe_kernel.
  Optimizing cells in module \path_selector_kernel.
  Optimizing cells in module \qflow_cloud_kernel.
  Optimizing cells in module \skag_weight_kernel.
Performed a total of 0 changes.

11.12. Executing OPT_MERGE pass (detect identical cells).
Finding identical cells in module `\fdpe_kernel'.
Finding identical cells in module `\path_selector_kernel'.
Finding identical cells in module `\qflow_cloud_kernel'.
Finding identical cells in module `\skag_weight_kernel'.
Removed a total of 0 cells.

11.13. Executing OPT_DFF pass (perform DFF optimizations).

11.14. Executing OPT_CLEAN pass (remove unused cells and wires).
Finding unused cells or wires in module \fdpe_kernel..
Finding unused cells or wires in module \path_selector_kernel..
Finding unused cells or wires in module \qflow_cloud_kernel..
Finding unused cells or wires in module \skag_weight_kernel..
Removed 0 unused cells and 2 unused wires.
<suppressed ~1 debug messages>

11.15. Executing OPT_EXPR pass (perform const folding).
Optimizing module fdpe_kernel.
Optimizing module path_selector_kernel.
Optimizing module qflow_cloud_kernel.
Optimizing module skag_weight_kernel.

11.16. Rerunning OPT passes. (Maybe there is more to do..)

11.17. Executing OPT_MUXTREE pass (detect dead branches in mux trees).
Running muxtree optimizer on module \fdpe_kernel..
  Creating internal representation of mux trees.
  No muxes found in this module.
Running muxtree optimizer on module \path_selector_kernel..
  Creating internal representation of mux trees.
  No muxes found in this module.
Running muxtree optimizer on module \qflow_cloud_kernel..
  Creating internal representation of mux trees.
  No muxes found in this module.
Running muxtree optimizer on module \skag_weight_kernel..
  Creating internal representation of mux trees.
  No muxes found in this module.
Removed 0 multiplexer ports.

11.18. Executing OPT_REDUCE pass (consolidate $*mux and $reduce_* inputs).
  Optimizing cells in module \fdpe_kernel.
  Optimizing cells in module \path_selector_kernel.
  Optimizing cells in module \qflow_cloud_kernel.
  Optimizing cells in module \skag_weight_kernel.
Performed a total of 0 changes.

11.19. Executing OPT_MERGE pass (detect identical cells).
Finding identical cells in module `\fdpe_kernel'.
Finding identical cells in module `\path_selector_kernel'.
Finding identical cells in module `\qflow_cloud_kernel'.
Finding identical cells in module `\skag_weight_kernel'.
Removed a total of 0 cells.

11.20. Executing OPT_DFF pass (perform DFF optimizations).

11.21. Executing OPT_CLEAN pass (remove unused cells and wires).
Finding unused cells or wires in module \fdpe_kernel..
Finding unused cells or wires in module \path_selector_kernel..
Finding unused cells or wires in module \qflow_cloud_kernel..
Finding unused cells or wires in module \skag_weight_kernel..

11.22. Executing OPT_EXPR pass (perform const folding).
Optimizing module fdpe_kernel.
Optimizing module path_selector_kernel.
Optimizing module qflow_cloud_kernel.
Optimizing module skag_weight_kernel.

11.23. Finished OPT passes. (There is nothing left to do.)

12. Printing statistics.

=== fdpe_kernel ===

   Number of wires:                229
   Number of wire bits:           4046
   Number of public wires:           4
   Number of public wire bits:      72
   Number of ports:                  3
   Number of port bits:             40
   Number of memories:               0
   Number of memory bits:            0
   Number of processes:              0
   Number of cells:               2010
     $_AND_                        784
     $_MUX_                        502
     $_NOT_                          4
     $_OR_                         234
     $_XOR_                        486

=== path_selector_kernel ===

   Number of wires:               3149
   Number of wire bits:          47735
   Number of public wires:          15
   Number of public wire bits:     635
   Number of ports:                  9
   Number of port bits:            519
   Number of memories:               0
   Number of memory bits:            0
   Number of processes:              0
   Number of cells:              13933
     $_AND_                       2178
     $_MUX_                       8294
     $_NOT_                        930
     $_OR_                        1487
     $_XOR_                       1044

=== qflow_cloud_kernel ===

   Number of wires:                 66
   Number of wire bits:           1818
   Number of public wires:          31
   Number of public wire bits:    1628
   Number of ports:                 22
   Number of port bits:           1056
   Number of memories:               0
   Number of memory bits:            0
   Number of processes:              0
   Number of cells:                197
     $_AND_                         54
     $_MUX_                          2
     $_NOT_                          5
     $_OR_                           2
     $_SDFFE_PN0P_                  53
     $_SDFFE_PP0P_                  31
     $_SDFF_PN0_                     1
     $_SDFF_PP0_                     1
     $_XOR_                         31
     fdpe_kernel                     8
     path_selector_kernel            1
     skag_weight_kernel              8

=== skag_weight_kernel ===

   Number of wires:                366
   Number of wire bits:           1463
   Number of public wires:          13
   Number of public wire bits:     289
   Number of ports:                  9
   Number of port bits:            161
   Number of memories:               0
   Number of memory bits:            0
   Number of processes:              0
   Number of cells:                784
     $_AND_                        363
     $_MUX_                         39
     $_NOT_                         66
     $_OR_                         154
     $_XOR_                        162

=== design hierarchy ===

   qflow_cloud_kernel                1
     fdpe_kernel                     8
     path_selector_kernel            1
     skag_weight_kernel              8

   Number of wires:               7975
   Number of wire bits:          93625
   Number of public wires:         182
   Number of public wire bits:    5151
   Number of ports:                127
   Number of port bits:           3183
   Number of memories:               0
   Number of memory bits:            0
   Number of processes:              0
   Number of cells:              36465
     $_AND_                      11408
     $_MUX_                      12624
     $_NOT_                       1495
     $_OR_                        4593
     $_SDFFE_PN0P_                  53
     $_SDFFE_PP0P_                  31
     $_SDFF_PN0_                     1
     $_SDFF_PP0_                     1
     $_XOR_                       6259

13. Executing JSON backend.

End of script. Logfile hash: 04c07d1581, CPU: user 3.32s system 0.06s, MEM: 198.04 MB peak
Yosys 0.51 (git sha1 c4b519022, clang++ 18.1.3 -fPIC -O3)
Time spent: 34% 24x opt_expr (1 sec), 16% 1x techmap (0 sec), ...
