Copyright 1986-2022 Xilinx, Inc. All Rights Reserved. Copyright 2022-2024 Advanced Micro Devices, Inc. All Rights Reserved.
---------------------------------------------------------------------------------------------------------------------------------------------
| Tool Version : Vivado v.2024.2 (lin64) Build 5239630 Fri Nov 08 22:34:34 MST 2024
| Date         : Sun Mar 15 08:41:21 2026
| Host         : Shahriars-Unix running 64-bit Ubuntu 24.04.3 LTS
| Command      : report_utilization -hierarchical -hierarchical_depth 3 -file results/phase9c/qflow_top_tc_utilization.rpt
| Design       : qflow_top_tc
| Device       : xc7a200tfbg484-1
| Speed File   : -1
| Design State : Synthesized
---------------------------------------------------------------------------------------------------------------------------------------------

Utilization Design Information

Table of Contents
-----------------
1. Utilization by Hierarchy

1. Utilization by Hierarchy
---------------------------

+----------------------------+-----------------------------------+------------+------------+---------+------+-----+--------+--------+------------+
|          Instance          |               Module              | Total LUTs | Logic LUTs | LUTRAMs | SRLs | FFs | RAMB36 | RAMB18 | DSP Blocks |
+----------------------------+-----------------------------------+------------+------------+---------+------+-----+--------+--------+------------+
| qflow_top_tc               |                             (top) |       4717 |       4717 |       0 |    0 | 795 |     18 |      0 |          6 |
|   (qflow_top_tc)           |                             (top) |          0 |          0 |       0 |    0 |  36 |      0 |      0 |          0 |
|   u_fdpe                   |                              fdpe |        428 |        428 |       0 |    0 | 118 |      0 |      0 |          4 |
|   u_pmo_ga                 |                   pmo_ga_multigen |        322 |        322 |       0 |    0 | 148 |      0 |      0 |          0 |
|     (u_pmo_ga)             |                   pmo_ga_multigen |         44 |         44 |       0 |    0 |  67 |      0 |      0 |          0 |
|     u_global_elite         |                        ga_elitism |        278 |        278 |       0 |    0 |  81 |      0 |      0 |          0 |
|       (u_global_elite)     |                        ga_elitism |         74 |         74 |       0 |    0 |  81 |      0 |      0 |          0 |
|       u_select             |                         ga_select |        204 |        204 |       0 |    0 |   0 |      0 |      0 |          0 |
|   u_prng                   |                   xorshift128plus |        312 |        312 |       0 |    0 | 194 |      0 |      0 |          0 |
|   u_skag                   |                       skag_mem_tc |       3655 |       3655 |       0 |    0 | 299 |     18 |      0 |          2 |
|     (u_skag)               |                       skag_mem_tc |       3653 |       3653 |       0 |    0 | 299 |     12 |      0 |          2 |
|     fidelity_mem_xpm       |                 xpm_memory_tdpram |          1 |          1 |       0 |    0 |   0 |      2 |      0 |          0 |
|       (fidelity_mem_xpm)   |                 xpm_memory_tdpram |          0 |          0 |       0 |    0 |   0 |      0 |      0 |          0 |
|       xpm_memory_base_inst |                   xpm_memory_base |          1 |          1 |       0 |    0 |   0 |      2 |      0 |          0 |
|     weight_mem_xpm         | xpm_memory_tdpram__parameterized0 |          1 |          1 |       0 |    0 |   0 |      4 |      0 |          0 |
|       (weight_mem_xpm)     | xpm_memory_tdpram__parameterized0 |          0 |          0 |       0 |    0 |   0 |      0 |      0 |          0 |
|       xpm_memory_base_inst |   xpm_memory_base__parameterized0 |          1 |          1 |       0 |    0 |   0 |      4 |      0 |          0 |
+----------------------------+-----------------------------------+------------+------------+---------+------+-----+--------+--------+------------+


