
 /----------------------------------------------------------------------------\
 |  yosys -- Yosys Open SYnthesis Suite                                       |
 |  Copyright (C) 2012 - 2025  Claire Xenia Wolf <claire@yosyshq.com>         |
 |  Distributed under an ISC-like license, type "license" to see terms        |
 \----------------------------------------------------------------------------/
 Yosys 0.51 (git sha1 c4b519022, clang++ 18.1.3 -fPIC -O3)

-- Executing script file `asic/fdpe_kernel/scripts/synth_fdpe_kernel_v0_yosys.ys' --

1. Executing Verilog-2005 frontend: asic/fdpe_kernel/src/fdpe_kernel_v0.v
Parsing Verilog input from `asic/fdpe_kernel/src/fdpe_kernel_v0.v' to AST representation.
Generating RTLIL representation for module `\fdpe_kernel_v0'.
Successfully finished Verilog frontend.

2. Executing HIERARCHY pass (managing design hierarchy).

2.1. Analyzing design hierarchy..
Top module:  \fdpe_kernel_v0

2.2. Analyzing design hierarchy..
Top module:  \fdpe_kernel_v0
Removed 0 unused modules.

3. Executing PROC pass (convert processes to netlists).

3.1. Executing PROC_CLEAN pass (remove empty switches from decision trees).
Removing empty process `fdpe_kernel_v0.$proc$asic/fdpe_kernel/src/fdpe_kernel_v0.v:0$6'.
Cleaned up 0 empty switches.

3.2. Executing PROC_RMDEAD pass (remove dead branches from decision trees).
Marked 1 switch rules as full_case in process $proc$asic/fdpe_kernel/src/fdpe_kernel_v0.v:65$1 in module fdpe_kernel_v0.
Removed a total of 0 dead cases.

3.3. Executing PROC_PRUNE pass (remove redundant assignments in processes).
Removed 6 redundant assignments.
Promoted 0 assignments to connections.

3.4. Executing PROC_INIT pass (extract init attributes).

3.5. Executing PROC_ARST pass (detect async resets in processes).

3.6. Executing PROC_ROM pass (convert switches to ROMs).
Converted 0 switches.
<suppressed ~2 debug messages>

3.7. Executing PROC_MUX pass (convert decision trees to multiplexers).
Creating decoders for process `\fdpe_kernel_v0.$proc$asic/fdpe_kernel/src/fdpe_kernel_v0.v:65$1'.
     1/7: $0\done[0:0]
     2/7: $0\valid_s2[0:0]
     3/7: $0\mult_s2[31:0]
     4/7: $0\valid_s1[0:0]
     5/7: $0\exp_s1[15:0]
     6/7: $0\f_init_s1[15:0]
     7/7: $0\fidelity_q016[15:0]

3.8. Executing PROC_DLATCH pass (convert process syncs to latches).

3.9. Executing PROC_DFF pass (convert process syncs to FFs).
Creating register for signal `\fdpe_kernel_v0.\done' using process `\fdpe_kernel_v0.$proc$asic/fdpe_kernel/src/fdpe_kernel_v0.v:65$1'.
  created $dff cell `$procdff$30' with positive edge clock.
Creating register for signal `\fdpe_kernel_v0.\fidelity_q016' using process `\fdpe_kernel_v0.$proc$asic/fdpe_kernel/src/fdpe_kernel_v0.v:65$1'.
  created $dff cell `$procdff$31' with positive edge clock.
Creating register for signal `\fdpe_kernel_v0.\f_init_s1' using process `\fdpe_kernel_v0.$proc$asic/fdpe_kernel/src/fdpe_kernel_v0.v:65$1'.
  created $dff cell `$procdff$32' with positive edge clock.
Creating register for signal `\fdpe_kernel_v0.\exp_s1' using process `\fdpe_kernel_v0.$proc$asic/fdpe_kernel/src/fdpe_kernel_v0.v:65$1'.
  created $dff cell `$procdff$33' with positive edge clock.
Creating register for signal `\fdpe_kernel_v0.\valid_s1' using process `\fdpe_kernel_v0.$proc$asic/fdpe_kernel/src/fdpe_kernel_v0.v:65$1'.
  created $dff cell `$procdff$34' with positive edge clock.
Creating register for signal `\fdpe_kernel_v0.\mult_s2' using process `\fdpe_kernel_v0.$proc$asic/fdpe_kernel/src/fdpe_kernel_v0.v:65$1'.
  created $dff cell `$procdff$35' with positive edge clock.
Creating register for signal `\fdpe_kernel_v0.\valid_s2' using process `\fdpe_kernel_v0.$proc$asic/fdpe_kernel/src/fdpe_kernel_v0.v:65$1'.
  created $dff cell `$procdff$36' with positive edge clock.

3.10. Executing PROC_MEMWR pass (convert process memory writes to cells).

3.11. Executing PROC_CLEAN pass (remove empty switches from decision trees).
Found and cleaned up 2 empty switches in `\fdpe_kernel_v0.$proc$asic/fdpe_kernel/src/fdpe_kernel_v0.v:65$1'.
Removing empty process `fdpe_kernel_v0.$proc$asic/fdpe_kernel/src/fdpe_kernel_v0.v:65$1'.
Cleaned up 2 empty switches.

3.12. Executing OPT_EXPR pass (perform const folding).
Optimizing module fdpe_kernel_v0.
<suppressed ~7 debug messages>

4. Executing OPT pass (performing simple optimizations).

4.1. Executing OPT_EXPR pass (perform const folding).
Optimizing module fdpe_kernel_v0.

4.2. Executing OPT_MERGE pass (detect identical cells).
Finding identical cells in module `\fdpe_kernel_v0'.
Removed a total of 0 cells.

4.3. Executing OPT_MUXTREE pass (detect dead branches in mux trees).
Running muxtree optimizer on module \fdpe_kernel_v0..
  Creating internal representation of mux trees.
  Evaluating internal representation of mux trees.
  Analyzing evaluation results.
Removed 0 multiplexer ports.
<suppressed ~7 debug messages>

4.4. Executing OPT_REDUCE pass (consolidate $*mux and $reduce_* inputs).
  Optimizing cells in module \fdpe_kernel_v0.
Performed a total of 0 changes.

4.5. Executing OPT_MERGE pass (detect identical cells).
Finding identical cells in module `\fdpe_kernel_v0'.
Removed a total of 0 cells.

4.6. Executing OPT_DFF pass (perform DFF optimizations).
Adding SRST signal on $procdff$30 ($dff) from module fdpe_kernel_v0 (D = \valid_s2, Q = \done, rval = 1'0).
Adding SRST signal on $procdff$31 ($dff) from module fdpe_kernel_v0 (D = $procmux$25_Y, Q = \fidelity_q016, rval = 16'0000000000000000).
Adding EN signal on $auto$ff.cc:266:slice$38 ($sdff) from module fdpe_kernel_v0 (D = \mult_s2 [31:16], Q = \fidelity_q016).
Adding SRST signal on $procdff$32 ($dff) from module fdpe_kernel_v0 (D = \f_init_q016, Q = \f_init_s1, rval = 16'0000000000000000).
Adding SRST signal on $procdff$33 ($dff) from module fdpe_kernel_v0 (D = $memrd$\exp_lut$asic/fdpe_kernel/src/fdpe_kernel_v0.v:80$3_DATA, Q = \exp_s1, rval = 16'0000000000000000).
Adding SRST signal on $procdff$34 ($dff) from module fdpe_kernel_v0 (D = \start, Q = \valid_s1, rval = 1'0).
Adding SRST signal on $procdff$35 ($dff) from module fdpe_kernel_v0 (D = $mul$asic/fdpe_kernel/src/fdpe_kernel_v0.v:84$4_Y, Q = \mult_s2, rval = 0).
Adding SRST signal on $procdff$36 ($dff) from module fdpe_kernel_v0 (D = \valid_s1, Q = \valid_s2, rval = 1'0).

4.7. Executing OPT_CLEAN pass (remove unused cells and wires).
Finding unused cells or wires in module \fdpe_kernel_v0..
Removed 9 unused cells and 24 unused wires.
<suppressed ~10 debug messages>

4.8. Executing OPT_EXPR pass (perform const folding).
Optimizing module fdpe_kernel_v0.

4.9. Rerunning OPT passes. (Maybe there is more to do..)

4.10. Executing OPT_MUXTREE pass (detect dead branches in mux trees).
Running muxtree optimizer on module \fdpe_kernel_v0..
  Creating internal representation of mux trees.
  No muxes found in this module.
Removed 0 multiplexer ports.

4.11. Executing OPT_REDUCE pass (consolidate $*mux and $reduce_* inputs).
  Optimizing cells in module \fdpe_kernel_v0.
Performed a total of 0 changes.

4.12. Executing OPT_MERGE pass (detect identical cells).
Finding identical cells in module `\fdpe_kernel_v0'.
Removed a total of 0 cells.

4.13. Executing OPT_DFF pass (perform DFF optimizations).

4.14. Executing OPT_CLEAN pass (remove unused cells and wires).
Finding unused cells or wires in module \fdpe_kernel_v0..

4.15. Executing OPT_EXPR pass (perform const folding).
Optimizing module fdpe_kernel_v0.

4.16. Finished OPT passes. (There is nothing left to do.)

5. Executing MEMORY pass.

5.1. Executing OPT_MEM pass (optimize memories).
Performed a total of 0 transformations.

5.2. Executing OPT_MEM_PRIORITY pass (removing unnecessary memory write priority relations).
Performed a total of 0 transformations.

5.3. Executing OPT_MEM_FEEDBACK pass (finding memory read-to-write feedback paths).

5.4. Executing MEMORY_BMUX2ROM pass (converting muxes to ROMs).

5.5. Executing MEMORY_DFF pass (merging $dff cells to $memrd).
Checking read port `\exp_lut'[0] in module `\fdpe_kernel_v0': merging output FF to cell.

5.6. Executing OPT_CLEAN pass (remove unused cells and wires).
Finding unused cells or wires in module \fdpe_kernel_v0..
Removed 1 unused cells and 17 unused wires.
<suppressed ~2 debug messages>

5.7. Executing MEMORY_SHARE pass (consolidating $memrd/$memwr cells).

5.8. Executing OPT_MEM_WIDEN pass (optimize memories where all ports are wide).
Performed a total of 0 transformations.

5.9. Executing OPT_CLEAN pass (remove unused cells and wires).
Finding unused cells or wires in module \fdpe_kernel_v0..

5.10. Executing MEMORY_COLLECT pass (generating $mem cells).

5.11. Executing MEMORY_MAP pass (converting memories to logic and flip-flops).
Mapping memory \exp_lut in module \fdpe_kernel_v0:
  created 256 $dff cells and 0 static cells of width 16.
Extracted data FF from read port 0 of fdpe_kernel_v0.exp_lut: $\exp_lut$rdreg[0]
  read interface: 1 $dff and 255 $mux cells.
  write interface: 0 write mux blocks.

6. Executing OPT pass (performing simple optimizations).

6.1. Executing OPT_EXPR pass (perform const folding).
Optimizing module fdpe_kernel_v0.
<suppressed ~2 debug messages>

6.2. Executing OPT_MERGE pass (detect identical cells).
Finding identical cells in module `\fdpe_kernel_v0'.
Removed a total of 0 cells.

6.3. Executing OPT_MUXTREE pass (detect dead branches in mux trees).
Running muxtree optimizer on module \fdpe_kernel_v0..
  Creating internal representation of mux trees.
  Evaluating internal representation of mux trees.
  Analyzing evaluation results.
Removed 0 multiplexer ports.
<suppressed ~1 debug messages>

6.4. Executing OPT_REDUCE pass (consolidate $*mux and $reduce_* inputs).
  Optimizing cells in module \fdpe_kernel_v0.
Performed a total of 0 changes.

6.5. Executing OPT_MERGE pass (detect identical cells).
Finding identical cells in module `\fdpe_kernel_v0'.
Removed a total of 0 cells.

6.6. Executing OPT_DFF pass (perform DFF optimizations).

6.7. Executing OPT_CLEAN pass (remove unused cells and wires).
Finding unused cells or wires in module \fdpe_kernel_v0..
Removed 1 unused cells and 258 unused wires.
<suppressed ~2 debug messages>

6.8. Executing OPT_EXPR pass (perform const folding).
Optimizing module fdpe_kernel_v0.

6.9. Rerunning OPT passes. (Maybe there is more to do..)

6.10. Executing OPT_MUXTREE pass (detect dead branches in mux trees).
Running muxtree optimizer on module \fdpe_kernel_v0..
  Creating internal representation of mux trees.
  Evaluating internal representation of mux trees.
  Analyzing evaluation results.
Removed 0 multiplexer ports.
<suppressed ~1 debug messages>

6.11. Executing OPT_REDUCE pass (consolidate $*mux and $reduce_* inputs).
  Optimizing cells in module \fdpe_kernel_v0.
Performed a total of 0 changes.

6.12. Executing OPT_MERGE pass (detect identical cells).
Finding identical cells in module `\fdpe_kernel_v0'.
Removed a total of 0 cells.

6.13. Executing OPT_DFF pass (perform DFF optimizations).

6.14. Executing OPT_CLEAN pass (remove unused cells and wires).
Finding unused cells or wires in module \fdpe_kernel_v0..

6.15. Executing OPT_EXPR pass (perform const folding).
Optimizing module fdpe_kernel_v0.

6.16. Finished OPT passes. (There is nothing left to do.)

7. Executing FSM pass (extract and optimize FSM).

7.1. Executing FSM_DETECT pass (finding FSMs in design).

7.2. Executing FSM_EXTRACT pass (extracting FSM from design).

7.3. Executing FSM_OPT pass (simple optimizations of FSMs).

7.4. Executing OPT_CLEAN pass (remove unused cells and wires).
Finding unused cells or wires in module \fdpe_kernel_v0..

7.5. Executing FSM_OPT pass (simple optimizations of FSMs).

7.6. Executing FSM_RECODE pass (re-assigning FSM state encoding).

7.7. Executing FSM_INFO pass (dumping all available information on FSM cells).

7.8. Executing FSM_MAP pass (mapping FSMs to basic logic).

8. Executing OPT pass (performing simple optimizations).

8.1. Executing OPT_EXPR pass (perform const folding).
Optimizing module fdpe_kernel_v0.

8.2. Executing OPT_MERGE pass (detect identical cells).
Finding identical cells in module `\fdpe_kernel_v0'.
Removed a total of 0 cells.

8.3. Executing OPT_MUXTREE pass (detect dead branches in mux trees).
Running muxtree optimizer on module \fdpe_kernel_v0..
  Creating internal representation of mux trees.
  Evaluating internal representation of mux trees.
  Analyzing evaluation results.
Removed 0 multiplexer ports.
<suppressed ~1 debug messages>

8.4. Executing OPT_REDUCE pass (consolidate $*mux and $reduce_* inputs).
  Optimizing cells in module \fdpe_kernel_v0.
Performed a total of 0 changes.

8.5. Executing OPT_MERGE pass (detect identical cells).
Finding identical cells in module `\fdpe_kernel_v0'.
Removed a total of 0 cells.

8.6. Executing OPT_DFF pass (perform DFF optimizations).

8.7. Executing OPT_CLEAN pass (remove unused cells and wires).
Finding unused cells or wires in module \fdpe_kernel_v0..

8.8. Executing OPT_EXPR pass (perform const folding).
Optimizing module fdpe_kernel_v0.

8.9. Finished OPT passes. (There is nothing left to do.)

9. Executing TECHMAP pass (map to technology primitives).

9.1. Executing Verilog-2005 frontend: /home/shahriar-rizvi/Documents/VLSI/tools/OpenROAD-flow-scripts/tools/install/yosys/bin/../share/yosys/techmap.v
Parsing Verilog input from `/home/shahriar-rizvi/Documents/VLSI/tools/OpenROAD-flow-scripts/tools/install/yosys/bin/../share/yosys/techmap.v' to AST representation.
Generating RTLIL representation for module `\_90_simplemap_bool_ops'.
Generating RTLIL representation for module `\_90_simplemap_reduce_ops'.
Generating RTLIL representation for module `\_90_simplemap_logic_ops'.
Generating RTLIL representation for module `\_90_simplemap_compare_ops'.
Generating RTLIL representation for module `\_90_simplemap_various'.
Generating RTLIL representation for module `\_90_simplemap_registers'.
Generating RTLIL representation for module `\_90_shift_ops_shr_shl_sshl_sshr'.
Generating RTLIL representation for module `\_90_shift_shiftx'.
Generating RTLIL representation for module `\_90_fa'.
Generating RTLIL representation for module `\_90_lcu_brent_kung'.
Generating RTLIL representation for module `\_90_alu'.
Generating RTLIL representation for module `\_90_macc'.
Generating RTLIL representation for module `\_90_alumacc'.
Generating RTLIL representation for module `\$__div_mod_u'.
Generating RTLIL representation for module `\$__div_mod_trunc'.
Generating RTLIL representation for module `\_90_div'.
Generating RTLIL representation for module `\_90_mod'.
Generating RTLIL representation for module `\$__div_mod_floor'.
Generating RTLIL representation for module `\_90_divfloor'.
Generating RTLIL representation for module `\_90_modfloor'.
Generating RTLIL representation for module `\_90_pow'.
Generating RTLIL representation for module `\_90_pmux'.
Generating RTLIL representation for module `\_90_demux'.
Generating RTLIL representation for module `\_90_lut'.
Successfully finished Verilog frontend.

9.2. Continuing TECHMAP pass.
Using extmapper simplemap for cells of type $sdff.
Using extmapper simplemap for cells of type $mux.
Running "alumacc" on wrapper $extern:wrap:$mul:A_SIGNED=0:A_WIDTH=16:B_SIGNED=0:B_WIDTH=16:Y_WIDTH=32:394426c56d1a028ba8fdd5469b163e04011def47.
Using template $extern:wrap:$mul:A_SIGNED=0:A_WIDTH=16:B_SIGNED=0:B_WIDTH=16:Y_WIDTH=32:394426c56d1a028ba8fdd5469b163e04011def47 for cells of type $extern:wrap:$mul:A_SIGNED=0:A_WIDTH=16:B_SIGNED=0:B_WIDTH=16:Y_WIDTH=32:394426c56d1a028ba8fdd5469b163e04011def47.
Using extmapper simplemap for cells of type $sdffe.
Using extmapper maccmap for cells of type $macc.
  add \f_init_s1 * \exp_s1 (16x16 bits, unsigned)
Using extmapper simplemap for cells of type $and.
Using template $paramod\_90_fa\WIDTH=32'00000000000000000000000000100000 for cells of type $fa.
Using template $paramod$fbc7873bff55778c0b3173955b7e4bce1d9d6834\_90_alu for cells of type $alu.
Using extmapper simplemap for cells of type $or.
Using extmapper simplemap for cells of type $xor.
Using template $paramod\_90_lcu_brent_kung\WIDTH=32'00000000000000000000000000100000 for cells of type $lcu.
Using extmapper simplemap for cells of type $pos.
Using extmapper simplemap for cells of type $not.
No more expansions possible.
<suppressed ~767 debug messages>

10. Executing OPT pass (performing simple optimizations).

10.1. Executing OPT_EXPR pass (perform const folding).
Optimizing module fdpe_kernel_v0.
<suppressed ~4174 debug messages>

10.2. Executing OPT_MERGE pass (detect identical cells).
Finding identical cells in module `\fdpe_kernel_v0'.
<suppressed ~2562 debug messages>
Removed a total of 854 cells.

10.3. Executing OPT_MUXTREE pass (detect dead branches in mux trees).
Running muxtree optimizer on module \fdpe_kernel_v0..
  Creating internal representation of mux trees.
  No muxes found in this module.
Removed 0 multiplexer ports.

10.4. Executing OPT_REDUCE pass (consolidate $*mux and $reduce_* inputs).
  Optimizing cells in module \fdpe_kernel_v0.
Performed a total of 0 changes.

10.5. Executing OPT_MERGE pass (detect identical cells).
Finding identical cells in module `\fdpe_kernel_v0'.
Removed a total of 0 cells.

10.6. Executing OPT_DFF pass (perform DFF optimizations).
Adding SRST signal on $auto$ff.cc:266:slice$970 ($_SDFF_PN0_) from module fdpe_kernel_v0 (D = $memory\exp_lut$rdmux[0][2][0]$a$74 [15], Q = \exp_s1 [15], rval = 1'0).
Adding SRST signal on $auto$ff.cc:266:slice$966 ($_SDFF_PN0_) from module fdpe_kernel_v0 (D = $memory\exp_lut$rdmux[0][0][0]$a$65 [11], Q = \exp_s1 [11], rval = 1'0).
Adding SRST signal on $auto$ff.cc:266:slice$967 ($_SDFF_PN0_) from module fdpe_kernel_v0 (D = $memory\exp_lut$rdmux[0][0][0]$a$65 [12], Q = \exp_s1 [12], rval = 1'0).
Adding SRST signal on $auto$ff.cc:266:slice$968 ($_SDFF_PN0_) from module fdpe_kernel_v0 (D = $memory\exp_lut$rdmux[0][0][0]$a$65 [13], Q = \exp_s1 [13], rval = 1'0).
Adding SRST signal on $auto$ff.cc:266:slice$969 ($_SDFF_PN0_) from module fdpe_kernel_v0 (D = $memory\exp_lut$rdmux[0][1][0]$a$68 [14], Q = \exp_s1 [14], rval = 1'0).

10.7. Executing OPT_CLEAN pass (remove unused cells and wires).
Finding unused cells or wires in module \fdpe_kernel_v0..
Removed 96 unused cells and 399 unused wires.
<suppressed ~97 debug messages>

10.8. Executing OPT_EXPR pass (perform const folding).
Optimizing module fdpe_kernel_v0.
<suppressed ~9 debug messages>

10.9. Rerunning OPT passes. (Maybe there is more to do..)

10.10. Executing OPT_MUXTREE pass (detect dead branches in mux trees).
Running muxtree optimizer on module \fdpe_kernel_v0..
  Creating internal representation of mux trees.
  No muxes found in this module.
Removed 0 multiplexer ports.

10.11. Executing OPT_REDUCE pass (consolidate $*mux and $reduce_* inputs).
  Optimizing cells in module \fdpe_kernel_v0.
Performed a total of 0 changes.

10.12. Executing OPT_MERGE pass (detect identical cells).
Finding identical cells in module `\fdpe_kernel_v0'.
<suppressed ~18 debug messages>
Removed a total of 6 cells.

10.13. Executing OPT_DFF pass (perform DFF optimizations).

10.14. Executing OPT_CLEAN pass (remove unused cells and wires).
Finding unused cells or wires in module \fdpe_kernel_v0..
Removed 0 unused cells and 8 unused wires.
<suppressed ~1 debug messages>

10.15. Executing OPT_EXPR pass (perform const folding).
Optimizing module fdpe_kernel_v0.

10.16. Rerunning OPT passes. (Maybe there is more to do..)

10.17. Executing OPT_MUXTREE pass (detect dead branches in mux trees).
Running muxtree optimizer on module \fdpe_kernel_v0..
  Creating internal representation of mux trees.
  No muxes found in this module.
Removed 0 multiplexer ports.

10.18. Executing OPT_REDUCE pass (consolidate $*mux and $reduce_* inputs).
  Optimizing cells in module \fdpe_kernel_v0.
Performed a total of 0 changes.

10.19. Executing OPT_MERGE pass (detect identical cells).
Finding identical cells in module `\fdpe_kernel_v0'.
Removed a total of 0 cells.

10.20. Executing OPT_DFF pass (perform DFF optimizations).

10.21. Executing OPT_CLEAN pass (remove unused cells and wires).
Finding unused cells or wires in module \fdpe_kernel_v0..

10.22. Executing OPT_EXPR pass (perform const folding).
Optimizing module fdpe_kernel_v0.

10.23. Finished OPT passes. (There is nothing left to do.)

11. Executing ABC pass (technology mapping using ABC).

11.1. Extracting gate netlist of module `\fdpe_kernel_v0' to `<abc-temp-dir>/input.blif'..
Extracted 2009 gates and 2052 wires to a netlist network with 41 inputs and 35 outputs.

11.1.1. Executing ABC.
Running ABC command: "<yosys-exe-dir>/yosys-abc" -s -f <abc-temp-dir>/abc.script 2>&1
ABC: ABC command line: "source <abc-temp-dir>/abc.script".
ABC: 
ABC: + read_blif <abc-temp-dir>/input.blif 
ABC: + read_library <abc-temp-dir>/stdcells.genlib 
ABC: + strash 
ABC: + &get -n 
ABC: + &fraig -x 
ABC: + &put 
ABC: + scorr 
ABC: Warning: The network is combinational (run "fraig" or "fraig_sweep").
ABC: + dc2 
ABC: + dretime 
ABC: + strash 
ABC: + &get -n 
ABC: + &dch -f 
ABC: + &nf 
ABC: + &put 
ABC: + write_blif <abc-temp-dir>/output.blif 

11.1.2. Re-integrating ABC results.
ABC RESULTS:               AND cells:      459
ABC RESULTS:            ANDNOT cells:       41
ABC RESULTS:               MUX cells:       45
ABC RESULTS:              NAND cells:     1033
ABC RESULTS:               NOR cells:       15
ABC RESULTS:               NOT cells:        5
ABC RESULTS:                OR cells:       92
ABC RESULTS:             ORNOT cells:       46
ABC RESULTS:              XNOR cells:       36
ABC RESULTS:               XOR cells:      419
ABC RESULTS:        internal signals:     1976
ABC RESULTS:           input signals:       41
ABC RESULTS:          output signals:       35
Removing temp directory.
Removed 0 unused cells and 298 unused wires.

12. Printing statistics.

=== fdpe_kernel_v0 ===

   Number of wires:               2178
   Number of wire bits:           2322
   Number of public wires:          12
   Number of public wire bits:     110
   Number of ports:                  7
   Number of port bits:             44
   Number of memories:               0
   Number of memory bits:            0
   Number of processes:              0
   Number of cells:               2258
     $_ANDNOT_                      41
     $_AND_                        459
     $_MUX_                         45
     $_NAND_                      1033
     $_NOR_                         15
     $_NOT_                          5
     $_ORNOT_                       46
     $_OR_                          92
     $_SDFFE_PN0P_                  16
     $_SDFF_PN0_                    46
     $_SDFF_PP0_                     5
     $_XNOR_                        36
     $_XOR_                        419

13. Executing Verilog backend.

13.1. Executing BMUXMAP pass.

13.2. Executing DEMUXMAP pass.
Dumping module `\fdpe_kernel_v0'.

End of script. Logfile hash: 0516ae6a17, CPU: user 0.31s system 0.02s, MEM: 31.34 MB peak
Yosys 0.51 (git sha1 c4b519022, clang++ 18.1.3 -fPIC -O3)
Time spent: 39% 1x abc (0 sec), 15% 15x opt_expr (0 sec), ...
