
==========================================================================
floorplan final report_tns
--------------------------------------------------------------------------
tns 0.00

==========================================================================
floorplan final report_wns
--------------------------------------------------------------------------
wns 0.00

==========================================================================
floorplan final report_worst_slack
--------------------------------------------------------------------------
worst slack 6.86

==========================================================================
floorplan final report_checks -path_delay min
--------------------------------------------------------------------------
Startpoint: a_dominates_b$_SDFFE_PN0P_
            (rising edge-triggered flip-flop clocked by core_clock)
Endpoint: a_dominates_b$_SDFFE_PN0P_
          (rising edge-triggered flip-flop clocked by core_clock)
Path Group: core_clock
Path Type: min

Fanout     Cap    Slew   Delay    Time   Description
-----------------------------------------------------------------------------
                  0.00    0.00    0.00   clock core_clock (rise edge)
                          0.00    0.00   clock network delay (ideal)
                  0.00    0.00    0.00 ^ a_dominates_b$_SDFFE_PN0P_/CLK (sky130_fd_sc_hd__dfxtp_1)
     2    0.00    0.03    0.27    0.27 v a_dominates_b$_SDFFE_PN0P_/Q (sky130_fd_sc_hd__dfxtp_1)
                                         a_dominates_b (net)
                  0.03    0.00    0.27 v _661_/A (sky130_fd_sc_hd__nand2_1)
     1    0.00    0.03    0.04    0.31 ^ _661_/Y (sky130_fd_sc_hd__nand2_1)
                                         _146_ (net)
                  0.03    0.00    0.31 ^ _663_/A2 (sky130_fd_sc_hd__a21oi_1)
     1    0.00    0.03    0.05    0.36 v _663_/Y (sky130_fd_sc_hd__a21oi_1)
                                         _000_ (net)
                  0.03    0.00    0.36 v a_dominates_b$_SDFFE_PN0P_/D (sky130_fd_sc_hd__dfxtp_1)
                                  0.36   data arrival time

                  0.00    0.00    0.00   clock core_clock (rise edge)
                          0.00    0.00   clock network delay (ideal)
                          0.00    0.00   clock reconvergence pessimism
                                  0.00 ^ a_dominates_b$_SDFFE_PN0P_/CLK (sky130_fd_sc_hd__dfxtp_1)
                         -0.06   -0.06   library hold time
                                 -0.06   data required time
-----------------------------------------------------------------------------
                                 -0.06   data required time
                                 -0.36   data arrival time
-----------------------------------------------------------------------------
                                  0.42   slack (MET)



==========================================================================
floorplan final report_checks -path_delay max
--------------------------------------------------------------------------
Startpoint: qber_b[14] (input port clocked by core_clock)
Endpoint: b_dominates_a$_SDFFE_PN0P_
          (rising edge-triggered flip-flop clocked by core_clock)
Path Group: core_clock
Path Type: max

Fanout     Cap    Slew   Delay    Time   Description
-----------------------------------------------------------------------------
                  0.00    0.00    0.00   clock core_clock (rise edge)
                          0.00    0.00   clock network delay (ideal)
                          1.00    1.00 ^ input external delay
     1    0.00    0.00    0.00    1.00 ^ qber_b[14] (in)
                                         qber_b[14] (net)
                  0.00    0.00    1.00 ^ _514_/A (sky130_fd_sc_hd__inv_1)
     1    0.00    0.02    0.02    1.02 v _514_/Y (sky130_fd_sc_hd__inv_1)
                                         _412_ (net)
                  0.02    0.00    1.02 v _771_/B (sky130_fd_sc_hd__ha_1)
     2    0.01    0.08    0.28    1.30 ^ _771_/SUM (sky130_fd_sc_hd__ha_1)
                                         _414_ (net)
                  0.08    0.00    1.30 ^ _622_/D (sky130_fd_sc_hd__nand4_2)
     3    0.01    0.08    0.11    1.41 v _622_/Y (sky130_fd_sc_hd__nand4_2)
                                         _107_ (net)
                  0.08    0.00    1.41 v _634_/A (sky130_fd_sc_hd__or4_1)
     2    0.00    0.09    0.53    1.95 v _634_/X (sky130_fd_sc_hd__or4_1)
                                         _119_ (net)
                  0.09    0.00    1.95 v _652_/A (sky130_fd_sc_hd__or2_1)
     3    0.01    0.07    0.26    2.21 v _652_/X (sky130_fd_sc_hd__or2_1)
                                         _137_ (net)
                  0.07    0.00    2.21 v _665_/A2 (sky130_fd_sc_hd__a22oi_1)
     1    0.00    0.14    0.18    2.39 ^ _665_/Y (sky130_fd_sc_hd__a22oi_1)
                                         _149_ (net)
                  0.14    0.00    2.39 ^ _666_/B (sky130_fd_sc_hd__nand2_1)
     2    0.00    0.05    0.08    2.46 v _666_/Y (sky130_fd_sc_hd__nand2_1)
                                         _150_ (net)
                  0.05    0.00    2.46 v _671_/B (sky130_fd_sc_hd__or4_1)
     1    0.00    0.08    0.49    2.95 v _671_/X (sky130_fd_sc_hd__or4_1)
                                         _155_ (net)
                  0.08    0.00    2.95 v _673_/A1 (sky130_fd_sc_hd__a21oi_1)
     1    0.00    0.08    0.11    3.07 ^ _673_/Y (sky130_fd_sc_hd__a21oi_1)
                                         _001_ (net)
                  0.08    0.00    3.07 ^ b_dominates_a$_SDFFE_PN0P_/D (sky130_fd_sc_hd__dfxtp_1)
                                  3.07   data arrival time

                  0.00   10.00   10.00   clock core_clock (rise edge)
                          0.00   10.00   clock network delay (ideal)
                          0.00   10.00   clock reconvergence pessimism
                                 10.00 ^ b_dominates_a$_SDFFE_PN0P_/CLK (sky130_fd_sc_hd__dfxtp_1)
                         -0.07    9.93   library setup time
                                  9.93   data required time
-----------------------------------------------------------------------------
                                  9.93   data required time
                                 -3.07   data arrival time
-----------------------------------------------------------------------------
                                  6.86   slack (MET)



==========================================================================
floorplan final report_checks -unconstrained
--------------------------------------------------------------------------
Startpoint: qber_b[14] (input port clocked by core_clock)
Endpoint: b_dominates_a$_SDFFE_PN0P_
          (rising edge-triggered flip-flop clocked by core_clock)
Path Group: core_clock
Path Type: max

Fanout     Cap    Slew   Delay    Time   Description
-----------------------------------------------------------------------------
                  0.00    0.00    0.00   clock core_clock (rise edge)
                          0.00    0.00   clock network delay (ideal)
                          1.00    1.00 ^ input external delay
     1    0.00    0.00    0.00    1.00 ^ qber_b[14] (in)
                                         qber_b[14] (net)
                  0.00    0.00    1.00 ^ _514_/A (sky130_fd_sc_hd__inv_1)
     1    0.00    0.02    0.02    1.02 v _514_/Y (sky130_fd_sc_hd__inv_1)
                                         _412_ (net)
                  0.02    0.00    1.02 v _771_/B (sky130_fd_sc_hd__ha_1)
     2    0.01    0.08    0.28    1.30 ^ _771_/SUM (sky130_fd_sc_hd__ha_1)
                                         _414_ (net)
                  0.08    0.00    1.30 ^ _622_/D (sky130_fd_sc_hd__nand4_2)
     3    0.01    0.08    0.11    1.41 v _622_/Y (sky130_fd_sc_hd__nand4_2)
                                         _107_ (net)
                  0.08    0.00    1.41 v _634_/A (sky130_fd_sc_hd__or4_1)
     2    0.00    0.09    0.53    1.95 v _634_/X (sky130_fd_sc_hd__or4_1)
                                         _119_ (net)
                  0.09    0.00    1.95 v _652_/A (sky130_fd_sc_hd__or2_1)
     3    0.01    0.07    0.26    2.21 v _652_/X (sky130_fd_sc_hd__or2_1)
                                         _137_ (net)
                  0.07    0.00    2.21 v _665_/A2 (sky130_fd_sc_hd__a22oi_1)
     1    0.00    0.14    0.18    2.39 ^ _665_/Y (sky130_fd_sc_hd__a22oi_1)
                                         _149_ (net)
                  0.14    0.00    2.39 ^ _666_/B (sky130_fd_sc_hd__nand2_1)
     2    0.00    0.05    0.08    2.46 v _666_/Y (sky130_fd_sc_hd__nand2_1)
                                         _150_ (net)
                  0.05    0.00    2.46 v _671_/B (sky130_fd_sc_hd__or4_1)
     1    0.00    0.08    0.49    2.95 v _671_/X (sky130_fd_sc_hd__or4_1)
                                         _155_ (net)
                  0.08    0.00    2.95 v _673_/A1 (sky130_fd_sc_hd__a21oi_1)
     1    0.00    0.08    0.11    3.07 ^ _673_/Y (sky130_fd_sc_hd__a21oi_1)
                                         _001_ (net)
                  0.08    0.00    3.07 ^ b_dominates_a$_SDFFE_PN0P_/D (sky130_fd_sc_hd__dfxtp_1)
                                  3.07   data arrival time

                  0.00   10.00   10.00   clock core_clock (rise edge)
                          0.00   10.00   clock network delay (ideal)
                          0.00   10.00   clock reconvergence pessimism
                                 10.00 ^ b_dominates_a$_SDFFE_PN0P_/CLK (sky130_fd_sc_hd__dfxtp_1)
                         -0.07    9.93   library setup time
                                  9.93   data required time
-----------------------------------------------------------------------------
                                  9.93   data required time
                                 -3.07   data arrival time
-----------------------------------------------------------------------------
                                  6.86   slack (MET)



==========================================================================
floorplan final report_power
--------------------------------------------------------------------------
Group                  Internal  Switching    Leakage      Total
                          Power      Power      Power      Power (Watts)
----------------------------------------------------------------
Sequential             2.56e-05   2.18e-07   4.92e-11   2.59e-05  27.2%
Combinational          3.65e-05   3.28e-05   1.53e-09   6.93e-05  72.8%
Clock                  0.00e+00   0.00e+00   0.00e+00   0.00e+00   0.0%
Macro                  0.00e+00   0.00e+00   0.00e+00   0.00e+00   0.0%
Pad                    0.00e+00   0.00e+00   0.00e+00   0.00e+00   0.0%
----------------------------------------------------------------
Total                  6.21e-05   3.30e-05   1.58e-09   9.51e-05 100.0%
                          65.3%      34.7%       0.0%
