
==========================================================================
finish report_tns
--------------------------------------------------------------------------
tns 0.00

==========================================================================
finish report_wns
--------------------------------------------------------------------------
wns 0.00

==========================================================================
finish report_worst_slack
--------------------------------------------------------------------------
worst slack 6.71

==========================================================================
finish report_clock_skew
--------------------------------------------------------------------------
Clock core_clock
   0.23 source latency a_dominates_b$_SDFFE_PN0P_/CLK ^
  -0.23 target latency a_dominates_b$_SDFFE_PN0P_/CLK ^
   0.00 CRPR
--------------
   0.00 setup skew


==========================================================================
finish report_checks -path_delay min
--------------------------------------------------------------------------
Startpoint: b_dominates_a$_SDFFE_PN0P_
            (rising edge-triggered flip-flop clocked by core_clock)
Endpoint: b_dominates_a$_SDFFE_PN0P_
          (rising edge-triggered flip-flop clocked by core_clock)
Path Group: core_clock
Path Type: min

Fanout     Cap    Slew   Delay    Time   Description
-----------------------------------------------------------------------------
                          0.00    0.00   clock core_clock (rise edge)
                          0.00    0.00   clock source latency
     1    0.03    0.00    0.00    0.00 ^ clk (in)
                                         clk (net)
                  0.00    0.00    0.00 ^ clkbuf_0_clk/A (sky130_fd_sc_hd__clkbuf_16)
     2    0.02    0.04    0.11    0.11 ^ clkbuf_0_clk/X (sky130_fd_sc_hd__clkbuf_16)
                                         clknet_0_clk (net)
                  0.04    0.00    0.11 ^ clkbuf_1_1__f_clk/A (sky130_fd_sc_hd__clkbuf_16)
     3    0.01    0.04    0.12    0.23 ^ clkbuf_1_1__f_clk/X (sky130_fd_sc_hd__clkbuf_16)
                                         clknet_1_1__leaf_clk (net)
                  0.04    0.00    0.23 ^ b_dominates_a$_SDFFE_PN0P_/CLK (sky130_fd_sc_hd__dfxtp_1)
     2    0.02    0.09    0.34    0.57 v b_dominates_a$_SDFFE_PN0P_/Q (sky130_fd_sc_hd__dfxtp_1)
                                         net180 (net)
                  0.09    0.00    0.57 v _672_/B (sky130_fd_sc_hd__nand2_1)
     1    0.00    0.04    0.08    0.65 ^ _672_/Y (sky130_fd_sc_hd__nand2_1)
                                         _156_ (net)
                  0.04    0.00    0.65 ^ _673_/A2 (sky130_fd_sc_hd__a21oi_1)
     1    0.00    0.03    0.05    0.71 v _673_/Y (sky130_fd_sc_hd__a21oi_1)
                                         _001_ (net)
                  0.03    0.00    0.71 v b_dominates_a$_SDFFE_PN0P_/D (sky130_fd_sc_hd__dfxtp_1)
                                  0.71   data arrival time

                          0.00    0.00   clock core_clock (rise edge)
                          0.00    0.00   clock source latency
     1    0.03    0.00    0.00    0.00 ^ clk (in)
                                         clk (net)
                  0.00    0.00    0.00 ^ clkbuf_0_clk/A (sky130_fd_sc_hd__clkbuf_16)
     2    0.02    0.04    0.11    0.11 ^ clkbuf_0_clk/X (sky130_fd_sc_hd__clkbuf_16)
                                         clknet_0_clk (net)
                  0.04    0.00    0.11 ^ clkbuf_1_1__f_clk/A (sky130_fd_sc_hd__clkbuf_16)
     3    0.01    0.04    0.12    0.23 ^ clkbuf_1_1__f_clk/X (sky130_fd_sc_hd__clkbuf_16)
                                         clknet_1_1__leaf_clk (net)
                  0.04    0.00    0.23 ^ b_dominates_a$_SDFFE_PN0P_/CLK (sky130_fd_sc_hd__dfxtp_1)
                          0.00    0.23   clock reconvergence pessimism
                         -0.05    0.18   library hold time
                                  0.18   data required time
-----------------------------------------------------------------------------
                                  0.18   data required time
                                 -0.71   data arrival time
-----------------------------------------------------------------------------
                                  0.53   slack (MET)



==========================================================================
finish report_checks -path_delay max
--------------------------------------------------------------------------
Startpoint: qber_b[15] (input port clocked by core_clock)
Endpoint: b_dominates_a$_SDFFE_PN0P_
          (rising edge-triggered flip-flop clocked by core_clock)
Path Group: core_clock
Path Type: max

Fanout     Cap    Slew   Delay    Time   Description
-----------------------------------------------------------------------------
                          0.00    0.00   clock core_clock (rise edge)
                          0.00    0.00   clock network delay (propagated)
                          1.00    1.00 ^ input external delay
     1    0.01    0.00    0.00    1.00 ^ qber_b[15] (in)
                                         qber_b[15] (net)
                  0.00    0.00    1.00 ^ input103/A (sky130_fd_sc_hd__buf_1)
     1    0.01    0.17    0.15    1.15 ^ input103/X (sky130_fd_sc_hd__buf_1)
                                         net103 (net)
                  0.17    0.00    1.15 ^ _513_/A (sky130_fd_sc_hd__inv_1)
     1    0.00    0.05    0.07    1.22 v _513_/Y (sky130_fd_sc_hd__inv_1)
                                         _409_ (net)
                  0.05    0.00    1.22 v _770_/B (sky130_fd_sc_hd__ha_1)
     3    0.01    0.11    0.32    1.54 ^ _770_/SUM (sky130_fd_sc_hd__ha_1)
                                         _411_ (net)
                  0.11    0.00    1.54 ^ _622_/A (sky130_fd_sc_hd__nand4_1)
     3    0.01    0.14    0.14    1.68 v _622_/Y (sky130_fd_sc_hd__nand4_1)
                                         _107_ (net)
                  0.14    0.00    1.68 v _634_/A (sky130_fd_sc_hd__or4_4)
     2    0.01    0.09    0.57    2.25 v _634_/X (sky130_fd_sc_hd__or4_4)
                                         _119_ (net)
                  0.09    0.00    2.25 v _652_/A (sky130_fd_sc_hd__or2_4)
     3    0.01    0.05    0.27    2.52 v _652_/X (sky130_fd_sc_hd__or2_4)
                                         _137_ (net)
                  0.05    0.00    2.52 v _665_/A2 (sky130_fd_sc_hd__a22oi_1)
     1    0.01    0.19    0.21    2.73 ^ _665_/Y (sky130_fd_sc_hd__a22oi_1)
                                         _149_ (net)
                  0.19    0.00    2.73 ^ _666_/B (sky130_fd_sc_hd__nand2_1)
     2    0.00    0.07    0.09    2.82 v _666_/Y (sky130_fd_sc_hd__nand2_1)
                                         _150_ (net)
                  0.07    0.00    2.83 v _671_/B (sky130_fd_sc_hd__or4_1)
     1    0.00    0.08    0.50    3.33 v _671_/X (sky130_fd_sc_hd__or4_1)
                                         _155_ (net)
                  0.08    0.00    3.33 v _673_/A1 (sky130_fd_sc_hd__a21oi_1)
     1    0.00    0.09    0.12    3.45 ^ _673_/Y (sky130_fd_sc_hd__a21oi_1)
                                         _001_ (net)
                  0.09    0.00    3.45 ^ b_dominates_a$_SDFFE_PN0P_/D (sky130_fd_sc_hd__dfxtp_1)
                                  3.45   data arrival time

                         10.00   10.00   clock core_clock (rise edge)
                          0.00   10.00   clock source latency
     1    0.03    0.00    0.00   10.00 ^ clk (in)
                                         clk (net)
                  0.00    0.00   10.00 ^ clkbuf_0_clk/A (sky130_fd_sc_hd__clkbuf_16)
     2    0.02    0.04    0.11   10.11 ^ clkbuf_0_clk/X (sky130_fd_sc_hd__clkbuf_16)
                                         clknet_0_clk (net)
                  0.04    0.00   10.11 ^ clkbuf_1_1__f_clk/A (sky130_fd_sc_hd__clkbuf_16)
     3    0.01    0.04    0.12   10.23 ^ clkbuf_1_1__f_clk/X (sky130_fd_sc_hd__clkbuf_16)
                                         clknet_1_1__leaf_clk (net)
                  0.04    0.00   10.23 ^ b_dominates_a$_SDFFE_PN0P_/CLK (sky130_fd_sc_hd__dfxtp_1)
                          0.00   10.23   clock reconvergence pessimism
                         -0.07   10.16   library setup time
                                 10.16   data required time
-----------------------------------------------------------------------------
                                 10.16   data required time
                                 -3.45   data arrival time
-----------------------------------------------------------------------------
                                  6.71   slack (MET)



==========================================================================
finish report_checks -unconstrained
--------------------------------------------------------------------------
Startpoint: qber_b[15] (input port clocked by core_clock)
Endpoint: b_dominates_a$_SDFFE_PN0P_
          (rising edge-triggered flip-flop clocked by core_clock)
Path Group: core_clock
Path Type: max

Fanout     Cap    Slew   Delay    Time   Description
-----------------------------------------------------------------------------
                          0.00    0.00   clock core_clock (rise edge)
                          0.00    0.00   clock network delay (propagated)
                          1.00    1.00 ^ input external delay
     1    0.01    0.00    0.00    1.00 ^ qber_b[15] (in)
                                         qber_b[15] (net)
                  0.00    0.00    1.00 ^ input103/A (sky130_fd_sc_hd__buf_1)
     1    0.01    0.17    0.15    1.15 ^ input103/X (sky130_fd_sc_hd__buf_1)
                                         net103 (net)
                  0.17    0.00    1.15 ^ _513_/A (sky130_fd_sc_hd__inv_1)
     1    0.00    0.05    0.07    1.22 v _513_/Y (sky130_fd_sc_hd__inv_1)
                                         _409_ (net)
                  0.05    0.00    1.22 v _770_/B (sky130_fd_sc_hd__ha_1)
     3    0.01    0.11    0.32    1.54 ^ _770_/SUM (sky130_fd_sc_hd__ha_1)
                                         _411_ (net)
                  0.11    0.00    1.54 ^ _622_/A (sky130_fd_sc_hd__nand4_1)
     3    0.01    0.14    0.14    1.68 v _622_/Y (sky130_fd_sc_hd__nand4_1)
                                         _107_ (net)
                  0.14    0.00    1.68 v _634_/A (sky130_fd_sc_hd__or4_4)
     2    0.01    0.09    0.57    2.25 v _634_/X (sky130_fd_sc_hd__or4_4)
                                         _119_ (net)
                  0.09    0.00    2.25 v _652_/A (sky130_fd_sc_hd__or2_4)
     3    0.01    0.05    0.27    2.52 v _652_/X (sky130_fd_sc_hd__or2_4)
                                         _137_ (net)
                  0.05    0.00    2.52 v _665_/A2 (sky130_fd_sc_hd__a22oi_1)
     1    0.01    0.19    0.21    2.73 ^ _665_/Y (sky130_fd_sc_hd__a22oi_1)
                                         _149_ (net)
                  0.19    0.00    2.73 ^ _666_/B (sky130_fd_sc_hd__nand2_1)
     2    0.00    0.07    0.09    2.82 v _666_/Y (sky130_fd_sc_hd__nand2_1)
                                         _150_ (net)
                  0.07    0.00    2.83 v _671_/B (sky130_fd_sc_hd__or4_1)
     1    0.00    0.08    0.50    3.33 v _671_/X (sky130_fd_sc_hd__or4_1)
                                         _155_ (net)
                  0.08    0.00    3.33 v _673_/A1 (sky130_fd_sc_hd__a21oi_1)
     1    0.00    0.09    0.12    3.45 ^ _673_/Y (sky130_fd_sc_hd__a21oi_1)
                                         _001_ (net)
                  0.09    0.00    3.45 ^ b_dominates_a$_SDFFE_PN0P_/D (sky130_fd_sc_hd__dfxtp_1)
                                  3.45   data arrival time

                         10.00   10.00   clock core_clock (rise edge)
                          0.00   10.00   clock source latency
     1    0.03    0.00    0.00   10.00 ^ clk (in)
                                         clk (net)
                  0.00    0.00   10.00 ^ clkbuf_0_clk/A (sky130_fd_sc_hd__clkbuf_16)
     2    0.02    0.04    0.11   10.11 ^ clkbuf_0_clk/X (sky130_fd_sc_hd__clkbuf_16)
                                         clknet_0_clk (net)
                  0.04    0.00   10.11 ^ clkbuf_1_1__f_clk/A (sky130_fd_sc_hd__clkbuf_16)
     3    0.01    0.04    0.12   10.23 ^ clkbuf_1_1__f_clk/X (sky130_fd_sc_hd__clkbuf_16)
                                         clknet_1_1__leaf_clk (net)
                  0.04    0.00   10.23 ^ b_dominates_a$_SDFFE_PN0P_/CLK (sky130_fd_sc_hd__dfxtp_1)
                          0.00   10.23   clock reconvergence pessimism
                         -0.07   10.16   library setup time
                                 10.16   data required time
-----------------------------------------------------------------------------
                                 10.16   data required time
                                 -3.45   data arrival time
-----------------------------------------------------------------------------
                                  6.71   slack (MET)



==========================================================================
finish report_check_types -max_slew -max_cap -max_fanout -violators
--------------------------------------------------------------------------

==========================================================================
finish max_slew_check_slack
--------------------------------------------------------------------------
1.0389764308929443

==========================================================================
finish max_slew_check_limit
--------------------------------------------------------------------------
1.46219003200531

==========================================================================
finish max_slew_check_slack_limit
--------------------------------------------------------------------------
0.7106

==========================================================================
finish max_fanout_check_slack
--------------------------------------------------------------------------
1.0000000150474662e+30

==========================================================================
finish max_fanout_check_limit
--------------------------------------------------------------------------
1.0000000150474662e+30

==========================================================================
finish max_capacitance_check_slack
--------------------------------------------------------------------------
0.01671423949301243

==========================================================================
finish max_capacitance_check_limit
--------------------------------------------------------------------------
0.021067000925540924

==========================================================================
finish max_capacitance_check_slack_limit
--------------------------------------------------------------------------
0.7934

==========================================================================
finish max_slew_violation_count
--------------------------------------------------------------------------
max slew violation count 0

==========================================================================
finish max_fanout_violation_count
--------------------------------------------------------------------------
max fanout violation count 0

==========================================================================
finish max_cap_violation_count
--------------------------------------------------------------------------
max cap violation count 0

==========================================================================
finish setup_violation_count
--------------------------------------------------------------------------
setup violation count 0

==========================================================================
finish hold_violation_count
--------------------------------------------------------------------------
hold violation count 0

==========================================================================
finish report_checks -path_delay max reg to reg
--------------------------------------------------------------------------
Startpoint: select_a$_SDFFE_PN0P_
            (rising edge-triggered flip-flop clocked by core_clock)
Endpoint: select_a$_SDFFE_PN0P_
          (rising edge-triggered flip-flop clocked by core_clock)
Path Group: core_clock
Path Type: max

  Delay    Time   Description
---------------------------------------------------------
   0.00    0.00   clock core_clock (rise edge)
   0.00    0.00   clock source latency
   0.00    0.00 ^ clk (in)
   0.11    0.11 ^ clkbuf_0_clk/X (sky130_fd_sc_hd__clkbuf_16)
   0.11    0.22 ^ clkbuf_1_0__f_clk/X (sky130_fd_sc_hd__clkbuf_16)
   0.00    0.22 ^ select_a$_SDFFE_PN0P_/CLK (sky130_fd_sc_hd__dfxtp_1)
   0.43    0.65 ^ select_a$_SDFFE_PN0P_/Q (sky130_fd_sc_hd__dfxtp_1)
   0.11    0.76 v _684_/Y (sky130_fd_sc_hd__a21oi_1)
   0.28    1.03 ^ _685_/Y (sky130_fd_sc_hd__a311oi_1)
   0.00    1.03 ^ select_a$_SDFFE_PN0P_/D (sky130_fd_sc_hd__dfxtp_1)
           1.03   data arrival time

  10.00   10.00   clock core_clock (rise edge)
   0.00   10.00   clock source latency
   0.00   10.00 ^ clk (in)
   0.11   10.11 ^ clkbuf_0_clk/X (sky130_fd_sc_hd__clkbuf_16)
   0.11   10.22 ^ clkbuf_1_0__f_clk/X (sky130_fd_sc_hd__clkbuf_16)
   0.00   10.22 ^ select_a$_SDFFE_PN0P_/CLK (sky130_fd_sc_hd__dfxtp_1)
   0.00   10.22   clock reconvergence pessimism
  -0.10   10.12   library setup time
          10.12   data required time
---------------------------------------------------------
          10.12   data required time
          -1.03   data arrival time
---------------------------------------------------------
           9.09   slack (MET)



==========================================================================
finish report_checks -path_delay min reg to reg
--------------------------------------------------------------------------
Startpoint: b_dominates_a$_SDFFE_PN0P_
            (rising edge-triggered flip-flop clocked by core_clock)
Endpoint: b_dominates_a$_SDFFE_PN0P_
          (rising edge-triggered flip-flop clocked by core_clock)
Path Group: core_clock
Path Type: min

  Delay    Time   Description
---------------------------------------------------------
   0.00    0.00   clock core_clock (rise edge)
   0.00    0.00   clock source latency
   0.00    0.00 ^ clk (in)
   0.11    0.11 ^ clkbuf_0_clk/X (sky130_fd_sc_hd__clkbuf_16)
   0.12    0.23 ^ clkbuf_1_1__f_clk/X (sky130_fd_sc_hd__clkbuf_16)
   0.00    0.23 ^ b_dominates_a$_SDFFE_PN0P_/CLK (sky130_fd_sc_hd__dfxtp_1)
   0.34    0.57 v b_dominates_a$_SDFFE_PN0P_/Q (sky130_fd_sc_hd__dfxtp_1)
   0.08    0.65 ^ _672_/Y (sky130_fd_sc_hd__nand2_1)
   0.05    0.71 v _673_/Y (sky130_fd_sc_hd__a21oi_1)
   0.00    0.71 v b_dominates_a$_SDFFE_PN0P_/D (sky130_fd_sc_hd__dfxtp_1)
           0.71   data arrival time

   0.00    0.00   clock core_clock (rise edge)
   0.00    0.00   clock source latency
   0.00    0.00 ^ clk (in)
   0.11    0.11 ^ clkbuf_0_clk/X (sky130_fd_sc_hd__clkbuf_16)
   0.12    0.23 ^ clkbuf_1_1__f_clk/X (sky130_fd_sc_hd__clkbuf_16)
   0.00    0.23 ^ b_dominates_a$_SDFFE_PN0P_/CLK (sky130_fd_sc_hd__dfxtp_1)
   0.00    0.23   clock reconvergence pessimism
  -0.05    0.18   library hold time
           0.18   data required time
---------------------------------------------------------
           0.18   data required time
          -0.71   data arrival time
---------------------------------------------------------
           0.53   slack (MET)



==========================================================================
finish critical path target clock latency max path
--------------------------------------------------------------------------
0.2288

==========================================================================
finish critical path target clock latency min path
--------------------------------------------------------------------------
0.2285

==========================================================================
finish critical path source clock latency min path
--------------------------------------------------------------------------
0.0000

==========================================================================
finish critical path delay
--------------------------------------------------------------------------
3.4525

==========================================================================
finish critical path slack
--------------------------------------------------------------------------
6.7102

==========================================================================
finish slack div critical path delay
--------------------------------------------------------------------------
194.357712

==========================================================================
finish report_power
--------------------------------------------------------------------------
Group                  Internal  Switching    Leakage      Total
                          Power      Power      Power      Power (Watts)
----------------------------------------------------------------
Sequential             2.53e-05   1.57e-06   4.92e-11   2.69e-05  11.7%
Combinational          5.60e-05   8.20e-05   1.76e-09   1.38e-04  60.1%
Clock                  5.13e-05   1.35e-05   3.70e-11   6.48e-05  28.2%
Macro                  0.00e+00   0.00e+00   0.00e+00   0.00e+00   0.0%
Pad                    0.00e+00   0.00e+00   0.00e+00   0.00e+00   0.0%
----------------------------------------------------------------
Total                  1.33e-04   9.71e-05   1.85e-09   2.30e-04 100.0%
                          57.7%      42.3%       0.0%
