
==========================================================================
floorplan final report_tns
--------------------------------------------------------------------------
tns 0.00

==========================================================================
floorplan final report_wns
--------------------------------------------------------------------------
wns 0.00

==========================================================================
floorplan final report_worst_slack
--------------------------------------------------------------------------
worst slack 6.58

==========================================================================
floorplan final report_checks -path_delay min
--------------------------------------------------------------------------
Startpoint: valid_s1$_SDFF_PN0_
            (rising edge-triggered flip-flop clocked by core_clock)
Endpoint: valid_s2$_SDFF_PN0_
          (rising edge-triggered flip-flop clocked by core_clock)
Path Group: core_clock
Path Type: min

Fanout     Cap    Slew   Delay    Time   Description
-----------------------------------------------------------------------------
                  0.00    0.00    0.00   clock core_clock (rise edge)
                          0.00    0.00   clock network delay (ideal)
                  0.00    0.00    0.00 ^ valid_s1$_SDFF_PN0_/CLK (sky130_fd_sc_hd__dfxtp_1)
     1    0.00    0.03    0.27    0.27 ^ valid_s1$_SDFF_PN0_/Q (sky130_fd_sc_hd__dfxtp_1)
                                         valid_s1 (net)
                  0.03    0.00    0.27 ^ _0934_/B (sky130_fd_sc_hd__and2_1)
     1    0.00    0.04    0.10    0.38 ^ _0934_/X (sky130_fd_sc_hd__and2_1)
                                         _0094_ (net)
                  0.04    0.00    0.38 ^ valid_s2$_SDFF_PN0_/D (sky130_fd_sc_hd__dfxtp_1)
                                  0.38   data arrival time

                  0.00    0.00    0.00   clock core_clock (rise edge)
                          0.00    0.00   clock network delay (ideal)
                          0.00    0.00   clock reconvergence pessimism
                                  0.00 ^ valid_s2$_SDFF_PN0_/CLK (sky130_fd_sc_hd__dfxtp_1)
                         -0.04   -0.04   library hold time
                                 -0.04   data required time
-----------------------------------------------------------------------------
                                 -0.04   data required time
                                 -0.38   data arrival time
-----------------------------------------------------------------------------
                                  0.41   slack (MET)



==========================================================================
floorplan final report_checks -path_delay max
--------------------------------------------------------------------------
Startpoint: avg_fidelity_q016[12] (input port clocked by core_clock)
Endpoint: term_f_s1[12]$_SDFF_PN0_
          (rising edge-triggered flip-flop clocked by core_clock)
Path Group: core_clock
Path Type: max

Fanout     Cap    Slew   Delay    Time   Description
-----------------------------------------------------------------------------
                  0.00    0.00    0.00   clock core_clock (rise edge)
                          0.00    0.00   clock network delay (ideal)
                          1.00    1.00 ^ input external delay
     3    0.01    0.00    0.00    1.00 ^ avg_fidelity_q016[12] (in)
                                         avg_fidelity_q016[12] (net)
                  0.00    0.00    1.00 ^ _0986_/A (sky130_fd_sc_hd__ha_1)
     1    0.00    0.05    0.12    1.12 ^ _0986_/COUT (sky130_fd_sc_hd__ha_1)
                                         _0483_ (net)
                  0.05    0.00    1.12 ^ _0548_/D (sky130_fd_sc_hd__nand4_1)
     1    0.00    0.06    0.08    1.20 v _0548_/Y (sky130_fd_sc_hd__nand4_1)
                                         _0095_ (net)
                  0.06    0.00    1.20 v _0550_/A (sky130_fd_sc_hd__nor2_1)
     7    0.02    0.29    0.26    1.46 ^ _0550_/Y (sky130_fd_sc_hd__nor2_1)
                                         _0097_ (net)
                  0.29    0.00    1.46 ^ _0551_/A (sky130_fd_sc_hd__clkbuf_1)
    10    0.03    0.30    0.30    1.76 ^ _0551_/X (sky130_fd_sc_hd__clkbuf_1)
                                         _0098_ (net)
                  0.30    0.00    1.76 ^ _0567_/B (sky130_fd_sc_hd__nor2_1)
     2    0.01    0.10    0.12    1.88 v _0567_/Y (sky130_fd_sc_hd__nor2_1)
                                         _0340_ (net)
                  0.10    0.00    1.88 v _0935_/A (sky130_fd_sc_hd__fa_1)
     2    0.01    0.09    0.46    2.34 v _0935_/COUT (sky130_fd_sc_hd__fa_1)
                                         _0343_ (net)
                  0.09    0.00    2.34 v _0818_/A1 (sky130_fd_sc_hd__a21o_1)
     2    0.00    0.04    0.18    2.51 v _0818_/X (sky130_fd_sc_hd__a21o_1)
                                         _0257_ (net)
                  0.04    0.00    2.51 v _0820_/A3 (sky130_fd_sc_hd__a31oi_1)
     4    0.01    0.26    0.25    2.76 ^ _0820_/Y (sky130_fd_sc_hd__a31oi_1)
                                         _0259_ (net)
                  0.26    0.00    2.76 ^ _0848_/A2 (sky130_fd_sc_hd__o211ai_1)
     2    0.00    0.09    0.13    2.90 v _0848_/Y (sky130_fd_sc_hd__o211ai_1)
                                         _0285_ (net)
                  0.09    0.00    2.90 v _0851_/A2 (sky130_fd_sc_hd__a31oi_1)
     1    0.00    0.16    0.20    3.10 ^ _0851_/Y (sky130_fd_sc_hd__a31oi_1)
                                         _0288_ (net)
                  0.16    0.00    3.10 ^ _0852_/B (sky130_fd_sc_hd__xor2_1)
     1    0.00    0.11    0.15    3.25 ^ _0852_/X (sky130_fd_sc_hd__xor2_1)
                                         _0289_ (net)
                  0.11    0.00    3.25 ^ _0853_/B (sky130_fd_sc_hd__nor2_1)
     1    0.00    0.06    0.04    3.29 v _0853_/Y (sky130_fd_sc_hd__nor2_1)
                                         _0046_ (net)
                  0.06    0.00    3.29 v term_f_s1[12]$_SDFF_PN0_/D (sky130_fd_sc_hd__dfxtp_1)
                                  3.29   data arrival time

                  0.00   10.00   10.00   clock core_clock (rise edge)
                          0.00   10.00   clock network delay (ideal)
                          0.00   10.00   clock reconvergence pessimism
                                 10.00 ^ term_f_s1[12]$_SDFF_PN0_/CLK (sky130_fd_sc_hd__dfxtp_1)
                         -0.13    9.87   library setup time
                                  9.87   data required time
-----------------------------------------------------------------------------
                                  9.87   data required time
                                 -3.29   data arrival time
-----------------------------------------------------------------------------
                                  6.58   slack (MET)



==========================================================================
floorplan final report_checks -unconstrained
--------------------------------------------------------------------------
Startpoint: avg_fidelity_q016[12] (input port clocked by core_clock)
Endpoint: term_f_s1[12]$_SDFF_PN0_
          (rising edge-triggered flip-flop clocked by core_clock)
Path Group: core_clock
Path Type: max

Fanout     Cap    Slew   Delay    Time   Description
-----------------------------------------------------------------------------
                  0.00    0.00    0.00   clock core_clock (rise edge)
                          0.00    0.00   clock network delay (ideal)
                          1.00    1.00 ^ input external delay
     3    0.01    0.00    0.00    1.00 ^ avg_fidelity_q016[12] (in)
                                         avg_fidelity_q016[12] (net)
                  0.00    0.00    1.00 ^ _0986_/A (sky130_fd_sc_hd__ha_1)
     1    0.00    0.05    0.12    1.12 ^ _0986_/COUT (sky130_fd_sc_hd__ha_1)
                                         _0483_ (net)
                  0.05    0.00    1.12 ^ _0548_/D (sky130_fd_sc_hd__nand4_1)
     1    0.00    0.06    0.08    1.20 v _0548_/Y (sky130_fd_sc_hd__nand4_1)
                                         _0095_ (net)
                  0.06    0.00    1.20 v _0550_/A (sky130_fd_sc_hd__nor2_1)
     7    0.02    0.29    0.26    1.46 ^ _0550_/Y (sky130_fd_sc_hd__nor2_1)
                                         _0097_ (net)
                  0.29    0.00    1.46 ^ _0551_/A (sky130_fd_sc_hd__clkbuf_1)
    10    0.03    0.30    0.30    1.76 ^ _0551_/X (sky130_fd_sc_hd__clkbuf_1)
                                         _0098_ (net)
                  0.30    0.00    1.76 ^ _0567_/B (sky130_fd_sc_hd__nor2_1)
     2    0.01    0.10    0.12    1.88 v _0567_/Y (sky130_fd_sc_hd__nor2_1)
                                         _0340_ (net)
                  0.10    0.00    1.88 v _0935_/A (sky130_fd_sc_hd__fa_1)
     2    0.01    0.09    0.46    2.34 v _0935_/COUT (sky130_fd_sc_hd__fa_1)
                                         _0343_ (net)
                  0.09    0.00    2.34 v _0818_/A1 (sky130_fd_sc_hd__a21o_1)
     2    0.00    0.04    0.18    2.51 v _0818_/X (sky130_fd_sc_hd__a21o_1)
                                         _0257_ (net)
                  0.04    0.00    2.51 v _0820_/A3 (sky130_fd_sc_hd__a31oi_1)
     4    0.01    0.26    0.25    2.76 ^ _0820_/Y (sky130_fd_sc_hd__a31oi_1)
                                         _0259_ (net)
                  0.26    0.00    2.76 ^ _0848_/A2 (sky130_fd_sc_hd__o211ai_1)
     2    0.00    0.09    0.13    2.90 v _0848_/Y (sky130_fd_sc_hd__o211ai_1)
                                         _0285_ (net)
                  0.09    0.00    2.90 v _0851_/A2 (sky130_fd_sc_hd__a31oi_1)
     1    0.00    0.16    0.20    3.10 ^ _0851_/Y (sky130_fd_sc_hd__a31oi_1)
                                         _0288_ (net)
                  0.16    0.00    3.10 ^ _0852_/B (sky130_fd_sc_hd__xor2_1)
     1    0.00    0.11    0.15    3.25 ^ _0852_/X (sky130_fd_sc_hd__xor2_1)
                                         _0289_ (net)
                  0.11    0.00    3.25 ^ _0853_/B (sky130_fd_sc_hd__nor2_1)
     1    0.00    0.06    0.04    3.29 v _0853_/Y (sky130_fd_sc_hd__nor2_1)
                                         _0046_ (net)
                  0.06    0.00    3.29 v term_f_s1[12]$_SDFF_PN0_/D (sky130_fd_sc_hd__dfxtp_1)
                                  3.29   data arrival time

                  0.00   10.00   10.00   clock core_clock (rise edge)
                          0.00   10.00   clock network delay (ideal)
                          0.00   10.00   clock reconvergence pessimism
                                 10.00 ^ term_f_s1[12]$_SDFF_PN0_/CLK (sky130_fd_sc_hd__dfxtp_1)
                         -0.13    9.87   library setup time
                                  9.87   data required time
-----------------------------------------------------------------------------
                                  9.87   data required time
                                 -3.29   data arrival time
-----------------------------------------------------------------------------
                                  6.58   slack (MET)



==========================================================================
floorplan final report_power
--------------------------------------------------------------------------
Group                  Internal  Switching    Leakage      Total
                          Power      Power      Power      Power (Watts)
----------------------------------------------------------------
Sequential             4.53e-04   8.19e-06   8.60e-10   4.61e-04  77.4%
Combinational          6.75e-05   6.69e-05   1.73e-09   1.34e-04  22.6%
Clock                  0.00e+00   0.00e+00   0.00e+00   0.00e+00   0.0%
Macro                  0.00e+00   0.00e+00   0.00e+00   0.00e+00   0.0%
Pad                    0.00e+00   0.00e+00   0.00e+00   0.00e+00   0.0%
----------------------------------------------------------------
Total                  5.21e-04   7.51e-05   2.59e-09   5.96e-04 100.0%
                          87.4%      12.6%       0.0%
