
==========================================================================
detailed place report_tns
--------------------------------------------------------------------------
tns 0.00

==========================================================================
detailed place report_wns
--------------------------------------------------------------------------
wns 0.00

==========================================================================
detailed place report_worst_slack
--------------------------------------------------------------------------
worst slack 5.99

==========================================================================
detailed place report_checks -path_delay min
--------------------------------------------------------------------------
Startpoint: valid_s1$_SDFF_PN0_
            (rising edge-triggered flip-flop clocked by core_clock)
Endpoint: valid_s2$_SDFF_PN0_
          (rising edge-triggered flip-flop clocked by core_clock)
Path Group: core_clock
Path Type: min

Fanout     Cap    Slew   Delay    Time   Description
-----------------------------------------------------------------------------
                  0.00    0.00    0.00   clock core_clock (rise edge)
                          0.00    0.00   clock network delay (ideal)
                  0.00    0.00    0.00 ^ valid_s1$_SDFF_PN0_/CLK (sky130_fd_sc_hd__dfxtp_1)
     1    0.00    0.04    0.28    0.28 ^ valid_s1$_SDFF_PN0_/Q (sky130_fd_sc_hd__dfxtp_1)
                                         valid_s1 (net)
                  0.04    0.00    0.28 ^ _0934_/B (sky130_fd_sc_hd__and2_0)
     1    0.00    0.05    0.11    0.39 ^ _0934_/X (sky130_fd_sc_hd__and2_0)
                                         _0094_ (net)
                  0.05    0.00    0.39 ^ valid_s2$_SDFF_PN0_/D (sky130_fd_sc_hd__dfxtp_1)
                                  0.39   data arrival time

                  0.00    0.00    0.00   clock core_clock (rise edge)
                          0.00    0.00   clock network delay (ideal)
                          0.00    0.00   clock reconvergence pessimism
                                  0.00 ^ valid_s2$_SDFF_PN0_/CLK (sky130_fd_sc_hd__dfxtp_1)
                         -0.04   -0.04   library hold time
                                 -0.04   data required time
-----------------------------------------------------------------------------
                                 -0.04   data required time
                                 -0.39   data arrival time
-----------------------------------------------------------------------------
                                  0.43   slack (MET)



==========================================================================
detailed place report_checks -path_delay max
--------------------------------------------------------------------------
Startpoint: avg_fidelity_q016[15] (input port clocked by core_clock)
Endpoint: term_f_s1[12]$_SDFF_PN0_
          (rising edge-triggered flip-flop clocked by core_clock)
Path Group: core_clock
Path Type: max

Fanout     Cap    Slew   Delay    Time   Description
-----------------------------------------------------------------------------
                  0.00    0.00    0.00   clock core_clock (rise edge)
                          0.00    0.00   clock network delay (ideal)
                          1.00    1.00 ^ input external delay
     1    0.01    0.00    0.00    1.00 ^ avg_fidelity_q016[15] (in)
                                         avg_fidelity_q016[15] (net)
                  0.00    0.00    1.00 ^ input23/A (sky130_fd_sc_hd__buf_1)
     4    0.02    0.29    0.23    1.23 ^ input23/X (sky130_fd_sc_hd__buf_1)
                                         net23 (net)
                  0.29    0.00    1.24 ^ _0991_/B (sky130_fd_sc_hd__ha_1)
     1    0.00    0.05    0.20    1.44 ^ _0991_/COUT (sky130_fd_sc_hd__ha_1)
                                         _0497_ (net)
                  0.05    0.00    1.44 ^ _0548_/C (sky130_fd_sc_hd__nand4_1)
     1    0.01    0.14    0.14    1.58 v _0548_/Y (sky130_fd_sc_hd__nand4_1)
                                         _0095_ (net)
                  0.14    0.00    1.58 v _0550_/A (sky130_fd_sc_hd__nor2_4)
     7    0.03    0.20    0.23    1.81 ^ _0550_/Y (sky130_fd_sc_hd__nor2_4)
                                         _0097_ (net)
                  0.20    0.00    1.81 ^ _0551_/A (sky130_fd_sc_hd__buf_1)
    10    0.05    0.54    0.46    2.26 ^ _0551_/X (sky130_fd_sc_hd__buf_1)
                                         _0098_ (net)
                  0.54    0.00    2.26 ^ _0567_/B (sky130_fd_sc_hd__nor2_2)
     2    0.01    0.11    0.10    2.37 v _0567_/Y (sky130_fd_sc_hd__nor2_2)
                                         _0340_ (net)
                  0.11    0.00    2.37 v _0935_/A (sky130_fd_sc_hd__fa_1)
     2    0.01    0.10    0.48    2.85 v _0935_/COUT (sky130_fd_sc_hd__fa_1)
                                         _0343_ (net)
                  0.10    0.00    2.85 v _0818_/A1 (sky130_fd_sc_hd__a21o_1)
     2    0.01    0.05    0.19    3.04 v _0818_/X (sky130_fd_sc_hd__a21o_1)
                                         _0257_ (net)
                  0.05    0.00    3.04 v _0820_/A3 (sky130_fd_sc_hd__a31oi_2)
     4    0.01    0.24    0.26    3.30 ^ _0820_/Y (sky130_fd_sc_hd__a31oi_2)
                                         _0259_ (net)
                  0.24    0.00    3.30 ^ _0848_/A2 (sky130_fd_sc_hd__o211ai_1)
     2    0.01    0.10    0.14    3.44 v _0848_/Y (sky130_fd_sc_hd__o211ai_1)
                                         _0285_ (net)
                  0.10    0.00    3.44 v _0851_/A2 (sky130_fd_sc_hd__a31oi_1)
     1    0.01    0.17    0.22    3.65 ^ _0851_/Y (sky130_fd_sc_hd__a31oi_1)
                                         _0288_ (net)
                  0.17    0.00    3.65 ^ _0852_/B (sky130_fd_sc_hd__xor2_1)
     1    0.00    0.13    0.17    3.82 ^ _0852_/X (sky130_fd_sc_hd__xor2_1)
                                         _0289_ (net)
                  0.13    0.00    3.82 ^ _0853_/B (sky130_fd_sc_hd__nor2_1)
     1    0.00    0.10    0.05    3.87 v _0853_/Y (sky130_fd_sc_hd__nor2_1)
                                         _0046_ (net)
                  0.10    0.00    3.87 v term_f_s1[12]$_SDFF_PN0_/D (sky130_fd_sc_hd__dfxtp_1)
                                  3.87   data arrival time

                  0.00   10.00   10.00   clock core_clock (rise edge)
                          0.00   10.00   clock network delay (ideal)
                          0.00   10.00   clock reconvergence pessimism
                                 10.00 ^ term_f_s1[12]$_SDFF_PN0_/CLK (sky130_fd_sc_hd__dfxtp_1)
                         -0.14    9.86   library setup time
                                  9.86   data required time
-----------------------------------------------------------------------------
                                  9.86   data required time
                                 -3.87   data arrival time
-----------------------------------------------------------------------------
                                  5.99   slack (MET)



==========================================================================
detailed place report_checks -unconstrained
--------------------------------------------------------------------------
Startpoint: avg_fidelity_q016[15] (input port clocked by core_clock)
Endpoint: term_f_s1[12]$_SDFF_PN0_
          (rising edge-triggered flip-flop clocked by core_clock)
Path Group: core_clock
Path Type: max

Fanout     Cap    Slew   Delay    Time   Description
-----------------------------------------------------------------------------
                  0.00    0.00    0.00   clock core_clock (rise edge)
                          0.00    0.00   clock network delay (ideal)
                          1.00    1.00 ^ input external delay
     1    0.01    0.00    0.00    1.00 ^ avg_fidelity_q016[15] (in)
                                         avg_fidelity_q016[15] (net)
                  0.00    0.00    1.00 ^ input23/A (sky130_fd_sc_hd__buf_1)
     4    0.02    0.29    0.23    1.23 ^ input23/X (sky130_fd_sc_hd__buf_1)
                                         net23 (net)
                  0.29    0.00    1.24 ^ _0991_/B (sky130_fd_sc_hd__ha_1)
     1    0.00    0.05    0.20    1.44 ^ _0991_/COUT (sky130_fd_sc_hd__ha_1)
                                         _0497_ (net)
                  0.05    0.00    1.44 ^ _0548_/C (sky130_fd_sc_hd__nand4_1)
     1    0.01    0.14    0.14    1.58 v _0548_/Y (sky130_fd_sc_hd__nand4_1)
                                         _0095_ (net)
                  0.14    0.00    1.58 v _0550_/A (sky130_fd_sc_hd__nor2_4)
     7    0.03    0.20    0.23    1.81 ^ _0550_/Y (sky130_fd_sc_hd__nor2_4)
                                         _0097_ (net)
                  0.20    0.00    1.81 ^ _0551_/A (sky130_fd_sc_hd__buf_1)
    10    0.05    0.54    0.46    2.26 ^ _0551_/X (sky130_fd_sc_hd__buf_1)
                                         _0098_ (net)
                  0.54    0.00    2.26 ^ _0567_/B (sky130_fd_sc_hd__nor2_2)
     2    0.01    0.11    0.10    2.37 v _0567_/Y (sky130_fd_sc_hd__nor2_2)
                                         _0340_ (net)
                  0.11    0.00    2.37 v _0935_/A (sky130_fd_sc_hd__fa_1)
     2    0.01    0.10    0.48    2.85 v _0935_/COUT (sky130_fd_sc_hd__fa_1)
                                         _0343_ (net)
                  0.10    0.00    2.85 v _0818_/A1 (sky130_fd_sc_hd__a21o_1)
     2    0.01    0.05    0.19    3.04 v _0818_/X (sky130_fd_sc_hd__a21o_1)
                                         _0257_ (net)
                  0.05    0.00    3.04 v _0820_/A3 (sky130_fd_sc_hd__a31oi_2)
     4    0.01    0.24    0.26    3.30 ^ _0820_/Y (sky130_fd_sc_hd__a31oi_2)
                                         _0259_ (net)
                  0.24    0.00    3.30 ^ _0848_/A2 (sky130_fd_sc_hd__o211ai_1)
     2    0.01    0.10    0.14    3.44 v _0848_/Y (sky130_fd_sc_hd__o211ai_1)
                                         _0285_ (net)
                  0.10    0.00    3.44 v _0851_/A2 (sky130_fd_sc_hd__a31oi_1)
     1    0.01    0.17    0.22    3.65 ^ _0851_/Y (sky130_fd_sc_hd__a31oi_1)
                                         _0288_ (net)
                  0.17    0.00    3.65 ^ _0852_/B (sky130_fd_sc_hd__xor2_1)
     1    0.00    0.13    0.17    3.82 ^ _0852_/X (sky130_fd_sc_hd__xor2_1)
                                         _0289_ (net)
                  0.13    0.00    3.82 ^ _0853_/B (sky130_fd_sc_hd__nor2_1)
     1    0.00    0.10    0.05    3.87 v _0853_/Y (sky130_fd_sc_hd__nor2_1)
                                         _0046_ (net)
                  0.10    0.00    3.87 v term_f_s1[12]$_SDFF_PN0_/D (sky130_fd_sc_hd__dfxtp_1)
                                  3.87   data arrival time

                  0.00   10.00   10.00   clock core_clock (rise edge)
                          0.00   10.00   clock network delay (ideal)
                          0.00   10.00   clock reconvergence pessimism
                                 10.00 ^ term_f_s1[12]$_SDFF_PN0_/CLK (sky130_fd_sc_hd__dfxtp_1)
                         -0.14    9.86   library setup time
                                  9.86   data required time
-----------------------------------------------------------------------------
                                  9.86   data required time
                                 -3.87   data arrival time
-----------------------------------------------------------------------------
                                  5.99   slack (MET)



==========================================================================
detailed place report_check_types -max_slew -max_cap -max_fanout -violators
--------------------------------------------------------------------------

==========================================================================
detailed place max_slew_check_slack
--------------------------------------------------------------------------
0.7654054164886475

==========================================================================
detailed place max_slew_check_limit
--------------------------------------------------------------------------
1.5

==========================================================================
detailed place max_slew_check_slack_limit
--------------------------------------------------------------------------
0.5103

==========================================================================
detailed place max_fanout_check_slack
--------------------------------------------------------------------------
1.0000000150474662e+30

==========================================================================
detailed place max_fanout_check_limit
--------------------------------------------------------------------------
1.0000000150474662e+30

==========================================================================
detailed place max_capacitance_check_slack
--------------------------------------------------------------------------
0.02664346434175968

==========================================================================
detailed place max_capacitance_check_limit
--------------------------------------------------------------------------
0.02930700220167637

==========================================================================
detailed place max_capacitance_check_slack_limit
--------------------------------------------------------------------------
0.9091

==========================================================================
detailed place max_slew_violation_count
--------------------------------------------------------------------------
max slew violation count 0

==========================================================================
detailed place max_fanout_violation_count
--------------------------------------------------------------------------
max fanout violation count 0

==========================================================================
detailed place max_cap_violation_count
--------------------------------------------------------------------------
max cap violation count 0

==========================================================================
detailed place setup_violation_count
--------------------------------------------------------------------------
setup violation count 0

==========================================================================
detailed place hold_violation_count
--------------------------------------------------------------------------
hold violation count 0

==========================================================================
detailed place report_checks -path_delay max reg to reg
--------------------------------------------------------------------------
Startpoint: term_f_s1[2]$_SDFF_PN0_
            (rising edge-triggered flip-flop clocked by core_clock)
Endpoint: sum_s2[18]$_SDFF_PN0_
          (rising edge-triggered flip-flop clocked by core_clock)
Path Group: core_clock
Path Type: max

  Delay    Time   Description
---------------------------------------------------------
   0.00    0.00   clock core_clock (rise edge)
   0.00    0.00   clock network delay (ideal)
   0.00    0.00 ^ term_f_s1[2]$_SDFF_PN0_/CLK (sky130_fd_sc_hd__dfxtp_1)
   0.30    0.30 ^ term_f_s1[2]$_SDFF_PN0_/Q (sky130_fd_sc_hd__dfxtp_1)
   0.10    0.40 v _0556_/Y (sky130_fd_sc_hd__clkinv_1)
   0.52    0.92 v _0941_/SUM (sky130_fd_sc_hd__fa_1)
   0.52    1.43 ^ _0942_/SUM (sky130_fd_sc_hd__fa_1)
   0.04    1.48 v _0602_/Y (sky130_fd_sc_hd__inv_1)
   0.19    1.67 v _1013_/COUT (sky130_fd_sc_hd__ha_2)
   0.45    2.12 v _0943_/COUT (sky130_fd_sc_hd__fa_1)
   0.36    2.48 ^ _0714_/Y (sky130_fd_sc_hd__a211oi_1)
   0.14    2.62 v _0717_/Y (sky130_fd_sc_hd__o21ai_2)
   0.11    2.73 ^ _0752_/Y (sky130_fd_sc_hd__nand2_2)
   0.11    2.83 v _0760_/Y (sky130_fd_sc_hd__o31ai_1)
   0.34    3.17 ^ _0775_/Y (sky130_fd_sc_hd__o31ai_1)
   0.16    3.34 v _0792_/Y (sky130_fd_sc_hd__o32ai_1)
   0.00    3.34 v sum_s2[18]$_SDFF_PN0_/D (sky130_fd_sc_hd__dfxtp_1)
           3.34   data arrival time

  10.00   10.00   clock core_clock (rise edge)
   0.00   10.00   clock network delay (ideal)
   0.00   10.00   clock reconvergence pessimism
          10.00 ^ sum_s2[18]$_SDFF_PN0_/CLK (sky130_fd_sc_hd__dfxtp_1)
  -0.17    9.83   library setup time
           9.83   data required time
---------------------------------------------------------
           9.83   data required time
          -3.34   data arrival time
---------------------------------------------------------
           6.50   slack (MET)



==========================================================================
detailed place report_checks -path_delay min reg to reg
--------------------------------------------------------------------------
Startpoint: valid_s1$_SDFF_PN0_
            (rising edge-triggered flip-flop clocked by core_clock)
Endpoint: valid_s2$_SDFF_PN0_
          (rising edge-triggered flip-flop clocked by core_clock)
Path Group: core_clock
Path Type: min

  Delay    Time   Description
---------------------------------------------------------
   0.00    0.00   clock core_clock (rise edge)
   0.00    0.00   clock network delay (ideal)
   0.00    0.00 ^ valid_s1$_SDFF_PN0_/CLK (sky130_fd_sc_hd__dfxtp_1)
   0.28    0.28 ^ valid_s1$_SDFF_PN0_/Q (sky130_fd_sc_hd__dfxtp_1)
   0.11    0.39 ^ _0934_/X (sky130_fd_sc_hd__and2_0)
   0.00    0.39 ^ valid_s2$_SDFF_PN0_/D (sky130_fd_sc_hd__dfxtp_1)
           0.39   data arrival time

   0.00    0.00   clock core_clock (rise edge)
   0.00    0.00   clock network delay (ideal)
   0.00    0.00   clock reconvergence pessimism
           0.00 ^ valid_s2$_SDFF_PN0_/CLK (sky130_fd_sc_hd__dfxtp_1)
  -0.04   -0.04   library hold time
          -0.04   data required time
---------------------------------------------------------
          -0.04   data required time
          -0.39   data arrival time
---------------------------------------------------------
           0.43   slack (MET)



==========================================================================
detailed place critical path target clock latency max path
--------------------------------------------------------------------------
0.0000

==========================================================================
detailed place critical path target clock latency min path
--------------------------------------------------------------------------
0.0000

==========================================================================
detailed place critical path source clock latency min path
--------------------------------------------------------------------------
0.0000

==========================================================================
detailed place critical path delay
--------------------------------------------------------------------------
3.8709

==========================================================================
detailed place critical path slack
--------------------------------------------------------------------------
5.9854

==========================================================================
detailed place slack div critical path delay
--------------------------------------------------------------------------
154.625539

==========================================================================
detailed place report_power
--------------------------------------------------------------------------
Group                  Internal  Switching    Leakage      Total
                          Power      Power      Power      Power (Watts)
----------------------------------------------------------------
Sequential             4.53e-04   1.22e-05   8.60e-10   4.66e-04  70.4%
Combinational          8.77e-05   1.08e-04   1.86e-09   1.95e-04  29.6%
Clock                  0.00e+00   0.00e+00   0.00e+00   0.00e+00   0.0%
Macro                  0.00e+00   0.00e+00   0.00e+00   0.00e+00   0.0%
Pad                    0.00e+00   0.00e+00   0.00e+00   0.00e+00   0.0%
----------------------------------------------------------------
Total                  5.41e-04   1.20e-04   2.72e-09   6.61e-04 100.0%
                          81.9%      18.1%       0.0%
