
==========================================================================
global place report_tns
--------------------------------------------------------------------------
tns 0.00

==========================================================================
global place report_wns
--------------------------------------------------------------------------
wns 0.00

==========================================================================
global place report_worst_slack
--------------------------------------------------------------------------
worst slack 6.28

==========================================================================
global place report_checks -path_delay min
--------------------------------------------------------------------------
Startpoint: valid_s1$_SDFF_PN0_
            (rising edge-triggered flip-flop clocked by core_clock)
Endpoint: valid_s2$_SDFF_PN0_
          (rising edge-triggered flip-flop clocked by core_clock)
Path Group: core_clock
Path Type: min

Fanout     Cap    Slew   Delay    Time   Description
-----------------------------------------------------------------------------
                  0.00    0.00    0.00   clock core_clock (rise edge)
                          0.00    0.00   clock network delay (ideal)
                  0.00    0.00    0.00 ^ valid_s1$_SDFF_PN0_/CLK (sky130_fd_sc_hd__dfxtp_1)
     1    0.00    0.03    0.28    0.28 ^ valid_s1$_SDFF_PN0_/Q (sky130_fd_sc_hd__dfxtp_1)
                                         valid_s1 (net)
                  0.03    0.00    0.28 ^ _0934_/B (sky130_fd_sc_hd__and2_0)
     1    0.00    0.05    0.10    0.38 ^ _0934_/X (sky130_fd_sc_hd__and2_0)
                                         _0094_ (net)
                  0.05    0.00    0.38 ^ valid_s2$_SDFF_PN0_/D (sky130_fd_sc_hd__dfxtp_1)
                                  0.38   data arrival time

                  0.00    0.00    0.00   clock core_clock (rise edge)
                          0.00    0.00   clock network delay (ideal)
                          0.00    0.00   clock reconvergence pessimism
                                  0.00 ^ valid_s2$_SDFF_PN0_/CLK (sky130_fd_sc_hd__dfxtp_1)
                         -0.04   -0.04   library hold time
                                 -0.04   data required time
-----------------------------------------------------------------------------
                                 -0.04   data required time
                                 -0.38   data arrival time
-----------------------------------------------------------------------------
                                  0.42   slack (MET)



==========================================================================
global place report_checks -path_delay max
--------------------------------------------------------------------------
Startpoint: avg_fidelity_q016[12] (input port clocked by core_clock)
Endpoint: term_f_s1[12]$_SDFF_PN0_
          (rising edge-triggered flip-flop clocked by core_clock)
Path Group: core_clock
Path Type: max

Fanout     Cap    Slew   Delay    Time   Description
-----------------------------------------------------------------------------
                  0.00    0.00    0.00   clock core_clock (rise edge)
                          0.00    0.00   clock network delay (ideal)
                          1.00    1.00 ^ input external delay
     3    0.02    0.00    0.00    1.00 ^ avg_fidelity_q016[12] (in)
                                         avg_fidelity_q016[12] (net)
                  0.00    0.00    1.00 ^ _0986_/A (sky130_fd_sc_hd__ha_1)
     1    0.00    0.06    0.13    1.13 ^ _0986_/COUT (sky130_fd_sc_hd__ha_1)
                                         _0483_ (net)
                  0.06    0.00    1.13 ^ _0548_/D (sky130_fd_sc_hd__nand4_1)
     1    0.01    0.14    0.15    1.28 v _0548_/Y (sky130_fd_sc_hd__nand4_1)
                                         _0095_ (net)
                  0.14    0.00    1.28 v _0550_/A (sky130_fd_sc_hd__nor2_4)
     7    0.03    0.18    0.22    1.51 ^ _0550_/Y (sky130_fd_sc_hd__nor2_4)
                                         _0097_ (net)
                  0.18    0.00    1.51 ^ _0551_/A (sky130_fd_sc_hd__buf_1)
    10    0.04    0.50    0.43    1.93 ^ _0551_/X (sky130_fd_sc_hd__buf_1)
                                         _0098_ (net)
                  0.50    0.00    1.93 ^ _0586_/B (sky130_fd_sc_hd__nor2_1)
     2    0.01    0.13    0.15    2.08 v _0586_/Y (sky130_fd_sc_hd__nor2_1)
                                         _0341_ (net)
                  0.13    0.00    2.08 v _0935_/B (sky130_fd_sc_hd__fa_1)
     2    0.01    0.10    0.45    2.53 v _0935_/COUT (sky130_fd_sc_hd__fa_1)
                                         _0343_ (net)
                  0.10    0.00    2.53 v _0818_/A1 (sky130_fd_sc_hd__a21o_1)
     2    0.01    0.05    0.20    2.73 v _0818_/X (sky130_fd_sc_hd__a21o_1)
                                         _0257_ (net)
                  0.05    0.00    2.73 v _0820_/A3 (sky130_fd_sc_hd__a31oi_2)
     4    0.01    0.25    0.27    3.00 ^ _0820_/Y (sky130_fd_sc_hd__a31oi_2)
                                         _0259_ (net)
                  0.25    0.00    3.00 ^ _0848_/A2 (sky130_fd_sc_hd__o211ai_1)
     2    0.01    0.10    0.14    3.14 v _0848_/Y (sky130_fd_sc_hd__o211ai_1)
                                         _0285_ (net)
                  0.10    0.00    3.14 v _0851_/A2 (sky130_fd_sc_hd__a31oi_1)
     1    0.01    0.19    0.22    3.36 ^ _0851_/Y (sky130_fd_sc_hd__a31oi_1)
                                         _0288_ (net)
                  0.19    0.00    3.36 ^ _0852_/B (sky130_fd_sc_hd__xor2_1)
     1    0.00    0.11    0.16    3.52 ^ _0852_/X (sky130_fd_sc_hd__xor2_1)
                                         _0289_ (net)
                  0.11    0.00    3.52 ^ _0853_/B (sky130_fd_sc_hd__nor2_1)
     1    0.00    0.10    0.05    3.57 v _0853_/Y (sky130_fd_sc_hd__nor2_1)
                                         _0046_ (net)
                  0.10    0.00    3.57 v term_f_s1[12]$_SDFF_PN0_/D (sky130_fd_sc_hd__dfxtp_1)
                                  3.57   data arrival time

                  0.00   10.00   10.00   clock core_clock (rise edge)
                          0.00   10.00   clock network delay (ideal)
                          0.00   10.00   clock reconvergence pessimism
                                 10.00 ^ term_f_s1[12]$_SDFF_PN0_/CLK (sky130_fd_sc_hd__dfxtp_1)
                         -0.15    9.85   library setup time
                                  9.85   data required time
-----------------------------------------------------------------------------
                                  9.85   data required time
                                 -3.57   data arrival time
-----------------------------------------------------------------------------
                                  6.28   slack (MET)



==========================================================================
global place report_checks -unconstrained
--------------------------------------------------------------------------
Startpoint: avg_fidelity_q016[12] (input port clocked by core_clock)
Endpoint: term_f_s1[12]$_SDFF_PN0_
          (rising edge-triggered flip-flop clocked by core_clock)
Path Group: core_clock
Path Type: max

Fanout     Cap    Slew   Delay    Time   Description
-----------------------------------------------------------------------------
                  0.00    0.00    0.00   clock core_clock (rise edge)
                          0.00    0.00   clock network delay (ideal)
                          1.00    1.00 ^ input external delay
     3    0.02    0.00    0.00    1.00 ^ avg_fidelity_q016[12] (in)
                                         avg_fidelity_q016[12] (net)
                  0.00    0.00    1.00 ^ _0986_/A (sky130_fd_sc_hd__ha_1)
     1    0.00    0.06    0.13    1.13 ^ _0986_/COUT (sky130_fd_sc_hd__ha_1)
                                         _0483_ (net)
                  0.06    0.00    1.13 ^ _0548_/D (sky130_fd_sc_hd__nand4_1)
     1    0.01    0.14    0.15    1.28 v _0548_/Y (sky130_fd_sc_hd__nand4_1)
                                         _0095_ (net)
                  0.14    0.00    1.28 v _0550_/A (sky130_fd_sc_hd__nor2_4)
     7    0.03    0.18    0.22    1.51 ^ _0550_/Y (sky130_fd_sc_hd__nor2_4)
                                         _0097_ (net)
                  0.18    0.00    1.51 ^ _0551_/A (sky130_fd_sc_hd__buf_1)
    10    0.04    0.50    0.43    1.93 ^ _0551_/X (sky130_fd_sc_hd__buf_1)
                                         _0098_ (net)
                  0.50    0.00    1.93 ^ _0586_/B (sky130_fd_sc_hd__nor2_1)
     2    0.01    0.13    0.15    2.08 v _0586_/Y (sky130_fd_sc_hd__nor2_1)
                                         _0341_ (net)
                  0.13    0.00    2.08 v _0935_/B (sky130_fd_sc_hd__fa_1)
     2    0.01    0.10    0.45    2.53 v _0935_/COUT (sky130_fd_sc_hd__fa_1)
                                         _0343_ (net)
                  0.10    0.00    2.53 v _0818_/A1 (sky130_fd_sc_hd__a21o_1)
     2    0.01    0.05    0.20    2.73 v _0818_/X (sky130_fd_sc_hd__a21o_1)
                                         _0257_ (net)
                  0.05    0.00    2.73 v _0820_/A3 (sky130_fd_sc_hd__a31oi_2)
     4    0.01    0.25    0.27    3.00 ^ _0820_/Y (sky130_fd_sc_hd__a31oi_2)
                                         _0259_ (net)
                  0.25    0.00    3.00 ^ _0848_/A2 (sky130_fd_sc_hd__o211ai_1)
     2    0.01    0.10    0.14    3.14 v _0848_/Y (sky130_fd_sc_hd__o211ai_1)
                                         _0285_ (net)
                  0.10    0.00    3.14 v _0851_/A2 (sky130_fd_sc_hd__a31oi_1)
     1    0.01    0.19    0.22    3.36 ^ _0851_/Y (sky130_fd_sc_hd__a31oi_1)
                                         _0288_ (net)
                  0.19    0.00    3.36 ^ _0852_/B (sky130_fd_sc_hd__xor2_1)
     1    0.00    0.11    0.16    3.52 ^ _0852_/X (sky130_fd_sc_hd__xor2_1)
                                         _0289_ (net)
                  0.11    0.00    3.52 ^ _0853_/B (sky130_fd_sc_hd__nor2_1)
     1    0.00    0.10    0.05    3.57 v _0853_/Y (sky130_fd_sc_hd__nor2_1)
                                         _0046_ (net)
                  0.10    0.00    3.57 v term_f_s1[12]$_SDFF_PN0_/D (sky130_fd_sc_hd__dfxtp_1)
                                  3.57   data arrival time

                  0.00   10.00   10.00   clock core_clock (rise edge)
                          0.00   10.00   clock network delay (ideal)
                          0.00   10.00   clock reconvergence pessimism
                                 10.00 ^ term_f_s1[12]$_SDFF_PN0_/CLK (sky130_fd_sc_hd__dfxtp_1)
                         -0.15    9.85   library setup time
                                  9.85   data required time
-----------------------------------------------------------------------------
                                  9.85   data required time
                                 -3.57   data arrival time
-----------------------------------------------------------------------------
                                  6.28   slack (MET)



==========================================================================
global place report_power
--------------------------------------------------------------------------
Group                  Internal  Switching    Leakage      Total
                          Power      Power      Power      Power (Watts)
----------------------------------------------------------------
Sequential             4.53e-04   1.24e-05   8.60e-10   4.66e-04  72.8%
Combinational          8.16e-05   9.28e-05   1.68e-09   1.74e-04  27.2%
Clock                  0.00e+00   0.00e+00   0.00e+00   0.00e+00   0.0%
Macro                  0.00e+00   0.00e+00   0.00e+00   0.00e+00   0.0%
Pad                    0.00e+00   0.00e+00   0.00e+00   0.00e+00   0.0%
----------------------------------------------------------------
Total                  5.35e-04   1.05e-04   2.54e-09   6.40e-04 100.0%
                          83.6%      16.4%       0.0%
