
==========================================================================
cts final report_tns
--------------------------------------------------------------------------
tns 0.00

==========================================================================
cts final report_wns
--------------------------------------------------------------------------
wns 0.00

==========================================================================
cts final report_worst_slack
--------------------------------------------------------------------------
worst slack 6.35

==========================================================================
cts final report_clock_skew
--------------------------------------------------------------------------
Clock core_clock
   0.35 source latency term_k_s1[13]$_SDFF_PP0_/CLK ^
  -0.35 target latency sum_s2[13]$_SDFF_PN0_/CLK ^
   0.00 CRPR
--------------
   0.01 setup skew


==========================================================================
cts final report_checks -path_delay min
--------------------------------------------------------------------------
Startpoint: valid_s1$_SDFF_PN0_
            (rising edge-triggered flip-flop clocked by core_clock)
Endpoint: valid_s2$_SDFF_PN0_
          (rising edge-triggered flip-flop clocked by core_clock)
Path Group: core_clock
Path Type: min

Fanout     Cap    Slew   Delay    Time   Description
-----------------------------------------------------------------------------
                          0.00    0.00   clock core_clock (rise edge)
                          0.00    0.00   clock source latency
     1    0.04    0.00    0.00    0.00 ^ clk (in)
                                         clk (net)
                  0.00    0.00    0.00 ^ clkbuf_0_clk/A (sky130_fd_sc_hd__clkbuf_16)
     8    0.10    0.12    0.17    0.17 ^ clkbuf_0_clk/X (sky130_fd_sc_hd__clkbuf_16)
                                         clknet_0_clk (net)
                  0.12    0.00    0.17 ^ clkbuf_3_6__f_clk/A (sky130_fd_sc_hd__clkbuf_16)
    13    0.05    0.07    0.18    0.35 ^ clkbuf_3_6__f_clk/X (sky130_fd_sc_hd__clkbuf_16)
                                         clknet_3_6__leaf_clk (net)
                  0.07    0.00    0.35 ^ valid_s1$_SDFF_PN0_/CLK (sky130_fd_sc_hd__dfxtp_1)
     1    0.00    0.04    0.30    0.65 ^ valid_s1$_SDFF_PN0_/Q (sky130_fd_sc_hd__dfxtp_1)
                                         valid_s1 (net)
                  0.04    0.00    0.65 ^ _0934_/B (sky130_fd_sc_hd__and2_0)
     1    0.00    0.05    0.11    0.76 ^ _0934_/X (sky130_fd_sc_hd__and2_0)
                                         _0094_ (net)
                  0.05    0.00    0.76 ^ valid_s2$_SDFF_PN0_/D (sky130_fd_sc_hd__dfxtp_1)
                                  0.76   data arrival time

                          0.00    0.00   clock core_clock (rise edge)
                          0.00    0.00   clock source latency
     1    0.04    0.00    0.00    0.00 ^ clk (in)
                                         clk (net)
                  0.00    0.00    0.00 ^ clkbuf_0_clk/A (sky130_fd_sc_hd__clkbuf_16)
     8    0.10    0.12    0.17    0.17 ^ clkbuf_0_clk/X (sky130_fd_sc_hd__clkbuf_16)
                                         clknet_0_clk (net)
                  0.12    0.00    0.17 ^ clkbuf_3_6__f_clk/A (sky130_fd_sc_hd__clkbuf_16)
    13    0.05    0.07    0.18    0.35 ^ clkbuf_3_6__f_clk/X (sky130_fd_sc_hd__clkbuf_16)
                                         clknet_3_6__leaf_clk (net)
                  0.07    0.00    0.35 ^ valid_s2$_SDFF_PN0_/CLK (sky130_fd_sc_hd__dfxtp_1)
                          0.00    0.35   clock reconvergence pessimism
                         -0.03    0.32   library hold time
                                  0.32   data required time
-----------------------------------------------------------------------------
                                  0.32   data required time
                                 -0.76   data arrival time
-----------------------------------------------------------------------------
                                  0.44   slack (MET)



==========================================================================
cts final report_checks -path_delay max
--------------------------------------------------------------------------
Startpoint: avg_fidelity_q016[15] (input port clocked by core_clock)
Endpoint: term_f_s1[12]$_SDFF_PN0_
          (rising edge-triggered flip-flop clocked by core_clock)
Path Group: core_clock
Path Type: max

Fanout     Cap    Slew   Delay    Time   Description
-----------------------------------------------------------------------------
                          0.00    0.00   clock core_clock (rise edge)
                          0.00    0.00   clock network delay (propagated)
                          1.00    1.00 ^ input external delay
     1    0.01    0.00    0.00    1.00 ^ avg_fidelity_q016[15] (in)
                                         avg_fidelity_q016[15] (net)
                  0.00    0.00    1.00 ^ input23/A (sky130_fd_sc_hd__buf_1)
     4    0.02    0.29    0.23    1.23 ^ input23/X (sky130_fd_sc_hd__buf_1)
                                         net23 (net)
                  0.29    0.00    1.24 ^ _0991_/B (sky130_fd_sc_hd__ha_1)
     1    0.00    0.05    0.20    1.44 ^ _0991_/COUT (sky130_fd_sc_hd__ha_1)
                                         _0497_ (net)
                  0.05    0.00    1.44 ^ _0548_/C (sky130_fd_sc_hd__nand4_1)
     1    0.01    0.14    0.14    1.58 v _0548_/Y (sky130_fd_sc_hd__nand4_1)
                                         _0095_ (net)
                  0.14    0.00    1.58 v _0550_/A (sky130_fd_sc_hd__nor2_4)
     7    0.03    0.20    0.23    1.81 ^ _0550_/Y (sky130_fd_sc_hd__nor2_4)
                                         _0097_ (net)
                  0.20    0.00    1.81 ^ _0551_/A (sky130_fd_sc_hd__buf_1)
    10    0.05    0.54    0.46    2.27 ^ _0551_/X (sky130_fd_sc_hd__buf_1)
                                         _0098_ (net)
                  0.54    0.00    2.27 ^ _0567_/B (sky130_fd_sc_hd__nor2_2)
     2    0.01    0.11    0.10    2.37 v _0567_/Y (sky130_fd_sc_hd__nor2_2)
                                         _0340_ (net)
                  0.11    0.00    2.37 v _0935_/A (sky130_fd_sc_hd__fa_1)
     2    0.01    0.10    0.48    2.85 v _0935_/COUT (sky130_fd_sc_hd__fa_1)
                                         _0343_ (net)
                  0.10    0.00    2.85 v _0818_/A1 (sky130_fd_sc_hd__a21o_1)
     2    0.01    0.05    0.20    3.04 v _0818_/X (sky130_fd_sc_hd__a21o_1)
                                         _0257_ (net)
                  0.05    0.00    3.04 v _0820_/A3 (sky130_fd_sc_hd__a31oi_2)
     4    0.01    0.24    0.27    3.31 ^ _0820_/Y (sky130_fd_sc_hd__a31oi_2)
                                         _0259_ (net)
                  0.24    0.00    3.31 ^ _0848_/A2 (sky130_fd_sc_hd__o211ai_1)
     2    0.01    0.10    0.14    3.45 v _0848_/Y (sky130_fd_sc_hd__o211ai_1)
                                         _0285_ (net)
                  0.10    0.00    3.45 v _0851_/A2 (sky130_fd_sc_hd__a31oi_1)
     1    0.01    0.17    0.21    3.66 ^ _0851_/Y (sky130_fd_sc_hd__a31oi_1)
                                         _0288_ (net)
                  0.17    0.00    3.66 ^ _0852_/B (sky130_fd_sc_hd__xor2_1)
     1    0.00    0.13    0.17    3.82 ^ _0852_/X (sky130_fd_sc_hd__xor2_1)
                                         _0289_ (net)
                  0.13    0.00    3.82 ^ _0853_/B (sky130_fd_sc_hd__nor2_1)
     1    0.00    0.10    0.05    3.88 v _0853_/Y (sky130_fd_sc_hd__nor2_1)
                                         _0046_ (net)
                  0.10    0.00    3.88 v term_f_s1[12]$_SDFF_PN0_/D (sky130_fd_sc_hd__dfxtp_1)
                                  3.88   data arrival time

                         10.00   10.00   clock core_clock (rise edge)
                          0.00   10.00   clock source latency
     1    0.04    0.00    0.00   10.00 ^ clk (in)
                                         clk (net)
                  0.00    0.00   10.00 ^ clkbuf_0_clk/A (sky130_fd_sc_hd__clkbuf_16)
     8    0.10    0.12    0.17   10.17 ^ clkbuf_0_clk/X (sky130_fd_sc_hd__clkbuf_16)
                                         clknet_0_clk (net)
                  0.12    0.00   10.17 ^ clkbuf_3_4__f_clk/A (sky130_fd_sc_hd__clkbuf_16)
    14    0.05    0.07    0.17   10.35 ^ clkbuf_3_4__f_clk/X (sky130_fd_sc_hd__clkbuf_16)
                                         clknet_3_4__leaf_clk (net)
                  0.07    0.00   10.35 ^ term_f_s1[12]$_SDFF_PN0_/CLK (sky130_fd_sc_hd__dfxtp_1)
                          0.00   10.35   clock reconvergence pessimism
                         -0.13   10.22   library setup time
                                 10.22   data required time
-----------------------------------------------------------------------------
                                 10.22   data required time
                                 -3.88   data arrival time
-----------------------------------------------------------------------------
                                  6.35   slack (MET)



==========================================================================
cts final report_checks -unconstrained
--------------------------------------------------------------------------
Startpoint: avg_fidelity_q016[15] (input port clocked by core_clock)
Endpoint: term_f_s1[12]$_SDFF_PN0_
          (rising edge-triggered flip-flop clocked by core_clock)
Path Group: core_clock
Path Type: max

Fanout     Cap    Slew   Delay    Time   Description
-----------------------------------------------------------------------------
                          0.00    0.00   clock core_clock (rise edge)
                          0.00    0.00   clock network delay (propagated)
                          1.00    1.00 ^ input external delay
     1    0.01    0.00    0.00    1.00 ^ avg_fidelity_q016[15] (in)
                                         avg_fidelity_q016[15] (net)
                  0.00    0.00    1.00 ^ input23/A (sky130_fd_sc_hd__buf_1)
     4    0.02    0.29    0.23    1.23 ^ input23/X (sky130_fd_sc_hd__buf_1)
                                         net23 (net)
                  0.29    0.00    1.24 ^ _0991_/B (sky130_fd_sc_hd__ha_1)
     1    0.00    0.05    0.20    1.44 ^ _0991_/COUT (sky130_fd_sc_hd__ha_1)
                                         _0497_ (net)
                  0.05    0.00    1.44 ^ _0548_/C (sky130_fd_sc_hd__nand4_1)
     1    0.01    0.14    0.14    1.58 v _0548_/Y (sky130_fd_sc_hd__nand4_1)
                                         _0095_ (net)
                  0.14    0.00    1.58 v _0550_/A (sky130_fd_sc_hd__nor2_4)
     7    0.03    0.20    0.23    1.81 ^ _0550_/Y (sky130_fd_sc_hd__nor2_4)
                                         _0097_ (net)
                  0.20    0.00    1.81 ^ _0551_/A (sky130_fd_sc_hd__buf_1)
    10    0.05    0.54    0.46    2.27 ^ _0551_/X (sky130_fd_sc_hd__buf_1)
                                         _0098_ (net)
                  0.54    0.00    2.27 ^ _0567_/B (sky130_fd_sc_hd__nor2_2)
     2    0.01    0.11    0.10    2.37 v _0567_/Y (sky130_fd_sc_hd__nor2_2)
                                         _0340_ (net)
                  0.11    0.00    2.37 v _0935_/A (sky130_fd_sc_hd__fa_1)
     2    0.01    0.10    0.48    2.85 v _0935_/COUT (sky130_fd_sc_hd__fa_1)
                                         _0343_ (net)
                  0.10    0.00    2.85 v _0818_/A1 (sky130_fd_sc_hd__a21o_1)
     2    0.01    0.05    0.20    3.04 v _0818_/X (sky130_fd_sc_hd__a21o_1)
                                         _0257_ (net)
                  0.05    0.00    3.04 v _0820_/A3 (sky130_fd_sc_hd__a31oi_2)
     4    0.01    0.24    0.27    3.31 ^ _0820_/Y (sky130_fd_sc_hd__a31oi_2)
                                         _0259_ (net)
                  0.24    0.00    3.31 ^ _0848_/A2 (sky130_fd_sc_hd__o211ai_1)
     2    0.01    0.10    0.14    3.45 v _0848_/Y (sky130_fd_sc_hd__o211ai_1)
                                         _0285_ (net)
                  0.10    0.00    3.45 v _0851_/A2 (sky130_fd_sc_hd__a31oi_1)
     1    0.01    0.17    0.21    3.66 ^ _0851_/Y (sky130_fd_sc_hd__a31oi_1)
                                         _0288_ (net)
                  0.17    0.00    3.66 ^ _0852_/B (sky130_fd_sc_hd__xor2_1)
     1    0.00    0.13    0.17    3.82 ^ _0852_/X (sky130_fd_sc_hd__xor2_1)
                                         _0289_ (net)
                  0.13    0.00    3.82 ^ _0853_/B (sky130_fd_sc_hd__nor2_1)
     1    0.00    0.10    0.05    3.88 v _0853_/Y (sky130_fd_sc_hd__nor2_1)
                                         _0046_ (net)
                  0.10    0.00    3.88 v term_f_s1[12]$_SDFF_PN0_/D (sky130_fd_sc_hd__dfxtp_1)
                                  3.88   data arrival time

                         10.00   10.00   clock core_clock (rise edge)
                          0.00   10.00   clock source latency
     1    0.04    0.00    0.00   10.00 ^ clk (in)
                                         clk (net)
                  0.00    0.00   10.00 ^ clkbuf_0_clk/A (sky130_fd_sc_hd__clkbuf_16)
     8    0.10    0.12    0.17   10.17 ^ clkbuf_0_clk/X (sky130_fd_sc_hd__clkbuf_16)
                                         clknet_0_clk (net)
                  0.12    0.00   10.17 ^ clkbuf_3_4__f_clk/A (sky130_fd_sc_hd__clkbuf_16)
    14    0.05    0.07    0.17   10.35 ^ clkbuf_3_4__f_clk/X (sky130_fd_sc_hd__clkbuf_16)
                                         clknet_3_4__leaf_clk (net)
                  0.07    0.00   10.35 ^ term_f_s1[12]$_SDFF_PN0_/CLK (sky130_fd_sc_hd__dfxtp_1)
                          0.00   10.35   clock reconvergence pessimism
                         -0.13   10.22   library setup time
                                 10.22   data required time
-----------------------------------------------------------------------------
                                 10.22   data required time
                                 -3.88   data arrival time
-----------------------------------------------------------------------------
                                  6.35   slack (MET)



==========================================================================
cts final report_check_types -max_slew -max_cap -max_fanout -violators
--------------------------------------------------------------------------

==========================================================================
cts final max_slew_check_slack
--------------------------------------------------------------------------
0.7574113011360168

==========================================================================
cts final max_slew_check_limit
--------------------------------------------------------------------------
1.5

==========================================================================
cts final max_slew_check_slack_limit
--------------------------------------------------------------------------
0.5049

==========================================================================
cts final max_fanout_check_slack
--------------------------------------------------------------------------
1.0000000150474662e+30

==========================================================================
cts final max_fanout_check_limit
--------------------------------------------------------------------------
1.0000000150474662e+30

==========================================================================
cts final max_capacitance_check_slack
--------------------------------------------------------------------------
0.02664346434175968

==========================================================================
cts final max_capacitance_check_limit
--------------------------------------------------------------------------
0.02930700220167637

==========================================================================
cts final max_capacitance_check_slack_limit
--------------------------------------------------------------------------
0.9091

==========================================================================
cts final max_slew_violation_count
--------------------------------------------------------------------------
max slew violation count 0

==========================================================================
cts final max_fanout_violation_count
--------------------------------------------------------------------------
max fanout violation count 0

==========================================================================
cts final max_cap_violation_count
--------------------------------------------------------------------------
max cap violation count 0

==========================================================================
cts final setup_violation_count
--------------------------------------------------------------------------
setup violation count 0

==========================================================================
cts final hold_violation_count
--------------------------------------------------------------------------
hold violation count 0

==========================================================================
cts final report_checks -path_delay max reg to reg
--------------------------------------------------------------------------
Startpoint: term_f_s1[2]$_SDFF_PN0_
            (rising edge-triggered flip-flop clocked by core_clock)
Endpoint: sum_s2[18]$_SDFF_PN0_
          (rising edge-triggered flip-flop clocked by core_clock)
Path Group: core_clock
Path Type: max

  Delay    Time   Description
---------------------------------------------------------
   0.00    0.00   clock core_clock (rise edge)
   0.00    0.00   clock source latency
   0.00    0.00 ^ clk (in)
   0.17    0.17 ^ clkbuf_0_clk/X (sky130_fd_sc_hd__clkbuf_16)
   0.18    0.35 ^ clkbuf_3_0__f_clk/X (sky130_fd_sc_hd__clkbuf_16)
   0.00    0.35 ^ term_f_s1[2]$_SDFF_PN0_/CLK (sky130_fd_sc_hd__dfxtp_1)
   0.33    0.68 ^ term_f_s1[2]$_SDFF_PN0_/Q (sky130_fd_sc_hd__dfxtp_1)
   0.10    0.78 v _0556_/Y (sky130_fd_sc_hd__clkinv_1)
   0.51    1.28 v _0941_/SUM (sky130_fd_sc_hd__fa_1)
   0.51    1.80 ^ _0942_/SUM (sky130_fd_sc_hd__fa_1)
   0.04    1.84 v _0602_/Y (sky130_fd_sc_hd__inv_1)
   0.19    2.03 v _1013_/COUT (sky130_fd_sc_hd__ha_2)
   0.45    2.48 v _0943_/COUT (sky130_fd_sc_hd__fa_1)
   0.36    2.84 ^ _0714_/Y (sky130_fd_sc_hd__a211oi_1)
   0.14    2.99 v _0717_/Y (sky130_fd_sc_hd__o21ai_2)
   0.11    3.09 ^ _0752_/Y (sky130_fd_sc_hd__nand2_2)
   0.11    3.20 v _0760_/Y (sky130_fd_sc_hd__o31ai_1)
   0.35    3.55 ^ _0775_/Y (sky130_fd_sc_hd__o31ai_1)
   0.17    3.72 v _0792_/Y (sky130_fd_sc_hd__o32ai_1)
   0.00    3.72 v sum_s2[18]$_SDFF_PN0_/D (sky130_fd_sc_hd__dfxtp_1)
           3.72   data arrival time

  10.00   10.00   clock core_clock (rise edge)
   0.00   10.00   clock source latency
   0.00   10.00 ^ clk (in)
   0.17   10.17 ^ clkbuf_0_clk/X (sky130_fd_sc_hd__clkbuf_16)
   0.18   10.35 ^ clkbuf_3_7__f_clk/X (sky130_fd_sc_hd__clkbuf_16)
   0.00   10.35 ^ sum_s2[18]$_SDFF_PN0_/CLK (sky130_fd_sc_hd__dfxtp_1)
   0.00   10.35   clock reconvergence pessimism
  -0.15   10.20   library setup time
          10.20   data required time
---------------------------------------------------------
          10.20   data required time
          -3.72   data arrival time
---------------------------------------------------------
           6.48   slack (MET)



==========================================================================
cts final report_checks -path_delay min reg to reg
--------------------------------------------------------------------------
Startpoint: valid_s1$_SDFF_PN0_
            (rising edge-triggered flip-flop clocked by core_clock)
Endpoint: valid_s2$_SDFF_PN0_
          (rising edge-triggered flip-flop clocked by core_clock)
Path Group: core_clock
Path Type: min

  Delay    Time   Description
---------------------------------------------------------
   0.00    0.00   clock core_clock (rise edge)
   0.00    0.00   clock source latency
   0.00    0.00 ^ clk (in)
   0.17    0.17 ^ clkbuf_0_clk/X (sky130_fd_sc_hd__clkbuf_16)
   0.18    0.35 ^ clkbuf_3_6__f_clk/X (sky130_fd_sc_hd__clkbuf_16)
   0.00    0.35 ^ valid_s1$_SDFF_PN0_/CLK (sky130_fd_sc_hd__dfxtp_1)
   0.30    0.65 ^ valid_s1$_SDFF_PN0_/Q (sky130_fd_sc_hd__dfxtp_1)
   0.11    0.76 ^ _0934_/X (sky130_fd_sc_hd__and2_0)
   0.00    0.76 ^ valid_s2$_SDFF_PN0_/D (sky130_fd_sc_hd__dfxtp_1)
           0.76   data arrival time

   0.00    0.00   clock core_clock (rise edge)
   0.00    0.00   clock source latency
   0.00    0.00 ^ clk (in)
   0.17    0.17 ^ clkbuf_0_clk/X (sky130_fd_sc_hd__clkbuf_16)
   0.18    0.35 ^ clkbuf_3_6__f_clk/X (sky130_fd_sc_hd__clkbuf_16)
   0.00    0.35 ^ valid_s2$_SDFF_PN0_/CLK (sky130_fd_sc_hd__dfxtp_1)
   0.00    0.35   clock reconvergence pessimism
  -0.03    0.32   library hold time
           0.32   data required time
---------------------------------------------------------
           0.32   data required time
          -0.76   data arrival time
---------------------------------------------------------
           0.44   slack (MET)



==========================================================================
cts final critical path target clock latency max path
--------------------------------------------------------------------------
0.3482

==========================================================================
cts final critical path target clock latency min path
--------------------------------------------------------------------------
0.3453

==========================================================================
cts final critical path source clock latency min path
--------------------------------------------------------------------------
0.0000

==========================================================================
cts final critical path delay
--------------------------------------------------------------------------
3.8751

==========================================================================
cts final critical path slack
--------------------------------------------------------------------------
6.3454

==========================================================================
cts final slack div critical path delay
--------------------------------------------------------------------------
163.748032

==========================================================================
cts final report_power
--------------------------------------------------------------------------
Group                  Internal  Switching    Leakage      Total
                          Power      Power      Power      Power (Watts)
----------------------------------------------------------------
Sequential             4.44e-04   1.23e-05   8.60e-10   4.56e-04  46.2%
Combinational          8.83e-05   1.10e-04   1.86e-09   1.98e-04  20.1%
Clock                  1.71e-04   1.62e-04   1.28e-10   3.32e-04  33.7%
Macro                  0.00e+00   0.00e+00   0.00e+00   0.00e+00   0.0%
Pad                    0.00e+00   0.00e+00   0.00e+00   0.00e+00   0.0%
----------------------------------------------------------------
Total                  7.02e-04   2.84e-04   2.85e-09   9.86e-04 100.0%
                          71.2%      28.8%       0.0%
