
==========================================================================
global route report_tns
--------------------------------------------------------------------------
tns 0.00

==========================================================================
global route report_wns
--------------------------------------------------------------------------
wns 0.00

==========================================================================
global route report_worst_slack
--------------------------------------------------------------------------
worst slack 6.17

==========================================================================
global route report_clock_skew
--------------------------------------------------------------------------
Clock core_clock
   0.36 source latency term_l_s1[11]$_SDFF_PP0_/CLK ^
  -0.35 target latency sum_s2[11]$_SDFF_PN0_/CLK ^
   0.00 CRPR
--------------
   0.01 setup skew


==========================================================================
global route report_checks -path_delay min
--------------------------------------------------------------------------
Startpoint: valid_s1$_SDFF_PN0_
            (rising edge-triggered flip-flop clocked by core_clock)
Endpoint: valid_s2$_SDFF_PN0_
          (rising edge-triggered flip-flop clocked by core_clock)
Path Group: core_clock
Path Type: min

Fanout     Cap    Slew   Delay    Time   Description
-----------------------------------------------------------------------------
                          0.00    0.00   clock core_clock (rise edge)
                          0.00    0.00   clock source latency
     1    0.03    0.00    0.00    0.00 ^ clk (in)
                                         clk (net)
                  0.00    0.00    0.00 ^ clkbuf_0_clk/A (sky130_fd_sc_hd__clkbuf_16)
     8    0.10    0.11    0.17    0.17 ^ clkbuf_0_clk/X (sky130_fd_sc_hd__clkbuf_16)
                                         clknet_0_clk (net)
                  0.11    0.00    0.17 ^ clkbuf_3_6__f_clk/A (sky130_fd_sc_hd__clkbuf_16)
    13    0.06    0.07    0.18    0.35 ^ clkbuf_3_6__f_clk/X (sky130_fd_sc_hd__clkbuf_16)
                                         clknet_3_6__leaf_clk (net)
                  0.07    0.00    0.35 ^ valid_s1$_SDFF_PN0_/CLK (sky130_fd_sc_hd__dfxtp_1)
     1    0.00    0.05    0.32    0.67 ^ valid_s1$_SDFF_PN0_/Q (sky130_fd_sc_hd__dfxtp_1)
                                         valid_s1 (net)
                  0.05    0.00    0.67 ^ _0934_/B (sky130_fd_sc_hd__and2_0)
     1    0.00    0.07    0.13    0.80 ^ _0934_/X (sky130_fd_sc_hd__and2_0)
                                         _0094_ (net)
                  0.07    0.00    0.80 ^ valid_s2$_SDFF_PN0_/D (sky130_fd_sc_hd__dfxtp_1)
                                  0.80   data arrival time

                          0.00    0.00   clock core_clock (rise edge)
                          0.00    0.00   clock source latency
     1    0.03    0.00    0.00    0.00 ^ clk (in)
                                         clk (net)
                  0.00    0.00    0.00 ^ clkbuf_0_clk/A (sky130_fd_sc_hd__clkbuf_16)
     8    0.10    0.11    0.17    0.17 ^ clkbuf_0_clk/X (sky130_fd_sc_hd__clkbuf_16)
                                         clknet_0_clk (net)
                  0.11    0.00    0.17 ^ clkbuf_3_6__f_clk/A (sky130_fd_sc_hd__clkbuf_16)
    13    0.06    0.07    0.18    0.35 ^ clkbuf_3_6__f_clk/X (sky130_fd_sc_hd__clkbuf_16)
                                         clknet_3_6__leaf_clk (net)
                  0.07    0.00    0.35 ^ valid_s2$_SDFF_PN0_/CLK (sky130_fd_sc_hd__dfxtp_1)
                          0.00    0.35   clock reconvergence pessimism
                         -0.03    0.32   library hold time
                                  0.32   data required time
-----------------------------------------------------------------------------
                                  0.32   data required time
                                 -0.80   data arrival time
-----------------------------------------------------------------------------
                                  0.48   slack (MET)



==========================================================================
global route report_checks -path_delay max
--------------------------------------------------------------------------
Startpoint: avg_fidelity_q016[14] (input port clocked by core_clock)
Endpoint: term_f_s1[12]$_SDFF_PN0_
          (rising edge-triggered flip-flop clocked by core_clock)
Path Group: core_clock
Path Type: max

Fanout     Cap    Slew   Delay    Time   Description
-----------------------------------------------------------------------------
                          0.00    0.00   clock core_clock (rise edge)
                          0.00    0.00   clock network delay (propagated)
                          1.00    1.00 ^ input external delay
     1    0.01    0.00    0.00    1.00 ^ avg_fidelity_q016[14] (in)
                                         avg_fidelity_q016[14] (net)
                  0.00    0.00    1.00 ^ input22/A (sky130_fd_sc_hd__buf_1)
     4    0.03    0.30    0.25    1.25 ^ input22/X (sky130_fd_sc_hd__buf_1)
                                         net22 (net)
                  0.30    0.00    1.25 ^ _0991_/A (sky130_fd_sc_hd__ha_1)
     1    0.00    0.06    0.21    1.46 ^ _0991_/COUT (sky130_fd_sc_hd__ha_1)
                                         _0497_ (net)
                  0.06    0.00    1.46 ^ _0548_/C (sky130_fd_sc_hd__nand4_1)
     1    0.01    0.15    0.16    1.61 v _0548_/Y (sky130_fd_sc_hd__nand4_1)
                                         _0095_ (net)
                  0.15    0.00    1.61 v _0550_/A (sky130_fd_sc_hd__nor2_4)
     7    0.03    0.21    0.25    1.86 ^ _0550_/Y (sky130_fd_sc_hd__nor2_4)
                                         _0097_ (net)
                  0.21    0.00    1.86 ^ _0551_/A (sky130_fd_sc_hd__buf_1)
    10    0.05    0.59    0.50    2.36 ^ _0551_/X (sky130_fd_sc_hd__buf_1)
                                         _0098_ (net)
                  0.59    0.00    2.36 ^ _0567_/B (sky130_fd_sc_hd__nor2_2)
     2    0.01    0.12    0.11    2.47 v _0567_/Y (sky130_fd_sc_hd__nor2_2)
                                         _0340_ (net)
                  0.12    0.00    2.47 v _0935_/A (sky130_fd_sc_hd__fa_1)
     2    0.01    0.11    0.49    2.96 v _0935_/COUT (sky130_fd_sc_hd__fa_1)
                                         _0343_ (net)
                  0.11    0.00    2.96 v _0818_/A1 (sky130_fd_sc_hd__a21o_1)
     2    0.01    0.06    0.21    3.17 v _0818_/X (sky130_fd_sc_hd__a21o_1)
                                         _0257_ (net)
                  0.06    0.00    3.17 v _0820_/A3 (sky130_fd_sc_hd__a31oi_2)
     4    0.02    0.25    0.28    3.45 ^ _0820_/Y (sky130_fd_sc_hd__a31oi_2)
                                         _0259_ (net)
                  0.25    0.00    3.45 ^ _0848_/A2 (sky130_fd_sc_hd__o211ai_1)
     2    0.01    0.11    0.15    3.60 v _0848_/Y (sky130_fd_sc_hd__o211ai_1)
                                         _0285_ (net)
                  0.11    0.00    3.60 v _0851_/A2 (sky130_fd_sc_hd__a31oi_1)
     1    0.01    0.17    0.22    3.82 ^ _0851_/Y (sky130_fd_sc_hd__a31oi_1)
                                         _0288_ (net)
                  0.17    0.00    3.82 ^ _0852_/B (sky130_fd_sc_hd__xor2_1)
     1    0.00    0.14    0.18    4.00 ^ _0852_/X (sky130_fd_sc_hd__xor2_1)
                                         _0289_ (net)
                  0.14    0.00    4.00 ^ _0853_/B (sky130_fd_sc_hd__nor2_1)
     1    0.00    0.10    0.05    4.05 v _0853_/Y (sky130_fd_sc_hd__nor2_1)
                                         _0046_ (net)
                  0.10    0.00    4.05 v term_f_s1[12]$_SDFF_PN0_/D (sky130_fd_sc_hd__dfxtp_1)
                                  4.05   data arrival time

                         10.00   10.00   clock core_clock (rise edge)
                          0.00   10.00   clock source latency
     1    0.03    0.00    0.00   10.00 ^ clk (in)
                                         clk (net)
                  0.00    0.00   10.00 ^ clkbuf_0_clk/A (sky130_fd_sc_hd__clkbuf_16)
     8    0.10    0.11    0.17   10.17 ^ clkbuf_0_clk/X (sky130_fd_sc_hd__clkbuf_16)
                                         clknet_0_clk (net)
                  0.11    0.00   10.17 ^ clkbuf_3_4__f_clk/A (sky130_fd_sc_hd__clkbuf_16)
    14    0.06    0.07    0.18   10.35 ^ clkbuf_3_4__f_clk/X (sky130_fd_sc_hd__clkbuf_16)
                                         clknet_3_4__leaf_clk (net)
                  0.07    0.00   10.35 ^ term_f_s1[12]$_SDFF_PN0_/CLK (sky130_fd_sc_hd__dfxtp_1)
                          0.00   10.35   clock reconvergence pessimism
                         -0.13   10.22   library setup time
                                 10.22   data required time
-----------------------------------------------------------------------------
                                 10.22   data required time
                                 -4.05   data arrival time
-----------------------------------------------------------------------------
                                  6.17   slack (MET)



==========================================================================
global route report_checks -unconstrained
--------------------------------------------------------------------------
Startpoint: avg_fidelity_q016[14] (input port clocked by core_clock)
Endpoint: term_f_s1[12]$_SDFF_PN0_
          (rising edge-triggered flip-flop clocked by core_clock)
Path Group: core_clock
Path Type: max

Fanout     Cap    Slew   Delay    Time   Description
-----------------------------------------------------------------------------
                          0.00    0.00   clock core_clock (rise edge)
                          0.00    0.00   clock network delay (propagated)
                          1.00    1.00 ^ input external delay
     1    0.01    0.00    0.00    1.00 ^ avg_fidelity_q016[14] (in)
                                         avg_fidelity_q016[14] (net)
                  0.00    0.00    1.00 ^ input22/A (sky130_fd_sc_hd__buf_1)
     4    0.03    0.30    0.25    1.25 ^ input22/X (sky130_fd_sc_hd__buf_1)
                                         net22 (net)
                  0.30    0.00    1.25 ^ _0991_/A (sky130_fd_sc_hd__ha_1)
     1    0.00    0.06    0.21    1.46 ^ _0991_/COUT (sky130_fd_sc_hd__ha_1)
                                         _0497_ (net)
                  0.06    0.00    1.46 ^ _0548_/C (sky130_fd_sc_hd__nand4_1)
     1    0.01    0.15    0.16    1.61 v _0548_/Y (sky130_fd_sc_hd__nand4_1)
                                         _0095_ (net)
                  0.15    0.00    1.61 v _0550_/A (sky130_fd_sc_hd__nor2_4)
     7    0.03    0.21    0.25    1.86 ^ _0550_/Y (sky130_fd_sc_hd__nor2_4)
                                         _0097_ (net)
                  0.21    0.00    1.86 ^ _0551_/A (sky130_fd_sc_hd__buf_1)
    10    0.05    0.59    0.50    2.36 ^ _0551_/X (sky130_fd_sc_hd__buf_1)
                                         _0098_ (net)
                  0.59    0.00    2.36 ^ _0567_/B (sky130_fd_sc_hd__nor2_2)
     2    0.01    0.12    0.11    2.47 v _0567_/Y (sky130_fd_sc_hd__nor2_2)
                                         _0340_ (net)
                  0.12    0.00    2.47 v _0935_/A (sky130_fd_sc_hd__fa_1)
     2    0.01    0.11    0.49    2.96 v _0935_/COUT (sky130_fd_sc_hd__fa_1)
                                         _0343_ (net)
                  0.11    0.00    2.96 v _0818_/A1 (sky130_fd_sc_hd__a21o_1)
     2    0.01    0.06    0.21    3.17 v _0818_/X (sky130_fd_sc_hd__a21o_1)
                                         _0257_ (net)
                  0.06    0.00    3.17 v _0820_/A3 (sky130_fd_sc_hd__a31oi_2)
     4    0.02    0.25    0.28    3.45 ^ _0820_/Y (sky130_fd_sc_hd__a31oi_2)
                                         _0259_ (net)
                  0.25    0.00    3.45 ^ _0848_/A2 (sky130_fd_sc_hd__o211ai_1)
     2    0.01    0.11    0.15    3.60 v _0848_/Y (sky130_fd_sc_hd__o211ai_1)
                                         _0285_ (net)
                  0.11    0.00    3.60 v _0851_/A2 (sky130_fd_sc_hd__a31oi_1)
     1    0.01    0.17    0.22    3.82 ^ _0851_/Y (sky130_fd_sc_hd__a31oi_1)
                                         _0288_ (net)
                  0.17    0.00    3.82 ^ _0852_/B (sky130_fd_sc_hd__xor2_1)
     1    0.00    0.14    0.18    4.00 ^ _0852_/X (sky130_fd_sc_hd__xor2_1)
                                         _0289_ (net)
                  0.14    0.00    4.00 ^ _0853_/B (sky130_fd_sc_hd__nor2_1)
     1    0.00    0.10    0.05    4.05 v _0853_/Y (sky130_fd_sc_hd__nor2_1)
                                         _0046_ (net)
                  0.10    0.00    4.05 v term_f_s1[12]$_SDFF_PN0_/D (sky130_fd_sc_hd__dfxtp_1)
                                  4.05   data arrival time

                         10.00   10.00   clock core_clock (rise edge)
                          0.00   10.00   clock source latency
     1    0.03    0.00    0.00   10.00 ^ clk (in)
                                         clk (net)
                  0.00    0.00   10.00 ^ clkbuf_0_clk/A (sky130_fd_sc_hd__clkbuf_16)
     8    0.10    0.11    0.17   10.17 ^ clkbuf_0_clk/X (sky130_fd_sc_hd__clkbuf_16)
                                         clknet_0_clk (net)
                  0.11    0.00   10.17 ^ clkbuf_3_4__f_clk/A (sky130_fd_sc_hd__clkbuf_16)
    14    0.06    0.07    0.18   10.35 ^ clkbuf_3_4__f_clk/X (sky130_fd_sc_hd__clkbuf_16)
                                         clknet_3_4__leaf_clk (net)
                  0.07    0.00   10.35 ^ term_f_s1[12]$_SDFF_PN0_/CLK (sky130_fd_sc_hd__dfxtp_1)
                          0.00   10.35   clock reconvergence pessimism
                         -0.13   10.22   library setup time
                                 10.22   data required time
-----------------------------------------------------------------------------
                                 10.22   data required time
                                 -4.05   data arrival time
-----------------------------------------------------------------------------
                                  6.17   slack (MET)



==========================================================================
global route report_check_types -max_slew -max_cap -max_fanout -violators
--------------------------------------------------------------------------

==========================================================================
global route max_slew_check_slack
--------------------------------------------------------------------------
0.7034614682197571

==========================================================================
global route max_slew_check_limit
--------------------------------------------------------------------------
1.5

==========================================================================
global route max_slew_check_slack_limit
--------------------------------------------------------------------------
0.4690

==========================================================================
global route max_fanout_check_slack
--------------------------------------------------------------------------
1.0000000150474662e+30

==========================================================================
global route max_fanout_check_limit
--------------------------------------------------------------------------
1.0000000150474662e+30

==========================================================================
global route max_capacitance_check_slack
--------------------------------------------------------------------------
0.025074288249015808

==========================================================================
global route max_capacitance_check_limit
--------------------------------------------------------------------------
0.02930700220167637

==========================================================================
global route max_capacitance_check_slack_limit
--------------------------------------------------------------------------
0.8556

==========================================================================
global route max_slew_violation_count
--------------------------------------------------------------------------
max slew violation count 0

==========================================================================
global route max_fanout_violation_count
--------------------------------------------------------------------------
max fanout violation count 0

==========================================================================
global route max_cap_violation_count
--------------------------------------------------------------------------
max cap violation count 0

==========================================================================
global route setup_violation_count
--------------------------------------------------------------------------
setup violation count 0

==========================================================================
global route hold_violation_count
--------------------------------------------------------------------------
hold violation count 0

==========================================================================
global route report_checks -path_delay max reg to reg
--------------------------------------------------------------------------
Startpoint: term_f_s1[2]$_SDFF_PN0_
            (rising edge-triggered flip-flop clocked by core_clock)
Endpoint: sum_s2[18]$_SDFF_PN0_
          (rising edge-triggered flip-flop clocked by core_clock)
Path Group: core_clock
Path Type: max

  Delay    Time   Description
---------------------------------------------------------
   0.00    0.00   clock core_clock (rise edge)
   0.00    0.00   clock source latency
   0.00    0.00 ^ clk (in)
   0.17    0.17 ^ clkbuf_0_clk/X (sky130_fd_sc_hd__clkbuf_16)
   0.18    0.35 ^ clkbuf_3_0__f_clk/X (sky130_fd_sc_hd__clkbuf_16)
   0.00    0.35 ^ term_f_s1[2]$_SDFF_PN0_/CLK (sky130_fd_sc_hd__dfxtp_1)
   0.34    0.69 ^ term_f_s1[2]$_SDFF_PN0_/Q (sky130_fd_sc_hd__dfxtp_1)
   0.10    0.79 v _0556_/Y (sky130_fd_sc_hd__clkinv_1)
   0.51    1.30 v _0941_/SUM (sky130_fd_sc_hd__fa_1)
   0.52    1.82 ^ _0942_/SUM (sky130_fd_sc_hd__fa_1)
   0.05    1.87 v _0602_/Y (sky130_fd_sc_hd__inv_1)
   0.20    2.06 v _1013_/COUT (sky130_fd_sc_hd__ha_2)
   0.47    2.53 v _0943_/COUT (sky130_fd_sc_hd__fa_1)
   0.40    2.93 ^ _0714_/Y (sky130_fd_sc_hd__a211oi_1)
   0.16    3.09 v _0717_/Y (sky130_fd_sc_hd__o21ai_2)
   0.11    3.20 ^ _0752_/Y (sky130_fd_sc_hd__nand2_2)
   0.13    3.33 v _0760_/Y (sky130_fd_sc_hd__o31ai_1)
   0.42    3.75 ^ _0775_/Y (sky130_fd_sc_hd__o31ai_1)
   0.19    3.94 v _0792_/Y (sky130_fd_sc_hd__o32ai_1)
   0.00    3.94 v sum_s2[18]$_SDFF_PN0_/D (sky130_fd_sc_hd__dfxtp_1)
           3.94   data arrival time

  10.00   10.00   clock core_clock (rise edge)
   0.00   10.00   clock source latency
   0.00   10.00 ^ clk (in)
   0.17   10.17 ^ clkbuf_0_clk/X (sky130_fd_sc_hd__clkbuf_16)
   0.18   10.35 ^ clkbuf_3_7__f_clk/X (sky130_fd_sc_hd__clkbuf_16)
   0.00   10.35 ^ sum_s2[18]$_SDFF_PN0_/CLK (sky130_fd_sc_hd__dfxtp_1)
   0.00   10.35   clock reconvergence pessimism
  -0.15   10.20   library setup time
          10.20   data required time
---------------------------------------------------------
          10.20   data required time
          -3.94   data arrival time
---------------------------------------------------------
           6.26   slack (MET)



==========================================================================
global route report_checks -path_delay min reg to reg
--------------------------------------------------------------------------
Startpoint: valid_s1$_SDFF_PN0_
            (rising edge-triggered flip-flop clocked by core_clock)
Endpoint: valid_s2$_SDFF_PN0_
          (rising edge-triggered flip-flop clocked by core_clock)
Path Group: core_clock
Path Type: min

  Delay    Time   Description
---------------------------------------------------------
   0.00    0.00   clock core_clock (rise edge)
   0.00    0.00   clock source latency
   0.00    0.00 ^ clk (in)
   0.17    0.17 ^ clkbuf_0_clk/X (sky130_fd_sc_hd__clkbuf_16)
   0.18    0.35 ^ clkbuf_3_6__f_clk/X (sky130_fd_sc_hd__clkbuf_16)
   0.00    0.35 ^ valid_s1$_SDFF_PN0_/CLK (sky130_fd_sc_hd__dfxtp_1)
   0.32    0.67 ^ valid_s1$_SDFF_PN0_/Q (sky130_fd_sc_hd__dfxtp_1)
   0.13    0.80 ^ _0934_/X (sky130_fd_sc_hd__and2_0)
   0.00    0.80 ^ valid_s2$_SDFF_PN0_/D (sky130_fd_sc_hd__dfxtp_1)
           0.80   data arrival time

   0.00    0.00   clock core_clock (rise edge)
   0.00    0.00   clock source latency
   0.00    0.00 ^ clk (in)
   0.17    0.17 ^ clkbuf_0_clk/X (sky130_fd_sc_hd__clkbuf_16)
   0.18    0.35 ^ clkbuf_3_6__f_clk/X (sky130_fd_sc_hd__clkbuf_16)
   0.00    0.35 ^ valid_s2$_SDFF_PN0_/CLK (sky130_fd_sc_hd__dfxtp_1)
   0.00    0.35   clock reconvergence pessimism
  -0.03    0.32   library hold time
           0.32   data required time
---------------------------------------------------------
           0.32   data required time
          -0.80   data arrival time
---------------------------------------------------------
           0.48   slack (MET)



==========================================================================
global route critical path target clock latency max path
--------------------------------------------------------------------------
0.3507

==========================================================================
global route critical path target clock latency min path
--------------------------------------------------------------------------
0.3476

==========================================================================
global route critical path source clock latency min path
--------------------------------------------------------------------------
0.0000

==========================================================================
global route critical path delay
--------------------------------------------------------------------------
4.0547

==========================================================================
global route critical path slack
--------------------------------------------------------------------------
6.1686

==========================================================================
global route slack div critical path delay
--------------------------------------------------------------------------
152.134560

==========================================================================
global route report_power
--------------------------------------------------------------------------
Group                  Internal  Switching    Leakage      Total
                          Power      Power      Power      Power (Watts)
----------------------------------------------------------------
Sequential             4.43e-04   1.48e-05   8.60e-10   4.58e-04  44.5%
Combinational          9.18e-05   1.31e-04   1.86e-09   2.23e-04  21.6%
Clock                  1.71e-04   1.78e-04   1.28e-10   3.49e-04  33.9%
Macro                  0.00e+00   0.00e+00   0.00e+00   0.00e+00   0.0%
Pad                    0.00e+00   0.00e+00   0.00e+00   0.00e+00   0.0%
----------------------------------------------------------------
Total                  7.06e-04   3.24e-04   2.85e-09   1.03e-03 100.0%
                          68.6%      31.4%       0.0%
