
 /----------------------------------------------------------------------------\
 |  yosys -- Yosys Open SYnthesis Suite                                       |
 |  Copyright (C) 2012 - 2025  Claire Xenia Wolf <claire@yosyshq.com>         |
 |  Distributed under an ISC-like license, type "license" to see terms        |
 \----------------------------------------------------------------------------/
 Yosys 0.51 (git sha1 c4b519022, clang++ 18.1.3 -fPIC -O3)

-- Executing script file `asic/skag_weight_kernel/scripts/synth_skag_weight_w1_shiftadd_yosys.ys' --

1. Executing Verilog-2005 frontend: asic/skag_weight_kernel/src/skag_weight_w1_shiftadd.v
Parsing Verilog input from `asic/skag_weight_kernel/src/skag_weight_w1_shiftadd.v' to AST representation.
Generating RTLIL representation for module `\skag_weight_w1_shiftadd'.
Successfully finished Verilog frontend.

2. Executing HIERARCHY pass (managing design hierarchy).

2.1. Analyzing design hierarchy..
Top module:  \skag_weight_w1_shiftadd

2.2. Analyzing design hierarchy..
Top module:  \skag_weight_w1_shiftadd
Removed 0 unused modules.

3. Executing PROC pass (convert processes to netlists).

3.1. Executing PROC_CLEAN pass (remove empty switches from decision trees).
Cleaned up 0 empty switches.

3.2. Executing PROC_RMDEAD pass (remove dead branches from decision trees).
Marked 1 switch rules as full_case in process $proc$asic/skag_weight_kernel/src/skag_weight_w1_shiftadd.v:82$10 in module skag_weight_w1_shiftadd.
Removed a total of 0 dead cases.

3.3. Executing PROC_PRUNE pass (remove redundant assignments in processes).
Removed 8 redundant assignments.
Promoted 0 assignments to connections.

3.4. Executing PROC_INIT pass (extract init attributes).

3.5. Executing PROC_ARST pass (detect async resets in processes).

3.6. Executing PROC_ROM pass (convert switches to ROMs).
Converted 0 switches.
<suppressed ~2 debug messages>

3.7. Executing PROC_MUX pass (convert decision trees to multiplexers).
Creating decoders for process `\skag_weight_w1_shiftadd.$proc$asic/skag_weight_kernel/src/skag_weight_w1_shiftadd.v:82$10'.
     1/9: $0\done[0:0]
     2/9: $0\valid_s2[0:0]
     3/9: $0\sum_s2[33:0]
     4/9: $0\valid_s1[0:0]
     5/9: $0\term_q_s1[31:0]
     6/9: $0\term_l_s1[31:0]
     7/9: $0\term_f_s1[31:0]
     8/9: $0\term_k_s1[31:0]
     9/9: $0\score_q16[31:0]

3.8. Executing PROC_DLATCH pass (convert process syncs to latches).

3.9. Executing PROC_DFF pass (convert process syncs to FFs).
Creating register for signal `\skag_weight_w1_shiftadd.\done' using process `\skag_weight_w1_shiftadd.$proc$asic/skag_weight_kernel/src/skag_weight_w1_shiftadd.v:82$10'.
  created $dff cell `$procdff$45' with positive edge clock.
Creating register for signal `\skag_weight_w1_shiftadd.\score_q16' using process `\skag_weight_w1_shiftadd.$proc$asic/skag_weight_kernel/src/skag_weight_w1_shiftadd.v:82$10'.
  created $dff cell `$procdff$46' with positive edge clock.
Creating register for signal `\skag_weight_w1_shiftadd.\term_k_s1' using process `\skag_weight_w1_shiftadd.$proc$asic/skag_weight_kernel/src/skag_weight_w1_shiftadd.v:82$10'.
  created $dff cell `$procdff$47' with positive edge clock.
Creating register for signal `\skag_weight_w1_shiftadd.\term_f_s1' using process `\skag_weight_w1_shiftadd.$proc$asic/skag_weight_kernel/src/skag_weight_w1_shiftadd.v:82$10'.
  created $dff cell `$procdff$48' with positive edge clock.
Creating register for signal `\skag_weight_w1_shiftadd.\term_l_s1' using process `\skag_weight_w1_shiftadd.$proc$asic/skag_weight_kernel/src/skag_weight_w1_shiftadd.v:82$10'.
  created $dff cell `$procdff$49' with positive edge clock.
Creating register for signal `\skag_weight_w1_shiftadd.\term_q_s1' using process `\skag_weight_w1_shiftadd.$proc$asic/skag_weight_kernel/src/skag_weight_w1_shiftadd.v:82$10'.
  created $dff cell `$procdff$50' with positive edge clock.
Creating register for signal `\skag_weight_w1_shiftadd.\valid_s1' using process `\skag_weight_w1_shiftadd.$proc$asic/skag_weight_kernel/src/skag_weight_w1_shiftadd.v:82$10'.
  created $dff cell `$procdff$51' with positive edge clock.
Creating register for signal `\skag_weight_w1_shiftadd.\sum_s2' using process `\skag_weight_w1_shiftadd.$proc$asic/skag_weight_kernel/src/skag_weight_w1_shiftadd.v:82$10'.
  created $dff cell `$procdff$52' with positive edge clock.
Creating register for signal `\skag_weight_w1_shiftadd.\valid_s2' using process `\skag_weight_w1_shiftadd.$proc$asic/skag_weight_kernel/src/skag_weight_w1_shiftadd.v:82$10'.
  created $dff cell `$procdff$53' with positive edge clock.

3.10. Executing PROC_MEMWR pass (convert process memory writes to cells).

3.11. Executing PROC_CLEAN pass (remove empty switches from decision trees).
Found and cleaned up 2 empty switches in `\skag_weight_w1_shiftadd.$proc$asic/skag_weight_kernel/src/skag_weight_w1_shiftadd.v:82$10'.
Removing empty process `skag_weight_w1_shiftadd.$proc$asic/skag_weight_kernel/src/skag_weight_w1_shiftadd.v:82$10'.
Cleaned up 2 empty switches.

3.12. Executing OPT_EXPR pass (perform const folding).
Optimizing module skag_weight_w1_shiftadd.
<suppressed ~9 debug messages>

4. Executing OPT pass (performing simple optimizations).

4.1. Executing OPT_EXPR pass (perform const folding).
Optimizing module skag_weight_w1_shiftadd.

4.2. Executing OPT_MERGE pass (detect identical cells).
Finding identical cells in module `\skag_weight_w1_shiftadd'.
Removed a total of 0 cells.

4.3. Executing OPT_MUXTREE pass (detect dead branches in mux trees).
Running muxtree optimizer on module \skag_weight_w1_shiftadd..
  Creating internal representation of mux trees.
  Evaluating internal representation of mux trees.
  Analyzing evaluation results.
Removed 0 multiplexer ports.
<suppressed ~10 debug messages>

4.4. Executing OPT_REDUCE pass (consolidate $*mux and $reduce_* inputs).
  Optimizing cells in module \skag_weight_w1_shiftadd.
Performed a total of 0 changes.

4.5. Executing OPT_MERGE pass (detect identical cells).
Finding identical cells in module `\skag_weight_w1_shiftadd'.
Removed a total of 0 cells.

4.6. Executing OPT_DFF pass (perform DFF optimizations).
Adding SRST signal on $procdff$45 ($dff) from module skag_weight_w1_shiftadd (D = \valid_s2, Q = \done, rval = 1'0).
Adding SRST signal on $procdff$46 ($dff) from module skag_weight_w1_shiftadd (D = $procmux$40_Y, Q = \score_q16, rval = 0).
Adding EN signal on $auto$ff.cc:266:slice$55 ($sdff) from module skag_weight_w1_shiftadd (D = \sum_s2 [31:0], Q = \score_q16).
Adding SRST signal on $procdff$47 ($dff) from module skag_weight_w1_shiftadd (D = $sub$asic/skag_weight_kernel/src/skag_weight_w1_shiftadd.v:61$2_Y, Q = \term_k_s1 [15:0], rval = 16'0000000000000000).
Adding SRST signal on $procdff$48 ($dff) from module skag_weight_w1_shiftadd (D = $add$asic/skag_weight_kernel/src/skag_weight_w1_shiftadd.v:103$12_Y, Q = \term_f_s1, rval = 0).
Adding SRST signal on $procdff$49 ($dff) from module skag_weight_w1_shiftadd (D = $sub$asic/skag_weight_kernel/src/skag_weight_w1_shiftadd.v:67$8_Y [15:1], Q = \term_l_s1 [14:0], rval = 15'000000000000000).
Adding SRST signal on $procdff$50 ($dff) from module skag_weight_w1_shiftadd (D = \qber_q016, Q = \term_q_s1 [16:1], rval = 16'0000000000000000).
Adding SRST signal on $procdff$51 ($dff) from module skag_weight_w1_shiftadd (D = \start, Q = \valid_s1, rval = 1'0).
Adding SRST signal on $procdff$52 ($dff) from module skag_weight_w1_shiftadd (D = $add$asic/skag_weight_kernel/src/skag_weight_w1_shiftadd.v:114$15_Y, Q = \sum_s2, rval = 34'0000000000000000000000000000000000).
Adding SRST signal on $procdff$53 ($dff) from module skag_weight_w1_shiftadd (D = \valid_s1, Q = \valid_s2, rval = 1'0).

4.7. Executing OPT_CLEAN pass (remove unused cells and wires).
Finding unused cells or wires in module \skag_weight_w1_shiftadd..
Removed 8 unused cells and 30 unused wires.
<suppressed ~9 debug messages>

4.8. Executing OPT_EXPR pass (perform const folding).
Optimizing module skag_weight_w1_shiftadd.

4.9. Rerunning OPT passes. (Maybe there is more to do..)

4.10. Executing OPT_MUXTREE pass (detect dead branches in mux trees).
Running muxtree optimizer on module \skag_weight_w1_shiftadd..
  Creating internal representation of mux trees.
  Evaluating internal representation of mux trees.
  Analyzing evaluation results.
Removed 0 multiplexer ports.
<suppressed ~4 debug messages>

4.11. Executing OPT_REDUCE pass (consolidate $*mux and $reduce_* inputs).
  Optimizing cells in module \skag_weight_w1_shiftadd.
Performed a total of 0 changes.

4.12. Executing OPT_MERGE pass (detect identical cells).
Finding identical cells in module `\skag_weight_w1_shiftadd'.
<suppressed ~3 debug messages>
Removed a total of 1 cells.

4.13. Executing OPT_DFF pass (perform DFF optimizations).

4.14. Executing OPT_CLEAN pass (remove unused cells and wires).
Finding unused cells or wires in module \skag_weight_w1_shiftadd..
Removed 0 unused cells and 1 unused wires.
<suppressed ~1 debug messages>

4.15. Executing OPT_EXPR pass (perform const folding).
Optimizing module skag_weight_w1_shiftadd.

4.16. Rerunning OPT passes. (Maybe there is more to do..)

4.17. Executing OPT_MUXTREE pass (detect dead branches in mux trees).
Running muxtree optimizer on module \skag_weight_w1_shiftadd..
  Creating internal representation of mux trees.
  Evaluating internal representation of mux trees.
  Analyzing evaluation results.
Removed 0 multiplexer ports.
<suppressed ~4 debug messages>

4.18. Executing OPT_REDUCE pass (consolidate $*mux and $reduce_* inputs).
  Optimizing cells in module \skag_weight_w1_shiftadd.
Performed a total of 0 changes.

4.19. Executing OPT_MERGE pass (detect identical cells).
Finding identical cells in module `\skag_weight_w1_shiftadd'.
Removed a total of 0 cells.

4.20. Executing OPT_DFF pass (perform DFF optimizations).

4.21. Executing OPT_CLEAN pass (remove unused cells and wires).
Finding unused cells or wires in module \skag_weight_w1_shiftadd..

4.22. Executing OPT_EXPR pass (perform const folding).
Optimizing module skag_weight_w1_shiftadd.

4.23. Finished OPT passes. (There is nothing left to do.)

5. Executing MEMORY pass.

5.1. Executing OPT_MEM pass (optimize memories).
Performed a total of 0 transformations.

5.2. Executing OPT_MEM_PRIORITY pass (removing unnecessary memory write priority relations).
Performed a total of 0 transformations.

5.3. Executing OPT_MEM_FEEDBACK pass (finding memory read-to-write feedback paths).

5.4. Executing MEMORY_BMUX2ROM pass (converting muxes to ROMs).

5.5. Executing MEMORY_DFF pass (merging $dff cells to $memrd).

5.6. Executing OPT_CLEAN pass (remove unused cells and wires).
Finding unused cells or wires in module \skag_weight_w1_shiftadd..

5.7. Executing MEMORY_SHARE pass (consolidating $memrd/$memwr cells).

5.8. Executing OPT_MEM_WIDEN pass (optimize memories where all ports are wide).
Performed a total of 0 transformations.

5.9. Executing OPT_CLEAN pass (remove unused cells and wires).
Finding unused cells or wires in module \skag_weight_w1_shiftadd..

5.10. Executing MEMORY_COLLECT pass (generating $mem cells).

5.11. Executing MEMORY_MAP pass (converting memories to logic and flip-flops).

6. Executing OPT pass (performing simple optimizations).

6.1. Executing OPT_EXPR pass (perform const folding).
Optimizing module skag_weight_w1_shiftadd.

6.2. Executing OPT_MERGE pass (detect identical cells).
Finding identical cells in module `\skag_weight_w1_shiftadd'.
Removed a total of 0 cells.

6.3. Executing OPT_MUXTREE pass (detect dead branches in mux trees).
Running muxtree optimizer on module \skag_weight_w1_shiftadd..
  Creating internal representation of mux trees.
  Evaluating internal representation of mux trees.
  Analyzing evaluation results.
Removed 0 multiplexer ports.
<suppressed ~4 debug messages>

6.4. Executing OPT_REDUCE pass (consolidate $*mux and $reduce_* inputs).
  Optimizing cells in module \skag_weight_w1_shiftadd.
Performed a total of 0 changes.

6.5. Executing OPT_MERGE pass (detect identical cells).
Finding identical cells in module `\skag_weight_w1_shiftadd'.
Removed a total of 0 cells.

6.6. Executing OPT_DFF pass (perform DFF optimizations).

6.7. Executing OPT_CLEAN pass (remove unused cells and wires).
Finding unused cells or wires in module \skag_weight_w1_shiftadd..

6.8. Executing OPT_EXPR pass (perform const folding).
Optimizing module skag_weight_w1_shiftadd.

6.9. Finished OPT passes. (There is nothing left to do.)

7. Executing FSM pass (extract and optimize FSM).

7.1. Executing FSM_DETECT pass (finding FSMs in design).

7.2. Executing FSM_EXTRACT pass (extracting FSM from design).

7.3. Executing FSM_OPT pass (simple optimizations of FSMs).

7.4. Executing OPT_CLEAN pass (remove unused cells and wires).
Finding unused cells or wires in module \skag_weight_w1_shiftadd..

7.5. Executing FSM_OPT pass (simple optimizations of FSMs).

7.6. Executing FSM_RECODE pass (re-assigning FSM state encoding).

7.7. Executing FSM_INFO pass (dumping all available information on FSM cells).

7.8. Executing FSM_MAP pass (mapping FSMs to basic logic).

8. Executing OPT pass (performing simple optimizations).

8.1. Executing OPT_EXPR pass (perform const folding).
Optimizing module skag_weight_w1_shiftadd.

8.2. Executing OPT_MERGE pass (detect identical cells).
Finding identical cells in module `\skag_weight_w1_shiftadd'.
Removed a total of 0 cells.

8.3. Executing OPT_MUXTREE pass (detect dead branches in mux trees).
Running muxtree optimizer on module \skag_weight_w1_shiftadd..
  Creating internal representation of mux trees.
  Evaluating internal representation of mux trees.
  Analyzing evaluation results.
Removed 0 multiplexer ports.
<suppressed ~4 debug messages>

8.4. Executing OPT_REDUCE pass (consolidate $*mux and $reduce_* inputs).
  Optimizing cells in module \skag_weight_w1_shiftadd.
Performed a total of 0 changes.

8.5. Executing OPT_MERGE pass (detect identical cells).
Finding identical cells in module `\skag_weight_w1_shiftadd'.
Removed a total of 0 cells.

8.6. Executing OPT_DFF pass (perform DFF optimizations).

8.7. Executing OPT_CLEAN pass (remove unused cells and wires).
Finding unused cells or wires in module \skag_weight_w1_shiftadd..

8.8. Executing OPT_EXPR pass (perform const folding).
Optimizing module skag_weight_w1_shiftadd.

8.9. Finished OPT passes. (There is nothing left to do.)

9. Executing TECHMAP pass (map to technology primitives).

9.1. Executing Verilog-2005 frontend: /home/shahriar-rizvi/Documents/VLSI/tools/OpenROAD-flow-scripts/tools/install/yosys/bin/../share/yosys/techmap.v
Parsing Verilog input from `/home/shahriar-rizvi/Documents/VLSI/tools/OpenROAD-flow-scripts/tools/install/yosys/bin/../share/yosys/techmap.v' to AST representation.
Generating RTLIL representation for module `\_90_simplemap_bool_ops'.
Generating RTLIL representation for module `\_90_simplemap_reduce_ops'.
Generating RTLIL representation for module `\_90_simplemap_logic_ops'.
Generating RTLIL representation for module `\_90_simplemap_compare_ops'.
Generating RTLIL representation for module `\_90_simplemap_various'.
Generating RTLIL representation for module `\_90_simplemap_registers'.
Generating RTLIL representation for module `\_90_shift_ops_shr_shl_sshl_sshr'.
Generating RTLIL representation for module `\_90_shift_shiftx'.
Generating RTLIL representation for module `\_90_fa'.
Generating RTLIL representation for module `\_90_lcu_brent_kung'.
Generating RTLIL representation for module `\_90_alu'.
Generating RTLIL representation for module `\_90_macc'.
Generating RTLIL representation for module `\_90_alumacc'.
Generating RTLIL representation for module `\$__div_mod_u'.
Generating RTLIL representation for module `\$__div_mod_trunc'.
Generating RTLIL representation for module `\_90_div'.
Generating RTLIL representation for module `\_90_mod'.
Generating RTLIL representation for module `\$__div_mod_floor'.
Generating RTLIL representation for module `\_90_divfloor'.
Generating RTLIL representation for module `\_90_modfloor'.
Generating RTLIL representation for module `\_90_pow'.
Generating RTLIL representation for module `\_90_pmux'.
Generating RTLIL representation for module `\_90_demux'.
Generating RTLIL representation for module `\_90_lut'.
Successfully finished Verilog frontend.

9.2. Continuing TECHMAP pass.
Running "alumacc" on wrapper $extern:wrap:$ge:A_SIGNED=0:A_WIDTH=16:B_SIGNED=0:B_WIDTH=16:Y_WIDTH=1:394426c56d1a028ba8fdd5469b163e04011def47.
Using template $extern:wrap:$ge:A_SIGNED=0:A_WIDTH=16:B_SIGNED=0:B_WIDTH=16:Y_WIDTH=1:394426c56d1a028ba8fdd5469b163e04011def47 for cells of type $extern:wrap:$ge:A_SIGNED=0:A_WIDTH=16:B_SIGNED=0:B_WIDTH=16:Y_WIDTH=1:394426c56d1a028ba8fdd5469b163e04011def47.
Running "alumacc" on wrapper $extern:wrap:$sub:A_SIGNED=0:A_WIDTH=16:B_SIGNED=0:B_WIDTH=16:Y_WIDTH=16:394426c56d1a028ba8fdd5469b163e04011def47.
Using template $extern:wrap:$sub:A_SIGNED=0:A_WIDTH=16:B_SIGNED=0:B_WIDTH=16:Y_WIDTH=16:394426c56d1a028ba8fdd5469b163e04011def47 for cells of type $extern:wrap:$sub:A_SIGNED=0:A_WIDTH=16:B_SIGNED=0:B_WIDTH=16:Y_WIDTH=16:394426c56d1a028ba8fdd5469b163e04011def47.
Using extmapper simplemap for cells of type $mux.
Using extmapper simplemap for cells of type $sdff.
Running "alumacc" on wrapper $extern:wrap:$add:A_SIGNED=0:A_WIDTH=32:B_SIGNED=0:B_WIDTH=32:Y_WIDTH=32:394426c56d1a028ba8fdd5469b163e04011def47.
Using template $extern:wrap:$add:A_SIGNED=0:A_WIDTH=32:B_SIGNED=0:B_WIDTH=32:Y_WIDTH=32:394426c56d1a028ba8fdd5469b163e04011def47 for cells of type $extern:wrap:$add:A_SIGNED=0:A_WIDTH=32:B_SIGNED=0:B_WIDTH=32:Y_WIDTH=32:394426c56d1a028ba8fdd5469b163e04011def47.
Running "alumacc" on wrapper $extern:wrap:$add:A_SIGNED=0:A_WIDTH=34:B_SIGNED=0:B_WIDTH=34:Y_WIDTH=34:394426c56d1a028ba8fdd5469b163e04011def47.
Using template $extern:wrap:$add:A_SIGNED=0:A_WIDTH=34:B_SIGNED=0:B_WIDTH=34:Y_WIDTH=34:394426c56d1a028ba8fdd5469b163e04011def47 for cells of type $extern:wrap:$add:A_SIGNED=0:A_WIDTH=34:B_SIGNED=0:B_WIDTH=34:Y_WIDTH=34:394426c56d1a028ba8fdd5469b163e04011def47.
Using extmapper simplemap for cells of type $sdffe.
Using extmapper simplemap for cells of type $not.
Using extmapper simplemap for cells of type $reduce_or.
Using extmapper simplemap for cells of type $dff.
Using extmapper simplemap for cells of type $or.
Using extmapper simplemap for cells of type $reduce_and.
Using template $paramod$6df0329addda9228fcc2546de2aaf14ad26c98e1\_90_alu for cells of type $alu.
Using template $paramod$fbc7873bff55778c0b3173955b7e4bce1d9d6834\_90_alu for cells of type $alu.
Using template $paramod$dbef6e48cd28208af1b77a9bd7dfc80580f16131\_90_alu for cells of type $alu.
Using extmapper simplemap for cells of type $xor.
Using extmapper simplemap for cells of type $and.
Using template $paramod\_90_lcu_brent_kung\WIDTH=32'00000000000000000000000000010000 for cells of type $lcu.
Using extmapper simplemap for cells of type $pos.
Using template $paramod\_90_lcu_brent_kung\WIDTH=32'00000000000000000000000000100000 for cells of type $lcu.
Using template $paramod\_90_lcu_brent_kung\WIDTH=32'00000000000000000000000000100010 for cells of type $lcu.
No more expansions possible.
<suppressed ~1703 debug messages>

10. Executing OPT pass (performing simple optimizations).

10.1. Executing OPT_EXPR pass (perform const folding).
Optimizing module skag_weight_w1_shiftadd.
<suppressed ~897 debug messages>

10.2. Executing OPT_MERGE pass (detect identical cells).
Finding identical cells in module `\skag_weight_w1_shiftadd'.
<suppressed ~819 debug messages>
Removed a total of 273 cells.

10.3. Executing OPT_MUXTREE pass (detect dead branches in mux trees).
Running muxtree optimizer on module \skag_weight_w1_shiftadd..
  Creating internal representation of mux trees.
  No muxes found in this module.
Removed 0 multiplexer ports.

10.4. Executing OPT_REDUCE pass (consolidate $*mux and $reduce_* inputs).
  Optimizing cells in module \skag_weight_w1_shiftadd.
Performed a total of 0 changes.

10.5. Executing OPT_MERGE pass (detect identical cells).
Finding identical cells in module `\skag_weight_w1_shiftadd'.
Removed a total of 0 cells.

10.6. Executing OPT_DFF pass (perform DFF optimizations).
Setting constant 0-bit at position 0 on $auto$ff.cc:266:slice$519 ($_DFF_P_) from module skag_weight_w1_shiftadd.
Setting constant 0-bit at position 0 on $auto$ff.cc:266:slice$398 ($_SDFF_PN0_) from module skag_weight_w1_shiftadd.

10.7. Executing OPT_CLEAN pass (remove unused cells and wires).
Finding unused cells or wires in module \skag_weight_w1_shiftadd..
Removed 292 unused cells and 710 unused wires.
<suppressed ~295 debug messages>

10.8. Executing OPT_EXPR pass (perform const folding).
Optimizing module skag_weight_w1_shiftadd.
<suppressed ~277 debug messages>

10.9. Rerunning OPT passes. (Maybe there is more to do..)

10.10. Executing OPT_MUXTREE pass (detect dead branches in mux trees).
Running muxtree optimizer on module \skag_weight_w1_shiftadd..
  Creating internal representation of mux trees.
  No muxes found in this module.
Removed 0 multiplexer ports.

10.11. Executing OPT_REDUCE pass (consolidate $*mux and $reduce_* inputs).
  Optimizing cells in module \skag_weight_w1_shiftadd.
Performed a total of 0 changes.

10.12. Executing OPT_MERGE pass (detect identical cells).
Finding identical cells in module `\skag_weight_w1_shiftadd'.
<suppressed ~66 debug messages>
Removed a total of 22 cells.

10.13. Executing OPT_DFF pass (perform DFF optimizations).
Setting constant 0-bit at position 0 on $auto$ff.cc:266:slice$462 ($_SDFF_PN0_) from module skag_weight_w1_shiftadd.

10.14. Executing OPT_CLEAN pass (remove unused cells and wires).
Finding unused cells or wires in module \skag_weight_w1_shiftadd..
Removed 1 unused cells and 127 unused wires.
<suppressed ~2 debug messages>

10.15. Executing OPT_EXPR pass (perform const folding).
Optimizing module skag_weight_w1_shiftadd.

10.16. Rerunning OPT passes. (Maybe there is more to do..)

10.17. Executing OPT_MUXTREE pass (detect dead branches in mux trees).
Running muxtree optimizer on module \skag_weight_w1_shiftadd..
  Creating internal representation of mux trees.
  No muxes found in this module.
Removed 0 multiplexer ports.

10.18. Executing OPT_REDUCE pass (consolidate $*mux and $reduce_* inputs).
  Optimizing cells in module \skag_weight_w1_shiftadd.
Performed a total of 0 changes.

10.19. Executing OPT_MERGE pass (detect identical cells).
Finding identical cells in module `\skag_weight_w1_shiftadd'.
Removed a total of 0 cells.

10.20. Executing OPT_DFF pass (perform DFF optimizations).
Setting constant 0-bit at position 0 on $auto$ff.cc:266:slice$361 ($_SDFFE_PN0P_) from module skag_weight_w1_shiftadd.

10.21. Executing OPT_CLEAN pass (remove unused cells and wires).
Finding unused cells or wires in module \skag_weight_w1_shiftadd..

10.22. Executing OPT_EXPR pass (perform const folding).
Optimizing module skag_weight_w1_shiftadd.

10.23. Rerunning OPT passes. (Maybe there is more to do..)

10.24. Executing OPT_MUXTREE pass (detect dead branches in mux trees).
Running muxtree optimizer on module \skag_weight_w1_shiftadd..
  Creating internal representation of mux trees.
  No muxes found in this module.
Removed 0 multiplexer ports.

10.25. Executing OPT_REDUCE pass (consolidate $*mux and $reduce_* inputs).
  Optimizing cells in module \skag_weight_w1_shiftadd.
Performed a total of 0 changes.

10.26. Executing OPT_MERGE pass (detect identical cells).
Finding identical cells in module `\skag_weight_w1_shiftadd'.
Removed a total of 0 cells.

10.27. Executing OPT_DFF pass (perform DFF optimizations).

10.28. Executing OPT_CLEAN pass (remove unused cells and wires).
Finding unused cells or wires in module \skag_weight_w1_shiftadd..

10.29. Executing OPT_EXPR pass (perform const folding).
Optimizing module skag_weight_w1_shiftadd.

10.30. Finished OPT passes. (There is nothing left to do.)

11. Executing ABC pass (technology mapping using ABC).

11.1. Extracting gate netlist of module `\skag_weight_w1_shiftadd' to `<abc-temp-dir>/input.blif'..
Extracted 730 gates and 844 wires to a netlist network with 113 inputs and 69 outputs.

11.1.1. Executing ABC.
Running ABC command: "<yosys-exe-dir>/yosys-abc" -s -f <abc-temp-dir>/abc.script 2>&1
ABC: ABC command line: "source <abc-temp-dir>/abc.script".
ABC: 
ABC: + read_blif <abc-temp-dir>/input.blif 
ABC: + read_library <abc-temp-dir>/stdcells.genlib 
ABC: + strash 
ABC: + &get -n 
ABC: + &fraig -x 
ABC: + &put 
ABC: + scorr 
ABC: Warning: The network is combinational (run "fraig" or "fraig_sweep").
ABC: + dc2 
ABC: + dretime 
ABC: + strash 
ABC: + &get -n 
ABC: + &dch -f 
ABC: + &nf 
ABC: + &put 
ABC: + write_blif <abc-temp-dir>/output.blif 

11.1.2. Re-integrating ABC results.
ABC RESULTS:               AND cells:       69
ABC RESULTS:            ANDNOT cells:       31
ABC RESULTS:               MUX cells:        1
ABC RESULTS:              NAND cells:       91
ABC RESULTS:               NOR cells:       12
ABC RESULTS:               NOT cells:        1
ABC RESULTS:                OR cells:       47
ABC RESULTS:             ORNOT cells:        3
ABC RESULTS:              XNOR cells:       74
ABC RESULTS:               XOR cells:       67
ABC RESULTS:              ZERO cells:        1
ABC RESULTS:        internal signals:      662
ABC RESULTS:           input signals:      113
ABC RESULTS:          output signals:       69
Removing temp directory.
Removed 0 unused cells and 500 unused wires.

12. Printing statistics.

=== skag_weight_w1_shiftadd ===

   Number of wires:                356
   Number of wire bits:            856
   Number of public wires:          18
   Number of public wire bits:     296
   Number of ports:                  9
   Number of port bits:            100
   Number of memories:               0
   Number of memory bits:            0
   Number of processes:              0
   Number of cells:                503
     $_ANDNOT_                      31
     $_AND_                         69
     $_MUX_                          1
     $_NAND_                        91
     $_NOR_                         12
     $_NOT_                          1
     $_ORNOT_                        3
     $_OR_                          47
     $_SDFFE_PN0P_                  20
     $_SDFF_PN0_                    56
     $_SDFF_PP0_                    31
     $_XNOR_                        74
     $_XOR_                         67

13. Executing Verilog backend.

13.1. Executing BMUXMAP pass.

13.2. Executing DEMUXMAP pass.
Dumping module `\skag_weight_w1_shiftadd'.

End of script. Logfile hash: cd6a341306, CPU: user 0.21s system 0.01s, MEM: 25.14 MB peak
Yosys 0.51 (git sha1 c4b519022, clang++ 18.1.3 -fPIC -O3)
Time spent: 29% 1x abc (0 sec), 17% 20x opt_expr (0 sec), ...
