Copyright 1986-2022 Xilinx, Inc. All Rights Reserved. Copyright 2022-2024 Advanced Micro Devices, Inc. All Rights Reserved.
---------------------------------------------------------------------------------------------------------------------------------------------
| Tool Version : Vivado v.2024.2 (lin64) Build 5239630 Fri Nov 08 22:34:34 MST 2024
| Date         : Mon Mar 16 06:35:28 2026
| Host         : Shahriars-Unix running 64-bit Ubuntu 24.04.3 LTS
| Command      : report_drc -file results/phase9h_ooc/qflow_top_tc5_impl_ooc_drc.rpt
| Design       : qflow_top_tc5
| Device       : xc7a200tfbg484-1
| Speed File   : -1
| Design State : Fully Routed
---------------------------------------------------------------------------------------------------------------------------------------------

Report DRC

Table of Contents
-----------------
1. REPORT SUMMARY
2. REPORT DETAILS

1. REPORT SUMMARY
-----------------
            Netlist: netlist
          Floorplan: checkpoint_qflow_top_tc5_impl_ooc_place
      Design limits: <entire design considered>
           Ruledeck: default
             Max checks: <unlimited>
             Checks found: 40
+-----------+----------+-----------------------------------------------------+--------+
| Rule      | Severity | Description                                         | Checks |
+-----------+----------+-----------------------------------------------------+--------+
| CFGBVS-1  | Warning  | Missing CFGBVS and CONFIG_VOLTAGE Design Properties | 1      |
| CHECK-3   | Warning  | Report rule limit reached                           | 1      |
| DPIP-1    | Warning  | Input pipelining                                    | 9      |
| DPOP-1    | Warning  | PREG Output pipelining                              | 4      |
| DPOP-2    | Warning  | MREG Output pipelining                              | 5      |
| REQP-1839 | Warning  | RAMB36 async control check                          | 20     |
+-----------+----------+-----------------------------------------------------+--------+

2. REPORT DETAILS
-----------------
CFGBVS-1#1 Warning
Missing CFGBVS and CONFIG_VOLTAGE Design Properties  
Neither the CFGBVS nor CONFIG_VOLTAGE voltage property is set in the current_design.  Configuration bank voltage select (CFGBVS) must be set to VCCO or GND, and CONFIG_VOLTAGE must be set to the correct configuration voltage, in order to determine the I/O voltage support for the pins in bank 0.  It is suggested to specify these either using the 'Edit Device Properties' function in the GUI or directly in the XDC file using the following syntax:

 set_property CFGBVS value1 [current_design]
 #where value1 is either VCCO or GND

 set_property CONFIG_VOLTAGE value2 [current_design]
 #where value2 is the voltage provided to configuration bank 0

Refer to the device configuration user guide for more information.
Related violations: <none>

CHECK-3#1 Warning
Report rule limit reached  
REQP-1839 rule limit reached: 20 violations have been found.
Related violations: <none>

DPIP-1#1 Warning
Input pipelining  
DSP u_fdpe/s2_interp_w2 input u_fdpe/s2_interp_w2/A[29:0] is not pipelined. Pipelining DSP48 input will improve performance.
Related violations: <none>

DPIP-1#2 Warning
Input pipelining  
DSP u_fdpe/s2_interp_w2 input u_fdpe/s2_interp_w2/B[17:0] is not pipelined. Pipelining DSP48 input will improve performance.
Related violations: <none>

DPIP-1#3 Warning
Input pipelining  
DSP u_fdpe/s2_interp_w2__0 input u_fdpe/s2_interp_w2__0/A[29:0] is not pipelined. Pipelining DSP48 input will improve performance.
Related violations: <none>

DPIP-1#4 Warning
Input pipelining  
DSP u_fdpe/s2_interp_w2__0 input u_fdpe/s2_interp_w2__0/B[17:0] is not pipelined. Pipelining DSP48 input will improve performance.
Related violations: <none>

DPIP-1#5 Warning
Input pipelining  
DSP u_fdpe/s2_prod_w input u_fdpe/s2_prod_w/A[29:0] is not pipelined. Pipelining DSP48 input will improve performance.
Related violations: <none>

DPIP-1#6 Warning
Input pipelining  
DSP u_fdpe/s2_prod_w input u_fdpe/s2_prod_w/B[17:0] is not pipelined. Pipelining DSP48 input will improve performance.
Related violations: <none>

DPIP-1#7 Warning
Input pipelining  
DSP u_fdpe/s3_prod_w input u_fdpe/s3_prod_w/A[29:0] is not pipelined. Pipelining DSP48 input will improve performance.
Related violations: <none>

DPIP-1#8 Warning
Input pipelining  
DSP u_fdpe/s3_prod_w input u_fdpe/s3_prod_w/B[17:0] is not pipelined. Pipelining DSP48 input will improve performance.
Related violations: <none>

DPIP-1#9 Warning
Input pipelining  
DSP u_skag/compute_base5 input u_skag/compute_base5/B[17:0] is not pipelined. Pipelining DSP48 input will improve performance.
Related violations: <none>

DPOP-1#1 Warning
PREG Output pipelining  
DSP u_fdpe/s2_interp_w2 output u_fdpe/s2_interp_w2/P[47:0] is not pipelined (PREG=0). Pipelining the DSP48 output will improve performance and often saves power so it is suggested whenever possible to fully pipeline this function.  If this DSP48 function was inferred, it is suggested to describe an additional register stage after this function.  If the DSP48 was instantiated in the design, it is suggested to set the PREG attribute to 1.
Related violations: <none>

DPOP-1#2 Warning
PREG Output pipelining  
DSP u_fdpe/s2_interp_w2__0 output u_fdpe/s2_interp_w2__0/P[47:0] is not pipelined (PREG=0). Pipelining the DSP48 output will improve performance and often saves power so it is suggested whenever possible to fully pipeline this function.  If this DSP48 function was inferred, it is suggested to describe an additional register stage after this function.  If the DSP48 was instantiated in the design, it is suggested to set the PREG attribute to 1.
Related violations: <none>

DPOP-1#3 Warning
PREG Output pipelining  
DSP u_fdpe/s2_prod_w output u_fdpe/s2_prod_w/P[47:0] is not pipelined (PREG=0). Pipelining the DSP48 output will improve performance and often saves power so it is suggested whenever possible to fully pipeline this function.  If this DSP48 function was inferred, it is suggested to describe an additional register stage after this function.  If the DSP48 was instantiated in the design, it is suggested to set the PREG attribute to 1.
Related violations: <none>

DPOP-1#4 Warning
PREG Output pipelining  
DSP u_skag/compute_base5 output u_skag/compute_base5/P[47:0] is not pipelined (PREG=0). Pipelining the DSP48 output will improve performance and often saves power so it is suggested whenever possible to fully pipeline this function.  If this DSP48 function was inferred, it is suggested to describe an additional register stage after this function.  If the DSP48 was instantiated in the design, it is suggested to set the PREG attribute to 1.
Related violations: <none>

DPOP-2#1 Warning
MREG Output pipelining  
DSP u_fdpe/s2_interp_w2 multiplier stage u_fdpe/s2_interp_w2/P[47:0] is not pipelined (MREG=0). Pipelining the multiplier function will improve performance and will save significant power so it is suggested whenever possible to fully pipeline this function.  If this multiplier was inferred, it is suggested to describe an additional register stage after this function.  If there is no registered adder/accumulator following the multiply function, two pipeline stages are suggested to allow both the MREG and PREG registers to be used.  If the DSP48 was instantiated in the design, it is suggested to set both the MREG and PREG attributes to 1 when performing multiply functions.
Related violations: <none>

DPOP-2#2 Warning
MREG Output pipelining  
DSP u_fdpe/s2_interp_w2__0 multiplier stage u_fdpe/s2_interp_w2__0/P[47:0] is not pipelined (MREG=0). Pipelining the multiplier function will improve performance and will save significant power so it is suggested whenever possible to fully pipeline this function.  If this multiplier was inferred, it is suggested to describe an additional register stage after this function.  If there is no registered adder/accumulator following the multiply function, two pipeline stages are suggested to allow both the MREG and PREG registers to be used.  If the DSP48 was instantiated in the design, it is suggested to set both the MREG and PREG attributes to 1 when performing multiply functions.
Related violations: <none>

DPOP-2#3 Warning
MREG Output pipelining  
DSP u_fdpe/s2_prod_w multiplier stage u_fdpe/s2_prod_w/P[47:0] is not pipelined (MREG=0). Pipelining the multiplier function will improve performance and will save significant power so it is suggested whenever possible to fully pipeline this function.  If this multiplier was inferred, it is suggested to describe an additional register stage after this function.  If there is no registered adder/accumulator following the multiply function, two pipeline stages are suggested to allow both the MREG and PREG registers to be used.  If the DSP48 was instantiated in the design, it is suggested to set both the MREG and PREG attributes to 1 when performing multiply functions.
Related violations: <none>

DPOP-2#4 Warning
MREG Output pipelining  
DSP u_fdpe/s3_prod_w multiplier stage u_fdpe/s3_prod_w/P[47:0] is not pipelined (MREG=0). Pipelining the multiplier function will improve performance and will save significant power so it is suggested whenever possible to fully pipeline this function.  If this multiplier was inferred, it is suggested to describe an additional register stage after this function.  If there is no registered adder/accumulator following the multiply function, two pipeline stages are suggested to allow both the MREG and PREG registers to be used.  If the DSP48 was instantiated in the design, it is suggested to set both the MREG and PREG attributes to 1 when performing multiply functions.
Related violations: <none>

DPOP-2#5 Warning
MREG Output pipelining  
DSP u_skag/compute_base5 multiplier stage u_skag/compute_base5/P[47:0] is not pipelined (MREG=0). Pipelining the multiplier function will improve performance and will save significant power so it is suggested whenever possible to fully pipeline this function.  If this multiplier was inferred, it is suggested to describe an additional register stage after this function.  If there is no registered adder/accumulator following the multiply function, two pipeline stages are suggested to allow both the MREG and PREG registers to be used.  If the DSP48 was instantiated in the design, it is suggested to set both the MREG and PREG attributes to 1 when performing multiply functions.
Related violations: <none>

REQP-1839#1 Warning
RAMB36 async control check  
The RAMB36E1 u_skag/fidelity_mem_xpm/xpm_memory_base_inst/gen_wr_a.gen_word_narrow.mem_reg_0 has an input control pin u_skag/fidelity_mem_xpm/xpm_memory_base_inst/gen_wr_a.gen_word_narrow.mem_reg_0/ADDRARDADDR[12] (net: u_skag/fidelity_mem_xpm/xpm_memory_base_inst/addra[9]) which is driven by a register (u_fdpe/valid_o_reg) that has an active asychronous set or reset. This may cause corruption of the memory contents and/or read values when the set/reset is asserted and is not analyzed by the default static timing analysis. It is suggested to eliminate the use of a set/reset to registers driving this RAMB pin or else use a synchronous reset in which the assertion of the reset is timed by default.
Related violations: <none>

REQP-1839#2 Warning
RAMB36 async control check  
The RAMB36E1 u_skag/fidelity_mem_xpm/xpm_memory_base_inst/gen_wr_a.gen_word_narrow.mem_reg_0 has an input control pin u_skag/fidelity_mem_xpm/xpm_memory_base_inst/gen_wr_a.gen_word_narrow.mem_reg_0/ADDRARDADDR[12] (net: u_skag/fidelity_mem_xpm/xpm_memory_base_inst/addra[9]) which is driven by a register (u_skag/div_active_reg) that has an active asychronous set or reset. This may cause corruption of the memory contents and/or read values when the set/reset is asserted and is not analyzed by the default static timing analysis. It is suggested to eliminate the use of a set/reset to registers driving this RAMB pin or else use a synchronous reset in which the assertion of the reset is timed by default.
Related violations: <none>

REQP-1839#3 Warning
RAMB36 async control check  
The RAMB36E1 u_skag/fidelity_mem_xpm/xpm_memory_base_inst/gen_wr_a.gen_word_narrow.mem_reg_0 has an input control pin u_skag/fidelity_mem_xpm/xpm_memory_base_inst/gen_wr_a.gen_word_narrow.mem_reg_0/ADDRARDADDR[12] (net: u_skag/fidelity_mem_xpm/xpm_memory_base_inst/addra[9]) which is driven by a register (u_skag/fdpe_add_valid_reg) that has an active asychronous set or reset. This may cause corruption of the memory contents and/or read values when the set/reset is asserted and is not analyzed by the default static timing analysis. It is suggested to eliminate the use of a set/reset to registers driving this RAMB pin or else use a synchronous reset in which the assertion of the reset is timed by default.
Related violations: <none>

REQP-1839#4 Warning
RAMB36 async control check  
The RAMB36E1 u_skag/fidelity_mem_xpm/xpm_memory_base_inst/gen_wr_a.gen_word_narrow.mem_reg_0 has an input control pin u_skag/fidelity_mem_xpm/xpm_memory_base_inst/gen_wr_a.gen_word_narrow.mem_reg_0/ADDRARDADDR[12] (net: u_skag/fidelity_mem_xpm/xpm_memory_base_inst/addra[9]) which is driven by a register (u_skag/fdpe_commit_addr_reg[9]) that has an active asychronous set or reset. This may cause corruption of the memory contents and/or read values when the set/reset is asserted and is not analyzed by the default static timing analysis. It is suggested to eliminate the use of a set/reset to registers driving this RAMB pin or else use a synchronous reset in which the assertion of the reset is timed by default.
Related violations: <none>

REQP-1839#5 Warning
RAMB36 async control check  
The RAMB36E1 u_skag/fidelity_mem_xpm/xpm_memory_base_inst/gen_wr_a.gen_word_narrow.mem_reg_0 has an input control pin u_skag/fidelity_mem_xpm/xpm_memory_base_inst/gen_wr_a.gen_word_narrow.mem_reg_0/ADDRARDADDR[13] (net: u_skag/fidelity_mem_xpm/xpm_memory_base_inst/addra[10]) which is driven by a register (u_fdpe/valid_o_reg) that has an active asychronous set or reset. This may cause corruption of the memory contents and/or read values when the set/reset is asserted and is not analyzed by the default static timing analysis. It is suggested to eliminate the use of a set/reset to registers driving this RAMB pin or else use a synchronous reset in which the assertion of the reset is timed by default.
Related violations: <none>

REQP-1839#6 Warning
RAMB36 async control check  
The RAMB36E1 u_skag/fidelity_mem_xpm/xpm_memory_base_inst/gen_wr_a.gen_word_narrow.mem_reg_0 has an input control pin u_skag/fidelity_mem_xpm/xpm_memory_base_inst/gen_wr_a.gen_word_narrow.mem_reg_0/ADDRARDADDR[13] (net: u_skag/fidelity_mem_xpm/xpm_memory_base_inst/addra[10]) which is driven by a register (u_skag/div_active_reg) that has an active asychronous set or reset. This may cause corruption of the memory contents and/or read values when the set/reset is asserted and is not analyzed by the default static timing analysis. It is suggested to eliminate the use of a set/reset to registers driving this RAMB pin or else use a synchronous reset in which the assertion of the reset is timed by default.
Related violations: <none>

REQP-1839#7 Warning
RAMB36 async control check  
The RAMB36E1 u_skag/fidelity_mem_xpm/xpm_memory_base_inst/gen_wr_a.gen_word_narrow.mem_reg_0 has an input control pin u_skag/fidelity_mem_xpm/xpm_memory_base_inst/gen_wr_a.gen_word_narrow.mem_reg_0/ADDRARDADDR[13] (net: u_skag/fidelity_mem_xpm/xpm_memory_base_inst/addra[10]) which is driven by a register (u_skag/fdpe_add_valid_reg) that has an active asychronous set or reset. This may cause corruption of the memory contents and/or read values when the set/reset is asserted and is not analyzed by the default static timing analysis. It is suggested to eliminate the use of a set/reset to registers driving this RAMB pin or else use a synchronous reset in which the assertion of the reset is timed by default.
Related violations: <none>

REQP-1839#8 Warning
RAMB36 async control check  
The RAMB36E1 u_skag/fidelity_mem_xpm/xpm_memory_base_inst/gen_wr_a.gen_word_narrow.mem_reg_0 has an input control pin u_skag/fidelity_mem_xpm/xpm_memory_base_inst/gen_wr_a.gen_word_narrow.mem_reg_0/ADDRARDADDR[13] (net: u_skag/fidelity_mem_xpm/xpm_memory_base_inst/addra[10]) which is driven by a register (u_skag/fdpe_commit_addr_reg[10]) that has an active asychronous set or reset. This may cause corruption of the memory contents and/or read values when the set/reset is asserted and is not analyzed by the default static timing analysis. It is suggested to eliminate the use of a set/reset to registers driving this RAMB pin or else use a synchronous reset in which the assertion of the reset is timed by default.
Related violations: <none>

REQP-1839#9 Warning
RAMB36 async control check  
The RAMB36E1 u_skag/fidelity_mem_xpm/xpm_memory_base_inst/gen_wr_a.gen_word_narrow.mem_reg_0 has an input control pin u_skag/fidelity_mem_xpm/xpm_memory_base_inst/gen_wr_a.gen_word_narrow.mem_reg_0/ADDRARDADDR[13] (net: u_skag/fidelity_mem_xpm/xpm_memory_base_inst/addra[10]) which is driven by a register (u_skag/fdpe_commit_valid_reg) that has an active asychronous set or reset. This may cause corruption of the memory contents and/or read values when the set/reset is asserted and is not analyzed by the default static timing analysis. It is suggested to eliminate the use of a set/reset to registers driving this RAMB pin or else use a synchronous reset in which the assertion of the reset is timed by default.
Related violations: <none>

REQP-1839#10 Warning
RAMB36 async control check  
The RAMB36E1 u_skag/fidelity_mem_xpm/xpm_memory_base_inst/gen_wr_a.gen_word_narrow.mem_reg_0 has an input control pin u_skag/fidelity_mem_xpm/xpm_memory_base_inst/gen_wr_a.gen_word_narrow.mem_reg_0/ADDRARDADDR[13] (net: u_skag/fidelity_mem_xpm/xpm_memory_base_inst/addra[10]) which is driven by a register (u_skag/fdpe_req0_valid_reg) that has an active asychronous set or reset. This may cause corruption of the memory contents and/or read values when the set/reset is asserted and is not analyzed by the default static timing analysis. It is suggested to eliminate the use of a set/reset to registers driving this RAMB pin or else use a synchronous reset in which the assertion of the reset is timed by default.
Related violations: <none>

REQP-1839#11 Warning
RAMB36 async control check  
The RAMB36E1 u_skag/fidelity_mem_xpm/xpm_memory_base_inst/gen_wr_a.gen_word_narrow.mem_reg_0 has an input control pin u_skag/fidelity_mem_xpm/xpm_memory_base_inst/gen_wr_a.gen_word_narrow.mem_reg_0/ADDRARDADDR[13] (net: u_skag/fidelity_mem_xpm/xpm_memory_base_inst/addra[10]) which is driven by a register (u_skag/fdpe_req1_valid_reg) that has an active asychronous set or reset. This may cause corruption of the memory contents and/or read values when the set/reset is asserted and is not analyzed by the default static timing analysis. It is suggested to eliminate the use of a set/reset to registers driving this RAMB pin or else use a synchronous reset in which the assertion of the reset is timed by default.
Related violations: <none>

REQP-1839#12 Warning
RAMB36 async control check  
The RAMB36E1 u_skag/fidelity_mem_xpm/xpm_memory_base_inst/gen_wr_a.gen_word_narrow.mem_reg_0 has an input control pin u_skag/fidelity_mem_xpm/xpm_memory_base_inst/gen_wr_a.gen_word_narrow.mem_reg_0/ADDRARDADDR[13] (net: u_skag/fidelity_mem_xpm/xpm_memory_base_inst/addra[10]) which is driven by a register (u_skag/fdpe_req2_valid_reg) that has an active asychronous set or reset. This may cause corruption of the memory contents and/or read values when the set/reset is asserted and is not analyzed by the default static timing analysis. It is suggested to eliminate the use of a set/reset to registers driving this RAMB pin or else use a synchronous reset in which the assertion of the reset is timed by default.
Related violations: <none>

REQP-1839#13 Warning
RAMB36 async control check  
The RAMB36E1 u_skag/fidelity_mem_xpm/xpm_memory_base_inst/gen_wr_a.gen_word_narrow.mem_reg_0 has an input control pin u_skag/fidelity_mem_xpm/xpm_memory_base_inst/gen_wr_a.gen_word_narrow.mem_reg_0/ADDRARDADDR[14] (net: u_skag/fidelity_mem_xpm/xpm_memory_base_inst/addra[11]) which is driven by a register (u_fdpe/valid_o_reg) that has an active asychronous set or reset. This may cause corruption of the memory contents and/or read values when the set/reset is asserted and is not analyzed by the default static timing analysis. It is suggested to eliminate the use of a set/reset to registers driving this RAMB pin or else use a synchronous reset in which the assertion of the reset is timed by default.
Related violations: <none>

REQP-1839#14 Warning
RAMB36 async control check  
The RAMB36E1 u_skag/fidelity_mem_xpm/xpm_memory_base_inst/gen_wr_a.gen_word_narrow.mem_reg_0 has an input control pin u_skag/fidelity_mem_xpm/xpm_memory_base_inst/gen_wr_a.gen_word_narrow.mem_reg_0/ADDRARDADDR[14] (net: u_skag/fidelity_mem_xpm/xpm_memory_base_inst/addra[11]) which is driven by a register (u_skag/div_active_reg) that has an active asychronous set or reset. This may cause corruption of the memory contents and/or read values when the set/reset is asserted and is not analyzed by the default static timing analysis. It is suggested to eliminate the use of a set/reset to registers driving this RAMB pin or else use a synchronous reset in which the assertion of the reset is timed by default.
Related violations: <none>

REQP-1839#15 Warning
RAMB36 async control check  
The RAMB36E1 u_skag/fidelity_mem_xpm/xpm_memory_base_inst/gen_wr_a.gen_word_narrow.mem_reg_0 has an input control pin u_skag/fidelity_mem_xpm/xpm_memory_base_inst/gen_wr_a.gen_word_narrow.mem_reg_0/ADDRARDADDR[14] (net: u_skag/fidelity_mem_xpm/xpm_memory_base_inst/addra[11]) which is driven by a register (u_skag/fdpe_add_valid_reg) that has an active asychronous set or reset. This may cause corruption of the memory contents and/or read values when the set/reset is asserted and is not analyzed by the default static timing analysis. It is suggested to eliminate the use of a set/reset to registers driving this RAMB pin or else use a synchronous reset in which the assertion of the reset is timed by default.
Related violations: <none>

REQP-1839#16 Warning
RAMB36 async control check  
The RAMB36E1 u_skag/fidelity_mem_xpm/xpm_memory_base_inst/gen_wr_a.gen_word_narrow.mem_reg_0 has an input control pin u_skag/fidelity_mem_xpm/xpm_memory_base_inst/gen_wr_a.gen_word_narrow.mem_reg_0/ADDRARDADDR[14] (net: u_skag/fidelity_mem_xpm/xpm_memory_base_inst/addra[11]) which is driven by a register (u_skag/fdpe_commit_addr_reg[11]) that has an active asychronous set or reset. This may cause corruption of the memory contents and/or read values when the set/reset is asserted and is not analyzed by the default static timing analysis. It is suggested to eliminate the use of a set/reset to registers driving this RAMB pin or else use a synchronous reset in which the assertion of the reset is timed by default.
Related violations: <none>

REQP-1839#17 Warning
RAMB36 async control check  
The RAMB36E1 u_skag/fidelity_mem_xpm/xpm_memory_base_inst/gen_wr_a.gen_word_narrow.mem_reg_0 has an input control pin u_skag/fidelity_mem_xpm/xpm_memory_base_inst/gen_wr_a.gen_word_narrow.mem_reg_0/ADDRARDADDR[14] (net: u_skag/fidelity_mem_xpm/xpm_memory_base_inst/addra[11]) which is driven by a register (u_skag/fdpe_commit_valid_reg) that has an active asychronous set or reset. This may cause corruption of the memory contents and/or read values when the set/reset is asserted and is not analyzed by the default static timing analysis. It is suggested to eliminate the use of a set/reset to registers driving this RAMB pin or else use a synchronous reset in which the assertion of the reset is timed by default.
Related violations: <none>

REQP-1839#18 Warning
RAMB36 async control check  
The RAMB36E1 u_skag/fidelity_mem_xpm/xpm_memory_base_inst/gen_wr_a.gen_word_narrow.mem_reg_0 has an input control pin u_skag/fidelity_mem_xpm/xpm_memory_base_inst/gen_wr_a.gen_word_narrow.mem_reg_0/ADDRARDADDR[14] (net: u_skag/fidelity_mem_xpm/xpm_memory_base_inst/addra[11]) which is driven by a register (u_skag/fdpe_req0_valid_reg) that has an active asychronous set or reset. This may cause corruption of the memory contents and/or read values when the set/reset is asserted and is not analyzed by the default static timing analysis. It is suggested to eliminate the use of a set/reset to registers driving this RAMB pin or else use a synchronous reset in which the assertion of the reset is timed by default.
Related violations: <none>

REQP-1839#19 Warning
RAMB36 async control check  
The RAMB36E1 u_skag/fidelity_mem_xpm/xpm_memory_base_inst/gen_wr_a.gen_word_narrow.mem_reg_0 has an input control pin u_skag/fidelity_mem_xpm/xpm_memory_base_inst/gen_wr_a.gen_word_narrow.mem_reg_0/ADDRARDADDR[14] (net: u_skag/fidelity_mem_xpm/xpm_memory_base_inst/addra[11]) which is driven by a register (u_skag/fdpe_req1_valid_reg) that has an active asychronous set or reset. This may cause corruption of the memory contents and/or read values when the set/reset is asserted and is not analyzed by the default static timing analysis. It is suggested to eliminate the use of a set/reset to registers driving this RAMB pin or else use a synchronous reset in which the assertion of the reset is timed by default.
Related violations: <none>

REQP-1839#20 Warning
RAMB36 async control check  
The RAMB36E1 u_skag/fidelity_mem_xpm/xpm_memory_base_inst/gen_wr_a.gen_word_narrow.mem_reg_0 has an input control pin u_skag/fidelity_mem_xpm/xpm_memory_base_inst/gen_wr_a.gen_word_narrow.mem_reg_0/ADDRARDADDR[14] (net: u_skag/fidelity_mem_xpm/xpm_memory_base_inst/addra[11]) which is driven by a register (u_skag/fdpe_req2_valid_reg) that has an active asychronous set or reset. This may cause corruption of the memory contents and/or read values when the set/reset is asserted and is not analyzed by the default static timing analysis. It is suggested to eliminate the use of a set/reset to registers driving this RAMB pin or else use a synchronous reset in which the assertion of the reset is timed by default.
Related violations: <none>


